/home/user/qubes-template-securedrop-workstation/qubes-builder/qubes-src/builder-debian//update-local-repo.sh bullseye
dpkg-scanpackages: info: Wrote 85 entries to output Packages file.
sudo chroot /home/user/qubes-template-securedrop-workstation/qubes-builder/chroot-vm-bullseye apt-get  update
Get:1 file:/tmp/qubes-deb bullseye InRelease
Ign:1 file:/tmp/qubes-deb bullseye InRelease
Get:2 file:/tmp/qubes-deb bullseye Release [344 B]
Get:2 file:/tmp/qubes-deb bullseye Release [344 B]
Get:3 file:/tmp/qubes-deb bullseye Release.gpg
Ign:3 file:/tmp/qubes-deb bullseye Release.gpg
Get:4 file:/tmp/qubes-deb bullseye/main amd64 Packages [18.1 kB]
Hit:5 https://deb.debian.org/debian bullseye InRelease
Hit:6 https://deb.qubes-os.org/r4.1/vm bullseye InRelease
Reading package lists...
# check for CVE-2016-1252 - directly after debootstrap, still vulnerable
# apt is installed
wc -L "/home/user/qubes-template-securedrop-workstation/qubes-builder/chroot-vm-bullseye/var/lib/apt/lists/"*InRelease | awk '$1 > 1024 {print; exit 1}'
# update the base system inside
sudo chroot /home/user/qubes-template-securedrop-workstation/qubes-builder/chroot-vm-bullseye apt-get  dist-upgrade -y
Reading package lists...
Building dependency tree...
Reading state information...
Calculating upgrade...
0 upgraded, 0 newly installed, 0 to remove and 0 not upgraded.
# install build dependencies
LC_ALL=C sudo chroot /home/user/qubes-template-securedrop-workstation/qubes-builder/chroot-vm-bullseye mk-build-deps -i -r -t "apt-get --no-install-recommends -y" /home/user/qubes-src/app-thunderbird/debian/control
hostname: Name or service not known
dpkg-buildpackage: info: source package qubes-thunderbird-build-deps
dpkg-buildpackage: info: source version 2.0.6-1
dpkg-buildpackage: info: source distribution unstable
dpkg-buildpackage: info: source changed by Equivs Dummy Package Generator <root@>
 dpkg-source --before-build .
dpkg-buildpackage: info: host architecture amd64
 debian/rules clean
dh clean
   dh_clean
 debian/rules binary
dh binary
   dh_update_autotools_config
   dh_autoreconf
   create-stamp debian/debhelper-build-stamp
   dh_prep
   dh_install
   dh_installdocs
   dh_installchangelogs
   dh_perl
   dh_link
   dh_strip_nondeterminism
   dh_compress
   dh_fixperms
   dh_missing
   dh_installdeb
   dh_gencontrol
   dh_md5sums
   dh_builddeb
dpkg-deb: building package 'qubes-thunderbird-build-deps' in '../qubes-thunderbird-build-deps_2.0.6-1_all.deb'.
 dpkg-genbuildinfo --build=binary
 dpkg-genchanges --build=binary >../qubes-thunderbird-build-deps_2.0.6-1_amd64.changes
dpkg-genchanges: info: binary-only upload (no source code included)
 dpkg-source --after-build .
dpkg-buildpackage: info: binary-only upload (no source included)

The package has been created.
Attention, the package has been created in the current directory,
not in ".." as indicated by the message above!
Selecting previously unselected package qubes-thunderbird-build-deps.
(Reading database ... 42722 files and directories currently installed.)
Preparing to unpack qubes-thunderbird-build-deps_2.0.6-1_all.deb ...
Unpacking qubes-thunderbird-build-deps (2.0.6-1) ...
Reading package lists...
Building dependency tree...
Reading state information...
0 upgraded, 0 newly installed, 0 to remove and 0 not upgraded.
1 not fully installed or removed.
After this operation, 0 B of additional disk space will be used.
E: Can not write log (Is /dev/pts mounted?) - posix_openpt (19: No such device)
Setting up qubes-thunderbird-build-deps (2.0.6-1) ...
# Cleanup; delete any old builds, except leave the orig that may have
# been created on copy-in build stage
cd /home/user/qubes-template-securedrop-workstation/qubes-builder/chroot-vm-bullseye//home/user/qubes-src/app-thunderbird/..; GLOBIGNORE=qubes-thunderbird_2.0.6*orig*; rm -f qubes-thunderbird_2.0.6*; GLOBIGNORE=
rm -rf /home/user/qubes-template-securedrop-workstation/qubes-builder/chroot-vm-bullseye//home/user/qubes-src/app-thunderbird/deb/*
rm -rf /home/user/qubes-template-securedrop-workstation/qubes-builder/chroot-vm-bullseye//home/user/qubes-src/app-thunderbird/rpm/*
rm -rf /home/user/qubes-template-securedrop-workstation/qubes-builder/chroot-vm-bullseye//home/user/qubes-src/app-thunderbird/pkgs/*
# break the release build if changelog does not match version file
cd /home/user/qubes-template-securedrop-workstation/qubes-builder/chroot-vm-bullseye//home/user/qubes-src/app-thunderbird/debian/..; /home/user/qubes-template-securedrop-workstation/qubes-builder/qubes-src/builder-debian//scripts/debian-changelog.sh --verify
# Break the hardlink
cp /home/user/qubes-template-securedrop-workstation/qubes-builder/chroot-vm-bullseye//home/user/qubes-src/app-thunderbird/debian/changelog /home/user/qubes-template-securedrop-workstation/qubes-builder/chroot-vm-bullseye//home/user/qubes-src/app-thunderbird/debian/changelog.copy
mv /home/user/qubes-template-securedrop-workstation/qubes-builder/chroot-vm-bullseye//home/user/qubes-src/app-thunderbird/debian/changelog.copy /home/user/qubes-template-securedrop-workstation/qubes-builder/chroot-vm-bullseye//home/user/qubes-src/app-thunderbird/debian/changelog
echo "Building package in /home/user/qubes-src/app-thunderbird"
Building package in /home/user/qubes-src/app-thunderbird
cd /home/user/qubes-template-securedrop-workstation/qubes-builder/chroot-vm-bullseye//home/user/qubes-src/app-thunderbird/debian/..; export LC_ALL=C DEBFULLNAME=Builder DEBEMAIL=user@localhost; \
	debchange -t -l+deb11u "Build for bullseye"; debchange -t --force-distribution -r -D bullseye bullseye
libdistro-info-perl is not installed, Debian release names are not known.
libdistro-info-perl is not installed, Ubuntu release names are not known.
/home/user/qubes-template-securedrop-workstation/qubes-builder/qubes-src/builder-debian//scripts/clamp-changelog-entry-date /home/user/qubes-template-securedrop-workstation/qubes-builder/chroot-vm-bullseye//home/user/qubes-src/app-thunderbird/debian/changelog
find /home/user/qubes-template-securedrop-workstation/qubes-builder/chroot-vm-bullseye//home/user/qubes-src/app-thunderbird \! -newer /home/user/qubes-template-securedrop-workstation/qubes-builder/chroot-vm-bullseye//home/user/qubes-src/app-thunderbird/debian/changelog \
	-exec touch --no-dereference --reference=/home/user/qubes-template-securedrop-workstation/qubes-builder/chroot-vm-bullseye//home/user/qubes-src/app-thunderbird/debian/changelog {} +
sudo BACKEND_VMM=xen  chroot /home/user/qubes-template-securedrop-workstation/qubes-builder/chroot-vm-bullseye su user -c 'cd /home/user/qubes-src/app-thunderbird/debian/..; export LC_ALL=C; dpkg-buildpackage -sa -uc -us'
dpkg-buildpackage: info: source package qubes-thunderbird
dpkg-buildpackage: info: source version 2.0.6-1+deb11u1
dpkg-buildpackage: info: source distribution bullseye
dpkg-buildpackage: info: source changed by Builder <user@localhost>
 dpkg-source --before-build .
dpkg-buildpackage: info: host architecture amd64
dpkg-source: info: using options from app-thunderbird/debian/source/options: --extend-diff-ignore=(^|/)(.git/.*)$ --extend-diff-ignore=(^|/)(deb/.*)$ --extend-diff-ignore=(^|/)(pkgs/.*)$ --extend-diff-ignore=(^|/)(rpm/.*)$
 fakeroot debian/rules clean
dh clean
dh: warning: Compatibility levels before 10 are deprecated (level 9 in use)
   dh_auto_clean
dh_auto_clean: warning: Compatibility levels before 10 are deprecated (level 9 in use)
	make -j1 clean
make[1]: Entering directory '/home/user/qubes-src/app-thunderbird'
rm -f manifest.json
make[1]: Leaving directory '/home/user/qubes-src/app-thunderbird'
   dh_clean
dh_clean: warning: Compatibility levels before 10 are deprecated (level 9 in use)
 dpkg-source -b .
dpkg-source: info: using options from app-thunderbird/debian/source/options: --extend-diff-ignore=(^|/)(.git/.*)$ --extend-diff-ignore=(^|/)(deb/.*)$ --extend-diff-ignore=(^|/)(pkgs/.*)$ --extend-diff-ignore=(^|/)(rpm/.*)$
dpkg-source: info: using source format '3.0 (quilt)'
dpkg-source: info: building qubes-thunderbird using existing ./qubes-thunderbird_2.0.6.orig.tar.xz
dpkg-source: info: building qubes-thunderbird in qubes-thunderbird_2.0.6-1+deb11u1.debian.tar.xz
dpkg-source: info: building qubes-thunderbird in qubes-thunderbird_2.0.6-1+deb11u1.dsc
 debian/rules build
dh build
dh: warning: Compatibility levels before 10 are deprecated (level 9 in use)
   dh_update_autotools_config
   dh_auto_configure
dh_auto_configure: warning: Compatibility levels before 10 are deprecated (level 9 in use)
   debian/rules override_dh_auto_build
make[1]: Entering directory '/home/user/qubes-src/app-thunderbird'
dh_prep
make manifest.json
make[2]: Entering directory '/home/user/qubes-src/app-thunderbird'
sed -e "s,@VERSION,`cat version`," manifest.json.template > manifest.json
make[2]: Leaving directory '/home/user/qubes-src/app-thunderbird'
make[1]: Leaving directory '/home/user/qubes-src/app-thunderbird'
   dh_auto_test
dh_auto_test: warning: Compatibility levels before 10 are deprecated (level 9 in use)
 fakeroot debian/rules binary
dh binary
dh: warning: Compatibility levels before 10 are deprecated (level 9 in use)
   dh_testroot
   debian/rules override_dh_auto_install
make[1]: Entering directory '/home/user/qubes-src/app-thunderbird'
make install-vm
make[2]: Entering directory '/home/user/qubes-src/app-thunderbird'
install -d /home/user/qubes-src/app-thunderbird/debian/qubes-thunderbird//usr/lib/mozilla/extensions/{3550f703-e582-4d05-9a08-453d09bdfdc6}/qubes-attachment@qubes-os.org
install -m 0644 -t /home/user/qubes-src/app-thunderbird/debian/qubes-thunderbird//usr/lib/mozilla/extensions/{3550f703-e582-4d05-9a08-453d09bdfdc6}/qubes-attachment@qubes-os.org \
	chrome.manifest \
	manifest.json
install -d /home/user/qubes-src/app-thunderbird/debian/qubes-thunderbird//usr/lib/mozilla/extensions/{3550f703-e582-4d05-9a08-453d09bdfdc6}/qubes-attachment@qubes-os.org/chrome/locale/en-US
install -m 0644 -t /home/user/qubes-src/app-thunderbird/debian/qubes-thunderbird//usr/lib/mozilla/extensions/{3550f703-e582-4d05-9a08-453d09bdfdc6}/qubes-attachment@qubes-os.org/chrome/locale/en-US \
	chrome/locale/en-US/qubesattachment.dtd
install -d /home/user/qubes-src/app-thunderbird/debian/qubes-thunderbird//usr/lib/mozilla/extensions/{3550f703-e582-4d05-9a08-453d09bdfdc6}/qubes-attachment@qubes-os.org/chrome/content
install -m 0644 -t /home/user/qubes-src/app-thunderbird/debian/qubes-thunderbird//usr/lib/mozilla/extensions/{3550f703-e582-4d05-9a08-453d09bdfdc6}/qubes-attachment@qubes-os.org/chrome/content \
	chrome/content/options.xul \
	chrome/content/qubesattachment.js \
	chrome/content/messenger.xul \
	chrome/content/preferences.js
install -d /home/user/qubes-src/app-thunderbird/debian/qubes-thunderbird//usr/lib/mozilla/extensions/{3550f703-e582-4d05-9a08-453d09bdfdc6}/qubes-attachment@qubes-os.org/chrome/skin
install -m 0644 -t /home/user/qubes-src/app-thunderbird/debian/qubes-thunderbird//usr/lib/mozilla/extensions/{3550f703-e582-4d05-9a08-453d09bdfdc6}/qubes-attachment@qubes-os.org/chrome/skin \
	chrome/skin/qubesattachment.css
install -d /home/user/qubes-src/app-thunderbird/debian/qubes-thunderbird//usr/lib/mozilla/extensions/{3550f703-e582-4d05-9a08-453d09bdfdc6}/qubes-attachment@qubes-os.org/defaults/preferences
install -m 0644 -t /home/user/qubes-src/app-thunderbird/debian/qubes-thunderbird//usr/lib/mozilla/extensions/{3550f703-e582-4d05-9a08-453d09bdfdc6}/qubes-attachment@qubes-os.org/defaults/preferences \
	defaults/preferences/prefs.js
make[2]: Leaving directory '/home/user/qubes-src/app-thunderbird'
make[1]: Leaving directory '/home/user/qubes-src/app-thunderbird'
   dh_installdocs
dh_installdocs: warning: Compatibility levels before 10 are deprecated (level 9 in use)
   dh_installchangelogs
dh_installchangelogs: warning: Compatibility levels before 10 are deprecated (level 9 in use)
   dh_perl
   dh_link
   dh_strip_nondeterminism
   dh_compress
dh_compress: warning: Compatibility levels before 10 are deprecated (level 9 in use)
   dh_fixperms
   dh_missing
dh_missing: warning: Compatibility levels before 10 are deprecated (level 9 in use)
   dh_strip
dh_strip: warning: Compatibility levels before 10 are deprecated (level 9 in use)
   dh_makeshlibs
   dh_shlibdeps
dh_shlibdeps: warning: Compatibility levels before 10 are deprecated (level 9 in use)
   dh_installdeb
dh_installdeb: warning: Compatibility levels before 10 are deprecated (level 9 in use)
   dh_gencontrol
   dh_md5sums
   dh_builddeb
dpkg-deb: building package 'qubes-thunderbird' in '../qubes-thunderbird_2.0.6-1+deb11u1_amd64.deb'.
 dpkg-genbuildinfo
 dpkg-genchanges -sa >../qubes-thunderbird_2.0.6-1+deb11u1_amd64.changes
dpkg-genchanges: info: including full source code in upload
 dpkg-source --after-build .
dpkg-source: info: using options from app-thunderbird/debian/source/options: --extend-diff-ignore=(^|/)(.git/.*)$ --extend-diff-ignore=(^|/)(deb/.*)$ --extend-diff-ignore=(^|/)(pkgs/.*)$ --extend-diff-ignore=(^|/)(rpm/.*)$
dpkg-buildpackage: info: full upload (original source is included)
mkdir -p /home/user/qubes-template-securedrop-workstation/qubes-builder/qubes-packages-mirror-repo/vm-bullseye/deb
mkdir -p qubes-src/app-thunderbird/pkgs/vm-bullseye
cd /home/user/qubes-template-securedrop-workstation/qubes-builder/chroot-vm-bullseye//home/user/qubes-src/app-thunderbird/debian/../..; \
	cp -t /home/user/qubes-template-securedrop-workstation/qubes-builder/qubes-packages-mirror-repo/vm-bullseye/deb `awk 'section == "Files:" { print $5 } /^[A-Z].*.$/ { section=$1 }' qubes-thunderbird_2.0.6*.changes`
cp -t /home/user/qubes-template-securedrop-workstation/qubes-builder/qubes-packages-mirror-repo/vm-bullseye/deb/ /home/user/qubes-template-securedrop-workstation/qubes-builder/chroot-vm-bullseye//home/user/qubes-src/app-thunderbird/debian/../../qubes-thunderbird_2.0.6*.changes
cd /home/user/qubes-template-securedrop-workstation/qubes-builder/chroot-vm-bullseye//home/user/qubes-src/app-thunderbird/debian/../..; \
	mv -t /home/user/qubes-template-securedrop-workstation/qubes-builder/qubes-src/app-thunderbird/pkgs/vm-bullseye  `awk 'section == "Files:" { print $5 } /^[A-Z].*.$/ { section=$1 }' qubes-thunderbird_2.0.6*.changes`
mv -t /home/user/qubes-template-securedrop-workstation/qubes-builder/qubes-src/app-thunderbird/pkgs/vm-bullseye /home/user/qubes-template-securedrop-workstation/qubes-builder/chroot-vm-bullseye//home/user/qubes-src/app-thunderbird/debian/../../qubes-thunderbird_2.0.6*.changes
