/home/user/qubes-template-securedrop-workstation/qubes-builder/qubes-src/builder-debian//update-local-repo.sh buster
dpkg-scanpackages: info: Wrote 68 entries to output Packages file.
sudo chroot /home/user/qubes-template-securedrop-workstation/qubes-builder/chroot-vm-buster apt-get  update
Get:1 file:/tmp/qubes-deb buster InRelease
Ign:1 file:/tmp/qubes-deb buster InRelease
Get:2 file:/tmp/qubes-deb buster Release [340 B]
Get:2 file:/tmp/qubes-deb buster Release [340 B]
Get:3 file:/tmp/qubes-deb buster Release.gpg
Ign:3 file:/tmp/qubes-deb buster Release.gpg
Get:4 file:/tmp/qubes-deb buster/main amd64 Packages [14.0 kB]
Hit:5 https://deb.debian.org/debian buster InRelease
Hit:6 https://deb.qubes-os.org/r4.0/vm buster InRelease
Reading package lists...
# check for CVE-2016-1252 - directly after debootstrap, still vulnerable
# apt is installed
wc -L "/home/user/qubes-template-securedrop-workstation/qubes-builder/chroot-vm-buster/var/lib/apt/lists/"*InRelease | awk '$1 > 1024 {print; exit 1}'
# update the base system inside
sudo chroot /home/user/qubes-template-securedrop-workstation/qubes-builder/chroot-vm-buster apt-get  dist-upgrade -y
Reading package lists...
Building dependency tree...
Reading state information...
Calculating upgrade...
0 upgraded, 0 newly installed, 0 to remove and 0 not upgraded.
# install build dependencies
LC_ALL=C sudo chroot /home/user/qubes-template-securedrop-workstation/qubes-builder/chroot-vm-buster mk-build-deps -i -r -t "apt-get --no-install-recommends -y" /home/user/qubes-src/mgmt-salt-base/debian/control
dh_testdir
dh_testroot
dh_prep
dh_testdir
dh_testroot
dh_install
dh_installdocs
dh_installchangelogs
dh_compress
dh_fixperms
dh_installdeb
dh_gencontrol
dh_md5sums
dh_builddeb
dpkg-deb: building package 'qubes-mgmt-salt-base-build-deps' in '../qubes-mgmt-salt-base-build-deps_4.0.4-1_all.deb'.

The package has been created.
Attention, the package has been created in the current directory,
not in ".." as indicated by the message above!
Selecting previously unselected package qubes-mgmt-salt-base-build-deps.
(Reading database ... 42124 files and directories currently installed.)
Preparing to unpack qubes-mgmt-salt-base-build-deps_4.0.4-1_all.deb ...
Unpacking qubes-mgmt-salt-base-build-deps (4.0.4-1) ...
Reading package lists...
Building dependency tree...
Reading state information...
0 upgraded, 0 newly installed, 0 to remove and 0 not upgraded.
1 not fully installed or removed.
After this operation, 0 B of additional disk space will be used.
E: Can not write log (Is /dev/pts mounted?) - posix_openpt (19: No such device)
Setting up qubes-mgmt-salt-base-build-deps (4.0.4-1) ...
# Cleanup; delete any old builds, except leave the orig that may have
# been created on copy-in build stage
cd /home/user/qubes-template-securedrop-workstation/qubes-builder/chroot-vm-buster//home/user/qubes-src/mgmt-salt-base/..; GLOBIGNORE=qubes-mgmt-salt-base_4.0.4*orig*; rm -f qubes-mgmt-salt-base_4.0.4*; GLOBIGNORE=
rm -rf /home/user/qubes-template-securedrop-workstation/qubes-builder/chroot-vm-buster//home/user/qubes-src/mgmt-salt-base/deb/*
rm -rf /home/user/qubes-template-securedrop-workstation/qubes-builder/chroot-vm-buster//home/user/qubes-src/mgmt-salt-base/rpm/*
rm -rf /home/user/qubes-template-securedrop-workstation/qubes-builder/chroot-vm-buster//home/user/qubes-src/mgmt-salt-base/pkgs/*
# break the release build if changelog does not match version file
cd /home/user/qubes-template-securedrop-workstation/qubes-builder/chroot-vm-buster//home/user/qubes-src/mgmt-salt-base/debian/..; /home/user/qubes-template-securedrop-workstation/qubes-builder/qubes-src/builder-debian//scripts/debian-changelog.sh --verify
# Break the hardlink
cp /home/user/qubes-template-securedrop-workstation/qubes-builder/chroot-vm-buster//home/user/qubes-src/mgmt-salt-base/debian/changelog /home/user/qubes-template-securedrop-workstation/qubes-builder/chroot-vm-buster//home/user/qubes-src/mgmt-salt-base/debian/changelog.copy
mv /home/user/qubes-template-securedrop-workstation/qubes-builder/chroot-vm-buster//home/user/qubes-src/mgmt-salt-base/debian/changelog.copy /home/user/qubes-template-securedrop-workstation/qubes-builder/chroot-vm-buster//home/user/qubes-src/mgmt-salt-base/debian/changelog
echo "Building package in /home/user/qubes-src/mgmt-salt-base"
Building package in /home/user/qubes-src/mgmt-salt-base
cd /home/user/qubes-template-securedrop-workstation/qubes-builder/chroot-vm-buster//home/user/qubes-src/mgmt-salt-base/debian/..; export LC_ALL=C DEBFULLNAME=Builder DEBEMAIL=user@localhost; \
	debchange -t -l+deb10u "Build for buster"; debchange -t --force-distribution -r -D buster buster
libdistro-info-perl is not installed, Debian release names are not known.
libdistro-info-perl is not installed, Ubuntu release names are not known.
/home/user/qubes-template-securedrop-workstation/qubes-builder/qubes-src/builder-debian//scripts/clamp-changelog-entry-date /home/user/qubes-template-securedrop-workstation/qubes-builder/chroot-vm-buster//home/user/qubes-src/mgmt-salt-base/debian/changelog
find /home/user/qubes-template-securedrop-workstation/qubes-builder/chroot-vm-buster//home/user/qubes-src/mgmt-salt-base \! -newer /home/user/qubes-template-securedrop-workstation/qubes-builder/chroot-vm-buster//home/user/qubes-src/mgmt-salt-base/debian/changelog \
	-exec touch --no-dereference --reference=/home/user/qubes-template-securedrop-workstation/qubes-builder/chroot-vm-buster//home/user/qubes-src/mgmt-salt-base/debian/changelog {} +
sudo BACKEND_VMM=xen  chroot /home/user/qubes-template-securedrop-workstation/qubes-builder/chroot-vm-buster su user -c 'cd /home/user/qubes-src/mgmt-salt-base/debian/..; export LC_ALL=C; dpkg-buildpackage -sa -uc -us'
dpkg-buildpackage: info: source package qubes-mgmt-salt-base
dpkg-buildpackage: info: source version 4.0.4-1+deb10u1
dpkg-buildpackage: info: source distribution buster
dpkg-buildpackage: info: source changed by Builder <user@localhost>
 dpkg-source --before-build .
dpkg-buildpackage: info: host architecture amd64
dpkg-source: info: using options from mgmt-salt-base/debian/source/options: --extend-diff-ignore=(^|/)(.git/.*)$ --extend-diff-ignore=(^|/)(pkgs/.*)$ --extend-diff-ignore=(^|/)(rpm_spec/.*)$ --extend-diff-ignore=(^|/)(debian.*)$ --extend-diff-ignore=(^|/)(.*[.]vm)(/.*|)$ --extend-diff-ignore=(^|/)(.*[.]dom0)(/.*|)$
 fakeroot debian/rules clean
dh clean
   dh_auto_clean
   dh_clean
 dpkg-source -b .
dpkg-source: info: using options from mgmt-salt-base/debian/source/options: --extend-diff-ignore=(^|/)(.git/.*)$ --extend-diff-ignore=(^|/)(pkgs/.*)$ --extend-diff-ignore=(^|/)(rpm_spec/.*)$ --extend-diff-ignore=(^|/)(debian.*)$ --extend-diff-ignore=(^|/)(.*[.]vm)(/.*|)$ --extend-diff-ignore=(^|/)(.*[.]dom0)(/.*|)$
dpkg-source: info: using source format '3.0 (quilt)'
dpkg-source: info: building qubes-mgmt-salt-base using existing ./qubes-mgmt-salt-base_4.0.4.orig.tar.xz
dpkg-source: info: building qubes-mgmt-salt-base in qubes-mgmt-salt-base_4.0.4-1+deb10u1.debian.tar.xz
dpkg-source: info: building qubes-mgmt-salt-base in qubes-mgmt-salt-base_4.0.4-1+deb10u1.dsc
 debian/rules build
dh build
   dh_update_autotools_config
   dh_auto_configure
   debian/rules override_dh_auto_build
make[1]: Entering directory '/home/user/qubes-src/mgmt-salt-base'
dh_clean --keep
dh_clean: dh_clean -k is deprecated; use dh_prep instead
dh_clean: This feature will be removed in compat 12.
make[1]: Leaving directory '/home/user/qubes-src/mgmt-salt-base'
   dh_auto_test
 fakeroot debian/rules binary
dh binary
   dh_testroot
   dh_prep
   debian/rules override_dh_auto_install
make[1]: Entering directory '/home/user/qubes-src/mgmt-salt-base'
make install DESTDIR=/home/user/qubes-src/mgmt-salt-base/debian/qubes-mgmt-salt-base BINDIR=/usr/bin SYSCONFDIR=/etc
make[2]: Entering directory '/home/user/qubes-src/mgmt-salt-base'
install -d /home/user/qubes-src/mgmt-salt-base/debian/qubes-mgmt-salt-base/srv/salt
cp -r _modules _states _grains _utils _pillar /home/user/qubes-src/mgmt-salt-base/debian/qubes-mgmt-salt-base/srv/salt/
# Place README and LICENSE in each non _* subdirectory only if in main /srv/salt tree
# Install /etc/salt/*
cp -Tr etc /home/user/qubes-src/mgmt-salt-base/debian/qubes-mgmt-salt-base/etc
make[2]: Leaving directory '/home/user/qubes-src/mgmt-salt-base'
make[1]: Leaving directory '/home/user/qubes-src/mgmt-salt-base'
   dh_installdocs
   dh_installchangelogs
   dh_perl
   dh_link
   dh_strip_nondeterminism
   dh_compress
   dh_fixperms
   dh_missing
   dh_installdeb
   dh_gencontrol
   dh_md5sums
   dh_builddeb
dpkg-deb: building package 'qubes-mgmt-salt-base' in '../qubes-mgmt-salt-base_4.0.4-1+deb10u1_all.deb'.
 dpkg-genbuildinfo
 dpkg-genchanges -sa >../qubes-mgmt-salt-base_4.0.4-1+deb10u1_amd64.changes
dpkg-genchanges: info: including full source code in upload
 dpkg-source --after-build .
dpkg-source: info: using options from mgmt-salt-base/debian/source/options: --extend-diff-ignore=(^|/)(.git/.*)$ --extend-diff-ignore=(^|/)(pkgs/.*)$ --extend-diff-ignore=(^|/)(rpm_spec/.*)$ --extend-diff-ignore=(^|/)(debian.*)$ --extend-diff-ignore=(^|/)(.*[.]vm)(/.*|)$ --extend-diff-ignore=(^|/)(.*[.]dom0)(/.*|)$
dpkg-buildpackage: info: full upload (original source is included)
mkdir -p /home/user/qubes-template-securedrop-workstation/qubes-builder/qubes-packages-mirror-repo/vm-buster/deb
mkdir -p qubes-src/mgmt-salt-base/pkgs/vm-buster
cd /home/user/qubes-template-securedrop-workstation/qubes-builder/chroot-vm-buster//home/user/qubes-src/mgmt-salt-base/debian/../..; \
	cp -t /home/user/qubes-template-securedrop-workstation/qubes-builder/qubes-packages-mirror-repo/vm-buster/deb `awk 'section == "Files:" { print $5 } /^[A-Z].*.$/ { section=$1 }' qubes-mgmt-salt-base_4.0.4*.changes`
cp -t /home/user/qubes-template-securedrop-workstation/qubes-builder/qubes-packages-mirror-repo/vm-buster/deb/ /home/user/qubes-template-securedrop-workstation/qubes-builder/chroot-vm-buster//home/user/qubes-src/mgmt-salt-base/debian/../../qubes-mgmt-salt-base_4.0.4*.changes
cd /home/user/qubes-template-securedrop-workstation/qubes-builder/chroot-vm-buster//home/user/qubes-src/mgmt-salt-base/debian/../..; \
	mv -t /home/user/qubes-template-securedrop-workstation/qubes-builder/qubes-src/mgmt-salt-base/pkgs/vm-buster  `awk 'section == "Files:" { print $5 } /^[A-Z].*.$/ { section=$1 }' qubes-mgmt-salt-base_4.0.4*.changes`
mv -t /home/user/qubes-template-securedrop-workstation/qubes-builder/qubes-src/mgmt-salt-base/pkgs/vm-buster /home/user/qubes-template-securedrop-workstation/qubes-builder/chroot-vm-buster//home/user/qubes-src/mgmt-salt-base/debian/../../qubes-mgmt-salt-base_4.0.4*.changes
