user@sd-dev:~/projects/securedrop-workstation$ make build-rpm
grep: /etc/fedora-release: No such file or directory
USE_BUILD_CONTAINER=true ./scripts/container.sh ./scripts/build-rpm.sh
STEP 1: FROM registry.fedoraproject.org/fedora:32
STEP 2: LABEL org="Freedom of the Press"
--> Using cache 005d06c8a39fc1d4f92d2c8a2c79bdcb7eb9b679c23f8e98cc144f2723ff534d
--> 005d06c8a39
STEP 3: LABEL image_name="securedrop-workstation-qubes-4.1"
--> Using cache ed54c99ea4bef5c88d78272381261a0743343dc8d9340da41bcedd95cad20690
--> ed54c99ea4b
STEP 4: ARG USER_NAME
--> Using cache 463bae7b47c07c8360053d7a242d783bb1d0e00eb95bd539d0445e1e82446db5
--> 463bae7b47c
STEP 5: ENV USER_NAME ${USER_NAME:-root}
--> Using cache d1e48ccff99e25fb62d9dfef2a18e74867d3b5754135be2cd301d76faa1c6078
--> d1e48ccff99
STEP 6: ARG USER_ID
--> Using cache 0b7507150a3ee4e87dcd9f9290fbc508576ec3eff1281d6e78e53dd7b5711fda
--> 0b7507150a3
STEP 7: ENV USER_ID ${USER_ID:-0}
--> Using cache b60d1ce6eb1658ad033b4add2138208daf1778e5a638b72289cec74b3b0f1660
--> b60d1ce6eb1
STEP 8: RUN dnf install -y make
--> Using cache 8b2d432cde9d452149476e447852a6b28e2291b3043fbc471a4991f6f527280b
--> 8b2d432cde9
STEP 9: COPY Makefile Makefile
--> Using cache 6a1fd41154184a84efe24beef7c3cf368963c5ce791b7de3a0b7c7cf6979b6f7
--> 6a1fd411541
STEP 10: RUN make install-deps
--> Using cache 3904b665eb42cfa946112abd15aadfe2961a503e165558a5039c7c346f525584
--> 3904b665eb4
STEP 11: RUN if test $USER_NAME != root ; then useradd --no-create-home --home-dir /tmp --uid $USER_ID $USER_NAME && echo "$USER_NAME ALL=(ALL) NOPASSWD:ALL" >> /etc/sudoers ; fi
--> Using cache c7871775879516bf1978c2349d8bf2eb0855874638acd38817136b75e13d2ea7
STEP 12: COMMIT securedrop-workstation-dom0-config
--> c7871775879
c7871775879516bf1978c2349d8bf2eb0855874638acd38817136b75e13d2ea7
Removing dist/
Removing rpm-build/RPMS/noarch/securedrop-workstation-dom0-config-0.10.0-1.fc37.noarch.rpm
Removing rpm-build/SOURCES/securedrop-workstation-dom0-config-0.10.0.tar.gz
running sdist
running egg_info
writing securedrop_workstation_dom0_config.egg-info/PKG-INFO
writing dependency_links to securedrop_workstation_dom0_config.egg-info/dependency_links.txt
writing top-level names to securedrop_workstation_dom0_config.egg-info/top_level.txt
reading manifest file 'securedrop_workstation_dom0_config.egg-info/SOURCES.txt'
reading manifest template 'MANIFEST.in'
writing manifest file 'securedrop_workstation_dom0_config.egg-info/SOURCES.txt'
running check
creating securedrop-workstation-dom0-config-0.11.1rc2
creating securedrop-workstation-dom0-config-0.11.1rc2/dom0
creating securedrop-workstation-dom0-config-0.11.1rc2/files
creating securedrop-workstation-dom0-config-0.11.1rc2/launcher
creating securedrop-workstation-dom0-config-0.11.1rc2/launcher/sdw_notify
creating securedrop-workstation-dom0-config-0.11.1rc2/launcher/sdw_updater_gui
creating securedrop-workstation-dom0-config-0.11.1rc2/launcher/sdw_util
creating securedrop-workstation-dom0-config-0.11.1rc2/sd-app
creating securedrop-workstation-dom0-config-0.11.1rc2/sd-proxy
creating securedrop-workstation-dom0-config-0.11.1rc2/sd-whonix
creating securedrop-workstation-dom0-config-0.11.1rc2/sd-workstation
creating securedrop-workstation-dom0-config-0.11.1rc2/securedrop_workstation_dom0_config.egg-info
creating securedrop-workstation-dom0-config-0.11.1rc2/sys-firewall
creating securedrop-workstation-dom0-config-0.11.1rc2/tests
creating securedrop-workstation-dom0-config-0.11.1rc2/usb-autoattach
copying files to securedrop-workstation-dom0-config-0.11.1rc2...
copying LICENSE -> securedrop-workstation-dom0-config-0.11.1rc2
copying MANIFEST.in -> securedrop-workstation-dom0-config-0.11.1rc2
copying README.md -> securedrop-workstation-dom0-config-0.11.1rc2
copying VERSION -> securedrop-workstation-dom0-config-0.11.1rc2
copying pyproject.toml -> securedrop-workstation-dom0-config-0.11.1rc2
copying setup.py -> securedrop-workstation-dom0-config-0.11.1rc2
copying dom0/dom0-xfce-desktop-file.j2 -> securedrop-workstation-dom0-config-0.11.1rc2/dom0
copying dom0/fpf-apt-repo.sls -> securedrop-workstation-dom0-config-0.11.1rc2/dom0
copying dom0/remove-tags -> securedrop-workstation-dom0-config-0.11.1rc2/dom0
copying dom0/sd-app-config.sls -> securedrop-workstation-dom0-config-0.11.1rc2/dom0
copying dom0/sd-app-files.sls -> securedrop-workstation-dom0-config-0.11.1rc2/dom0
copying dom0/sd-app.sls -> securedrop-workstation-dom0-config-0.11.1rc2/dom0
copying dom0/sd-clean-all.sls -> securedrop-workstation-dom0-config-0.11.1rc2/dom0
copying dom0/sd-clean-default-dispvm.sls -> securedrop-workstation-dom0-config-0.11.1rc2/dom0
copying dom0/sd-default-config.sls -> securedrop-workstation-dom0-config-0.11.1rc2/dom0
copying dom0/sd-default-config.yml -> securedrop-workstation-dom0-config-0.11.1rc2/dom0
copying dom0/sd-devices-files.sls -> securedrop-workstation-dom0-config-0.11.1rc2/dom0
copying dom0/sd-devices.sls -> securedrop-workstation-dom0-config-0.11.1rc2/dom0
copying dom0/sd-dom0-crontab.sls -> securedrop-workstation-dom0-config-0.11.1rc2/dom0
copying dom0/sd-dom0-files.sls -> securedrop-workstation-dom0-config-0.11.1rc2/dom0
copying dom0/sd-dom0-qvm-rpc.sls -> securedrop-workstation-dom0-config-0.11.1rc2/dom0
copying dom0/sd-dom0-systemd.sls -> securedrop-workstation-dom0-config-0.11.1rc2/dom0
copying dom0/sd-gpg-files.sls -> securedrop-workstation-dom0-config-0.11.1rc2/dom0
copying dom0/sd-gpg.sls -> securedrop-workstation-dom0-config-0.11.1rc2/dom0
copying dom0/sd-log.sls -> securedrop-workstation-dom0-config-0.11.1rc2/dom0
copying dom0/sd-logging-setup.sls -> securedrop-workstation-dom0-config-0.11.1rc2/dom0
copying dom0/sd-mime-handling.sls -> securedrop-workstation-dom0-config-0.11.1rc2/dom0
copying dom0/sd-proxy-files.sls -> securedrop-workstation-dom0-config-0.11.1rc2/dom0
copying dom0/sd-proxy-template-files.sls -> securedrop-workstation-dom0-config-0.11.1rc2/dom0
copying dom0/sd-proxy.sls -> securedrop-workstation-dom0-config-0.11.1rc2/dom0
copying dom0/sd-remove-unused-templates.sls -> securedrop-workstation-dom0-config-0.11.1rc2/dom0
copying dom0/sd-rsyslog.conf.j2 -> securedrop-workstation-dom0-config-0.11.1rc2/dom0
copying dom0/sd-sys-vms.sls -> securedrop-workstation-dom0-config-0.11.1rc2/dom0
copying dom0/sd-sys-whonix-vms.sls -> securedrop-workstation-dom0-config-0.11.1rc2/dom0
copying dom0/sd-upgrade-templates.sls -> securedrop-workstation-dom0-config-0.11.1rc2/dom0
copying dom0/sd-usb-autoattach-add.sls -> securedrop-workstation-dom0-config-0.11.1rc2/dom0
copying dom0/sd-usb-autoattach-remove.sls -> securedrop-workstation-dom0-config-0.11.1rc2/dom0
copying dom0/sd-viewer-files.sls -> securedrop-workstation-dom0-config-0.11.1rc2/dom0
copying dom0/sd-viewer.sls -> securedrop-workstation-dom0-config-0.11.1rc2/dom0
copying dom0/sd-whonix-hidserv-key.sls -> securedrop-workstation-dom0-config-0.11.1rc2/dom0
copying dom0/sd-whonix.sls -> securedrop-workstation-dom0-config-0.11.1rc2/dom0
copying dom0/sd-workstation-template-files.sls -> securedrop-workstation-dom0-config-0.11.1rc2/dom0
copying dom0/sd-workstation-template.sls -> securedrop-workstation-dom0-config-0.11.1rc2/dom0
copying dom0/sd-workstation.top -> securedrop-workstation-dom0-config-0.11.1rc2/dom0
copying dom0/sdlog.conf -> securedrop-workstation-dom0-config-0.11.1rc2/dom0
copying dom0/securedrop-check-migration -> securedrop-workstation-dom0-config-0.11.1rc2/dom0
copying dom0/securedrop-handle-upgrade -> securedrop-workstation-dom0-config-0.11.1rc2/dom0
copying dom0/securedrop-launcher.desktop -> securedrop-workstation-dom0-config-0.11.1rc2/dom0
copying dom0/securedrop-login -> securedrop-workstation-dom0-config-0.11.1rc2/dom0
copying dom0/update-xfce-settings -> securedrop-workstation-dom0-config-0.11.1rc2/dom0
copying files/clean-salt -> securedrop-workstation-dom0-config-0.11.1rc2/files
copying files/config.json.example -> securedrop-workstation-dom0-config-0.11.1rc2/files
copying files/destroy-vm -> securedrop-workstation-dom0-config-0.11.1rc2/files
copying files/provision-all -> securedrop-workstation-dom0-config-0.11.1rc2/files
copying files/sdw-admin.py -> securedrop-workstation-dom0-config-0.11.1rc2/files
copying files/securedrop-user-dom0-rpm-key-reimport.service -> securedrop-workstation-dom0-config-0.11.1rc2/files
copying files/validate_config.py -> securedrop-workstation-dom0-config-0.11.1rc2/files
copying launcher/sdw-launcher.py -> securedrop-workstation-dom0-config-0.11.1rc2/launcher
copying launcher/sdw-notify.py -> securedrop-workstation-dom0-config-0.11.1rc2/launcher
copying launcher/sdw_notify/Notify.py -> securedrop-workstation-dom0-config-0.11.1rc2/launcher/sdw_notify
copying launcher/sdw_notify/NotifyApp.py -> securedrop-workstation-dom0-config-0.11.1rc2/launcher/sdw_notify
copying launcher/sdw_notify/strings.py -> securedrop-workstation-dom0-config-0.11.1rc2/launcher/sdw_notify
copying launcher/sdw_updater_gui/Updater.py -> securedrop-workstation-dom0-config-0.11.1rc2/launcher/sdw_updater_gui
copying launcher/sdw_updater_gui/UpdaterApp.py -> securedrop-workstation-dom0-config-0.11.1rc2/launcher/sdw_updater_gui
copying launcher/sdw_updater_gui/UpdaterAppUiQt5.py -> securedrop-workstation-dom0-config-0.11.1rc2/launcher/sdw_updater_gui
copying launcher/sdw_updater_gui/strings.py -> securedrop-workstation-dom0-config-0.11.1rc2/launcher/sdw_updater_gui
copying launcher/sdw_util/Util.py -> securedrop-workstation-dom0-config-0.11.1rc2/launcher/sdw_util
copying sd-app/config.json.j2 -> securedrop-workstation-dom0-config-0.11.1rc2/sd-app
copying sd-proxy/mimeapps.list -> securedrop-workstation-dom0-config-0.11.1rc2/sd-proxy
copying sd-proxy/sd-proxy.yaml -> securedrop-workstation-dom0-config-0.11.1rc2/sd-proxy
copying sd-whonix/app-journalist.yaml -> securedrop-workstation-dom0-config-0.11.1rc2/sd-whonix
copying sd-workstation/apt-test-pubkey.asc -> securedrop-workstation-dom0-config-0.11.1rc2/sd-workstation
copying sd-workstation/logo-small.png -> securedrop-workstation-dom0-config-0.11.1rc2/sd-workstation
copying sd-workstation/securedrop-release-signing-pubkey-2021.asc -> securedrop-workstation-dom0-config-0.11.1rc2/sd-workstation
copying securedrop_workstation_dom0_config.egg-info/PKG-INFO -> securedrop-workstation-dom0-config-0.11.1rc2/securedrop_workstation_dom0_config.egg-info
copying securedrop_workstation_dom0_config.egg-info/SOURCES.txt -> securedrop-workstation-dom0-config-0.11.1rc2/securedrop_workstation_dom0_config.egg-info
copying securedrop_workstation_dom0_config.egg-info/dependency_links.txt -> securedrop-workstation-dom0-config-0.11.1rc2/securedrop_workstation_dom0_config.egg-info
copying securedrop_workstation_dom0_config.egg-info/top_level.txt -> securedrop-workstation-dom0-config-0.11.1rc2/securedrop_workstation_dom0_config.egg-info
copying sys-firewall/sd-copy-rpm-repo-pubkey.sh -> securedrop-workstation-dom0-config-0.11.1rc2/sys-firewall
copying tests/test_app.py -> securedrop-workstation-dom0-config-0.11.1rc2/tests
copying tests/test_dom0_rpm_repo.py -> securedrop-workstation-dom0-config-0.11.1rc2/tests
copying tests/test_gpg.py -> securedrop-workstation-dom0-config-0.11.1rc2/tests
copying tests/test_log_vm.py -> securedrop-workstation-dom0-config-0.11.1rc2/tests
copying tests/test_proxy_vm.py -> securedrop-workstation-dom0-config-0.11.1rc2/tests
copying tests/test_qubes_rpc.py -> securedrop-workstation-dom0-config-0.11.1rc2/tests
copying tests/test_qubes_vms.py -> securedrop-workstation-dom0-config-0.11.1rc2/tests
copying tests/test_sd_devices.py -> securedrop-workstation-dom0-config-0.11.1rc2/tests
copying tests/test_sd_whonix.py -> securedrop-workstation-dom0-config-0.11.1rc2/tests
copying tests/test_sys_usb.py -> securedrop-workstation-dom0-config-0.11.1rc2/tests
copying tests/test_viewer.py -> securedrop-workstation-dom0-config-0.11.1rc2/tests
copying tests/test_vms_exist.py -> securedrop-workstation-dom0-config-0.11.1rc2/tests
copying tests/test_vms_platform.py -> securedrop-workstation-dom0-config-0.11.1rc2/tests
copying usb-autoattach/99-sd-devices.rules -> securedrop-workstation-dom0-config-0.11.1rc2/usb-autoattach
copying usb-autoattach/sd-attach-export-device -> securedrop-workstation-dom0-config-0.11.1rc2/usb-autoattach
Writing securedrop-workstation-dom0-config-0.11.1rc2/setup.cfg
creating dist
Creating tar archive
removing 'securedrop-workstation-dom0-config-0.11.1rc2' (and everything under it)
setting SOURCE_DATE_EPOCH=1717286400
Executing(%prep): /bin/sh -e /var/tmp/rpm-tmp.D2xcJa
+ umask 022
+ cd /home/user/projects/securedrop-workstation/rpm-build/BUILD
+ cd /home/user/projects/securedrop-workstation/rpm-build/BUILD
+ rm -rf securedrop-workstation-dom0-config-0.11.1rc2
+ /usr/bin/gzip -dc /home/user/projects/securedrop-workstation/rpm-build/SOURCES/securedrop-workstation-dom0-config-0.11.1rc2.tar.gz
+ /usr/bin/tar -xof -
/usr/bin/tar: securedrop-workstation-dom0-config-0.11.1rc2/LICENSE: time stamp 2024-07-02 23:35:38 is 86357.107010929 s in the future
/usr/bin/tar: securedrop-workstation-dom0-config-0.11.1rc2/MANIFEST.in: time stamp 2024-07-02 23:35:46 is 86365.106033693 s in the future
/usr/bin/tar: securedrop-workstation-dom0-config-0.11.1rc2/README.md: time stamp 2024-07-02 23:35:45 is 86364.105234598 s in the future
/usr/bin/tar: securedrop-workstation-dom0-config-0.11.1rc2/VERSION: time stamp 2024-07-02 23:35:28 is 86347.104928528 s in the future
/usr/bin/tar: securedrop-workstation-dom0-config-0.11.1rc2/dom0/dom0-xfce-desktop-file.j2: time stamp 2024-07-02 23:35:28 is 86347.104769985 s in the future
/usr/bin/tar: securedrop-workstation-dom0-config-0.11.1rc2/dom0/fpf-apt-repo.sls: time stamp 2024-07-02 23:35:28 is 86347.104674321 s in the future
/usr/bin/tar: securedrop-workstation-dom0-config-0.11.1rc2/dom0/remove-tags: time stamp 2024-07-02 23:35:28 is 86347.104583207 s in the future
/usr/bin/tar: securedrop-workstation-dom0-config-0.11.1rc2/dom0/sd-app-config.sls: time stamp 2024-07-02 23:35:28 is 86347.104483483 s in the future
/usr/bin/tar: securedrop-workstation-dom0-config-0.11.1rc2/dom0/sd-app-files.sls: time stamp 2024-07-02 23:35:28 is 86347.104190875 s in the future
/usr/bin/tar: securedrop-workstation-dom0-config-0.11.1rc2/dom0/sd-app.sls: time stamp 2024-07-02 23:35:28 is 86347.104029163 s in the future
/usr/bin/tar: securedrop-workstation-dom0-config-0.11.1rc2/dom0/sd-clean-all.sls: time stamp 2024-07-02 23:35:28 is 86347.103901349 s in the future
/usr/bin/tar: securedrop-workstation-dom0-config-0.11.1rc2/dom0/sd-clean-default-dispvm.sls: time stamp 2024-07-02 23:35:28 is 86347.103711491 s in the future
/usr/bin/tar: securedrop-workstation-dom0-config-0.11.1rc2/dom0/sd-default-config.sls: time stamp 2024-07-02 23:35:28 is 86347.103559147 s in the future
/usr/bin/tar: securedrop-workstation-dom0-config-0.11.1rc2/dom0/sd-default-config.yml: time stamp 2024-07-02 23:35:28 is 86347.103417888 s in the future
/usr/bin/tar: securedrop-workstation-dom0-config-0.11.1rc2/dom0/sd-devices-files.sls: time stamp 2024-07-02 23:35:28 is 86347.103226098 s in the future
/usr/bin/tar: securedrop-workstation-dom0-config-0.11.1rc2/dom0/sd-devices.sls: time stamp 2024-07-02 23:35:28 is 86347.103115481 s in the future
/usr/bin/tar: securedrop-workstation-dom0-config-0.11.1rc2/dom0/sd-dom0-crontab.sls: time stamp 2024-07-02 23:35:28 is 86347.102994936 s in the future
/usr/bin/tar: securedrop-workstation-dom0-config-0.11.1rc2/dom0/sd-dom0-files.sls: time stamp 2024-07-02 23:35:28 is 86347.102873178 s in the future
/usr/bin/tar: securedrop-workstation-dom0-config-0.11.1rc2/dom0/sd-dom0-qvm-rpc.sls: time stamp 2024-07-02 23:35:28 is 86347.102536822 s in the future
/usr/bin/tar: securedrop-workstation-dom0-config-0.11.1rc2/dom0/sd-dom0-systemd.sls: time stamp 2024-07-02 23:35:28 is 86347.102427579 s in the future
/usr/bin/tar: securedrop-workstation-dom0-config-0.11.1rc2/dom0/sd-gpg-files.sls: time stamp 2024-07-02 23:35:28 is 86347.102152759 s in the future
/usr/bin/tar: securedrop-workstation-dom0-config-0.11.1rc2/dom0/sd-gpg.sls: time stamp 2024-07-02 23:35:28 is 86347.101938018 s in the future
/usr/bin/tar: securedrop-workstation-dom0-config-0.11.1rc2/dom0/sd-log.sls: time stamp 2024-07-02 23:35:28 is 86347.101752771 s in the future
/usr/bin/tar: securedrop-workstation-dom0-config-0.11.1rc2/dom0/sd-logging-setup.sls: time stamp 2024-07-02 23:35:28 is 86347.101579888 s in the future
/usr/bin/tar: securedrop-workstation-dom0-config-0.11.1rc2/dom0/sd-mime-handling.sls: time stamp 2024-07-02 23:35:28 is 86347.101400617 s in the future
/usr/bin/tar: securedrop-workstation-dom0-config-0.11.1rc2/dom0/sd-proxy-files.sls: time stamp 2024-07-02 23:35:28 is 86347.101045841 s in the future
/usr/bin/tar: securedrop-workstation-dom0-config-0.11.1rc2/dom0/sd-proxy-template-files.sls: time stamp 2024-07-02 23:35:28 is 86347.100826577 s in the future
/usr/bin/tar: securedrop-workstation-dom0-config-0.11.1rc2/dom0/sd-proxy.sls: time stamp 2024-07-02 23:35:28 is 86347.100642265 s in the future
/usr/bin/tar: securedrop-workstation-dom0-config-0.11.1rc2/dom0/sd-remove-unused-templates.sls: time stamp 2024-07-02 23:35:28 is 86347.100455031 s in the future
/usr/bin/tar: securedrop-workstation-dom0-config-0.11.1rc2/dom0/sd-rsyslog.conf.j2: time stamp 2024-07-02 23:35:28 is 86347.100248855 s in the future
/usr/bin/tar: securedrop-workstation-dom0-config-0.11.1rc2/dom0/sd-sys-vms.sls: time stamp 2024-07-02 23:35:28 is 86347.098613121 s in the future
/usr/bin/tar: securedrop-workstation-dom0-config-0.11.1rc2/dom0/sd-sys-whonix-vms.sls: time stamp 2024-07-02 23:35:28 is 86347.09764683 s in the future
/usr/bin/tar: securedrop-workstation-dom0-config-0.11.1rc2/dom0/sd-upgrade-templates.sls: time stamp 2024-07-02 23:35:28 is 86347.097242503 s in the future
/usr/bin/tar: securedrop-workstation-dom0-config-0.11.1rc2/dom0/sd-usb-autoattach-add.sls: time stamp 2024-07-02 23:35:28 is 86347.094286094 s in the future
/usr/bin/tar: securedrop-workstation-dom0-config-0.11.1rc2/dom0/sd-usb-autoattach-remove.sls: time stamp 2024-07-02 23:35:28 is 86347.094179661 s in the future
/usr/bin/tar: securedrop-workstation-dom0-config-0.11.1rc2/dom0/sd-viewer-files.sls: time stamp 2024-07-02 23:35:28 is 86347.094105707 s in the future
/usr/bin/tar: securedrop-workstation-dom0-config-0.11.1rc2/dom0/sd-viewer.sls: time stamp 2024-07-02 23:35:28 is 86347.093992235 s in the future
/usr/bin/tar: securedrop-workstation-dom0-config-0.11.1rc2/dom0/sd-whonix-hidserv-key.sls: time stamp 2024-07-02 23:35:28 is 86347.093902509 s in the future
/usr/bin/tar: securedrop-workstation-dom0-config-0.11.1rc2/dom0/sd-whonix.sls: time stamp 2024-07-02 23:35:28 is 86347.093794375 s in the future
/usr/bin/tar: securedrop-workstation-dom0-config-0.11.1rc2/dom0/sd-workstation-template-files.sls: time stamp 2024-07-02 23:35:28 is 86347.093720443 s in the future
/usr/bin/tar: securedrop-workstation-dom0-config-0.11.1rc2/dom0/sd-workstation-template.sls: time stamp 2024-07-02 23:35:28 is 86347.093630537 s in the future
/usr/bin/tar: securedrop-workstation-dom0-config-0.11.1rc2/dom0/sd-workstation.top: time stamp 2024-07-02 23:35:28 is 86347.092846114 s in the future
/usr/bin/tar: securedrop-workstation-dom0-config-0.11.1rc2/dom0/sdlog.conf: time stamp 2024-07-02 23:35:28 is 86347.092743171 s in the future
/usr/bin/tar: securedrop-workstation-dom0-config-0.11.1rc2/dom0/securedrop-check-migration: time stamp 2024-07-02 23:35:28 is 86347.092666169 s in the future
/usr/bin/tar: securedrop-workstation-dom0-config-0.11.1rc2/dom0/securedrop-handle-upgrade: time stamp 2024-07-02 23:35:28 is 86347.092571487 s in the future
/usr/bin/tar: securedrop-workstation-dom0-config-0.11.1rc2/dom0/securedrop-launcher.desktop: time stamp 2024-07-02 23:35:28 is 86347.09249849 s in the future
/usr/bin/tar: securedrop-workstation-dom0-config-0.11.1rc2/dom0/securedrop-login: time stamp 2024-07-02 23:35:28 is 86347.092425788 s in the future
/usr/bin/tar: securedrop-workstation-dom0-config-0.11.1rc2/dom0/update-xfce-settings: time stamp 2024-07-02 23:35:28 is 86347.092242581 s in the future
/usr/bin/tar: securedrop-workstation-dom0-config-0.11.1rc2/files/clean-salt: time stamp 2024-07-02 23:35:38 is 86357.092107525 s in the future
/usr/bin/tar: securedrop-workstation-dom0-config-0.11.1rc2/files/config.json.example: time stamp 2024-07-02 23:35:38 is 86357.092017328 s in the future
/usr/bin/tar: securedrop-workstation-dom0-config-0.11.1rc2/files/destroy-vm: time stamp 2024-07-02 23:35:38 is 86357.091940876 s in the future
/usr/bin/tar: securedrop-workstation-dom0-config-0.11.1rc2/files/provision-all: time stamp 2024-07-02 23:35:38 is 86357.091328418 s in the future
/usr/bin/tar: securedrop-workstation-dom0-config-0.11.1rc2/files/sdw-admin.py: time stamp 2024-07-02 23:35:38 is 86357.091224752 s in the future
/usr/bin/tar: securedrop-workstation-dom0-config-0.11.1rc2/files/securedrop-user-dom0-rpm-key-reimport.service: time stamp 2024-07-02 23:35:38 is 86357.091156971 s in the future
/usr/bin/tar: securedrop-workstation-dom0-config-0.11.1rc2/files/validate_config.py: time stamp 2024-07-02 23:35:38 is 86357.091061313 s in the future
/usr/bin/tar: securedrop-workstation-dom0-config-0.11.1rc2/launcher/sdw-launcher.py: time stamp 2024-07-02 23:35:38 is 86357.090930512 s in the future
/usr/bin/tar: securedrop-workstation-dom0-config-0.11.1rc2/launcher/sdw-notify.py: time stamp 2024-07-02 23:35:38 is 86357.090390312 s in the future
/usr/bin/tar: securedrop-workstation-dom0-config-0.11.1rc2/launcher/sdw_notify/Notify.py: time stamp 2024-07-02 23:35:38 is 86357.090240997 s in the future
/usr/bin/tar: securedrop-workstation-dom0-config-0.11.1rc2/launcher/sdw_notify/NotifyApp.py: time stamp 2024-07-02 23:35:38 is 86357.09015228 s in the future
/usr/bin/tar: securedrop-workstation-dom0-config-0.11.1rc2/launcher/sdw_notify/strings.py: time stamp 2024-07-02 23:35:38 is 86357.090058569 s in the future
/usr/bin/tar: securedrop-workstation-dom0-config-0.11.1rc2/launcher/sdw_updater_gui/Updater.py: time stamp 2024-07-02 23:35:38 is 86357.089921672 s in the future
/usr/bin/tar: securedrop-workstation-dom0-config-0.11.1rc2/launcher/sdw_updater_gui/UpdaterApp.py: time stamp 2024-07-02 23:35:38 is 86357.089842316 s in the future
/usr/bin/tar: securedrop-workstation-dom0-config-0.11.1rc2/launcher/sdw_updater_gui/UpdaterAppUiQt5.py: time stamp 2024-07-02 23:35:38 is 86357.089776547 s in the future
/usr/bin/tar: securedrop-workstation-dom0-config-0.11.1rc2/launcher/sdw_updater_gui/strings.py: time stamp 2024-07-02 23:35:38 is 86357.086881884 s in the future
/usr/bin/tar: securedrop-workstation-dom0-config-0.11.1rc2/launcher/sdw_util/Util.py: time stamp 2024-07-02 23:35:38 is 86357.086616471 s in the future
/usr/bin/tar: securedrop-workstation-dom0-config-0.11.1rc2/pyproject.toml: time stamp 2024-07-02 23:35:28 is 86347.086518276 s in the future
/usr/bin/tar: securedrop-workstation-dom0-config-0.11.1rc2/sd-app/config.json.j2: time stamp 2024-07-02 23:35:28 is 86347.086403289 s in the future
/usr/bin/tar: securedrop-workstation-dom0-config-0.11.1rc2/sd-proxy/mimeapps.list: time stamp 2024-07-02 23:35:45 is 86364.086162203 s in the future
/usr/bin/tar: securedrop-workstation-dom0-config-0.11.1rc2/sd-proxy/sd-proxy.yaml: time stamp 2024-07-02 23:35:45 is 86364.086087889 s in the future
/usr/bin/tar: securedrop-workstation-dom0-config-0.11.1rc2/sd-whonix/app-journalist.yaml: time stamp 2024-07-02 23:35:38 is 86357.085120096 s in the future
/usr/bin/tar: securedrop-workstation-dom0-config-0.11.1rc2/sd-workstation/apt-test-pubkey.asc: time stamp 2024-07-02 23:35:38 is 86357.084947355 s in the future
/usr/bin/tar: securedrop-workstation-dom0-config-0.11.1rc2/sd-workstation/logo-small.png: time stamp 2024-07-02 23:35:38 is 86357.08486019 s in the future
/usr/bin/tar: securedrop-workstation-dom0-config-0.11.1rc2/sd-workstation/securedrop-release-signing-pubkey-2021.asc: time stamp 2024-07-02 23:35:38 is 86357.084763423 s in the future
/usr/bin/tar: securedrop-workstation-dom0-config-0.11.1rc2/setup.py: time stamp 2024-07-02 23:35:28 is 86347.082749096 s in the future
/usr/bin/tar: securedrop-workstation-dom0-config-0.11.1rc2/sys-firewall/sd-copy-rpm-repo-pubkey.sh: time stamp 2024-07-02 23:35:45 is 86364.082596925 s in the future
/usr/bin/tar: securedrop-workstation-dom0-config-0.11.1rc2/tests/test_app.py: time stamp 2024-07-02 23:35:28 is 86347.082450334 s in the future
/usr/bin/tar: securedrop-workstation-dom0-config-0.11.1rc2/tests/test_dom0_rpm_repo.py: time stamp 2024-07-02 23:35:28 is 86347.082364107 s in the future
/usr/bin/tar: securedrop-workstation-dom0-config-0.11.1rc2/tests/test_gpg.py: time stamp 2024-07-02 23:35:28 is 86347.082289468 s in the future
/usr/bin/tar: securedrop-workstation-dom0-config-0.11.1rc2/tests/test_log_vm.py: time stamp 2024-07-02 23:35:28 is 86347.082211207 s in the future
/usr/bin/tar: securedrop-workstation-dom0-config-0.11.1rc2/tests/test_proxy_vm.py: time stamp 2024-07-02 23:35:28 is 86347.082130992 s in the future
/usr/bin/tar: securedrop-workstation-dom0-config-0.11.1rc2/tests/test_qubes_rpc.py: time stamp 2024-07-02 23:35:28 is 86347.08202738 s in the future
/usr/bin/tar: securedrop-workstation-dom0-config-0.11.1rc2/tests/test_qubes_vms.py: time stamp 2024-07-02 23:35:28 is 86347.081950491 s in the future
/usr/bin/tar: securedrop-workstation-dom0-config-0.11.1rc2/tests/test_sd_devices.py: time stamp 2024-07-02 23:35:28 is 86347.0818608 s in the future
/usr/bin/tar: securedrop-workstation-dom0-config-0.11.1rc2/tests/test_sd_whonix.py: time stamp 2024-07-02 23:35:28 is 86347.081783368 s in the future
/usr/bin/tar: securedrop-workstation-dom0-config-0.11.1rc2/tests/test_sys_usb.py: time stamp 2024-07-02 23:35:28 is 86347.081712006 s in the future
/usr/bin/tar: securedrop-workstation-dom0-config-0.11.1rc2/tests/test_viewer.py: time stamp 2024-07-02 23:35:28 is 86347.08163061 s in the future
/usr/bin/tar: securedrop-workstation-dom0-config-0.11.1rc2/tests/test_vms_exist.py: time stamp 2024-07-02 23:35:28 is 86347.081543564 s in the future
/usr/bin/tar: securedrop-workstation-dom0-config-0.11.1rc2/tests/test_vms_platform.py: time stamp 2024-07-02 23:35:28 is 86347.079490665 s in the future
/usr/bin/tar: securedrop-workstation-dom0-config-0.11.1rc2/usb-autoattach/99-sd-devices.rules: time stamp 2024-07-02 23:35:28 is 86347.079272468 s in the future
/usr/bin/tar: securedrop-workstation-dom0-config-0.11.1rc2/usb-autoattach/sd-attach-export-device: time stamp 2024-07-02 23:35:28 is 86347.079185414 s in the future
+ STATUS=0
+ '[' 0 -ne 0 ']'
+ cd securedrop-workstation-dom0-config-0.11.1rc2
+ /usr/bin/chmod -Rf a+rX,u+w,g-w,o-w .
+ RPM_EC=0
++ jobs -p
+ exit 0
Executing(%build): /bin/sh -e /var/tmp/rpm-tmp.CCY2pd
+ umask 022
+ cd /home/user/projects/securedrop-workstation/rpm-build/BUILD
+ cd securedrop-workstation-dom0-config-0.11.1rc2
+ RPM_EC=0
++ jobs -p
+ exit 0
Executing(%install): /bin/sh -e /var/tmp/rpm-tmp.hCVU7d
+ umask 022
+ cd /home/user/projects/securedrop-workstation/rpm-build/BUILD
+ '[' /home/user/projects/securedrop-workstation/rpm-build/BUILDROOT/securedrop-workstation-dom0-config-0.11.1rc2-1.fc32.x86_64 '!=' / ']'
+ rm -rf /home/user/projects/securedrop-workstation/rpm-build/BUILDROOT/securedrop-workstation-dom0-config-0.11.1rc2-1.fc32.x86_64
++ dirname /home/user/projects/securedrop-workstation/rpm-build/BUILDROOT/securedrop-workstation-dom0-config-0.11.1rc2-1.fc32.x86_64
+ mkdir -p /home/user/projects/securedrop-workstation/rpm-build/BUILDROOT
+ mkdir /home/user/projects/securedrop-workstation/rpm-build/BUILDROOT/securedrop-workstation-dom0-config-0.11.1rc2-1.fc32.x86_64
+ cd securedrop-workstation-dom0-config-0.11.1rc2
+ /usr/bin/python3 -m pip install --no-compile --no-index --no-build-isolation --root /home/user/projects/securedrop-workstation/rpm-build/BUILDROOT/securedrop-workstation-dom0-config-0.11.1rc2-1.fc32.x86_64 .
Processing /home/user/projects/securedrop-workstation/rpm-build/BUILD/securedrop-workstation-dom0-config-0.11.1rc2
    Preparing wheel metadata ... done
Building wheels for collected packages: securedrop-workstation-dom0-config
  Building wheel for securedrop-workstation-dom0-config (PEP 517) ... done
  Created wheel for securedrop-workstation-dom0-config: filename=securedrop_workstation_dom0_config-0.11.1rc2-cp38-none-any.whl size=19130 sha256=c507dfe1f5a7a85c9f49d321ef68b94088132ad4bdf4685e9998ff1cea9fc1ec
  Stored in directory: /tmp/.cache/pip/wheels/f5/9f/6c/91ea6fc3ac86968537a96d74e3c7b1a3d0766ad10e2d1779ec
Successfully built securedrop-workstation-dom0-config
Installing collected packages: securedrop-workstation-dom0-config
Successfully installed securedrop-workstation-dom0-config-0.11.1rc2
+ install -m 755 -d /home/user/projects/securedrop-workstation/rpm-build/BUILDROOT/securedrop-workstation-dom0-config-0.11.1rc2-1.fc32.x86_64/opt/securedrop/launcher/sdw_updater_gui
+ install -m 755 -d /home/user/projects/securedrop-workstation/rpm-build/BUILDROOT/securedrop-workstation-dom0-config-0.11.1rc2-1.fc32.x86_64/opt/securedrop/launcher/sdw_notify
+ install -m 755 -d /home/user/projects/securedrop-workstation/rpm-build/BUILDROOT/securedrop-workstation-dom0-config-0.11.1rc2-1.fc32.x86_64/opt/securedrop/launcher/sdw_util
+ install -m 755 -d /home/user/projects/securedrop-workstation/rpm-build/BUILDROOT/securedrop-workstation-dom0-config-0.11.1rc2-1.fc32.x86_64/srv/salt/sd/sd-app
+ install -m 755 -d /home/user/projects/securedrop-workstation/rpm-build/BUILDROOT/securedrop-workstation-dom0-config-0.11.1rc2-1.fc32.x86_64/srv/salt/sd/sd-proxy
+ install -m 755 -d /home/user/projects/securedrop-workstation/rpm-build/BUILDROOT/securedrop-workstation-dom0-config-0.11.1rc2-1.fc32.x86_64/srv/salt/sd/sd-journalist
+ install -m 755 -d /home/user/projects/securedrop-workstation/rpm-build/BUILDROOT/securedrop-workstation-dom0-config-0.11.1rc2-1.fc32.x86_64/srv/salt/sd/sd-whonix
+ install -m 755 -d /home/user/projects/securedrop-workstation/rpm-build/BUILDROOT/securedrop-workstation-dom0-config-0.11.1rc2-1.fc32.x86_64/srv/salt/sd/sd-workstation
+ install -m 755 -d /home/user/projects/securedrop-workstation/rpm-build/BUILDROOT/securedrop-workstation-dom0-config-0.11.1rc2-1.fc32.x86_64/srv/salt/sd/sys-firewall
+ install -m 755 -d /home/user/projects/securedrop-workstation/rpm-build/BUILDROOT/securedrop-workstation-dom0-config-0.11.1rc2-1.fc32.x86_64/srv/salt/sd/usb-autoattach
+ install -m 755 -d /home/user/projects/securedrop-workstation/rpm-build/BUILDROOT/securedrop-workstation-dom0-config-0.11.1rc2-1.fc32.x86_64//usr/share/securedrop-workstation-dom0-config/scripts
+ install -m 755 -d /home/user/projects/securedrop-workstation/rpm-build/BUILDROOT/securedrop-workstation-dom0-config-0.11.1rc2-1.fc32.x86_64//usr/bin
+ install -m 755 -d /home/user/projects/securedrop-workstation/rpm-build/BUILDROOT/securedrop-workstation-dom0-config-0.11.1rc2-1.fc32.x86_64//usr/lib/systemd/user
+ install -m 644 dom0/fpf-apt-repo.sls dom0/sd-app-config.sls dom0/sd-app-files.sls dom0/sd-app.sls dom0/sd-clean-all.sls dom0/sd-clean-default-dispvm.sls dom0/sd-default-config.sls dom0/sd-devices-files.sls dom0/sd-devices.sls dom0/sd-dom0-crontab.sls dom0/sd-dom0-files.sls dom0/sd-dom0-qvm-rpc.sls dom0/sd-dom0-systemd.sls dom0/sd-gpg-files.sls dom0/sd-gpg.sls dom0/sd-log.sls dom0/sd-logging-setup.sls dom0/sd-mime-handling.sls dom0/sd-proxy-files.sls dom0/sd-proxy-template-files.sls dom0/sd-proxy.sls dom0/sd-remove-unused-templates.sls dom0/sd-sys-vms.sls dom0/sd-sys-whonix-vms.sls dom0/sd-upgrade-templates.sls dom0/sd-usb-autoattach-add.sls dom0/sd-usb-autoattach-remove.sls dom0/sd-viewer-files.sls dom0/sd-viewer.sls dom0/sd-whonix-hidserv-key.sls dom0/sd-whonix.sls dom0/sd-workstation-template-files.sls dom0/sd-workstation-template.sls /home/user/projects/securedrop-workstation/rpm-build/BUILDROOT/securedrop-workstation-dom0-config-0.11.1rc2-1.fc32.x86_64/srv/salt/
+ install -m 644 dom0/sd-workstation.top /home/user/projects/securedrop-workstation/rpm-build/BUILDROOT/securedrop-workstation-dom0-config-0.11.1rc2-1.fc32.x86_64/srv/salt/
+ install -m 644 dom0/dom0-xfce-desktop-file.j2 dom0/sd-rsyslog.conf.j2 /home/user/projects/securedrop-workstation/rpm-build/BUILDROOT/securedrop-workstation-dom0-config-0.11.1rc2-1.fc32.x86_64/srv/salt/
+ install -m 644 dom0/sd-default-config.yml /home/user/projects/securedrop-workstation/rpm-build/BUILDROOT/securedrop-workstation-dom0-config-0.11.1rc2-1.fc32.x86_64/srv/salt/
+ install -m 644 dom0/sdlog.conf /home/user/projects/securedrop-workstation/rpm-build/BUILDROOT/securedrop-workstation-dom0-config-0.11.1rc2-1.fc32.x86_64/srv/salt/
+ install -m 755 dom0/remove-tags /home/user/projects/securedrop-workstation/rpm-build/BUILDROOT/securedrop-workstation-dom0-config-0.11.1rc2-1.fc32.x86_64/srv/salt/
+ install -m 644 dom0/securedrop-login /home/user/projects/securedrop-workstation/rpm-build/BUILDROOT/securedrop-workstation-dom0-config-0.11.1rc2-1.fc32.x86_64/srv/salt/
+ install -m 644 dom0/securedrop-launcher.desktop /home/user/projects/securedrop-workstation/rpm-build/BUILDROOT/securedrop-workstation-dom0-config-0.11.1rc2-1.fc32.x86_64/srv/salt/
+ install -m 755 dom0/securedrop-check-migration /home/user/projects/securedrop-workstation/rpm-build/BUILDROOT/securedrop-workstation-dom0-config-0.11.1rc2-1.fc32.x86_64/srv/salt/
+ install -m 755 dom0/securedrop-handle-upgrade /home/user/projects/securedrop-workstation/rpm-build/BUILDROOT/securedrop-workstation-dom0-config-0.11.1rc2-1.fc32.x86_64/srv/salt/
+ install -m 755 dom0/update-xfce-settings /home/user/projects/securedrop-workstation/rpm-build/BUILDROOT/securedrop-workstation-dom0-config-0.11.1rc2-1.fc32.x86_64/srv/salt/
+ install -m 644 sd-app/config.json.j2 /home/user/projects/securedrop-workstation/rpm-build/BUILDROOT/securedrop-workstation-dom0-config-0.11.1rc2-1.fc32.x86_64/srv/salt/sd/sd-app/
+ install -m 644 sd-proxy/mimeapps.list sd-proxy/sd-proxy.yaml /home/user/projects/securedrop-workstation/rpm-build/BUILDROOT/securedrop-workstation-dom0-config-0.11.1rc2-1.fc32.x86_64/srv/salt/sd/sd-proxy/
+ install -m 644 sd-whonix/app-journalist.yaml /home/user/projects/securedrop-workstation/rpm-build/BUILDROOT/securedrop-workstation-dom0-config-0.11.1rc2-1.fc32.x86_64/srv/salt/sd/sd-whonix/
+ install -m 644 sd-workstation/apt-test-pubkey.asc sd-workstation/logo-small.png sd-workstation/securedrop-release-signing-pubkey-2021.asc /home/user/projects/securedrop-workstation/rpm-build/BUILDROOT/securedrop-workstation-dom0-config-0.11.1rc2-1.fc32.x86_64/srv/salt/sd/sd-workstation/
+ install -m 644 sys-firewall/sd-copy-rpm-repo-pubkey.sh /home/user/projects/securedrop-workstation/rpm-build/BUILDROOT/securedrop-workstation-dom0-config-0.11.1rc2-1.fc32.x86_64/srv/salt/sd/sys-firewall/
+ install -m 755 usb-autoattach/sd-attach-export-device /home/user/projects/securedrop-workstation/rpm-build/BUILDROOT/securedrop-workstation-dom0-config-0.11.1rc2-1.fc32.x86_64/srv/salt/sd/usb-autoattach/
+ install -m 644 usb-autoattach/99-sd-devices.rules /home/user/projects/securedrop-workstation/rpm-build/BUILDROOT/securedrop-workstation-dom0-config-0.11.1rc2-1.fc32.x86_64/srv/salt/sd/usb-autoattach/
+ install -m 755 files/clean-salt /home/user/projects/securedrop-workstation/rpm-build/BUILDROOT/securedrop-workstation-dom0-config-0.11.1rc2-1.fc32.x86_64//usr/share/securedrop-workstation-dom0-config/scripts/
+ install -m 755 files/destroy-vm /home/user/projects/securedrop-workstation/rpm-build/BUILDROOT/securedrop-workstation-dom0-config-0.11.1rc2-1.fc32.x86_64//usr/share/securedrop-workstation-dom0-config/scripts/
+ install -m 755 files/provision-all /home/user/projects/securedrop-workstation/rpm-build/BUILDROOT/securedrop-workstation-dom0-config-0.11.1rc2-1.fc32.x86_64//usr/share/securedrop-workstation-dom0-config/scripts/
+ install -m 755 files/validate_config.py /home/user/projects/securedrop-workstation/rpm-build/BUILDROOT/securedrop-workstation-dom0-config-0.11.1rc2-1.fc32.x86_64//usr/share/securedrop-workstation-dom0-config/scripts/
+ install -m 644 launcher/sdw-launcher.py launcher/sdw-notify.py /home/user/projects/securedrop-workstation/rpm-build/BUILDROOT/securedrop-workstation-dom0-config-0.11.1rc2-1.fc32.x86_64/opt/securedrop/launcher/
+ install -m 644 launcher/sdw_updater_gui/Updater.py launcher/sdw_updater_gui/UpdaterApp.py launcher/sdw_updater_gui/UpdaterAppUiQt5.py launcher/sdw_updater_gui/strings.py /home/user/projects/securedrop-workstation/rpm-build/BUILDROOT/securedrop-workstation-dom0-config-0.11.1rc2-1.fc32.x86_64/opt/securedrop/launcher/sdw_updater_gui/
+ install -m 644 launcher/sdw_notify/Notify.py launcher/sdw_notify/NotifyApp.py launcher/sdw_notify/strings.py /home/user/projects/securedrop-workstation/rpm-build/BUILDROOT/securedrop-workstation-dom0-config-0.11.1rc2-1.fc32.x86_64/opt/securedrop/launcher/sdw_notify/
+ install -m 644 launcher/sdw_util/Util.py /home/user/projects/securedrop-workstation/rpm-build/BUILDROOT/securedrop-workstation-dom0-config-0.11.1rc2-1.fc32.x86_64/opt/securedrop/launcher/sdw_util/
+ install -m 755 files/sdw-admin.py /home/user/projects/securedrop-workstation/rpm-build/BUILDROOT/securedrop-workstation-dom0-config-0.11.1rc2-1.fc32.x86_64//usr/bin/sdw-admin
+ install -m 644 files/config.json.example /home/user/projects/securedrop-workstation/rpm-build/BUILDROOT/securedrop-workstation-dom0-config-0.11.1rc2-1.fc32.x86_64//usr/share/securedrop-workstation-dom0-config/
+ install -m 644 files/securedrop-user-dom0-rpm-key-reimport.service /home/user/projects/securedrop-workstation/rpm-build/BUILDROOT/securedrop-workstation-dom0-config-0.11.1rc2-1.fc32.x86_64//usr/lib/systemd/user/
+ /usr/lib/rpm/find-debuginfo.sh -j4 --strict-build-id -m -i --build-id-seed 0.11.1rc2-1.fc32 --unique-debug-suffix -0.11.1rc2-1.fc32.x86_64 --unique-debug-src-base securedrop-workstation-dom0-config-0.11.1rc2-1.fc32.x86_64 --run-dwz --dwz-low-mem-die-limit 10000000 --dwz-max-die-limit 110000000 -S debugsourcefiles.list /home/user/projects/securedrop-workstation/rpm-build/BUILD/securedrop-workstation-dom0-config-0.11.1rc2
find: ‘debug’: No such file or directory
+ /usr/lib/rpm/check-buildroot
+ /usr/lib/rpm/redhat/brp-ldconfig
+ /usr/lib/rpm/brp-compress
+ /usr/lib/rpm/brp-strip-static-archive /usr/bin/strip
+ /usr/lib/rpm/brp-python-hardlink
+ /usr/lib/rpm/redhat/brp-mangle-shebangs
mangling shebang in /usr/share/securedrop-workstation-dom0-config/scripts/validate_config.py from /usr/bin/env python3 to #!/usr/bin/python3
mangling shebang in /usr/share/securedrop-workstation-dom0-config/scripts/destroy-vm from /usr/bin/env python3 to #!/usr/bin/python3
mangling shebang in /usr/share/securedrop-workstation-dom0-config/scripts/clean-salt from /bin/bash to #!/usr/bin/bash
mangling shebang in /usr/share/securedrop-workstation-dom0-config/scripts/provision-all from /bin/bash to #!/usr/bin/bash
mangling shebang in /usr/bin/sdw-admin from /usr/bin/env python3 to #!/usr/bin/python3
mangling shebang in /srv/salt/securedrop-handle-upgrade from /bin/bash to #!/usr/bin/bash
mangling shebang in /srv/salt/sd/usb-autoattach/sd-attach-export-device from /bin/bash to #!/usr/bin/bash
mangling shebang in /srv/salt/remove-tags from /usr/bin/env python3 to #!/usr/bin/python3
mangling shebang in /srv/salt/update-xfce-settings from /bin/bash to #!/usr/bin/bash
mangling shebang in /srv/salt/securedrop-check-migration from /bin/bash to #!/usr/bin/bash
Processing files: securedrop-workstation-dom0-config-0.11.1rc2-1.fc32.noarch
Executing(%doc): /bin/sh -e /var/tmp/rpm-tmp.VDeWEa
+ umask 022
+ cd /home/user/projects/securedrop-workstation/rpm-build/BUILD
+ cd securedrop-workstation-dom0-config-0.11.1rc2
+ DOCDIR=/home/user/projects/securedrop-workstation/rpm-build/BUILDROOT/securedrop-workstation-dom0-config-0.11.1rc2-1.fc32.x86_64/usr/share/doc/securedrop-workstation-dom0-config
+ export LC_ALL=C
+ LC_ALL=C
+ export DOCDIR
+ /usr/bin/mkdir -p /home/user/projects/securedrop-workstation/rpm-build/BUILDROOT/securedrop-workstation-dom0-config-0.11.1rc2-1.fc32.x86_64/usr/share/doc/securedrop-workstation-dom0-config
+ cp -pr README.md /home/user/projects/securedrop-workstation/rpm-build/BUILDROOT/securedrop-workstation-dom0-config-0.11.1rc2-1.fc32.x86_64/usr/share/doc/securedrop-workstation-dom0-config
+ RPM_EC=0
++ jobs -p
+ exit 0
Executing(%license): /bin/sh -e /var/tmp/rpm-tmp.8cKu1e
+ umask 022
+ cd /home/user/projects/securedrop-workstation/rpm-build/BUILD
+ cd securedrop-workstation-dom0-config-0.11.1rc2
+ LICENSEDIR=/home/user/projects/securedrop-workstation/rpm-build/BUILDROOT/securedrop-workstation-dom0-config-0.11.1rc2-1.fc32.x86_64/usr/share/licenses/securedrop-workstation-dom0-config
+ export LC_ALL=C
+ LC_ALL=C
+ export LICENSEDIR
+ /usr/bin/mkdir -p /home/user/projects/securedrop-workstation/rpm-build/BUILDROOT/securedrop-workstation-dom0-config-0.11.1rc2-1.fc32.x86_64/usr/share/licenses/securedrop-workstation-dom0-config
+ cp -pr LICENSE /home/user/projects/securedrop-workstation/rpm-build/BUILDROOT/securedrop-workstation-dom0-config-0.11.1rc2-1.fc32.x86_64/usr/share/licenses/securedrop-workstation-dom0-config
+ RPM_EC=0
++ jobs -p
+ exit 0
Provides: securedrop-workstation-dom0-config = 0.11.1rc2-1.fc32
Requires(interp): /bin/sh
Requires(rpmlib): rpmlib(CompressedFileNames) <= 3.0.4-1 rpmlib(FileDigests) <= 4.6.0-1 rpmlib(PayloadFilesHavePrefix) <= 4.0-1
Requires(post): /bin/sh
Requires: /usr/bin/bash /usr/bin/python3
Checking for unpackaged file(s): /usr/lib/rpm/check-files /home/user/projects/securedrop-workstation/rpm-build/BUILDROOT/securedrop-workstation-dom0-config-0.11.1rc2-1.fc32.x86_64
Wrote: /home/user/projects/securedrop-workstation/rpm-build/RPMS/noarch/securedrop-workstation-dom0-config-0.11.1rc2-1.fc32.noarch.rpm
Executing(%clean): /bin/sh -e /var/tmp/rpm-tmp.FkRSva
+ umask 022
+ cd /home/user/projects/securedrop-workstation/rpm-build/BUILD
+ cd securedrop-workstation-dom0-config-0.11.1rc2
+ /usr/bin/rm -rf /home/user/projects/securedrop-workstation/rpm-build/BUILDROOT/securedrop-workstation-dom0-config-0.11.1rc2-1.fc32.x86_64
+ RPM_EC=0
++ jobs -p
+ exit 0
Executing(--clean): /bin/sh -e /var/tmp/rpm-tmp.UJCI9c
+ umask 022
+ cd /home/user/projects/securedrop-workstation/rpm-build/BUILD
+ rm -rf securedrop-workstation-dom0-config-0.11.1rc2
+ RPM_EC=0
++ jobs -p
+ exit 0
checking mtimes in securedrop-workstation-dom0-config-0.11.1rc2-1.fc32.noarch.rpm: 2024-06-02 00:00:00+00:00

Build complete! RPMs and their checksums are:

bfc3e7967463ad39e3cd2ba7d838025852da39296d13b471224ba16d3878808f  rpm-build/RPMS/noarch/securedrop-workstation-dom0-config-0.11.1rc2-1.fc32.noarch.rpm
user@sd-dev:~/projects/securedrop-workstation$ git tag -v 0.11.1-rc2
object ddaee42fd40428ef0e5dd8cb09a9983eebd199bf
type commit
tag 0.11.1-rc2
tagger Ro <ro@freedom.press> 1719876899 -0400

0.11.1-rc2
gpg: Signature made Mon Jul  1 19:35:06 2024 EDT
gpg:                using RSA key 720196FD0038EB89B2DF8C00A0F5B05898819C49
gpg: Good signature from "Rowen S <ro@freedom.press>" [ultimate]

