user@sd-dev:~/projects/securedrop-workstation$ git tag -v 0.11.1
object 9710b48a39f7624954cf274b9ea195f07e2b913b
type commit
tag 0.11.1
tagger Kevin O'Gorman <kog@freedom.press> 1719940357 -0400

SecureDrop Workstation 0.11.1
gpg: Signature made Tue Jul  2 13:14:05 2024 EDT
gpg:                using RSA key 2359E6538C0613E652955E6C188EDD3B7B22E6A3
gpg: Good signature from "SecureDrop Release Signing Key <securedrop-release-key-2021@freedom.press>" [unknown]
gpg: WARNING: This key is not certified with a trusted signature!
gpg:          There is no indication that the signature belongs to the owner.
Primary key fingerprint: 2359 E653 8C06 13E6 5295  5E6C 188E DD3B 7B22 E6A3
user@sd-dev:~/projects/securedrop-workstation$ git checkout 0.11.1
Note: switching to '0.11.1'.

You are in 'detached HEAD' state. You can look around, make experimental
changes and commit them, and you can discard any commits you make in this
state without impacting any branches by switching back to a branch.

If you want to create a new branch to retain commits you create, you may
do so (now or later) by using -c with the switch command. Example:

  git switch -c <new-branch-name>

Or undo this operation with:

  git switch -

Turn off this advice by setting config variable advice.detachedHead to false

HEAD is now at 9710b48 Merge pull request #1120 from freedomofpress/0.11.1-changelog
user@sd-dev:~/projects/securedrop-workstation$ git show
commit 9710b48a39f7624954cf274b9ea195f07e2b913b (HEAD, tag: 0.11.1, upstream/release/0.11.1)
Merge: ddaee42 1784829
Author: rocodes <ro@freedom.press>
Date:   Tue Jul 2 13:00:55 2024 -0400

    Merge pull request #1120 from freedomofpress/0.11.1-changelog
    
    [4.1] Update version to 0.11.1

user@sd-dev:~/projects/securedrop-workstation$ make build-rpm
grep: /etc/fedora-release: No such file or directory
USE_BUILD_CONTAINER=true ./scripts/container.sh ./scripts/build-rpm.sh
STEP 1: FROM registry.fedoraproject.org/fedora:32
STEP 2: LABEL org="Freedom of the Press"
--> Using cache 005d06c8a39fc1d4f92d2c8a2c79bdcb7eb9b679c23f8e98cc144f2723ff534d
--> 005d06c8a39
STEP 3: LABEL image_name="securedrop-workstation-qubes-4.1"
--> Using cache ed54c99ea4bef5c88d78272381261a0743343dc8d9340da41bcedd95cad20690
--> ed54c99ea4b
STEP 4: ARG USER_NAME
--> Using cache 463bae7b47c07c8360053d7a242d783bb1d0e00eb95bd539d0445e1e82446db5
--> 463bae7b47c
STEP 5: ENV USER_NAME ${USER_NAME:-root}
--> Using cache d1e48ccff99e25fb62d9dfef2a18e74867d3b5754135be2cd301d76faa1c6078
--> d1e48ccff99
STEP 6: ARG USER_ID
--> Using cache 0b7507150a3ee4e87dcd9f9290fbc508576ec3eff1281d6e78e53dd7b5711fda
--> 0b7507150a3
STEP 7: ENV USER_ID ${USER_ID:-0}
--> Using cache b60d1ce6eb1658ad033b4add2138208daf1778e5a638b72289cec74b3b0f1660
--> b60d1ce6eb1
STEP 8: RUN dnf install -y make
--> Using cache 8b2d432cde9d452149476e447852a6b28e2291b3043fbc471a4991f6f527280b
--> 8b2d432cde9
STEP 9: COPY Makefile Makefile
--> Using cache 6a1fd41154184a84efe24beef7c3cf368963c5ce791b7de3a0b7c7cf6979b6f7
--> 6a1fd411541
STEP 10: RUN make install-deps
--> Using cache 3904b665eb42cfa946112abd15aadfe2961a503e165558a5039c7c346f525584
--> 3904b665eb4
STEP 11: RUN if test $USER_NAME != root ; then useradd --no-create-home --home-dir /tmp --uid $USER_ID $USER_NAME && echo "$USER_NAME ALL=(ALL) NOPASSWD:ALL" >> /etc/sudoers ; fi
--> Using cache c7871775879516bf1978c2349d8bf2eb0855874638acd38817136b75e13d2ea7
STEP 12: COMMIT securedrop-workstation-dom0-config
--> c7871775879
c7871775879516bf1978c2349d8bf2eb0855874638acd38817136b75e13d2ea7
Removing dist/
Removing rpm-build/RPMS/noarch/securedrop-workstation-dom0-config-0.11.1rc2-1.fc32.noarch.rpm
Removing rpm-build/SOURCES/securedrop-workstation-dom0-config-0.11.1rc2.tar.gz
running sdist
running egg_info
writing securedrop_workstation_dom0_config.egg-info/PKG-INFO
writing dependency_links to securedrop_workstation_dom0_config.egg-info/dependency_links.txt
writing top-level names to securedrop_workstation_dom0_config.egg-info/top_level.txt
reading manifest file 'securedrop_workstation_dom0_config.egg-info/SOURCES.txt'
reading manifest template 'MANIFEST.in'
writing manifest file 'securedrop_workstation_dom0_config.egg-info/SOURCES.txt'
running check
creating securedrop-workstation-dom0-config-0.11.1
creating securedrop-workstation-dom0-config-0.11.1/dom0
creating securedrop-workstation-dom0-config-0.11.1/files
creating securedrop-workstation-dom0-config-0.11.1/launcher
creating securedrop-workstation-dom0-config-0.11.1/launcher/sdw_notify
creating securedrop-workstation-dom0-config-0.11.1/launcher/sdw_updater_gui
creating securedrop-workstation-dom0-config-0.11.1/launcher/sdw_util
creating securedrop-workstation-dom0-config-0.11.1/sd-app
creating securedrop-workstation-dom0-config-0.11.1/sd-proxy
creating securedrop-workstation-dom0-config-0.11.1/sd-whonix
creating securedrop-workstation-dom0-config-0.11.1/sd-workstation
creating securedrop-workstation-dom0-config-0.11.1/securedrop_workstation_dom0_config.egg-info
creating securedrop-workstation-dom0-config-0.11.1/sys-firewall
creating securedrop-workstation-dom0-config-0.11.1/tests
creating securedrop-workstation-dom0-config-0.11.1/usb-autoattach
copying files to securedrop-workstation-dom0-config-0.11.1...
copying LICENSE -> securedrop-workstation-dom0-config-0.11.1
copying MANIFEST.in -> securedrop-workstation-dom0-config-0.11.1
copying README.md -> securedrop-workstation-dom0-config-0.11.1
copying VERSION -> securedrop-workstation-dom0-config-0.11.1
copying pyproject.toml -> securedrop-workstation-dom0-config-0.11.1
copying setup.py -> securedrop-workstation-dom0-config-0.11.1
copying dom0/dom0-xfce-desktop-file.j2 -> securedrop-workstation-dom0-config-0.11.1/dom0
copying dom0/fpf-apt-repo.sls -> securedrop-workstation-dom0-config-0.11.1/dom0
copying dom0/remove-tags -> securedrop-workstation-dom0-config-0.11.1/dom0
copying dom0/sd-app-config.sls -> securedrop-workstation-dom0-config-0.11.1/dom0
copying dom0/sd-app-files.sls -> securedrop-workstation-dom0-config-0.11.1/dom0
copying dom0/sd-app.sls -> securedrop-workstation-dom0-config-0.11.1/dom0
copying dom0/sd-clean-all.sls -> securedrop-workstation-dom0-config-0.11.1/dom0
copying dom0/sd-clean-default-dispvm.sls -> securedrop-workstation-dom0-config-0.11.1/dom0
copying dom0/sd-default-config.sls -> securedrop-workstation-dom0-config-0.11.1/dom0
copying dom0/sd-default-config.yml -> securedrop-workstation-dom0-config-0.11.1/dom0
copying dom0/sd-devices-files.sls -> securedrop-workstation-dom0-config-0.11.1/dom0
copying dom0/sd-devices.sls -> securedrop-workstation-dom0-config-0.11.1/dom0
copying dom0/sd-dom0-crontab.sls -> securedrop-workstation-dom0-config-0.11.1/dom0
copying dom0/sd-dom0-files.sls -> securedrop-workstation-dom0-config-0.11.1/dom0
copying dom0/sd-dom0-qvm-rpc.sls -> securedrop-workstation-dom0-config-0.11.1/dom0
copying dom0/sd-dom0-systemd.sls -> securedrop-workstation-dom0-config-0.11.1/dom0
copying dom0/sd-gpg-files.sls -> securedrop-workstation-dom0-config-0.11.1/dom0
copying dom0/sd-gpg.sls -> securedrop-workstation-dom0-config-0.11.1/dom0
copying dom0/sd-log.sls -> securedrop-workstation-dom0-config-0.11.1/dom0
copying dom0/sd-logging-setup.sls -> securedrop-workstation-dom0-config-0.11.1/dom0
copying dom0/sd-mime-handling.sls -> securedrop-workstation-dom0-config-0.11.1/dom0
copying dom0/sd-proxy-files.sls -> securedrop-workstation-dom0-config-0.11.1/dom0
copying dom0/sd-proxy-template-files.sls -> securedrop-workstation-dom0-config-0.11.1/dom0
copying dom0/sd-proxy.sls -> securedrop-workstation-dom0-config-0.11.1/dom0
copying dom0/sd-remove-unused-templates.sls -> securedrop-workstation-dom0-config-0.11.1/dom0
copying dom0/sd-rsyslog.conf.j2 -> securedrop-workstation-dom0-config-0.11.1/dom0
copying dom0/sd-sys-vms.sls -> securedrop-workstation-dom0-config-0.11.1/dom0
copying dom0/sd-sys-whonix-vms.sls -> securedrop-workstation-dom0-config-0.11.1/dom0
copying dom0/sd-upgrade-templates.sls -> securedrop-workstation-dom0-config-0.11.1/dom0
copying dom0/sd-usb-autoattach-add.sls -> securedrop-workstation-dom0-config-0.11.1/dom0
copying dom0/sd-usb-autoattach-remove.sls -> securedrop-workstation-dom0-config-0.11.1/dom0
copying dom0/sd-viewer-files.sls -> securedrop-workstation-dom0-config-0.11.1/dom0
copying dom0/sd-viewer.sls -> securedrop-workstation-dom0-config-0.11.1/dom0
copying dom0/sd-whonix-hidserv-key.sls -> securedrop-workstation-dom0-config-0.11.1/dom0
copying dom0/sd-whonix.sls -> securedrop-workstation-dom0-config-0.11.1/dom0
copying dom0/sd-workstation-template-files.sls -> securedrop-workstation-dom0-config-0.11.1/dom0
copying dom0/sd-workstation-template.sls -> securedrop-workstation-dom0-config-0.11.1/dom0
copying dom0/sd-workstation.top -> securedrop-workstation-dom0-config-0.11.1/dom0
copying dom0/sdlog.conf -> securedrop-workstation-dom0-config-0.11.1/dom0
copying dom0/securedrop-check-migration -> securedrop-workstation-dom0-config-0.11.1/dom0
copying dom0/securedrop-handle-upgrade -> securedrop-workstation-dom0-config-0.11.1/dom0
copying dom0/securedrop-launcher.desktop -> securedrop-workstation-dom0-config-0.11.1/dom0
copying dom0/securedrop-login -> securedrop-workstation-dom0-config-0.11.1/dom0
copying dom0/update-xfce-settings -> securedrop-workstation-dom0-config-0.11.1/dom0
copying files/clean-salt -> securedrop-workstation-dom0-config-0.11.1/files
copying files/config.json.example -> securedrop-workstation-dom0-config-0.11.1/files
copying files/destroy-vm -> securedrop-workstation-dom0-config-0.11.1/files
copying files/provision-all -> securedrop-workstation-dom0-config-0.11.1/files
copying files/sdw-admin.py -> securedrop-workstation-dom0-config-0.11.1/files
copying files/securedrop-user-dom0-rpm-key-reimport.service -> securedrop-workstation-dom0-config-0.11.1/files
copying files/validate_config.py -> securedrop-workstation-dom0-config-0.11.1/files
copying launcher/sdw-launcher.py -> securedrop-workstation-dom0-config-0.11.1/launcher
copying launcher/sdw-notify.py -> securedrop-workstation-dom0-config-0.11.1/launcher
copying launcher/sdw_notify/Notify.py -> securedrop-workstation-dom0-config-0.11.1/launcher/sdw_notify
copying launcher/sdw_notify/NotifyApp.py -> securedrop-workstation-dom0-config-0.11.1/launcher/sdw_notify
copying launcher/sdw_notify/strings.py -> securedrop-workstation-dom0-config-0.11.1/launcher/sdw_notify
copying launcher/sdw_updater_gui/Updater.py -> securedrop-workstation-dom0-config-0.11.1/launcher/sdw_updater_gui
copying launcher/sdw_updater_gui/UpdaterApp.py -> securedrop-workstation-dom0-config-0.11.1/launcher/sdw_updater_gui
copying launcher/sdw_updater_gui/UpdaterAppUiQt5.py -> securedrop-workstation-dom0-config-0.11.1/launcher/sdw_updater_gui
copying launcher/sdw_updater_gui/strings.py -> securedrop-workstation-dom0-config-0.11.1/launcher/sdw_updater_gui
copying launcher/sdw_util/Util.py -> securedrop-workstation-dom0-config-0.11.1/launcher/sdw_util
copying sd-app/config.json.j2 -> securedrop-workstation-dom0-config-0.11.1/sd-app
copying sd-proxy/mimeapps.list -> securedrop-workstation-dom0-config-0.11.1/sd-proxy
copying sd-proxy/sd-proxy.yaml -> securedrop-workstation-dom0-config-0.11.1/sd-proxy
copying sd-whonix/app-journalist.yaml -> securedrop-workstation-dom0-config-0.11.1/sd-whonix
copying sd-workstation/apt-test-pubkey.asc -> securedrop-workstation-dom0-config-0.11.1/sd-workstation
copying sd-workstation/logo-small.png -> securedrop-workstation-dom0-config-0.11.1/sd-workstation
copying sd-workstation/securedrop-release-signing-pubkey-2021.asc -> securedrop-workstation-dom0-config-0.11.1/sd-workstation
copying securedrop_workstation_dom0_config.egg-info/PKG-INFO -> securedrop-workstation-dom0-config-0.11.1/securedrop_workstation_dom0_config.egg-info
copying securedrop_workstation_dom0_config.egg-info/SOURCES.txt -> securedrop-workstation-dom0-config-0.11.1/securedrop_workstation_dom0_config.egg-info
copying securedrop_workstation_dom0_config.egg-info/dependency_links.txt -> securedrop-workstation-dom0-config-0.11.1/securedrop_workstation_dom0_config.egg-info
copying securedrop_workstation_dom0_config.egg-info/top_level.txt -> securedrop-workstation-dom0-config-0.11.1/securedrop_workstation_dom0_config.egg-info
copying sys-firewall/sd-copy-rpm-repo-pubkey.sh -> securedrop-workstation-dom0-config-0.11.1/sys-firewall
copying tests/test_app.py -> securedrop-workstation-dom0-config-0.11.1/tests
copying tests/test_dom0_rpm_repo.py -> securedrop-workstation-dom0-config-0.11.1/tests
copying tests/test_gpg.py -> securedrop-workstation-dom0-config-0.11.1/tests
copying tests/test_log_vm.py -> securedrop-workstation-dom0-config-0.11.1/tests
copying tests/test_proxy_vm.py -> securedrop-workstation-dom0-config-0.11.1/tests
copying tests/test_qubes_rpc.py -> securedrop-workstation-dom0-config-0.11.1/tests
copying tests/test_qubes_vms.py -> securedrop-workstation-dom0-config-0.11.1/tests
copying tests/test_sd_devices.py -> securedrop-workstation-dom0-config-0.11.1/tests
copying tests/test_sd_whonix.py -> securedrop-workstation-dom0-config-0.11.1/tests
copying tests/test_sys_usb.py -> securedrop-workstation-dom0-config-0.11.1/tests
copying tests/test_viewer.py -> securedrop-workstation-dom0-config-0.11.1/tests
copying tests/test_vms_exist.py -> securedrop-workstation-dom0-config-0.11.1/tests
copying tests/test_vms_platform.py -> securedrop-workstation-dom0-config-0.11.1/tests
copying usb-autoattach/99-sd-devices.rules -> securedrop-workstation-dom0-config-0.11.1/usb-autoattach
copying usb-autoattach/sd-attach-export-device -> securedrop-workstation-dom0-config-0.11.1/usb-autoattach
Writing securedrop-workstation-dom0-config-0.11.1/setup.cfg
creating dist
Creating tar archive
removing 'securedrop-workstation-dom0-config-0.11.1' (and everything under it)
setting SOURCE_DATE_EPOCH=1719878400
Executing(%prep): /bin/sh -e /var/tmp/rpm-tmp.itemoG
+ umask 022
+ cd /home/user/projects/securedrop-workstation/rpm-build/BUILD
+ cd /home/user/projects/securedrop-workstation/rpm-build/BUILD
+ rm -rf securedrop-workstation-dom0-config-0.11.1
+ /usr/bin/gzip -dc /home/user/projects/securedrop-workstation/rpm-build/SOURCES/securedrop-workstation-dom0-config-0.11.1.tar.gz
+ /usr/bin/tar -xof -
/usr/bin/tar: securedrop-workstation-dom0-config-0.11.1/LICENSE: time stamp 2024-07-03 17:18:01 is 86370.056557256 s in the future
/usr/bin/tar: securedrop-workstation-dom0-config-0.11.1/MANIFEST.in: time stamp 2024-07-03 17:18:10 is 86379.056132814 s in the future
/usr/bin/tar: securedrop-workstation-dom0-config-0.11.1/README.md: time stamp 2024-07-03 17:18:09 is 86378.054966161 s in the future
/usr/bin/tar: securedrop-workstation-dom0-config-0.11.1/VERSION: time stamp 2024-07-03 17:17:43 is 86352.0546674 s in the future
/usr/bin/tar: securedrop-workstation-dom0-config-0.11.1/dom0/dom0-xfce-desktop-file.j2: time stamp 2024-07-03 17:17:44 is 86353.054203037 s in the future
/usr/bin/tar: securedrop-workstation-dom0-config-0.11.1/dom0/fpf-apt-repo.sls: time stamp 2024-07-03 17:17:44 is 86353.053832143 s in the future
/usr/bin/tar: securedrop-workstation-dom0-config-0.11.1/dom0/remove-tags: time stamp 2024-07-03 17:17:44 is 86353.053117211 s in the future
/usr/bin/tar: securedrop-workstation-dom0-config-0.11.1/dom0/sd-app-config.sls: time stamp 2024-07-03 17:17:44 is 86353.052808044 s in the future
/usr/bin/tar: securedrop-workstation-dom0-config-0.11.1/dom0/sd-app-files.sls: time stamp 2024-07-03 17:17:44 is 86353.05260582 s in the future
/usr/bin/tar: securedrop-workstation-dom0-config-0.11.1/dom0/sd-app.sls: time stamp 2024-07-03 17:17:44 is 86353.052366458 s in the future
/usr/bin/tar: securedrop-workstation-dom0-config-0.11.1/dom0/sd-clean-all.sls: time stamp 2024-07-03 17:17:44 is 86353.052191477 s in the future
/usr/bin/tar: securedrop-workstation-dom0-config-0.11.1/dom0/sd-clean-default-dispvm.sls: time stamp 2024-07-03 17:17:44 is 86353.052018276 s in the future
/usr/bin/tar: securedrop-workstation-dom0-config-0.11.1/dom0/sd-default-config.sls: time stamp 2024-07-03 17:17:44 is 86353.051856549 s in the future
/usr/bin/tar: securedrop-workstation-dom0-config-0.11.1/dom0/sd-default-config.yml: time stamp 2024-07-03 17:17:44 is 86353.051694522 s in the future
/usr/bin/tar: securedrop-workstation-dom0-config-0.11.1/dom0/sd-devices-files.sls: time stamp 2024-07-03 17:17:44 is 86353.051467606 s in the future
/usr/bin/tar: securedrop-workstation-dom0-config-0.11.1/dom0/sd-devices.sls: time stamp 2024-07-03 17:17:44 is 86353.051317337 s in the future
/usr/bin/tar: securedrop-workstation-dom0-config-0.11.1/dom0/sd-dom0-crontab.sls: time stamp 2024-07-03 17:17:44 is 86353.051137127 s in the future
/usr/bin/tar: securedrop-workstation-dom0-config-0.11.1/dom0/sd-dom0-files.sls: time stamp 2024-07-03 17:17:44 is 86353.050833731 s in the future
/usr/bin/tar: securedrop-workstation-dom0-config-0.11.1/dom0/sd-dom0-qvm-rpc.sls: time stamp 2024-07-03 17:17:44 is 86353.050659905 s in the future
/usr/bin/tar: securedrop-workstation-dom0-config-0.11.1/dom0/sd-dom0-systemd.sls: time stamp 2024-07-03 17:17:44 is 86353.050437895 s in the future
/usr/bin/tar: securedrop-workstation-dom0-config-0.11.1/dom0/sd-gpg-files.sls: time stamp 2024-07-03 17:17:44 is 86353.050268986 s in the future
/usr/bin/tar: securedrop-workstation-dom0-config-0.11.1/dom0/sd-gpg.sls: time stamp 2024-07-03 17:17:44 is 86353.050105142 s in the future
/usr/bin/tar: securedrop-workstation-dom0-config-0.11.1/dom0/sd-log.sls: time stamp 2024-07-03 17:17:44 is 86353.049824474 s in the future
/usr/bin/tar: securedrop-workstation-dom0-config-0.11.1/dom0/sd-logging-setup.sls: time stamp 2024-07-03 17:17:44 is 86353.049563803 s in the future
/usr/bin/tar: securedrop-workstation-dom0-config-0.11.1/dom0/sd-mime-handling.sls: time stamp 2024-07-03 17:17:44 is 86353.049342644 s in the future
/usr/bin/tar: securedrop-workstation-dom0-config-0.11.1/dom0/sd-proxy-files.sls: time stamp 2024-07-03 17:17:44 is 86353.049174901 s in the future
/usr/bin/tar: securedrop-workstation-dom0-config-0.11.1/dom0/sd-proxy-template-files.sls: time stamp 2024-07-03 17:17:44 is 86353.048955014 s in the future
/usr/bin/tar: securedrop-workstation-dom0-config-0.11.1/dom0/sd-proxy.sls: time stamp 2024-07-03 17:17:44 is 86353.048716625 s in the future
/usr/bin/tar: securedrop-workstation-dom0-config-0.11.1/dom0/sd-remove-unused-templates.sls: time stamp 2024-07-03 17:17:44 is 86353.04849807 s in the future
/usr/bin/tar: securedrop-workstation-dom0-config-0.11.1/dom0/sd-rsyslog.conf.j2: time stamp 2024-07-03 17:17:44 is 86353.048360132 s in the future
/usr/bin/tar: securedrop-workstation-dom0-config-0.11.1/dom0/sd-sys-vms.sls: time stamp 2024-07-03 17:17:44 is 86353.048204494 s in the future
/usr/bin/tar: securedrop-workstation-dom0-config-0.11.1/dom0/sd-sys-whonix-vms.sls: time stamp 2024-07-03 17:17:44 is 86353.048057187 s in the future
/usr/bin/tar: securedrop-workstation-dom0-config-0.11.1/dom0/sd-upgrade-templates.sls: time stamp 2024-07-03 17:17:44 is 86353.047913919 s in the future
/usr/bin/tar: securedrop-workstation-dom0-config-0.11.1/dom0/sd-usb-autoattach-add.sls: time stamp 2024-07-03 17:17:44 is 86353.047746707 s in the future
/usr/bin/tar: securedrop-workstation-dom0-config-0.11.1/dom0/sd-usb-autoattach-remove.sls: time stamp 2024-07-03 17:17:44 is 86353.047485309 s in the future
/usr/bin/tar: securedrop-workstation-dom0-config-0.11.1/dom0/sd-viewer-files.sls: time stamp 2024-07-03 17:17:44 is 86353.047302694 s in the future
/usr/bin/tar: securedrop-workstation-dom0-config-0.11.1/dom0/sd-viewer.sls: time stamp 2024-07-03 17:17:44 is 86353.047136671 s in the future
/usr/bin/tar: securedrop-workstation-dom0-config-0.11.1/dom0/sd-whonix-hidserv-key.sls: time stamp 2024-07-03 17:17:44 is 86353.046963072 s in the future
/usr/bin/tar: securedrop-workstation-dom0-config-0.11.1/dom0/sd-whonix.sls: time stamp 2024-07-03 17:17:44 is 86353.046699711 s in the future
/usr/bin/tar: securedrop-workstation-dom0-config-0.11.1/dom0/sd-workstation-template-files.sls: time stamp 2024-07-03 17:17:44 is 86353.046465217 s in the future
/usr/bin/tar: securedrop-workstation-dom0-config-0.11.1/dom0/sd-workstation-template.sls: time stamp 2024-07-03 17:17:44 is 86353.046311815 s in the future
/usr/bin/tar: securedrop-workstation-dom0-config-0.11.1/dom0/sd-workstation.top: time stamp 2024-07-03 17:17:44 is 86353.046029292 s in the future
/usr/bin/tar: securedrop-workstation-dom0-config-0.11.1/dom0/sdlog.conf: time stamp 2024-07-03 17:17:44 is 86353.045859603 s in the future
/usr/bin/tar: securedrop-workstation-dom0-config-0.11.1/dom0/securedrop-check-migration: time stamp 2024-07-03 17:17:44 is 86353.045700433 s in the future
/usr/bin/tar: securedrop-workstation-dom0-config-0.11.1/dom0/securedrop-handle-upgrade: time stamp 2024-07-03 17:17:44 is 86353.045504364 s in the future
/usr/bin/tar: securedrop-workstation-dom0-config-0.11.1/dom0/securedrop-launcher.desktop: time stamp 2024-07-03 17:17:44 is 86353.045331658 s in the future
/usr/bin/tar: securedrop-workstation-dom0-config-0.11.1/dom0/securedrop-login: time stamp 2024-07-03 17:17:44 is 86353.045169544 s in the future
/usr/bin/tar: securedrop-workstation-dom0-config-0.11.1/dom0/update-xfce-settings: time stamp 2024-07-03 17:17:44 is 86353.04499964 s in the future
/usr/bin/tar: securedrop-workstation-dom0-config-0.11.1/files/clean-salt: time stamp 2024-07-03 17:18:01 is 86370.044720689 s in the future
/usr/bin/tar: securedrop-workstation-dom0-config-0.11.1/files/config.json.example: time stamp 2024-07-03 17:18:01 is 86370.044527482 s in the future
/usr/bin/tar: securedrop-workstation-dom0-config-0.11.1/files/destroy-vm: time stamp 2024-07-03 17:18:01 is 86370.044341027 s in the future
/usr/bin/tar: securedrop-workstation-dom0-config-0.11.1/files/provision-all: time stamp 2024-07-03 17:18:01 is 86370.044186146 s in the future
/usr/bin/tar: securedrop-workstation-dom0-config-0.11.1/files/sdw-admin.py: time stamp 2024-07-03 17:18:01 is 86370.044008507 s in the future
/usr/bin/tar: securedrop-workstation-dom0-config-0.11.1/files/securedrop-user-dom0-rpm-key-reimport.service: time stamp 2024-07-03 17:18:01 is 86370.04385088 s in the future
/usr/bin/tar: securedrop-workstation-dom0-config-0.11.1/files/validate_config.py: time stamp 2024-07-03 17:18:01 is 86370.043532593 s in the future
/usr/bin/tar: securedrop-workstation-dom0-config-0.11.1/launcher/sdw-launcher.py: time stamp 2024-07-03 17:18:01 is 86370.043292921 s in the future
/usr/bin/tar: securedrop-workstation-dom0-config-0.11.1/launcher/sdw-notify.py: time stamp 2024-07-03 17:18:01 is 86370.042776301 s in the future
/usr/bin/tar: securedrop-workstation-dom0-config-0.11.1/launcher/sdw_notify/Notify.py: time stamp 2024-07-03 17:18:01 is 86370.042380651 s in the future
/usr/bin/tar: securedrop-workstation-dom0-config-0.11.1/launcher/sdw_notify/NotifyApp.py: time stamp 2024-07-03 17:18:01 is 86370.04206791 s in the future
/usr/bin/tar: securedrop-workstation-dom0-config-0.11.1/launcher/sdw_notify/strings.py: time stamp 2024-07-03 17:18:01 is 86370.04185526 s in the future
/usr/bin/tar: securedrop-workstation-dom0-config-0.11.1/launcher/sdw_updater_gui/Updater.py: time stamp 2024-07-03 17:18:01 is 86370.041571413 s in the future
/usr/bin/tar: securedrop-workstation-dom0-config-0.11.1/launcher/sdw_updater_gui/UpdaterApp.py: time stamp 2024-07-03 17:18:01 is 86370.041360113 s in the future
/usr/bin/tar: securedrop-workstation-dom0-config-0.11.1/launcher/sdw_updater_gui/UpdaterAppUiQt5.py: time stamp 2024-07-03 17:18:01 is 86370.041157427 s in the future
/usr/bin/tar: securedrop-workstation-dom0-config-0.11.1/launcher/sdw_updater_gui/strings.py: time stamp 2024-07-03 17:18:01 is 86370.040930418 s in the future
/usr/bin/tar: securedrop-workstation-dom0-config-0.11.1/launcher/sdw_util/Util.py: time stamp 2024-07-03 17:18:01 is 86370.040672591 s in the future
/usr/bin/tar: securedrop-workstation-dom0-config-0.11.1/pyproject.toml: time stamp 2024-07-03 17:17:43 is 86352.040464918 s in the future
/usr/bin/tar: securedrop-workstation-dom0-config-0.11.1/sd-app/config.json.j2: time stamp 2024-07-03 17:17:44 is 86353.040223703 s in the future
/usr/bin/tar: securedrop-workstation-dom0-config-0.11.1/sd-proxy/mimeapps.list: time stamp 2024-07-03 17:18:09 is 86378.038407394 s in the future
/usr/bin/tar: securedrop-workstation-dom0-config-0.11.1/sd-proxy/sd-proxy.yaml: time stamp 2024-07-03 17:18:09 is 86378.0383227 s in the future
/usr/bin/tar: securedrop-workstation-dom0-config-0.11.1/sd-whonix/app-journalist.yaml: time stamp 2024-07-03 17:18:01 is 86370.038209004 s in the future
/usr/bin/tar: securedrop-workstation-dom0-config-0.11.1/sd-workstation/apt-test-pubkey.asc: time stamp 2024-07-03 17:18:01 is 86370.038078856 s in the future
/usr/bin/tar: securedrop-workstation-dom0-config-0.11.1/sd-workstation/logo-small.png: time stamp 2024-07-03 17:18:01 is 86370.037988706 s in the future
/usr/bin/tar: securedrop-workstation-dom0-config-0.11.1/sd-workstation/securedrop-release-signing-pubkey-2021.asc: time stamp 2024-07-03 17:18:01 is 86370.037909247 s in the future
/usr/bin/tar: securedrop-workstation-dom0-config-0.11.1/setup.py: time stamp 2024-07-03 17:17:44 is 86353.03757354 s in the future
/usr/bin/tar: securedrop-workstation-dom0-config-0.11.1/sys-firewall/sd-copy-rpm-repo-pubkey.sh: time stamp 2024-07-03 17:18:09 is 86378.037463965 s in the future
/usr/bin/tar: securedrop-workstation-dom0-config-0.11.1/tests/test_app.py: time stamp 2024-07-03 17:17:44 is 86353.03712974 s in the future
/usr/bin/tar: securedrop-workstation-dom0-config-0.11.1/tests/test_dom0_rpm_repo.py: time stamp 2024-07-03 17:17:43 is 86352.037023041 s in the future
/usr/bin/tar: securedrop-workstation-dom0-config-0.11.1/tests/test_gpg.py: time stamp 2024-07-03 17:17:44 is 86353.036927714 s in the future
/usr/bin/tar: securedrop-workstation-dom0-config-0.11.1/tests/test_log_vm.py: time stamp 2024-07-03 17:17:44 is 86353.036860777 s in the future
/usr/bin/tar: securedrop-workstation-dom0-config-0.11.1/tests/test_proxy_vm.py: time stamp 2024-07-03 17:17:44 is 86353.036776136 s in the future
/usr/bin/tar: securedrop-workstation-dom0-config-0.11.1/tests/test_qubes_rpc.py: time stamp 2024-07-03 17:17:44 is 86353.03661477 s in the future
/usr/bin/tar: securedrop-workstation-dom0-config-0.11.1/tests/test_qubes_vms.py: time stamp 2024-07-03 17:17:43 is 86352.036532638 s in the future
/usr/bin/tar: securedrop-workstation-dom0-config-0.11.1/tests/test_sd_devices.py: time stamp 2024-07-03 17:17:44 is 86353.036428071 s in the future
/usr/bin/tar: securedrop-workstation-dom0-config-0.11.1/tests/test_sd_whonix.py: time stamp 2024-07-03 17:17:43 is 86352.036350439 s in the future
/usr/bin/tar: securedrop-workstation-dom0-config-0.11.1/tests/test_sys_usb.py: time stamp 2024-07-03 17:17:44 is 86353.036255307 s in the future
/usr/bin/tar: securedrop-workstation-dom0-config-0.11.1/tests/test_viewer.py: time stamp 2024-07-03 17:17:44 is 86353.036054994 s in the future
/usr/bin/tar: securedrop-workstation-dom0-config-0.11.1/tests/test_vms_exist.py: time stamp 2024-07-03 17:17:44 is 86353.035943364 s in the future
/usr/bin/tar: securedrop-workstation-dom0-config-0.11.1/tests/test_vms_platform.py: time stamp 2024-07-03 17:17:44 is 86353.035791587 s in the future
/usr/bin/tar: securedrop-workstation-dom0-config-0.11.1/usb-autoattach/99-sd-devices.rules: time stamp 2024-07-03 17:17:44 is 86353.035606079 s in the future
/usr/bin/tar: securedrop-workstation-dom0-config-0.11.1/usb-autoattach/sd-attach-export-device: time stamp 2024-07-03 17:17:44 is 86353.035520514 s in the future
+ STATUS=0
+ '[' 0 -ne 0 ']'
+ cd securedrop-workstation-dom0-config-0.11.1
+ /usr/bin/chmod -Rf a+rX,u+w,g-w,o-w .
+ RPM_EC=0
++ jobs -p
+ exit 0
Executing(%build): /bin/sh -e /var/tmp/rpm-tmp.ZzEjUG
+ umask 022
+ cd /home/user/projects/securedrop-workstation/rpm-build/BUILD
+ cd securedrop-workstation-dom0-config-0.11.1
+ RPM_EC=0
++ jobs -p
+ exit 0
Executing(%install): /bin/sh -e /var/tmp/rpm-tmp.XaOI9I
+ umask 022
+ cd /home/user/projects/securedrop-workstation/rpm-build/BUILD
+ '[' /home/user/projects/securedrop-workstation/rpm-build/BUILDROOT/securedrop-workstation-dom0-config-0.11.1-1.fc32.x86_64 '!=' / ']'
+ rm -rf /home/user/projects/securedrop-workstation/rpm-build/BUILDROOT/securedrop-workstation-dom0-config-0.11.1-1.fc32.x86_64
++ dirname /home/user/projects/securedrop-workstation/rpm-build/BUILDROOT/securedrop-workstation-dom0-config-0.11.1-1.fc32.x86_64
+ mkdir -p /home/user/projects/securedrop-workstation/rpm-build/BUILDROOT
+ mkdir /home/user/projects/securedrop-workstation/rpm-build/BUILDROOT/securedrop-workstation-dom0-config-0.11.1-1.fc32.x86_64
+ cd securedrop-workstation-dom0-config-0.11.1
+ /usr/bin/python3 -m pip install --no-compile --no-index --no-build-isolation --root /home/user/projects/securedrop-workstation/rpm-build/BUILDROOT/securedrop-workstation-dom0-config-0.11.1-1.fc32.x86_64 .
Processing /home/user/projects/securedrop-workstation/rpm-build/BUILD/securedrop-workstation-dom0-config-0.11.1
    Preparing wheel metadata ... done
Building wheels for collected packages: securedrop-workstation-dom0-config
  Building wheel for securedrop-workstation-dom0-config (PEP 517) ... done
  Created wheel for securedrop-workstation-dom0-config: filename=securedrop_workstation_dom0_config-0.11.1-cp38-none-any.whl size=19096 sha256=549f1a8b91f904de74986b73ba37703dc4fe2cddc3b8bbb133348ea3176c8b69
  Stored in directory: /tmp/.cache/pip/wheels/dd/ab/2c/2844a29cf85cb6f124f8779a07b5934d07a232a522892d540f
Successfully built securedrop-workstation-dom0-config
Installing collected packages: securedrop-workstation-dom0-config
Successfully installed securedrop-workstation-dom0-config-0.11.1
+ install -m 755 -d /home/user/projects/securedrop-workstation/rpm-build/BUILDROOT/securedrop-workstation-dom0-config-0.11.1-1.fc32.x86_64/opt/securedrop/launcher/sdw_updater_gui
+ install -m 755 -d /home/user/projects/securedrop-workstation/rpm-build/BUILDROOT/securedrop-workstation-dom0-config-0.11.1-1.fc32.x86_64/opt/securedrop/launcher/sdw_notify
+ install -m 755 -d /home/user/projects/securedrop-workstation/rpm-build/BUILDROOT/securedrop-workstation-dom0-config-0.11.1-1.fc32.x86_64/opt/securedrop/launcher/sdw_util
+ install -m 755 -d /home/user/projects/securedrop-workstation/rpm-build/BUILDROOT/securedrop-workstation-dom0-config-0.11.1-1.fc32.x86_64/srv/salt/sd/sd-app
+ install -m 755 -d /home/user/projects/securedrop-workstation/rpm-build/BUILDROOT/securedrop-workstation-dom0-config-0.11.1-1.fc32.x86_64/srv/salt/sd/sd-proxy
+ install -m 755 -d /home/user/projects/securedrop-workstation/rpm-build/BUILDROOT/securedrop-workstation-dom0-config-0.11.1-1.fc32.x86_64/srv/salt/sd/sd-journalist
+ install -m 755 -d /home/user/projects/securedrop-workstation/rpm-build/BUILDROOT/securedrop-workstation-dom0-config-0.11.1-1.fc32.x86_64/srv/salt/sd/sd-whonix
+ install -m 755 -d /home/user/projects/securedrop-workstation/rpm-build/BUILDROOT/securedrop-workstation-dom0-config-0.11.1-1.fc32.x86_64/srv/salt/sd/sd-workstation
+ install -m 755 -d /home/user/projects/securedrop-workstation/rpm-build/BUILDROOT/securedrop-workstation-dom0-config-0.11.1-1.fc32.x86_64/srv/salt/sd/sys-firewall
+ install -m 755 -d /home/user/projects/securedrop-workstation/rpm-build/BUILDROOT/securedrop-workstation-dom0-config-0.11.1-1.fc32.x86_64/srv/salt/sd/usb-autoattach
+ install -m 755 -d /home/user/projects/securedrop-workstation/rpm-build/BUILDROOT/securedrop-workstation-dom0-config-0.11.1-1.fc32.x86_64//usr/share/securedrop-workstation-dom0-config/scripts
+ install -m 755 -d /home/user/projects/securedrop-workstation/rpm-build/BUILDROOT/securedrop-workstation-dom0-config-0.11.1-1.fc32.x86_64//usr/bin
+ install -m 755 -d /home/user/projects/securedrop-workstation/rpm-build/BUILDROOT/securedrop-workstation-dom0-config-0.11.1-1.fc32.x86_64//usr/lib/systemd/user
+ install -m 644 dom0/fpf-apt-repo.sls dom0/sd-app-config.sls dom0/sd-app-files.sls dom0/sd-app.sls dom0/sd-clean-all.sls dom0/sd-clean-default-dispvm.sls dom0/sd-default-config.sls dom0/sd-devices-files.sls dom0/sd-devices.sls dom0/sd-dom0-crontab.sls dom0/sd-dom0-files.sls dom0/sd-dom0-qvm-rpc.sls dom0/sd-dom0-systemd.sls dom0/sd-gpg-files.sls dom0/sd-gpg.sls dom0/sd-log.sls dom0/sd-logging-setup.sls dom0/sd-mime-handling.sls dom0/sd-proxy-files.sls dom0/sd-proxy-template-files.sls dom0/sd-proxy.sls dom0/sd-remove-unused-templates.sls dom0/sd-sys-vms.sls dom0/sd-sys-whonix-vms.sls dom0/sd-upgrade-templates.sls dom0/sd-usb-autoattach-add.sls dom0/sd-usb-autoattach-remove.sls dom0/sd-viewer-files.sls dom0/sd-viewer.sls dom0/sd-whonix-hidserv-key.sls dom0/sd-whonix.sls dom0/sd-workstation-template-files.sls dom0/sd-workstation-template.sls /home/user/projects/securedrop-workstation/rpm-build/BUILDROOT/securedrop-workstation-dom0-config-0.11.1-1.fc32.x86_64/srv/salt/
+ install -m 644 dom0/sd-workstation.top /home/user/projects/securedrop-workstation/rpm-build/BUILDROOT/securedrop-workstation-dom0-config-0.11.1-1.fc32.x86_64/srv/salt/
+ install -m 644 dom0/dom0-xfce-desktop-file.j2 dom0/sd-rsyslog.conf.j2 /home/user/projects/securedrop-workstation/rpm-build/BUILDROOT/securedrop-workstation-dom0-config-0.11.1-1.fc32.x86_64/srv/salt/
+ install -m 644 dom0/sd-default-config.yml /home/user/projects/securedrop-workstation/rpm-build/BUILDROOT/securedrop-workstation-dom0-config-0.11.1-1.fc32.x86_64/srv/salt/
+ install -m 644 dom0/sdlog.conf /home/user/projects/securedrop-workstation/rpm-build/BUILDROOT/securedrop-workstation-dom0-config-0.11.1-1.fc32.x86_64/srv/salt/
+ install -m 755 dom0/remove-tags /home/user/projects/securedrop-workstation/rpm-build/BUILDROOT/securedrop-workstation-dom0-config-0.11.1-1.fc32.x86_64/srv/salt/
+ install -m 644 dom0/securedrop-login /home/user/projects/securedrop-workstation/rpm-build/BUILDROOT/securedrop-workstation-dom0-config-0.11.1-1.fc32.x86_64/srv/salt/
+ install -m 644 dom0/securedrop-launcher.desktop /home/user/projects/securedrop-workstation/rpm-build/BUILDROOT/securedrop-workstation-dom0-config-0.11.1-1.fc32.x86_64/srv/salt/
+ install -m 755 dom0/securedrop-check-migration /home/user/projects/securedrop-workstation/rpm-build/BUILDROOT/securedrop-workstation-dom0-config-0.11.1-1.fc32.x86_64/srv/salt/
+ install -m 755 dom0/securedrop-handle-upgrade /home/user/projects/securedrop-workstation/rpm-build/BUILDROOT/securedrop-workstation-dom0-config-0.11.1-1.fc32.x86_64/srv/salt/
+ install -m 755 dom0/update-xfce-settings /home/user/projects/securedrop-workstation/rpm-build/BUILDROOT/securedrop-workstation-dom0-config-0.11.1-1.fc32.x86_64/srv/salt/
+ install -m 644 sd-app/config.json.j2 /home/user/projects/securedrop-workstation/rpm-build/BUILDROOT/securedrop-workstation-dom0-config-0.11.1-1.fc32.x86_64/srv/salt/sd/sd-app/
+ install -m 644 sd-proxy/mimeapps.list sd-proxy/sd-proxy.yaml /home/user/projects/securedrop-workstation/rpm-build/BUILDROOT/securedrop-workstation-dom0-config-0.11.1-1.fc32.x86_64/srv/salt/sd/sd-proxy/
+ install -m 644 sd-whonix/app-journalist.yaml /home/user/projects/securedrop-workstation/rpm-build/BUILDROOT/securedrop-workstation-dom0-config-0.11.1-1.fc32.x86_64/srv/salt/sd/sd-whonix/
+ install -m 644 sd-workstation/apt-test-pubkey.asc sd-workstation/logo-small.png sd-workstation/securedrop-release-signing-pubkey-2021.asc /home/user/projects/securedrop-workstation/rpm-build/BUILDROOT/securedrop-workstation-dom0-config-0.11.1-1.fc32.x86_64/srv/salt/sd/sd-workstation/
+ install -m 644 sys-firewall/sd-copy-rpm-repo-pubkey.sh /home/user/projects/securedrop-workstation/rpm-build/BUILDROOT/securedrop-workstation-dom0-config-0.11.1-1.fc32.x86_64/srv/salt/sd/sys-firewall/
+ install -m 755 usb-autoattach/sd-attach-export-device /home/user/projects/securedrop-workstation/rpm-build/BUILDROOT/securedrop-workstation-dom0-config-0.11.1-1.fc32.x86_64/srv/salt/sd/usb-autoattach/
+ install -m 644 usb-autoattach/99-sd-devices.rules /home/user/projects/securedrop-workstation/rpm-build/BUILDROOT/securedrop-workstation-dom0-config-0.11.1-1.fc32.x86_64/srv/salt/sd/usb-autoattach/
+ install -m 755 files/clean-salt /home/user/projects/securedrop-workstation/rpm-build/BUILDROOT/securedrop-workstation-dom0-config-0.11.1-1.fc32.x86_64//usr/share/securedrop-workstation-dom0-config/scripts/
+ install -m 755 files/destroy-vm /home/user/projects/securedrop-workstation/rpm-build/BUILDROOT/securedrop-workstation-dom0-config-0.11.1-1.fc32.x86_64//usr/share/securedrop-workstation-dom0-config/scripts/
+ install -m 755 files/provision-all /home/user/projects/securedrop-workstation/rpm-build/BUILDROOT/securedrop-workstation-dom0-config-0.11.1-1.fc32.x86_64//usr/share/securedrop-workstation-dom0-config/scripts/
+ install -m 755 files/validate_config.py /home/user/projects/securedrop-workstation/rpm-build/BUILDROOT/securedrop-workstation-dom0-config-0.11.1-1.fc32.x86_64//usr/share/securedrop-workstation-dom0-config/scripts/
+ install -m 644 launcher/sdw-launcher.py launcher/sdw-notify.py /home/user/projects/securedrop-workstation/rpm-build/BUILDROOT/securedrop-workstation-dom0-config-0.11.1-1.fc32.x86_64/opt/securedrop/launcher/
+ install -m 644 launcher/sdw_updater_gui/Updater.py launcher/sdw_updater_gui/UpdaterApp.py launcher/sdw_updater_gui/UpdaterAppUiQt5.py launcher/sdw_updater_gui/strings.py /home/user/projects/securedrop-workstation/rpm-build/BUILDROOT/securedrop-workstation-dom0-config-0.11.1-1.fc32.x86_64/opt/securedrop/launcher/sdw_updater_gui/
+ install -m 644 launcher/sdw_notify/Notify.py launcher/sdw_notify/NotifyApp.py launcher/sdw_notify/strings.py /home/user/projects/securedrop-workstation/rpm-build/BUILDROOT/securedrop-workstation-dom0-config-0.11.1-1.fc32.x86_64/opt/securedrop/launcher/sdw_notify/
+ install -m 644 launcher/sdw_util/Util.py /home/user/projects/securedrop-workstation/rpm-build/BUILDROOT/securedrop-workstation-dom0-config-0.11.1-1.fc32.x86_64/opt/securedrop/launcher/sdw_util/
+ install -m 755 files/sdw-admin.py /home/user/projects/securedrop-workstation/rpm-build/BUILDROOT/securedrop-workstation-dom0-config-0.11.1-1.fc32.x86_64//usr/bin/sdw-admin
+ install -m 644 files/config.json.example /home/user/projects/securedrop-workstation/rpm-build/BUILDROOT/securedrop-workstation-dom0-config-0.11.1-1.fc32.x86_64//usr/share/securedrop-workstation-dom0-config/
+ install -m 644 files/securedrop-user-dom0-rpm-key-reimport.service /home/user/projects/securedrop-workstation/rpm-build/BUILDROOT/securedrop-workstation-dom0-config-0.11.1-1.fc32.x86_64//usr/lib/systemd/user/
+ /usr/lib/rpm/find-debuginfo.sh -j4 --strict-build-id -m -i --build-id-seed 0.11.1-1.fc32 --unique-debug-suffix -0.11.1-1.fc32.x86_64 --unique-debug-src-base securedrop-workstation-dom0-config-0.11.1-1.fc32.x86_64 --run-dwz --dwz-low-mem-die-limit 10000000 --dwz-max-die-limit 110000000 -S debugsourcefiles.list /home/user/projects/securedrop-workstation/rpm-build/BUILD/securedrop-workstation-dom0-config-0.11.1
find: ‘debug’: No such file or directory
+ /usr/lib/rpm/check-buildroot
+ /usr/lib/rpm/redhat/brp-ldconfig
+ /usr/lib/rpm/brp-compress
+ /usr/lib/rpm/brp-strip-static-archive /usr/bin/strip
+ /usr/lib/rpm/brp-python-hardlink
+ /usr/lib/rpm/redhat/brp-mangle-shebangs
mangling shebang in /usr/share/securedrop-workstation-dom0-config/scripts/validate_config.py from /usr/bin/env python3 to #!/usr/bin/python3
mangling shebang in /usr/share/securedrop-workstation-dom0-config/scripts/destroy-vm from /usr/bin/env python3 to #!/usr/bin/python3
mangling shebang in /usr/share/securedrop-workstation-dom0-config/scripts/clean-salt from /bin/bash to #!/usr/bin/bash
mangling shebang in /usr/share/securedrop-workstation-dom0-config/scripts/provision-all from /bin/bash to #!/usr/bin/bash
mangling shebang in /usr/bin/sdw-admin from /usr/bin/env python3 to #!/usr/bin/python3
mangling shebang in /srv/salt/securedrop-handle-upgrade from /bin/bash to #!/usr/bin/bash
mangling shebang in /srv/salt/sd/usb-autoattach/sd-attach-export-device from /bin/bash to #!/usr/bin/bash
mangling shebang in /srv/salt/remove-tags from /usr/bin/env python3 to #!/usr/bin/python3
mangling shebang in /srv/salt/update-xfce-settings from /bin/bash to #!/usr/bin/bash
mangling shebang in /srv/salt/securedrop-check-migration from /bin/bash to #!/usr/bin/bash
Processing files: securedrop-workstation-dom0-config-0.11.1-1.fc32.noarch
Executing(%doc): /bin/sh -e /var/tmp/rpm-tmp.VmkLWG
+ umask 022
+ cd /home/user/projects/securedrop-workstation/rpm-build/BUILD
+ cd securedrop-workstation-dom0-config-0.11.1
+ DOCDIR=/home/user/projects/securedrop-workstation/rpm-build/BUILDROOT/securedrop-workstation-dom0-config-0.11.1-1.fc32.x86_64/usr/share/doc/securedrop-workstation-dom0-config
+ export LC_ALL=C
+ LC_ALL=C
+ export DOCDIR
+ /usr/bin/mkdir -p /home/user/projects/securedrop-workstation/rpm-build/BUILDROOT/securedrop-workstation-dom0-config-0.11.1-1.fc32.x86_64/usr/share/doc/securedrop-workstation-dom0-config
+ cp -pr README.md /home/user/projects/securedrop-workstation/rpm-build/BUILDROOT/securedrop-workstation-dom0-config-0.11.1-1.fc32.x86_64/usr/share/doc/securedrop-workstation-dom0-config
+ RPM_EC=0
++ jobs -p
+ exit 0
Executing(%license): /bin/sh -e /var/tmp/rpm-tmp.WZCvhI
+ umask 022
+ cd /home/user/projects/securedrop-workstation/rpm-build/BUILD
+ cd securedrop-workstation-dom0-config-0.11.1
+ LICENSEDIR=/home/user/projects/securedrop-workstation/rpm-build/BUILDROOT/securedrop-workstation-dom0-config-0.11.1-1.fc32.x86_64/usr/share/licenses/securedrop-workstation-dom0-config
+ export LC_ALL=C
+ LC_ALL=C
+ export LICENSEDIR
+ /usr/bin/mkdir -p /home/user/projects/securedrop-workstation/rpm-build/BUILDROOT/securedrop-workstation-dom0-config-0.11.1-1.fc32.x86_64/usr/share/licenses/securedrop-workstation-dom0-config
+ cp -pr LICENSE /home/user/projects/securedrop-workstation/rpm-build/BUILDROOT/securedrop-workstation-dom0-config-0.11.1-1.fc32.x86_64/usr/share/licenses/securedrop-workstation-dom0-config
+ RPM_EC=0
++ jobs -p
+ exit 0
Provides: securedrop-workstation-dom0-config = 0.11.1-1.fc32
Requires(interp): /bin/sh
Requires(rpmlib): rpmlib(CompressedFileNames) <= 3.0.4-1 rpmlib(FileDigests) <= 4.6.0-1 rpmlib(PayloadFilesHavePrefix) <= 4.0-1
Requires(post): /bin/sh
Requires: /usr/bin/bash /usr/bin/python3
Checking for unpackaged file(s): /usr/lib/rpm/check-files /home/user/projects/securedrop-workstation/rpm-build/BUILDROOT/securedrop-workstation-dom0-config-0.11.1-1.fc32.x86_64
Wrote: /home/user/projects/securedrop-workstation/rpm-build/RPMS/noarch/securedrop-workstation-dom0-config-0.11.1-1.fc32.noarch.rpm
Executing(%clean): /bin/sh -e /var/tmp/rpm-tmp.f4o7LK
+ umask 022
+ cd /home/user/projects/securedrop-workstation/rpm-build/BUILD
+ cd securedrop-workstation-dom0-config-0.11.1
+ /usr/bin/rm -rf /home/user/projects/securedrop-workstation/rpm-build/BUILDROOT/securedrop-workstation-dom0-config-0.11.1-1.fc32.x86_64
+ RPM_EC=0
++ jobs -p
+ exit 0
Executing(--clean): /bin/sh -e /var/tmp/rpm-tmp.tSK1IH
+ umask 022
+ cd /home/user/projects/securedrop-workstation/rpm-build/BUILD
+ rm -rf securedrop-workstation-dom0-config-0.11.1
+ RPM_EC=0
++ jobs -p
+ exit 0
checking mtimes in securedrop-workstation-dom0-config-0.11.1-1.fc32.noarch.rpm: 2024-07-02 00:00:00+00:00

Build complete! RPMs and their checksums are:

c8e172dfac20d0631d39c5fd3cb3ff5c3ea0cef4bccc666451557336531e041b  rpm-build/RPMS/noarch/securedrop-workstation-dom0-config-0.11.1-1.fc32.noarch.rpm

