user@disp9515:~$ git clone https://github.com/freedomofpress/securedrop-workstation.git
Cloning into 'securedrop-workstation'...
remote: Enumerating objects: 6801, done.
remote: Counting objects: 100% (1330/1330), done.
remote: Compressing objects: 100% (570/570), done.
remote: Total 6801 (delta 805), reused 1210 (delta 715), pack-reused 5471
Receiving objects: 100% (6801/6801), 21.55 MiB | 18.88 MiB/s, done.
Resolving deltas: 100% (4386/4386), done.
user@disp9515:~$ cd securedrop-workstation/
user@disp9515:~/securedrop-workstation$ git tag -v 0.8.1-rc1
object fcacba44a1ba7496a2e3c448bc13006b3c7037af
type commit
tag 0.8.1-rc1
tagger Michael Z <michael@freedom.press> 1687791245 -0400

securedrop-workstation-dom0-config 0.8.1-rc1
gpg: Signature made Mon 26 Jun 2023 10:54:25 AM EDT
gpg:                using RSA key 766693A54A4794AA176C087FA08F64EAC01AD088
gpg: Good signature from "Michael Z <michael@freedom.press>" [unknown]
gpg: WARNING: This key is not certified with a trusted signature!
gpg:          There is no indication that the signature belongs to the owner.
Primary key fingerprint: 5CE2 4640 B0FA F997 59B7  F3FF FB1B ED65 0770 1B45
     Subkey fingerprint: 7666 93A5 4A47 94AA 176C  087F A08F 64EA C01A D088
user@disp9515:~/securedrop-workstation$ git checkout 0.8.1-rc1
Note: switching to '0.8.1-rc1'.

You are in 'detached HEAD' state. You can look around, make experimental
changes and commit them, and you can discard any commits you make in this
state without impacting any branches by switching back to a branch.

If you want to create a new branch to retain commits you create, you may
do so (now or later) by using -c with the switch command. Example:

  git switch -c <new-branch-name>

Or undo this operation with:

  git switch -

Turn off this advice by setting config variable advice.detachedHead to false

HEAD is now at fcacba4 Actually we're prepping RC1 here
user@disp9515:~/securedrop-workstation$ make install-deps
sudo apt-get install --no-install-recommends -y \
	python3 python3-venv python3-setuptools file python3-rpm \
	rpm rpm-common diffoscope reprotest disorderfs faketime xvfb
Reading package lists... Done
Building dependency tree... Done
Reading state information... Done
file is already the newest version (1:5.39-3).
file set to manually installed.
python3 is already the newest version (3.9.2-3).
python3 set to manually installed.
python3-rpm is already the newest version (4.16.1.2+dfsg1-3).
python3-rpm set to manually installed.
rpm is already the newest version (4.16.1.2+dfsg1-3).
rpm set to manually installed.
rpm-common is already the newest version (4.16.1.2+dfsg1-3).
rpm-common set to manually installed.
The following package was automatically installed and is no longer required:
  libopengl0
Use 'sudo apt autoremove' to remove it.
The following additional packages will be installed:
  diffoscope-minimal libfaketime python-pip-whl python3-debian
  python3-libarchive-c python3-magic python3-rstr python3.9-venv
Suggested packages:
  python-setuptools-doc autodep8 schroot qemu-system
Recommended packages:
  abootimg apksigner apktool binutils-multiarch caca-utils db-util
  default-jdk-headless | default-jdk | java-sdk device-tree-compiler docx2txt
  enjarify ffmpeg fontforge-extras fp-utils genisoimage gettext ghc
  giflib-tools gnumeric hdf5-tools jsbeautifier libarchive-tools llvm lz4
  | liblz4-tool mono-utils ocaml-nox odt2txt oggvideotools pgpdump
  procyon-decompiler python3-pdfminer r-base-core radare2 sng squashfs-tools
  tcpdump u-boot-tools wabt xmlbeans zstd python3-argcomplete python3-binwalk
  python3-defusedxml python3-guestfs python3-jsondiff python3-progressbar
  python3-pypdf2 python3-pyxattr python3-tlsh
The following NEW packages will be installed:
  diffoscope diffoscope-minimal disorderfs faketime libfaketime python-pip-whl
  python3-debian python3-libarchive-c python3-magic python3-rstr
  python3-setuptools python3-venv python3.9-venv reprotest xvfb
0 upgraded, 15 newly installed, 0 to remove and 2 not upgraded.
Need to get 5,875 kB of archives.
After this operation, 10.3 MB of additional disk space will be used.
Get:1 https://deb.debian.org/debian bullseye/main amd64 python3-libarchive-c all 2.9-0.1 [14.5 kB]
Get:2 https://deb.debian.org/debian bullseye/main amd64 python3-magic all 2:0.4.20-3 [13.4 kB]
Get:3 https://deb.debian.org/debian bullseye/main amd64 diffoscope-minimal all 177 [161 kB]
Get:4 https://deb.debian.org/debian bullseye/main amd64 diffoscope all 177 [62.1 kB]
Get:5 https://deb.debian.org/debian bullseye/main amd64 disorderfs amd64 0.5.11-1 [23.5 kB]
Get:6 https://deb.debian.org/debian bullseye/main amd64 libfaketime amd64 0.9.8-9 [40.1 kB]
Get:7 https://deb.debian.org/debian bullseye/main amd64 faketime amd64 0.9.8-9 [15.9 kB]
Get:8 https://deb.debian.org/debian bullseye/main amd64 python-pip-whl all 20.3.4-4+deb11u1 [1,948 kB]
Get:9 https://deb.debian.org/debian bullseye/main amd64 python3-debian all 0.1.39 [80.1 kB]
Get:10 https://deb.debian.org/debian bullseye/main amd64 python3-rstr all 2.2.6-2 [9,696 B]
Get:11 https://deb.debian.org/debian bullseye/main amd64 python3-setuptools all 52.0.0-4 [366 kB]
Get:12 https://deb.debian.org/debian bullseye/main amd64 python3.9-venv amd64 3.9.2-1 [5,396 B]
Get:13 https://deb.debian.org/debian bullseye/main amd64 python3-venv amd64 3.9.2-3 [1,188 B]
Get:14 https://deb.debian.org/debian bullseye/main amd64 reprotest all 0.7.16 [90.0 kB]
Get:15 https://deb.debian.org/debian bullseye/main amd64 xvfb amd64 2:1.20.11-1+deb11u6 [3,044 kB]
Fetched 5,875 kB in 1s (10.7 MB/s)    
Selecting previously unselected package python3-libarchive-c.
(Reading database ... 98353 files and directories currently installed.)
Preparing to unpack .../00-python3-libarchive-c_2.9-0.1_all.deb ...
Unpacking python3-libarchive-c (2.9-0.1) ...
Selecting previously unselected package python3-magic.
Preparing to unpack .../01-python3-magic_2%3a0.4.20-3_all.deb ...
Unpacking python3-magic (2:0.4.20-3) ...
Selecting previously unselected package diffoscope-minimal.
Preparing to unpack .../02-diffoscope-minimal_177_all.deb ...
Unpacking diffoscope-minimal (177) ...
Selecting previously unselected package diffoscope.
Preparing to unpack .../03-diffoscope_177_all.deb ...
Unpacking diffoscope (177) ...
Selecting previously unselected package disorderfs.
Preparing to unpack .../04-disorderfs_0.5.11-1_amd64.deb ...
Unpacking disorderfs (0.5.11-1) ...
Selecting previously unselected package libfaketime:amd64.
Preparing to unpack .../05-libfaketime_0.9.8-9_amd64.deb ...
Unpacking libfaketime:amd64 (0.9.8-9) ...
Selecting previously unselected package faketime.
Preparing to unpack .../06-faketime_0.9.8-9_amd64.deb ...
Unpacking faketime (0.9.8-9) ...
Selecting previously unselected package python-pip-whl.
Preparing to unpack .../07-python-pip-whl_20.3.4-4+deb11u1_all.deb ...
Unpacking python-pip-whl (20.3.4-4+deb11u1) ...
Selecting previously unselected package python3-debian.
Preparing to unpack .../08-python3-debian_0.1.39_all.deb ...
Unpacking python3-debian (0.1.39) ...
Selecting previously unselected package python3-rstr.
Preparing to unpack .../09-python3-rstr_2.2.6-2_all.deb ...
Unpacking python3-rstr (2.2.6-2) ...
Selecting previously unselected package python3-setuptools.
Preparing to unpack .../10-python3-setuptools_52.0.0-4_all.deb ...
Unpacking python3-setuptools (52.0.0-4) ...
Selecting previously unselected package python3.9-venv.
Preparing to unpack .../11-python3.9-venv_3.9.2-1_amd64.deb ...
Unpacking python3.9-venv (3.9.2-1) ...
Selecting previously unselected package python3-venv.
Preparing to unpack .../12-python3-venv_3.9.2-3_amd64.deb ...
Unpacking python3-venv (3.9.2-3) ...
Selecting previously unselected package reprotest.
Preparing to unpack .../13-reprotest_0.7.16_all.deb ...
Unpacking reprotest (0.7.16) ...
Selecting previously unselected package xvfb.
Preparing to unpack .../14-xvfb_2%3a1.20.11-1+deb11u6_amd64.deb ...
Unpacking xvfb (2:1.20.11-1+deb11u6) ...
Setting up python3-libarchive-c (2.9-0.1) ...
Setting up python3-setuptools (52.0.0-4) ...
Setting up xvfb (2:1.20.11-1+deb11u6) ...
Setting up python3-rstr (2.2.6-2) ...
Setting up disorderfs (0.5.11-1) ...
Setting up python3-debian (0.1.39) ...
Setting up python-pip-whl (20.3.4-4+deb11u1) ...
Setting up python3.9-venv (3.9.2-1) ...
Setting up python3-magic (2:0.4.20-3) ...
Setting up libfaketime:amd64 (0.9.8-9) ...
Setting up faketime (0.9.8-9) ...
Setting up diffoscope-minimal (177) ...
Setting up python3-venv (3.9.2-3) ...
Setting up diffoscope (177) ...
Setting up reprotest (0.7.16) ...
Processing triggers for man-db (2.9.4-2) ...
user@disp9515:~/securedrop-workstation$ make dom0-rpm
Removing dist/
/usr/lib/python3/dist-packages/setuptools/dist.py:461: UserWarning: Normalizing '0.8.1-rc1' to '0.8.1rc1'
  warnings.warn(tmpl.format(**locals()))
running sdist
running egg_info
creating securedrop_workstation_dom0_config.egg-info
writing securedrop_workstation_dom0_config.egg-info/PKG-INFO
writing dependency_links to securedrop_workstation_dom0_config.egg-info/dependency_links.txt
writing top-level names to securedrop_workstation_dom0_config.egg-info/top_level.txt
writing manifest file 'securedrop_workstation_dom0_config.egg-info/SOURCES.txt'
reading manifest file 'securedrop_workstation_dom0_config.egg-info/SOURCES.txt'
reading manifest template 'MANIFEST.in'
writing manifest file 'securedrop_workstation_dom0_config.egg-info/SOURCES.txt'
running check
creating securedrop-workstation-dom0-config-0.8.1rc1
creating securedrop-workstation-dom0-config-0.8.1rc1/dom0
creating securedrop-workstation-dom0-config-0.8.1rc1/launcher
creating securedrop-workstation-dom0-config-0.8.1rc1/launcher/sdw_notify
creating securedrop-workstation-dom0-config-0.8.1rc1/launcher/sdw_updater_gui
creating securedrop-workstation-dom0-config-0.8.1rc1/launcher/sdw_util
creating securedrop-workstation-dom0-config-0.8.1rc1/scripts
creating securedrop-workstation-dom0-config-0.8.1rc1/sd-app
creating securedrop-workstation-dom0-config-0.8.1rc1/sd-proxy
creating securedrop-workstation-dom0-config-0.8.1rc1/sd-whonix
creating securedrop-workstation-dom0-config-0.8.1rc1/sd-workstation
creating securedrop-workstation-dom0-config-0.8.1rc1/securedrop_workstation_dom0_config.egg-info
creating securedrop-workstation-dom0-config-0.8.1rc1/sys-firewall
creating securedrop-workstation-dom0-config-0.8.1rc1/usb-autoattach
copying files to securedrop-workstation-dom0-config-0.8.1rc1...
copying LICENSE -> securedrop-workstation-dom0-config-0.8.1rc1
copying MANIFEST.in -> securedrop-workstation-dom0-config-0.8.1rc1
copying README.md -> securedrop-workstation-dom0-config-0.8.1rc1
copying VERSION -> securedrop-workstation-dom0-config-0.8.1rc1
copying config.json.example -> securedrop-workstation-dom0-config-0.8.1rc1
copying pyproject.toml -> securedrop-workstation-dom0-config-0.8.1rc1
copying setup.py -> securedrop-workstation-dom0-config-0.8.1rc1
copying dom0/dom0-xfce-desktop-file.j2 -> securedrop-workstation-dom0-config-0.8.1rc1/dom0
copying dom0/fpf-apt-repo.sls -> securedrop-workstation-dom0-config-0.8.1rc1/dom0
copying dom0/remove-tags -> securedrop-workstation-dom0-config-0.8.1rc1/dom0
copying dom0/sd-app-config.sls -> securedrop-workstation-dom0-config-0.8.1rc1/dom0
copying dom0/sd-app-files.sls -> securedrop-workstation-dom0-config-0.8.1rc1/dom0
copying dom0/sd-app.sls -> securedrop-workstation-dom0-config-0.8.1rc1/dom0
copying dom0/sd-clean-all.sls -> securedrop-workstation-dom0-config-0.8.1rc1/dom0
copying dom0/sd-clean-default-dispvm.sls -> securedrop-workstation-dom0-config-0.8.1rc1/dom0
copying dom0/sd-default-config.sls -> securedrop-workstation-dom0-config-0.8.1rc1/dom0
copying dom0/sd-default-config.yml -> securedrop-workstation-dom0-config-0.8.1rc1/dom0
copying dom0/sd-devices-files.sls -> securedrop-workstation-dom0-config-0.8.1rc1/dom0
copying dom0/sd-devices.sls -> securedrop-workstation-dom0-config-0.8.1rc1/dom0
copying dom0/sd-dom0-crontab.sls -> securedrop-workstation-dom0-config-0.8.1rc1/dom0
copying dom0/sd-dom0-files.sls -> securedrop-workstation-dom0-config-0.8.1rc1/dom0
copying dom0/sd-dom0-qvm-rpc.sls -> securedrop-workstation-dom0-config-0.8.1rc1/dom0
copying dom0/sd-dom0-systemd.sls -> securedrop-workstation-dom0-config-0.8.1rc1/dom0
copying dom0/sd-gpg-files.sls -> securedrop-workstation-dom0-config-0.8.1rc1/dom0
copying dom0/sd-gpg.sls -> securedrop-workstation-dom0-config-0.8.1rc1/dom0
copying dom0/sd-log.sls -> securedrop-workstation-dom0-config-0.8.1rc1/dom0
copying dom0/sd-logging-setup.sls -> securedrop-workstation-dom0-config-0.8.1rc1/dom0
copying dom0/sd-mime-handling.sls -> securedrop-workstation-dom0-config-0.8.1rc1/dom0
copying dom0/sd-proxy-files.sls -> securedrop-workstation-dom0-config-0.8.1rc1/dom0
copying dom0/sd-proxy-template-files.sls -> securedrop-workstation-dom0-config-0.8.1rc1/dom0
copying dom0/sd-proxy.sls -> securedrop-workstation-dom0-config-0.8.1rc1/dom0
copying dom0/sd-remove-unused-templates.sls -> securedrop-workstation-dom0-config-0.8.1rc1/dom0
copying dom0/sd-rsyslog.conf.j2 -> securedrop-workstation-dom0-config-0.8.1rc1/dom0
copying dom0/sd-sys-vms.sls -> securedrop-workstation-dom0-config-0.8.1rc1/dom0
copying dom0/sd-sys-whonix-vms.sls -> securedrop-workstation-dom0-config-0.8.1rc1/dom0
copying dom0/sd-upgrade-templates.sls -> securedrop-workstation-dom0-config-0.8.1rc1/dom0
copying dom0/sd-usb-autoattach-add.sls -> securedrop-workstation-dom0-config-0.8.1rc1/dom0
copying dom0/sd-usb-autoattach-remove.sls -> securedrop-workstation-dom0-config-0.8.1rc1/dom0
copying dom0/sd-viewer-files.sls -> securedrop-workstation-dom0-config-0.8.1rc1/dom0
copying dom0/sd-viewer.sls -> securedrop-workstation-dom0-config-0.8.1rc1/dom0
copying dom0/sd-whonix-hidserv-key.sls -> securedrop-workstation-dom0-config-0.8.1rc1/dom0
copying dom0/sd-whonix.sls -> securedrop-workstation-dom0-config-0.8.1rc1/dom0
copying dom0/sd-workstation-template-files.sls -> securedrop-workstation-dom0-config-0.8.1rc1/dom0
copying dom0/sd-workstation-template.sls -> securedrop-workstation-dom0-config-0.8.1rc1/dom0
copying dom0/sd-workstation.top -> securedrop-workstation-dom0-config-0.8.1rc1/dom0
copying dom0/sdlog.conf -> securedrop-workstation-dom0-config-0.8.1rc1/dom0
copying dom0/securedrop-check-migration -> securedrop-workstation-dom0-config-0.8.1rc1/dom0
copying dom0/securedrop-handle-upgrade -> securedrop-workstation-dom0-config-0.8.1rc1/dom0
copying dom0/securedrop-launcher.desktop -> securedrop-workstation-dom0-config-0.8.1rc1/dom0
copying dom0/securedrop-login -> securedrop-workstation-dom0-config-0.8.1rc1/dom0
copying dom0/update-xfce-settings -> securedrop-workstation-dom0-config-0.8.1rc1/dom0
copying launcher/sdw-launcher.py -> securedrop-workstation-dom0-config-0.8.1rc1/launcher
copying launcher/sdw-notify.py -> securedrop-workstation-dom0-config-0.8.1rc1/launcher
copying launcher/sdw_notify/Notify.py -> securedrop-workstation-dom0-config-0.8.1rc1/launcher/sdw_notify
copying launcher/sdw_notify/NotifyApp.py -> securedrop-workstation-dom0-config-0.8.1rc1/launcher/sdw_notify
copying launcher/sdw_notify/strings.py -> securedrop-workstation-dom0-config-0.8.1rc1/launcher/sdw_notify
copying launcher/sdw_updater_gui/Updater.py -> securedrop-workstation-dom0-config-0.8.1rc1/launcher/sdw_updater_gui
copying launcher/sdw_updater_gui/UpdaterApp.py -> securedrop-workstation-dom0-config-0.8.1rc1/launcher/sdw_updater_gui
copying launcher/sdw_updater_gui/UpdaterAppUiQt5.py -> securedrop-workstation-dom0-config-0.8.1rc1/launcher/sdw_updater_gui
copying launcher/sdw_updater_gui/strings.py -> securedrop-workstation-dom0-config-0.8.1rc1/launcher/sdw_updater_gui
copying launcher/sdw_util/Util.py -> securedrop-workstation-dom0-config-0.8.1rc1/launcher/sdw_util
copying scripts/clean-salt -> securedrop-workstation-dom0-config-0.8.1rc1/scripts
copying scripts/configure-environment -> securedrop-workstation-dom0-config-0.8.1rc1/scripts
copying scripts/destroy-vm -> securedrop-workstation-dom0-config-0.8.1rc1/scripts
copying scripts/provision-all -> securedrop-workstation-dom0-config-0.8.1rc1/scripts
copying scripts/sdw-admin.py -> securedrop-workstation-dom0-config-0.8.1rc1/scripts
copying scripts/validate_config.py -> securedrop-workstation-dom0-config-0.8.1rc1/scripts
copying sd-app/config.json.j2 -> securedrop-workstation-dom0-config-0.8.1rc1/sd-app
copying sd-proxy/mimeapps.list -> securedrop-workstation-dom0-config-0.8.1rc1/sd-proxy
copying sd-proxy/sd-proxy.yaml -> securedrop-workstation-dom0-config-0.8.1rc1/sd-proxy
copying sd-whonix/app-journalist.yaml -> securedrop-workstation-dom0-config-0.8.1rc1/sd-whonix
copying sd-workstation/apt-test-pubkey.asc -> securedrop-workstation-dom0-config-0.8.1rc1/sd-workstation
copying sd-workstation/logo-small.png -> securedrop-workstation-dom0-config-0.8.1rc1/sd-workstation
copying sd-workstation/securedrop-release-signing-pubkey-2021.asc -> securedrop-workstation-dom0-config-0.8.1rc1/sd-workstation
copying securedrop_workstation_dom0_config.egg-info/PKG-INFO -> securedrop-workstation-dom0-config-0.8.1rc1/securedrop_workstation_dom0_config.egg-info
copying securedrop_workstation_dom0_config.egg-info/SOURCES.txt -> securedrop-workstation-dom0-config-0.8.1rc1/securedrop_workstation_dom0_config.egg-info
copying securedrop_workstation_dom0_config.egg-info/dependency_links.txt -> securedrop-workstation-dom0-config-0.8.1rc1/securedrop_workstation_dom0_config.egg-info
copying securedrop_workstation_dom0_config.egg-info/top_level.txt -> securedrop-workstation-dom0-config-0.8.1rc1/securedrop_workstation_dom0_config.egg-info
copying sys-firewall/sd-copy-rpm-repo-pubkey.sh -> securedrop-workstation-dom0-config-0.8.1rc1/sys-firewall
copying usb-autoattach/99-sd-devices.rules -> securedrop-workstation-dom0-config-0.8.1rc1/usb-autoattach
copying usb-autoattach/sd-attach-export-device -> securedrop-workstation-dom0-config-0.8.1rc1/usb-autoattach
Writing securedrop-workstation-dom0-config-0.8.1rc1/setup.cfg
creating dist
Creating tar archive
removing 'securedrop-workstation-dom0-config-0.8.1rc1' (and everything under it)
warning: bogus date in %changelog: Mon Jun 23 2023 SecureDrop Team <securedrop@freedom.press> - 0.8.1-rc1
/usr/lib/python3/dist-packages/setuptools/dist.py:461: UserWarning: Normalizing '0.8.1-rc1' to '0.8.1rc1'
  warnings.warn(tmpl.format(**locals()))
warning: no previously-included files found matching 'scripts/build-dom0-rpm'
warning: no previously-included files found matching 'scripts/clone-to-dom0'
warning: no previously-included files found matching 'scripts/prep-dev'
warning: File listed twice: /usr/share/securedrop-workstation-dom0-config/config.json.example

Build complete! RPMs and their checksums are:

ecc15492c7116a61d31add6f448ce7cf59a7325b7bfe181cbaa557e7f39a30af  rpm-build/RPMS/noarch/securedrop-workstation-dom0-config-0.8.1-0.rc1.1.fc32.noarch.rpm
