user@sd-dev:~/securedrop-client$ git tag -v 0.15.0
object 073305c020563eac045342f6f3e790634fa89d0d
type commit
tag 0.15.0
tagger Kunal Mehta <legoktm@debian.org> 1747144968 -0400

SecureDrop Client 0.15.0
gpg: Signature made Tue 13 May 2025 03:07:39 PM BST
gpg:                using RSA key 2359E6538C0613E652955E6C188EDD3B7B22E6A3
gpg: Good signature from "SecureDrop Release Signing Key <securedrop-release-key-2021@freedom.press>" [unknown]
gpg: WARNING: This key is not certified with a trusted signature!
gpg:          There is no indication that the signature belongs to the owner.
Primary key fingerprint: 2359 E653 8C06 13E6 5295  5E6C 188E DD3B 7B22 E6A3
user@sd-dev:~/securedrop-client$ git show
commit 073305c020563eac045342f6f3e790634fa89d0d (HEAD, tag: 0.15.0, origin/release/0.15.0)
Merge: 5f4606ed 91893b68
Author: Kunal Mehta <legoktm@debian.org>
Date:   Tue May 13 09:49:38 2025 -0400

    Merge pull request #2445 from freedomofpress/bump-ver-0.15.0
    
    SecureDrop Client 0.15.0

user@sd-dev:~/securedrop-client$ make build-debs
# "build-debs.sh" will create this directory, but we need it to exist
# before we call "script".
Building SecureDrop Client Debian packages...
Script started, output log file is 'build/securedrop-client-20250513.log'.
+ git --no-pager log -1 --oneline --show-signature --no-color
073305c0 (HEAD, tag: 0.15.0, origin/release/0.15.0) gpg: Signature made Tue 13 May 2025 02:49:38 PM BST
gpg:                using RSA key B5690EEEBB952194
gpg: Can't check signature: No public key
Merge pull request #2445 from freedomofpress/bump-ver-0.15.0
++ git tag --points-at HEAD
+ git --no-pager tag -v 0.15.0
object 073305c020563eac045342f6f3e790634fa89d0d
type commit
tag 0.15.0
tagger Kunal Mehta <legoktm@debian.org> 1747144968 -0400

SecureDrop Client 0.15.0
gpg: Signature made Tue 13 May 2025 03:07:39 PM BST
gpg:                using RSA key 2359E6538C0613E652955E6C188EDD3B7B22E6A3
gpg: Good signature from "SecureDrop Release Signing Key <securedrop-release-key-2021@freedom.press>" [unknown]
gpg: WARNING: This key is not certified with a trusted signature!
gpg:          There is no indication that the signature belongs to the owner.
Primary key fingerprint: 2359 E653 8C06 13E6 5295  5E6C 188E DD3B 7B22 E6A3
+ git status --short
?? workstation-config/Makefile
++ pwd
+ OCI_RUN_ARGUMENTS='--user=root -v /home/user/securedrop-client:/src:Z'
+ which podman
+ OCI_BIN=podman
+ OCI_RUN_ARGUMENTS='--user=root -v /home/user/securedrop-client:/src:Z --userns=keep-id'
+ test -t 0
+ OCI_RUN_ARGUMENTS='--user=root -v /home/user/securedrop-client:/src:Z --userns=keep-id -it'
++ realpath ../securedrop-builder
+ BUILDER=/home/user/securedrop-builder
+ [[ ! -d /home/user/securedrop-builder ]]
+ export BUILDER
+ export DEBIAN_VERSION=bookworm
+ DEBIAN_VERSION=bookworm
+ export OCI_RUN_ARGUMENTS
+ export OCI_BIN
+ export CONTAINER=fpf.local/sd-client-builder-bookworm
+ CONTAINER=fpf.local/sd-client-builder-bookworm
+ . ./scripts/image_prep.sh
++ set -euxo pipefail
+++ git rev-parse --show-toplevel
++ cd /home/user/securedrop-client
++ missing=false
++ podman inspect fpf.local/sd-client-builder-bookworm
++ false
++ status=0
++ podman run --rm --user=root -v /home/user/securedrop-client:/src:Z --userns=keep-id -it --entrypoint /src/scripts/dep-check.sh fpf.local/sd-client-builder-bookworm
Hit:1 http://deb.debian.org/debian bookworm InRelease                       
Get:2 http://deb.debian.org/debian bookworm-updates InRelease [55.4 kB]     
Get:3 https://deb.qubes-os.org/r4.2/vm bookworm InRelease [4739 B]
Get:4 http://deb.debian.org/debian-security bookworm-security InRelease [48.0 kB]
Get:5 https://deb.qubes-os.org/r4.2/vm bookworm/main amd64 Packages [38.0 kB]
Get:6 http://deb.debian.org/debian-security bookworm-security/main amd64 Packages [258 kB]
Fetched 404 kB in 2s (213 kB/s)
Reading package lists... Done
++ [[ 0 == 42 ]]
++ [[ 0 != 0 ]]
++ mktemp -d
+ BUILD_DEST=/tmp/tmp.aDBXy84vlc
+ podman run --rm --user=root -v /home/user/securedrop-client:/src:Z --userns=keep-id -it -v /home/user/securedrop-builder:/builder:Z -v /tmp/tmp.aDBXy84vlc:/build:Z --env NIGHTLY= --entrypoint /src/scripts/build-debs-real.sh fpf.local/sd-client-builder-bookworm
+ export PIP_DISABLE_PIP_VERSION_CHECK=1
+ PIP_DISABLE_PIP_VERSION_CHECK=1
+ export PIP_PROGRESS_BAR=off
+ PIP_PROGRESS_BAR=off
+ export CARGO_TERM_COLOR=never
+ CARGO_TERM_COLOR=never
+ export CARGO_TERM_PROGRESS_WHEN=never
+ CARGO_TERM_PROGRESS_WHEN=never
+ apt-get update
Hit:1 http://deb.debian.org/debian bookworm InRelease                       
Get:2 http://deb.debian.org/debian bookworm-updates InRelease [55.4 kB]     
Get:3 https://deb.qubes-os.org/r4.2/vm bookworm InRelease [4739 B]
Get:4 https://deb.qubes-os.org/r4.2/vm bookworm/main amd64 Packages [38.0 kB]
Get:5 http://deb.debian.org/debian-security bookworm-security InRelease [48.0 kB]
Get:6 http://deb.debian.org/debian-security bookworm-security/main amd64 Packages [258 kB]
Fetched 404 kB in 3s (141 kB/s)
Reading package lists... Done
+ apt-get upgrade --yes
Reading package lists... Done
Building dependency tree... Done
Reading state information... Done
Calculating upgrade... Done
0 upgraded, 0 newly installed, 0 to remove and 0 not upgraded.
+ cp -R /src/ /srv/securedrop-client
+ cd /srv/securedrop-client
+ apt-get build-dep . --yes
Note, using directory '.' to get the build dependencies
Reading package lists... Done
Building dependency tree... Done
Reading state information... Done
The following NEW packages will be installed:
  autoconf automake autopoint autotools-dev bsdextrautils debhelper dh-apparmor dh-autoreconf dh-exec dh-strip-nondeterminism dwz file gettext gettext-base
  groff-base intltool-debian libarchive-zip-perl libclang-14-dev libclang-common-14-dev libclang-dev libclang1-14 libdebhelper-perl libedit2 libelf1
  libfile-stripnondeterminism-perl libgc1 libicu72 libllvm14 libmagic-mgc libmagic1 libobjc-12-dev libobjc4 libpipeline1 libpkgconf3 libpython3-stdlib
  libpython3.11-minimal libpython3.11-stdlib libqubesdb libssl-dev libsub-override-perl libtool libuchardet0 libxml2 libz3-4 m4 man-db media-types pkg-config
  pkgconf pkgconf-bin po-debconf python3 python3-distutils python3-lib2to3 python3-minimal python3-pip-whl python3-setuptools-whl python3-venv python3.11
  python3.11-minimal python3.11-venv qubesdb-dev sensible-utils
0 upgraded, 63 newly installed, 0 to remove and 0 not upgraded.
Need to get 89.5 MB of archives.
After this operation, 544 MB of additional disk space will be used.
Get:1 http://deb.debian.org/debian bookworm/main amd64 libpython3.11-minimal amd64 3.11.2-6+deb12u5 [816 kB]
Get:2 https://deb.qubes-os.org/r4.2/vm bookworm/main amd64 libqubesdb amd64 4.2.8-1+deb12u1 [9392 B]
Get:3 https://deb.qubes-os.org/r4.2/vm bookworm/main amd64 qubesdb-dev amd64 4.2.8-1+deb12u1 [7556 B]
Get:4 http://deb.debian.org/debian bookworm/main amd64 python3.11-minimal amd64 3.11.2-6+deb12u5 [2067 kB]
Get:5 http://deb.debian.org/debian bookworm/main amd64 python3-minimal amd64 3.11.2-1+b1 [26.3 kB]
Get:6 http://deb.debian.org/debian bookworm/main amd64 media-types all 10.0.0 [26.1 kB]
Get:7 http://deb.debian.org/debian bookworm/main amd64 libpython3.11-stdlib amd64 3.11.2-6+deb12u5 [1797 kB]
Get:8 http://deb.debian.org/debian bookworm/main amd64 python3.11 amd64 3.11.2-6+deb12u5 [573 kB]
Get:9 http://deb.debian.org/debian bookworm/main amd64 libpython3-stdlib amd64 3.11.2-1+b1 [9312 B]
Get:10 http://deb.debian.org/debian bookworm/main amd64 python3 amd64 3.11.2-1+b1 [26.3 kB]
Get:11 http://deb.debian.org/debian bookworm/main amd64 sensible-utils all 0.0.17+nmu1 [19.0 kB]
Get:12 http://deb.debian.org/debian bookworm/main amd64 libmagic-mgc amd64 1:5.44-3 [305 kB]
Get:13 http://deb.debian.org/debian bookworm/main amd64 libmagic1 amd64 1:5.44-3 [104 kB]
Get:14 http://deb.debian.org/debian bookworm/main amd64 file amd64 1:5.44-3 [42.5 kB]
Get:15 http://deb.debian.org/debian bookworm/main amd64 gettext-base amd64 0.21-12 [160 kB]
Get:16 http://deb.debian.org/debian bookworm/main amd64 libuchardet0 amd64 0.0.7-1 [67.8 kB]
Get:17 http://deb.debian.org/debian bookworm/main amd64 groff-base amd64 1.22.4-10 [916 kB]
Get:18 http://deb.debian.org/debian bookworm/main amd64 bsdextrautils amd64 2.38.1-5+deb12u3 [87.0 kB]
Get:19 http://deb.debian.org/debian bookworm/main amd64 libpipeline1 amd64 1.5.7-1 [38.5 kB]
Get:20 http://deb.debian.org/debian bookworm/main amd64 man-db amd64 2.11.2-2 [1386 kB]
Get:21 http://deb.debian.org/debian bookworm/main amd64 m4 amd64 1.4.19-3 [287 kB]
Get:22 http://deb.debian.org/debian bookworm/main amd64 autoconf all 2.71-3 [332 kB]
Get:23 http://deb.debian.org/debian bookworm/main amd64 autotools-dev all 20220109.1 [51.6 kB]
Get:24 http://deb.debian.org/debian bookworm/main amd64 automake all 1:1.16.5-1.3 [823 kB]
Get:25 http://deb.debian.org/debian bookworm/main amd64 autopoint all 0.21-12 [495 kB]
Get:26 http://deb.debian.org/debian bookworm/main amd64 libdebhelper-perl all 13.11.4 [81.2 kB]
Get:27 http://deb.debian.org/debian bookworm/main amd64 libtool all 2.4.7-7~deb12u1 [517 kB]
Get:28 http://deb.debian.org/debian bookworm/main amd64 dh-autoreconf all 20 [17.1 kB]
Get:29 http://deb.debian.org/debian bookworm/main amd64 libarchive-zip-perl all 1.68-1 [104 kB]
Get:30 http://deb.debian.org/debian bookworm/main amd64 libsub-override-perl all 0.09-4 [9304 B]
Get:31 http://deb.debian.org/debian bookworm/main amd64 libfile-stripnondeterminism-perl all 1.13.1-1 [19.4 kB]
Get:32 http://deb.debian.org/debian bookworm/main amd64 dh-strip-nondeterminism all 1.13.1-1 [8620 B]
Get:33 http://deb.debian.org/debian bookworm/main amd64 libelf1 amd64 0.188-2.1 [174 kB]
Get:34 http://deb.debian.org/debian bookworm/main amd64 dwz amd64 0.15-1 [109 kB]
Get:35 http://deb.debian.org/debian bookworm/main amd64 libicu72 amd64 72.1-3 [9376 kB]
Get:36 http://deb.debian.org/debian bookworm/main amd64 libxml2 amd64 2.9.14+dfsg-1.3~deb12u1 [687 kB]                                                          
Get:37 http://deb.debian.org/debian bookworm/main amd64 gettext amd64 0.21-12 [1300 kB]                                                                         
Get:38 http://deb.debian.org/debian bookworm/main amd64 intltool-debian all 0.35.0+20060710.6 [22.9 kB]                                                         
Get:39 http://deb.debian.org/debian bookworm/main amd64 po-debconf all 1.0.21+nmu1 [248 kB]                                                                     
Get:40 http://deb.debian.org/debian bookworm/main amd64 debhelper all 13.11.4 [942 kB]                                                                          
Get:41 http://deb.debian.org/debian bookworm/main amd64 dh-apparmor all 3.0.8-3 [16.7 kB]                                                                       
Get:42 http://deb.debian.org/debian bookworm/main amd64 dh-exec amd64 0.27 [27.8 kB]                                                                            
Get:43 http://deb.debian.org/debian bookworm/main amd64 libgc1 amd64 1:8.2.2-3 [245 kB]                                                                         
Get:44 http://deb.debian.org/debian bookworm/main amd64 libobjc4 amd64 12.2.0-14 [43.1 kB]                                                                      
Get:45 http://deb.debian.org/debian bookworm/main amd64 libobjc-12-dev amd64 12.2.0-14 [170 kB]                                                                 
Get:46 http://deb.debian.org/debian bookworm/main amd64 libedit2 amd64 3.1-20221030-2 [93.0 kB]                                                                 
Get:47 http://deb.debian.org/debian bookworm/main amd64 libz3-4 amd64 4.8.12-3.1 [7216 kB]                                                                      
Get:48 http://deb.debian.org/debian bookworm/main amd64 libllvm14 amd64 1:14.0.6-12 [21.8 MB]                                                                   
Get:49 http://deb.debian.org/debian bookworm/main amd64 libclang1-14 amd64 1:14.0.6-12 [6157 kB]                                                                
Get:50 http://deb.debian.org/debian bookworm/main amd64 libclang-common-14-dev all 1:14.0.6-12 [890 kB]                                                         
Get:51 http://deb.debian.org/debian bookworm/main amd64 libclang-14-dev amd64 1:14.0.6-12 [23.1 MB]                                                             
Get:52 http://deb.debian.org/debian bookworm/main amd64 libclang-dev amd64 1:14.0-55.7~deb12u1 [4728 B]                                                         
Get:53 http://deb.debian.org/debian bookworm/main amd64 libpkgconf3 amd64 1.8.1-1 [36.1 kB]                                                                     
Get:54 http://deb.debian.org/debian bookworm/main amd64 libssl-dev amd64 3.0.15-1~deb12u1 [2439 kB]                                                             
Get:55 http://deb.debian.org/debian bookworm/main amd64 pkgconf-bin amd64 1.8.1-1 [29.5 kB]                                                                     
Get:56 http://deb.debian.org/debian bookworm/main amd64 pkgconf amd64 1.8.1-1 [25.9 kB]                                                                         
Get:57 http://deb.debian.org/debian bookworm/main amd64 pkg-config amd64 1.8.1-1 [13.7 kB]                                                                      
Get:58 http://deb.debian.org/debian bookworm/main amd64 python3-lib2to3 all 3.11.2-3 [76.3 kB]                                                                  
Get:59 http://deb.debian.org/debian bookworm/main amd64 python3-distutils all 3.11.2-3 [131 kB]                                                                 
Get:60 http://deb.debian.org/debian bookworm/main amd64 python3-pip-whl all 23.0.1+dfsg-1 [1717 kB]                                                             
Get:61 http://deb.debian.org/debian bookworm/main amd64 python3-setuptools-whl all 66.1.1-1+deb12u1 [1112 kB]                                                   
Get:62 http://deb.debian.org/debian bookworm/main amd64 python3.11-venv amd64 3.11.2-6+deb12u5 [5892 B]                                                         
Get:63 http://deb.debian.org/debian bookworm/main amd64 python3-venv amd64 3.11.2-1+b1 [1200 B]                                                                 
Fetched 89.5 MB in 32s (2789 kB/s)                                                                                                                              
debconf: delaying package configuration, since apt-utils is not installed
Selecting previously unselected package libpython3.11-minimal:amd64.
(Reading database ... 16474 files and directories currently installed.)
Preparing to unpack .../libpython3.11-minimal_3.11.2-6+deb12u5_amd64.deb ...
Unpacking libpython3.11-minimal:amd64 (3.11.2-6+deb12u5) ...
Selecting previously unselected package python3.11-minimal.
Preparing to unpack .../python3.11-minimal_3.11.2-6+deb12u5_amd64.deb ...
Unpacking python3.11-minimal (3.11.2-6+deb12u5) ...
Setting up libpython3.11-minimal:amd64 (3.11.2-6+deb12u5) ...
Setting up python3.11-minimal (3.11.2-6+deb12u5) ...
Selecting previously unselected package python3-minimal.
(Reading database ... 16781 files and directories currently installed.)
Preparing to unpack .../python3-minimal_3.11.2-1+b1_amd64.deb ...
Unpacking python3-minimal (3.11.2-1+b1) ...
Selecting previously unselected package media-types.
Preparing to unpack .../media-types_10.0.0_all.deb ...
Unpacking media-types (10.0.0) ...
Selecting previously unselected package libpython3.11-stdlib:amd64.
Preparing to unpack .../libpython3.11-stdlib_3.11.2-6+deb12u5_amd64.deb ...
Unpacking libpython3.11-stdlib:amd64 (3.11.2-6+deb12u5) ...
Selecting previously unselected package python3.11.
Preparing to unpack .../python3.11_3.11.2-6+deb12u5_amd64.deb ...
Unpacking python3.11 (3.11.2-6+deb12u5) ...
Selecting previously unselected package libpython3-stdlib:amd64.
Preparing to unpack .../libpython3-stdlib_3.11.2-1+b1_amd64.deb ...
Unpacking libpython3-stdlib:amd64 (3.11.2-1+b1) ...
Setting up python3-minimal (3.11.2-1+b1) ...
Selecting previously unselected package python3.
(Reading database ... 17191 files and directories currently installed.)
Preparing to unpack .../00-python3_3.11.2-1+b1_amd64.deb ...
Unpacking python3 (3.11.2-1+b1) ...
Selecting previously unselected package sensible-utils.
Preparing to unpack .../01-sensible-utils_0.0.17+nmu1_all.deb ...
Unpacking sensible-utils (0.0.17+nmu1) ...
Selecting previously unselected package libmagic-mgc.
Preparing to unpack .../02-libmagic-mgc_1%3a5.44-3_amd64.deb ...
Unpacking libmagic-mgc (1:5.44-3) ...
Selecting previously unselected package libmagic1:amd64.
Preparing to unpack .../03-libmagic1_1%3a5.44-3_amd64.deb ...
Unpacking libmagic1:amd64 (1:5.44-3) ...
Selecting previously unselected package file.
Preparing to unpack .../04-file_1%3a5.44-3_amd64.deb ...
Unpacking file (1:5.44-3) ...
Selecting previously unselected package gettext-base.
Preparing to unpack .../05-gettext-base_0.21-12_amd64.deb ...
Unpacking gettext-base (0.21-12) ...
Selecting previously unselected package libuchardet0:amd64.
Preparing to unpack .../06-libuchardet0_0.0.7-1_amd64.deb ...
Unpacking libuchardet0:amd64 (0.0.7-1) ...
Selecting previously unselected package groff-base.
Preparing to unpack .../07-groff-base_1.22.4-10_amd64.deb ...
Unpacking groff-base (1.22.4-10) ...
Selecting previously unselected package bsdextrautils.
Preparing to unpack .../08-bsdextrautils_2.38.1-5+deb12u3_amd64.deb ...
Unpacking bsdextrautils (2.38.1-5+deb12u3) ...
Selecting previously unselected package libpipeline1:amd64.
Preparing to unpack .../09-libpipeline1_1.5.7-1_amd64.deb ...
Unpacking libpipeline1:amd64 (1.5.7-1) ...
Selecting previously unselected package man-db.
Preparing to unpack .../10-man-db_2.11.2-2_amd64.deb ...
Unpacking man-db (2.11.2-2) ...
Selecting previously unselected package m4.
Preparing to unpack .../11-m4_1.4.19-3_amd64.deb ...
Unpacking m4 (1.4.19-3) ...
Selecting previously unselected package autoconf.
Preparing to unpack .../12-autoconf_2.71-3_all.deb ...
Unpacking autoconf (2.71-3) ...
Selecting previously unselected package autotools-dev.
Preparing to unpack .../13-autotools-dev_20220109.1_all.deb ...
Unpacking autotools-dev (20220109.1) ...
Selecting previously unselected package automake.
Preparing to unpack .../14-automake_1%3a1.16.5-1.3_all.deb ...
Unpacking automake (1:1.16.5-1.3) ...
Selecting previously unselected package autopoint.
Preparing to unpack .../15-autopoint_0.21-12_all.deb ...
Unpacking autopoint (0.21-12) ...
Selecting previously unselected package libdebhelper-perl.
Preparing to unpack .../16-libdebhelper-perl_13.11.4_all.deb ...
Unpacking libdebhelper-perl (13.11.4) ...
Selecting previously unselected package libtool.
Preparing to unpack .../17-libtool_2.4.7-7~deb12u1_all.deb ...
Unpacking libtool (2.4.7-7~deb12u1) ...
Selecting previously unselected package dh-autoreconf.
Preparing to unpack .../18-dh-autoreconf_20_all.deb ...
Unpacking dh-autoreconf (20) ...
Selecting previously unselected package libarchive-zip-perl.
Preparing to unpack .../19-libarchive-zip-perl_1.68-1_all.deb ...
Unpacking libarchive-zip-perl (1.68-1) ...
Selecting previously unselected package libsub-override-perl.
Preparing to unpack .../20-libsub-override-perl_0.09-4_all.deb ...
Unpacking libsub-override-perl (0.09-4) ...
Selecting previously unselected package libfile-stripnondeterminism-perl.
Preparing to unpack .../21-libfile-stripnondeterminism-perl_1.13.1-1_all.deb ...
Unpacking libfile-stripnondeterminism-perl (1.13.1-1) ...
Selecting previously unselected package dh-strip-nondeterminism.
Preparing to unpack .../22-dh-strip-nondeterminism_1.13.1-1_all.deb ...
Unpacking dh-strip-nondeterminism (1.13.1-1) ...
Selecting previously unselected package libelf1:amd64.
Preparing to unpack .../23-libelf1_0.188-2.1_amd64.deb ...
Unpacking libelf1:amd64 (0.188-2.1) ...
Selecting previously unselected package dwz.
Preparing to unpack .../24-dwz_0.15-1_amd64.deb ...
Unpacking dwz (0.15-1) ...
Selecting previously unselected package libicu72:amd64.
Preparing to unpack .../25-libicu72_72.1-3_amd64.deb ...
Unpacking libicu72:amd64 (72.1-3) ...
Selecting previously unselected package libxml2:amd64.
Preparing to unpack .../26-libxml2_2.9.14+dfsg-1.3~deb12u1_amd64.deb ...
Unpacking libxml2:amd64 (2.9.14+dfsg-1.3~deb12u1) ...
Selecting previously unselected package gettext.
Preparing to unpack .../27-gettext_0.21-12_amd64.deb ...
Unpacking gettext (0.21-12) ...
Selecting previously unselected package intltool-debian.
Preparing to unpack .../28-intltool-debian_0.35.0+20060710.6_all.deb ...
Unpacking intltool-debian (0.35.0+20060710.6) ...
Selecting previously unselected package po-debconf.
Preparing to unpack .../29-po-debconf_1.0.21+nmu1_all.deb ...
Unpacking po-debconf (1.0.21+nmu1) ...
Selecting previously unselected package debhelper.
Preparing to unpack .../30-debhelper_13.11.4_all.deb ...
Unpacking debhelper (13.11.4) ...
Selecting previously unselected package dh-apparmor.
Preparing to unpack .../31-dh-apparmor_3.0.8-3_all.deb ...
Unpacking dh-apparmor (3.0.8-3) ...
Selecting previously unselected package dh-exec.
Preparing to unpack .../32-dh-exec_0.27_amd64.deb ...
Unpacking dh-exec (0.27) ...
Selecting previously unselected package libgc1:amd64.
Preparing to unpack .../33-libgc1_1%3a8.2.2-3_amd64.deb ...
Unpacking libgc1:amd64 (1:8.2.2-3) ...
Selecting previously unselected package libobjc4:amd64.
Preparing to unpack .../34-libobjc4_12.2.0-14_amd64.deb ...
Unpacking libobjc4:amd64 (12.2.0-14) ...
Selecting previously unselected package libobjc-12-dev:amd64.
Preparing to unpack .../35-libobjc-12-dev_12.2.0-14_amd64.deb ...
Unpacking libobjc-12-dev:amd64 (12.2.0-14) ...
Selecting previously unselected package libedit2:amd64.
Preparing to unpack .../36-libedit2_3.1-20221030-2_amd64.deb ...
Unpacking libedit2:amd64 (3.1-20221030-2) ...
Selecting previously unselected package libz3-4:amd64.
Preparing to unpack .../37-libz3-4_4.8.12-3.1_amd64.deb ...
Unpacking libz3-4:amd64 (4.8.12-3.1) ...
Selecting previously unselected package libllvm14:amd64.
Preparing to unpack .../38-libllvm14_1%3a14.0.6-12_amd64.deb ...
Unpacking libllvm14:amd64 (1:14.0.6-12) ...
Selecting previously unselected package libclang1-14.
Preparing to unpack .../39-libclang1-14_1%3a14.0.6-12_amd64.deb ...
Unpacking libclang1-14 (1:14.0.6-12) ...
Selecting previously unselected package libclang-common-14-dev.
Preparing to unpack .../40-libclang-common-14-dev_1%3a14.0.6-12_all.deb ...
Unpacking libclang-common-14-dev (1:14.0.6-12) ...
Selecting previously unselected package libclang-14-dev.
Preparing to unpack .../41-libclang-14-dev_1%3a14.0.6-12_amd64.deb ...
Unpacking libclang-14-dev (1:14.0.6-12) ...
Selecting previously unselected package libclang-dev.
Preparing to unpack .../42-libclang-dev_1%3a14.0-55.7~deb12u1_amd64.deb ...
Unpacking libclang-dev (1:14.0-55.7~deb12u1) ...
Selecting previously unselected package libpkgconf3:amd64.
Preparing to unpack .../43-libpkgconf3_1.8.1-1_amd64.deb ...
Unpacking libpkgconf3:amd64 (1.8.1-1) ...
Selecting previously unselected package libssl-dev:amd64.
Preparing to unpack .../44-libssl-dev_3.0.15-1~deb12u1_amd64.deb ...
Unpacking libssl-dev:amd64 (3.0.15-1~deb12u1) ...
Selecting previously unselected package pkgconf-bin.
Preparing to unpack .../45-pkgconf-bin_1.8.1-1_amd64.deb ...
Unpacking pkgconf-bin (1.8.1-1) ...
Selecting previously unselected package pkgconf:amd64.
Preparing to unpack .../46-pkgconf_1.8.1-1_amd64.deb ...
Unpacking pkgconf:amd64 (1.8.1-1) ...
Selecting previously unselected package pkg-config:amd64.
Preparing to unpack .../47-pkg-config_1.8.1-1_amd64.deb ...
Unpacking pkg-config:amd64 (1.8.1-1) ...
Selecting previously unselected package python3-lib2to3.
Preparing to unpack .../48-python3-lib2to3_3.11.2-3_all.deb ...
Unpacking python3-lib2to3 (3.11.2-3) ...
Selecting previously unselected package python3-distutils.
Preparing to unpack .../49-python3-distutils_3.11.2-3_all.deb ...
Unpacking python3-distutils (3.11.2-3) ...
Selecting previously unselected package python3-pip-whl.
Preparing to unpack .../50-python3-pip-whl_23.0.1+dfsg-1_all.deb ...
Unpacking python3-pip-whl (23.0.1+dfsg-1) ...
Selecting previously unselected package python3-setuptools-whl.
Preparing to unpack .../51-python3-setuptools-whl_66.1.1-1+deb12u1_all.deb ...
Unpacking python3-setuptools-whl (66.1.1-1+deb12u1) ...
Selecting previously unselected package python3.11-venv.
Preparing to unpack .../52-python3.11-venv_3.11.2-6+deb12u5_amd64.deb ...
Unpacking python3.11-venv (3.11.2-6+deb12u5) ...
Selecting previously unselected package python3-venv.
Preparing to unpack .../53-python3-venv_3.11.2-1+b1_amd64.deb ...
Unpacking python3-venv (3.11.2-1+b1) ...
Selecting previously unselected package libqubesdb.
Preparing to unpack .../54-libqubesdb_4.2.8-1+deb12u1_amd64.deb ...
Unpacking libqubesdb (4.2.8-1+deb12u1) ...
Selecting previously unselected package qubesdb-dev.
Preparing to unpack .../55-qubesdb-dev_4.2.8-1+deb12u1_amd64.deb ...
Unpacking qubesdb-dev (4.2.8-1+deb12u1) ...
Setting up media-types (10.0.0) ...
Setting up libpipeline1:amd64 (1.5.7-1) ...
Setting up python3-setuptools-whl (66.1.1-1+deb12u1) ...
Setting up libicu72:amd64 (72.1-3) ...
Setting up bsdextrautils (2.38.1-5+deb12u3) ...
Setting up libmagic-mgc (1:5.44-3) ...
Setting up python3-pip-whl (23.0.1+dfsg-1) ...
Setting up libarchive-zip-perl (1.68-1) ...
Setting up libpython3.11-stdlib:amd64 (3.11.2-6+deb12u5) ...
Setting up libdebhelper-perl (13.11.4) ...
Setting up libedit2:amd64 (3.1-20221030-2) ...
Setting up libmagic1:amd64 (1:5.44-3) ...
Setting up gettext-base (0.21-12) ...
Setting up m4 (1.4.19-3) ...
Setting up file (1:5.44-3) ...
Setting up autotools-dev (20220109.1) ...
Setting up libz3-4:amd64 (4.8.12-3.1) ...
Setting up libpkgconf3:amd64 (1.8.1-1) ...
Setting up libssl-dev:amd64 (3.0.15-1~deb12u1) ...
Setting up autopoint (0.21-12) ...
Setting up pkgconf-bin (1.8.1-1) ...
Setting up libgc1:amd64 (1:8.2.2-3) ...
Setting up autoconf (2.71-3) ...
Setting up libqubesdb (4.2.8-1+deb12u1) ...
Setting up sensible-utils (0.0.17+nmu1) ...
Setting up libuchardet0:amd64 (0.0.7-1) ...
Setting up qubesdb-dev (4.2.8-1+deb12u1) ...
Setting up libsub-override-perl (0.09-4) ...
Setting up dh-apparmor (3.0.8-3) ...
Setting up libelf1:amd64 (0.188-2.1) ...
Setting up libxml2:amd64 (2.9.14+dfsg-1.3~deb12u1) ...
Setting up libpython3-stdlib:amd64 (3.11.2-1+b1) ...
Setting up automake (1:1.16.5-1.3) ...
update-alternatives: using /usr/bin/automake-1.16 to provide /usr/bin/automake (automake) in auto mode
Setting up libfile-stripnondeterminism-perl (1.13.1-1) ...
Setting up python3.11 (3.11.2-6+deb12u5) ...
Setting up gettext (0.21-12) ...
Setting up libtool (2.4.7-7~deb12u1) ...
Setting up libobjc4:amd64 (12.2.0-14) ...
Setting up python3 (3.11.2-1+b1) ...
running python rtupdate hooks for python3.11...
running python post-rtupdate hooks for python3.11...
Setting up pkgconf:amd64 (1.8.1-1) ...
Setting up intltool-debian (0.35.0+20060710.6) ...
Setting up dh-autoreconf (20) ...
Setting up pkg-config:amd64 (1.8.1-1) ...
Setting up dh-strip-nondeterminism (1.13.1-1) ...
Setting up libllvm14:amd64 (1:14.0.6-12) ...
Setting up libobjc-12-dev:amd64 (12.2.0-14) ...
Setting up dwz (0.15-1) ...
Setting up groff-base (1.22.4-10) ...
Setting up python3-lib2to3 (3.11.2-3) ...
Setting up python3-distutils (3.11.2-3) ...
Setting up po-debconf (1.0.21+nmu1) ...
Setting up libclang1-14 (1:14.0.6-12) ...
Setting up man-db (2.11.2-2) ...
debconf: unable to initialize frontend: Dialog
debconf: (No usable dialog-like program is installed, so the dialog based frontend cannot be used. at /usr/share/perl5/Debconf/FrontEnd/Dialog.pm line 78.)
debconf: falling back to frontend: Readline
Building database of manual pages ...
Setting up python3.11-venv (3.11.2-6+deb12u5) ...
Setting up libclang-common-14-dev (1:14.0.6-12) ...
Setting up libclang-14-dev (1:14.0.6-12) ...
Setting up libclang-dev (1:14.0-55.7~deb12u1) ...
Setting up debhelper (13.11.4) ...
Setting up dh-exec (0.27) ...
Setting up python3-venv (3.11.2-1+b1) ...
Processing triggers for libc-bin (2.36-9+deb12u10) ...
+ ./scripts/fixup-changelog.sh
+ source /etc/os-release
++ PRETTY_NAME='Debian GNU/Linux 12 (bookworm)'
++ NAME='Debian GNU/Linux'
++ VERSION_ID=12
++ VERSION='12 (bookworm)'
++ VERSION_CODENAME=bookworm
++ ID=debian
++ HOME_URL=https://www.debian.org/
++ SUPPORT_URL=https://www.debian.org/support
++ BUG_REPORT_URL=https://bugs.debian.org/
+ [[ bookworm == '' ]]
++ dpkg-parsechangelog -S Version
+ VERSION=0.15.0
+ NIGHTLY=
+ [[ -n '' ]]
+ NEW_VERSION=0.15.0
+ sed -i '0,/0.15.0/ s//0.15.0+bookworm/' debian/changelog
+ dpkg-buildpackage --no-sign
dpkg-buildpackage: info: source package securedrop-client
dpkg-buildpackage: info: source version 0.15.0+bookworm
dpkg-buildpackage: info: source distribution unstable
dpkg-buildpackage: info: source changed by SecureDrop Team <securedrop@freedom.press>
dpkg-buildpackage: info: host architecture amd64
 dpkg-source --before-build .
dpkg-source: info: using options from securedrop-client/debian/source/options: --compression=gzip --tar-ignore=build --tar-ignore=.* --tar-ignore=__pycache__ --tar-ignore=htmlcov --tar-ignore=target
 debian/rules clean
dh clean
   dh_auto_clean
   dh_clean
 dpkg-source -b .
dpkg-source: info: using options from securedrop-client/debian/source/options: --compression=gzip --tar-ignore=build --tar-ignore=.* --tar-ignore=__pycache__ --tar-ignore=htmlcov --tar-ignore=target
dpkg-source: info: using source format '3.0 (native)'
dpkg-source: info: building securedrop-client in securedrop-client_0.15.0+bookworm.tar.gz
dpkg-source: info: building securedrop-client in securedrop-client_0.15.0+bookworm.dsc
 debian/rules build
make: 'build' is up to date.
 debian/rules binary
dh binary
   dh_update_autotools_config
   dh_autoreconf
   dh_auto_configure
   dh_auto_build
	make -j6 "INSTALL=install --strip-program=true"
make[1]: Entering directory '/srv/securedrop-client'
Makefile for developing and testing the SecureDrop client.
Subcommands:

build-debs       Build Debian packages
fix              Fix lint and formatting issues
help             Print this message and exit.
lint             Run linters and formatters
lint-apparmor    Lint AppArmor profiles
lint-desktop     Lint .desktop files
rust-lint        Lint Rust code
rust-test        Run Rust tests
safety           Run safety dependency checks on build dependencies
shellcheck       Lint shell scripts
zizmor           Lint GitHub Actions workflows
make[1]: Leaving directory '/srv/securedrop-client'
   dh_auto_test
   create-stamp debian/debhelper-build-stamp
   dh_testroot
   dh_prep
   debian/rules override_dh_auto_install
make[1]: Entering directory '/srv/securedrop-client'
sed -i s/##VERSION_CODENAME##/bookworm/ keyring/apt_freedom_press.sources
bash ./debian/setup-venv.sh client
+ NAME=client
+ [[ client == \c\l\i\e\n\t ]]
+ VENV_ARGS=--system-site-packages
+ WHEELS_DIR=/builder/securedrop-client/wheels
+ PIP_ARGS='--ignore-installed --no-index --find-links /builder/securedrop-client/wheels --no-deps --no-cache-dir --no-use-pep517'
+ /usr/bin/python3 -m venv --system-site-packages ./debian/securedrop-client/opt/venvs/securedrop-client
+ ./debian/securedrop-client/opt/venvs/securedrop-client/bin/pip install --ignore-installed --no-index --find-links /builder/securedrop-client/wheels --no-deps --no-cache-dir --no-use-pep517 --require-hashes -r client/build-requirements.txt
Looking in links: /builder/securedrop-client/wheels
Processing /builder/securedrop-client/wheels/alembic-1.1.0-py2.py3-none-any.whl
Processing /builder/securedrop-client/wheels/arrow-0.12.1-py2.py3-none-any.whl
Processing /builder/securedrop-client/wheels/jinja2-3.1.6-py3-none-any.whl
Processing /builder/securedrop-client/wheels/Mako-1.2.2-py3-none-any.whl
Processing /builder/securedrop-client/wheels/MarkupSafe-2.0.1-cp311-cp311-linux_x86_64.whl
Processing /builder/securedrop-client/wheels/python_dateutil-2.7.5-py2.py3-none-any.whl
Processing /builder/securedrop-client/wheels/python_editor-1.0.3-py3-none-any.whl
Processing /builder/securedrop-client/wheels/six-1.16.0-py2.py3-none-any.whl
Processing /builder/securedrop-client/wheels/SQLAlchemy-1.3.3-cp311-cp311-linux_x86_64.whl
Installing collected packages: python-editor, arrow, sqlalchemy, six, python-dateutil, markupsafe, mako, jinja2, alembic
Successfully installed alembic-1.1.0 arrow-0.12.1 jinja2-3.1.6 mako-1.2.2 markupsafe-2.0.1 python-dateutil-2.7.5 python-editor-1.0.3 six-1.16.0 sqlalchemy-1.3.3
+ ./debian/securedrop-client/opt/venvs/securedrop-client/bin/pip install --ignore-installed --no-index --find-links /builder/securedrop-client/wheels --no-deps --no-cache-dir --no-use-pep517 ./client
Looking in links: /builder/securedrop-client/wheels
Processing ./client
  Preparing metadata (setup.py) ... done
Installing collected packages: securedrop-client
  DEPRECATION: securedrop-client is being installed using the legacy 'setup.py install' method, because it does not have a 'pyproject.toml' and the 'wheel' package is not installed. pip 23.1 will enforce this behaviour change. A possible replacement is to enable the '--use-pep517' option. Discussion can be found at https://github.com/pypa/pip/issues/8559
  Running setup.py install for securedrop-client ... done
Successfully installed securedrop-client-0.0.0
++ pwd
+ find ./debian/securedrop-client/ -type f -exec sed -i s#/srv/securedrop-client/debian/securedrop-client## '{}' ';'
+ rm -rf ./debian/securedrop-client/opt/venvs/securedrop-client/share/python-wheels
bash ./debian/setup-venv.sh export
+ NAME=export
+ [[ export == \c\l\i\e\n\t ]]
+ [[ export == \e\x\p\o\r\t ]]
+ VENV_ARGS=--system-site-packages
+ WHEELS_DIR=/builder/securedrop-export/wheels
+ PIP_ARGS='--ignore-installed --no-index --find-links /builder/securedrop-export/wheels --no-deps --no-cache-dir --no-use-pep517'
+ /usr/bin/python3 -m venv --system-site-packages ./debian/securedrop-export/opt/venvs/securedrop-export
+ ./debian/securedrop-export/opt/venvs/securedrop-export/bin/pip install --ignore-installed --no-index --find-links /builder/securedrop-export/wheels --no-deps --no-cache-dir --no-use-pep517 --require-hashes -r export/build-requirements.txt
Looking in links: /builder/securedrop-export/wheels
Processing /builder/securedrop-export/wheels/pexpect-4.9.0-py2.py3-none-any.whl
Processing /builder/securedrop-export/wheels/ptyprocess-0.7.0-py2.py3-none-any.whl
Installing collected packages: ptyprocess, pexpect
Successfully installed pexpect-4.9.0 ptyprocess-0.7.0
+ ./debian/securedrop-export/opt/venvs/securedrop-export/bin/pip install --ignore-installed --no-index --find-links /builder/securedrop-export/wheels --no-deps --no-cache-dir --no-use-pep517 ./export
Looking in links: /builder/securedrop-export/wheels
Processing ./export
  Preparing metadata (setup.py) ... done
Installing collected packages: securedrop-export
  DEPRECATION: securedrop-export is being installed using the legacy 'setup.py install' method, because it does not have a 'pyproject.toml' and the 'wheel' package is not installed. pip 23.1 will enforce this behaviour change. A possible replacement is to enable the '--use-pep517' option. Discussion can be found at https://github.com/pypa/pip/issues/8559
  Running setup.py install for securedrop-export ... done
Successfully installed securedrop-export-0.0.0
++ pwd
+ find ./debian/securedrop-export/ -type f -exec sed -i s#/srv/securedrop-client/debian/securedrop-export## '{}' ';'
+ rm -rf ./debian/securedrop-export/opt/venvs/securedrop-export/share/python-wheels
bash ./debian/setup-venv.sh log
+ NAME=log
+ [[ log == \c\l\i\e\n\t ]]
+ [[ log == \e\x\p\o\r\t ]]
+ VENV_ARGS=
+ WHEELS_DIR=/builder/securedrop-log/wheels
+ PIP_ARGS='--ignore-installed --no-index --find-links /builder/securedrop-log/wheels --no-deps --no-cache-dir --no-use-pep517'
+ /usr/bin/python3 -m venv ./debian/securedrop-log/opt/venvs/securedrop-log
+ ./debian/securedrop-log/opt/venvs/securedrop-log/bin/pip install --ignore-installed --no-index --find-links /builder/securedrop-log/wheels --no-deps --no-cache-dir --no-use-pep517 --require-hashes -r log/build-requirements.txt
Looking in links: /builder/securedrop-log/wheels
Processing /builder/securedrop-log/wheels/redis-3.3.11-py2.py3-none-any.whl
Installing collected packages: redis
Successfully installed redis-3.3.11
+ ./debian/securedrop-log/opt/venvs/securedrop-log/bin/pip install --ignore-installed --no-index --find-links /builder/securedrop-log/wheels --no-deps --no-cache-dir --no-use-pep517 ./log
Looking in links: /builder/securedrop-log/wheels
Processing ./log
  Preparing metadata (setup.py) ... done
Installing collected packages: securedrop-log
  DEPRECATION: securedrop-log is being installed using the legacy 'setup.py install' method, because it does not have a 'pyproject.toml' and the 'wheel' package is not installed. pip 23.1 will enforce this behaviour change. A possible replacement is to enable the '--use-pep517' option. Discussion can be found at https://github.com/pypa/pip/issues/8559
  Running setup.py install for securedrop-log ... done
Successfully installed securedrop-log-0.0.0
++ pwd
+ find ./debian/securedrop-log/ -type f -exec sed -i s#/srv/securedrop-client/debian/securedrop-log## '{}' ';'
+ rm -rf ./debian/securedrop-log/opt/venvs/securedrop-log/share/python-wheels
cargo build --release --locked --features qubesdb
    Updating crates.io index
 Downloading crates ...
  Downloaded adler v1.0.2
  Downloaded atomic-waker v1.1.2
  Downloaded shlex v1.3.0
  Downloaded anyhow v1.0.75
  Downloaded autocfg v1.1.0
  Downloaded tokio-native-tls v0.3.1
  Downloaded base64 v0.22.1
  Downloaded async-compression v0.4.6
  Downloaded bindgen v0.69.4
  Downloaded futures-io v0.3.31
  Downloaded foreign-types-shared v0.1.1
  Downloaded aho-corasick v1.1.2
  Downloaded icu_collections v1.5.0
  Downloaded flate2 v1.0.28
  Downloaded futures-channel v0.3.31
  Downloaded crc32fast v1.4.0
  Downloaded tower-layer v0.3.2
  Downloaded tower v0.4.13
  Downloaded fnv v1.0.7
  Downloaded cexpr v0.6.0
  Downloaded errno v0.3.8
  Downloaded futures-task v0.3.31
  Downloaded futures-macro v0.3.31
  Downloaded futures-core v0.3.31
  Downloaded form_urlencoded v1.2.1
  Downloaded either v1.10.0
  Downloaded cfg-if v1.0.0
  Downloaded bytes v1.5.0
  Downloaded tower-service v0.3.2
  Downloaded tracing-core v0.1.32
  Downloaded cc v1.0.83
  Downloaded encoding_rs v0.8.33
  Downloaded tokio-util v0.7.10
  Downloaded indexmap v2.2.3
  Downloaded tracing v0.1.40
  Downloaded hyper-util v0.1.3
  Downloaded displaydoc v0.2.5
  Downloaded hyper v1.3.1
  Downloaded futures-sink v0.3.31
  Downloaded foreign-types v0.3.2
  Downloaded bitflags v2.4.2
  Downloaded httparse v1.8.0
  Downloaded icu_locid v1.5.0
  Downloaded equivalent v1.0.1
  Downloaded mime v0.3.17
  Downloaded idna v1.0.3
  Downloaded http-body-util v0.1.1
  Downloaded lazy_static v1.4.0
  Downloaded glob v0.3.1
  Downloaded lazycell v1.3.0
  Downloaded home v0.5.9
  Downloaded clang-sys v1.7.0
  Downloaded minimal-lexical v0.2.1
  Downloaded icu_locid_transform v1.5.0
  Downloaded icu_provider_macros v1.5.0
  Downloaded hyper-tls v0.6.0
  Downloaded zerofrom v0.1.5
  Downloaded openssl-probe v0.1.5
  Downloaded pin-project-internal v1.1.5
  Downloaded zerovec v0.10.4
  Downloaded openssl-sys v0.9.107
  Downloaded itoa v1.0.10
  Downloaded ipnet v2.9.0
  Downloaded h2 v0.4.5
  Downloaded http-body v1.0.0
  Downloaded pin-project v1.1.5
  Downloaded try-lock v0.2.5
  Downloaded pin-project-lite v0.2.13
  Downloaded libloading v0.8.1
  Downloaded icu_provider v1.5.0
  Downloaded openssl-macros v0.1.1
  Downloaded native-tls v0.2.11
  Downloaded zerovec-derive v0.10.3
  Downloaded zerofrom-derive v0.1.5
  Downloaded proc-macro2 v1.0.78
  Downloaded rustc-hash v1.1.0
  Downloaded once_cell v1.19.0
  Downloaded pin-utils v0.1.0
  Downloaded percent-encoding v2.3.1
  Downloaded idna_adapter v1.2.0
  Downloaded miniz_oxide v0.7.2
  Downloaded pkg-config v0.3.29
  Downloaded serde_urlencoded v0.7.1
  Downloaded slab v0.4.9
  Downloaded log v0.4.20
  Downloaded litemap v0.7.4
  Downloaded quote v1.0.35
  Downloaded icu_locid_transform_data v1.5.0
  Downloaded http v1.1.0
  Downloaded rustls-pki-types v1.7.0
  Downloaded rustls-pemfile v2.1.2
  Downloaded write16 v1.0.0
  Downloaded icu_normalizer v1.5.0
  Downloaded icu_normalizer_data v1.5.0
  Downloaded ryu v1.0.16
  Downloaded prettyplease v0.2.16
  Downloaded synstructure v0.13.1
  Downloaded stable_deref_trait v1.2.0
  Downloaded serde_derive v1.0.196
  Downloaded tinystr v0.7.6
  Downloaded icu_properties v1.5.1
  Downloaded unicode-ident v1.0.12
  Downloaded nom v7.1.3
  Downloaded serde v1.0.196
  Downloaded memchr v2.7.1
  Downloaded futures-util v0.3.31
  Downloaded url v2.5.4
  Downloaded mio v1.0.3
  Downloaded itertools v0.12.1
  Downloaded hashbrown v0.14.3
  Downloaded smallvec v1.13.2
  Downloaded serde_json v1.0.113
  Downloaded reqwest v0.12.4
  Downloaded icu_properties_data v1.5.0
  Downloaded yoke-derive v0.7.5
  Downloaded syn v2.0.58
  Downloaded yoke v0.7.5
  Downloaded regex v1.10.3
  Downloaded openssl v0.10.72
  Downloaded rustix v0.38.31
  Downloaded regex-syntax v0.8.2
  Downloaded want v0.3.1
  Downloaded regex-automata v0.4.5
  Downloaded writeable v0.5.5
  Downloaded utf8_iter v1.0.4
  Downloaded socket2 v0.5.5
  Downloaded tokio-macros v2.5.0
  Downloaded utf16_iter v1.0.5
  Downloaded libc v0.2.171
  Downloaded which v4.4.2
  Downloaded linux-raw-sys v0.4.13
  Downloaded sync_wrapper v0.1.2
  Downloaded tokio v1.44.2
  Downloaded vcpkg v0.2.15
   Compiling proc-macro2 v1.0.78
   Compiling unicode-ident v1.0.12
   Compiling libc v0.2.171
   Compiling bytes v1.5.0
   Compiling pin-project-lite v0.2.13
   Compiling stable_deref_trait v1.2.0
   Compiling once_cell v1.19.0
   Compiling futures-core v0.3.31
   Compiling autocfg v1.1.0
   Compiling log v0.4.20
   Compiling pkg-config v0.3.29
   Compiling vcpkg v0.2.15
   Compiling quote v1.0.35
   Compiling socket2 v0.5.5
   Compiling mio v1.0.3
   Compiling syn v2.0.58
   Compiling cc v1.0.83
   Compiling itoa v1.0.10
   Compiling slab v0.4.9
   Compiling cfg-if v1.0.0
   Compiling writeable v0.5.5
   Compiling litemap v0.7.4
   Compiling tracing-core v0.1.32
   Compiling smallvec v1.13.2
   Compiling fnv v1.0.7
   Compiling openssl-sys v0.9.107
   Compiling http v1.1.0
   Compiling icu_locid_transform_data v1.5.0
   Compiling glob v0.3.1
   Compiling tracing v0.1.40
   Compiling rustix v0.38.31
   Compiling clang-sys v1.7.0
   Compiling pin-utils v0.1.0
   Compiling prettyplease v0.2.16
   Compiling openssl v0.10.72
   Compiling futures-task v0.3.31
   Compiling hashbrown v0.14.3
   Compiling icu_properties_data v1.5.0
   Compiling httparse v1.8.0
   Compiling foreign-types-shared v0.1.1
   Compiling equivalent v1.0.1
   Compiling futures-sink v0.3.31
   Compiling foreign-types v0.3.2
   Compiling http-body v1.0.0
   Compiling minimal-lexical v0.2.1
   Compiling linux-raw-sys v0.4.13
   Compiling bitflags v2.4.2
   Compiling indexmap v2.2.3
   Compiling synstructure v0.13.1
   Compiling memchr v2.7.1
   Compiling crc32fast v1.4.0
   Compiling icu_normalizer_data v1.5.0
   Compiling try-lock v0.2.5
   Compiling serde v1.0.196
   Compiling native-tls v0.2.11
   Compiling atomic-waker v1.1.2
   Compiling write16 v1.0.0
   Compiling utf16_iter v1.0.5
   Compiling regex-syntax v0.8.2
   Compiling either v1.10.0
   Compiling utf8_iter v1.0.4
   Compiling libloading v0.8.1
   Compiling want v0.3.1
   Compiling nom v7.1.3
   Compiling futures-channel v0.3.31
   Compiling adler v1.0.2
   Compiling percent-encoding v2.3.1
   Compiling tower-service v0.3.2
   Compiling bindgen v0.69.4
   Compiling regex-automata v0.4.5
   Compiling openssl-probe v0.1.5
   Compiling zerofrom-derive v0.1.5
   Compiling yoke-derive v0.7.5
   Compiling zerovec-derive v0.10.3
   Compiling displaydoc v0.2.5
   Compiling tokio-macros v2.5.0
   Compiling icu_provider_macros v1.5.0
   Compiling tokio v1.44.2
   Compiling futures-macro v0.3.31
   Compiling pin-project-internal v1.1.5
   Compiling openssl-macros v0.1.1
   Compiling serde_derive v1.0.196
   Compiling zerofrom v0.1.5
   Compiling yoke v0.7.5
   Compiling futures-util v0.3.31
   Compiling zerovec v0.10.4
   Compiling tinystr v0.7.6
   Compiling icu_locid v1.5.0
   Compiling icu_collections v1.5.0
   Compiling icu_provider v1.5.0
   Compiling icu_locid_transform v1.5.0
   Compiling tokio-util v0.7.10
   Compiling pin-project v1.1.5
   Compiling tower-layer v0.3.2
   Compiling home v0.5.9
   Compiling icu_properties v1.5.1
   Compiling h2 v0.4.5
   Compiling icu_normalizer v1.5.0
   Compiling which v4.4.2
   Compiling idna_adapter v1.2.0
   Compiling tower v0.4.13
   Compiling regex v1.10.3
   Compiling cexpr v0.6.0
   Compiling form_urlencoded v1.2.1
   Compiling miniz_oxide v0.7.2
   Compiling hyper v1.3.1
   Compiling itertools v0.12.1
   Compiling lazy_static v1.4.0
   Compiling ryu v1.0.16
   Compiling shlex v1.3.0
   Compiling lazycell v1.3.0
   Compiling rustc-hash v1.1.0
   Compiling flate2 v1.0.28
   Compiling hyper-util v0.1.3
   Compiling tokio-native-tls v0.3.1
   Compiling idna v1.0.3
   Compiling http-body-util v0.1.1
   Compiling anyhow v1.0.75
   Compiling serde_json v1.0.113
   Compiling rustls-pki-types v1.7.0
   Compiling base64 v0.22.1
   Compiling async-compression v0.4.6
   Compiling rustls-pemfile v2.1.2
   Compiling hyper-tls v0.6.0
   Compiling url v2.5.4
   Compiling securedrop-proxy v0.1.0 (/srv/securedrop-client/proxy)
   Compiling serde_urlencoded v0.7.1
   Compiling encoding_rs v0.8.33
   Compiling sync_wrapper v0.1.2
   Compiling mime v0.3.17
   Compiling ipnet v2.9.0
   Compiling reqwest v0.12.4
    Finished `release` profile [optimized + debuginfo] target(s) in 55.48s
dh_auto_install
dh_apparmor --profile-name=usr.bin.securedrop-client -psecuredrop-client
dh_apparmor --profile-name=usr.bin.securedrop-proxy -psecuredrop-proxy
make[1]: Leaving directory '/srv/securedrop-client'
   dh_install
   dh_installdocs
   dh_installchangelogs
   debian/rules override_dh_installsystemd
make[1]: Entering directory '/srv/securedrop-client'
dh_installsystemd --name securedrop-log-server
dh_installsystemd --name securedrop-logging-disabled
dh_installsystemd --name securedrop-whonix-config
dh_installsystemd --name securedrop-mime-handling
make[1]: Leaving directory '/srv/securedrop-client'
   dh_lintian
   dh_perl
   dh_link
   debian/rules override_dh_strip_nondeterminism
make[1]: Entering directory '/srv/securedrop-client'
find ./debian/ -type f -name '*.pyc' -delete
find ./debian/ -type d -name '__pycache__' -delete
find ./debian/ -type f -name 'pip-selfcheck.json' -delete
find ./debian/ -type f -name 'direct_url.json' -delete
find ./debian/ -type f -name 'RECORD' -delete
dh_strip_nondeterminism override_dh_strip_nondeterminism
	Normalized debian/securedrop-client/opt/venvs/securedrop-client/lib/python3.11/site-packages/securedrop_client/locale/pt_PT/LC_MESSAGES/messages.mo
	Normalized debian/securedrop-client/opt/venvs/securedrop-client/lib/python3.11/site-packages/securedrop_client/locale/zh_Hans/LC_MESSAGES/messages.mo
	Normalized debian/securedrop-client/opt/venvs/securedrop-client/lib/python3.11/site-packages/securedrop_client/locale/fr/LC_MESSAGES/messages.mo
make[1]: Leaving directory '/srv/securedrop-client'
   dh_compress
   dh_fixperms
   dh_missing
   dh_strip
   dh_makeshlibs
   dh_shlibdeps
   debian/rules override_dh_installdeb
make[1]: Entering directory '/srv/securedrop-client'
dh_installdeb
cat /dev/null > /srv/securedrop-client/debian/securedrop-export/DEBIAN/conffiles
cat /dev/null > /srv/securedrop-client/debian/securedrop-keyring/DEBIAN/conffiles
make[1]: Leaving directory '/srv/securedrop-client'
   dh_gencontrol
   dh_md5sums
   dh_builddeb
dpkg-deb: building package 'securedrop-workstation-viewer' in '../securedrop-workstation-viewer_0.15.0+bookworm_all.deb'.
dpkg-deb: building package 'securedrop-export' in '../securedrop-export_0.15.0+bookworm_all.deb'.
dpkg-deb: building package 'securedrop-client' in '../securedrop-client_0.15.0+bookworm_amd64.deb'.
dpkg-deb: building package 'securedrop-whonix-config' in '../securedrop-whonix-config_0.15.0+bookworm_all.deb'.
dpkg-deb: building package 'securedrop-log' in '../securedrop-log_0.15.0+bookworm_all.deb'.
dpkg-deb: building package 'securedrop-proxy-dbgsym' in '../securedrop-proxy-dbgsym_0.15.0+bookworm_amd64.deb'.
dpkg-deb: building package 'securedrop-workstation-config' in '../securedrop-workstation-config_0.15.0+bookworm_all.deb'.
dpkg-deb: building package 'securedrop-keyring' in '../securedrop-keyring_0.15.0+bookworm_all.deb'.
dpkg-deb: building package 'securedrop-proxy' in '../securedrop-proxy_0.15.0+bookworm_amd64.deb'.
dpkg-deb: building package 'securedrop-qubesdb-tools' in '../securedrop-qubesdb-tools_0.15.0+bookworm_all.deb'.
dpkg-deb: building package 'securedrop-client-dbgsym' in '../securedrop-client-dbgsym_0.15.0+bookworm_amd64.deb'.
 dpkg-genbuildinfo -O../securedrop-client_0.15.0+bookworm_amd64.buildinfo
 dpkg-genchanges -O../securedrop-client_0.15.0+bookworm_amd64.changes
dpkg-genchanges: info: including full source code in upload
 dpkg-source --after-build .
dpkg-source: info: using options from securedrop-client/debian/source/options: --compression=gzip --tar-ignore=build --tar-ignore=.* --tar-ignore=__pycache__ --tar-ignore=htmlcov --tar-ignore=target
dpkg-buildpackage: info: full upload; Debian-native package (full source is included)
+ ls ../
securedrop-client				    securedrop-client_0.15.0+bookworm_amd64.deb        securedrop-qubesdb-tools_0.15.0+bookworm_all.deb
securedrop-client-dbgsym_0.15.0+bookworm_amd64.deb  securedrop-export_0.15.0+bookworm_all.deb	       securedrop-whonix-config_0.15.0+bookworm_all.deb
securedrop-client_0.15.0+bookworm.dsc		    securedrop-keyring_0.15.0+bookworm_all.deb	       securedrop-workstation-config_0.15.0+bookworm_all.deb
securedrop-client_0.15.0+bookworm.tar.gz	    securedrop-log_0.15.0+bookworm_all.deb	       securedrop-workstation-viewer_0.15.0+bookworm_all.deb
securedrop-client_0.15.0+bookworm_amd64.buildinfo   securedrop-proxy-dbgsym_0.15.0+bookworm_amd64.deb
securedrop-client_0.15.0+bookworm_amd64.changes     securedrop-proxy_0.15.0+bookworm_amd64.deb
+ mv -v ../securedrop-client_0.15.0+bookworm_amd64.buildinfo ../securedrop-client_0.15.0+bookworm_amd64.changes ../securedrop-client-dbgsym_0.15.0+bookworm_amd64.deb ../securedrop-client_0.15.0+bookworm_amd64.deb ../securedrop-export_0.15.0+bookworm_all.deb ../securedrop-keyring_0.15.0+bookworm_all.deb ../securedrop-log_0.15.0+bookworm_all.deb ../securedrop-proxy-dbgsym_0.15.0+bookworm_amd64.deb ../securedrop-proxy_0.15.0+bookworm_amd64.deb ../securedrop-qubesdb-tools_0.15.0+bookworm_all.deb ../securedrop-whonix-config_0.15.0+bookworm_all.deb ../securedrop-workstation-config_0.15.0+bookworm_all.deb ../securedrop-workstation-viewer_0.15.0+bookworm_all.deb ../securedrop-client_0.15.0+bookworm.dsc ../securedrop-client_0.15.0+bookworm.tar.gz /build/
copied '../securedrop-client_0.15.0+bookworm_amd64.buildinfo' -> '/build/securedrop-client_0.15.0+bookworm_amd64.buildinfo'
removed '../securedrop-client_0.15.0+bookworm_amd64.buildinfo'
copied '../securedrop-client_0.15.0+bookworm_amd64.changes' -> '/build/securedrop-client_0.15.0+bookworm_amd64.changes'
removed '../securedrop-client_0.15.0+bookworm_amd64.changes'
copied '../securedrop-client-dbgsym_0.15.0+bookworm_amd64.deb' -> '/build/securedrop-client-dbgsym_0.15.0+bookworm_amd64.deb'
removed '../securedrop-client-dbgsym_0.15.0+bookworm_amd64.deb'
copied '../securedrop-client_0.15.0+bookworm_amd64.deb' -> '/build/securedrop-client_0.15.0+bookworm_amd64.deb'
removed '../securedrop-client_0.15.0+bookworm_amd64.deb'
copied '../securedrop-export_0.15.0+bookworm_all.deb' -> '/build/securedrop-export_0.15.0+bookworm_all.deb'
removed '../securedrop-export_0.15.0+bookworm_all.deb'
copied '../securedrop-keyring_0.15.0+bookworm_all.deb' -> '/build/securedrop-keyring_0.15.0+bookworm_all.deb'
removed '../securedrop-keyring_0.15.0+bookworm_all.deb'
copied '../securedrop-log_0.15.0+bookworm_all.deb' -> '/build/securedrop-log_0.15.0+bookworm_all.deb'
removed '../securedrop-log_0.15.0+bookworm_all.deb'
copied '../securedrop-proxy-dbgsym_0.15.0+bookworm_amd64.deb' -> '/build/securedrop-proxy-dbgsym_0.15.0+bookworm_amd64.deb'
removed '../securedrop-proxy-dbgsym_0.15.0+bookworm_amd64.deb'
copied '../securedrop-proxy_0.15.0+bookworm_amd64.deb' -> '/build/securedrop-proxy_0.15.0+bookworm_amd64.deb'
removed '../securedrop-proxy_0.15.0+bookworm_amd64.deb'
copied '../securedrop-qubesdb-tools_0.15.0+bookworm_all.deb' -> '/build/securedrop-qubesdb-tools_0.15.0+bookworm_all.deb'
removed '../securedrop-qubesdb-tools_0.15.0+bookworm_all.deb'
copied '../securedrop-whonix-config_0.15.0+bookworm_all.deb' -> '/build/securedrop-whonix-config_0.15.0+bookworm_all.deb'
removed '../securedrop-whonix-config_0.15.0+bookworm_all.deb'
copied '../securedrop-workstation-config_0.15.0+bookworm_all.deb' -> '/build/securedrop-workstation-config_0.15.0+bookworm_all.deb'
removed '../securedrop-workstation-config_0.15.0+bookworm_all.deb'
copied '../securedrop-workstation-viewer_0.15.0+bookworm_all.deb' -> '/build/securedrop-workstation-viewer_0.15.0+bookworm_all.deb'
removed '../securedrop-workstation-viewer_0.15.0+bookworm_all.deb'
copied '../securedrop-client_0.15.0+bookworm.dsc' -> '/build/securedrop-client_0.15.0+bookworm.dsc'
removed '../securedrop-client_0.15.0+bookworm.dsc'
copied '../securedrop-client_0.15.0+bookworm.tar.gz' -> '/build/securedrop-client_0.15.0+bookworm.tar.gz'
removed '../securedrop-client_0.15.0+bookworm.tar.gz'
+ cd /build/
+ sha256sum ./securedrop-client-dbgsym_0.15.0+bookworm_amd64.deb ./securedrop-client_0.15.0+bookworm.dsc ./securedrop-client_0.15.0+bookworm.tar.gz ./securedrop-client_0.15.0+bookworm_amd64.buildinfo ./securedrop-client_0.15.0+bookworm_amd64.changes ./securedrop-client_0.15.0+bookworm_amd64.deb ./securedrop-export_0.15.0+bookworm_all.deb ./securedrop-keyring_0.15.0+bookworm_all.deb ./securedrop-log_0.15.0+bookworm_all.deb ./securedrop-proxy-dbgsym_0.15.0+bookworm_amd64.deb ./securedrop-proxy_0.15.0+bookworm_amd64.deb ./securedrop-qubesdb-tools_0.15.0+bookworm_all.deb ./securedrop-whonix-config_0.15.0+bookworm_all.deb ./securedrop-workstation-config_0.15.0+bookworm_all.deb ./securedrop-workstation-viewer_0.15.0+bookworm_all.deb
035888bd449495f6cd75324aae4d70f83e8c2338e1028d8d4461a02bacfd1a62  ./securedrop-client-dbgsym_0.15.0+bookworm_amd64.deb
2db8510697cd7934e127d6b9fa9eebfd01a8ac0230129930afd71231a1d5cd9d  ./securedrop-client_0.15.0+bookworm.dsc
ef808176c9b3c963822a4c20d9751ce962a0dcb5aaa20ce4a8a219520e7ea0da  ./securedrop-client_0.15.0+bookworm.tar.gz
322ade43891feedc76ec419056cd7c5794aae3c66a93df67d04cb3a6cfd15ccb  ./securedrop-client_0.15.0+bookworm_amd64.buildinfo
7004c878936ea3b021c016ba832e515eb3a1123f967e975ce605fc4e6d6f85c7  ./securedrop-client_0.15.0+bookworm_amd64.changes
79751114ca9ffadae1d479e6aea923e69f1de2d537f21a5fe7afaed7f6a97e7f  ./securedrop-client_0.15.0+bookworm_amd64.deb
fee8934fd0610d1aff66ed8a8067ce8bfcd67ecca964f63031044172f7642035  ./securedrop-export_0.15.0+bookworm_all.deb
03e8d1a53e2a78e045d83b7d9fa0e53f9df540d7161a94abce155b00c9f40464  ./securedrop-keyring_0.15.0+bookworm_all.deb
424a3da8fc487d54007dee4b17cc1a11ab679760cba74180800cee162e49d2b4  ./securedrop-log_0.15.0+bookworm_all.deb
1026c159e5a9eb2f71e8ee999fc86fdac1ae25033d9f6099bce880ce2e47db31  ./securedrop-proxy-dbgsym_0.15.0+bookworm_amd64.deb
5562149ae6a7b365d039895e332818854ce07f8e8b7854749851bcabfaeeb120  ./securedrop-proxy_0.15.0+bookworm_amd64.deb
8580043404e098925621ad637604a0013082a8ca4fd722c45e01ddd06a88084b  ./securedrop-qubesdb-tools_0.15.0+bookworm_all.deb
1d26f8b498cb2e95ea2f825d10bf38a3601506bc2fc371ee7afcf06af6565a12  ./securedrop-whonix-config_0.15.0+bookworm_all.deb
ba232d554ec7fc6db653ea3be6c3ddacf9a2482337d27bda76ec6bd3fc9c30fa  ./securedrop-workstation-config_0.15.0+bookworm_all.deb
7fbfe19746a00fd0641a1b55ecd543a321dd0cf69bc439820dd3596dd4ae5bde  ./securedrop-workstation-viewer_0.15.0+bookworm_all.deb
+ ls /tmp/tmp.aDBXy84vlc
securedrop-client_0.15.0+bookworm_amd64.buildinfo  securedrop-client-dbgsym_0.15.0+bookworm_amd64.deb  securedrop-proxy-dbgsym_0.15.0+bookworm_amd64.deb
securedrop-client_0.15.0+bookworm_amd64.changes    securedrop-export_0.15.0+bookworm_all.deb	       securedrop-qubesdb-tools_0.15.0+bookworm_all.deb
securedrop-client_0.15.0+bookworm_amd64.deb	   securedrop-keyring_0.15.0+bookworm_all.deb	       securedrop-whonix-config_0.15.0+bookworm_all.deb
securedrop-client_0.15.0+bookworm.dsc		   securedrop-log_0.15.0+bookworm_all.deb	       securedrop-workstation-config_0.15.0+bookworm_all.deb
securedrop-client_0.15.0+bookworm.tar.gz	   securedrop-proxy_0.15.0+bookworm_amd64.deb	       securedrop-workstation-viewer_0.15.0+bookworm_all.deb
+ mkdir -p build
+ cp /tmp/tmp.aDBXy84vlc/securedrop-client_0.15.0+bookworm_amd64.buildinfo /tmp/tmp.aDBXy84vlc/securedrop-client_0.15.0+bookworm_amd64.changes /tmp/tmp.aDBXy84vlc/securedrop-client_0.15.0+bookworm_amd64.deb /tmp/tmp.aDBXy84vlc/securedrop-client_0.15.0+bookworm.dsc /tmp/tmp.aDBXy84vlc/securedrop-client_0.15.0+bookworm.tar.gz /tmp/tmp.aDBXy84vlc/securedrop-client-dbgsym_0.15.0+bookworm_amd64.deb /tmp/tmp.aDBXy84vlc/securedrop-export_0.15.0+bookworm_all.deb /tmp/tmp.aDBXy84vlc/securedrop-keyring_0.15.0+bookworm_all.deb /tmp/tmp.aDBXy84vlc/securedrop-log_0.15.0+bookworm_all.deb /tmp/tmp.aDBXy84vlc/securedrop-proxy_0.15.0+bookworm_amd64.deb /tmp/tmp.aDBXy84vlc/securedrop-proxy-dbgsym_0.15.0+bookworm_amd64.deb /tmp/tmp.aDBXy84vlc/securedrop-qubesdb-tools_0.15.0+bookworm_all.deb /tmp/tmp.aDBXy84vlc/securedrop-whonix-config_0.15.0+bookworm_all.deb /tmp/tmp.aDBXy84vlc/securedrop-workstation-config_0.15.0+bookworm_all.deb /tmp/tmp.aDBXy84vlc/securedrop-workstation-viewer_0.15.0+bookworm_all.deb build/
+ FAST=
+ [[ -z '' ]]
+ CONTAINER2=fpf.local/sd-client-lintian
+ podman build scripts/lintian -t fpf.local/sd-client-lintian
STEP 1/2: FROM debian:bookworm
STEP 2/2: RUN apt-get update && apt-get --yes upgrade && apt-get install --yes lintian
--> Using cache eba93a628995c680c3709307c069be222bc103a75d52e82ddb630ded77537692
COMMIT fpf.local/sd-client-lintian
--> eba93a62899
Successfully tagged fpf.local/sd-client-lintian:latest
eba93a628995c680c3709307c069be222bc103a75d52e82ddb630ded77537692
+ podman run --rm --user=root -v /home/user/securedrop-client:/src:Z --userns=keep-id -it -v /tmp/tmp.aDBXy84vlc:/build:Z fpf.local/sd-client-lintian bash -c 'lintian --version && lintian             --info --tag-display-limit 0             --fail-on warning --fail-on error             /build/*.changes             && echo OK'
Lintian v2.116.3
running with root privileges is not recommended!
OK
+ rm -rf /tmp/tmp.aDBXy84vlc
+ echo 'Build completed successfully. Artifacts and their checksums are:'
Build completed successfully. Artifacts and their checksums are:
+ sha256sum build/securedrop-client_0.15.0+bookworm_amd64.deb build/securedrop-client_0.15.0~rc1+bookworm_amd64.deb build/securedrop-client-dbgsym_0.15.0+bookworm_amd64.deb build/securedrop-client-dbgsym_0.15.0~rc1+bookworm_amd64.deb build/securedrop-export_0.15.0+bookworm_all.deb build/securedrop-export_0.15.0~rc1+bookworm_all.deb build/securedrop-keyring_0.15.0+bookworm_all.deb build/securedrop-keyring_0.15.0~rc1+bookworm_all.deb build/securedrop-log_0.15.0+bookworm_all.deb build/securedrop-log_0.15.0~rc1+bookworm_all.deb build/securedrop-proxy_0.15.0+bookworm_amd64.deb build/securedrop-proxy_0.15.0~rc1+bookworm_amd64.deb build/securedrop-proxy-dbgsym_0.15.0+bookworm_amd64.deb build/securedrop-proxy-dbgsym_0.15.0~rc1+bookworm_amd64.deb build/securedrop-qubesdb-tools_0.15.0+bookworm_all.deb build/securedrop-qubesdb-tools_0.15.0~rc1+bookworm_all.deb build/securedrop-whonix-config_0.15.0+bookworm_all.deb build/securedrop-whonix-config_0.15.0~rc1+bookworm_all.deb build/securedrop-workstation-config_0.15.0+bookworm_all.deb build/securedrop-workstation-config_0.15.0~rc1+bookworm_all.deb build/securedrop-workstation-viewer_0.15.0+bookworm_all.deb build/securedrop-workstation-viewer_0.15.0~rc1+bookworm_all.deb
79751114ca9ffadae1d479e6aea923e69f1de2d537f21a5fe7afaed7f6a97e7f  build/securedrop-client_0.15.0+bookworm_amd64.deb
901d7da92a67042c90d49a637fc2e44aabda06d1d419c835f517dd2178e73244  build/securedrop-client_0.15.0~rc1+bookworm_amd64.deb
035888bd449495f6cd75324aae4d70f83e8c2338e1028d8d4461a02bacfd1a62  build/securedrop-client-dbgsym_0.15.0+bookworm_amd64.deb
a7e76d9995a9ae621750c91d746cd79fcbf7aba8c4df48a4b2311c8ff0aabe7c  build/securedrop-client-dbgsym_0.15.0~rc1+bookworm_amd64.deb
fee8934fd0610d1aff66ed8a8067ce8bfcd67ecca964f63031044172f7642035  build/securedrop-export_0.15.0+bookworm_all.deb
94f7fdecd555b892733f18cd3e9d11f814314ebfbc290226ce8ff75f59c45267  build/securedrop-export_0.15.0~rc1+bookworm_all.deb
03e8d1a53e2a78e045d83b7d9fa0e53f9df540d7161a94abce155b00c9f40464  build/securedrop-keyring_0.15.0+bookworm_all.deb
532b76d530b8db79f9c457f0b3f1ca01353f05258686e0c68f65ac6892e99dc3  build/securedrop-keyring_0.15.0~rc1+bookworm_all.deb
424a3da8fc487d54007dee4b17cc1a11ab679760cba74180800cee162e49d2b4  build/securedrop-log_0.15.0+bookworm_all.deb
48b5dff381844be7362a38b639d357171102dcd93825c16b990aab65fdb43d30  build/securedrop-log_0.15.0~rc1+bookworm_all.deb
5562149ae6a7b365d039895e332818854ce07f8e8b7854749851bcabfaeeb120  build/securedrop-proxy_0.15.0+bookworm_amd64.deb
de66cb6278f8af879d3718152a11bde1a73a85048b4084ea2a1b160a9c922277  build/securedrop-proxy_0.15.0~rc1+bookworm_amd64.deb
1026c159e5a9eb2f71e8ee999fc86fdac1ae25033d9f6099bce880ce2e47db31  build/securedrop-proxy-dbgsym_0.15.0+bookworm_amd64.deb
6edfd56dec640eca0e66ade39333f704c94e2d9e27dde93397e7f8ed2feb0747  build/securedrop-proxy-dbgsym_0.15.0~rc1+bookworm_amd64.deb
8580043404e098925621ad637604a0013082a8ca4fd722c45e01ddd06a88084b  build/securedrop-qubesdb-tools_0.15.0+bookworm_all.deb
45918acac77e702bee15f165fd328588cc2df1b8cbf2929a693d38446b66e061  build/securedrop-qubesdb-tools_0.15.0~rc1+bookworm_all.deb
1d26f8b498cb2e95ea2f825d10bf38a3601506bc2fc371ee7afcf06af6565a12  build/securedrop-whonix-config_0.15.0+bookworm_all.deb
8b5043af987895d6fccbcc8653266a2b56f5537278633f96258311ad098b2faf  build/securedrop-whonix-config_0.15.0~rc1+bookworm_all.deb
ba232d554ec7fc6db653ea3be6c3ddacf9a2482337d27bda76ec6bd3fc9c30fa  build/securedrop-workstation-config_0.15.0+bookworm_all.deb
e382bc3e2a9cb938cdd150ab4630bd531204a14c57a7b0fff0696e118c1bcb48  build/securedrop-workstation-config_0.15.0~rc1+bookworm_all.deb
7fbfe19746a00fd0641a1b55ecd543a321dd0cf69bc439820dd3596dd4ae5bde  build/securedrop-workstation-viewer_0.15.0+bookworm_all.deb
d6979fefce6324b6972f86ac867dfd91e5ecc4b399dd32b3e8bff183f1d6be12  build/securedrop-workstation-viewer_0.15.0~rc1+bookworm_all.deb
Script done.

You can now examine or commit the log at:
build/securedrop-client-20250513.log
