user@disp595:~$ git clone https://github.com/freedomofpress/securedrop-client
Cloning into 'securedrop-client'...
remote: Enumerating objects: 15981, done.
remote: Counting objects: 100% (752/752), done.
remote: Compressing objects: 100% (298/298), done.
remote: Total 15981 (delta 487), reused 654 (delta 427), pack-reused 15229
Receiving objects: 100% (15981/15981), 10.15 MiB | 4.06 MiB/s, done.
Resolving deltas: 100% (11599/11599), done.
user@disp595:~$ git clone https://github.com/freedomofpress/securedrop-builder
Cloning into 'securedrop-builder'...
remote: Enumerating objects: 4059, done.
remote: Counting objects: 100% (299/299), done.
remote: Compressing objects: 100% (174/174), done.
remote: Total 4059 (delta 126), reused 268 (delta 107), pack-reused 3760
Receiving objects: 100% (4059/4059), 2.52 MiB | 1.96 MiB/s, done.
Resolving deltas: 100% (1885/1885), done.
Filtering content: 100% (94/94), 43.52 MiB | 5.13 MiB/s, done.
user@disp595:~$ cd securedrop-builder/
user@disp595:~/securedrop-builder$ make install-deps
./scripts/install-deps
+ VIRTUAL_ENV=
+ sudo apt-get update
Hit:1 https://deb.debian.org/debian bullseye InRelease                  
Get:2 https://deb.debian.org/debian-security bullseye-security InRelease [48.4 kB]
Get:3 https://deb.qubes-os.org/r4.1/vm bullseye InRelease [2,510 B]
Get:4 https://deb.debian.org/debian-security bullseye-security/main amd64 Packages [236 kB]
Get:5 https://deb.debian.org/debian-security bullseye-security/main Translation-en [154 kB]
Get:6 https://deb.qubes-os.org/r4.1/vm bullseye/main amd64 Packages [41.4 kB]
Fetched 482 kB in 2s (300 kB/s)     
Reading package lists... Done
+ sudo apt-get install build-essential curl devscripts dh-make dh-python dh-virtualenv git-lfs libffi-dev libssl-dev libyaml-dev python3-all python3-pip python3-virtualenv python3-venv python3-setuptools desktop-file-utils -y
Reading package lists... Done
Building dependency tree... Done
Reading state information... Done
build-essential is already the newest version (12.9).
desktop-file-utils is already the newest version (0.26-1).
devscripts is already the newest version (2.21.3+deb11u1).
dh-make is already the newest version (2.202003).
dh-python is already the newest version (4.20201102+nmu1).
dh-virtualenv is already the newest version (1.2.2-1.1).
git-lfs is already the newest version (2.13.2-1+b5).
libffi-dev is already the newest version (3.3-6).
libyaml-dev is already the newest version (0.2.2-1).
python3-pip is already the newest version (20.3.4-4+deb11u1).
python3-virtualenv is already the newest version (20.4.0+ds-2+deb11u1).
python3-virtualenv set to manually installed.
python3-all is already the newest version (3.9.2-3).
python3-venv is already the newest version (3.9.2-3).
python3-setuptools is already the newest version (52.0.0-4).
libssl-dev is already the newest version (1.1.1n-0+deb11u4).
The following packages were automatically installed and are no longer required:
  ethtool libbotan-2-17 libtspi1 linux-image-5.10.0-10-amd64
  linux-image-5.10.0-16-amd64 linux-image-5.10.0-17-amd64
  linux-image-5.10.0-19-amd64 net-tools
Use 'sudo apt autoremove' to remove them.
The following additional packages will be installed:
  libcurl4
The following packages will be upgraded:
  curl libcurl4
2 upgraded, 0 newly installed, 0 to remove and 19 not upgraded.
Need to get 617 kB of archives.
After this operation, 0 B of additional disk space will be used.
Get:1 https://deb.debian.org/debian-security bullseye-security/main amd64 curl amd64 7.74.0-1.3+deb11u7 [270 kB]
Get:2 https://deb.debian.org/debian-security bullseye-security/main amd64 libcurl4 amd64 7.74.0-1.3+deb11u7 [346 kB]
Fetched 617 kB in 1s (540 kB/s)
apt-listchanges: Reading changelogs...
(Reading database ... 171402 files and directories currently installed.)
Preparing to unpack .../curl_7.74.0-1.3+deb11u7_amd64.deb ...
Unpacking curl (7.74.0-1.3+deb11u7) over (7.74.0-1.3+deb11u5) ...
Preparing to unpack .../libcurl4_7.74.0-1.3+deb11u7_amd64.deb ...
Unpacking libcurl4:amd64 (7.74.0-1.3+deb11u7) over (7.74.0-1.3+deb11u5) ...
Setting up libcurl4:amd64 (7.74.0-1.3+deb11u7) ...
Setting up curl (7.74.0-1.3+deb11u7) ...
Processing triggers for man-db (2.9.4-2) ...
Processing triggers for libc-bin (2.31-13+deb11u5) ...
++ find workstation-bootstrap/ -type f -iname '*.whl' -exec file --mime-type '{}' +
++ sort -u
++ perl '-F:\s+' -lanE 'say $F[-1]'
+ wheel_mime_types=application/zip
+ [[ application/zip != \a\p\p\l\i\c\a\t\i\o\n\/\z\i\p ]]
+ [[ -z '' ]]
+ echo 'Creating local virtualenv...'
Creating local virtualenv...
+ python3 -m venv .venv
+ . .venv/bin/activate
++ deactivate nondestructive
++ '[' -n '' ']'
++ '[' -n '' ']'
++ '[' -n /bin/bash -o -n '' ']'
++ hash -r
++ '[' -n '' ']'
++ unset VIRTUAL_ENV
++ '[' '!' nondestructive = nondestructive ']'
++ VIRTUAL_ENV=/home/user/securedrop-builder/.venv
++ export VIRTUAL_ENV
++ _OLD_VIRTUAL_PATH=/usr/local/bin:/usr/bin:/bin:/usr/local/games:/usr/games
++ PATH=/home/user/securedrop-builder/.venv/bin:/usr/local/bin:/usr/bin:/bin:/usr/local/games:/usr/games
++ export PATH
++ '[' -n '' ']'
++ '[' -z '' ']'
++ _OLD_VIRTUAL_PS1=
++ PS1='(.venv) '
++ export PS1
++ '[' -n /bin/bash -o -n '' ']'
++ hash -r
+ pip install --require-hashes --no-index --no-deps --no-cache-dir -r ./workstation-bootstrap/build-requirements.txt --find-links ./workstation-bootstrap/wheels/
Looking in links: ./workstation-bootstrap/wheels/
Processing ./workstation-bootstrap/wheels/build-0.3.0-py2.py3-none-any.whl
Processing ./workstation-bootstrap/wheels/click-8.0.3-py3-none-any.whl
Processing ./workstation-bootstrap/wheels/Cython-0.29.33-cp39-cp39-linux_x86_64.whl
Processing ./workstation-bootstrap/wheels/flit_core-2.3.0-py2.py3-none-any.whl
Processing ./workstation-bootstrap/wheels/packaging-20.9-py2.py3-none-any.whl
Processing ./workstation-bootstrap/wheels/pep517-0.9.1-py2.py3-none-any.whl
Processing ./workstation-bootstrap/wheels/pip_tools-6.0.1-py3-none-any.whl
Processing ./workstation-bootstrap/wheels/pyparsing-2.4.7-py2.py3-none-any.whl
Processing ./workstation-bootstrap/wheels/pytest_runner-5.3.0-py3-none-any.whl
Processing ./workstation-bootstrap/wheels/pytoml-0.1.21-py2.py3-none-any.whl
Processing ./workstation-bootstrap/wheels/setuptools_scm-5.0.2-py2.py3-none-any.whl
Processing ./workstation-bootstrap/wheels/toml-0.10.2-py2.py3-none-any.whl
Processing ./workstation-bootstrap/wheels/wheel-0.36.2-py2.py3-none-any.whl
Processing ./workstation-bootstrap/wheels/pip-21.3.1-py3-none-any.whl
Processing ./workstation-bootstrap/wheels/setuptools-54.0.0-py3-none-any.whl
Installing collected packages: wheel, toml, setuptools-scm, setuptools, pytoml, pytest-runner, pyparsing, pip-tools, pip, pep517, packaging, flit-core, cython, click, build
  Attempting uninstall: setuptools
    Found existing installation: setuptools 44.1.1
    Uninstalling setuptools-44.1.1:
      Successfully uninstalled setuptools-44.1.1
  Attempting uninstall: pip
    Found existing installation: pip 20.3.4
    Uninstalling pip-20.3.4:
      Successfully uninstalled pip-20.3.4
Successfully installed build-0.3.0 click-8.0.3 cython-0.29.33 flit-core-2.3.0 packaging-20.9 pep517-0.9.1 pip-21.3.1 pip-tools-6.0.1 pyparsing-2.4.7 pytest-runner-5.3.0 pytoml-0.1.21 setuptools-54.0.0 setuptools-scm-5.0.2 toml-0.10.2 wheel-0.36.2
user@disp595:~/securedrop-builder$ cd ../securedrop-client/
user@disp595:~/securedrop-client$ curl https://freedom.press/publickey/91B3D67D8758449546256E7EFC72AA838C444B47/ | gpg --import
  % Total    % Received % Xferd  Average Speed   Time    Time     Time  Current
                       gpg: directory '/home/user/.gnupg' created
       gpg: keybox '/home/user/.gnupg/pubring.kbx' created
   Dload  Upload   Total   Spent    Left  Speed
100 21418  100 21418    0     0  40796      0 --:--:-- --:--:-- --:--:-- 40796
gpg: /home/user/.gnupg/trustdb.gpg: trustdb created
gpg: key FC72AA838C444B47: public key "Rowen S <ro@freedom.press>" imported
gpg: Total number processed: 1
gpg:               imported: 1
user@disp595:~/securedrop-client$ git tag -v 0.9.0-rc3
object d3a9b8f9008899571545e159e3304ad09ca96a05
type commit
tag 0.9.0-rc3
tagger Ro <ro@freedom.press> 1678757911 -0700

Securedrop Client 0.9.0-rc3
gpg: Signature made Mon 13 Mar 2023 06:38:52 PM PDT
gpg:                using RSA key 720196FD0038EB89B2DF8C00A0F5B05898819C49
gpg: Good signature from "Rowen S <ro@freedom.press>" [unknown]
gpg: WARNING: This key is not certified with a trusted signature!
gpg:          There is no indication that the signature belongs to the owner.
Primary key fingerprint: 91B3 D67D 8758 4495 4625  6E7E FC72 AA83 8C44 4B47
     Subkey fingerprint: 7201 96FD 0038 EB89 B2DF  8C00 A0F5 B058 9881 9C49
user@disp595:~/securedrop-client$ git checkout 0.9.0-rc3
Note: switching to '0.9.0-rc3'.

You are in 'detached HEAD' state. You can look around, make experimental
changes and commit them, and you can discard any commits you make in this
state without impacting any branches by switching back to a branch.

If you want to create a new branch to retain commits you create, you may
do so (now or later) by using -c with the switch command. Example:

  git switch -c <new-branch-name>

Or undo this operation with:

  git switch -

Turn off this advice by setting config variable advice.detachedHead to false

HEAD is now at d3a9b8f Merge pull request #1641 from freedomofpress/bump-version-0.9.0-rc2
user@disp595:~/securedrop-client$ cd ../securedrop-builder/
user@disp595:~/securedrop-builder$ export PKG_VERSION=0.9.0-rc3
user@disp595:~/securedrop-builder$ ./scripts/update-changelog securedrop-client/
 
Select an editor.  To change later, run 'select-editor'.
  1. /usr/bin/vim.nox
  2. /bin/nano        <---- easiest
  3. /usr/bin/vim.tiny
  4. /usr/bin/emacs

Choose 1-4 [2]: 2
user@disp595:~/securedrop-builder$ PKG_PATH=../securedrop-client/ make securedrop-client
PKG_NAME="securedrop-client" ./scripts/build-debianpackage
Checking that SHA256SUMs signed by a key in pubkeys/...
gpg: key 9232DAD3105B8D58: public key "Allie Crevier <allie@freedom.press>" imported
gpg: key F08893B959CAB065: public key "Conor Schaefer <conor@freedom.press>" imported
gpg: key 07AD35D378D10BA0: public key "Cory Francis Myers <cory@freedom.press>" imported
gpg: key 99D3D09825B8D1DB: public key "Gonzalo Bulnes Guilpain <gonzalo@gonzalobulnes.com>" imported
gpg: key ACFE4353173015EA: public key "Kevin O'Gorman <kog@freedom.press>" imported
gpg: key 52FC8E7BEDB7FCA2: public key "Kunal Mehta <legoktm@riseup.net>" imported
gpg: key D8219C8C43F6C5E1: public key "Kushal Das <kushal@freedom.press>" imported
gpg: key FB1BED6507701B45: public key "Michael Z <michael@freedom.press>" imported
gpg: key 188EDD3B7B22E6A3: public key "SecureDrop Release Signing Key <securedrop-release-key-2021@freedom.press>" imported
gpg: key FC72AA838C444B47: public key "Rowen S <ro@freedom.press>" imported
gpg: Total number processed: 10
gpg:               imported: 10
gpg: Signature made Tue 31 Jan 2023 02:04:48 PM PST
gpg:                using RSA key D8CB59F05DBB9E0538C4819DF105F8101B05269B
gpg: Good signature from "Kunal Mehta <legoktm@riseup.net>" [unknown]
gpg:                 aka "Kunal Mehta <legoktm@debian.org>" [unknown]
gpg:                 aka "Kunal Mehta <legoktm@gmail.com>" [unknown]
gpg:                 aka "Kunal Mehta <kunalm@legoktm.com>" [unknown]
gpg:                 aka "Kunal Mehta <kunal@freedom.press>" [unknown]
gpg:                 aka "Kunal Mehta <legoktm@member.fsf.org>" [unknown]
gpg:                 aka "Kunal Mehta <legoktm@wikimedia.org>" [unknown]
gpg: WARNING: This key is not certified with a trusted signature!
gpg:          There is no indication that the signature belongs to the owner.
Primary key fingerprint: FA1E 9F9A 41E7 F435 02CA  5D63 52FC 8E7B EDB7 FCA2
     Subkey fingerprint: D8CB 59F0 5DBB 9E05 38C4  819D F105 F810 1B05 269B
Checking that SHA256SUMs from mirror match signed file... alembic-1.0.2-py2.py3-none-any.whl
alembic-1.1.0-py2.py3-none-any.whl
arrow-0.12.1-py2.py3-none-any.whl
certifi-2021.5.30-py2.py3-none-any.whl
certifi-2022.12.7-py3-none-any.whl
charset_normalizer-2.0.4-py3-none-any.whl
idna-3.2-py3-none-any.whl
Jinja2-3.0.2-py3-none-any.whl
Mako-1.0.7-py3-none-any.whl
Mako-1.2.2-py3-none-any.whl
MarkupSafe-2.0.1-cp311-cp311-linux_x86_64.whl
MarkupSafe-2.0.1-cp39-cp39-linux_x86_64.whl
pathlib2-2.3.2-py2.py3-none-any.whl
python_dateutil-2.7.5-py2.py3-none-any.whl
python_editor-1.0.3-py3-none-any.whl
requests-2.26.0-py2.py3-none-any.whl
securedrop_sdk-0.4.0-py3-none-any.whl
six-1.11.0-py2.py3-none-any.whl
SQLAlchemy-1.3.3-cp311-cp311-linux_x86_64.whl
SQLAlchemy-1.3.3-cp39-cp39-linux_x86_64.whl
urllib3-1.26.6-py2.py3-none-any.whl
 OK
securedrop-client is a Python package
All hashes verified.
Copying over legacy debian/ directory for securedrop-client
Building package 'securedrop-client' from version '0.9.0-rc3'...
/home/user/securedrop-builder/build/debbuild/packaging/securedrop-client/
Moving legacy buster changelog into place
dpkg-buildpackage: info: source package securedrop-client
dpkg-buildpackage: info: source version 0.9.0-rc3+bullseye
dpkg-buildpackage: info: source distribution unstable
dpkg-buildpackage: info: source changed by SecureDrop Team <securedrop@freedom.press>
dpkg-buildpackage: info: host architecture amd64
 dpkg-source --before-build .
 fakeroot debian/rules clean
make[1]: Entering directory '/home/user/securedrop-builder/build/debbuild/packaging/securedrop-client'
dh clean --with python-virtualenv
   dh_clean
make[1]: Leaving directory '/home/user/securedrop-builder/build/debbuild/packaging/securedrop-client'
 dpkg-source -b .
dpkg-source: warning: no source format specified in debian/source/format, see dpkg-source(1)
dpkg-source: info: using source format '1.0'
dpkg-source: warning: native package version may not have a revision
dpkg-source: warning: source directory 'securedrop-client' is not <sourcepackage>-<upstreamversion> 'securedrop-client-0.9.0'
dpkg-source: info: building securedrop-client in securedrop-client_0.9.0-rc3+bullseye.tar.gz
dpkg-source: info: building securedrop-client in securedrop-client_0.9.0-rc3+bullseye.dsc
 debian/rules build
make[1]: Entering directory '/home/user/securedrop-builder/build/debbuild/packaging/securedrop-client'
dh build --with python-virtualenv
   dh_update_autotools_config
   dh_autoreconf
   dh_auto_configure
   create-stamp debian/debhelper-build-stamp
make[1]: Leaving directory '/home/user/securedrop-builder/build/debbuild/packaging/securedrop-client'
 fakeroot debian/rules binary
make[1]: Entering directory '/home/user/securedrop-builder/build/debbuild/packaging/securedrop-client'
dh binary --with python-virtualenv
   dh_testroot
   dh_prep
   dh_install
   dh_installdocs
   dh_installchangelogs
   debian/rules override_dh_virtualenv
make[2]: Entering directory '/home/user/securedrop-builder/build/debbuild/packaging/securedrop-client'
test -e requirements/build-requirements.txt
dh_virtualenv \
	--python /usr/bin/python3 \
	--use-system-packages \
	--extra-pip-arg "--ignore-installed" \
	--extra-pip-arg "--no-index" \
	--extra-pip-arg "--find-links" \
	--extra-pip-arg "/home/user/securedrop-builder/securedrop-client/wheels" \
	--extra-pip-arg "--no-deps" \
	--extra-pip-arg "--no-cache-dir" \
	--extra-pip-arg "--no-use-pep517" \
	--requirements requirements/build-requirements.txt
/usr/bin/dh_virtualenv:60: DeprecationWarning: inspect.getargspec() is deprecated since Python 3.0, use inspect.signature() or inspect.getfullargspec()
  arguments = inspect.getargspec(DebHelper.__init__).args
created virtual environment CPython3.9.2.final.0-64 in 216ms
  creator CPython3Posix(dest=/home/user/securedrop-builder/build/debbuild/packaging/securedrop-client/debian/securedrop-client/opt/venvs/securedrop-client, clear=False, no_vcs_ignore=False, global=True)
  seeder FromAppData(download=False, pip=bundle, setuptools=bundle, wheel=bundle, via=copy, app_data_dir=/home/user/.local/share/virtualenv)
    added seed packages: pip==20.3.4, pkg_resources==0.0.0, setuptools==44.1.1, wheel==0.34.2
  activators BashActivator,CShellActivator,FishActivator,PowerShellActivator,PythonActivator,XonshActivator
Looking in links: /home/user/securedrop-builder/securedrop-client/wheels
Processing /home/user/securedrop-builder/securedrop-client/wheels/alembic-1.1.0-py2.py3-none-any.whl
Processing /home/user/securedrop-builder/securedrop-client/wheels/arrow-0.12.1-py2.py3-none-any.whl
Processing /home/user/securedrop-builder/securedrop-client/wheels/certifi-2022.12.7-py3-none-any.whl
Processing /home/user/securedrop-builder/securedrop-client/wheels/charset_normalizer-2.0.4-py3-none-any.whl
Processing /home/user/securedrop-builder/securedrop-client/wheels/idna-3.2-py3-none-any.whl
Processing /home/user/securedrop-builder/securedrop-client/wheels/Jinja2-3.0.2-py3-none-any.whl
Processing /home/user/securedrop-builder/securedrop-client/wheels/Mako-1.2.2-py3-none-any.whl
Processing /home/user/securedrop-builder/securedrop-client/wheels/MarkupSafe-2.0.1-cp39-cp39-linux_x86_64.whl
Processing /home/user/securedrop-builder/securedrop-client/wheels/pathlib2-2.3.2-py2.py3-none-any.whl
Processing /home/user/securedrop-builder/securedrop-client/wheels/python_dateutil-2.7.5-py2.py3-none-any.whl
Processing /home/user/securedrop-builder/securedrop-client/wheels/python_editor-1.0.3-py3-none-any.whl
Processing /home/user/securedrop-builder/securedrop-client/wheels/requests-2.26.0-py2.py3-none-any.whl
Processing /home/user/securedrop-builder/securedrop-client/wheels/securedrop_sdk-0.4.0-py3-none-any.whl
Processing /home/user/securedrop-builder/securedrop-client/wheels/six-1.11.0-py2.py3-none-any.whl
Processing /home/user/securedrop-builder/securedrop-client/wheels/SQLAlchemy-1.3.3-cp39-cp39-linux_x86_64.whl
Processing /home/user/securedrop-builder/securedrop-client/wheels/urllib3-1.26.6-py2.py3-none-any.whl
Installing collected packages: urllib3, sqlalchemy, six, securedrop-sdk, requests, python-editor, python-dateutil, pathlib2, markupsafe, mako, jinja2, idna, charset-normalizer, certifi, arrow, alembic
Successfully installed alembic-1.1.0 arrow-0.12.1 certifi-2022.12.7 charset-normalizer-2.0.4 idna-3.2 jinja2-3.0.2 mako-1.2.2 markupsafe-2.0.1 pathlib2-2.3.2 python-dateutil-2.7.5 python-editor-1.0.3 requests-2.26.0 securedrop-sdk-0.4.0 six-1.11.0 sqlalchemy-1.3.3 urllib3-1.26.6
Looking in links: /home/user/securedrop-builder/securedrop-client/wheels
Processing /home/user/securedrop-builder/build/debbuild/packaging/securedrop-client
Building wheels for collected packages: securedrop-client
  Building wheel for securedrop-client (setup.py) ... done
  Created wheel for securedrop-client: filename=securedrop_client-0.9.0-py3-none-any.whl size=3895104 sha256=2a09fe59fc454dd9707b505417f3796f2f86431b1996e7caa283dd35c02ce097
  Stored in directory: /tmp/pip-ephem-wheel-cache-5q4c1f9w/wheels/b7/f4/ba/5557e5a7c73969c6e6919f34b1c2a795add154acd3b1072b76
Successfully built securedrop-client
Installing collected packages: securedrop-client
Successfully installed securedrop-client-0.9.0
make[2]: Leaving directory '/home/user/securedrop-builder/build/debbuild/packaging/securedrop-client'
   dh_perl
   dh_link
   debian/rules override_dh_strip_nondeterminism
make[2]: Entering directory '/home/user/securedrop-builder/build/debbuild/packaging/securedrop-client'
find ./debian/ -type f -name '*.pyc' -delete
find ./debian/ -type f -name 'pip-selfcheck.json' -delete
find ./debian/ -type f -name 'direct_url.json' -delete
find ./debian/ -type f -name 'RECORD' -delete
dh_strip_nondeterminism override_dh_strip_nondeterminism
	Normalized debian/securedrop-client/opt/venvs/securedrop-client/lib/python3.9/site-packages/securedrop_client/locale/pt_PT/LC_MESSAGES/messages.mo
	Normalized debian/securedrop-client/opt/venvs/securedrop-client/lib/python3.9/site-packages/securedrop_client/locale/zh_Hans/LC_MESSAGES/messages.mo
make[2]: Leaving directory '/home/user/securedrop-builder/build/debbuild/packaging/securedrop-client'
   dh_compress
   dh_fixperms
   dh_missing
   dh_installdeb
   dh_gencontrol
dpkg-gencontrol: warning: Depends field of package securedrop-client: substitution variable ${python3:Depends} used, but is not defined
   dh_md5sums
   dh_builddeb
dpkg-deb: building package 'securedrop-client' in '../securedrop-client_0.9.0-rc3+bullseye_all.deb'.
make[1]: Leaving directory '/home/user/securedrop-builder/build/debbuild/packaging/securedrop-client'
 dpkg-genbuildinfo
 dpkg-genchanges  >../securedrop-client_0.9.0-rc3+bullseye_amd64.changes
dpkg-genchanges: info: including full source code in upload
 dpkg-source --after-build .
dpkg-buildpackage: info: full upload; Debian-native package (full source is included)
Package location: /home/user/securedrop-builder/build/debbuild/packaging/securedrop-client_0.9.0-rc3+bullseye_all.deb
user@disp595:~/securedrop-builder$ sha256sum /home/user/securedrop-builder/build/debbuild/packaging/securedrop-client_0.9.0-rc3+bullseye_all.deb
b65ae21bf6593720727e0cbee9336e229002a8ddcd384d1f1bd3bce1162a94ff  /home/user/securedrop-builder/build/debbuild/packaging/securedrop-client_0.9.0-rc3+bullseye_all.deb
user@disp595:~/securedrop-builder$ 
