user@sd-dev:~/projects/securedrop-client$ git tag -v 0.13.0
object e7f1af84e25dc5599a989eb1459191c97d79ac0f
type commit
tag 0.13.0
tagger Kunal Mehta <legoktm@debian.org> 1724439301 -0400

SecureDrop Client 0.13.0
gpg: Signature made Fri Aug 23 14:57:43 2024 EDT
gpg:                using RSA key 2359E6538C0613E652955E6C188EDD3B7B22E6A3
gpg: Good signature from "SecureDrop Release Signing Key <securedrop-release-key-2021@freedom.press>" [unknown]
gpg: WARNING: This key is not certified with a trusted signature!
gpg:          There is no indication that the signature belongs to the owner.
Primary key fingerprint: 2359 E653 8C06 13E6 5295  5E6C 188E DD3B 7B22 E6A3
user@sd-dev:~/projects/securedrop-client$ git checkout 0.13.0
Note: switching to '0.13.0'.

You are in 'detached HEAD' state. You can look around, make experimental
changes and commit them, and you can discard any commits you make in this
state without impacting any branches by switching back to a branch.

If you want to create a new branch to retain commits you create, you may
do so (now or later) by using -c with the switch command. Example:

  git switch -c <new-branch-name>

Or undo this operation with:

  git switch -

Turn off this advice by setting config variable advice.detachedHead to false

HEAD is now at e7f1af84 Merge pull request #2175 from freedomofpress/update-changelog
user@sd-dev:~/projects/securedrop-client$ git show
commit e7f1af84e25dc5599a989eb1459191c97d79ac0f (HEAD, tag: 0.13.0, origin/release/0.13.0)
Merge: 7c8f7c73 a3219616
Author: Kunal Mehta <legoktm@debian.org>
Date:   Fri Aug 23 11:50:22 2024 -0700

    Merge pull request #2175 from freedomofpress/update-changelog
    
    Update 0.13.0 changelog

user@sd-dev:~/projects/securedrop-client$ make build-debs
# "build-debs.sh" will create this directory, but we need it to exist
# before we call "script".
Building SecureDrop Client Debian packages...
Script started, output log file is 'build/securedrop-client-20240823.log'.
+ git --no-pager log -1 --oneline --show-signature --no-color
e7f1af84 (HEAD, tag: 0.13.0, origin/release/0.13.0) gpg: Signature made Fri Aug 23 14:50:22 2024 EDT
gpg:                using RSA key B5690EEEBB952194
gpg: Can't check signature: No public key
Merge pull request #2175 from freedomofpress/update-changelog
++ pwd
+ OCI_RUN_ARGUMENTS='--user=root -v /home/user/projects/securedrop-client:/src:Z'
+ which podman
+ OCI_BIN=docker
+ test -t 0
+ OCI_RUN_ARGUMENTS='--user=root -v /home/user/projects/securedrop-client:/src:Z -it'
++ realpath ../securedrop-builder
+ BUILDER=/home/user/projects/securedrop-builder
+ [[ ! -d /home/user/projects/securedrop-builder ]]
+ export BUILDER
+ export DEBIAN_VERSION=bookworm
+ DEBIAN_VERSION=bookworm
+ export OCI_RUN_ARGUMENTS
+ export OCI_BIN
+ export CONTAINER=fpf.local/sd-client-builder-bookworm
+ CONTAINER=fpf.local/sd-client-builder-bookworm
+ . ./scripts/image_prep.sh
++ set -euxo pipefail
+++ git rev-parse --show-toplevel
++ cd /home/user/projects/securedrop-client
++ missing=false
++ docker inspect fpf.local/sd-client-builder-bookworm
++ false
++ status=0
++ docker run --rm --user=root -v /home/user/projects/securedrop-client:/src:Z -it --entrypoint /src/scripts/dep-check.sh fpf.local/sd-client-builder-bookworm
Hit:1 http://deb.debian.org/debian bookworm InRelease
Get:2 http://deb.debian.org/debian bookworm-updates InRelease [55.4 kB] 
Get:3 http://deb.debian.org/debian-security bookworm-security InRelease [48.0 kB]   
Get:4 http://deb.debian.org/debian-security bookworm-security/main amd64 Packages [176 kB]
Get:5 https://deb.qubes-os.org/r4.2/vm bookworm InRelease [4739 B]
Get:6 https://deb.qubes-os.org/r4.2/vm bookworm/main amd64 Packages [37.9 kB]
Fetched 322 kB in 1s (283 kB/s)     
Reading package lists... Done
++ [[ 0 == 42 ]]
++ [[ 0 != 0 ]]
++ mktemp -d
+ BUILD_DEST=/tmp/tmp.1xm2CCIF6h
+ docker run --rm --user=root -v /home/user/projects/securedrop-client:/src:Z -it -v /home/user/projects/securedrop-builder:/builder:Z -v /tmp/tmp.1xm2CCIF6h:/build:Z --env NIGHTLY= --entrypoint /src/scripts/build-debs-real.sh fpf.local/sd-client-builder-bookworm
+ export PIP_DISABLE_PIP_VERSION_CHECK=1
+ PIP_DISABLE_PIP_VERSION_CHECK=1
+ export PIP_PROGRESS_BAR=off
+ PIP_PROGRESS_BAR=off
+ export CARGO_TERM_COLOR=never
+ CARGO_TERM_COLOR=never
+ export CARGO_TERM_PROGRESS_WHEN=never
+ CARGO_TERM_PROGRESS_WHEN=never
+ apt-get update
Hit:1 http://deb.debian.org/debian bookworm InRelease
Get:2 http://deb.debian.org/debian bookworm-updates InRelease [55.4 kB]  
Get:3 http://deb.debian.org/debian-security bookworm-security InRelease [48.0 kB]   
Get:4 http://deb.debian.org/debian-security bookworm-security/main amd64 Packages [176 kB]
Get:5 https://deb.qubes-os.org/r4.2/vm bookworm InRelease [4739 B]
Get:6 https://deb.qubes-os.org/r4.2/vm bookworm/main amd64 Packages [37.9 kB]
Fetched 322 kB in 1s (320 kB/s)     
Reading package lists... Done
+ apt-get upgrade --yes
Reading package lists... Done
Building dependency tree... Done
Reading state information... Done
Calculating upgrade... Done
0 upgraded, 0 newly installed, 0 to remove and 0 not upgraded.
+ cp -R /src/ /srv/securedrop-client
+ cd /srv/securedrop-client
+ apt-get build-dep . --yes
Note, using directory '.' to get the build dependencies
Reading package lists... Done
Building dependency tree... Done
Reading state information... Done
The following NEW packages will be installed:
  autoconf automake autopoint autotools-dev bsdextrautils debhelper dh-apparmor dh-autoreconf dh-exec dh-strip-nondeterminism dwz
  file gettext gettext-base groff-base intltool-debian libarchive-zip-perl libclang-14-dev libclang-common-14-dev libclang-dev
  libclang1-14 libdebhelper-perl libedit2 libelf1 libfile-stripnondeterminism-perl libgc1 libicu72 libllvm14 libmagic-mgc libmagic1
  libobjc-12-dev libobjc4 libpipeline1 libpkgconf3 libpython3-stdlib libpython3.11-minimal libpython3.11-stdlib libqubesdb
  libssl-dev libsub-override-perl libtool libuchardet0 libxml2 libz3-4 m4 man-db media-types pkg-config pkgconf pkgconf-bin
  po-debconf python3 python3-distlib python3-filelock python3-minimal python3-pip-whl python3-platformdirs python3-setuptools-whl
  python3-virtualenv python3-wheel-whl python3.11 python3.11-minimal qubesdb-dev sensible-utils
0 upgraded, 64 newly installed, 0 to remove and 0 not upgraded.
Need to get 89.7 MB of archives.
After this operation, 545 MB of additional disk space will be used.
Get:1 http://deb.debian.org/debian bookworm/main amd64 libpython3.11-minimal amd64 3.11.2-6+deb12u2 [814 kB]
Get:2 http://deb.debian.org/debian bookworm/main amd64 python3.11-minimal amd64 3.11.2-6+deb12u2 [2067 kB]
Get:3 http://deb.debian.org/debian bookworm/main amd64 python3-minimal amd64 3.11.2-1+b1 [26.3 kB]
Get:4 http://deb.debian.org/debian bookworm/main amd64 media-types all 10.0.0 [26.1 kB]
Get:5 http://deb.debian.org/debian bookworm/main amd64 libpython3.11-stdlib amd64 3.11.2-6+deb12u2 [1799 kB]
Get:6 https://deb.qubes-os.org/r4.2/vm bookworm/main amd64 libqubesdb amd64 4.2.6-1+deb12u1 [9100 B]
Get:7 https://deb.qubes-os.org/r4.2/vm bookworm/main amd64 qubesdb-dev amd64 4.2.6-1+deb12u1 [7268 B]
Get:8 http://deb.debian.org/debian bookworm/main amd64 python3.11 amd64 3.11.2-6+deb12u2 [573 kB]
Get:9 http://deb.debian.org/debian bookworm/main amd64 libpython3-stdlib amd64 3.11.2-1+b1 [9312 B]
Get:10 http://deb.debian.org/debian bookworm/main amd64 python3 amd64 3.11.2-1+b1 [26.3 kB]
Get:11 http://deb.debian.org/debian bookworm/main amd64 sensible-utils all 0.0.17+nmu1 [19.0 kB]
Get:12 http://deb.debian.org/debian bookworm/main amd64 libmagic-mgc amd64 1:5.44-3 [305 kB]
Get:13 http://deb.debian.org/debian bookworm/main amd64 libmagic1 amd64 1:5.44-3 [104 kB]
Get:14 http://deb.debian.org/debian bookworm/main amd64 file amd64 1:5.44-3 [42.5 kB]
Get:15 http://deb.debian.org/debian bookworm/main amd64 gettext-base amd64 0.21-12 [160 kB]
Get:16 http://deb.debian.org/debian bookworm/main amd64 libuchardet0 amd64 0.0.7-1 [67.8 kB]
Get:17 http://deb.debian.org/debian bookworm/main amd64 groff-base amd64 1.22.4-10 [916 kB]
Get:18 http://deb.debian.org/debian bookworm/main amd64 bsdextrautils amd64 2.38.1-5+deb12u1 [86.8 kB]
Get:19 http://deb.debian.org/debian bookworm/main amd64 libpipeline1 amd64 1.5.7-1 [38.5 kB]
Get:20 http://deb.debian.org/debian bookworm/main amd64 man-db amd64 2.11.2-2 [1386 kB]
Get:21 http://deb.debian.org/debian bookworm/main amd64 m4 amd64 1.4.19-3 [287 kB]
Get:22 http://deb.debian.org/debian bookworm/main amd64 autoconf all 2.71-3 [332 kB]
Get:23 http://deb.debian.org/debian bookworm/main amd64 autotools-dev all 20220109.1 [51.6 kB]
Get:24 http://deb.debian.org/debian bookworm/main amd64 automake all 1:1.16.5-1.3 [823 kB]
Get:25 http://deb.debian.org/debian bookworm/main amd64 autopoint all 0.21-12 [495 kB]
Get:26 http://deb.debian.org/debian bookworm/main amd64 libdebhelper-perl all 13.11.4 [81.2 kB]
Get:27 http://deb.debian.org/debian bookworm/main amd64 libtool all 2.4.7-7~deb12u1 [517 kB]
Get:28 http://deb.debian.org/debian bookworm/main amd64 dh-autoreconf all 20 [17.1 kB]
Get:29 http://deb.debian.org/debian bookworm/main amd64 libarchive-zip-perl all 1.68-1 [104 kB]
Get:30 http://deb.debian.org/debian bookworm/main amd64 libsub-override-perl all 0.09-4 [9304 B]
Get:31 http://deb.debian.org/debian bookworm/main amd64 libfile-stripnondeterminism-perl all 1.13.1-1 [19.4 kB]
Get:32 http://deb.debian.org/debian bookworm/main amd64 dh-strip-nondeterminism all 1.13.1-1 [8620 B]
Get:33 http://deb.debian.org/debian bookworm/main amd64 libelf1 amd64 0.188-2.1 [174 kB]
Get:34 http://deb.debian.org/debian bookworm/main amd64 dwz amd64 0.15-1 [109 kB]
Get:35 http://deb.debian.org/debian bookworm/main amd64 libicu72 amd64 72.1-3 [9376 kB]
Get:36 http://deb.debian.org/debian bookworm/main amd64 libxml2 amd64 2.9.14+dfsg-1.3~deb12u1 [687 kB]
Get:37 http://deb.debian.org/debian bookworm/main amd64 gettext amd64 0.21-12 [1300 kB]
Get:38 http://deb.debian.org/debian bookworm/main amd64 intltool-debian all 0.35.0+20060710.6 [22.9 kB]
Get:39 http://deb.debian.org/debian bookworm/main amd64 po-debconf all 1.0.21+nmu1 [248 kB]
Get:40 http://deb.debian.org/debian bookworm/main amd64 debhelper all 13.11.4 [942 kB]
Get:41 http://deb.debian.org/debian bookworm/main amd64 dh-apparmor all 3.0.8-3 [16.7 kB]
Get:42 http://deb.debian.org/debian bookworm/main amd64 dh-exec amd64 0.27 [27.8 kB]
Get:43 http://deb.debian.org/debian bookworm/main amd64 libgc1 amd64 1:8.2.2-3 [245 kB]
Get:44 http://deb.debian.org/debian bookworm/main amd64 libobjc4 amd64 12.2.0-14 [43.1 kB]
Get:45 http://deb.debian.org/debian bookworm/main amd64 libobjc-12-dev amd64 12.2.0-14 [170 kB]
Get:46 http://deb.debian.org/debian bookworm/main amd64 libedit2 amd64 3.1-20221030-2 [93.0 kB]                                      
Get:47 http://deb.debian.org/debian bookworm/main amd64 libz3-4 amd64 4.8.12-3.1 [7216 kB]                                           
Get:48 http://deb.debian.org/debian bookworm/main amd64 libllvm14 amd64 1:14.0.6-12 [21.8 MB]                                        
Get:49 http://deb.debian.org/debian bookworm/main amd64 libclang1-14 amd64 1:14.0.6-12 [6157 kB]                                     
Get:50 http://deb.debian.org/debian bookworm/main amd64 libclang-common-14-dev all 1:14.0.6-12 [890 kB]                              
Get:51 http://deb.debian.org/debian bookworm/main amd64 libclang-14-dev amd64 1:14.0.6-12 [23.1 MB]                                  
Get:52 http://deb.debian.org/debian bookworm/main amd64 libclang-dev amd64 1:14.0-55.7~deb12u1 [4728 B]                              
Get:53 http://deb.debian.org/debian bookworm/main amd64 libpkgconf3 amd64 1.8.1-1 [36.1 kB]                                          
Get:54 http://deb.debian.org/debian bookworm/main amd64 libssl-dev amd64 3.0.13-1~deb12u1 [2435 kB]                                  
Get:55 http://deb.debian.org/debian bookworm/main amd64 pkgconf-bin amd64 1.8.1-1 [29.5 kB]                                          
Get:56 http://deb.debian.org/debian bookworm/main amd64 pkgconf amd64 1.8.1-1 [25.9 kB]                                              
Get:57 http://deb.debian.org/debian bookworm/main amd64 pkg-config amd64 1.8.1-1 [13.7 kB]                                           
Get:58 http://deb.debian.org/debian bookworm/main amd64 python3-distlib all 0.3.6-1 [257 kB]                                         
Get:59 http://deb.debian.org/debian bookworm/main amd64 python3-filelock all 3.9.0-1 [9460 B]                                        
Get:60 http://deb.debian.org/debian bookworm/main amd64 python3-pip-whl all 23.0.1+dfsg-1 [1717 kB]                                  
Get:61 http://deb.debian.org/debian bookworm/main amd64 python3-platformdirs all 2.6.0-1 [16.3 kB]                                   
Get:62 http://deb.debian.org/debian bookworm/main amd64 python3-setuptools-whl all 66.1.1-1 [1111 kB]                                
Get:63 http://deb.debian.org/debian bookworm/main amd64 python3-wheel-whl all 0.38.4-2 [38.6 kB]                                     
Get:64 http://deb.debian.org/debian bookworm/main amd64 python3-virtualenv all 20.17.1+ds-1 [93.9 kB]                                
Fetched 89.7 MB in 26s (3453 kB/s)                                                                                                   
debconf: delaying package configuration, since apt-utils is not installed
Selecting previously unselected package libpython3.11-minimal:amd64.
(Reading database ... 16473 files and directories currently installed.)
Preparing to unpack .../libpython3.11-minimal_3.11.2-6+deb12u2_amd64.deb ...
Unpacking libpython3.11-minimal:amd64 (3.11.2-6+deb12u2) ...
Selecting previously unselected package python3.11-minimal.
Preparing to unpack .../python3.11-minimal_3.11.2-6+deb12u2_amd64.deb ...
Unpacking python3.11-minimal (3.11.2-6+deb12u2) ...
Setting up libpython3.11-minimal:amd64 (3.11.2-6+deb12u2) ...
Setting up python3.11-minimal (3.11.2-6+deb12u2) ...
Selecting previously unselected package python3-minimal.
(Reading database ... 16780 files and directories currently installed.)
Preparing to unpack .../python3-minimal_3.11.2-1+b1_amd64.deb ...
Unpacking python3-minimal (3.11.2-1+b1) ...
Selecting previously unselected package media-types.
Preparing to unpack .../media-types_10.0.0_all.deb ...
Unpacking media-types (10.0.0) ...
Selecting previously unselected package libpython3.11-stdlib:amd64.
Preparing to unpack .../libpython3.11-stdlib_3.11.2-6+deb12u2_amd64.deb ...
Unpacking libpython3.11-stdlib:amd64 (3.11.2-6+deb12u2) ...
Selecting previously unselected package python3.11.
Preparing to unpack .../python3.11_3.11.2-6+deb12u2_amd64.deb ...
Unpacking python3.11 (3.11.2-6+deb12u2) ...
Selecting previously unselected package libpython3-stdlib:amd64.
Preparing to unpack .../libpython3-stdlib_3.11.2-1+b1_amd64.deb ...
Unpacking libpython3-stdlib:amd64 (3.11.2-1+b1) ...
Setting up python3-minimal (3.11.2-1+b1) ...
Selecting previously unselected package python3.
(Reading database ... 17190 files and directories currently installed.)
Preparing to unpack .../00-python3_3.11.2-1+b1_amd64.deb ...
Unpacking python3 (3.11.2-1+b1) ...
Selecting previously unselected package sensible-utils.
Preparing to unpack .../01-sensible-utils_0.0.17+nmu1_all.deb ...
Unpacking sensible-utils (0.0.17+nmu1) ...
Selecting previously unselected package libmagic-mgc.
Preparing to unpack .../02-libmagic-mgc_1%3a5.44-3_amd64.deb ...
Unpacking libmagic-mgc (1:5.44-3) ...
Selecting previously unselected package libmagic1:amd64.
Preparing to unpack .../03-libmagic1_1%3a5.44-3_amd64.deb ...
Unpacking libmagic1:amd64 (1:5.44-3) ...
Selecting previously unselected package file.
Preparing to unpack .../04-file_1%3a5.44-3_amd64.deb ...
Unpacking file (1:5.44-3) ...
Selecting previously unselected package gettext-base.
Preparing to unpack .../05-gettext-base_0.21-12_amd64.deb ...
Unpacking gettext-base (0.21-12) ...
Selecting previously unselected package libuchardet0:amd64.
Preparing to unpack .../06-libuchardet0_0.0.7-1_amd64.deb ...
Unpacking libuchardet0:amd64 (0.0.7-1) ...
Selecting previously unselected package groff-base.
Preparing to unpack .../07-groff-base_1.22.4-10_amd64.deb ...
Unpacking groff-base (1.22.4-10) ...
Selecting previously unselected package bsdextrautils.
Preparing to unpack .../08-bsdextrautils_2.38.1-5+deb12u1_amd64.deb ...
Unpacking bsdextrautils (2.38.1-5+deb12u1) ...
Selecting previously unselected package libpipeline1:amd64.
Preparing to unpack .../09-libpipeline1_1.5.7-1_amd64.deb ...
Unpacking libpipeline1:amd64 (1.5.7-1) ...
Selecting previously unselected package man-db.
Preparing to unpack .../10-man-db_2.11.2-2_amd64.deb ...
Unpacking man-db (2.11.2-2) ...
Selecting previously unselected package m4.
Preparing to unpack .../11-m4_1.4.19-3_amd64.deb ...
Unpacking m4 (1.4.19-3) ...
Selecting previously unselected package autoconf.
Preparing to unpack .../12-autoconf_2.71-3_all.deb ...
Unpacking autoconf (2.71-3) ...
Selecting previously unselected package autotools-dev.
Preparing to unpack .../13-autotools-dev_20220109.1_all.deb ...
Unpacking autotools-dev (20220109.1) ...
Selecting previously unselected package automake.
Preparing to unpack .../14-automake_1%3a1.16.5-1.3_all.deb ...
Unpacking automake (1:1.16.5-1.3) ...
Selecting previously unselected package autopoint.
Preparing to unpack .../15-autopoint_0.21-12_all.deb ...
Unpacking autopoint (0.21-12) ...
Selecting previously unselected package libdebhelper-perl.
Preparing to unpack .../16-libdebhelper-perl_13.11.4_all.deb ...
Unpacking libdebhelper-perl (13.11.4) ...
Selecting previously unselected package libtool.
Preparing to unpack .../17-libtool_2.4.7-7~deb12u1_all.deb ...
Unpacking libtool (2.4.7-7~deb12u1) ...
Selecting previously unselected package dh-autoreconf.
Preparing to unpack .../18-dh-autoreconf_20_all.deb ...
Unpacking dh-autoreconf (20) ...
Selecting previously unselected package libarchive-zip-perl.
Preparing to unpack .../19-libarchive-zip-perl_1.68-1_all.deb ...
Unpacking libarchive-zip-perl (1.68-1) ...
Selecting previously unselected package libsub-override-perl.
Preparing to unpack .../20-libsub-override-perl_0.09-4_all.deb ...
Unpacking libsub-override-perl (0.09-4) ...
Selecting previously unselected package libfile-stripnondeterminism-perl.
Preparing to unpack .../21-libfile-stripnondeterminism-perl_1.13.1-1_all.deb ...
Unpacking libfile-stripnondeterminism-perl (1.13.1-1) ...
Selecting previously unselected package dh-strip-nondeterminism.
Preparing to unpack .../22-dh-strip-nondeterminism_1.13.1-1_all.deb ...
Unpacking dh-strip-nondeterminism (1.13.1-1) ...
Selecting previously unselected package libelf1:amd64.
Preparing to unpack .../23-libelf1_0.188-2.1_amd64.deb ...
Unpacking libelf1:amd64 (0.188-2.1) ...
Selecting previously unselected package dwz.
Preparing to unpack .../24-dwz_0.15-1_amd64.deb ...
Unpacking dwz (0.15-1) ...
Selecting previously unselected package libicu72:amd64.
Preparing to unpack .../25-libicu72_72.1-3_amd64.deb ...
Unpacking libicu72:amd64 (72.1-3) ...
Selecting previously unselected package libxml2:amd64.
Preparing to unpack .../26-libxml2_2.9.14+dfsg-1.3~deb12u1_amd64.deb ...
Unpacking libxml2:amd64 (2.9.14+dfsg-1.3~deb12u1) ...
Selecting previously unselected package gettext.
Preparing to unpack .../27-gettext_0.21-12_amd64.deb ...
Unpacking gettext (0.21-12) ...
Selecting previously unselected package intltool-debian.
Preparing to unpack .../28-intltool-debian_0.35.0+20060710.6_all.deb ...
Unpacking intltool-debian (0.35.0+20060710.6) ...
Selecting previously unselected package po-debconf.
Preparing to unpack .../29-po-debconf_1.0.21+nmu1_all.deb ...
Unpacking po-debconf (1.0.21+nmu1) ...
Selecting previously unselected package debhelper.
Preparing to unpack .../30-debhelper_13.11.4_all.deb ...
Unpacking debhelper (13.11.4) ...
Selecting previously unselected package dh-apparmor.
Preparing to unpack .../31-dh-apparmor_3.0.8-3_all.deb ...
Unpacking dh-apparmor (3.0.8-3) ...
Selecting previously unselected package dh-exec.
Preparing to unpack .../32-dh-exec_0.27_amd64.deb ...
Unpacking dh-exec (0.27) ...
Selecting previously unselected package libgc1:amd64.
Preparing to unpack .../33-libgc1_1%3a8.2.2-3_amd64.deb ...
Unpacking libgc1:amd64 (1:8.2.2-3) ...
Selecting previously unselected package libobjc4:amd64.
Preparing to unpack .../34-libobjc4_12.2.0-14_amd64.deb ...
Unpacking libobjc4:amd64 (12.2.0-14) ...
Selecting previously unselected package libobjc-12-dev:amd64.
Preparing to unpack .../35-libobjc-12-dev_12.2.0-14_amd64.deb ...
Unpacking libobjc-12-dev:amd64 (12.2.0-14) ...
Selecting previously unselected package libedit2:amd64.
Preparing to unpack .../36-libedit2_3.1-20221030-2_amd64.deb ...
Unpacking libedit2:amd64 (3.1-20221030-2) ...
Selecting previously unselected package libz3-4:amd64.
Preparing to unpack .../37-libz3-4_4.8.12-3.1_amd64.deb ...
Unpacking libz3-4:amd64 (4.8.12-3.1) ...
Selecting previously unselected package libllvm14:amd64.
Preparing to unpack .../38-libllvm14_1%3a14.0.6-12_amd64.deb ...
Unpacking libllvm14:amd64 (1:14.0.6-12) ...
Selecting previously unselected package libclang1-14.
Preparing to unpack .../39-libclang1-14_1%3a14.0.6-12_amd64.deb ...
Unpacking libclang1-14 (1:14.0.6-12) ...
Selecting previously unselected package libclang-common-14-dev.
Preparing to unpack .../40-libclang-common-14-dev_1%3a14.0.6-12_all.deb ...
Unpacking libclang-common-14-dev (1:14.0.6-12) ...
Selecting previously unselected package libclang-14-dev.
Preparing to unpack .../41-libclang-14-dev_1%3a14.0.6-12_amd64.deb ...
Unpacking libclang-14-dev (1:14.0.6-12) ...
Selecting previously unselected package libclang-dev.
Preparing to unpack .../42-libclang-dev_1%3a14.0-55.7~deb12u1_amd64.deb ...
Unpacking libclang-dev (1:14.0-55.7~deb12u1) ...
Selecting previously unselected package libpkgconf3:amd64.
Preparing to unpack .../43-libpkgconf3_1.8.1-1_amd64.deb ...
Unpacking libpkgconf3:amd64 (1.8.1-1) ...
Selecting previously unselected package libssl-dev:amd64.
Preparing to unpack .../44-libssl-dev_3.0.13-1~deb12u1_amd64.deb ...
Unpacking libssl-dev:amd64 (3.0.13-1~deb12u1) ...
Selecting previously unselected package pkgconf-bin.
Preparing to unpack .../45-pkgconf-bin_1.8.1-1_amd64.deb ...
Unpacking pkgconf-bin (1.8.1-1) ...
Selecting previously unselected package pkgconf:amd64.
Preparing to unpack .../46-pkgconf_1.8.1-1_amd64.deb ...
Unpacking pkgconf:amd64 (1.8.1-1) ...
Selecting previously unselected package pkg-config:amd64.
Preparing to unpack .../47-pkg-config_1.8.1-1_amd64.deb ...
Unpacking pkg-config:amd64 (1.8.1-1) ...
Selecting previously unselected package python3-distlib.
Preparing to unpack .../48-python3-distlib_0.3.6-1_all.deb ...
Unpacking python3-distlib (0.3.6-1) ...
Selecting previously unselected package python3-filelock.
Preparing to unpack .../49-python3-filelock_3.9.0-1_all.deb ...
Unpacking python3-filelock (3.9.0-1) ...
Selecting previously unselected package python3-pip-whl.
Preparing to unpack .../50-python3-pip-whl_23.0.1+dfsg-1_all.deb ...
Unpacking python3-pip-whl (23.0.1+dfsg-1) ...
Selecting previously unselected package python3-platformdirs.
Preparing to unpack .../51-python3-platformdirs_2.6.0-1_all.deb ...
Unpacking python3-platformdirs (2.6.0-1) ...
Selecting previously unselected package python3-setuptools-whl.
Preparing to unpack .../52-python3-setuptools-whl_66.1.1-1_all.deb ...
Unpacking python3-setuptools-whl (66.1.1-1) ...
Selecting previously unselected package python3-wheel-whl.
Preparing to unpack .../53-python3-wheel-whl_0.38.4-2_all.deb ...
Unpacking python3-wheel-whl (0.38.4-2) ...
Selecting previously unselected package python3-virtualenv.
Preparing to unpack .../54-python3-virtualenv_20.17.1+ds-1_all.deb ...
Unpacking python3-virtualenv (20.17.1+ds-1) ...
Selecting previously unselected package libqubesdb.
Preparing to unpack .../55-libqubesdb_4.2.6-1+deb12u1_amd64.deb ...
Unpacking libqubesdb (4.2.6-1+deb12u1) ...
Selecting previously unselected package qubesdb-dev.
Preparing to unpack .../56-qubesdb-dev_4.2.6-1+deb12u1_amd64.deb ...
Unpacking qubesdb-dev (4.2.6-1+deb12u1) ...
Setting up media-types (10.0.0) ...
Setting up libpipeline1:amd64 (1.5.7-1) ...
Setting up python3-setuptools-whl (66.1.1-1) ...
Setting up libicu72:amd64 (72.1-3) ...
Setting up bsdextrautils (2.38.1-5+deb12u1) ...
Setting up libmagic-mgc (1:5.44-3) ...
Setting up python3-pip-whl (23.0.1+dfsg-1) ...
Setting up libarchive-zip-perl (1.68-1) ...
Setting up libpython3.11-stdlib:amd64 (3.11.2-6+deb12u2) ...
Setting up libdebhelper-perl (13.11.4) ...
Setting up libedit2:amd64 (3.1-20221030-2) ...
Setting up libmagic1:amd64 (1:5.44-3) ...
Setting up gettext-base (0.21-12) ...
Setting up m4 (1.4.19-3) ...
Setting up file (1:5.44-3) ...
Setting up autotools-dev (20220109.1) ...
Setting up libz3-4:amd64 (4.8.12-3.1) ...
Setting up libpkgconf3:amd64 (1.8.1-1) ...
Setting up libssl-dev:amd64 (3.0.13-1~deb12u1) ...
Setting up autopoint (0.21-12) ...
Setting up pkgconf-bin (1.8.1-1) ...
Setting up libgc1:amd64 (1:8.2.2-3) ...
Setting up autoconf (2.71-3) ...
Setting up libqubesdb (4.2.6-1+deb12u1) ...
Setting up sensible-utils (0.0.17+nmu1) ...
Setting up libuchardet0:amd64 (0.0.7-1) ...
Setting up qubesdb-dev (4.2.6-1+deb12u1) ...
Setting up libsub-override-perl (0.09-4) ...
Setting up dh-apparmor (3.0.8-3) ...
Setting up python3-wheel-whl (0.38.4-2) ...
Setting up libelf1:amd64 (0.188-2.1) ...
Setting up libxml2:amd64 (2.9.14+dfsg-1.3~deb12u1) ...
Setting up libpython3-stdlib:amd64 (3.11.2-1+b1) ...
Setting up automake (1:1.16.5-1.3) ...
update-alternatives: using /usr/bin/automake-1.16 to provide /usr/bin/automake (automake) in auto mode
Setting up libfile-stripnondeterminism-perl (1.13.1-1) ...
Setting up python3.11 (3.11.2-6+deb12u2) ...
Setting up gettext (0.21-12) ...
Setting up libtool (2.4.7-7~deb12u1) ...
Setting up libobjc4:amd64 (12.2.0-14) ...
Setting up python3 (3.11.2-1+b1) ...
running python rtupdate hooks for python3.11...
running python post-rtupdate hooks for python3.11...
Setting up python3-distlib (0.3.6-1) ...
Setting up python3-platformdirs (2.6.0-1) ...
Setting up pkgconf:amd64 (1.8.1-1) ...
Setting up intltool-debian (0.35.0+20060710.6) ...
Setting up dh-autoreconf (20) ...
Setting up pkg-config:amd64 (1.8.1-1) ...
Setting up dh-strip-nondeterminism (1.13.1-1) ...
Setting up libllvm14:amd64 (1:14.0.6-12) ...
Setting up libobjc-12-dev:amd64 (12.2.0-14) ...
Setting up dwz (0.15-1) ...
Setting up groff-base (1.22.4-10) ...
Setting up python3-filelock (3.9.0-1) ...
Setting up po-debconf (1.0.21+nmu1) ...
Setting up python3-virtualenv (20.17.1+ds-1) ...
Setting up libclang1-14 (1:14.0.6-12) ...
Setting up man-db (2.11.2-2) ...
debconf: unable to initialize frontend: Dialog
debconf: (No usable dialog-like program is installed, so the dialog based frontend cannot be used. at /usr/share/perl5/Debconf/FrontEnd/Dialog.pm line 78.)
debconf: falling back to frontend: Readline
Building database of manual pages ...
Setting up libclang-common-14-dev (1:14.0.6-12) ...
Setting up libclang-14-dev (1:14.0.6-12) ...
Setting up libclang-dev (1:14.0-55.7~deb12u1) ...
Setting up debhelper (13.11.4) ...
Setting up dh-exec (0.27) ...
Processing triggers for libc-bin (2.36-9+deb12u7) ...
+ ./scripts/fixup-changelog.sh
+ source /etc/os-release
++ PRETTY_NAME='Debian GNU/Linux 12 (bookworm)'
++ NAME='Debian GNU/Linux'
++ VERSION_ID=12
++ VERSION='12 (bookworm)'
++ VERSION_CODENAME=bookworm
++ ID=debian
++ HOME_URL=https://www.debian.org/
++ SUPPORT_URL=https://www.debian.org/support
++ BUG_REPORT_URL=https://bugs.debian.org/
+ [[ bookworm == '' ]]
++ dpkg-parsechangelog -S Version
+ VERSION=0.13.0
+ NIGHTLY=
+ [[ -n '' ]]
+ NEW_VERSION=0.13.0
+ sed -i '0,/0.13.0/ s//0.13.0+bookworm/' debian/changelog
+ dpkg-buildpackage --no-sign
dpkg-buildpackage: info: source package securedrop-client
dpkg-buildpackage: info: source version 0.13.0+bookworm
dpkg-buildpackage: info: source distribution unstable
dpkg-buildpackage: info: source changed by SecureDrop Team <securedrop@freedom.press>
dpkg-buildpackage: info: host architecture amd64
 dpkg-source --before-build .
dpkg-source: info: using options from securedrop-client/debian/source/options: --compression=gzip --tar-ignore=build --tar-ignore=.* --tar-ignore=__pycache__ --tar-ignore=htmlcov --tar-ignore=target
 debian/rules clean
dh clean
   dh_auto_clean
   dh_clean
 dpkg-source -b .
dpkg-source: info: using options from securedrop-client/debian/source/options: --compression=gzip --tar-ignore=build --tar-ignore=.* --tar-ignore=__pycache__ --tar-ignore=htmlcov --tar-ignore=target
dpkg-source: info: using source format '3.0 (native)'
dpkg-source: info: building securedrop-client in securedrop-client_0.13.0+bookworm.tar.gz
dpkg-source: info: building securedrop-client in securedrop-client_0.13.0+bookworm.dsc
 debian/rules build
make: 'build' is up to date.
 debian/rules binary
dh binary
   dh_update_autotools_config
   dh_autoreconf
   dh_auto_configure
   dh_auto_build
	make -j2 "INSTALL=install --strip-program=true"
make[1]: Entering directory '/srv/securedrop-client'
Makefile for developing and testing the SecureDrop client.
Subcommands:

build-debs       Build Debian packages
fix              Fix lint and formatting issues
help             Print this message and exit.
lint             Run linters and formatters
lint-apparmor    Lint AppArmor profiles
lint-desktop     Lint .desktop files
rust-lint        Lint Rust code
rust-test        Run Rust tests
safety           Run safety dependency checks on build dependencies
shellcheck       Lint shell scripts
make[1]: Leaving directory '/srv/securedrop-client'
   dh_auto_test
   create-stamp debian/debhelper-build-stamp
   dh_testroot
   dh_prep
   debian/rules override_dh_auto_install
make[1]: Entering directory '/srv/securedrop-client'
sed -i s/##VERSION_CODENAME##/bookworm/ keyring/apt_freedom_press.sources
bash ./debian/setup-venv.sh client
+ NAME=client
+ [[ client == \c\l\i\e\n\t ]]
+ VENV_ARGS=--system-site-packages
+ WHEELS_DIR=/builder/securedrop-client/wheels
+ PIP_ARGS='--ignore-installed --no-index --find-links /builder/securedrop-client/wheels --no-deps --no-cache-dir --no-use-pep517'
+ /usr/bin/python3 -m virtualenv --system-site-packages ./debian/securedrop-client/opt/venvs/securedrop-client
created virtual environment CPython3.11.2.final.0-64 in 257ms
  creator CPython3Posix(dest=/srv/securedrop-client/debian/securedrop-client/opt/venvs/securedrop-client, clear=False, no_vcs_ignore=False, global=True)
  seeder FromAppData(download=False, pip=bundle, setuptools=bundle, wheel=bundle, via=copy, app_data_dir=/root/.local/share/virtualenv)
    added seed packages: pip==23.0.1, setuptools==66.1.1, wheel==0.38.4
  activators BashActivator,CShellActivator,FishActivator,NushellActivator,PowerShellActivator,PythonActivator
+ ./debian/securedrop-client/opt/venvs/securedrop-client/bin/pip install --ignore-installed --no-index --find-links /builder/securedrop-client/wheels --no-deps --no-cache-dir --no-use-pep517 --require-hashes -r client/build-requirements.txt
Looking in links: /builder/securedrop-client/wheels
Processing /builder/securedrop-client/wheels/alembic-1.1.0-py2.py3-none-any.whl
Processing /builder/securedrop-client/wheels/arrow-0.12.1-py2.py3-none-any.whl
Processing /builder/securedrop-client/wheels/Jinja2-3.1.3-py3-none-any.whl
Processing /builder/securedrop-client/wheels/Mako-1.2.2-py3-none-any.whl
Processing /builder/securedrop-client/wheels/MarkupSafe-2.0.1-cp311-cp311-linux_x86_64.whl
Processing /builder/securedrop-client/wheels/python_dateutil-2.7.5-py2.py3-none-any.whl
Processing /builder/securedrop-client/wheels/python_editor-1.0.3-py3-none-any.whl
Processing /builder/securedrop-client/wheels/six-1.11.0-py2.py3-none-any.whl
Processing /builder/securedrop-client/wheels/SQLAlchemy-1.3.3-cp311-cp311-linux_x86_64.whl
Installing collected packages: six, python-editor, arrow, sqlalchemy, python-dateutil, markupsafe, mako, jinja2, alembic
Successfully installed alembic-1.1.0 arrow-0.12.1 jinja2-3.1.3 mako-1.2.2 markupsafe-2.0.1 python-dateutil-2.7.5 python-editor-1.0.3 six-1.11.0 sqlalchemy-1.3.3
+ ./debian/securedrop-client/opt/venvs/securedrop-client/bin/pip install --ignore-installed --no-index --find-links /builder/securedrop-client/wheels --no-deps --no-cache-dir --no-use-pep517 ./client
Looking in links: /builder/securedrop-client/wheels
Processing ./client
  Preparing metadata (setup.py) ... done
Building wheels for collected packages: securedrop-client
  Building wheel for securedrop-client (setup.py) ... done
  Created wheel for securedrop-client: filename=securedrop_client-0.0.0-py3-none-any.whl size=3911642 sha256=84d48ccae225bb2d242c1e614ef405fd9c4d5c344d95e2bff9b02cc102e936fc
  Stored in directory: /tmp/pip-ephem-wheel-cache-bip__1ot/wheels/5a/fd/39/48a4f245acda41f38d98a8b2cdfc1976600041c5ddc423a82c
Successfully built securedrop-client
Installing collected packages: securedrop-client
Successfully installed securedrop-client-0.0.0
++ pwd
+ find ./debian/securedrop-client/ -type f -exec sed -i s#/srv/securedrop-client/debian/securedrop-client## '{}' ';'
+ rm -rf ./debian/securedrop-client/opt/venvs/securedrop-client/share/python-wheels
bash ./debian/setup-venv.sh export
+ NAME=export
+ [[ export == \c\l\i\e\n\t ]]
+ VENV_ARGS=
+ WHEELS_DIR=/builder/securedrop-export/wheels
+ PIP_ARGS='--ignore-installed --no-index --find-links /builder/securedrop-export/wheels --no-deps --no-cache-dir --no-use-pep517'
+ /usr/bin/python3 -m virtualenv ./debian/securedrop-export/opt/venvs/securedrop-export
created virtual environment CPython3.11.2.final.0-64 in 136ms
  creator CPython3Posix(dest=/srv/securedrop-client/debian/securedrop-export/opt/venvs/securedrop-export, clear=False, no_vcs_ignore=False, global=False)
  seeder FromAppData(download=False, pip=bundle, setuptools=bundle, wheel=bundle, via=copy, app_data_dir=/root/.local/share/virtualenv)
    added seed packages: pip==23.0.1, setuptools==66.1.1, wheel==0.38.4
  activators BashActivator,CShellActivator,FishActivator,NushellActivator,PowerShellActivator,PythonActivator
+ ./debian/securedrop-export/opt/venvs/securedrop-export/bin/pip install --ignore-installed --no-index --find-links /builder/securedrop-export/wheels --no-deps --no-cache-dir --no-use-pep517 --require-hashes -r export/build-requirements.txt
Looking in links: /builder/securedrop-export/wheels
Processing /builder/securedrop-export/wheels/pexpect-4.9.0-py2.py3-none-any.whl
Processing /builder/securedrop-export/wheels/ptyprocess-0.7.0-py2.py3-none-any.whl
Installing collected packages: ptyprocess, pexpect
Successfully installed pexpect-4.9.0 ptyprocess-0.7.0
+ ./debian/securedrop-export/opt/venvs/securedrop-export/bin/pip install --ignore-installed --no-index --find-links /builder/securedrop-export/wheels --no-deps --no-cache-dir --no-use-pep517 ./export
Looking in links: /builder/securedrop-export/wheels
Processing ./export
  Preparing metadata (setup.py) ... done
Building wheels for collected packages: securedrop-export
  Building wheel for securedrop-export (setup.py) ... done
  Created wheel for securedrop-export: filename=securedrop_export-0.0.0-py3-none-any.whl size=47576 sha256=350fb5e73a04dad5d05d716651a41b18f072b4c2cf501cd501cb763436f3646c
  Stored in directory: /tmp/pip-ephem-wheel-cache-lmju48rs/wheels/ba/88/d5/d9366435de7fa19135d72b183b26beb70fb70fd36bcd9d7b86
Successfully built securedrop-export
Installing collected packages: securedrop-export
Successfully installed securedrop-export-0.0.0
++ pwd
+ find ./debian/securedrop-export/ -type f -exec sed -i s#/srv/securedrop-client/debian/securedrop-export## '{}' ';'
+ rm -rf ./debian/securedrop-export/opt/venvs/securedrop-export/share/python-wheels
bash ./debian/setup-venv.sh log
+ NAME=log
+ [[ log == \c\l\i\e\n\t ]]
+ VENV_ARGS=
+ WHEELS_DIR=/builder/securedrop-log/wheels
+ PIP_ARGS='--ignore-installed --no-index --find-links /builder/securedrop-log/wheels --no-deps --no-cache-dir --no-use-pep517'
+ /usr/bin/python3 -m virtualenv ./debian/securedrop-log/opt/venvs/securedrop-log
created virtual environment CPython3.11.2.final.0-64 in 145ms
  creator CPython3Posix(dest=/srv/securedrop-client/debian/securedrop-log/opt/venvs/securedrop-log, clear=False, no_vcs_ignore=False, global=False)
  seeder FromAppData(download=False, pip=bundle, setuptools=bundle, wheel=bundle, via=copy, app_data_dir=/root/.local/share/virtualenv)
    added seed packages: pip==23.0.1, setuptools==66.1.1, wheel==0.38.4
  activators BashActivator,CShellActivator,FishActivator,NushellActivator,PowerShellActivator,PythonActivator
+ ./debian/securedrop-log/opt/venvs/securedrop-log/bin/pip install --ignore-installed --no-index --find-links /builder/securedrop-log/wheels --no-deps --no-cache-dir --no-use-pep517 --require-hashes -r log/build-requirements.txt
Looking in links: /builder/securedrop-log/wheels
Processing /builder/securedrop-log/wheels/redis-3.3.11-py2.py3-none-any.whl
Installing collected packages: redis
Successfully installed redis-3.3.11
+ ./debian/securedrop-log/opt/venvs/securedrop-log/bin/pip install --ignore-installed --no-index --find-links /builder/securedrop-log/wheels --no-deps --no-cache-dir --no-use-pep517 ./log
Looking in links: /builder/securedrop-log/wheels
Processing ./log
  Preparing metadata (setup.py) ... done
Building wheels for collected packages: securedrop-log
  Building wheel for securedrop-log (setup.py) ... done
  Created wheel for securedrop-log: filename=securedrop_log-0.0.0-py3-none-any.whl size=16688 sha256=5528d2f528e50b3326adc56f1ba90bf7d0463a016de295cbe09b07d6ecb7202f
  Stored in directory: /tmp/pip-ephem-wheel-cache-fsab58y7/wheels/f2/78/84/0cf11b31a4045b8499144752838e1a7e5447a2d41b2eccb4f4
Successfully built securedrop-log
Installing collected packages: securedrop-log
Successfully installed securedrop-log-0.0.0
++ pwd
+ find ./debian/securedrop-log/ -type f -exec sed -i s#/srv/securedrop-client/debian/securedrop-log## '{}' ';'
+ rm -rf ./debian/securedrop-log/opt/venvs/securedrop-log/share/python-wheels
cargo build --release --locked --features qubesdb
    Updating crates.io index
 Downloading crates ...
  Downloaded adler v1.0.2
  Downloaded anyhow v1.0.75
  Downloaded foreign-types-shared v0.1.1
  Downloaded tower-layer v0.3.2
  Downloaded try-lock v0.2.5
  Downloaded http-body v1.0.0
  Downloaded foreign-types v0.3.2
  Downloaded want v0.3.1
  Downloaded openssl-macros v0.1.1
  Downloaded tinyvec_macros v0.1.1
  Downloaded sync_wrapper v0.1.2
  Downloaded tracing v0.1.40
  Downloaded equivalent v1.0.1
  Downloaded which v4.4.2
  Downloaded unicode-normalization v0.1.22
  Downloaded unicode-bidi v0.3.15
  Downloaded tracing-core v0.1.32
  Downloaded url v2.5.0
  Downloaded vcpkg v0.2.15
  Downloaded openssl-probe v0.1.5
  Downloaded tower-service v0.3.2
  Downloaded autocfg v1.1.0
  Downloaded fnv v1.0.7
  Downloaded atomic-waker v1.1.2
  Downloaded futures-io v0.3.30
  Downloaded futures-task v0.3.30
  Downloaded futures-sink v0.3.30
  Downloaded errno v0.3.8
  Downloaded cfg-if v1.0.0
  Downloaded hyper-tls v0.6.0
  Downloaded itoa v1.0.10
  Downloaded home v0.5.9
  Downloaded futures-macro v0.3.30
  Downloaded slab v0.4.9
  Downloaded serde_urlencoded v0.7.1
  Downloaded rustc-hash v1.1.0
  Downloaded form_urlencoded v1.2.1
  Downloaded mime v0.3.17
  Downloaded cexpr v0.6.0
  Downloaded pkg-config v0.3.29
  Downloaded futures-core v0.3.30
  Downloaded tokio-native-tls v0.3.1
  Downloaded either v1.10.0
  Downloaded http-body-util v0.1.1
  Downloaded glob v0.3.1
  Downloaded lazy_static v1.4.0
  Downloaded pin-utils v0.1.0
  Downloaded shlex v1.3.0
  Downloaded percent-encoding v2.3.1
  Downloaded futures-channel v0.3.30
  Downloaded tokio-macros v2.2.0
  Downloaded crc32fast v1.4.0
  Downloaded lazycell v1.3.0
  Downloaded ipnet v2.9.0
  Downloaded httparse v1.8.0
  Downloaded libloading v0.8.1
  Downloaded once_cell v1.19.0
  Downloaded rustls-pemfile v2.1.2
  Downloaded log v0.4.20
  Downloaded pin-project-internal v1.1.5
  Downloaded smallvec v1.13.2
  Downloaded quote v1.0.35
  Downloaded bitflags v2.4.2
  Downloaded ryu v1.0.16
  Downloaded native-tls v0.2.11
  Downloaded pin-project v1.1.5
  Downloaded serde_derive v1.0.196
  Downloaded proc-macro2 v1.0.78
  Downloaded miniz_oxide v0.7.2
  Downloaded pin-project-lite v0.2.13
  Downloaded rustls-pki-types v1.7.0
  Downloaded clang-sys v1.7.0
  Downloaded unicode-ident v1.0.12
  Downloaded bytes v1.5.0
  Downloaded socket2 v0.5.5
  Downloaded hyper-util v0.1.3
  Downloaded tinyvec v1.6.0
  Downloaded prettyplease v0.2.16
  Downloaded base64 v0.22.1
  Downloaded openssl-sys v0.9.103
  Downloaded cc v1.0.83
  Downloaded flate2 v1.0.28
  Downloaded indexmap v2.2.3
  Downloaded async-compression v0.4.6
  Downloaded serde v1.0.196
  Downloaded http v1.1.0
  Downloaded aho-corasick v1.1.2
  Downloaded memchr v2.7.1
  Downloaded tower v0.4.13
  Downloaded minimal-lexical v0.2.1
  Downloaded mio v0.8.10
  Downloaded tokio-util v0.7.10
  Downloaded nom v7.1.3
  Downloaded hashbrown v0.14.3
  Downloaded serde_json v1.0.113
  Downloaded itertools v0.12.1
  Downloaded hyper v1.3.1
  Downloaded futures-util v0.3.30
  Downloaded reqwest v0.12.4
  Downloaded h2 v0.4.5
  Downloaded bindgen v0.69.4
  Downloaded regex v1.10.3
  Downloaded syn v2.0.48
  Downloaded openssl v0.10.66
  Downloaded idna v0.5.0
  Downloaded regex-syntax v0.8.2
  Downloaded rustix v0.38.31
  Downloaded regex-automata v0.4.5
  Downloaded libc v0.2.153
  Downloaded tokio v1.36.0
  Downloaded encoding_rs v0.8.33
  Downloaded linux-raw-sys v0.4.13
   Compiling proc-macro2 v1.0.78
   Compiling unicode-ident v1.0.12
   Compiling libc v0.2.153
   Compiling quote v1.0.35
   Compiling syn v2.0.48
   Compiling pin-project-lite v0.2.13
   Compiling bytes v1.5.0
   Compiling once_cell v1.19.0
   Compiling futures-core v0.3.30
   Compiling cc v1.0.83
   Compiling socket2 v0.5.5
   Compiling mio v0.8.10
   Compiling tokio-macros v2.2.0
   Compiling log v0.4.20
   Compiling itoa v1.0.10
   Compiling autocfg v1.1.0
   Compiling vcpkg v0.2.15
   Compiling pkg-config v0.3.29
   Compiling slab v0.4.9
   Compiling openssl-sys v0.9.103
   Compiling tokio v1.36.0
   Compiling cfg-if v1.0.0
   Compiling tracing-core v0.1.32
   Compiling fnv v1.0.7
   Compiling http v1.1.0
   Compiling tracing v0.1.40
   Compiling glob v0.3.1
   Compiling clang-sys v1.7.0
   Compiling futures-macro v0.3.30
   Compiling httparse v1.8.0
   Compiling foreign-types-shared v0.1.1
   Compiling hashbrown v0.14.3
   Compiling openssl v0.10.66
   Compiling prettyplease v0.2.16
   Compiling futures-task v0.3.30
   Compiling futures-sink v0.3.30
   Compiling equivalent v1.0.1
   Compiling pin-utils v0.1.0
   Compiling rustix v0.38.31
   Compiling futures-util v0.3.30
   Compiling indexmap v2.2.3
   Compiling tokio-util v0.7.10
   Compiling foreign-types v0.3.2
   Compiling http-body v1.0.0
   Compiling openssl-macros v0.1.1
   Compiling pin-project-internal v1.1.5
   Compiling regex-syntax v0.8.2
   Compiling bitflags v2.4.2
   Compiling try-lock v0.2.5
   Compiling tinyvec_macros v0.1.1
   Compiling memchr v2.7.1
   Compiling linux-raw-sys v0.4.13
   Compiling crc32fast v1.4.0
   Compiling either v1.10.0
   Compiling native-tls v0.2.11
   Compiling serde v1.0.196
   Compiling atomic-waker v1.1.2
   Compiling minimal-lexical v0.2.1
   Compiling h2 v0.4.5
   Compiling nom v7.1.3
   Compiling libloading v0.8.1
   Compiling regex-automata v0.4.5
   Compiling tinyvec v1.6.0
   Compiling want v0.3.1
   Compiling pin-project v1.1.5
   Compiling serde_derive v1.0.196
   Compiling futures-channel v0.3.30
   Compiling adler v1.0.2
   Compiling home v0.5.9
   Compiling percent-encoding v2.3.1
   Compiling openssl-probe v0.1.5
   Compiling tower-service v0.3.2
   Compiling tower-layer v0.3.2
   Compiling bindgen v0.69.4
   Compiling smallvec v1.13.2
   Compiling hyper v1.3.1
   Compiling tower v0.4.13
   Compiling form_urlencoded v1.2.1
   Compiling which v4.4.2
   Compiling miniz_oxide v0.7.2
   Compiling unicode-normalization v0.1.22
   Compiling regex v1.10.3
   Compiling cexpr v0.6.0
   Compiling itertools v0.12.1
   Compiling rustc-hash v1.1.0
   Compiling unicode-bidi v0.3.15
   Compiling ryu v1.0.16
   Compiling shlex v1.3.0
   Compiling lazy_static v1.4.0
   Compiling lazycell v1.3.0
   Compiling idna v0.5.0
   Compiling flate2 v1.0.28
   Compiling tokio-native-tls v0.3.1
   Compiling hyper-util v0.1.3
   Compiling http-body-util v0.1.1
   Compiling rustls-pki-types v1.7.0
   Compiling serde_json v1.0.113
   Compiling anyhow v1.0.75
   Compiling base64 v0.22.1
   Compiling rustls-pemfile v2.1.2
   Compiling async-compression v0.4.6
   Compiling hyper-tls v0.6.0
   Compiling securedrop-proxy v0.1.0 (/srv/securedrop-client/proxy)
   Compiling url v2.5.0
   Compiling serde_urlencoded v0.7.1
   Compiling encoding_rs v0.8.33
   Compiling ipnet v2.9.0
   Compiling mime v0.3.17
   Compiling sync_wrapper v0.1.2
   Compiling reqwest v0.12.4
    Finished `release` profile [optimized + debuginfo] target(s) in 1m 45s
dh_auto_install
dh_apparmor --profile-name=usr.bin.securedrop-client -psecuredrop-client
dh_apparmor --profile-name=usr.bin.securedrop-proxy -psecuredrop-proxy
make[1]: Leaving directory '/srv/securedrop-client'
   dh_install
   dh_installdocs
   dh_installchangelogs
   debian/rules override_dh_installsystemd
make[1]: Entering directory '/srv/securedrop-client'
dh_installsystemd --name securedrop-log-server
dh_installsystemd --name securedrop-logging-disabled
dh_installsystemd --name securedrop-whonix-config
dh_installsystemd --name securedrop-mime-handling
make[1]: Leaving directory '/srv/securedrop-client'
   dh_lintian
   dh_perl
   dh_link
   debian/rules override_dh_strip_nondeterminism
make[1]: Entering directory '/srv/securedrop-client'
find ./debian/ -type f -name '*.pyc' -delete
find ./debian/ -type d -name '__pycache__' -delete
find ./debian/ -type f -name 'pip-selfcheck.json' -delete
find ./debian/ -type f -name 'direct_url.json' -delete
find ./debian/ -type f -name 'RECORD' -delete
dh_strip_nondeterminism override_dh_strip_nondeterminism
	Normalized debian/securedrop-client/opt/venvs/securedrop-client/lib/python3.11/site-packages/securedrop_client/locale/pt_PT/LC_MESSAGES/messages.mo
	Normalized debian/securedrop-client/opt/venvs/securedrop-client/lib/python3.11/site-packages/securedrop_client/locale/zh_Hans/LC_MESSAGES/messages.mo
make[1]: Leaving directory '/srv/securedrop-client'
   dh_compress
   dh_fixperms
   dh_missing
   dh_strip
   dh_makeshlibs
   dh_shlibdeps
   debian/rules override_dh_installdeb
make[1]: Entering directory '/srv/securedrop-client'
dh_installdeb
cat /dev/null > /srv/securedrop-client/debian/securedrop-export/DEBIAN/conffiles
cat /dev/null > /srv/securedrop-client/debian/securedrop-keyring/DEBIAN/conffiles
make[1]: Leaving directory '/srv/securedrop-client'
   dh_gencontrol
dpkg-gencontrol: warning: Depends field of package securedrop-client: substitution variable ${python3:Depends} used, but is not defined
dpkg-gencontrol: warning: package securedrop-client: substitution variable ${shlibs:Depends} unused, but is defined
dpkg-gencontrol: warning: Depends field of package securedrop-export: substitution variable ${python3:Depends} used, but is not defined
dpkg-gencontrol: warning: Depends field of package securedrop-workstation-config: substitution variable ${python3:Depends} used, but is not defined
dpkg-gencontrol: warning: Depends field of package securedrop-log: substitution variable ${python3:Depends} used, but is not defined
   dh_md5sums
   dh_builddeb
dpkg-deb: building package 'securedrop-client' in '../securedrop-client_0.13.0+bookworm_all.deb'.
dpkg-deb: building package 'securedrop-proxy-dbgsym' in '../securedrop-proxy-dbgsym_0.13.0+bookworm_amd64.deb'.
dpkg-deb: building package 'securedrop-qubesdb-tools' in '../securedrop-qubesdb-tools_0.13.0+bookworm_all.deb'.
dpkg-deb: building package 'securedrop-whonix-config' in '../securedrop-whonix-config_0.13.0+bookworm_all.deb'.
dpkg-deb: building package 'securedrop-workstation-config' in '../securedrop-workstation-config_0.13.0+bookworm_all.deb'.
dpkg-deb: building package 'securedrop-workstation-viewer' in '../securedrop-workstation-viewer_0.13.0+bookworm_all.deb'.
dpkg-deb: building package 'securedrop-export' in '../securedrop-export_0.13.0+bookworm_all.deb'.
dpkg-deb: building package 'securedrop-keyring' in '../securedrop-keyring_0.13.0+bookworm_all.deb'.
dpkg-deb: building package 'securedrop-log' in '../securedrop-log_0.13.0+bookworm_all.deb'.
dpkg-deb: building package 'securedrop-proxy' in '../securedrop-proxy_0.13.0+bookworm_amd64.deb'.
 dpkg-genbuildinfo -O../securedrop-client_0.13.0+bookworm_amd64.buildinfo
 dpkg-genchanges -O../securedrop-client_0.13.0+bookworm_amd64.changes
dpkg-genchanges: info: including full source code in upload
 dpkg-source --after-build .
dpkg-source: info: using options from securedrop-client/debian/source/options: --compression=gzip --tar-ignore=build --tar-ignore=.* --tar-ignore=__pycache__ --tar-ignore=htmlcov --tar-ignore=target
dpkg-buildpackage: info: full upload; Debian-native package (full source is included)
+ ls ../
securedrop-client				   securedrop-log_0.13.0+bookworm_all.deb
securedrop-client_0.13.0+bookworm.dsc		   securedrop-proxy-dbgsym_0.13.0+bookworm_amd64.deb
securedrop-client_0.13.0+bookworm.tar.gz	   securedrop-proxy_0.13.0+bookworm_amd64.deb
securedrop-client_0.13.0+bookworm_all.deb	   securedrop-qubesdb-tools_0.13.0+bookworm_all.deb
securedrop-client_0.13.0+bookworm_amd64.buildinfo  securedrop-whonix-config_0.13.0+bookworm_all.deb
securedrop-client_0.13.0+bookworm_amd64.changes    securedrop-workstation-config_0.13.0+bookworm_all.deb
securedrop-export_0.13.0+bookworm_all.deb	   securedrop-workstation-viewer_0.13.0+bookworm_all.deb
securedrop-keyring_0.13.0+bookworm_all.deb
+ mv -v ../securedrop-client_0.13.0+bookworm_amd64.buildinfo ../securedrop-client_0.13.0+bookworm_amd64.changes ../securedrop-client_0.13.0+bookworm_all.deb ../securedrop-export_0.13.0+bookworm_all.deb ../securedrop-keyring_0.13.0+bookworm_all.deb ../securedrop-log_0.13.0+bookworm_all.deb ../securedrop-proxy-dbgsym_0.13.0+bookworm_amd64.deb ../securedrop-proxy_0.13.0+bookworm_amd64.deb ../securedrop-qubesdb-tools_0.13.0+bookworm_all.deb ../securedrop-whonix-config_0.13.0+bookworm_all.deb ../securedrop-workstation-config_0.13.0+bookworm_all.deb ../securedrop-workstation-viewer_0.13.0+bookworm_all.deb ../securedrop-client_0.13.0+bookworm.dsc ../securedrop-client_0.13.0+bookworm.tar.gz /build/
copied '../securedrop-client_0.13.0+bookworm_amd64.buildinfo' -> '/build/securedrop-client_0.13.0+bookworm_amd64.buildinfo'
removed '../securedrop-client_0.13.0+bookworm_amd64.buildinfo'
copied '../securedrop-client_0.13.0+bookworm_amd64.changes' -> '/build/securedrop-client_0.13.0+bookworm_amd64.changes'
removed '../securedrop-client_0.13.0+bookworm_amd64.changes'
copied '../securedrop-client_0.13.0+bookworm_all.deb' -> '/build/securedrop-client_0.13.0+bookworm_all.deb'
removed '../securedrop-client_0.13.0+bookworm_all.deb'
copied '../securedrop-export_0.13.0+bookworm_all.deb' -> '/build/securedrop-export_0.13.0+bookworm_all.deb'
removed '../securedrop-export_0.13.0+bookworm_all.deb'
copied '../securedrop-keyring_0.13.0+bookworm_all.deb' -> '/build/securedrop-keyring_0.13.0+bookworm_all.deb'
removed '../securedrop-keyring_0.13.0+bookworm_all.deb'
copied '../securedrop-log_0.13.0+bookworm_all.deb' -> '/build/securedrop-log_0.13.0+bookworm_all.deb'
removed '../securedrop-log_0.13.0+bookworm_all.deb'
copied '../securedrop-proxy-dbgsym_0.13.0+bookworm_amd64.deb' -> '/build/securedrop-proxy-dbgsym_0.13.0+bookworm_amd64.deb'
removed '../securedrop-proxy-dbgsym_0.13.0+bookworm_amd64.deb'
copied '../securedrop-proxy_0.13.0+bookworm_amd64.deb' -> '/build/securedrop-proxy_0.13.0+bookworm_amd64.deb'
removed '../securedrop-proxy_0.13.0+bookworm_amd64.deb'
copied '../securedrop-qubesdb-tools_0.13.0+bookworm_all.deb' -> '/build/securedrop-qubesdb-tools_0.13.0+bookworm_all.deb'
removed '../securedrop-qubesdb-tools_0.13.0+bookworm_all.deb'
copied '../securedrop-whonix-config_0.13.0+bookworm_all.deb' -> '/build/securedrop-whonix-config_0.13.0+bookworm_all.deb'
removed '../securedrop-whonix-config_0.13.0+bookworm_all.deb'
copied '../securedrop-workstation-config_0.13.0+bookworm_all.deb' -> '/build/securedrop-workstation-config_0.13.0+bookworm_all.deb'
removed '../securedrop-workstation-config_0.13.0+bookworm_all.deb'
copied '../securedrop-workstation-viewer_0.13.0+bookworm_all.deb' -> '/build/securedrop-workstation-viewer_0.13.0+bookworm_all.deb'
removed '../securedrop-workstation-viewer_0.13.0+bookworm_all.deb'
copied '../securedrop-client_0.13.0+bookworm.dsc' -> '/build/securedrop-client_0.13.0+bookworm.dsc'
removed '../securedrop-client_0.13.0+bookworm.dsc'
copied '../securedrop-client_0.13.0+bookworm.tar.gz' -> '/build/securedrop-client_0.13.0+bookworm.tar.gz'
removed '../securedrop-client_0.13.0+bookworm.tar.gz'
+ cd /build/
+ sha256sum ./securedrop-client_0.13.0+bookworm.dsc ./securedrop-client_0.13.0+bookworm.tar.gz ./securedrop-client_0.13.0+bookworm_all.deb ./securedrop-client_0.13.0+bookworm_amd64.buildinfo ./securedrop-client_0.13.0+bookworm_amd64.changes ./securedrop-export_0.13.0+bookworm_all.deb ./securedrop-keyring_0.13.0+bookworm_all.deb ./securedrop-log_0.13.0+bookworm_all.deb ./securedrop-proxy-dbgsym_0.13.0+bookworm_amd64.deb ./securedrop-proxy_0.13.0+bookworm_amd64.deb ./securedrop-qubesdb-tools_0.13.0+bookworm_all.deb ./securedrop-whonix-config_0.13.0+bookworm_all.deb ./securedrop-workstation-config_0.13.0+bookworm_all.deb ./securedrop-workstation-viewer_0.13.0+bookworm_all.deb
b47af9eacc859b39b9f2971829725e9513c6a8230e7a21a58b8d214cfc85b90f  ./securedrop-client_0.13.0+bookworm.dsc
1d550429a2b4b1bb09c31b510d254924f6828662d9f20b44847f088ca1b90106  ./securedrop-client_0.13.0+bookworm.tar.gz
2d7c2f47d22a8c146b453ea5f72c749e73f9c62d0af284b47882aa353d3a4b6c  ./securedrop-client_0.13.0+bookworm_all.deb
3879da1b41f66ba1671bce2c146bc1cd2e88415ce3b755d583ea3950665dc067  ./securedrop-client_0.13.0+bookworm_amd64.buildinfo
7fbbf64c7596fa3f1105507548b7c539a665f7b9fd77f38ca83a5a7ab6b05ae5  ./securedrop-client_0.13.0+bookworm_amd64.changes
00e6a5536c49e878f96166b05ae9524550a7407812296e265eee1e3bb6620f80  ./securedrop-export_0.13.0+bookworm_all.deb
7d39d1c910801a80cbe9b8fec75a05a00cb0385912ccb4394b067b671c4f4266  ./securedrop-keyring_0.13.0+bookworm_all.deb
f49dc0eacfabfbb19d6c6b25f932166af58b38e779f71313b137e8a504b2d723  ./securedrop-log_0.13.0+bookworm_all.deb
2d9a2e9441f7abd3e2e091fd48fdc3bc7fc4344c7e835a75b1f2a19d5945441e  ./securedrop-proxy-dbgsym_0.13.0+bookworm_amd64.deb
6a9b6bd73dcc937a8989f6771d2dfd9692bd503fcf804930d6befa788e0fbd4a  ./securedrop-proxy_0.13.0+bookworm_amd64.deb
868c7582a2df29d258229303b0f49752c8d7d885436510dca89f456fd734a0d4  ./securedrop-qubesdb-tools_0.13.0+bookworm_all.deb
4263753018573b22b13f4e3cdfcc1e242ebb48d8814a3eadfe9165f4000834d1  ./securedrop-whonix-config_0.13.0+bookworm_all.deb
983f5ef47c845aaffe60a14325335010e4c1a7a21cd456edff635a03956595af  ./securedrop-workstation-config_0.13.0+bookworm_all.deb
311bacd38f2d9893ee8035f551ffdb3588c7916f8508bab67c3563f292400f86  ./securedrop-workstation-viewer_0.13.0+bookworm_all.deb
+ ls /tmp/tmp.1xm2CCIF6h
securedrop-client_0.13.0+bookworm_all.deb	   securedrop-log_0.13.0+bookworm_all.deb
securedrop-client_0.13.0+bookworm_amd64.buildinfo  securedrop-proxy_0.13.0+bookworm_amd64.deb
securedrop-client_0.13.0+bookworm_amd64.changes    securedrop-proxy-dbgsym_0.13.0+bookworm_amd64.deb
securedrop-client_0.13.0+bookworm.dsc		   securedrop-qubesdb-tools_0.13.0+bookworm_all.deb
securedrop-client_0.13.0+bookworm.tar.gz	   securedrop-whonix-config_0.13.0+bookworm_all.deb
securedrop-export_0.13.0+bookworm_all.deb	   securedrop-workstation-config_0.13.0+bookworm_all.deb
securedrop-keyring_0.13.0+bookworm_all.deb	   securedrop-workstation-viewer_0.13.0+bookworm_all.deb
+ mkdir -p build
+ cp /tmp/tmp.1xm2CCIF6h/securedrop-client_0.13.0+bookworm_all.deb /tmp/tmp.1xm2CCIF6h/securedrop-client_0.13.0+bookworm_amd64.buildinfo /tmp/tmp.1xm2CCIF6h/securedrop-client_0.13.0+bookworm_amd64.changes /tmp/tmp.1xm2CCIF6h/securedrop-client_0.13.0+bookworm.dsc /tmp/tmp.1xm2CCIF6h/securedrop-client_0.13.0+bookworm.tar.gz /tmp/tmp.1xm2CCIF6h/securedrop-export_0.13.0+bookworm_all.deb /tmp/tmp.1xm2CCIF6h/securedrop-keyring_0.13.0+bookworm_all.deb /tmp/tmp.1xm2CCIF6h/securedrop-log_0.13.0+bookworm_all.deb /tmp/tmp.1xm2CCIF6h/securedrop-proxy_0.13.0+bookworm_amd64.deb /tmp/tmp.1xm2CCIF6h/securedrop-proxy-dbgsym_0.13.0+bookworm_amd64.deb /tmp/tmp.1xm2CCIF6h/securedrop-qubesdb-tools_0.13.0+bookworm_all.deb /tmp/tmp.1xm2CCIF6h/securedrop-whonix-config_0.13.0+bookworm_all.deb /tmp/tmp.1xm2CCIF6h/securedrop-workstation-config_0.13.0+bookworm_all.deb /tmp/tmp.1xm2CCIF6h/securedrop-workstation-viewer_0.13.0+bookworm_all.deb build/
+ FAST=
+ [[ -z '' ]]
+ CONTAINER2=fpf.local/sd-client-lintian
+ docker build scripts/lintian -t fpf.local/sd-client-lintian
[+] Building 1.3s (6/6) FINISHED                                                                                       docker:default
 => [internal] load build definition from Dockerfile                                                                             0.0s
 => => transferring dockerfile: 136B                                                                                             0.0s
 => [internal] load metadata for docker.io/library/debian:bookworm                                                               0.7s
 => [internal] load .dockerignore                                                                                                0.0s
 => => transferring context: 2B                                                                                                  0.0s
 => [1/2] FROM docker.io/library/debian:bookworm@sha256:aadf411dc9ed5199bc7dab48b3e6ce18f8bbee4f170127f5ff1b75cd8035eb36         0.0s
 => CACHED [2/2] RUN apt-get update && apt-get --yes upgrade && apt-get install --yes lintian                                    0.0s
 => exporting to image                                                                                                           0.0s
 => => exporting layers                                                                                                          0.0s
 => => writing image sha256:17c7a3024adbecb5eaf024f98124fb94f2509f390c0bdf15934c5caf19fe9b05                                     0.0s
 => => naming to fpf.local/sd-client-lintian                                                                                     0.0s
+ docker run --rm --user=root -v /home/user/projects/securedrop-client:/src:Z -it -v /tmp/tmp.1xm2CCIF6h:/build:Z fpf.local/sd-client-lintian bash -c 'lintian --version && lintian             --info --tag-display-limit 0             --fail-on warning --fail-on error             /build/*.changes             && echo OK'
Lintian v2.116.3
running with root privileges is not recommended!
OK
+ rm -rf /tmp/tmp.1xm2CCIF6h
+ echo 'Build completed successfully. Artifacts and their checksums are:'
Build completed successfully. Artifacts and their checksums are:
+ sha256sum build/securedrop-client_0.12.0~rc1+bookworm_all.deb build/securedrop-client_0.13.0+bookworm_all.deb build/securedrop-client_0.13.0~rc1+bookworm_all.deb build/securedrop-export_0.12.0~rc1+bookworm_all.deb build/securedrop-export_0.13.0+bookworm_all.deb build/securedrop-export_0.13.0~rc1+bookworm_all.deb build/securedrop-keyring_0.12.0~rc1+bookworm_all.deb build/securedrop-keyring_0.13.0+bookworm_all.deb build/securedrop-keyring_0.13.0~rc1+bookworm_all.deb build/securedrop-log_0.12.0~rc1+bookworm_all.deb build/securedrop-log_0.13.0+bookworm_all.deb build/securedrop-log_0.13.0~rc1+bookworm_all.deb build/securedrop-proxy_0.12.0~rc1+bookworm_amd64.deb build/securedrop-proxy_0.13.0+bookworm_amd64.deb build/securedrop-proxy_0.13.0~rc1+bookworm_amd64.deb build/securedrop-proxy-dbgsym_0.12.0~rc1+bookworm_amd64.deb build/securedrop-proxy-dbgsym_0.13.0+bookworm_amd64.deb build/securedrop-proxy-dbgsym_0.13.0~rc1+bookworm_amd64.deb build/securedrop-qubesdb-tools_0.12.0~rc1+bookworm_all.deb build/securedrop-qubesdb-tools_0.13.0+bookworm_all.deb build/securedrop-qubesdb-tools_0.13.0~rc1+bookworm_all.deb build/securedrop-whonix-config_0.12.0~rc1+bookworm_all.deb build/securedrop-whonix-config_0.13.0+bookworm_all.deb build/securedrop-whonix-config_0.13.0~rc1+bookworm_all.deb build/securedrop-workstation-config_0.12.0~rc1+bookworm_all.deb build/securedrop-workstation-config_0.13.0+bookworm_all.deb build/securedrop-workstation-config_0.13.0~rc1+bookworm_all.deb build/securedrop-workstation-viewer_0.12.0~rc1+bookworm_all.deb build/securedrop-workstation-viewer_0.13.0+bookworm_all.deb build/securedrop-workstation-viewer_0.13.0~rc1+bookworm_all.deb
9e1f8e1bdcf6cf4a51f63ce4c482f1b9ca55ab3dc57dc58a102ddfbd98291d07  build/securedrop-client_0.12.0~rc1+bookworm_all.deb
2d7c2f47d22a8c146b453ea5f72c749e73f9c62d0af284b47882aa353d3a4b6c  build/securedrop-client_0.13.0+bookworm_all.deb
5207adec3c71e43b7db1e4f0d89ff1537c6c997423ed363ccb2f35767a6a70bc  build/securedrop-client_0.13.0~rc1+bookworm_all.deb
c18fcb9076a646463b1f25168bc3f49f29651d442bf19c34a85e8b051e9b0e19  build/securedrop-export_0.12.0~rc1+bookworm_all.deb
00e6a5536c49e878f96166b05ae9524550a7407812296e265eee1e3bb6620f80  build/securedrop-export_0.13.0+bookworm_all.deb
2b92fd747b53073bdfcd92fcd8eb939e503327cc7d8aa071e1f2db8afa3e496e  build/securedrop-export_0.13.0~rc1+bookworm_all.deb
9c4a05e36638439196d16ce2ad79301b3a9180eda49de4aad9c4e6d5c47e78f2  build/securedrop-keyring_0.12.0~rc1+bookworm_all.deb
7d39d1c910801a80cbe9b8fec75a05a00cb0385912ccb4394b067b671c4f4266  build/securedrop-keyring_0.13.0+bookworm_all.deb
4ed8ab3091512fd8ec01c77aa6a9522b03de7fe56c38f6535d8aa0fb0426aadb  build/securedrop-keyring_0.13.0~rc1+bookworm_all.deb
51509bf2e3ac6134894ed14a0803cbb44c2f1f6d2df0c9054df7bcadbc5509a0  build/securedrop-log_0.12.0~rc1+bookworm_all.deb
f49dc0eacfabfbb19d6c6b25f932166af58b38e779f71313b137e8a504b2d723  build/securedrop-log_0.13.0+bookworm_all.deb
9241168bcd8d511f6f02d65150a0fe653215cb19a813717ac3ef70ed564b2571  build/securedrop-log_0.13.0~rc1+bookworm_all.deb
444009357a763c3a7ad38ba768317ab3d7a4bbbd0b933b0e3e092763b3908d3b  build/securedrop-proxy_0.12.0~rc1+bookworm_amd64.deb
6a9b6bd73dcc937a8989f6771d2dfd9692bd503fcf804930d6befa788e0fbd4a  build/securedrop-proxy_0.13.0+bookworm_amd64.deb
463171647eccc5918ab16d177cceb3c9ae34a528114f3546fd7793314722f728  build/securedrop-proxy_0.13.0~rc1+bookworm_amd64.deb
bd7396d73fbb5982ebcf5c2d3f75ce2c36e198c66679efd00353f7c4ac299ed2  build/securedrop-proxy-dbgsym_0.12.0~rc1+bookworm_amd64.deb
2d9a2e9441f7abd3e2e091fd48fdc3bc7fc4344c7e835a75b1f2a19d5945441e  build/securedrop-proxy-dbgsym_0.13.0+bookworm_amd64.deb
3be94b293ddab04e29ee2e3db5185d31b7190913a52802a6848379ac35ba4e68  build/securedrop-proxy-dbgsym_0.13.0~rc1+bookworm_amd64.deb
e1d030f453a67c398ba9ed502fe530f3a2a9ff66b2ac6d71bc106f2de1fc0571  build/securedrop-qubesdb-tools_0.12.0~rc1+bookworm_all.deb
868c7582a2df29d258229303b0f49752c8d7d885436510dca89f456fd734a0d4  build/securedrop-qubesdb-tools_0.13.0+bookworm_all.deb
00ed5a4608c30deade0102234a2f0430138ca4e23cf649e4d6b3b7c32be5476e  build/securedrop-qubesdb-tools_0.13.0~rc1+bookworm_all.deb
46fb0ce232826834c11565b3341ced51a8fb4aaf894ab00fe2fa3d9b17a9337d  build/securedrop-whonix-config_0.12.0~rc1+bookworm_all.deb
4263753018573b22b13f4e3cdfcc1e242ebb48d8814a3eadfe9165f4000834d1  build/securedrop-whonix-config_0.13.0+bookworm_all.deb
c029f124f4fa29b462c2762e13e4d65dcb9ad76ead62b6d6bfba7918f5d51ccc  build/securedrop-whonix-config_0.13.0~rc1+bookworm_all.deb
c707151286f677c5b93fb84fcbda6b5e72ef3e6a14126ce07ef005c0280889ea  build/securedrop-workstation-config_0.12.0~rc1+bookworm_all.deb
983f5ef47c845aaffe60a14325335010e4c1a7a21cd456edff635a03956595af  build/securedrop-workstation-config_0.13.0+bookworm_all.deb
1cd431c8ce49f43c9ae48c2c1e0417e137ccfa19a8010f94ea12bd14b8007761  build/securedrop-workstation-config_0.13.0~rc1+bookworm_all.deb
c4b07f18d784174d6bcc3d22c9ae850e9606219c362ae01e05f21dba0680e0c3  build/securedrop-workstation-viewer_0.12.0~rc1+bookworm_all.deb
311bacd38f2d9893ee8035f551ffdb3588c7916f8508bab67c3563f292400f86  build/securedrop-workstation-viewer_0.13.0+bookworm_all.deb
33b178209bfb73ad2341ec8e84dd191ac5bb75c7c1cadf2d7088a1a93a613d4b  build/securedrop-workstation-viewer_0.13.0~rc1+bookworm_all.deb
Script done.

You can now examine or commit the log at:
build/securedrop-client-20240823.log
