c.rpm']
18:51:24 [qb.build_rpm.securedrop-workstation-keyring.host-fc37.build] Start: chroot ['/plugins/build_rpm/scripts/rpmbuildinfo', '/builddir/build/SRPMS/securedrop-workstation-keyring-0.3.0rc2-1.fc37.src.rpm']
18:51:25 [qb.build_rpm.securedrop-workstation-keyring.host-fc37.build] Finish: chroot ['/plugins/build_rpm/scripts/rpmbuildinfo', '/builddir/build/SRPMS/securedrop-workstation-keyring-0.3.0rc2-1.fc37.src.rpm']
18:51:25 [qb.build_rpm.securedrop-workstation-keyring.host-fc37.build] Finish: run
18:51:25 [qb.build_rpm.securedrop-workstation-keyring.host-fc37.build] + SOURCE_DIR=/builder/build
18:51:25 [qb.build_rpm.securedrop-workstation-keyring.host-fc37.build] + TARGET_DIR=/builder/build/rpm
18:51:25 [qb.build_rpm.securedrop-workstation-keyring.host-fc37.build] + DIST_TAG=fc37
18:51:25 [qb.build_rpm.securedrop-workstation-keyring.host-fc37.build] + ARCH=x86_64
18:51:25 [qb.build_rpm.securedrop-workstation-keyring.host-fc37.build] + '[' -d /builder/build ']'
18:51:25 [qb.build_rpm.securedrop-workstation-keyring.host-fc37.build] + mkdir -p /builder/build/rpm
18:51:25 [qb.build_rpm.securedrop-workstation-keyring.host-fc37.build] + echo -n
18:51:25 [qb.build_rpm.securedrop-workstation-keyring.host-fc37.build] + readarray -t RPMS
18:51:25 [qb.build_rpm.securedrop-workstation-keyring.host-fc37.build] ++ find /builder/build -name '*.fc37.x86_64.rpm' -o -name '*.fc37.noarch.rpm'
18:51:25 [qb.build_rpm.securedrop-workstation-keyring.host-fc37.build] find: '/builder/build/fedora-37-x86_64/root/var/cache/ldconfig': Permission denied
18:51:25 [qb.build_rpm.securedrop-workstation-keyring.host-fc37.build] find: '/builder/build/fedora-37-x86_64/root/root': Permission denied
18:51:25 [qb.build_rpm.securedrop-workstation-keyring.host-fc37.build] Found /builder/build/securedrop-workstation-keyring-0.3.0rc2-1.fc37.noarch.rpm
18:51:25 [qb.build_rpm.securedrop-workstation-keyring.host-fc37.build] + for rpm in "${RPMS[@]}"
18:51:25 [qb.build_rpm.securedrop-workstation-keyring.host-fc37.build] + echo 'Found /builder/build/securedrop-workstation-keyring-0.3.0rc2-1.fc37.noarch.rpm'
18:51:25 [qb.build_rpm.securedrop-workstation-keyring.host-fc37.build] + mv /builder/build/securedrop-workstation-keyring-0.3.0rc2-1.fc37.noarch.rpm /builder/build/rpm/
18:51:25 [qb.build_rpm.securedrop-workstation-keyring.host-fc37.build] + basename /builder/build/securedrop-workstation-keyring-0.3.0rc2-1.fc37.noarch.rpm
18:51:25 [qb.build_rpm.securedrop-workstation-keyring.host-fc37.build] Found /builder/build/fedora-37-x86_64/root/builddir/build/RPMS/securedrop-workstation-keyring-0.3.0rc2-1.fc37.noarch.rpm
18:51:25 [qb.build_rpm.securedrop-workstation-keyring.host-fc37.build] + for rpm in "${RPMS[@]}"
18:51:25 [qb.build_rpm.securedrop-workstation-keyring.host-fc37.build] + echo 'Found /builder/build/fedora-37-x86_64/root/builddir/build/RPMS/securedrop-workstation-keyring-0.3.0rc2-1.fc37.noarch.rpm'
18:51:25 [qb.build_rpm.securedrop-workstation-keyring.host-fc37.build] + mv /builder/build/fedora-37-x86_64/root/builddir/build/RPMS/securedrop-workstation-keyring-0.3.0rc2-1.fc37.noarch.rpm /builder/build/rpm/
18:51:25 [qb.build_rpm.securedrop-workstation-keyring.host-fc37.build] + basename /builder/build/fedora-37-x86_64/root/builddir/build/RPMS/securedrop-workstation-keyring-0.3.0rc2-1.fc37.noarch.rpm
18:51:25 [qb.build_rpm.securedrop-workstation-keyring.host-fc37.build] copy-out (cmd): docker cp ad2e8e5dd2e205dbc3abc669d227e045c9042e9ef86daaeab5c51d21ee7d59e6:/builder/build/rpm/securedrop-workstation-keyring-debugsource-0.3.0rc2-1.fc37.noarch.rpm /home/user/qubes-builderv2/artifacts/components/securedrop-workstation-keyring/0.3.0rc2-1/host-fc37/build/rpm
18:51:25 [qb.build_rpm.securedrop-workstation-keyring.host-fc37.build] File not found inside container: /builder/build/rpm/securedrop-workstation-keyring-debugsource-0.3.0rc2-1.fc37.noarch.rpm.
18:51:25 [qb.build_rpm.securedrop-workstation-keyring.host-fc37.build] copy-out (cmd): docker cp ad2e8e5dd2e205dbc3abc669d227e045c9042e9ef86daaeab5c51d21ee7d59e6:/builder/build/securedrop-workstation-keyring-0.3.0rc2-1.fc37.x86_64.buildinfo /home/user/qubes-builderv2/artifacts/components/securedrop-workstation-keyring/0.3.0rc2-1/host-fc37/build/rpm
18:51:25 [qb.build_rpm.securedrop-workstation-keyring.host-fc37.build] copy-out (cmd): docker cp ad2e8e5dd2e205dbc3abc669d227e045c9042e9ef86daaeab5c51d21ee7d59e6:/builder/build/rpm/securedrop-workstation-keyring-0.3.0rc2-1.fc37.noarch.rpm /home/user/qubes-builderv2/artifacts/components/securedrop-workstation-keyring/0.3.0rc2-1/host-fc37/build/rpm
18:51:25 [qb.build_rpm.securedrop-workstation-keyring.host-fc37.build] copy-out (cmd): docker cp ad2e8e5dd2e205dbc3abc669d227e045c9042e9ef86daaeab5c51d21ee7d59e6:/builder/build/rpm/securedrop-workstation-keyring-debuginfo-0.3.0rc2-1.fc37.noarch.rpm /home/user/qubes-builderv2/artifacts/components/securedrop-workstation-keyring/0.3.0rc2-1/host-fc37/build/rpm
18:51:25 [qb.build_rpm.securedrop-workstation-keyring.host-fc37.build] File not found inside container: /builder/build/rpm/securedrop-workstation-keyring-debuginfo-0.3.0rc2-1.fc37.noarch.rpm.
18:51:26 [qb.build_rpm.securedrop-workstation-keyring.host-fc37] securedrop-workstation-keyring:host-fedora-37.x86_64:rpm_spec/securedrop-workstation-keyring.spec: Provisioning local repository '/home/user/qubes-builderv2/artifacts/repository/host-fc37'.
Copy RPM and buildinfo to local build directory
Build complete, RPM and checksum:
25212cdaa662fb0c3ce5f1136a028351924d73f4c2bfb1ea766b54f9ba031686  build/securedrop-workstation-keyring-0.3.0rc2-1.fc37.noarch.rpm
Note: build directory is regenerated on every build!
Save this .rpm locally if you want to preserve it and intend to run the build again.
To test reproducibility, run `make reprotest`.
user@sd-dev:~/securedrop-workstation-keyring$ 
