user@dev ~/g/f/securedrop-workstation (release/1.2.1)> git log -n1
commit c749b7a8f79c3de13084ab6b308996ce485bf720 (HEAD -> release/1.2.1, tag: 1.2.1, origin/release/1.2.1)
Merge: c543ad6 6ab204b
Author: Kunal Mehta <legoktm@debian.org>
Date:   Mon Jul 14 12:31:57 2025 -0700

    Merge pull request #1370 from freedomofpress/1.2.1-hotfix-issue-1369
    
    Add workaround for SELinux fedora breakage
user@dev ~/g/f/securedrop-workstation (release/1.2.1)> git tag -v 1.2.1
object c749b7a8f79c3de13084ab6b308996ce485bf720
type commit
tag 1.2.1
tagger Kunal Mehta <legoktm@debian.org> 1752521646 -0400

SecureDrop Workstation 1.2.1
gpg: Signature made Mon Jul 14 15:35:38 2025 EDT
gpg:                using RSA key 2359E6538C0613E652955E6C188EDD3B7B22E6A3
gpg: Good signature from "SecureDrop Release Signing Key <securedrop-release-key-2021@freedom.press>" [unknown]
gpg: WARNING: This key is not certified with a trusted signature!
gpg:          There is no indication that the signature belongs to the owner.
Primary key fingerprint: 2359 E653 8C06 13E6 5295  5E6C 188E DD3B 7B22 E6A3
Script started on 2025-07-14 15:37:36-04:00 [COMMAND="./scripts/container.sh ./scripts/build-rpm.sh" TERM="xterm-256color" TTY="/dev/pts/1" COLUMNS="80" LINES="24"]
STEP 1/14: FROM registry.fedoraproject.org/fedora:37
STEP 2/14: LABEL org="Freedom of the Press"
--> Using cache 36ce4be7b108fee98399955ab56f5c1630939246775351cf9ee32ac14ded9bbf
--> 36ce4be7b108
STEP 3/14: LABEL image_name="securedrop-workstation-qubes-4.2"
--> Using cache 2c2e40327b8f9255ef9986cbd1bf3d603bb8b13e3db660ddf85cec104a495e6f
--> 2c2e40327b8f
STEP 4/14: ARG USER_NAME
--> Using cache ffe294d416ed690babf4457531fd73b4a482906356e381fba26c0d59742768bf
--> ffe294d416ed
STEP 5/14: ENV USER_NAME ${USER_NAME:-root}
--> Using cache 23da2aeb04bd7660ff41b9fda0cb08664d6fcd58e708d7748318ee84abbcd640
--> 23da2aeb04bd
STEP 6/14: ARG USER_ID
--> Using cache 5124db001747f5c2e96344e129ce177417df3e2bb8003addcc0f37503287314b
--> 5124db001747
STEP 7/14: ENV USER_ID ${USER_ID:-0}
--> Using cache fc0b597c152d475adbddeca6278d136c1718b24ea3b56c5311dad56e7600488e
--> fc0b597c152d
STEP 8/14: RUN dnf install -y make
--> Using cache 02b8fb68e88ea5a9c8dd8aa8b0c36fe2dc6b1be4a4262885e111557d804ce11b
--> 02b8fb68e88e
STEP 9/14: COPY Makefile Makefile
--> Using cache d3c5c647aa25d2fed18110a5008f99392efc6dc10e040cec494c033e5f4ff82c
--> d3c5c647aa25
STEP 10/14: COPY rpm-build/SPECS rpm-build/SPECS
--> Using cache 6c32bcf24f1d8574e794493022eb4b15542bd8029f589ee86d29018fc882d9b4
--> 6c32bcf24f1d
STEP 11/14: ARG DEPS=build-deps
--> Using cache a7c90472693ba99199cd95910b1b48c0adfad89258bba4c5cb6ca84f55d32bf4
--> a7c90472693b
STEP 12/14: RUN make ${DEPS}
--> Using cache 30cb7075bed8bbe1bbc9430a1cd9ed187767dfeca10e97f2e23a20577c9c91d3
--> 30cb7075bed8
STEP 13/14: RUN rm -rf rpm-build
--> Using cache 345ac60e39564c1360aa3dfea56268bbeea958f5a57fdbdfbbb177ea9b2d4238
--> 345ac60e3956
STEP 14/14: RUN if test $USER_NAME != root ; then useradd --no-create-home --home-dir /tmp --uid $USER_ID $USER_NAME && echo "$USER_NAME ALL=(ALL) NOPASSWD:ALL" >> /etc/sudoers ; fi
--> Using cache a8c745daf19390cb607a92bb7f10038cacf1df44bb77dd9543cc8faae80b5eeb
COMMIT securedrop-workstation-dom0-config
--> a8c745daf193
Successfully tagged localhost/securedrop-workstation-dom0-config:latest
a8c745daf19390cb607a92bb7f10038cacf1df44bb77dd9543cc8faae80b5eeb
Removing dist/
configuration error: `project` must contain ['name'] properties
DESCRIPTION:
    Data structure for the **project** table inside ``pyproject.toml`` (as
    initially defined in :pep:`621`)

GIVEN VALUE:
    {
        "requires-python": ">=3.11"
    }

OFFENDING RULE: 'required'

DEFINITION:
    {
        "$schema": "http://json-schema.org/draft-07/schema",
        "$id": "https://packaging.python.org/en/latest/specifications/declaring-project-metadata/",
        "title": "Package metadata stored in the ``project`` table",
        "type": "object",
        "properties": {
            "name": {
                "type": "string",
                "description": "The name (primary identifier) of the project. MUST be statically defined.",
                "format": "pep508-identifier"
            },
            "version": {
                "type": "string",
                "description": "The version of the project as supported by :pep:`440`.",
                "format": "pep440"
            },
            "description": {
                "type": "string",
                "$$description": [
                    "The `summary description of the project",
                    "<https://packaging.python.org/specifications/core-metadata/#summary>`_"
                ]
            },
            "readme": {
                "$$description": [
                    "`Full/detailed description of the project in the form of a README",
                    "<https://www.python.org/dev/peps/pep-0621/#readme>`_",
                    "with meaning similar to the one defined in `core metadata's Description",
                    "<https://packaging.python.org/specifications/core-metadata/#description>`_"
                ],
                "oneOf": [
                    {
                        "type": "string",
                        "$$description": [
                            "Relative path to a text file (UTF-8) containing the full description",
                            "of the project. If the file path ends in case-insensitive ``.md`` or",
                            "``.rst`` suffixes, then the content-type is respectively",
                            "``text/markdown`` or ``text/x-rst``"
                        ]
                    },
                    {
                        "type": "object",
                        "allOf": [
                            {
                                "anyOf": [
                                    {
                                        "properties": {
                                            "file": {
                                                "type": "string",
                                                "$$description": [
                                                    "Relative path to a text file containing the full description",
                                                    "of the project."
                                                ]
                                            }
                                        },
                                        "required": [
                                            "file"
                                        ]
                                    },
                                    {
                                        "properties": {
                                            "text": {
                                                "type": "string",
                                                "description": "Full text describing the project."
                                            }
                                        },
                                        "required": [
                                            "text"
                                        ]
                                    }
                                ]
                            },
                            {
                                "properties": {
                                    "content-type": {
                                        "type": "string",
                                        "$$description": [
                                            "Content-type (:rfc:`1341`) of the full description",
                                            "(e.g. ``text/markdown``). The ``charset`` parameter is assumed",
                                            "UTF-8 when not present."
                                        ],
                                        "$comment": "TODO: add regex pattern or format?"
                                    }
                                },
                                "required": [
                                    "content-type"
                                ]
                            }
                        ]
                    }
                ]
            },
            "requires-python": {
                "type": "string",
                "format": "pep508-versionspec",
                "$$description": [
                    "`The Python version requirements of the project",
                    "<https://packaging.python.org/specifications/core-metadata/#requires-python>`_."
                ]
            },
            "license": {
                "description": "`Project license <https://www.python.org/dev/peps/pep-0621/#license>`_.",
                "oneOf": [
                    {
                        "properties": {
                            "file": {
                                "type": "string",
                                "$$description": [
                                    "Relative path to the file (UTF-8) which contains the license for the",
                                    "project."
                                ]
                            }
                        },
                        "required": [
                            "file"
                        ]
                    },
                    {
                        "properties": {
                            "text": {
                                "type": "string",
                                "$$description": [
                                    "The license of the project whose meaning is that of the",
                                    "`License field from the core metadata",
                                    "<https://packaging.python.org/specifications/core-metadata/#license>`_."
                                ]
                            }
                        },
                        "required": [
                            "text"
                        ]
                    }
                ]
            },
            "authors": {
                "type": "array",
                "items": {
                    "$id": "#/definitions/author",
                    "title": "Author or Maintainer",
                    "$comment": "https://www.python.org/dev/peps/pep-0621/#authors-maintainers",
                    "type": "object",
                    "properties": {
                        "name": {
                            "type": "string",
                            "$$description": [
                                "MUST be a valid email name, i.e. whatever can be put as a name, before an",
                                "email, in :rfc:`822`."
                            ]
                        },
                        "email": {
                            "type": "string",
                            "format": "idn-email",
                            "description": "MUST be a valid email address"
                        }
                    }
                },
                "$$description": [
                    "The people or organizations considered to be the 'authors' of the project.",
                    "The exact meaning is open to interpretation (e.g. original or primary authors,",
                    "current maintainers, or owners of the package)."
                ]
            },
            "maintainers": {
                "type": "array",
                "items": {
                    "$id": "#/definitions/author",
                    "title": "Author or Maintainer",
                    "$comment": "https://www.python.org/dev/peps/pep-0621/#authors-maintainers",
                    "type": "object",
                    "properties": {
                        "name": {
                            "type": "string",
                            "$$description": [
                                "MUST be a valid email name, i.e. whatever can be put as a name, before an",
                                "email, in :rfc:`822`."
                            ]
                        },
                        "email": {
                            "type": "string",
                            "format": "idn-email",
                            "description": "MUST be a valid email address"
                        }
                    }
                },
                "$$description": [
                    "The people or organizations considered to be the 'maintainers' of the project.",
                    "Similarly to ``authors``, the exact meaning is open to interpretation."
                ]
            },
            "keywords": {
                "type": "array",
                "items": {
                    "type": "string"
                },
                "description": "List of keywords to assist searching for the distribution in a larger catalog."
            },
            "classifiers": {
                "type": "array",
                "items": {
                    "type": "string",
                    "format": "trove-classifier",
                    "description": "`PyPI classifier <https://pypi.org/classifiers/>`_."
                },
                "$$description": [
                    "`Trove classifiers <https://pypi.org/classifiers/>`_",
                    "which apply to the project."
                ]
            },
            "urls": {
                "type": "object",
                "description": "URLs associated with the project in the form ``label => value``.",
                "additionalProperties": false,
                "patternProperties": {
                    "^.+$": {
                        "type": "string",
                        "format": "url"
                    }
                }
            },
            "scripts": {
                "$id": "#/definitions/entry-point-group",
                "title": "Entry-points",
                "type": "object",
                "$$description": [
                    "Entry-points are grouped together to indicate what sort of capabilities they",
                    "provide.",
                    "See the `packaging guides",
                    "<https://packaging.python.org/specifications/entry-points/>`_",
                    "and `setuptools docs",
                    "<https://setuptools.pypa.io/en/latest/userguide/entry_point.html>`_",
                    "for more information."
                ],
                "propertyNames": {
                    "format": "python-entrypoint-name"
                },
                "additionalProperties": false,
                "patternProperties": {
                    "^.+$": {
                        "type": "string",
                        "$$description": [
                            "Reference to a Python object. It is either in the form",
                            "``importable.module``, or ``importable.module:object.attr``."
                        ],
                        "format": "python-entrypoint-reference",
                        "$comment": "https://packaging.python.org/specifications/entry-points/"
                    }
                }
            },
            "gui-scripts": {
                "$id": "#/definitions/entry-point-group",
                "title": "Entry-points",
                "type": "object",
                "$$description": [
                    "Entry-points are grouped together to indicate what sort of capabilities they",
                    "provide.",
                    "See the `packaging guides",
                    "<https://packaging.python.org/specifications/entry-points/>`_",
                    "and `setuptools docs",
                    "<https://setuptools.pypa.io/en/latest/userguide/entry_point.html>`_",
                    "for more information."
                ],
                "propertyNames": {
                    "format": "python-entrypoint-name"
                },
                "additionalProperties": false,
                "patternProperties": {
                    "^.+$": {
                        "type": "string",
                        "$$description": [
                            "Reference to a Python object. It is either in the form",
                            "``importable.module``, or ``importable.module:object.attr``."
                        ],
                        "format": "python-entrypoint-reference",
                        "$comment": "https://packaging.python.org/specifications/entry-points/"
                    }
                }
            },
            "entry-points": {
                "$$description": [
                    "Instruct the installer to expose the given modules/functions via",
                    "``entry-point`` discovery mechanism (useful for plugins).",
                    "More information available in the `Python packaging guide",
                    "<https://packaging.python.org/specifications/entry-points/>`_."
                ],
                "propertyNames": {
                    "format": "python-entrypoint-group"
                },
                "additionalProperties": false,
                "patternProperties": {
                    "^.+$": {
                        "$id": "#/definitions/entry-point-group",
                        "title": "Entry-points",
                        "type": "object",
                        "$$description": [
                            "Entry-points are grouped together to indicate what sort of capabilities they",
                            "provide.",
                            "See the `packaging guides",
                            "<https://packaging.python.org/specifications/entry-points/>`_",
                            "and `setuptools docs",
                            "<https://setuptools.pypa.io/en/latest/userguide/entry_point.html>`_",
                            "for more information."
                        ],
                        "propertyNames": {
                            "format": "python-entrypoint-name"
                        },
                        "additionalProperties": false,
                        "patternProperties": {
                            "^.+$": {
                                "type": "string",
                                "$$description": [
                                    "Reference to a Python object. It is either in the form",
                                    "``importable.module``, or ``importable.module:object.attr``."
                                ],
                                "format": "python-entrypoint-reference",
                                "$comment": "https://packaging.python.org/specifications/entry-points/"
                            }
                        }
                    }
                }
            },
            "dependencies": {
                "type": "array",
                "description": "Project (mandatory) dependencies.",
                "items": {
                    "$id": "#/definitions/dependency",
                    "title": "Dependency",
                    "type": "string",
                    "description": "Project dependency specification according to PEP 508",
                    "format": "pep508"
                }
            },
            "optional-dependencies": {
                "type": "object",
                "description": "Optional dependency for the project",
                "propertyNames": {
                    "format": "pep508-identifier"
                },
                "additionalProperties": false,
                "patternProperties": {
                    "^.+$": {
                        "type": "array",
                        "items": {
                            "$id": "#/definitions/dependency",
                            "title": "Dependency",
                            "type": "string",
                            "description": "Project dependency specification according to PEP 508",
                            "format": "pep508"
                        }
                    }
                }
            },
            "dynamic": {
                "type": "array",
                "$$description": [
                    "Specifies which fields are intentionally unspecified and expected to be",
                    "dynamically provided by build tools"
                ],
                "items": {
                    "enum": [
                        "version",
                        "description",
                        "readme",
                        "requires-python",
                        "license",
                        "authors",
                        "maintainers",
                        "keywords",
                        "classifiers",
                        "urls",
                        "scripts",
                        "gui-scripts",
                        "entry-points",
                        "dependencies",
                        "optional-dependencies"
                    ]
                }
            }
        },
        "required": [
            "name"
        ],
        "additionalProperties": false,
        "if": {
            "not": {
                "required": [
                    "dynamic"
                ],
                "properties": {
                    "dynamic": {
                        "contains": {
                            "const": "version"
                        },
                        "$$description": [
                            "version is listed in ``dynamic``"
                        ]
                    }
                }
            },
            "$$comment": [
                "According to :pep:`621`:",
                "    If the core metadata specification lists a field as \"Required\", then",
                "    the metadata MUST specify the field statically or list it in dynamic",
                "In turn, `core metadata`_ defines:",
                "    The required fields are: Metadata-Version, Name, Version.",
                "    All the other fields are optional.",
                "Since ``Metadata-Version`` is defined by the build back-end, ``name`` and",
                "``version`` are the only mandatory information in ``pyproject.toml``.",
                ".. _core metadata: https://packaging.python.org/specifications/core-metadata/"
            ]
        },
        "then": {
            "required": [
                "version"
            ],
            "$$description": [
                "version should be statically defined in the ``version`` field"
            ]
        },
        "definitions": {
            "author": {
                "$id": "#/definitions/author",
                "title": "Author or Maintainer",
                "$comment": "https://www.python.org/dev/peps/pep-0621/#authors-maintainers",
                "type": "object",
                "properties": {
                    "name": {
                        "type": "string",
                        "$$description": [
                            "MUST be a valid email name, i.e. whatever can be put as a name, before an",
                            "email, in :rfc:`822`."
                        ]
                    },
                    "email": {
                        "type": "string",
                        "format": "idn-email",
                        "description": "MUST be a valid email address"
                    }
                }
            },
            "entry-point-group": {
                "$id": "#/definitions/entry-point-group",
                "title": "Entry-points",
                "type": "object",
                "$$description": [
                    "Entry-points are grouped together to indicate what sort of capabilities they",
                    "provide.",
                    "See the `packaging guides",
                    "<https://packaging.python.org/specifications/entry-points/>`_",
                    "and `setuptools docs",
                    "<https://setuptools.pypa.io/en/latest/userguide/entry_point.html>`_",
                    "for more information."
                ],
                "propertyNames": {
                    "format": "python-entrypoint-name"
                },
                "additionalProperties": false,
                "patternProperties": {
                    "^.+$": {
                        "type": "string",
                        "$$description": [
                            "Reference to a Python object. It is either in the form",
                            "``importable.module``, or ``importable.module:object.attr``."
                        ],
                        "format": "python-entrypoint-reference",
                        "$comment": "https://packaging.python.org/specifications/entry-points/"
                    }
                }
            },
            "dependency": {
                "$id": "#/definitions/dependency",
                "title": "Dependency",
                "type": "string",
                "description": "Project dependency specification according to PEP 508",
                "format": "pep508"
            }
        }
    }
/usr/lib/python3.11/site-packages/setuptools/config/pyprojecttoml.py:125: _InvalidFile: The given `pyproject.toml` file is invalid and would be ignored.
    !!


    ############################
    # Invalid `pyproject.toml` #
    ############################

    Any configurations in `pyproject.toml` will be ignored.
    Please note that future releases of setuptools will halt the build process
    if an invalid file is given.

    To prevent setuptools from considering `pyproject.toml` please
    DO NOT include the `[project]` or `[tool.setuptools]` tables in your file.
    

!!
    
  if _skip_bad_config(project_table, orig_setuptools_table, dist):
running sdist
running egg_info
creating securedrop_workstation_dom0_config.egg-info
writing securedrop_workstation_dom0_config.egg-info/PKG-INFO
writing dependency_links to securedrop_workstation_dom0_config.egg-info/dependency_links.txt
writing top-level names to securedrop_workstation_dom0_config.egg-info/top_level.txt
writing manifest file 'securedrop_workstation_dom0_config.egg-info/SOURCES.txt'
reading manifest file 'securedrop_workstation_dom0_config.egg-info/SOURCES.txt'
reading manifest template 'MANIFEST.in'
adding license file 'LICENSE'
writing manifest file 'securedrop_workstation_dom0_config.egg-info/SOURCES.txt'
running check
creating securedrop-workstation-dom0-config-1.2.1
creating securedrop-workstation-dom0-config-1.2.1/files
creating securedrop-workstation-dom0-config-1.2.1/sdw_notify
creating securedrop-workstation-dom0-config-1.2.1/sdw_updater
creating securedrop-workstation-dom0-config-1.2.1/sdw_util
creating securedrop-workstation-dom0-config-1.2.1/securedrop_salt
creating securedrop-workstation-dom0-config-1.2.1/securedrop_workstation_dom0_config.egg-info
copying files to securedrop-workstation-dom0-config-1.2.1...
copying LICENSE -> securedrop-workstation-dom0-config-1.2.1
copying MANIFEST.in -> securedrop-workstation-dom0-config-1.2.1
copying README.md -> securedrop-workstation-dom0-config-1.2.1
copying VERSION -> securedrop-workstation-dom0-config-1.2.1
copying pyproject.toml -> securedrop-workstation-dom0-config-1.2.1
copying setup.py -> securedrop-workstation-dom0-config-1.2.1
copying files/10-securedrop-logind_override.conf -> securedrop-workstation-dom0-config-1.2.1/files
copying files/31-securedrop-workstation.policy -> securedrop-workstation-dom0-config-1.2.1/files
copying files/32-securedrop-workstation.policy -> securedrop-workstation-dom0-config-1.2.1/files
copying files/95-securedrop-systemd-user.preset -> securedrop-workstation-dom0-config-1.2.1/files
copying files/clean-salt -> securedrop-workstation-dom0-config-1.2.1/files
copying files/config.json.example -> securedrop-workstation-dom0-config-1.2.1/files
copying files/destroy-vm.py -> securedrop-workstation-dom0-config-1.2.1/files
copying files/press.freedom.SecureDropUpdater.desktop -> securedrop-workstation-dom0-config-1.2.1/files
copying files/sdw-admin.py -> securedrop-workstation-dom0-config-1.2.1/files
copying files/sdw-login.py -> securedrop-workstation-dom0-config-1.2.1/files
copying files/sdw-notify.py -> securedrop-workstation-dom0-config-1.2.1/files
copying files/sdw-notify.service -> securedrop-workstation-dom0-config-1.2.1/files
copying files/sdw-notify.timer -> securedrop-workstation-dom0-config-1.2.1/files
copying files/sdw-updater.py -> securedrop-workstation-dom0-config-1.2.1/files
copying files/securedrop-128x128.png -> securedrop-workstation-dom0-config-1.2.1/files
copying files/securedrop-logind-override-disable.service -> securedrop-workstation-dom0-config-1.2.1/files
copying files/securedrop-scalable.svg -> securedrop-workstation-dom0-config-1.2.1/files
copying files/securedrop-user-xfce-icon-size.service -> securedrop-workstation-dom0-config-1.2.1/files
copying files/securedrop-user-xfce-settings.service -> securedrop-workstation-dom0-config-1.2.1/files
copying files/update-xfce-settings -> securedrop-workstation-dom0-config-1.2.1/files
copying files/validate_config.py -> securedrop-workstation-dom0-config-1.2.1/files
copying sdw_notify/Notify.py -> securedrop-workstation-dom0-config-1.2.1/sdw_notify
copying sdw_notify/NotifyApp.py -> securedrop-workstation-dom0-config-1.2.1/sdw_notify
copying sdw_notify/__init__.py -> securedrop-workstation-dom0-config-1.2.1/sdw_notify
copying sdw_notify/strings.py -> securedrop-workstation-dom0-config-1.2.1/sdw_notify
copying sdw_updater/Updater.py -> securedrop-workstation-dom0-config-1.2.1/sdw_updater
copying sdw_updater/UpdaterApp.py -> securedrop-workstation-dom0-config-1.2.1/sdw_updater
copying sdw_updater/UpdaterAppUiQt5.py -> securedrop-workstation-dom0-config-1.2.1/sdw_updater
copying sdw_updater/__init__.py -> securedrop-workstation-dom0-config-1.2.1/sdw_updater
copying sdw_updater/strings.py -> securedrop-workstation-dom0-config-1.2.1/sdw_updater
copying sdw_util/Util.py -> securedrop-workstation-dom0-config-1.2.1/sdw_util
copying sdw_util/__init__.py -> securedrop-workstation-dom0-config-1.2.1/sdw_util
copying securedrop_salt/99-sd-devices.rules -> securedrop-workstation-dom0-config-1.2.1/securedrop_salt
copying securedrop_salt/apt-test-pubkey.asc -> securedrop-workstation-dom0-config-1.2.1/securedrop_salt
copying securedrop_salt/apt-test_freedom_press.sources.j2 -> securedrop-workstation-dom0-config-1.2.1/securedrop_salt
copying securedrop_salt/apt_freedom_press.sources.j2 -> securedrop-workstation-dom0-config-1.2.1/securedrop_salt
copying securedrop_salt/dom0-xfce-desktop-file.j2 -> securedrop-workstation-dom0-config-1.2.1/securedrop_salt
copying securedrop_salt/fpf-apt-repo.sls -> securedrop-workstation-dom0-config-1.2.1/securedrop_salt
copying securedrop_salt/remove-tags.py -> securedrop-workstation-dom0-config-1.2.1/securedrop_salt
copying securedrop_salt/sd-app-files.sls -> securedrop-workstation-dom0-config-1.2.1/securedrop_salt
copying securedrop_salt/sd-app.sls -> securedrop-workstation-dom0-config-1.2.1/securedrop_salt
copying securedrop_salt/sd-attach-export-device -> securedrop-workstation-dom0-config-1.2.1/securedrop_salt
copying securedrop_salt/sd-base-template-packages.sls -> securedrop-workstation-dom0-config-1.2.1/securedrop_salt
copying securedrop_salt/sd-base-template.sls -> securedrop-workstation-dom0-config-1.2.1/securedrop_salt
copying securedrop_salt/sd-clean-all.sls -> securedrop-workstation-dom0-config-1.2.1/securedrop_salt
copying securedrop_salt/sd-clean-default-dispvm.sls -> securedrop-workstation-dom0-config-1.2.1/securedrop_salt
copying securedrop_salt/sd-default-config.sls -> securedrop-workstation-dom0-config-1.2.1/securedrop_salt
copying securedrop_salt/sd-default-config.yml -> securedrop-workstation-dom0-config-1.2.1/securedrop_salt
copying securedrop_salt/sd-devices-files.sls -> securedrop-workstation-dom0-config-1.2.1/securedrop_salt
copying securedrop_salt/sd-devices.sls -> securedrop-workstation-dom0-config-1.2.1/securedrop_salt
copying securedrop_salt/sd-dom0-files.sls -> securedrop-workstation-dom0-config-1.2.1/securedrop_salt
copying securedrop_salt/sd-gpg-files.sls -> securedrop-workstation-dom0-config-1.2.1/securedrop_salt
copying securedrop_salt/sd-gpg.sls -> securedrop-workstation-dom0-config-1.2.1/securedrop_salt
copying securedrop_salt/sd-log.sls -> securedrop-workstation-dom0-config-1.2.1/securedrop_salt
copying securedrop_salt/sd-logging-setup.sls -> securedrop-workstation-dom0-config-1.2.1/securedrop_salt
copying securedrop_salt/sd-proxy-template-files.sls -> securedrop-workstation-dom0-config-1.2.1/securedrop_salt
copying securedrop_salt/sd-proxy.sls -> securedrop-workstation-dom0-config-1.2.1/securedrop_salt
copying securedrop_salt/sd-remove-deprecated-qubes.sls -> securedrop-workstation-dom0-config-1.2.1/securedrop_salt
copying securedrop_salt/sd-remove-unused-templates.sls -> securedrop-workstation-dom0-config-1.2.1/securedrop_salt
copying securedrop_salt/sd-sys-vms.sls -> securedrop-workstation-dom0-config-1.2.1/securedrop_salt
copying securedrop_salt/sd-sys-whonix-vms.sls -> securedrop-workstation-dom0-config-1.2.1/securedrop_salt
copying securedrop_salt/sd-upgrade-templates.sls -> securedrop-workstation-dom0-config-1.2.1/securedrop_salt
copying securedrop_salt/sd-usb-autoattach-add.sls -> securedrop-workstation-dom0-config-1.2.1/securedrop_salt
copying securedrop_salt/sd-usb-autoattach-remove.sls -> securedrop-workstation-dom0-config-1.2.1/securedrop_salt
copying securedrop_salt/sd-viewer-files.sls -> securedrop-workstation-dom0-config-1.2.1/securedrop_salt
copying securedrop_salt/sd-viewer.sls -> securedrop-workstation-dom0-config-1.2.1/securedrop_salt
copying securedrop_salt/sd-whonix-config.sls -> securedrop-workstation-dom0-config-1.2.1/securedrop_salt
copying securedrop_salt/sd-whonix.sls -> securedrop-workstation-dom0-config-1.2.1/securedrop_salt
copying securedrop_salt/sd-workstation-template.sls -> securedrop-workstation-dom0-config-1.2.1/securedrop_salt
copying securedrop_salt/sd-workstation.top -> securedrop-workstation-dom0-config-1.2.1/securedrop_salt
copying securedrop_salt/sdlog.conf -> securedrop-workstation-dom0-config-1.2.1/securedrop_salt
copying securedrop_salt/securedrop-handle-upgrade -> securedrop-workstation-dom0-config-1.2.1/securedrop_salt
copying securedrop_salt/securedrop-release-signing-pubkey-2021.asc -> securedrop-workstation-dom0-config-1.2.1/securedrop_salt
copying securedrop_workstation_dom0_config.egg-info/PKG-INFO -> securedrop-workstation-dom0-config-1.2.1/securedrop_workstation_dom0_config.egg-info
copying securedrop_workstation_dom0_config.egg-info/SOURCES.txt -> securedrop-workstation-dom0-config-1.2.1/securedrop_workstation_dom0_config.egg-info
copying securedrop_workstation_dom0_config.egg-info/dependency_links.txt -> securedrop-workstation-dom0-config-1.2.1/securedrop_workstation_dom0_config.egg-info
copying securedrop_workstation_dom0_config.egg-info/top_level.txt -> securedrop-workstation-dom0-config-1.2.1/securedrop_workstation_dom0_config.egg-info
Writing securedrop-workstation-dom0-config-1.2.1/setup.cfg
creating dist
Creating tar archive
removing 'securedrop-workstation-dom0-config-1.2.1' (and everything under it)
setting SOURCE_DATE_EPOCH=1752451200
Executing(%prep): /bin/sh -e /var/tmp/rpm-tmp.69BozG
+ umask 022
+ cd /home/user/github/freedomofpress/securedrop-workstation/rpm-build/BUILD
+ cd /home/user/github/freedomofpress/securedrop-workstation/rpm-build/BUILD
+ rm -rf securedrop-workstation-dom0-config-1.2.1
+ /usr/lib/rpm/rpmuncompress -x /home/user/github/freedomofpress/securedrop-workstation/rpm-build/SOURCES/securedrop-workstation-dom0-config-1.2.1.tar.gz
/usr/bin/tar: securedrop-workstation-dom0-config-1.2.1/LICENSE: time stamp 2025-07-15 19:37:42 is 86398.009748246 s in the future
/usr/bin/tar: securedrop-workstation-dom0-config-1.2.1/MANIFEST.in: time stamp 2025-07-15 19:37:42 is 86398.009627578 s in the future
/usr/bin/tar: securedrop-workstation-dom0-config-1.2.1/README.md: time stamp 2025-07-15 19:37:37 is 86393.009480005 s in the future
/usr/bin/tar: securedrop-workstation-dom0-config-1.2.1/VERSION: time stamp 2025-07-15 19:37:42 is 86398.009408563 s in the future
/usr/bin/tar: securedrop-workstation-dom0-config-1.2.1/files/10-securedrop-logind_override.conf: time stamp 2025-07-15 19:37:42 is 86398.009324262 s in the future
/usr/bin/tar: securedrop-workstation-dom0-config-1.2.1/files/31-securedrop-workstation.policy: time stamp 2025-07-15 19:37:42 is 86398.009268402 s in the future
/usr/bin/tar: securedrop-workstation-dom0-config-1.2.1/files/32-securedrop-workstation.policy: time stamp 2025-07-15 19:37:42 is 86398.009203337 s in the future
/usr/bin/tar: securedrop-workstation-dom0-config-1.2.1/files/95-securedrop-systemd-user.preset: time stamp 2025-07-15 19:37:42 is 86398.009120446 s in the future
/usr/bin/tar: securedrop-workstation-dom0-config-1.2.1/files/clean-salt: time stamp 2025-07-15 19:37:42 is 86398.009059703 s in the future
/usr/bin/tar: securedrop-workstation-dom0-config-1.2.1/files/config.json.example: time stamp 2025-07-15 19:37:42 is 86398.009002758 s in the future
/usr/bin/tar: securedrop-workstation-dom0-config-1.2.1/files/destroy-vm.py: time stamp 2025-07-15 19:37:42 is 86398.008949141 s in the future
/usr/bin/tar: securedrop-workstation-dom0-config-1.2.1/files/press.freedom.SecureDropUpdater.desktop: time stamp 2025-07-15 19:37:42 is 86398.008897615 s in the future
/usr/bin/tar: securedrop-workstation-dom0-config-1.2.1/files/sdw-admin.py: time stamp 2025-07-15 19:37:42 is 86398.008829424 s in the future
/usr/bin/tar: securedrop-workstation-dom0-config-1.2.1/files/sdw-login.py: time stamp 2025-07-15 19:37:42 is 86398.008764044 s in the future
/usr/bin/tar: securedrop-workstation-dom0-config-1.2.1/files/sdw-notify.py: time stamp 2025-07-15 19:37:42 is 86398.008710195 s in the future
/usr/bin/tar: securedrop-workstation-dom0-config-1.2.1/files/sdw-notify.service: time stamp 2025-07-15 19:37:42 is 86398.008653998 s in the future
/usr/bin/tar: securedrop-workstation-dom0-config-1.2.1/files/sdw-notify.timer: time stamp 2025-07-15 19:37:42 is 86398.008597191 s in the future
/usr/bin/tar: securedrop-workstation-dom0-config-1.2.1/files/sdw-updater.py: time stamp 2025-07-15 19:37:42 is 86398.008543854 s in the future
/usr/bin/tar: securedrop-workstation-dom0-config-1.2.1/files/securedrop-128x128.png: time stamp 2025-07-15 19:37:42 is 86398.008478617 s in the future
/usr/bin/tar: securedrop-workstation-dom0-config-1.2.1/files/securedrop-logind-override-disable.service: time stamp 2025-07-15 19:37:42 is 86398.008422415 s in the future
/usr/bin/tar: securedrop-workstation-dom0-config-1.2.1/files/securedrop-scalable.svg: time stamp 2025-07-15 19:37:42 is 86398.008369184 s in the future
/usr/bin/tar: securedrop-workstation-dom0-config-1.2.1/files/securedrop-user-xfce-icon-size.service: time stamp 2025-07-15 19:37:42 is 86398.008316801 s in the future
/usr/bin/tar: securedrop-workstation-dom0-config-1.2.1/files/securedrop-user-xfce-settings.service: time stamp 2025-07-15 19:37:42 is 86398.008251293 s in the future
/usr/bin/tar: securedrop-workstation-dom0-config-1.2.1/files/update-xfce-settings: time stamp 2025-07-15 19:37:42 is 86398.008196938 s in the future
/usr/bin/tar: securedrop-workstation-dom0-config-1.2.1/files/validate_config.py: time stamp 2025-07-15 19:37:42 is 86398.008113114 s in the future
/usr/bin/tar: securedrop-workstation-dom0-config-1.2.1/pyproject.toml: time stamp 2025-07-15 19:37:42 is 86398.008047414 s in the future
/usr/bin/tar: securedrop-workstation-dom0-config-1.2.1/sdw_notify/Notify.py: time stamp 2025-07-15 19:37:42 is 86398.007890018 s in the future
/usr/bin/tar: securedrop-workstation-dom0-config-1.2.1/sdw_notify/NotifyApp.py: time stamp 2025-07-15 19:37:42 is 86398.0078218 s in the future
/usr/bin/tar: securedrop-workstation-dom0-config-1.2.1/sdw_notify/__init__.py: time stamp 2025-07-15 19:37:42 is 86398.007772591 s in the future
/usr/bin/tar: securedrop-workstation-dom0-config-1.2.1/sdw_notify/strings.py: time stamp 2025-07-15 19:37:42 is 86398.007721705 s in the future
/usr/bin/tar: securedrop-workstation-dom0-config-1.2.1/sdw_updater/Updater.py: time stamp 2025-07-15 19:37:42 is 86398.007614823 s in the future
/usr/bin/tar: securedrop-workstation-dom0-config-1.2.1/sdw_updater/UpdaterApp.py: time stamp 2025-07-15 19:37:42 is 86398.007549523 s in the future
/usr/bin/tar: securedrop-workstation-dom0-config-1.2.1/sdw_updater/UpdaterAppUiQt5.py: time stamp 2025-07-15 19:37:42 is 86398.007494698 s in the future
/usr/bin/tar: securedrop-workstation-dom0-config-1.2.1/sdw_updater/__init__.py: time stamp 2025-07-15 19:37:42 is 86398.00744886 s in the future
/usr/bin/tar: securedrop-workstation-dom0-config-1.2.1/sdw_updater/strings.py: time stamp 2025-07-15 19:37:42 is 86398.007394524 s in the future
/usr/bin/tar: securedrop-workstation-dom0-config-1.2.1/sdw_util/Util.py: time stamp 2025-07-15 19:37:37 is 86393.007300871 s in the future
/usr/bin/tar: securedrop-workstation-dom0-config-1.2.1/sdw_util/__init__.py: time stamp 2025-07-15 19:37:37 is 86393.007250688 s in the future
/usr/bin/tar: securedrop-workstation-dom0-config-1.2.1/securedrop_salt/99-sd-devices.rules: time stamp 2025-07-15 19:37:42 is 86398.007146133 s in the future
/usr/bin/tar: securedrop-workstation-dom0-config-1.2.1/securedrop_salt/apt-test-pubkey.asc: time stamp 2025-07-15 19:37:42 is 86398.007078097 s in the future
/usr/bin/tar: securedrop-workstation-dom0-config-1.2.1/securedrop_salt/apt-test_freedom_press.sources.j2: time stamp 2025-07-15 19:37:42 is 86398.007019311 s in the future
/usr/bin/tar: securedrop-workstation-dom0-config-1.2.1/securedrop_salt/apt_freedom_press.sources.j2: time stamp 2025-07-15 19:37:42 is 86398.006958727 s in the future
/usr/bin/tar: securedrop-workstation-dom0-config-1.2.1/securedrop_salt/dom0-xfce-desktop-file.j2: time stamp 2025-07-15 19:37:42 is 86398.006905719 s in the future
/usr/bin/tar: securedrop-workstation-dom0-config-1.2.1/securedrop_salt/fpf-apt-repo.sls: time stamp 2025-07-15 19:37:42 is 86398.006799567 s in the future
/usr/bin/tar: securedrop-workstation-dom0-config-1.2.1/securedrop_salt/remove-tags.py: time stamp 2025-07-15 19:37:42 is 86398.006743418 s in the future
/usr/bin/tar: securedrop-workstation-dom0-config-1.2.1/securedrop_salt/sd-app-files.sls: time stamp 2025-07-15 19:37:42 is 86398.006691545 s in the future
/usr/bin/tar: securedrop-workstation-dom0-config-1.2.1/securedrop_salt/sd-app.sls: time stamp 2025-07-15 19:37:42 is 86398.0066291 s in the future
/usr/bin/tar: securedrop-workstation-dom0-config-1.2.1/securedrop_salt/sd-attach-export-device: time stamp 2025-07-15 19:37:42 is 86398.006575451 s in the future
/usr/bin/tar: securedrop-workstation-dom0-config-1.2.1/securedrop_salt/sd-base-template-packages.sls: time stamp 2025-07-15 19:37:42 is 86398.006519365 s in the future
/usr/bin/tar: securedrop-workstation-dom0-config-1.2.1/securedrop_salt/sd-base-template.sls: time stamp 2025-07-15 19:37:42 is 86398.006466629 s in the future
/usr/bin/tar: securedrop-workstation-dom0-config-1.2.1/securedrop_salt/sd-clean-all.sls: time stamp 2025-07-15 19:37:42 is 86398.006397571 s in the future
/usr/bin/tar: securedrop-workstation-dom0-config-1.2.1/securedrop_salt/sd-clean-default-dispvm.sls: time stamp 2025-07-15 19:37:42 is 86398.006337389 s in the future
/usr/bin/tar: securedrop-workstation-dom0-config-1.2.1/securedrop_salt/sd-default-config.sls: time stamp 2025-07-15 19:37:42 is 86398.006280766 s in the future
/usr/bin/tar: securedrop-workstation-dom0-config-1.2.1/securedrop_salt/sd-default-config.yml: time stamp 2025-07-15 19:37:42 is 86398.006209892 s in the future
/usr/bin/tar: securedrop-workstation-dom0-config-1.2.1/securedrop_salt/sd-devices-files.sls: time stamp 2025-07-15 19:37:42 is 86398.006134145 s in the future
/usr/bin/tar: securedrop-workstation-dom0-config-1.2.1/securedrop_salt/sd-devices.sls: time stamp 2025-07-15 19:37:42 is 86398.006074578 s in the future
/usr/bin/tar: securedrop-workstation-dom0-config-1.2.1/securedrop_salt/sd-dom0-files.sls: time stamp 2025-07-15 19:37:42 is 86398.005998164 s in the future
/usr/bin/tar: securedrop-workstation-dom0-config-1.2.1/securedrop_salt/sd-gpg-files.sls: time stamp 2025-07-15 19:37:42 is 86398.005916636 s in the future
/usr/bin/tar: securedrop-workstation-dom0-config-1.2.1/securedrop_salt/sd-gpg.sls: time stamp 2025-07-15 19:37:42 is 86398.002619558 s in the future
/usr/bin/tar: securedrop-workstation-dom0-config-1.2.1/securedrop_salt/sd-log.sls: time stamp 2025-07-15 19:37:42 is 86398.002525556 s in the future
/usr/bin/tar: securedrop-workstation-dom0-config-1.2.1/securedrop_salt/sd-logging-setup.sls: time stamp 2025-07-15 19:37:42 is 86398.00246362 s in the future
/usr/bin/tar: securedrop-workstation-dom0-config-1.2.1/securedrop_salt/sd-proxy-template-files.sls: time stamp 2025-07-15 19:37:42 is 86398.002283576 s in the future
/usr/bin/tar: securedrop-workstation-dom0-config-1.2.1/securedrop_salt/sd-proxy.sls: time stamp 2025-07-15 19:37:42 is 86398.001123917 s in the future
/usr/bin/tar: securedrop-workstation-dom0-config-1.2.1/securedrop_salt/sd-remove-deprecated-qubes.sls: time stamp 2025-07-15 19:37:42 is 86398.000107529 s in the future
/usr/bin/tar: securedrop-workstation-dom0-config-1.2.1/securedrop_salt/sd-remove-unused-templates.sls: time stamp 2025-07-15 19:37:42 is 86398.000000672 s in the future
/usr/bin/tar: securedrop-workstation-dom0-config-1.2.1/securedrop_salt/sd-sys-vms.sls: time stamp 2025-07-15 19:37:42 is 86397.999919147 s in the future
/usr/bin/tar: securedrop-workstation-dom0-config-1.2.1/securedrop_salt/sd-sys-whonix-vms.sls: time stamp 2025-07-15 19:37:42 is 86397.999856288 s in the future
/usr/bin/tar: securedrop-workstation-dom0-config-1.2.1/securedrop_salt/sd-upgrade-templates.sls: time stamp 2025-07-15 19:37:42 is 86397.999789412 s in the future
/usr/bin/tar: securedrop-workstation-dom0-config-1.2.1/securedrop_salt/sd-usb-autoattach-add.sls: time stamp 2025-07-15 19:37:42 is 86397.999729959 s in the future
/usr/bin/tar: securedrop-workstation-dom0-config-1.2.1/securedrop_salt/sd-usb-autoattach-remove.sls: time stamp 2025-07-15 19:37:42 is 86397.99967077 s in the future
/usr/bin/tar: securedrop-workstation-dom0-config-1.2.1/securedrop_salt/sd-viewer-files.sls: time stamp 2025-07-15 19:37:42 is 86397.999613248 s in the future
/usr/bin/tar: securedrop-workstation-dom0-config-1.2.1/securedrop_salt/sd-viewer.sls: time stamp 2025-07-15 19:37:42 is 86397.999550815 s in the future
/usr/bin/tar: securedrop-workstation-dom0-config-1.2.1/securedrop_salt/sd-whonix-config.sls: time stamp 2025-07-15 19:37:42 is 86397.999492731 s in the future
/usr/bin/tar: securedrop-workstation-dom0-config-1.2.1/securedrop_salt/sd-whonix.sls: time stamp 2025-07-15 19:37:42 is 86397.999434369 s in the future
/usr/bin/tar: securedrop-workstation-dom0-config-1.2.1/securedrop_salt/sd-workstation-template.sls: time stamp 2025-07-15 19:37:42 is 86397.999372098 s in the future
/usr/bin/tar: securedrop-workstation-dom0-config-1.2.1/securedrop_salt/sd-workstation.top: time stamp 2025-07-15 19:37:42 is 86397.999313679 s in the future
/usr/bin/tar: securedrop-workstation-dom0-config-1.2.1/securedrop_salt/sdlog.conf: time stamp 2025-07-15 19:37:42 is 86397.999253728 s in the future
/usr/bin/tar: securedrop-workstation-dom0-config-1.2.1/securedrop_salt/securedrop-handle-upgrade: time stamp 2025-07-15 19:37:42 is 86397.999190315 s in the future
/usr/bin/tar: securedrop-workstation-dom0-config-1.2.1/securedrop_salt/securedrop-release-signing-pubkey-2021.asc: time stamp 2025-07-15 19:37:42 is 86397.999097758 s in the future
/usr/bin/tar: securedrop-workstation-dom0-config-1.2.1/setup.py: time stamp 2025-07-15 19:37:37 is 86392.996947271 s in the future
+ STATUS=0
+ '[' 0 -ne 0 ']'
+ cd securedrop-workstation-dom0-config-1.2.1
+ /usr/bin/chmod -Rf a+rX,u+w,g-w,o-w .
+ RPM_EC=0
++ jobs -p
+ exit 0
Executing(%build): /bin/sh -e /var/tmp/rpm-tmp.T0MHEb
+ umask 022
+ cd /home/user/github/freedomofpress/securedrop-workstation/rpm-build/BUILD
+ CFLAGS='-O2 -g'
+ export CFLAGS
+ CXXFLAGS='-O2 -g'
+ export CXXFLAGS
+ FFLAGS='-O2 -g -I/usr/lib64/gfortran/modules'
+ export FFLAGS
+ FCFLAGS='-O2 -g -I/usr/lib64/gfortran/modules'
+ export FCFLAGS
+ LDFLAGS='-Wl,-z,relro -Wl,--as-needed  -Wl,-z,now -specs=/usr/lib/rpm/redhat/redhat-hardened-ld -specs=/usr/lib/rpm/redhat/redhat-annobin-cc1  -Wl,--build-id=sha1 -specs=/usr/lib/rpm/redhat/redhat-package-notes'
+ export LDFLAGS
+ LT_SYS_LIBRARY_PATH=/usr/lib64:
+ export LT_SYS_LIBRARY_PATH
+ CC=gcc
+ export CC
+ CXX=g++
+ export CXX
+ cd securedrop-workstation-dom0-config-1.2.1
+ RPM_EC=0
++ jobs -p
+ exit 0
Executing(%install): /bin/sh -e /var/tmp/rpm-tmp.jIO3VK
+ umask 022
+ cd /home/user/github/freedomofpress/securedrop-workstation/rpm-build/BUILD
+ '[' /home/user/github/freedomofpress/securedrop-workstation/rpm-build/BUILDROOT/securedrop-workstation-dom0-config-1.2.1-1.fc37.x86_64 '!=' / ']'
+ rm -rf /home/user/github/freedomofpress/securedrop-workstation/rpm-build/BUILDROOT/securedrop-workstation-dom0-config-1.2.1-1.fc37.x86_64
++ dirname /home/user/github/freedomofpress/securedrop-workstation/rpm-build/BUILDROOT/securedrop-workstation-dom0-config-1.2.1-1.fc37.x86_64
+ mkdir -p /home/user/github/freedomofpress/securedrop-workstation/rpm-build/BUILDROOT
+ mkdir /home/user/github/freedomofpress/securedrop-workstation/rpm-build/BUILDROOT/securedrop-workstation-dom0-config-1.2.1-1.fc37.x86_64
+ CFLAGS='-O2 -g'
+ export CFLAGS
+ CXXFLAGS='-O2 -g'
+ export CXXFLAGS
+ FFLAGS='-O2 -g -I/usr/lib64/gfortran/modules'
+ export FFLAGS
+ FCFLAGS='-O2 -g -I/usr/lib64/gfortran/modules'
+ export FCFLAGS
+ LDFLAGS='-Wl,-z,relro -Wl,--as-needed  -Wl,-z,now -specs=/usr/lib/rpm/redhat/redhat-hardened-ld -specs=/usr/lib/rpm/redhat/redhat-annobin-cc1  -Wl,--build-id=sha1 -specs=/usr/lib/rpm/redhat/redhat-package-notes'
+ export LDFLAGS
+ LT_SYS_LIBRARY_PATH=/usr/lib64:
+ export LT_SYS_LIBRARY_PATH
+ CC=gcc
+ export CC
+ CXX=g++
+ export CXX
+ cd securedrop-workstation-dom0-config-1.2.1
+ /usr/bin/python3 -m pip install --no-compile --no-index --no-build-isolation --root /home/user/github/freedomofpress/securedrop-workstation/rpm-build/BUILDROOT/securedrop-workstation-dom0-config-1.2.1-1.fc37.x86_64 .
Processing /home/user/github/freedomofpress/securedrop-workstation/rpm-build/BUILD/securedrop-workstation-dom0-config-1.2.1
  Preparing metadata (pyproject.toml) ... [?25l- \ | / - done
[?25hBuilding wheels for collected packages: securedrop-workstation-dom0-config
  Building wheel for securedrop-workstation-dom0-config (pyproject.toml) ... [?25l- \ | / - done
[?25h  Created wheel for securedrop-workstation-dom0-config: filename=securedrop_workstation_dom0_config-1.2.1-py3-none-any.whl size=37029 sha256=a10cc5033505edf8079cdfd26fd8be1b2a8ace84277240c6debaf97f9002b5a3
  Stored in directory: /tmp/.cache/pip/wheels/e5/f2/7d/442c494e91c709b2b5cb3ed47f8d2886dace9f2849c4245512
Successfully built securedrop-workstation-dom0-config
Installing collected packages: securedrop-workstation-dom0-config
Successfully installed securedrop-workstation-dom0-config-1.2.1
+ rm /home/user/github/freedomofpress/securedrop-workstation/rpm-build/BUILDROOT/securedrop-workstation-dom0-config-1.2.1-1.fc37.x86_64//usr/lib/python3.11/site-packages/securedrop_workstation_dom0_config-1.2.1.dist-info/direct_url.json
+ sed -i '/\.dist-info\/direct_url\.json,/d' /home/user/github/freedomofpress/securedrop-workstation/rpm-build/BUILDROOT/securedrop-workstation-dom0-config-1.2.1-1.fc37.x86_64//usr/lib/python3.11/site-packages/securedrop_workstation_dom0_config-1.2.1.dist-info/RECORD
+ install -m 755 -d /home/user/github/freedomofpress/securedrop-workstation/rpm-build/BUILDROOT/securedrop-workstation-dom0-config-1.2.1-1.fc37.x86_64/srv/salt/
+ cp -a securedrop_salt /home/user/github/freedomofpress/securedrop-workstation/rpm-build/BUILDROOT/securedrop-workstation-dom0-config-1.2.1-1.fc37.x86_64/srv/salt/
+ install -m 755 -d /home/user/github/freedomofpress/securedrop-workstation/rpm-build/BUILDROOT/securedrop-workstation-dom0-config-1.2.1-1.fc37.x86_64//usr/share/securedrop-workstation-dom0-config/scripts
+ install -m 755 -d /home/user/github/freedomofpress/securedrop-workstation/rpm-build/BUILDROOT/securedrop-workstation-dom0-config-1.2.1-1.fc37.x86_64//usr/bin
+ install -m 755 -d /home/user/github/freedomofpress/securedrop-workstation/rpm-build/BUILDROOT/securedrop-workstation-dom0-config-1.2.1-1.fc37.x86_64/opt/securedrop
+ install -m 755 -d /home/user/github/freedomofpress/securedrop-workstation/rpm-build/BUILDROOT/securedrop-workstation-dom0-config-1.2.1-1.fc37.x86_64/usr/bin/securedrop
+ install -m 755 files/update-xfce-settings /home/user/github/freedomofpress/securedrop-workstation/rpm-build/BUILDROOT/securedrop-workstation-dom0-config-1.2.1-1.fc37.x86_64/usr/bin/securedrop/
+ install -m 755 files/clean-salt /home/user/github/freedomofpress/securedrop-workstation/rpm-build/BUILDROOT/securedrop-workstation-dom0-config-1.2.1-1.fc37.x86_64//usr/share/securedrop-workstation-dom0-config/scripts/
+ install -m 755 files/destroy-vm.py /home/user/github/freedomofpress/securedrop-workstation/rpm-build/BUILDROOT/securedrop-workstation-dom0-config-1.2.1-1.fc37.x86_64//usr/share/securedrop-workstation-dom0-config/scripts/destroy-vm
+ install -m 755 files/validate_config.py /home/user/github/freedomofpress/securedrop-workstation/rpm-build/BUILDROOT/securedrop-workstation-dom0-config-1.2.1-1.fc37.x86_64//usr/share/securedrop-workstation-dom0-config/scripts/
+ install -m 755 files/sdw-admin.py /home/user/github/freedomofpress/securedrop-workstation/rpm-build/BUILDROOT/securedrop-workstation-dom0-config-1.2.1-1.fc37.x86_64//usr/bin/sdw-admin
+ install -m 644 files/config.json.example /home/user/github/freedomofpress/securedrop-workstation/rpm-build/BUILDROOT/securedrop-workstation-dom0-config-1.2.1-1.fc37.x86_64//usr/share/securedrop-workstation-dom0-config/
+ install -m 755 -d /home/user/github/freedomofpress/securedrop-workstation/rpm-build/BUILDROOT/securedrop-workstation-dom0-config-1.2.1-1.fc37.x86_64//usr/bin
+ install -m 755 -d /home/user/github/freedomofpress/securedrop-workstation/rpm-build/BUILDROOT/securedrop-workstation-dom0-config-1.2.1-1.fc37.x86_64//usr/share/applications/
+ install -m 755 -d /home/user/github/freedomofpress/securedrop-workstation/rpm-build/BUILDROOT/securedrop-workstation-dom0-config-1.2.1-1.fc37.x86_64//usr/share/icons/hicolor/128x128/apps/
+ install -m 755 -d /home/user/github/freedomofpress/securedrop-workstation/rpm-build/BUILDROOT/securedrop-workstation-dom0-config-1.2.1-1.fc37.x86_64//usr/share/icons/hicolor/scalable/apps/
+ install -m 755 -d /home/user/github/freedomofpress/securedrop-workstation/rpm-build/BUILDROOT/securedrop-workstation-dom0-config-1.2.1-1.fc37.x86_64//var/lib/securedrop-workstation-dom0-config/
+ install -m 755 -d /home/user/github/freedomofpress/securedrop-workstation/rpm-build/BUILDROOT/securedrop-workstation-dom0-config-1.2.1-1.fc37.x86_64//usr/lib/systemd/user/
+ install -m 755 -d /home/user/github/freedomofpress/securedrop-workstation/rpm-build/BUILDROOT/securedrop-workstation-dom0-config-1.2.1-1.fc37.x86_64//usr/lib/systemd/system
+ install -m 755 -d /home/user/github/freedomofpress/securedrop-workstation/rpm-build/BUILDROOT/securedrop-workstation-dom0-config-1.2.1-1.fc37.x86_64//usr/lib/systemd/user-preset/
+ install -m 644 files/press.freedom.SecureDropUpdater.desktop /home/user/github/freedomofpress/securedrop-workstation/rpm-build/BUILDROOT/securedrop-workstation-dom0-config-1.2.1-1.fc37.x86_64//usr/share/applications/
+ install -m 644 files/press.freedom.SecureDropUpdater.desktop /home/user/github/freedomofpress/securedrop-workstation/rpm-build/BUILDROOT/securedrop-workstation-dom0-config-1.2.1-1.fc37.x86_64/srv/salt/securedrop_salt/press.freedom.SecureDropUpdater.desktop
+ install -m 644 files/securedrop-128x128.png /home/user/github/freedomofpress/securedrop-workstation/rpm-build/BUILDROOT/securedrop-workstation-dom0-config-1.2.1-1.fc37.x86_64//usr/share/icons/hicolor/128x128/apps/securedrop.png
+ install -m 644 files/securedrop-scalable.svg /home/user/github/freedomofpress/securedrop-workstation/rpm-build/BUILDROOT/securedrop-workstation-dom0-config-1.2.1-1.fc37.x86_64//usr/share/icons/hicolor/scalable/apps/securedrop.svg
+ install -m 755 files/sdw-updater.py /home/user/github/freedomofpress/securedrop-workstation/rpm-build/BUILDROOT/securedrop-workstation-dom0-config-1.2.1-1.fc37.x86_64//usr/bin/sdw-updater
+ install -m 755 files/sdw-notify.py /home/user/github/freedomofpress/securedrop-workstation/rpm-build/BUILDROOT/securedrop-workstation-dom0-config-1.2.1-1.fc37.x86_64//usr/bin/sdw-notify
+ install -m 755 files/sdw-login.py /home/user/github/freedomofpress/securedrop-workstation/rpm-build/BUILDROOT/securedrop-workstation-dom0-config-1.2.1-1.fc37.x86_64//usr/bin/sdw-login
+ install -m 644 files/sdw-notify.service /home/user/github/freedomofpress/securedrop-workstation/rpm-build/BUILDROOT/securedrop-workstation-dom0-config-1.2.1-1.fc37.x86_64//usr/lib/systemd/user/
+ install -m 644 files/sdw-notify.timer /home/user/github/freedomofpress/securedrop-workstation/rpm-build/BUILDROOT/securedrop-workstation-dom0-config-1.2.1-1.fc37.x86_64//usr/lib/systemd/user/
+ install -m 644 files/securedrop-logind-override-disable.service /home/user/github/freedomofpress/securedrop-workstation/rpm-build/BUILDROOT/securedrop-workstation-dom0-config-1.2.1-1.fc37.x86_64//usr/lib/systemd/system/
+ install -m 644 files/95-securedrop-systemd-user.preset /home/user/github/freedomofpress/securedrop-workstation/rpm-build/BUILDROOT/securedrop-workstation-dom0-config-1.2.1-1.fc37.x86_64//usr/lib/systemd/user-preset/
+ install -m 755 -d /home/user/github/freedomofpress/securedrop-workstation/rpm-build/BUILDROOT/securedrop-workstation-dom0-config-1.2.1-1.fc37.x86_64/etc/qubes/policy.d/
+ install -m 644 files/31-securedrop-workstation.policy /home/user/github/freedomofpress/securedrop-workstation/rpm-build/BUILDROOT/securedrop-workstation-dom0-config-1.2.1-1.fc37.x86_64/etc/qubes/policy.d/
+ install -m 644 files/32-securedrop-workstation.policy /home/user/github/freedomofpress/securedrop-workstation/rpm-build/BUILDROOT/securedrop-workstation-dom0-config-1.2.1-1.fc37.x86_64/etc/qubes/policy.d/
+ install -m 755 -d /home/user/github/freedomofpress/securedrop-workstation/rpm-build/BUILDROOT/securedrop-workstation-dom0-config-1.2.1-1.fc37.x86_64/usr/share/securedrop/icons
+ install -m 644 files/securedrop-128x128.png /home/user/github/freedomofpress/securedrop-workstation/rpm-build/BUILDROOT/securedrop-workstation-dom0-config-1.2.1-1.fc37.x86_64/usr/share/securedrop/icons/sd-logo.png
+ install -m 755 -d /home/user/github/freedomofpress/securedrop-workstation/rpm-build/BUILDROOT/securedrop-workstation-dom0-config-1.2.1-1.fc37.x86_64/etc/systemd/logind.conf.d/
+ install -m 644 files/10-securedrop-logind_override.conf /home/user/github/freedomofpress/securedrop-workstation/rpm-build/BUILDROOT/securedrop-workstation-dom0-config-1.2.1-1.fc37.x86_64/etc/systemd/logind.conf.d/
+ install -m 644 files/securedrop-user-xfce-settings.service /home/user/github/freedomofpress/securedrop-workstation/rpm-build/BUILDROOT/securedrop-workstation-dom0-config-1.2.1-1.fc37.x86_64//usr/lib/systemd/user/
+ install -m 644 files/securedrop-user-xfce-icon-size.service /home/user/github/freedomofpress/securedrop-workstation/rpm-build/BUILDROOT/securedrop-workstation-dom0-config-1.2.1-1.fc37.x86_64//usr/lib/systemd/user/
+ /usr/bin/find-debuginfo -j6 --strict-build-id -m -i --build-id-seed 1.2.1-1.fc37 --unique-debug-suffix -1.2.1-1.fc37.x86_64 --unique-debug-src-base securedrop-workstation-dom0-config-1.2.1-1.fc37.x86_64 --run-dwz --dwz-low-mem-die-limit 10000000 --dwz-max-die-limit 110000000 -S debugsourcefiles.list /home/user/github/freedomofpress/securedrop-workstation/rpm-build/BUILD/securedrop-workstation-dom0-config-1.2.1
find: debug: No such file or directory
+ /usr/lib/rpm/check-buildroot
+ /usr/lib/rpm/redhat/brp-ldconfig
+ /usr/lib/rpm/brp-compress
+ /usr/lib/rpm/redhat/brp-strip-lto /usr/bin/strip
+ /usr/lib/rpm/brp-strip-static-archive /usr/bin/strip
+ /usr/lib/rpm/check-rpaths
+ /usr/lib/rpm/redhat/brp-mangle-shebangs
+ /usr/lib/rpm/brp-remove-la-files
+ /usr/lib/rpm/redhat/brp-python-hardlink
Processing files: securedrop-workstation-dom0-config-1.2.1-1.fc37.noarch
Executing(%doc): /bin/sh -e /var/tmp/rpm-tmp.z2bvB7
+ umask 022
+ cd /home/user/github/freedomofpress/securedrop-workstation/rpm-build/BUILD
+ cd securedrop-workstation-dom0-config-1.2.1
+ DOCDIR=/home/user/github/freedomofpress/securedrop-workstation/rpm-build/BUILDROOT/securedrop-workstation-dom0-config-1.2.1-1.fc37.x86_64/usr/share/doc/securedrop-workstation-dom0-config
+ export LC_ALL=C
+ LC_ALL=C
+ export DOCDIR
+ /usr/bin/mkdir -p /home/user/github/freedomofpress/securedrop-workstation/rpm-build/BUILDROOT/securedrop-workstation-dom0-config-1.2.1-1.fc37.x86_64/usr/share/doc/securedrop-workstation-dom0-config
+ cp -pr README.md /home/user/github/freedomofpress/securedrop-workstation/rpm-build/BUILDROOT/securedrop-workstation-dom0-config-1.2.1-1.fc37.x86_64/usr/share/doc/securedrop-workstation-dom0-config
+ RPM_EC=0
++ jobs -p
+ exit 0
Executing(%license): /bin/sh -e /var/tmp/rpm-tmp.PC6ynP
+ umask 022
+ cd /home/user/github/freedomofpress/securedrop-workstation/rpm-build/BUILD
+ cd securedrop-workstation-dom0-config-1.2.1
+ LICENSEDIR=/home/user/github/freedomofpress/securedrop-workstation/rpm-build/BUILDROOT/securedrop-workstation-dom0-config-1.2.1-1.fc37.x86_64/usr/share/licenses/securedrop-workstation-dom0-config
+ export LC_ALL=C
+ LC_ALL=C
+ export LICENSEDIR
+ /usr/bin/mkdir -p /home/user/github/freedomofpress/securedrop-workstation/rpm-build/BUILDROOT/securedrop-workstation-dom0-config-1.2.1-1.fc37.x86_64/usr/share/licenses/securedrop-workstation-dom0-config
+ cp -pr LICENSE /home/user/github/freedomofpress/securedrop-workstation/rpm-build/BUILDROOT/securedrop-workstation-dom0-config-1.2.1-1.fc37.x86_64/usr/share/licenses/securedrop-workstation-dom0-config
+ RPM_EC=0
++ jobs -p
+ exit 0
Provides: application() application(press.freedom.SecureDropUpdater.desktop) securedrop-workstation-dom0-config = 1.2.1-1.fc37
Requires(interp): /bin/sh /bin/sh
Requires(rpmlib): rpmlib(CompressedFileNames) <= 3.0.4-1 rpmlib(FileDigests) <= 4.6.0-1 rpmlib(PayloadFilesHavePrefix) <= 4.0-1
Requires(post): /bin/sh
Requires(preun): /bin/sh
Requires: /usr/bin/bash /usr/bin/python3 python(abi) = 3.11
Checking for unpackaged file(s): /usr/lib/rpm/check-files /home/user/github/freedomofpress/securedrop-workstation/rpm-build/BUILDROOT/securedrop-workstation-dom0-config-1.2.1-1.fc37.x86_64
Wrote: /home/user/github/freedomofpress/securedrop-workstation/rpm-build/RPMS/noarch/securedrop-workstation-dom0-config-1.2.1-1.fc37.noarch.rpm
Executing(%clean): /bin/sh -e /var/tmp/rpm-tmp.V8I48W
+ umask 022
+ cd /home/user/github/freedomofpress/securedrop-workstation/rpm-build/BUILD
+ cd securedrop-workstation-dom0-config-1.2.1
+ /usr/bin/rm -rf /home/user/github/freedomofpress/securedrop-workstation/rpm-build/BUILDROOT/securedrop-workstation-dom0-config-1.2.1-1.fc37.x86_64
+ RPM_EC=0
++ jobs -p
+ exit 0
Executing(rmbuild): /bin/sh -e /var/tmp/rpm-tmp.ORW0tD
+ umask 022
+ cd /home/user/github/freedomofpress/securedrop-workstation/rpm-build/BUILD
+ rm -rf securedrop-workstation-dom0-config-1.2.1 securedrop-workstation-dom0-config-1.2.1.gemspec
+ RPM_EC=0
++ jobs -p
+ exit 0
checking mtimes in securedrop-workstation-dom0-config-1.2.1-1.fc37.noarch.rpm: 2025-07-14 00:00:00+00:00

Build complete! RPMs and their checksums are:

538cb2718b443ac74520fb4839a812d597f934c30be8a7f12c0947c5146e602b  rpm-build/RPMS/noarch/securedrop-workstation-dom0-config-1.2.1-1.fc37.noarch.rpm

Script done on 2025-07-14 15:37:49-04:00 [COMMAND_EXIT_CODE="0"]
