18:55:16 [qb.build_rpm.securedrop-workstation-keyring.host-fc41.build] Start: chroot ['/plugins/build_rpm/scripts/rpmbuildinfo', '/builddir/build/SRPMS/securedrop-workstation-keyring-0.3.0rc2-1.fc41.src.rpm']
18:55:16 [qb.build_rpm.securedrop-workstation-keyring.host-fc41.build] Finish: chroot ['/plugins/build_rpm/scripts/rpmbuildinfo', '/builddir/build/SRPMS/securedrop-workstation-keyring-0.3.0rc2-1.fc41.src.rpm']
18:55:16 [qb.build_rpm.securedrop-workstation-keyring.host-fc41.build] Finish: run
18:55:16 [qb.build_rpm.securedrop-workstation-keyring.host-fc41.build] + SOURCE_DIR=/builder/build
18:55:16 [qb.build_rpm.securedrop-workstation-keyring.host-fc41.build] + TARGET_DIR=/builder/build/rpm
18:55:16 [qb.build_rpm.securedrop-workstation-keyring.host-fc41.build] + DIST_TAG=fc41
18:55:16 [qb.build_rpm.securedrop-workstation-keyring.host-fc41.build] + ARCH=x86_64
18:55:16 [qb.build_rpm.securedrop-workstation-keyring.host-fc41.build] + '[' -d /builder/build ']'
18:55:16 [qb.build_rpm.securedrop-workstation-keyring.host-fc41.build] + mkdir -p /builder/build/rpm
18:55:16 [qb.build_rpm.securedrop-workstation-keyring.host-fc41.build] + echo -n
18:55:16 [qb.build_rpm.securedrop-workstation-keyring.host-fc41.build] + readarray -t RPMS
18:55:16 [qb.build_rpm.securedrop-workstation-keyring.host-fc41.build] ++ find /builder/build -name '*.fc41.x86_64.rpm' -o -name '*.fc41.noarch.rpm'
18:55:16 [qb.build_rpm.securedrop-workstation-keyring.host-fc41.build] find: '/builder/build/fedora-41-x86_64/root/var/cache/ldconfig': Permission denied
18:55:16 [qb.build_rpm.securedrop-workstation-keyring.host-fc41.build] find: '/builder/build/fedora-41-x86_64/root/root': Permission denied
18:55:16 [qb.build_rpm.securedrop-workstation-keyring.host-fc41.build] Found /builder/build/fedora-41-x86_64/root/builddir/build/RPMS/securedrop-workstation-keyring-0.3.0rc2-1.fc41.noarch.rpm
18:55:16 [qb.build_rpm.securedrop-workstation-keyring.host-fc41.build] + for rpm in "${RPMS[@]}"
18:55:16 [qb.build_rpm.securedrop-workstation-keyring.host-fc41.build] + echo 'Found /builder/build/fedora-41-x86_64/root/builddir/build/RPMS/securedrop-workstation-keyring-0.3.0rc2-1.fc41.noarch.rpm'
18:55:16 [qb.build_rpm.securedrop-workstation-keyring.host-fc41.build] + mv /builder/build/fedora-41-x86_64/root/builddir/build/RPMS/securedrop-workstation-keyring-0.3.0rc2-1.fc41.noarch.rpm /builder/build/rpm/
18:55:16 [qb.build_rpm.securedrop-workstation-keyring.host-fc41.build] + basename /builder/build/fedora-41-x86_64/root/builddir/build/RPMS/securedrop-workstation-keyring-0.3.0rc2-1.fc41.noarch.rpm
18:55:16 [qb.build_rpm.securedrop-workstation-keyring.host-fc41.build] Found /builder/build/securedrop-workstation-keyring-0.3.0rc2-1.fc41.noarch.rpm
18:55:16 [qb.build_rpm.securedrop-workstation-keyring.host-fc41.build] + for rpm in "${RPMS[@]}"
18:55:16 [qb.build_rpm.securedrop-workstation-keyring.host-fc41.build] + echo 'Found /builder/build/securedrop-workstation-keyring-0.3.0rc2-1.fc41.noarch.rpm'
18:55:16 [qb.build_rpm.securedrop-workstation-keyring.host-fc41.build] + mv /builder/build/securedrop-workstation-keyring-0.3.0rc2-1.fc41.noarch.rpm /builder/build/rpm/
18:55:16 [qb.build_rpm.securedrop-workstation-keyring.host-fc41.build] + basename /builder/build/securedrop-workstation-keyring-0.3.0rc2-1.fc41.noarch.rpm
18:55:16 [qb.build_rpm.securedrop-workstation-keyring.host-fc41.build] copy-out (cmd): docker cp aa51420ffc9f85dcc2a1c066607aecb3d2d626c7da8bdc38a4d6e8829e31dcf0:/builder/build/rpm/securedrop-workstation-keyring-0.3.0rc2-1.fc41.noarch.rpm /home/user/qubes-builderv2/artifacts/components/securedrop-workstation-keyring/0.3.0rc2-1/host-fc41/build/rpm
18:55:16 [qb.build_rpm.securedrop-workstation-keyring.host-fc41.build] copy-out (cmd): docker cp aa51420ffc9f85dcc2a1c066607aecb3d2d626c7da8bdc38a4d6e8829e31dcf0:/builder/build/securedrop-workstation-keyring-0.3.0rc2-1.fc41.x86_64.buildinfo /home/user/qubes-builderv2/artifacts/components/securedrop-workstation-keyring/0.3.0rc2-1/host-fc41/build/rpm
18:55:16 [qb.build_rpm.securedrop-workstation-keyring.host-fc41.build] copy-out (cmd): docker cp aa51420ffc9f85dcc2a1c066607aecb3d2d626c7da8bdc38a4d6e8829e31dcf0:/builder/build/rpm/securedrop-workstation-keyring-debugsource-0.3.0rc2-1.fc41.noarch.rpm /home/user/qubes-builderv2/artifacts/components/securedrop-workstation-keyring/0.3.0rc2-1/host-fc41/build/rpm
18:55:16 [qb.build_rpm.securedrop-workstation-keyring.host-fc41.build] File not found inside container: /builder/build/rpm/securedrop-workstation-keyring-debugsource-0.3.0rc2-1.fc41.noarch.rpm.
18:55:16 [qb.build_rpm.securedrop-workstation-keyring.host-fc41.build] copy-out (cmd): docker cp aa51420ffc9f85dcc2a1c066607aecb3d2d626c7da8bdc38a4d6e8829e31dcf0:/builder/build/rpm/securedrop-workstation-keyring-debuginfo-0.3.0rc2-1.fc41.noarch.rpm /home/user/qubes-builderv2/artifacts/components/securedrop-workstation-keyring/0.3.0rc2-1/host-fc41/build/rpm
18:55:16 [qb.build_rpm.securedrop-workstation-keyring.host-fc41.build] File not found inside container: /builder/build/rpm/securedrop-workstation-keyring-debuginfo-0.3.0rc2-1.fc41.noarch.rpm.
18:55:17 [qb.build_rpm.securedrop-workstation-keyring.host-fc41] securedrop-workstation-keyring:host-fedora-41.x86_64:rpm_spec/securedrop-workstation-keyring.spec: Provisioning local repository '/home/user/qubes-builderv2/artifacts/repository/host-fc41'.
Copy RPM and buildinfo to local build directory
Build complete, RPM and checksum:
25212cdaa662fb0c3ce5f1136a028351924d73f4c2bfb1ea766b54f9ba031686  build/securedrop-workstation-keyring-0.3.0rc2-1.fc37.noarch.rpm
b87be702092e8fdc6625453c3f3a7a48fdc1d4b31755ebf06359dc2bae545418  build/securedrop-workstation-keyring-0.3.0rc2-1.fc41.noarch.rpm
Note: build directory is regenerated on every build!
Save this .rpm locally if you want to preserve it and intend to run the build again.
To test reproducibility, run `make reprotest`.
user@sd-dev:~/securedrop-workstation-keyring$ 
