user@sd-dvm:~/securedrop-workstation$ git tag -v 0.9.0
object d549929033f7abeb6b4af14cbb44d67a0f697c06
type commit
tag 0.9.0
tagger Kevin O'Gorman <kog@freedom.press> 1701286551 -0500

SecureDrop Workstation 0.9.0
gpg: Signature made Wed Nov 29 14:41:49 2023 EST
gpg:                using RSA key 2359E6538C0613E652955E6C188EDD3B7B22E6A3
gpg: Good signature from "SecureDrop Release Signing Key <securedrop-release-key-2021@freedom.press>" [unknown]
gpg: WARNING: This key is not certified with a trusted signature!
gpg:          There is no indication that the signature belongs to the owner.
Primary key fingerprint: 2359 E653 8C06 13E6 5295  5E6C 188E DD3B 7B22 E6A3
user@sd-dvm:~/securedrop-workstation$ git checkout 0.9.0
Note: switching to '0.9.0'.

You are in 'detached HEAD' state. You can look around, make experimental
changes and commit them, and you can discard any commits you make in this
state without impacting any branches by switching back to a branch.

If you want to create a new branch to retain commits you create, you may
do so (now or later) by using -c with the switch command. Example:

  git switch -c <new-branch-name>

Or undo this operation with:

  git switch -

Turn off this advice by setting config variable advice.detachedHead to false

HEAD is now at d549929 SecureDrop Workstation 0.9.0
user@sd-dvm:~/securedrop-workstation$ git log -1 --oneline
d549929 (HEAD, tag: 0.9.0, origin/bump-0.9.0-release-ver, bump-0.9.0-release-ver) SecureDrop Workstation 0.9.0
user@sd-dvm:~/securedrop-workstation$ make build-rpm
grep: /etc/fedora-release: No such file or directory
USE_BUILD_CONTAINER=true ./scripts/container.sh ./scripts/build-rpm.sh
[+] Building 156.1s (10/10) FINISHED                                                    docker:default
 => [internal] load build definition from Dockerfile                                              0.0s
 => => transferring dockerfile: 495B                                                              0.0s
 => [internal] load .dockerignore                                                                 0.0s
 => => transferring context: 2B                                                                   0.0s
 => [internal] load metadata for registry.fedoraproject.org/fedora:32                             0.6s
 => [1/5] FROM registry.fedoraproject.org/fedora:32@sha256:acc80ce6652d35f55ad220aa1cfa3787cbaf  15.6s
 => => resolve registry.fedoraproject.org/fedora:32@sha256:acc80ce6652d35f55ad220aa1cfa3787cbaf1  0.0s
 => => sha256:acc80ce6652d35f55ad220aa1cfa3787cbaf19b0016b202f1ab29dc5060f5392 1.22kB / 1.22kB    0.0s
 => => sha256:3eb61b62df959e1571a0952919bc2def05f14afc7920ca562f7b569de61d66e8 429B / 429B        0.0s
 => => sha256:27a9790209529e14132d05f032228f339a4fe1dd1e93a588f5af2c06c0234969 1.32kB / 1.32kB    0.0s
 => => sha256:480478cefb5d287032080377942da2c2ccb15cdcc5c45f3beb06aef1267bc8c 77.95MB / 77.95MB  12.6s
 => => extracting sha256:480478cefb5d287032080377942da2c2ccb15cdcc5c45f3beb06aef1267bc8c4         2.9s
 => [internal] load build context                                                                 0.0s
 => => transferring context: 8.48kB                                                               0.0s
 => [2/5] RUN dnf install -y make                                                                75.3s
 => [3/5] COPY Makefile Makefile                                                                  0.1s 
 => [4/5] RUN make install-deps                                                                  60.0s 
 => [5/5] RUN if test user != root ; then useradd --no-create-home --home-dir /tmp --uid 1000 us  0.8s 
 => exporting to image                                                                            3.5s 
 => => exporting layers                                                                           3.5s 
 => => writing image sha256:8415cc4a50453f175dbbbf7a3a1c28f3995b30d5729d49c45a31cb7b44a1217e      0.0s 
 => => naming to docker.io/library/securedrop-workstation-dom0-config                             0.0s 
Removing dist/                                                                                         
running sdist
running egg_info
creating securedrop_workstation_dom0_config.egg-info
writing securedrop_workstation_dom0_config.egg-info/PKG-INFO
writing dependency_links to securedrop_workstation_dom0_config.egg-info/dependency_links.txt
writing top-level names to securedrop_workstation_dom0_config.egg-info/top_level.txt
writing manifest file 'securedrop_workstation_dom0_config.egg-info/SOURCES.txt'
reading manifest file 'securedrop_workstation_dom0_config.egg-info/SOURCES.txt'
reading manifest template 'MANIFEST.in'
writing manifest file 'securedrop_workstation_dom0_config.egg-info/SOURCES.txt'
running check
creating securedrop-workstation-dom0-config-0.9.0
creating securedrop-workstation-dom0-config-0.9.0/dom0
creating securedrop-workstation-dom0-config-0.9.0/files
creating securedrop-workstation-dom0-config-0.9.0/launcher
creating securedrop-workstation-dom0-config-0.9.0/launcher/sdw_notify
creating securedrop-workstation-dom0-config-0.9.0/launcher/sdw_updater_gui
creating securedrop-workstation-dom0-config-0.9.0/launcher/sdw_util
creating securedrop-workstation-dom0-config-0.9.0/sd-app
creating securedrop-workstation-dom0-config-0.9.0/sd-proxy
creating securedrop-workstation-dom0-config-0.9.0/sd-whonix
creating securedrop-workstation-dom0-config-0.9.0/sd-workstation
creating securedrop-workstation-dom0-config-0.9.0/securedrop_workstation_dom0_config.egg-info
creating securedrop-workstation-dom0-config-0.9.0/sys-firewall
creating securedrop-workstation-dom0-config-0.9.0/usb-autoattach
copying files to securedrop-workstation-dom0-config-0.9.0...
copying LICENSE -> securedrop-workstation-dom0-config-0.9.0
copying MANIFEST.in -> securedrop-workstation-dom0-config-0.9.0
copying README.md -> securedrop-workstation-dom0-config-0.9.0
copying VERSION -> securedrop-workstation-dom0-config-0.9.0
copying setup.py -> securedrop-workstation-dom0-config-0.9.0
copying dom0/dom0-xfce-desktop-file.j2 -> securedrop-workstation-dom0-config-0.9.0/dom0
copying dom0/fpf-apt-repo.sls -> securedrop-workstation-dom0-config-0.9.0/dom0
copying dom0/remove-tags -> securedrop-workstation-dom0-config-0.9.0/dom0
copying dom0/sd-app-config.sls -> securedrop-workstation-dom0-config-0.9.0/dom0
copying dom0/sd-app-files.sls -> securedrop-workstation-dom0-config-0.9.0/dom0
copying dom0/sd-app.sls -> securedrop-workstation-dom0-config-0.9.0/dom0
copying dom0/sd-clean-all.sls -> securedrop-workstation-dom0-config-0.9.0/dom0
copying dom0/sd-clean-default-dispvm.sls -> securedrop-workstation-dom0-config-0.9.0/dom0
copying dom0/sd-default-config.sls -> securedrop-workstation-dom0-config-0.9.0/dom0
copying dom0/sd-default-config.yml -> securedrop-workstation-dom0-config-0.9.0/dom0
copying dom0/sd-devices-files.sls -> securedrop-workstation-dom0-config-0.9.0/dom0
copying dom0/sd-devices.sls -> securedrop-workstation-dom0-config-0.9.0/dom0
copying dom0/sd-dom0-crontab.sls -> securedrop-workstation-dom0-config-0.9.0/dom0
copying dom0/sd-dom0-files.sls -> securedrop-workstation-dom0-config-0.9.0/dom0
copying dom0/sd-dom0-qvm-rpc.sls -> securedrop-workstation-dom0-config-0.9.0/dom0
copying dom0/sd-dom0-systemd.sls -> securedrop-workstation-dom0-config-0.9.0/dom0
copying dom0/sd-gpg-files.sls -> securedrop-workstation-dom0-config-0.9.0/dom0
copying dom0/sd-gpg.sls -> securedrop-workstation-dom0-config-0.9.0/dom0
copying dom0/sd-log.sls -> securedrop-workstation-dom0-config-0.9.0/dom0
copying dom0/sd-logging-setup.sls -> securedrop-workstation-dom0-config-0.9.0/dom0
copying dom0/sd-mime-handling.sls -> securedrop-workstation-dom0-config-0.9.0/dom0
copying dom0/sd-proxy-files.sls -> securedrop-workstation-dom0-config-0.9.0/dom0
copying dom0/sd-proxy-template-files.sls -> securedrop-workstation-dom0-config-0.9.0/dom0
copying dom0/sd-proxy.sls -> securedrop-workstation-dom0-config-0.9.0/dom0
copying dom0/sd-remove-unused-templates.sls -> securedrop-workstation-dom0-config-0.9.0/dom0
copying dom0/sd-rsyslog.conf.j2 -> securedrop-workstation-dom0-config-0.9.0/dom0
copying dom0/sd-sys-vms.sls -> securedrop-workstation-dom0-config-0.9.0/dom0
copying dom0/sd-sys-whonix-vms.sls -> securedrop-workstation-dom0-config-0.9.0/dom0
copying dom0/sd-upgrade-templates.sls -> securedrop-workstation-dom0-config-0.9.0/dom0
copying dom0/sd-usb-autoattach-add.sls -> securedrop-workstation-dom0-config-0.9.0/dom0
copying dom0/sd-usb-autoattach-remove.sls -> securedrop-workstation-dom0-config-0.9.0/dom0
copying dom0/sd-viewer-files.sls -> securedrop-workstation-dom0-config-0.9.0/dom0
copying dom0/sd-viewer.sls -> securedrop-workstation-dom0-config-0.9.0/dom0
copying dom0/sd-whonix-hidserv-key.sls -> securedrop-workstation-dom0-config-0.9.0/dom0
copying dom0/sd-whonix.sls -> securedrop-workstation-dom0-config-0.9.0/dom0
copying dom0/sd-workstation-template-files.sls -> securedrop-workstation-dom0-config-0.9.0/dom0
copying dom0/sd-workstation-template.sls -> securedrop-workstation-dom0-config-0.9.0/dom0
copying dom0/sd-workstation.top -> securedrop-workstation-dom0-config-0.9.0/dom0
copying dom0/sdlog.conf -> securedrop-workstation-dom0-config-0.9.0/dom0
copying dom0/securedrop-check-migration -> securedrop-workstation-dom0-config-0.9.0/dom0
copying dom0/securedrop-handle-upgrade -> securedrop-workstation-dom0-config-0.9.0/dom0
copying dom0/securedrop-launcher.desktop -> securedrop-workstation-dom0-config-0.9.0/dom0
copying dom0/securedrop-login -> securedrop-workstation-dom0-config-0.9.0/dom0
copying dom0/update-xfce-settings -> securedrop-workstation-dom0-config-0.9.0/dom0
copying files/clean-salt -> securedrop-workstation-dom0-config-0.9.0/files
copying files/config.json.example -> securedrop-workstation-dom0-config-0.9.0/files
copying files/destroy-vm -> securedrop-workstation-dom0-config-0.9.0/files
copying files/provision-all -> securedrop-workstation-dom0-config-0.9.0/files
copying files/sdw-admin.py -> securedrop-workstation-dom0-config-0.9.0/files
copying files/validate_config.py -> securedrop-workstation-dom0-config-0.9.0/files
copying launcher/sdw-launcher.py -> securedrop-workstation-dom0-config-0.9.0/launcher
copying launcher/sdw-notify.py -> securedrop-workstation-dom0-config-0.9.0/launcher
copying launcher/sdw_notify/Notify.py -> securedrop-workstation-dom0-config-0.9.0/launcher/sdw_notify
copying launcher/sdw_notify/NotifyApp.py -> securedrop-workstation-dom0-config-0.9.0/launcher/sdw_notify
copying launcher/sdw_notify/strings.py -> securedrop-workstation-dom0-config-0.9.0/launcher/sdw_notify
copying launcher/sdw_updater_gui/Updater.py -> securedrop-workstation-dom0-config-0.9.0/launcher/sdw_updater_gui
copying launcher/sdw_updater_gui/UpdaterApp.py -> securedrop-workstation-dom0-config-0.9.0/launcher/sdw_updater_gui
copying launcher/sdw_updater_gui/UpdaterAppUiQt5.py -> securedrop-workstation-dom0-config-0.9.0/launcher/sdw_updater_gui
copying launcher/sdw_updater_gui/strings.py -> securedrop-workstation-dom0-config-0.9.0/launcher/sdw_updater_gui
copying launcher/sdw_util/Util.py -> securedrop-workstation-dom0-config-0.9.0/launcher/sdw_util
copying sd-app/config.json.j2 -> securedrop-workstation-dom0-config-0.9.0/sd-app
copying sd-proxy/mimeapps.list -> securedrop-workstation-dom0-config-0.9.0/sd-proxy
copying sd-proxy/sd-proxy.yaml -> securedrop-workstation-dom0-config-0.9.0/sd-proxy
copying sd-whonix/app-journalist.yaml -> securedrop-workstation-dom0-config-0.9.0/sd-whonix
copying sd-workstation/apt-test-pubkey.asc -> securedrop-workstation-dom0-config-0.9.0/sd-workstation
copying sd-workstation/logo-small.png -> securedrop-workstation-dom0-config-0.9.0/sd-workstation
copying sd-workstation/securedrop-release-signing-pubkey-2021.asc -> securedrop-workstation-dom0-config-0.9.0/sd-workstation
copying securedrop_workstation_dom0_config.egg-info/PKG-INFO -> securedrop-workstation-dom0-config-0.9.0/securedrop_workstation_dom0_config.egg-info
copying securedrop_workstation_dom0_config.egg-info/SOURCES.txt -> securedrop-workstation-dom0-config-0.9.0/securedrop_workstation_dom0_config.egg-info
copying securedrop_workstation_dom0_config.egg-info/dependency_links.txt -> securedrop-workstation-dom0-config-0.9.0/securedrop_workstation_dom0_config.egg-info
copying securedrop_workstation_dom0_config.egg-info/top_level.txt -> securedrop-workstation-dom0-config-0.9.0/securedrop_workstation_dom0_config.egg-info
copying sys-firewall/sd-copy-rpm-repo-pubkey.sh -> securedrop-workstation-dom0-config-0.9.0/sys-firewall
copying usb-autoattach/99-sd-devices.rules -> securedrop-workstation-dom0-config-0.9.0/usb-autoattach
copying usb-autoattach/sd-attach-export-device -> securedrop-workstation-dom0-config-0.9.0/usb-autoattach
Writing securedrop-workstation-dom0-config-0.9.0/setup.cfg
creating dist
Creating tar archive
removing 'securedrop-workstation-dom0-config-0.9.0' (and everything under it)
find: ‘debug’: No such file or directory

Build complete! RPMs and their checksums are:

071f1dd6a43f54dcfbdc6109d96d16bbc32a9ed5ab862e804f055dc9a2d0f953  rpm-build/RPMS/noarch/securedrop-workstation-dom0-config-0.9.0-1.fc32.noarch.rpm

