user@sd-dev:~/securedrop-workstation$ git tag -v 1.1.0
object 532c8b7aff3593b0bd8c29463bd486a0c713977d
type commit
tag 1.1.0
tagger Kevin O'Gorman <kog@freedom.press> 1740581018 -0500

SecureDrop Workstation 1.1.0
gpg: Signature made Wed 26 Feb 2025 02:45:51 PM GMT
gpg:                using RSA key 2359E6538C0613E652955E6C188EDD3B7B22E6A3
gpg: Good signature from "SecureDrop Release Signing Key <securedrop-release-key-2021@freedom.press>" [unknown]
gpg: WARNING: This key is not certified with a trusted signature!
gpg:          There is no indication that the signature belongs to the owner.
Primary key fingerprint: 2359 E653 8C06 13E6 5295  5E6C 188E DD3B 7B22 E6A3
user@sd-dev:~/securedrop-workstation$ git checkout 1.1.0
HEAD is now at 532c8b7 Merge pull request #1259 from freedomofpress/changelog-1.1.0
user@sd-dev:~/securedrop-workstation$ git show
commit 532c8b7aff3593b0bd8c29463bd486a0c713977d (HEAD, tag: show, tag: 1.1.0, origin/release/1.1.0)
Merge: 07b7056 60c6d41
Author: rocodes <ro@freedom.press>
Date:   Wed Feb 26 09:23:58 2025 -0500

    Merge pull request #1259 from freedomofpress/changelog-1.1.0
    
    Update changelog and version string for SecureDrop Workstation 1.1.0

user@sd-dev:~/securedrop-workstation$ make build-rpm
grep: /etc/fedora-release: No such file or directory
Building SecureDop Workstation RPM...
Script started, output log file is 'build-log/securedrop-workstation-20250226.log'.
STEP 1/14: FROM registry.fedoraproject.org/fedora:37
STEP 2/14: LABEL org="Freedom of the Press"
--> Using cache b990b5f9c3b897e6b37d0177a4788a002fb5534d6ddba30d8a80d10b5d6d9ce7
--> b990b5f9c3b
STEP 3/14: LABEL image_name="securedrop-workstation-qubes-4.2"
--> Using cache 527a58dcf802a2fa31e76be4f7fa0006fc40f2687bd8ae9a4db5d548aad72fe3
--> 527a58dcf80
STEP 4/14: ARG USER_NAME
--> Using cache b8ef31c82d69818b3b1039fafe61d8d0e0787943e930bb51b3008d3e10ab1782
--> b8ef31c82d6
STEP 5/14: ENV USER_NAME ${USER_NAME:-root}
--> Using cache 032672a23872f044df2d15741ddb3fa7a3ef8bd9dc2593416cbab99c22ddb54a
--> 032672a2387
STEP 6/14: ARG USER_ID
--> Using cache 1a1790e90711eff45464bea23af34d819ffb8038795c2b19fee6c81565ad82b9
--> 1a1790e9071
STEP 7/14: ENV USER_ID ${USER_ID:-0}
--> Using cache d0777640f70a05e7dd8981ee5a9fffaca3a672bb53304e5fc142759b34c071eb
--> d0777640f70
STEP 8/14: RUN dnf install -y make
--> Using cache 29f7f46eb66701e4468d270259605bf87dddbe735dba91013fac6355c00414ac
--> 29f7f46eb66
STEP 9/14: COPY Makefile Makefile
--> Using cache ec414b8c4989973a06a7908b27ae8100c82b98d1dbb30c1e333d8f84a28e4a6a
--> ec414b8c498
STEP 10/14: COPY rpm-build/SPECS rpm-build/SPECS
--> Using cache d0887859e26537a550b2424e2db92ae4d4eb927916e750ccbf18c16e22a73b05
--> d0887859e26
STEP 11/14: ARG DEPS=build-deps
--> Using cache 5580ca687ea047115d280628b26cab301f76d8301e9bd26f9e6fb67d88f2007f
--> 5580ca687ea
STEP 12/14: RUN make ${DEPS}
--> Using cache 265a05b07eb54e306056fe43c89cd2ae3d5b51f17667616db703434e2d6a97f6
--> 265a05b07eb
STEP 13/14: RUN rm -rf rpm-build
--> Using cache 8a62165cab3c5d2edc0778588f473b3b84628d32a338ba57c1e808886fe138fa
--> 8a62165cab3
STEP 14/14: RUN if test $USER_NAME != root ; then useradd --no-create-home --home-dir /tmp --uid $USER_ID $USER_NAME && echo "$USER_NAME ALL=(ALL) NOPASSWD:ALL" >> /etc/sudoers ; fi
--> Using cache 1eb1e0544acb1cbef65e1d3ec6d0fd7e61d6f35c150a60302e668f13e6b81c2e
COMMIT securedrop-workstation-dom0-config
--> 1eb1e0544ac
Successfully tagged localhost/securedrop-workstation-dom0-config:latest
1eb1e0544acb1cbef65e1d3ec6d0fd7e61d6f35c150a60302e668f13e6b81c2e
Removing dist/
Removing rpm-build/RPMS/noarch/
Removing rpm-build/SOURCES/securedrop-workstation-dom0-config-1.1.0rc2.tar.gz
configuration error: `project` must contain ['name'] properties
DESCRIPTION:
    Data structure for the **project** table inside ``pyproject.toml`` (as
    initially defined in :pep:`621`)

GIVEN VALUE:
    {
        "requires-python": ">=3.11"
    }

OFFENDING RULE: 'required'

DEFINITION:
    {
        "$schema": "http://json-schema.org/draft-07/schema",
        "$id": "https://packaging.python.org/en/latest/specifications/declaring-project-metadata/",
        "title": "Package metadata stored in the ``project`` table",
        "type": "object",
        "properties": {
            "name": {
                "type": "string",
                "description": "The name (primary identifier) of the project. MUST be statically defined.",
                "format": "pep508-identifier"
            },
            "version": {
                "type": "string",
                "description": "The version of the project as supported by :pep:`440`.",
                "format": "pep440"
            },
            "description": {
                "type": "string",
                "$$description": [
                    "The `summary description of the project",
                    "<https://packaging.python.org/specifications/core-metadata/#summary>`_"
                ]
            },
            "readme": {
                "$$description": [
                    "`Full/detailed description of the project in the form of a README",
                    "<https://www.python.org/dev/peps/pep-0621/#readme>`_",
                    "with meaning similar to the one defined in `core metadata's Description",
                    "<https://packaging.python.org/specifications/core-metadata/#description>`_"
                ],
                "oneOf": [
                    {
                        "type": "string",
                        "$$description": [
                            "Relative path to a text file (UTF-8) containing the full description",
                            "of the project. If the file path ends in case-insensitive ``.md`` or",
                            "``.rst`` suffixes, then the content-type is respectively",
                            "``text/markdown`` or ``text/x-rst``"
                        ]
                    },
                    {
                        "type": "object",
                        "allOf": [
                            {
                                "anyOf": [
                                    {
                                        "properties": {
                                            "file": {
                                                "type": "string",
                                                "$$description": [
                                                    "Relative path to a text file containing the full description",
                                                    "of the project."
                                                ]
                                            }
                                        },
                                        "required": [
                                            "file"
                                        ]
                                    },
                                    {
                                        "properties": {
                                            "text": {
                                                "type": "string",
                                                "description": "Full text describing the project."
                                            }
                                        },
                                        "required": [
                                            "text"
                                        ]
                                    }
                                ]
                            },
                            {
                                "properties": {
                                    "content-type": {
                                        "type": "string",
                                        "$$description": [
                                            "Content-type (:rfc:`1341`) of the full description",
                                            "(e.g. ``text/markdown``). The ``charset`` parameter is assumed",
                                            "UTF-8 when not present."
                                        ],
                                        "$comment": "TODO: add regex pattern or format?"
                                    }
                                },
                                "required": [
                                    "content-type"
                                ]
                            }
                        ]
                    }
                ]
            },
            "requires-python": {
                "type": "string",
                "format": "pep508-versionspec",
                "$$description": [
                    "`The Python version requirements of the project",
                    "<https://packaging.python.org/specifications/core-metadata/#requires-python>`_."
                ]
            },
            "license": {
                "description": "`Project license <https://www.python.org/dev/peps/pep-0621/#license>`_.",
                "oneOf": [
                    {
                        "properties": {
                            "file": {
                                "type": "string",
                                "$$description": [
                                    "Relative path to the file (UTF-8) which contains the license for the",
                                    "project."
                                ]
                            }
                        },
                        "required": [
                            "file"
                        ]
                    },
                    {
                        "properties": {
                            "text": {
                                "type": "string",
                                "$$description": [
                                    "The license of the project whose meaning is that of the",
                                    "`License field from the core metadata",
                                    "<https://packaging.python.org/specifications/core-metadata/#license>`_."
                                ]
                            }
                        },
                        "required": [
                            "text"
                        ]
                    }
                ]
            },
            "authors": {
                "type": "array",
                "items": {
                    "$id": "#/definitions/author",
                    "title": "Author or Maintainer",
                    "$comment": "https://www.python.org/dev/peps/pep-0621/#authors-maintainers",
                    "type": "object",
                    "properties": {
                        "name": {
                            "type": "string",
                            "$$description": [
                                "MUST be a valid email name, i.e. whatever can be put as a name, before an",
                                "email, in :rfc:`822`."
                            ]
                        },
                        "email": {
                            "type": "string",
                            "format": "idn-email",
                            "description": "MUST be a valid email address"
                        }
                    }
                },
                "$$description": [
                    "The people or organizations considered to be the 'authors' of the project.",
                    "The exact meaning is open to interpretation (e.g. original or primary authors,",
                    "current maintainers, or owners of the package)."
                ]
            },
            "maintainers": {
                "type": "array",
                "items": {
                    "$id": "#/definitions/author",
                    "title": "Author or Maintainer",
                    "$comment": "https://www.python.org/dev/peps/pep-0621/#authors-maintainers",
                    "type": "object",
                    "properties": {
                        "name": {
                            "type": "string",
                            "$$description": [
                                "MUST be a valid email name, i.e. whatever can be put as a name, before an",
                                "email, in :rfc:`822`."
                            ]
                        },
                        "email": {
                            "type": "string",
                            "format": "idn-email",
                            "description": "MUST be a valid email address"
                        }
                    }
                },
                "$$description": [
                    "The people or organizations considered to be the 'maintainers' of the project.",
                    "Similarly to ``authors``, the exact meaning is open to interpretation."
                ]
            },
            "keywords": {
                "type": "array",
                "items": {
                    "type": "string"
                },
                "description": "List of keywords to assist searching for the distribution in a larger catalog."
            },
            "classifiers": {
                "type": "array",
                "items": {
                    "type": "string",
                    "format": "trove-classifier",
                    "description": "`PyPI classifier <https://pypi.org/classifiers/>`_."
                },
                "$$description": [
                    "`Trove classifiers <https://pypi.org/classifiers/>`_",
                    "which apply to the project."
                ]
            },
            "urls": {
                "type": "object",
                "description": "URLs associated with the project in the form ``label => value``.",
                "additionalProperties": false,
                "patternProperties": {
                    "^.+$": {
                        "type": "string",
                        "format": "url"
                    }
                }
            },
            "scripts": {
                "$id": "#/definitions/entry-point-group",
                "title": "Entry-points",
                "type": "object",
                "$$description": [
                    "Entry-points are grouped together to indicate what sort of capabilities they",
                    "provide.",
                    "See the `packaging guides",
                    "<https://packaging.python.org/specifications/entry-points/>`_",
                    "and `setuptools docs",
                    "<https://setuptools.pypa.io/en/latest/userguide/entry_point.html>`_",
                    "for more information."
                ],
                "propertyNames": {
                    "format": "python-entrypoint-name"
                },
                "additionalProperties": false,
                "patternProperties": {
                    "^.+$": {
                        "type": "string",
                        "$$description": [
                            "Reference to a Python object. It is either in the form",
                            "``importable.module``, or ``importable.module:object.attr``."
                        ],
                        "format": "python-entrypoint-reference",
                        "$comment": "https://packaging.python.org/specifications/entry-points/"
                    }
                }
            },
            "gui-scripts": {
                "$id": "#/definitions/entry-point-group",
                "title": "Entry-points",
                "type": "object",
                "$$description": [
                    "Entry-points are grouped together to indicate what sort of capabilities they",
                    "provide.",
                    "See the `packaging guides",
                    "<https://packaging.python.org/specifications/entry-points/>`_",
                    "and `setuptools docs",
                    "<https://setuptools.pypa.io/en/latest/userguide/entry_point.html>`_",
                    "for more information."
                ],
                "propertyNames": {
                    "format": "python-entrypoint-name"
                },
                "additionalProperties": false,
                "patternProperties": {
                    "^.+$": {
                        "type": "string",
                        "$$description": [
                            "Reference to a Python object. It is either in the form",
                            "``importable.module``, or ``importable.module:object.attr``."
                        ],
                        "format": "python-entrypoint-reference",
                        "$comment": "https://packaging.python.org/specifications/entry-points/"
                    }
                }
            },
            "entry-points": {
                "$$description": [
                    "Instruct the installer to expose the given modules/functions via",
                    "``entry-point`` discovery mechanism (useful for plugins).",
                    "More information available in the `Python packaging guide",
                    "<https://packaging.python.org/specifications/entry-points/>`_."
                ],
                "propertyNames": {
                    "format": "python-entrypoint-group"
                },
                "additionalProperties": false,
                "patternProperties": {
                    "^.+$": {
                        "$id": "#/definitions/entry-point-group",
                        "title": "Entry-points",
                        "type": "object",
                        "$$description": [
                            "Entry-points are grouped together to indicate what sort of capabilities they",
                            "provide.",
                            "See the `packaging guides",
                            "<https://packaging.python.org/specifications/entry-points/>`_",
                            "and `setuptools docs",
                            "<https://setuptools.pypa.io/en/latest/userguide/entry_point.html>`_",
                            "for more information."
                        ],
                        "propertyNames": {
                            "format": "python-entrypoint-name"
                        },
                        "additionalProperties": false,
                        "patternProperties": {
                            "^.+$": {
                                "type": "string",
                                "$$description": [
                                    "Reference to a Python object. It is either in the form",
                                    "``importable.module``, or ``importable.module:object.attr``."
                                ],
                                "format": "python-entrypoint-reference",
                                "$comment": "https://packaging.python.org/specifications/entry-points/"
                            }
                        }
                    }
                }
            },
            "dependencies": {
                "type": "array",
                "description": "Project (mandatory) dependencies.",
                "items": {
                    "$id": "#/definitions/dependency",
                    "title": "Dependency",
                    "type": "string",
                    "description": "Project dependency specification according to PEP 508",
                    "format": "pep508"
                }
            },
            "optional-dependencies": {
                "type": "object",
                "description": "Optional dependency for the project",
                "propertyNames": {
                    "format": "pep508-identifier"
                },
                "additionalProperties": false,
                "patternProperties": {
                    "^.+$": {
                        "type": "array",
                        "items": {
                            "$id": "#/definitions/dependency",
                            "title": "Dependency",
                            "type": "string",
                            "description": "Project dependency specification according to PEP 508",
                            "format": "pep508"
                        }
                    }
                }
            },
            "dynamic": {
                "type": "array",
                "$$description": [
                    "Specifies which fields are intentionally unspecified and expected to be",
                    "dynamically provided by build tools"
                ],
                "items": {
                    "enum": [
                        "version",
                        "description",
                        "readme",
                        "requires-python",
                        "license",
                        "authors",
                        "maintainers",
                        "keywords",
                        "classifiers",
                        "urls",
                        "scripts",
                        "gui-scripts",
                        "entry-points",
                        "dependencies",
                        "optional-dependencies"
                    ]
                }
            }
        },
        "required": [
            "name"
        ],
        "additionalProperties": false,
        "if": {
            "not": {
                "required": [
                    "dynamic"
                ],
                "properties": {
                    "dynamic": {
                        "contains": {
                            "const": "version"
                        },
                        "$$description": [
                            "version is listed in ``dynamic``"
                        ]
                    }
                }
            },
            "$$comment": [
                "According to :pep:`621`:",
                "    If the core metadata specification lists a field as \"Required\", then",
                "    the metadata MUST specify the field statically or list it in dynamic",
                "In turn, `core metadata`_ defines:",
                "    The required fields are: Metadata-Version, Name, Version.",
                "    All the other fields are optional.",
                "Since ``Metadata-Version`` is defined by the build back-end, ``name`` and",
                "``version`` are the only mandatory information in ``pyproject.toml``.",
                ".. _core metadata: https://packaging.python.org/specifications/core-metadata/"
            ]
        },
        "then": {
            "required": [
                "version"
            ],
            "$$description": [
                "version should be statically defined in the ``version`` field"
            ]
        },
        "definitions": {
            "author": {
                "$id": "#/definitions/author",
                "title": "Author or Maintainer",
                "$comment": "https://www.python.org/dev/peps/pep-0621/#authors-maintainers",
                "type": "object",
                "properties": {
                    "name": {
                        "type": "string",
                        "$$description": [
                            "MUST be a valid email name, i.e. whatever can be put as a name, before an",
                            "email, in :rfc:`822`."
                        ]
                    },
                    "email": {
                        "type": "string",
                        "format": "idn-email",
                        "description": "MUST be a valid email address"
                    }
                }
            },
            "entry-point-group": {
                "$id": "#/definitions/entry-point-group",
                "title": "Entry-points",
                "type": "object",
                "$$description": [
                    "Entry-points are grouped together to indicate what sort of capabilities they",
                    "provide.",
                    "See the `packaging guides",
                    "<https://packaging.python.org/specifications/entry-points/>`_",
                    "and `setuptools docs",
                    "<https://setuptools.pypa.io/en/latest/userguide/entry_point.html>`_",
                    "for more information."
                ],
                "propertyNames": {
                    "format": "python-entrypoint-name"
                },
                "additionalProperties": false,
                "patternProperties": {
                    "^.+$": {
                        "type": "string",
                        "$$description": [
                            "Reference to a Python object. It is either in the form",
                            "``importable.module``, or ``importable.module:object.attr``."
                        ],
                        "format": "python-entrypoint-reference",
                        "$comment": "https://packaging.python.org/specifications/entry-points/"
                    }
                }
            },
            "dependency": {
                "$id": "#/definitions/dependency",
                "title": "Dependency",
                "type": "string",
                "description": "Project dependency specification according to PEP 508",
                "format": "pep508"
            }
        }
    }
/usr/lib/python3.11/site-packages/setuptools/config/pyprojecttoml.py:125: _InvalidFile: The given `pyproject.toml` file is invalid and would be ignored.
    !!


    ############################
    # Invalid `pyproject.toml` #
    ############################

    Any configurations in `pyproject.toml` will be ignored.
    Please note that future releases of setuptools will halt the build process
    if an invalid file is given.

    To prevent setuptools from considering `pyproject.toml` please
    DO NOT include the `[project]` or `[tool.setuptools]` tables in your file.
    

!!
    
  if _skip_bad_config(project_table, orig_setuptools_table, dist):
running sdist
running egg_info
writing securedrop_workstation_dom0_config.egg-info/PKG-INFO
writing dependency_links to securedrop_workstation_dom0_config.egg-info/dependency_links.txt
writing top-level names to securedrop_workstation_dom0_config.egg-info/top_level.txt
reading manifest file 'securedrop_workstation_dom0_config.egg-info/SOURCES.txt'
reading manifest template 'MANIFEST.in'
adding license file 'LICENSE'
writing manifest file 'securedrop_workstation_dom0_config.egg-info/SOURCES.txt'
running check
creating securedrop-workstation-dom0-config-1.1.0
creating securedrop-workstation-dom0-config-1.1.0/files
creating securedrop-workstation-dom0-config-1.1.0/launcher
creating securedrop-workstation-dom0-config-1.1.0/launcher/sdw_notify
creating securedrop-workstation-dom0-config-1.1.0/launcher/sdw_util
creating securedrop-workstation-dom0-config-1.1.0/sdw_notify
creating securedrop-workstation-dom0-config-1.1.0/sdw_updater
creating securedrop-workstation-dom0-config-1.1.0/sdw_util
creating securedrop-workstation-dom0-config-1.1.0/securedrop_salt
creating securedrop-workstation-dom0-config-1.1.0/securedrop_workstation_dom0_config.egg-info
creating securedrop-workstation-dom0-config-1.1.0/tests
copying files to securedrop-workstation-dom0-config-1.1.0...
copying LICENSE -> securedrop-workstation-dom0-config-1.1.0
copying MANIFEST.in -> securedrop-workstation-dom0-config-1.1.0
copying README.md -> securedrop-workstation-dom0-config-1.1.0
copying VERSION -> securedrop-workstation-dom0-config-1.1.0
copying pyproject.toml -> securedrop-workstation-dom0-config-1.1.0
copying setup.py -> securedrop-workstation-dom0-config-1.1.0
copying files/10-securedrop-logind_override.conf -> securedrop-workstation-dom0-config-1.1.0/files
copying files/31-securedrop-workstation.policy -> securedrop-workstation-dom0-config-1.1.0/files
copying files/32-securedrop-workstation.policy -> securedrop-workstation-dom0-config-1.1.0/files
copying files/95-securedrop-systemd-user.preset -> securedrop-workstation-dom0-config-1.1.0/files
copying files/clean-salt -> securedrop-workstation-dom0-config-1.1.0/files
copying files/config.json.example -> securedrop-workstation-dom0-config-1.1.0/files
copying files/destroy-vm.py -> securedrop-workstation-dom0-config-1.1.0/files
copying files/press.freedom.SecureDropUpdater.desktop -> securedrop-workstation-dom0-config-1.1.0/files
copying files/sdw-admin.py -> securedrop-workstation-dom0-config-1.1.0/files
copying files/sdw-login.py -> securedrop-workstation-dom0-config-1.1.0/files
copying files/sdw-notify.py -> securedrop-workstation-dom0-config-1.1.0/files
copying files/sdw-notify.service -> securedrop-workstation-dom0-config-1.1.0/files
copying files/sdw-notify.timer -> securedrop-workstation-dom0-config-1.1.0/files
copying files/sdw-updater.py -> securedrop-workstation-dom0-config-1.1.0/files
copying files/securedrop-128x128.png -> securedrop-workstation-dom0-config-1.1.0/files
copying files/securedrop-logind-override-disable.service -> securedrop-workstation-dom0-config-1.1.0/files
copying files/securedrop-scalable.svg -> securedrop-workstation-dom0-config-1.1.0/files
copying files/securedrop-user-xfce-icon-size.service -> securedrop-workstation-dom0-config-1.1.0/files
copying files/securedrop-user-xfce-settings.service -> securedrop-workstation-dom0-config-1.1.0/files
copying files/update-xfce-settings -> securedrop-workstation-dom0-config-1.1.0/files
copying files/validate_config.py -> securedrop-workstation-dom0-config-1.1.0/files
copying launcher/sdw_notify/Notify.py -> securedrop-workstation-dom0-config-1.1.0/launcher/sdw_notify
copying launcher/sdw_notify/NotifyApp.py -> securedrop-workstation-dom0-config-1.1.0/launcher/sdw_notify
copying launcher/sdw_notify/strings.py -> securedrop-workstation-dom0-config-1.1.0/launcher/sdw_notify
copying launcher/sdw_util/Util.py -> securedrop-workstation-dom0-config-1.1.0/launcher/sdw_util
copying sdw_notify/Notify.py -> securedrop-workstation-dom0-config-1.1.0/sdw_notify
copying sdw_notify/NotifyApp.py -> securedrop-workstation-dom0-config-1.1.0/sdw_notify
copying sdw_notify/__init__.py -> securedrop-workstation-dom0-config-1.1.0/sdw_notify
copying sdw_notify/strings.py -> securedrop-workstation-dom0-config-1.1.0/sdw_notify
copying sdw_updater/Updater.py -> securedrop-workstation-dom0-config-1.1.0/sdw_updater
copying sdw_updater/UpdaterApp.py -> securedrop-workstation-dom0-config-1.1.0/sdw_updater
copying sdw_updater/UpdaterAppUiQt5.py -> securedrop-workstation-dom0-config-1.1.0/sdw_updater
copying sdw_updater/__init__.py -> securedrop-workstation-dom0-config-1.1.0/sdw_updater
copying sdw_updater/strings.py -> securedrop-workstation-dom0-config-1.1.0/sdw_updater
copying sdw_util/Util.py -> securedrop-workstation-dom0-config-1.1.0/sdw_util
copying sdw_util/__init__.py -> securedrop-workstation-dom0-config-1.1.0/sdw_util
copying securedrop_salt/99-sd-devices.rules -> securedrop-workstation-dom0-config-1.1.0/securedrop_salt
copying securedrop_salt/apt-test-pubkey.asc -> securedrop-workstation-dom0-config-1.1.0/securedrop_salt
copying securedrop_salt/apt-test_freedom_press.sources.j2 -> securedrop-workstation-dom0-config-1.1.0/securedrop_salt
copying securedrop_salt/apt_freedom_press.sources.j2 -> securedrop-workstation-dom0-config-1.1.0/securedrop_salt
copying securedrop_salt/dom0-xfce-desktop-file.j2 -> securedrop-workstation-dom0-config-1.1.0/securedrop_salt
copying securedrop_salt/fpf-apt-repo.sls -> securedrop-workstation-dom0-config-1.1.0/securedrop_salt
copying securedrop_salt/remove-tags.py -> securedrop-workstation-dom0-config-1.1.0/securedrop_salt
copying securedrop_salt/sd-app-files.sls -> securedrop-workstation-dom0-config-1.1.0/securedrop_salt
copying securedrop_salt/sd-app.sls -> securedrop-workstation-dom0-config-1.1.0/securedrop_salt
copying securedrop_salt/sd-attach-export-device -> securedrop-workstation-dom0-config-1.1.0/securedrop_salt
copying securedrop_salt/sd-base-template-packages.sls -> securedrop-workstation-dom0-config-1.1.0/securedrop_salt
copying securedrop_salt/sd-base-template.sls -> securedrop-workstation-dom0-config-1.1.0/securedrop_salt
copying securedrop_salt/sd-clean-all.sls -> securedrop-workstation-dom0-config-1.1.0/securedrop_salt
copying securedrop_salt/sd-clean-default-dispvm.sls -> securedrop-workstation-dom0-config-1.1.0/securedrop_salt
copying securedrop_salt/sd-default-config.sls -> securedrop-workstation-dom0-config-1.1.0/securedrop_salt
copying securedrop_salt/sd-default-config.yml -> securedrop-workstation-dom0-config-1.1.0/securedrop_salt
copying securedrop_salt/sd-devices-files.sls -> securedrop-workstation-dom0-config-1.1.0/securedrop_salt
copying securedrop_salt/sd-devices.sls -> securedrop-workstation-dom0-config-1.1.0/securedrop_salt
copying securedrop_salt/sd-dom0-files.sls -> securedrop-workstation-dom0-config-1.1.0/securedrop_salt
copying securedrop_salt/sd-gpg-files.sls -> securedrop-workstation-dom0-config-1.1.0/securedrop_salt
copying securedrop_salt/sd-gpg.sls -> securedrop-workstation-dom0-config-1.1.0/securedrop_salt
copying securedrop_salt/sd-log.sls -> securedrop-workstation-dom0-config-1.1.0/securedrop_salt
copying securedrop_salt/sd-logging-setup.sls -> securedrop-workstation-dom0-config-1.1.0/securedrop_salt
copying securedrop_salt/sd-proxy-template-files.sls -> securedrop-workstation-dom0-config-1.1.0/securedrop_salt
copying securedrop_salt/sd-proxy.sls -> securedrop-workstation-dom0-config-1.1.0/securedrop_salt
copying securedrop_salt/sd-remove-untagged-vms.sls -> securedrop-workstation-dom0-config-1.1.0/securedrop_salt
copying securedrop_salt/sd-remove-unused-templates.sls -> securedrop-workstation-dom0-config-1.1.0/securedrop_salt
copying securedrop_salt/sd-sys-vms.sls -> securedrop-workstation-dom0-config-1.1.0/securedrop_salt
copying securedrop_salt/sd-sys-whonix-vms.sls -> securedrop-workstation-dom0-config-1.1.0/securedrop_salt
copying securedrop_salt/sd-upgrade-templates.sls -> securedrop-workstation-dom0-config-1.1.0/securedrop_salt
copying securedrop_salt/sd-usb-autoattach-add.sls -> securedrop-workstation-dom0-config-1.1.0/securedrop_salt
copying securedrop_salt/sd-usb-autoattach-remove.sls -> securedrop-workstation-dom0-config-1.1.0/securedrop_salt
copying securedrop_salt/sd-viewer-files.sls -> securedrop-workstation-dom0-config-1.1.0/securedrop_salt
copying securedrop_salt/sd-viewer.sls -> securedrop-workstation-dom0-config-1.1.0/securedrop_salt
copying securedrop_salt/sd-whonix-config.sls -> securedrop-workstation-dom0-config-1.1.0/securedrop_salt
copying securedrop_salt/sd-whonix.sls -> securedrop-workstation-dom0-config-1.1.0/securedrop_salt
copying securedrop_salt/sd-workstation-template.sls -> securedrop-workstation-dom0-config-1.1.0/securedrop_salt
copying securedrop_salt/sd-workstation.top -> securedrop-workstation-dom0-config-1.1.0/securedrop_salt
copying securedrop_salt/sdlog.conf -> securedrop-workstation-dom0-config-1.1.0/securedrop_salt
copying securedrop_salt/securedrop-handle-upgrade -> securedrop-workstation-dom0-config-1.1.0/securedrop_salt
copying securedrop_salt/securedrop-release-signing-pubkey-2021.asc -> securedrop-workstation-dom0-config-1.1.0/securedrop_salt
copying securedrop_workstation_dom0_config.egg-info/PKG-INFO -> securedrop-workstation-dom0-config-1.1.0/securedrop_workstation_dom0_config.egg-info
copying securedrop_workstation_dom0_config.egg-info/SOURCES.txt -> securedrop-workstation-dom0-config-1.1.0/securedrop_workstation_dom0_config.egg-info
copying securedrop_workstation_dom0_config.egg-info/dependency_links.txt -> securedrop-workstation-dom0-config-1.1.0/securedrop_workstation_dom0_config.egg-info
copying securedrop_workstation_dom0_config.egg-info/top_level.txt -> securedrop-workstation-dom0-config-1.1.0/securedrop_workstation_dom0_config.egg-info
copying tests/test_app.py -> securedrop-workstation-dom0-config-1.1.0/tests
copying tests/test_dom0_rpm_repo.py -> securedrop-workstation-dom0-config-1.1.0/tests
copying tests/test_dom0_salt_config.py -> securedrop-workstation-dom0-config-1.1.0/tests
copying tests/test_dom0_validate.py -> securedrop-workstation-dom0-config-1.1.0/tests
copying tests/test_gpg.py -> securedrop-workstation-dom0-config-1.1.0/tests
copying tests/test_log_vm.py -> securedrop-workstation-dom0-config-1.1.0/tests
copying tests/test_proxy_vm.py -> securedrop-workstation-dom0-config-1.1.0/tests
copying tests/test_qubes_rpc.py -> securedrop-workstation-dom0-config-1.1.0/tests
copying tests/test_qubes_vms.py -> securedrop-workstation-dom0-config-1.1.0/tests
copying tests/test_sd_devices.py -> securedrop-workstation-dom0-config-1.1.0/tests
copying tests/test_sd_whonix.py -> securedrop-workstation-dom0-config-1.1.0/tests
copying tests/test_sys_usb.py -> securedrop-workstation-dom0-config-1.1.0/tests
copying tests/test_viewer.py -> securedrop-workstation-dom0-config-1.1.0/tests
copying tests/test_vms_exist.py -> securedrop-workstation-dom0-config-1.1.0/tests
copying tests/test_vms_platform.py -> securedrop-workstation-dom0-config-1.1.0/tests
Writing securedrop-workstation-dom0-config-1.1.0/setup.cfg
creating dist
Creating tar archive
removing 'securedrop-workstation-dom0-config-1.1.0' (and everything under it)
setting SOURCE_DATE_EPOCH=1740528000
Executing(%prep): /bin/sh -e /var/tmp/rpm-tmp.hFrWMc
+ umask 022
+ cd /home/user/securedrop-workstation/rpm-build/BUILD
+ cd /home/user/securedrop-workstation/rpm-build/BUILD
+ rm -rf securedrop-workstation-dom0-config-1.1.0
+ /usr/lib/rpm/rpmuncompress -x /home/user/securedrop-workstation/rpm-build/SOURCES/securedrop-workstation-dom0-config-1.1.0.tar.gz
/usr/bin/tar: securedrop-workstation-dom0-config-1.1.0/LICENSE: time stamp 2025-02-27 15:08:08 is 86372.003376652 s in the future
/usr/bin/tar: securedrop-workstation-dom0-config-1.1.0/MANIFEST.in: time stamp 2025-02-27 15:08:30 is 86394.002594329 s in the future
/usr/bin/tar: securedrop-workstation-dom0-config-1.1.0/README.md: time stamp 2025-02-27 15:08:08 is 86372.001819724 s in the future
/usr/bin/tar: securedrop-workstation-dom0-config-1.1.0/VERSION: time stamp 2025-02-27 15:08:09 is 86373.00148778 s in the future
/usr/bin/tar: securedrop-workstation-dom0-config-1.1.0/files/10-securedrop-logind_override.conf: time stamp 2025-02-27 15:08:09 is 86373.001112894 s in the future
/usr/bin/tar: securedrop-workstation-dom0-config-1.1.0/files/31-securedrop-workstation.policy: time stamp 2025-02-27 15:08:09 is 86373.000719594 s in the future
/usr/bin/tar: securedrop-workstation-dom0-config-1.1.0/files/32-securedrop-workstation.policy: time stamp 2025-02-27 15:08:09 is 86373.000429398 s in the future
/usr/bin/tar: securedrop-workstation-dom0-config-1.1.0/files/95-securedrop-systemd-user.preset: time stamp 2025-02-27 15:08:09 is 86373.000013465 s in the future
/usr/bin/tar: securedrop-workstation-dom0-config-1.1.0/files/clean-salt: time stamp 2025-02-27 15:08:09 is 86372.999939689 s in the future
/usr/bin/tar: securedrop-workstation-dom0-config-1.1.0/files/config.json.example: time stamp 2025-02-27 15:08:09 is 86372.999879663 s in the future
/usr/bin/tar: securedrop-workstation-dom0-config-1.1.0/files/destroy-vm.py: time stamp 2025-02-27 15:08:09 is 86372.99983613 s in the future
/usr/bin/tar: securedrop-workstation-dom0-config-1.1.0/files/press.freedom.SecureDropUpdater.desktop: time stamp 2025-02-27 15:08:09 is 86372.999794324 s in the future
/usr/bin/tar: securedrop-workstation-dom0-config-1.1.0/files/sdw-admin.py: time stamp 2025-02-27 15:08:09 is 86372.999675583 s in the future
/usr/bin/tar: securedrop-workstation-dom0-config-1.1.0/files/sdw-login.py: time stamp 2025-02-27 15:08:09 is 86372.999617695 s in the future
/usr/bin/tar: securedrop-workstation-dom0-config-1.1.0/files/sdw-notify.py: time stamp 2025-02-27 15:08:09 is 86372.999577617 s in the future
/usr/bin/tar: securedrop-workstation-dom0-config-1.1.0/files/sdw-notify.service: time stamp 2025-02-27 15:08:09 is 86372.999537697 s in the future
/usr/bin/tar: securedrop-workstation-dom0-config-1.1.0/files/sdw-notify.timer: time stamp 2025-02-27 15:08:09 is 86372.999496272 s in the future
/usr/bin/tar: securedrop-workstation-dom0-config-1.1.0/files/sdw-updater.py: time stamp 2025-02-27 15:08:09 is 86372.999459699 s in the future
/usr/bin/tar: securedrop-workstation-dom0-config-1.1.0/files/securedrop-128x128.png: time stamp 2025-02-27 15:08:09 is 86372.999402565 s in the future
/usr/bin/tar: securedrop-workstation-dom0-config-1.1.0/files/securedrop-logind-override-disable.service: time stamp 2025-02-27 15:08:09 is 86372.999357488 s in the future
/usr/bin/tar: securedrop-workstation-dom0-config-1.1.0/files/securedrop-scalable.svg: time stamp 2025-02-27 15:08:09 is 86372.999318065 s in the future
/usr/bin/tar: securedrop-workstation-dom0-config-1.1.0/files/securedrop-user-xfce-icon-size.service: time stamp 2025-02-27 15:08:09 is 86372.999256389 s in the future
/usr/bin/tar: securedrop-workstation-dom0-config-1.1.0/files/securedrop-user-xfce-settings.service: time stamp 2025-02-27 15:08:09 is 86372.999205311 s in the future
/usr/bin/tar: securedrop-workstation-dom0-config-1.1.0/files/update-xfce-settings: time stamp 2025-02-27 15:08:09 is 86372.999168588 s in the future
/usr/bin/tar: securedrop-workstation-dom0-config-1.1.0/files/validate_config.py: time stamp 2025-02-27 15:08:09 is 86372.999122245 s in the future
/usr/bin/tar: securedrop-workstation-dom0-config-1.1.0/launcher/sdw_notify/Notify.py: time stamp 2025-02-27 15:08:08 is 86371.999002736 s in the future
/usr/bin/tar: securedrop-workstation-dom0-config-1.1.0/launcher/sdw_notify/NotifyApp.py: time stamp 2025-02-27 15:08:08 is 86371.998967699 s in the future
/usr/bin/tar: securedrop-workstation-dom0-config-1.1.0/launcher/sdw_notify/strings.py: time stamp 2025-02-27 15:08:08 is 86371.998929281 s in the future
/usr/bin/tar: securedrop-workstation-dom0-config-1.1.0/launcher/sdw_util/Util.py: time stamp 2025-02-27 15:08:30 is 86393.998859956 s in the future
/usr/bin/tar: securedrop-workstation-dom0-config-1.1.0/pyproject.toml: time stamp 2025-02-27 15:08:08 is 86371.998812843 s in the future
/usr/bin/tar: securedrop-workstation-dom0-config-1.1.0/sdw_notify/Notify.py: time stamp 2025-02-27 15:08:08 is 86371.998250422 s in the future
/usr/bin/tar: securedrop-workstation-dom0-config-1.1.0/sdw_notify/NotifyApp.py: time stamp 2025-02-27 15:08:08 is 86371.998192152 s in the future
/usr/bin/tar: securedrop-workstation-dom0-config-1.1.0/sdw_notify/__init__.py: time stamp 2025-02-27 15:08:08 is 86371.998161944 s in the future
/usr/bin/tar: securedrop-workstation-dom0-config-1.1.0/sdw_notify/strings.py: time stamp 2025-02-27 15:08:08 is 86371.998128573 s in the future
/usr/bin/tar: securedrop-workstation-dom0-config-1.1.0/sdw_updater/Updater.py: time stamp 2025-02-27 15:08:09 is 86372.998031088 s in the future
/usr/bin/tar: securedrop-workstation-dom0-config-1.1.0/sdw_updater/UpdaterApp.py: time stamp 2025-02-27 15:08:08 is 86371.997985941 s in the future
/usr/bin/tar: securedrop-workstation-dom0-config-1.1.0/sdw_updater/UpdaterAppUiQt5.py: time stamp 2025-02-27 15:08:09 is 86372.997945391 s in the future
/usr/bin/tar: securedrop-workstation-dom0-config-1.1.0/sdw_updater/__init__.py: time stamp 2025-02-27 15:08:09 is 86372.997915056 s in the future
/usr/bin/tar: securedrop-workstation-dom0-config-1.1.0/sdw_updater/strings.py: time stamp 2025-02-27 15:08:09 is 86372.997882599 s in the future
/usr/bin/tar: securedrop-workstation-dom0-config-1.1.0/sdw_util/Util.py: time stamp 2025-02-27 15:08:30 is 86393.997410844 s in the future
/usr/bin/tar: securedrop-workstation-dom0-config-1.1.0/sdw_util/__init__.py: time stamp 2025-02-27 15:08:30 is 86393.997342681 s in the future
/usr/bin/tar: securedrop-workstation-dom0-config-1.1.0/securedrop_salt/99-sd-devices.rules: time stamp 2025-02-27 15:08:30 is 86393.997218864 s in the future
/usr/bin/tar: securedrop-workstation-dom0-config-1.1.0/securedrop_salt/apt-test-pubkey.asc: time stamp 2025-02-27 15:08:30 is 86393.997147788 s in the future
/usr/bin/tar: securedrop-workstation-dom0-config-1.1.0/securedrop_salt/apt-test_freedom_press.sources.j2: time stamp 2025-02-27 15:08:30 is 86393.997074595 s in the future
/usr/bin/tar: securedrop-workstation-dom0-config-1.1.0/securedrop_salt/apt_freedom_press.sources.j2: time stamp 2025-02-27 15:08:30 is 86393.997012066 s in the future
/usr/bin/tar: securedrop-workstation-dom0-config-1.1.0/securedrop_salt/dom0-xfce-desktop-file.j2: time stamp 2025-02-27 15:08:30 is 86393.996751988 s in the future
/usr/bin/tar: securedrop-workstation-dom0-config-1.1.0/securedrop_salt/fpf-apt-repo.sls: time stamp 2025-02-27 15:08:30 is 86393.996675549 s in the future
/usr/bin/tar: securedrop-workstation-dom0-config-1.1.0/securedrop_salt/remove-tags.py: time stamp 2025-02-27 15:08:30 is 86393.996614648 s in the future
/usr/bin/tar: securedrop-workstation-dom0-config-1.1.0/securedrop_salt/sd-app-files.sls: time stamp 2025-02-27 15:08:30 is 86393.996552788 s in the future
/usr/bin/tar: securedrop-workstation-dom0-config-1.1.0/securedrop_salt/sd-app.sls: time stamp 2025-02-27 15:08:30 is 86393.996493395 s in the future
/usr/bin/tar: securedrop-workstation-dom0-config-1.1.0/securedrop_salt/sd-attach-export-device: time stamp 2025-02-27 15:08:30 is 86393.996420932 s in the future
/usr/bin/tar: securedrop-workstation-dom0-config-1.1.0/securedrop_salt/sd-base-template-packages.sls: time stamp 2025-02-27 15:08:30 is 86393.996352645 s in the future
/usr/bin/tar: securedrop-workstation-dom0-config-1.1.0/securedrop_salt/sd-base-template.sls: time stamp 2025-02-27 15:08:30 is 86393.99604427 s in the future
/usr/bin/tar: securedrop-workstation-dom0-config-1.1.0/securedrop_salt/sd-clean-all.sls: time stamp 2025-02-27 15:08:30 is 86393.995983086 s in the future
/usr/bin/tar: securedrop-workstation-dom0-config-1.1.0/securedrop_salt/sd-clean-default-dispvm.sls: time stamp 2025-02-27 15:08:30 is 86393.995917328 s in the future
/usr/bin/tar: securedrop-workstation-dom0-config-1.1.0/securedrop_salt/sd-default-config.sls: time stamp 2025-02-27 15:08:30 is 86393.99584587 s in the future
/usr/bin/tar: securedrop-workstation-dom0-config-1.1.0/securedrop_salt/sd-default-config.yml: time stamp 2025-02-27 15:08:30 is 86393.995785856 s in the future
/usr/bin/tar: securedrop-workstation-dom0-config-1.1.0/securedrop_salt/sd-devices-files.sls: time stamp 2025-02-27 15:08:30 is 86393.995723341 s in the future
/usr/bin/tar: securedrop-workstation-dom0-config-1.1.0/securedrop_salt/sd-devices.sls: time stamp 2025-02-27 15:08:30 is 86393.995658357 s in the future
/usr/bin/tar: securedrop-workstation-dom0-config-1.1.0/securedrop_salt/sd-dom0-files.sls: time stamp 2025-02-27 15:08:30 is 86393.995582183 s in the future
/usr/bin/tar: securedrop-workstation-dom0-config-1.1.0/securedrop_salt/sd-gpg-files.sls: time stamp 2025-02-27 15:08:30 is 86393.995521102 s in the future
/usr/bin/tar: securedrop-workstation-dom0-config-1.1.0/securedrop_salt/sd-gpg.sls: time stamp 2025-02-27 15:08:30 is 86393.995420686 s in the future
/usr/bin/tar: securedrop-workstation-dom0-config-1.1.0/securedrop_salt/sd-log.sls: time stamp 2025-02-27 15:08:30 is 86393.995349498 s in the future
/usr/bin/tar: securedrop-workstation-dom0-config-1.1.0/securedrop_salt/sd-logging-setup.sls: time stamp 2025-02-27 15:08:30 is 86393.995006531 s in the future
/usr/bin/tar: securedrop-workstation-dom0-config-1.1.0/securedrop_salt/sd-proxy-template-files.sls: time stamp 2025-02-27 15:08:30 is 86393.994917025 s in the future
/usr/bin/tar: securedrop-workstation-dom0-config-1.1.0/securedrop_salt/sd-proxy.sls: time stamp 2025-02-27 15:08:30 is 86393.994837348 s in the future
/usr/bin/tar: securedrop-workstation-dom0-config-1.1.0/securedrop_salt/sd-remove-untagged-vms.sls: time stamp 2025-02-27 15:08:30 is 86393.994776148 s in the future
/usr/bin/tar: securedrop-workstation-dom0-config-1.1.0/securedrop_salt/sd-remove-unused-templates.sls: time stamp 2025-02-27 15:08:30 is 86393.994696483 s in the future
/usr/bin/tar: securedrop-workstation-dom0-config-1.1.0/securedrop_salt/sd-sys-vms.sls: time stamp 2025-02-27 15:08:30 is 86393.994629963 s in the future
/usr/bin/tar: securedrop-workstation-dom0-config-1.1.0/securedrop_salt/sd-sys-whonix-vms.sls: time stamp 2025-02-27 15:08:30 is 86393.994555721 s in the future
/usr/bin/tar: securedrop-workstation-dom0-config-1.1.0/securedrop_salt/sd-upgrade-templates.sls: time stamp 2025-02-27 15:08:30 is 86393.994491765 s in the future
/usr/bin/tar: securedrop-workstation-dom0-config-1.1.0/securedrop_salt/sd-usb-autoattach-add.sls: time stamp 2025-02-27 15:08:30 is 86393.994392697 s in the future
/usr/bin/tar: securedrop-workstation-dom0-config-1.1.0/securedrop_salt/sd-usb-autoattach-remove.sls: time stamp 2025-02-27 15:08:30 is 86393.994326555 s in the future
/usr/bin/tar: securedrop-workstation-dom0-config-1.1.0/securedrop_salt/sd-viewer-files.sls: time stamp 2025-02-27 15:08:30 is 86393.993995742 s in the future
/usr/bin/tar: securedrop-workstation-dom0-config-1.1.0/securedrop_salt/sd-viewer.sls: time stamp 2025-02-27 15:08:30 is 86393.993883838 s in the future
/usr/bin/tar: securedrop-workstation-dom0-config-1.1.0/securedrop_salt/sd-whonix-config.sls: time stamp 2025-02-27 15:08:30 is 86393.993791979 s in the future
/usr/bin/tar: securedrop-workstation-dom0-config-1.1.0/securedrop_salt/sd-whonix.sls: time stamp 2025-02-27 15:08:30 is 86393.993710371 s in the future
/usr/bin/tar: securedrop-workstation-dom0-config-1.1.0/securedrop_salt/sd-workstation-template.sls: time stamp 2025-02-27 15:08:30 is 86393.993662542 s in the future
/usr/bin/tar: securedrop-workstation-dom0-config-1.1.0/securedrop_salt/sd-workstation.top: time stamp 2025-02-27 15:08:30 is 86393.993612707 s in the future
/usr/bin/tar: securedrop-workstation-dom0-config-1.1.0/securedrop_salt/sdlog.conf: time stamp 2025-02-27 15:08:30 is 86393.993570868 s in the future
/usr/bin/tar: securedrop-workstation-dom0-config-1.1.0/securedrop_salt/securedrop-handle-upgrade: time stamp 2025-02-27 15:08:30 is 86393.993515881 s in the future
/usr/bin/tar: securedrop-workstation-dom0-config-1.1.0/securedrop_salt/securedrop-release-signing-pubkey-2021.asc: time stamp 2025-02-27 15:08:30 is 86393.99345866 s in the future
/usr/bin/tar: securedrop-workstation-dom0-config-1.1.0/setup.py: time stamp 2025-02-27 15:08:34 is 86397.992698313 s in the future
/usr/bin/tar: securedrop-workstation-dom0-config-1.1.0/tests/test_app.py: time stamp 2025-02-27 15:08:34 is 86397.992518549 s in the future
/usr/bin/tar: securedrop-workstation-dom0-config-1.1.0/tests/test_dom0_rpm_repo.py: time stamp 2025-02-27 15:08:34 is 86397.992394625 s in the future
/usr/bin/tar: securedrop-workstation-dom0-config-1.1.0/tests/test_dom0_salt_config.py: time stamp 2025-02-27 15:08:34 is 86397.992027213 s in the future
/usr/bin/tar: securedrop-workstation-dom0-config-1.1.0/tests/test_dom0_validate.py: time stamp 2025-02-27 15:08:34 is 86397.991948859 s in the future
/usr/bin/tar: securedrop-workstation-dom0-config-1.1.0/tests/test_gpg.py: time stamp 2025-02-27 15:08:34 is 86397.991885978 s in the future
/usr/bin/tar: securedrop-workstation-dom0-config-1.1.0/tests/test_log_vm.py: time stamp 2025-02-27 15:08:34 is 86397.99183251 s in the future
/usr/bin/tar: securedrop-workstation-dom0-config-1.1.0/tests/test_proxy_vm.py: time stamp 2025-02-27 15:08:34 is 86397.991767222 s in the future
/usr/bin/tar: securedrop-workstation-dom0-config-1.1.0/tests/test_qubes_rpc.py: time stamp 2025-02-27 15:08:34 is 86397.991707888 s in the future
/usr/bin/tar: securedrop-workstation-dom0-config-1.1.0/tests/test_qubes_vms.py: time stamp 2025-02-27 15:08:34 is 86397.991639926 s in the future
/usr/bin/tar: securedrop-workstation-dom0-config-1.1.0/tests/test_sd_devices.py: time stamp 2025-02-27 15:08:34 is 86397.991572459 s in the future
/usr/bin/tar: securedrop-workstation-dom0-config-1.1.0/tests/test_sd_whonix.py: time stamp 2025-02-27 15:08:34 is 86397.991513487 s in the future
/usr/bin/tar: securedrop-workstation-dom0-config-1.1.0/tests/test_sys_usb.py: time stamp 2025-02-27 15:08:34 is 86397.991455523 s in the future
/usr/bin/tar: securedrop-workstation-dom0-config-1.1.0/tests/test_viewer.py: time stamp 2025-02-27 15:08:34 is 86397.991391541 s in the future
/usr/bin/tar: securedrop-workstation-dom0-config-1.1.0/tests/test_vms_exist.py: time stamp 2025-02-27 15:08:34 is 86397.991324323 s in the future
/usr/bin/tar: securedrop-workstation-dom0-config-1.1.0/tests/test_vms_platform.py: time stamp 2025-02-27 15:08:34 is 86397.991217392 s in the future
+ STATUS=0
+ '[' 0 -ne 0 ']'
+ cd securedrop-workstation-dom0-config-1.1.0
+ /usr/bin/chmod -Rf a+rX,u+w,g-w,o-w .
+ RPM_EC=0
++ jobs -p
+ exit 0
Executing(%build): /bin/sh -e /var/tmp/rpm-tmp.0Nu0kq
+ umask 022
+ cd /home/user/securedrop-workstation/rpm-build/BUILD
+ CFLAGS='-O2 -g'
+ export CFLAGS
+ CXXFLAGS='-O2 -g'
+ export CXXFLAGS
+ FFLAGS='-O2 -g -I/usr/lib64/gfortran/modules'
+ export FFLAGS
+ FCFLAGS='-O2 -g -I/usr/lib64/gfortran/modules'
+ export FCFLAGS
+ LDFLAGS='-Wl,-z,relro -Wl,--as-needed  -Wl,-z,now -specs=/usr/lib/rpm/redhat/redhat-hardened-ld -specs=/usr/lib/rpm/redhat/redhat-annobin-cc1  -Wl,--build-id=sha1 -specs=/usr/lib/rpm/redhat/redhat-package-notes'
+ export LDFLAGS
+ LT_SYS_LIBRARY_PATH=/usr/lib64:
+ export LT_SYS_LIBRARY_PATH
+ CC=gcc
+ export CC
+ CXX=g++
+ export CXX
+ cd securedrop-workstation-dom0-config-1.1.0
+ RPM_EC=0
++ jobs -p
+ exit 0
Executing(%install): /bin/sh -e /var/tmp/rpm-tmp.JKZxrt
+ umask 022
+ cd /home/user/securedrop-workstation/rpm-build/BUILD
+ '[' /home/user/securedrop-workstation/rpm-build/BUILDROOT/securedrop-workstation-dom0-config-1.1.0-1.fc37.x86_64 '!=' / ']'
+ rm -rf /home/user/securedrop-workstation/rpm-build/BUILDROOT/securedrop-workstation-dom0-config-1.1.0-1.fc37.x86_64
++ dirname /home/user/securedrop-workstation/rpm-build/BUILDROOT/securedrop-workstation-dom0-config-1.1.0-1.fc37.x86_64
+ mkdir -p /home/user/securedrop-workstation/rpm-build/BUILDROOT
+ mkdir /home/user/securedrop-workstation/rpm-build/BUILDROOT/securedrop-workstation-dom0-config-1.1.0-1.fc37.x86_64
+ CFLAGS='-O2 -g'
+ export CFLAGS
+ CXXFLAGS='-O2 -g'
+ export CXXFLAGS
+ FFLAGS='-O2 -g -I/usr/lib64/gfortran/modules'
+ export FFLAGS
+ FCFLAGS='-O2 -g -I/usr/lib64/gfortran/modules'
+ export FCFLAGS
+ LDFLAGS='-Wl,-z,relro -Wl,--as-needed  -Wl,-z,now -specs=/usr/lib/rpm/redhat/redhat-hardened-ld -specs=/usr/lib/rpm/redhat/redhat-annobin-cc1  -Wl,--build-id=sha1 -specs=/usr/lib/rpm/redhat/redhat-package-notes'
+ export LDFLAGS
+ LT_SYS_LIBRARY_PATH=/usr/lib64:
+ export LT_SYS_LIBRARY_PATH
+ CC=gcc
+ export CC
+ CXX=g++
+ export CXX
+ cd securedrop-workstation-dom0-config-1.1.0
+ /usr/bin/python3 -m pip install --no-compile --no-index --no-build-isolation --root /home/user/securedrop-workstation/rpm-build/BUILDROOT/securedrop-workstation-dom0-config-1.1.0-1.fc37.x86_64 .
Processing /home/user/securedrop-workstation/rpm-build/BUILD/securedrop-workstation-dom0-config-1.1.0
  Preparing metadata (pyproject.toml) ... done
Building wheels for collected packages: securedrop-workstation-dom0-config
  Building wheel for securedrop-workstation-dom0-config (pyproject.toml) ... done
  Created wheel for securedrop-workstation-dom0-config: filename=securedrop_workstation_dom0_config-1.1.0-py3-none-any.whl size=36723 sha256=69293f64b10e144b6678651854d2bb4fa617f0399aec212c7b5003b7821dc826
  Stored in directory: /tmp/.cache/pip/wheels/16/d2/4a/7e9dab1feaa714b7ca2a4f3d44b47038fe70a2aeb9a81650af
Successfully built securedrop-workstation-dom0-config
Installing collected packages: securedrop-workstation-dom0-config
Successfully installed securedrop-workstation-dom0-config-1.1.0
+ rm /home/user/securedrop-workstation/rpm-build/BUILDROOT/securedrop-workstation-dom0-config-1.1.0-1.fc37.x86_64//usr/lib/python3.11/site-packages/securedrop_workstation_dom0_config-1.1.0.dist-info/direct_url.json
+ sed -i '/\.dist-info\/direct_url\.json,/d' /home/user/securedrop-workstation/rpm-build/BUILDROOT/securedrop-workstation-dom0-config-1.1.0-1.fc37.x86_64//usr/lib/python3.11/site-packages/securedrop_workstation_dom0_config-1.1.0.dist-info/RECORD
+ install -m 755 -d /home/user/securedrop-workstation/rpm-build/BUILDROOT/securedrop-workstation-dom0-config-1.1.0-1.fc37.x86_64/srv/salt/
+ cp -a securedrop_salt /home/user/securedrop-workstation/rpm-build/BUILDROOT/securedrop-workstation-dom0-config-1.1.0-1.fc37.x86_64/srv/salt/
+ install -m 755 -d /home/user/securedrop-workstation/rpm-build/BUILDROOT/securedrop-workstation-dom0-config-1.1.0-1.fc37.x86_64//usr/share/securedrop-workstation-dom0-config/scripts
+ install -m 755 -d /home/user/securedrop-workstation/rpm-build/BUILDROOT/securedrop-workstation-dom0-config-1.1.0-1.fc37.x86_64//usr/bin
+ install -m 755 -d /home/user/securedrop-workstation/rpm-build/BUILDROOT/securedrop-workstation-dom0-config-1.1.0-1.fc37.x86_64/opt/securedrop
+ install -m 755 -d /home/user/securedrop-workstation/rpm-build/BUILDROOT/securedrop-workstation-dom0-config-1.1.0-1.fc37.x86_64/usr/bin/securedrop
+ install -m 755 files/update-xfce-settings /home/user/securedrop-workstation/rpm-build/BUILDROOT/securedrop-workstation-dom0-config-1.1.0-1.fc37.x86_64/usr/bin/securedrop/
+ install -m 755 files/clean-salt /home/user/securedrop-workstation/rpm-build/BUILDROOT/securedrop-workstation-dom0-config-1.1.0-1.fc37.x86_64//usr/share/securedrop-workstation-dom0-config/scripts/
+ install -m 755 files/destroy-vm.py /home/user/securedrop-workstation/rpm-build/BUILDROOT/securedrop-workstation-dom0-config-1.1.0-1.fc37.x86_64//usr/share/securedrop-workstation-dom0-config/scripts/destroy-vm
+ install -m 755 files/validate_config.py /home/user/securedrop-workstation/rpm-build/BUILDROOT/securedrop-workstation-dom0-config-1.1.0-1.fc37.x86_64//usr/share/securedrop-workstation-dom0-config/scripts/
+ install -m 755 files/sdw-admin.py /home/user/securedrop-workstation/rpm-build/BUILDROOT/securedrop-workstation-dom0-config-1.1.0-1.fc37.x86_64//usr/bin/sdw-admin
+ install -m 644 files/config.json.example /home/user/securedrop-workstation/rpm-build/BUILDROOT/securedrop-workstation-dom0-config-1.1.0-1.fc37.x86_64//usr/share/securedrop-workstation-dom0-config/
+ install -m 755 -d /home/user/securedrop-workstation/rpm-build/BUILDROOT/securedrop-workstation-dom0-config-1.1.0-1.fc37.x86_64//usr/bin
+ install -m 755 -d /home/user/securedrop-workstation/rpm-build/BUILDROOT/securedrop-workstation-dom0-config-1.1.0-1.fc37.x86_64//usr/share/applications/
+ install -m 755 -d /home/user/securedrop-workstation/rpm-build/BUILDROOT/securedrop-workstation-dom0-config-1.1.0-1.fc37.x86_64//usr/share/icons/hicolor/128x128/apps/
+ install -m 755 -d /home/user/securedrop-workstation/rpm-build/BUILDROOT/securedrop-workstation-dom0-config-1.1.0-1.fc37.x86_64//usr/share/icons/hicolor/scalable/apps/
+ install -m 755 -d /home/user/securedrop-workstation/rpm-build/BUILDROOT/securedrop-workstation-dom0-config-1.1.0-1.fc37.x86_64//var/lib/securedrop-workstation-dom0-config/
+ install -m 755 -d /home/user/securedrop-workstation/rpm-build/BUILDROOT/securedrop-workstation-dom0-config-1.1.0-1.fc37.x86_64//usr/lib/systemd/user/
+ install -m 755 -d /home/user/securedrop-workstation/rpm-build/BUILDROOT/securedrop-workstation-dom0-config-1.1.0-1.fc37.x86_64//usr/lib/systemd/system
+ install -m 755 -d /home/user/securedrop-workstation/rpm-build/BUILDROOT/securedrop-workstation-dom0-config-1.1.0-1.fc37.x86_64//usr/lib/systemd/user-preset/
+ install -m 644 files/press.freedom.SecureDropUpdater.desktop /home/user/securedrop-workstation/rpm-build/BUILDROOT/securedrop-workstation-dom0-config-1.1.0-1.fc37.x86_64//usr/share/applications/
+ install -m 644 files/press.freedom.SecureDropUpdater.desktop /home/user/securedrop-workstation/rpm-build/BUILDROOT/securedrop-workstation-dom0-config-1.1.0-1.fc37.x86_64/srv/salt/securedrop_salt/press.freedom.SecureDropUpdater.desktop
+ install -m 644 files/securedrop-128x128.png /home/user/securedrop-workstation/rpm-build/BUILDROOT/securedrop-workstation-dom0-config-1.1.0-1.fc37.x86_64//usr/share/icons/hicolor/128x128/apps/securedrop.png
+ install -m 644 files/securedrop-scalable.svg /home/user/securedrop-workstation/rpm-build/BUILDROOT/securedrop-workstation-dom0-config-1.1.0-1.fc37.x86_64//usr/share/icons/hicolor/scalable/apps/securedrop.svg
+ install -m 755 files/sdw-updater.py /home/user/securedrop-workstation/rpm-build/BUILDROOT/securedrop-workstation-dom0-config-1.1.0-1.fc37.x86_64//usr/bin/sdw-updater
+ install -m 755 files/sdw-notify.py /home/user/securedrop-workstation/rpm-build/BUILDROOT/securedrop-workstation-dom0-config-1.1.0-1.fc37.x86_64//usr/bin/sdw-notify
+ install -m 755 files/sdw-login.py /home/user/securedrop-workstation/rpm-build/BUILDROOT/securedrop-workstation-dom0-config-1.1.0-1.fc37.x86_64//usr/bin/sdw-login
+ install -m 644 files/sdw-notify.service /home/user/securedrop-workstation/rpm-build/BUILDROOT/securedrop-workstation-dom0-config-1.1.0-1.fc37.x86_64//usr/lib/systemd/user/
+ install -m 644 files/sdw-notify.timer /home/user/securedrop-workstation/rpm-build/BUILDROOT/securedrop-workstation-dom0-config-1.1.0-1.fc37.x86_64//usr/lib/systemd/user/
+ install -m 644 files/securedrop-logind-override-disable.service /home/user/securedrop-workstation/rpm-build/BUILDROOT/securedrop-workstation-dom0-config-1.1.0-1.fc37.x86_64//usr/lib/systemd/system/
+ install -m 644 files/95-securedrop-systemd-user.preset /home/user/securedrop-workstation/rpm-build/BUILDROOT/securedrop-workstation-dom0-config-1.1.0-1.fc37.x86_64//usr/lib/systemd/user-preset/
+ install -m 755 -d /home/user/securedrop-workstation/rpm-build/BUILDROOT/securedrop-workstation-dom0-config-1.1.0-1.fc37.x86_64/etc/qubes/policy.d/
+ install -m 644 files/31-securedrop-workstation.policy /home/user/securedrop-workstation/rpm-build/BUILDROOT/securedrop-workstation-dom0-config-1.1.0-1.fc37.x86_64/etc/qubes/policy.d/
+ install -m 644 files/32-securedrop-workstation.policy /home/user/securedrop-workstation/rpm-build/BUILDROOT/securedrop-workstation-dom0-config-1.1.0-1.fc37.x86_64/etc/qubes/policy.d/
+ install -m 755 -d /home/user/securedrop-workstation/rpm-build/BUILDROOT/securedrop-workstation-dom0-config-1.1.0-1.fc37.x86_64/usr/share/securedrop/icons
+ install -m 644 files/securedrop-128x128.png /home/user/securedrop-workstation/rpm-build/BUILDROOT/securedrop-workstation-dom0-config-1.1.0-1.fc37.x86_64/usr/share/securedrop/icons/sd-logo.png
+ install -m 755 -d /home/user/securedrop-workstation/rpm-build/BUILDROOT/securedrop-workstation-dom0-config-1.1.0-1.fc37.x86_64/etc/systemd/logind.conf.d/
+ install -m 644 files/10-securedrop-logind_override.conf /home/user/securedrop-workstation/rpm-build/BUILDROOT/securedrop-workstation-dom0-config-1.1.0-1.fc37.x86_64/etc/systemd/logind.conf.d/
+ install -m 644 files/securedrop-user-xfce-settings.service /home/user/securedrop-workstation/rpm-build/BUILDROOT/securedrop-workstation-dom0-config-1.1.0-1.fc37.x86_64//usr/lib/systemd/user/
+ install -m 644 files/securedrop-user-xfce-icon-size.service /home/user/securedrop-workstation/rpm-build/BUILDROOT/securedrop-workstation-dom0-config-1.1.0-1.fc37.x86_64//usr/lib/systemd/user/
+ /usr/bin/find-debuginfo -j6 --strict-build-id -m -i --build-id-seed 1.1.0-1.fc37 --unique-debug-suffix -1.1.0-1.fc37.x86_64 --unique-debug-src-base securedrop-workstation-dom0-config-1.1.0-1.fc37.x86_64 --run-dwz --dwz-low-mem-die-limit 10000000 --dwz-max-die-limit 110000000 -S debugsourcefiles.list /home/user/securedrop-workstation/rpm-build/BUILD/securedrop-workstation-dom0-config-1.1.0
find: debug: No such file or directory
+ /usr/lib/rpm/check-buildroot
+ /usr/lib/rpm/redhat/brp-ldconfig
+ /usr/lib/rpm/brp-compress
+ /usr/lib/rpm/redhat/brp-strip-lto /usr/bin/strip
+ /usr/lib/rpm/brp-strip-static-archive /usr/bin/strip
+ /usr/lib/rpm/check-rpaths
+ /usr/lib/rpm/redhat/brp-mangle-shebangs
+ /usr/lib/rpm/brp-remove-la-files
+ /usr/lib/rpm/redhat/brp-python-hardlink
Processing files: securedrop-workstation-dom0-config-1.1.0-1.fc37.noarch
Executing(%doc): /bin/sh -e /var/tmp/rpm-tmp.Lc91Mc
+ umask 022
+ cd /home/user/securedrop-workstation/rpm-build/BUILD
+ cd securedrop-workstation-dom0-config-1.1.0
+ DOCDIR=/home/user/securedrop-workstation/rpm-build/BUILDROOT/securedrop-workstation-dom0-config-1.1.0-1.fc37.x86_64/usr/share/doc/securedrop-workstation-dom0-config
+ export LC_ALL=C
+ LC_ALL=C
+ export DOCDIR
+ /usr/bin/mkdir -p /home/user/securedrop-workstation/rpm-build/BUILDROOT/securedrop-workstation-dom0-config-1.1.0-1.fc37.x86_64/usr/share/doc/securedrop-workstation-dom0-config
+ cp -pr README.md /home/user/securedrop-workstation/rpm-build/BUILDROOT/securedrop-workstation-dom0-config-1.1.0-1.fc37.x86_64/usr/share/doc/securedrop-workstation-dom0-config
+ RPM_EC=0
++ jobs -p
+ exit 0
Executing(%license): /bin/sh -e /var/tmp/rpm-tmp.jDreLD
+ umask 022
+ cd /home/user/securedrop-workstation/rpm-build/BUILD
+ cd securedrop-workstation-dom0-config-1.1.0
+ LICENSEDIR=/home/user/securedrop-workstation/rpm-build/BUILDROOT/securedrop-workstation-dom0-config-1.1.0-1.fc37.x86_64/usr/share/licenses/securedrop-workstation-dom0-config
+ export LC_ALL=C
+ LC_ALL=C
+ export LICENSEDIR
+ /usr/bin/mkdir -p /home/user/securedrop-workstation/rpm-build/BUILDROOT/securedrop-workstation-dom0-config-1.1.0-1.fc37.x86_64/usr/share/licenses/securedrop-workstation-dom0-config
+ cp -pr LICENSE /home/user/securedrop-workstation/rpm-build/BUILDROOT/securedrop-workstation-dom0-config-1.1.0-1.fc37.x86_64/usr/share/licenses/securedrop-workstation-dom0-config
+ RPM_EC=0
++ jobs -p
+ exit 0
Provides: application() application(press.freedom.SecureDropUpdater.desktop) securedrop-workstation-dom0-config = 1.1.0-1.fc37
Requires(interp): /bin/sh /bin/sh
Requires(rpmlib): rpmlib(CompressedFileNames) <= 3.0.4-1 rpmlib(FileDigests) <= 4.6.0-1 rpmlib(PayloadFilesHavePrefix) <= 4.0-1
Requires(post): /bin/sh
Requires(preun): /bin/sh
Requires: /usr/bin/bash /usr/bin/python3 python(abi) = 3.11
Checking for unpackaged file(s): /usr/lib/rpm/check-files /home/user/securedrop-workstation/rpm-build/BUILDROOT/securedrop-workstation-dom0-config-1.1.0-1.fc37.x86_64
Wrote: /home/user/securedrop-workstation/rpm-build/RPMS/noarch/securedrop-workstation-dom0-config-1.1.0-1.fc37.noarch.rpm
Executing(%clean): /bin/sh -e /var/tmp/rpm-tmp.fqMppP
+ umask 022
+ cd /home/user/securedrop-workstation/rpm-build/BUILD
+ cd securedrop-workstation-dom0-config-1.1.0
+ /usr/bin/rm -rf /home/user/securedrop-workstation/rpm-build/BUILDROOT/securedrop-workstation-dom0-config-1.1.0-1.fc37.x86_64
+ RPM_EC=0
++ jobs -p
+ exit 0
Executing(rmbuild): /bin/sh -e /var/tmp/rpm-tmp.2xWFsh
+ umask 022
+ cd /home/user/securedrop-workstation/rpm-build/BUILD
+ rm -rf securedrop-workstation-dom0-config-1.1.0 securedrop-workstation-dom0-config-1.1.0.gemspec
+ RPM_EC=0
++ jobs -p
+ exit 0
checking mtimes in securedrop-workstation-dom0-config-1.1.0-1.fc37.noarch.rpm: 2025-02-26 00:00:00+00:00

Build complete! RPMs and their checksums are:

d8600ef8a01b5c332102eb835693a105df6ad591307ed659b8595b9ff561920c  rpm-build/RPMS/noarch/securedrop-workstation-dom0-config-1.1.0-1.fc37.noarch.rpm
Script done.

Build log available at build-log/securedrop-workstation-20250226.log
