user@sd-dev:~/securedrop-workstation$ git tag -v 1.8.0-rc1
object c36ba0f857431fac41db7b3e2b0acb4947b9b945
type commit
tag 1.8.0-rc1
tagger deeplow <francisco@freedom.press> 1783460019 +0100

SecureDrop Workstation 1.8.0-rc1
gpg: Signature made Tue 07 Jul 2026 10:33:50 PM BST
gpg:                using RSA key 26B84FAA528CFEA4010FAF3EF3BFCF7E7FEBAB23
gpg:                issuer "francisco@freedom.press"
gpg: Good signature from "Francisco (code-signing key / NOT for email) <francisco@freedom.press>" [unknown]
gpg:                 aka "deeplow (code signing key) <deeplowfpf@keybase.io>" [unknown]
gpg: WARNING: The key's User ID is not certified with a trusted signature!
gpg:          There is no indication that the signature belongs to the owner.
Primary key fingerprint: A89B 3BDD D562 9F35 E017  ADC0 5247 4EA8 BFD9 CBF1
     Subkey fingerprint: 26B8 4FAA 528C FEA4 010F  AF3E F3BF CF7E 7FEB AB23
user@sd-dev:~/securedrop-workstation$ git show 1.8.0-rc1
tag 1.8.0-rc1
Tagger: deeplow <francisco@freedom.press>
Date:   Tue Jul 7 22:33:39 2026 +0100

SecureDrop Workstation 1.8.0-rc1
-----BEGIN PGP SIGNATURE-----

iQJMBAABCgA2FiEEJrhPqlKM/qQBD68+87/Pfn/rqyMFAmpNcL4YHGZyYW5jaXNj
b0BmcmVlZG9tLnByZXNzAAoJEPO/z35/66sjV2IQAINToZMJ2rtj+nwA9Bit9hRP
1fPow+t6E9N24V4kLcDka+//78JCcgvlAQuutSct/mZBtaDt+T79hIbyF1hHVaCs
H+4nuOYJhCpFLTRlDnN0d6bXUj1CCaUgyWBVbq5pHuNjI9sG1H6+LRN9DEHIGqZZ
TD+0C26dC1q4zfeyfgEqDBUv/JxrTwID7/2UiQCMsSeEHhUfEi1VoXTx/Ec/429h
Iv0lbNqxW04GuAFOuHqYUSE04i2jxc/M3DR0vs7+eZCGmKDqAcHxjts6pWUHvkvJ
ZCXjEEdjP3/BRX1QGypw+9z2UXytVSgoYHUlaEM9RBPsQeAqZRwhbW1QgGPg/gMX
3orAetRYAGddNeFbbQabbmwtZ50DuqiQCZgQcFt2v9xzBBEGwBB155Y04fOzOu+k
CzLc/3UFjyzR7/1ln/llPSJaEIY/Zlds7r2X01gG7Db2UnUUw9VlkDF9nMxK2bGH
i4GNSNVWdBnjza1/ciS8j+tA5C3av8L/GHRA6wUbYWv6c3XSPnQLsgk8u5NyC9DY
eE9nOTg8B0WyWdTvFC/TDwYCxadVwQ+vucUo0EbjMhqNmBw43nvhhUG+XO0+iKEA
FnP1uNDEaD3tdlxVPp+qlRyIYERLS0zX4jwMP63sSbElsjOsSG6WZHKGMPgKNtfx
lKzAUJl0diLRxXPWFUbJ
=vF5L
-----END PGP SIGNATURE-----

commit c36ba0f857431fac41db7b3e2b0acb4947b9b945 (tag: 1.8.0-rc1, origin/release/1.8.0, release/1.8.0)
Merge: 5fd1223 8278f66
Author: deeplow <47065258+deeplow@users.noreply.github.com>
Date:   Tue Jul 7 22:32:10 2026 +0100

    Merge pull request #1755 from freedomofpress/1.8.0-rc1
    
    Add SecureDrop Workstation 1.8.0-rc1

user@sd-dev:~/securedrop-workstation$ git checkout 1.8.0-rc1
Note: switching to '1.8.0-rc1'.

You are in 'detached HEAD' state. You can look around, make experimental
changes and commit them, and you can discard any commits you make in this
state without impacting any branches by switching back to a branch.

If you want to create a new branch to retain commits you create, you may
do so (now or later) by using -c with the switch command. Example:

  git switch -c <new-branch-name>

Or undo this operation with:

  git switch -

Turn off this advice by setting config variable advice.detachedHead to false

HEAD is now at c36ba0f Merge pull request #1755 from freedomofpress/1.8.0-rc1
user@sd-dev:~/securedrop-workstation$ make build-rpm
grep: /etc/fedora-release: No such file or directory
Building SecureDop Workstation RPM...
Script started, output log file is 'build-log/securedrop-workstation-20260707.log'.
[+] Building 182.2s (13/13) FINISHED                                                                                                            docker:default
 => [internal] load build definition from Dockerfile                                                                                                      0.0s
 => => transferring dockerfile: 663B                                                                                                                      0.0s
 => [internal] load metadata for quay.io/fedora/fedora:41                                                                                                 1.0s
 => [internal] load .dockerignore                                                                                                                         0.0s
 => => transferring context: 244B                                                                                                                         0.0s
 => [1/8] FROM quay.io/fedora/fedora:41@sha256:893f7eeffce8e3e2bb2bc62786ba5603fb1e0bd6ba07091acb892266b95bafdf                                           0.0s
 => [internal] load build context                                                                                                                         0.0s
 => => transferring context: 16.80kB                                                                                                                      0.0s
 => CACHED [2/8] RUN dnf install -y make && dnf clean all -y                                                                                              0.0s
 => CACHED [3/8] WORKDIR /app                                                                                                                             0.0s
 => CACHED [4/8] COPY Makefile Makefile                                                                                                                   0.0s
 => CACHED [5/8] COPY rpm-build/SPECS rpm-build/SPECS                                                                                                     0.0s
 => [6/8] RUN make build-deps && dnf clean all -y                                                                                                       178.9s
 => [7/8] RUN rm -rf rpm-build                                                                                                                            0.2s
 => [8/8] RUN if test user != root ; then       useradd --no-create-home --home-dir /tmp --uid 1000 user       && echo "user ALL=(ALL) NOPASSWD:ALL" >>   0.2s 
 => exporting to image                                                                                                                                    1.8s 
 => => exporting layers                                                                                                                                   1.8s 
 => => writing image sha256:9c23e5856a325c5ee2d4ca62aef7073959f239b51da7c7ca4d8b173f4ff4c476                                                              0.0s 
 => => naming to docker.io/library/securedrop-workstation-dom0-config41                                                                                   0.0s 
Removing rpm-build/BUILD/
Removing rpm-build/RPMS/noarch/
Building target platforms: noarch
Building for target noarch
setting SOURCE_DATE_EPOCH=1783382400
Executing(%mkbuilddir): /bin/sh -e /var/tmp/rpm-tmp.iAAyU5
Executing(%build): /bin/sh -e /var/tmp/rpm-tmp.MjkgVc
+ umask 022
+ cd /home/user/securedrop-workstation/rpm-build/BUILD/securedrop-workstation-dom0-config-1.8.0rc1-build
+ CFLAGS='-O2 -g '
+ export CFLAGS
+ CXXFLAGS='-O2 -g '
+ export CXXFLAGS
+ FFLAGS='-O2 -g -I/usr/lib/gfortran/modules '
+ export FFLAGS
+ FCFLAGS='-O2 -g -I/usr/lib/gfortran/modules '
+ export FCFLAGS
+ VALAFLAGS=-g
+ export VALAFLAGS
+ RUSTFLAGS='-Copt-level=3 -Cdebuginfo=2 -Ccodegen-units=1 -Cstrip=none -Cforce-frame-pointers=yes --cap-lints=warn'
+ export RUSTFLAGS
+ LDFLAGS='-Wl,-z,relro -Wl,--as-needed   -Wl,-z,now -specs=/usr/lib/rpm/redhat/redhat-hardened-ld -specs=/usr/lib/rpm/redhat/redhat-annobin-cc1  -Wl,--build-id=sha1  '
+ export LDFLAGS
+ LT_SYS_LIBRARY_PATH=/usr/lib:
+ export LT_SYS_LIBRARY_PATH
+ CC=gcc
+ export CC
+ CXX=g++
+ export CXX
+ cd securedrop-workstation-dom0-config-1.8.0rc1
+ RPM_EC=0
++ jobs -p
+ exit 0
Executing(%install): /bin/sh -e /var/tmp/rpm-tmp.PUhJdw
+ umask 022
+ cd /home/user/securedrop-workstation/rpm-build/BUILD/securedrop-workstation-dom0-config-1.8.0rc1-build
+ '[' /home/user/securedrop-workstation/rpm-build/BUILD/securedrop-workstation-dom0-config-1.8.0rc1-build/BUILDROOT '!=' / ']'
+ rm -rf /home/user/securedrop-workstation/rpm-build/BUILD/securedrop-workstation-dom0-config-1.8.0rc1-build/BUILDROOT
++ dirname /home/user/securedrop-workstation/rpm-build/BUILD/securedrop-workstation-dom0-config-1.8.0rc1-build/BUILDROOT
+ mkdir -p /home/user/securedrop-workstation/rpm-build/BUILD/securedrop-workstation-dom0-config-1.8.0rc1-build
+ mkdir /home/user/securedrop-workstation/rpm-build/BUILD/securedrop-workstation-dom0-config-1.8.0rc1-build/BUILDROOT
+ CFLAGS='-O2 -g '
+ export CFLAGS
+ CXXFLAGS='-O2 -g '
+ export CXXFLAGS
+ FFLAGS='-O2 -g -I/usr/lib/gfortran/modules '
+ export FFLAGS
+ FCFLAGS='-O2 -g -I/usr/lib/gfortran/modules '
+ export FCFLAGS
+ VALAFLAGS=-g
+ export VALAFLAGS
+ RUSTFLAGS='-Copt-level=3 -Cdebuginfo=2 -Ccodegen-units=1 -Cstrip=none -Cforce-frame-pointers=yes --cap-lints=warn'
+ export RUSTFLAGS
+ LDFLAGS='-Wl,-z,relro -Wl,--as-needed   -Wl,-z,now -specs=/usr/lib/rpm/redhat/redhat-hardened-ld -specs=/usr/lib/rpm/redhat/redhat-annobin-cc1  -Wl,--build-id=sha1  '
+ export LDFLAGS
+ LT_SYS_LIBRARY_PATH=/usr/lib:
+ export LT_SYS_LIBRARY_PATH
+ CC=gcc
+ export CC
+ CXX=g++
+ export CXX
+ cd securedrop-workstation-dom0-config-1.8.0rc1
+ install -m 755 -d /home/user/securedrop-workstation/rpm-build/BUILD/securedrop-workstation-dom0-config-1.8.0rc1-build/BUILDROOT/usr/lib/python3.13/site-packages/sdw_notify
+ install -m 755 -d /home/user/securedrop-workstation/rpm-build/BUILD/securedrop-workstation-dom0-config-1.8.0rc1-build/BUILDROOT/usr/lib/python3.13/site-packages/sdw_updater
+ install -m 755 -d /home/user/securedrop-workstation/rpm-build/BUILD/securedrop-workstation-dom0-config-1.8.0rc1-build/BUILDROOT/usr/lib/python3.13/site-packages/sdw_util
+ install -m 644 sdw_notify/Notify.py sdw_notify/NotifyApp.py sdw_notify/__init__.py sdw_notify/strings.py /home/user/securedrop-workstation/rpm-build/BUILD/securedrop-workstation-dom0-config-1.8.0rc1-build/BUILDROOT/usr/lib/python3.13/site-packages/sdw_notify/
+ install -m 644 sdw_updater/Updater.py sdw_updater/UpdaterApp.py sdw_updater/UpdaterAppUiQt6.py sdw_updater/__init__.py sdw_updater/strings.py /home/user/securedrop-workstation/rpm-build/BUILD/securedrop-workstation-dom0-config-1.8.0rc1-build/BUILDROOT/usr/lib/python3.13/site-packages/sdw_updater/
+ install -m 644 sdw_util/Util.py sdw_util/__init__.py sdw_util/config_types.py /home/user/securedrop-workstation/rpm-build/BUILD/securedrop-workstation-dom0-config-1.8.0rc1-build/BUILDROOT/usr/lib/python3.13/site-packages/sdw_util/
+ install -m 755 -d /home/user/securedrop-workstation/rpm-build/BUILD/securedrop-workstation-dom0-config-1.8.0rc1-build/BUILDROOT/srv/salt/
+ cp -a securedrop_salt /home/user/securedrop-workstation/rpm-build/BUILD/securedrop-workstation-dom0-config-1.8.0rc1-build/BUILDROOT/srv/salt/
+ install -m 755 -d /home/user/securedrop-workstation/rpm-build/BUILD/securedrop-workstation-dom0-config-1.8.0rc1-build/BUILDROOT/usr/share/securedrop-workstation-dom0-config/scripts
+ install -m 755 -d /home/user/securedrop-workstation/rpm-build/BUILD/securedrop-workstation-dom0-config-1.8.0rc1-build/BUILDROOT/usr/bin
+ install -m 755 -d /home/user/securedrop-workstation/rpm-build/BUILD/securedrop-workstation-dom0-config-1.8.0rc1-build/BUILDROOT/opt/securedrop
+ install -m 755 -d /home/user/securedrop-workstation/rpm-build/BUILD/securedrop-workstation-dom0-config-1.8.0rc1-build/BUILDROOT/usr/bin/securedrop
+ install -m 755 files/update-xfce-settings /home/user/securedrop-workstation/rpm-build/BUILD/securedrop-workstation-dom0-config-1.8.0rc1-build/BUILDROOT/usr/bin/securedrop/
+ install -m 755 files/clean-salt /home/user/securedrop-workstation/rpm-build/BUILD/securedrop-workstation-dom0-config-1.8.0rc1-build/BUILDROOT/usr/share/securedrop-workstation-dom0-config/scripts/
+ install -m 755 files/destroy-vm.py /home/user/securedrop-workstation/rpm-build/BUILD/securedrop-workstation-dom0-config-1.8.0rc1-build/BUILDROOT/usr/share/securedrop-workstation-dom0-config/scripts/destroy-vm
+ install -m 755 files/validate_config.py /home/user/securedrop-workstation/rpm-build/BUILD/securedrop-workstation-dom0-config-1.8.0rc1-build/BUILDROOT/usr/share/securedrop-workstation-dom0-config/scripts/
+ install -m 755 files/sdw-admin.py /home/user/securedrop-workstation/rpm-build/BUILD/securedrop-workstation-dom0-config-1.8.0rc1-build/BUILDROOT/usr/bin/sdw-admin
+ install -m 755 files/sdw-upgrade.py /home/user/securedrop-workstation/rpm-build/BUILD/securedrop-workstation-dom0-config-1.8.0rc1-build/BUILDROOT/usr/bin/sdw-upgrade
+ install -m 644 files/config.json.example /home/user/securedrop-workstation/rpm-build/BUILD/securedrop-workstation-dom0-config-1.8.0rc1-build/BUILDROOT/usr/share/securedrop-workstation-dom0-config/
+ install -m 755 -d /home/user/securedrop-workstation/rpm-build/BUILD/securedrop-workstation-dom0-config-1.8.0rc1-build/BUILDROOT/usr/bin
+ install -m 755 -d /home/user/securedrop-workstation/rpm-build/BUILD/securedrop-workstation-dom0-config-1.8.0rc1-build/BUILDROOT/usr/share/applications/
+ install -m 755 -d /home/user/securedrop-workstation/rpm-build/BUILD/securedrop-workstation-dom0-config-1.8.0rc1-build/BUILDROOT/usr/share/icons/hicolor/128x128/apps/
+ install -m 755 -d /home/user/securedrop-workstation/rpm-build/BUILD/securedrop-workstation-dom0-config-1.8.0rc1-build/BUILDROOT/usr/share/icons/hicolor/scalable/apps/
+ install -m 755 -d /home/user/securedrop-workstation/rpm-build/BUILD/securedrop-workstation-dom0-config-1.8.0rc1-build/BUILDROOT/var/lib/securedrop-workstation-dom0-config/
+ install -m 755 -d /home/user/securedrop-workstation/rpm-build/BUILD/securedrop-workstation-dom0-config-1.8.0rc1-build/BUILDROOT/usr/lib/systemd/user/
+ install -m 755 -d /home/user/securedrop-workstation/rpm-build/BUILD/securedrop-workstation-dom0-config-1.8.0rc1-build/BUILDROOT/usr/lib/systemd/system
+ install -m 755 -d /home/user/securedrop-workstation/rpm-build/BUILD/securedrop-workstation-dom0-config-1.8.0rc1-build/BUILDROOT/usr/lib/systemd/user-preset/
+ install -m 644 files/press.freedom.SecureDropUpdater.desktop /home/user/securedrop-workstation/rpm-build/BUILD/securedrop-workstation-dom0-config-1.8.0rc1-build/BUILDROOT//usr/share/applications/
+ install -m 644 files/press.freedom.SecureDropUpdater.desktop /home/user/securedrop-workstation/rpm-build/BUILD/securedrop-workstation-dom0-config-1.8.0rc1-build/BUILDROOT/srv/salt/securedrop_salt/press.freedom.SecureDropUpdater.desktop
+ install -m 644 files/securedrop-128x128.png /home/user/securedrop-workstation/rpm-build/BUILD/securedrop-workstation-dom0-config-1.8.0rc1-build/BUILDROOT/usr/share/icons/hicolor/128x128/apps/securedrop.png
+ install -m 644 files/securedrop-scalable.svg /home/user/securedrop-workstation/rpm-build/BUILD/securedrop-workstation-dom0-config-1.8.0rc1-build/BUILDROOT/usr/share/icons/hicolor/scalable/apps/securedrop.svg
+ install -m 755 files/sdw-updater.py /home/user/securedrop-workstation/rpm-build/BUILD/securedrop-workstation-dom0-config-1.8.0rc1-build/BUILDROOT/usr/bin/sdw-updater
+ install -m 755 files/sdw-notify.py /home/user/securedrop-workstation/rpm-build/BUILD/securedrop-workstation-dom0-config-1.8.0rc1-build/BUILDROOT/usr/bin/sdw-notify
+ install -m 755 files/sdw-login.py /home/user/securedrop-workstation/rpm-build/BUILD/securedrop-workstation-dom0-config-1.8.0rc1-build/BUILDROOT/usr/bin/sdw-login
+ install -m 644 files/sdw-notify.service /home/user/securedrop-workstation/rpm-build/BUILD/securedrop-workstation-dom0-config-1.8.0rc1-build/BUILDROOT/usr/lib/systemd/user/
+ install -m 644 files/sdw-notify.timer /home/user/securedrop-workstation/rpm-build/BUILD/securedrop-workstation-dom0-config-1.8.0rc1-build/BUILDROOT/usr/lib/systemd/user/
+ install -m 644 files/securedrop-logind-override-disable.service /home/user/securedrop-workstation/rpm-build/BUILD/securedrop-workstation-dom0-config-1.8.0rc1-build/BUILDROOT/usr/lib/systemd/system/
+ install -m 644 files/95-securedrop-systemd-user.preset /home/user/securedrop-workstation/rpm-build/BUILD/securedrop-workstation-dom0-config-1.8.0rc1-build/BUILDROOT/usr/lib/systemd/user-preset/
+ install -m 755 -d /home/user/securedrop-workstation/rpm-build/BUILD/securedrop-workstation-dom0-config-1.8.0rc1-build/BUILDROOT/etc/qubes/policy.d/
+ install -m 644 files/31-securedrop-workstation.policy /home/user/securedrop-workstation/rpm-build/BUILD/securedrop-workstation-dom0-config-1.8.0rc1-build/BUILDROOT/etc/qubes/policy.d/
+ install -m 644 files/32-securedrop-workstation.policy /home/user/securedrop-workstation/rpm-build/BUILD/securedrop-workstation-dom0-config-1.8.0rc1-build/BUILDROOT/etc/qubes/policy.d/
+ install -m 755 -d /home/user/securedrop-workstation/rpm-build/BUILD/securedrop-workstation-dom0-config-1.8.0rc1-build/BUILDROOT/etc/qubes-rpc/
+ install -m 755 files/securedrop.GetSecretKeys.py /home/user/securedrop-workstation/rpm-build/BUILD/securedrop-workstation-dom0-config-1.8.0rc1-build/BUILDROOT/etc/qubes-rpc/securedrop.GetSecretKeys
+ install -m 755 -d /home/user/securedrop-workstation/rpm-build/BUILD/securedrop-workstation-dom0-config-1.8.0rc1-build/BUILDROOT/usr/share/securedrop/icons
+ install -m 644 files/securedrop-128x128.png /home/user/securedrop-workstation/rpm-build/BUILD/securedrop-workstation-dom0-config-1.8.0rc1-build/BUILDROOT/usr/share/securedrop/icons/sd-logo.png
+ install -m 755 -d /home/user/securedrop-workstation/rpm-build/BUILD/securedrop-workstation-dom0-config-1.8.0rc1-build/BUILDROOT/etc/systemd/logind.conf.d/
+ install -m 644 files/10-securedrop-logind_override.conf /home/user/securedrop-workstation/rpm-build/BUILD/securedrop-workstation-dom0-config-1.8.0rc1-build/BUILDROOT/etc/systemd/logind.conf.d/
+ install -m 644 files/securedrop-user-xfce-settings.service /home/user/securedrop-workstation/rpm-build/BUILD/securedrop-workstation-dom0-config-1.8.0rc1-build/BUILDROOT/usr/lib/systemd/user/
+ install -m 644 files/securedrop-user-xfce-icon-size.service /home/user/securedrop-workstation/rpm-build/BUILD/securedrop-workstation-dom0-config-1.8.0rc1-build/BUILDROOT/usr/lib/systemd/user/
+ /usr/lib/rpm/check-buildroot
+ /usr/lib/rpm/redhat/brp-ldconfig
+ /usr/lib/rpm/brp-compress
+ /usr/lib/rpm/brp-strip /usr/bin/strip
+ /usr/lib/rpm/brp-strip-comment-note /usr/bin/strip /usr/bin/objdump
+ /usr/lib/rpm/redhat/brp-strip-lto /usr/bin/strip
+ /usr/lib/rpm/brp-strip-static-archive /usr/bin/strip
+ /usr/lib/rpm/check-rpaths
+ /usr/lib/rpm/redhat/brp-mangle-shebangs
+ /usr/lib/rpm/brp-remove-la-files
+ /usr/lib/rpm/redhat/brp-python-hardlink
+ /usr/bin/add-determinism --brp -j2 /home/user/securedrop-workstation/rpm-build/BUILD/securedrop-workstation-dom0-config-1.8.0rc1-build/BUILDROOT
Scanned 40 directories and 75 files,
               processed 0 inodes,
               0 modified (0 replaced + 0 rewritten),
               0 unsupported format, 0 errors
Processing files: securedrop-workstation-dom0-config-1.8.0rc1-1.fc41.noarch
Executing(%doc): /bin/sh -e /var/tmp/rpm-tmp.6VzcKn
+ umask 022
+ cd /home/user/securedrop-workstation/rpm-build/BUILD/securedrop-workstation-dom0-config-1.8.0rc1-build
+ cd securedrop-workstation-dom0-config-1.8.0rc1
+ DOCDIR=/home/user/securedrop-workstation/rpm-build/BUILD/securedrop-workstation-dom0-config-1.8.0rc1-build/BUILDROOT/usr/share/doc/securedrop-workstation-dom0-config
+ export LC_ALL=C.UTF-8
+ LC_ALL=C.UTF-8
+ export DOCDIR
+ /usr/bin/mkdir -p /home/user/securedrop-workstation/rpm-build/BUILD/securedrop-workstation-dom0-config-1.8.0rc1-build/BUILDROOT/usr/share/doc/securedrop-workstation-dom0-config
+ cp -pr /home/user/securedrop-workstation/rpm-build/BUILD/securedrop-workstation-dom0-config-1.8.0rc1-build/securedrop-workstation-dom0-config-1.8.0rc1/README.md /home/user/securedrop-workstation/rpm-build/BUILD/securedrop-workstation-dom0-config-1.8.0rc1-build/BUILDROOT/usr/share/doc/securedrop-workstation-dom0-config
+ RPM_EC=0
++ jobs -p
+ exit 0
Executing(%license): /bin/sh -e /var/tmp/rpm-tmp.E042Iv
+ umask 022
+ cd /home/user/securedrop-workstation/rpm-build/BUILD/securedrop-workstation-dom0-config-1.8.0rc1-build
+ cd securedrop-workstation-dom0-config-1.8.0rc1
+ LICENSEDIR=/home/user/securedrop-workstation/rpm-build/BUILD/securedrop-workstation-dom0-config-1.8.0rc1-build/BUILDROOT/usr/share/licenses/securedrop-workstation-dom0-config
+ export LC_ALL=C.UTF-8
+ LC_ALL=C.UTF-8
+ export LICENSEDIR
+ /usr/bin/mkdir -p /home/user/securedrop-workstation/rpm-build/BUILD/securedrop-workstation-dom0-config-1.8.0rc1-build/BUILDROOT/usr/share/licenses/securedrop-workstation-dom0-config
+ cp -pr /home/user/securedrop-workstation/rpm-build/BUILD/securedrop-workstation-dom0-config-1.8.0rc1-build/securedrop-workstation-dom0-config-1.8.0rc1/LICENSE /home/user/securedrop-workstation/rpm-build/BUILD/securedrop-workstation-dom0-config-1.8.0rc1-build/BUILDROOT/usr/share/licenses/securedrop-workstation-dom0-config
+ RPM_EC=0
++ jobs -p
+ exit 0
Provides: application() application(press.freedom.SecureDropUpdater.desktop) securedrop-workstation-dom0-config = 1.8.0rc1-1.fc41
Requires(interp): /bin/sh /bin/sh
Requires(rpmlib): rpmlib(CompressedFileNames) <= 3.0.4-1 rpmlib(FileDigests) <= 4.6.0-1 rpmlib(PayloadFilesHavePrefix) <= 4.0-1
Requires(post): /bin/sh
Requires(preun): /bin/sh
Requires: /usr/bin/bash /usr/bin/python3 python(abi) = 3.13
Checking for unpackaged file(s): /usr/lib/rpm/check-files /home/user/securedrop-workstation/rpm-build/BUILD/securedrop-workstation-dom0-config-1.8.0rc1-build/BUILDROOT
Wrote: /home/user/securedrop-workstation/rpm-build/RPMS/noarch/securedrop-workstation-dom0-config-1.8.0rc1-1.fc41.noarch.rpm
checking mtimes in securedrop-workstation-dom0-config-1.8.0rc1-1.fc41.noarch.rpm: 2026-07-07 00:00:00+00:00

Build complete! RPMs and their checksums are:

6680b712aa94baeff863daa2e74d9d7b59ea0d91c83571c4300989bf1fd7a249  rpm-build/RPMS/noarch/securedrop-workstation-dom0-config-1.8.0rc1-1.fc41.noarch.rpm
Script done.

Build log available at build-log/securedrop-workstation-20260707.log
