user@sd-dev:~/securedrop-workstation$ git tag -v 1.5.0
object b235faf32a1e9fa9464874ea45612a483f20432a
type commit
tag 1.5.0
tagger Kevin O'Gorman <kog@freedom.press> 1760642146 -0400

SecureDrop Workstation 1.5.0
gpg: Signature made Thu 16 Oct 2025 08:17:46 PM BST
gpg:                using RSA key 2359E6538C0613E652955E6C188EDD3B7B22E6A3
gpg: Good signature from "SecureDrop Release Signing Key <securedrop-release-key-2021@freedom.press>" [unknown]
gpg: WARNING: This key is not certified with a trusted signature!
gpg:          There is no indication that the signature belongs to the owner.
Primary key fingerprint: 2359 E653 8C06 13E6 5295  5E6C 188E DD3B 7B22 E6A3
user@sd-dev:~/securedrop-workstation$ git checkout 1.5.0
HEAD is now at b235faf Merge pull request #1456 from freedomofpress/1.5.0-changelog-version-bump
user@sd-dev:~/securedrop-workstation$ git show
commit b235faf32a1e9fa9464874ea45612a483f20432a (HEAD, tag: 1.5.0, origin/release/1.5.0, release/1.5.0)
Merge: 4d6df54 5ce784b
Author: Kevin O'Gorman <kog@freedom.press>
Date:   Thu Oct 16 09:44:41 2025 -0700

    Merge pull request #1456 from freedomofpress/1.5.0-changelog-version-bump
    
    SecureDrop Workstation 1.5.0 changelog / ver. bump

user@sd-dev:~/securedrop-workstation$ make build-rpm
grep: /etc/fedora-release: No such file or directory
Building SecureDop Workstation RPM...
Script started, output log file is 'build-log/securedrop-workstation-20251020.log'.
STEP 1/14: FROM quay.io/fedora/fedora:37
STEP 2/14: LABEL org="Freedom of the Press"
--> Using cache b990b5f9c3b897e6b37d0177a4788a002fb5534d6ddba30d8a80d10b5d6d9ce7
--> b990b5f9c3b
STEP 3/14: LABEL image_name="securedrop-workstation-qubes-4.2"
--> Using cache 527a58dcf802a2fa31e76be4f7fa0006fc40f2687bd8ae9a4db5d548aad72fe3
--> 527a58dcf80
STEP 4/14: ARG USER_NAME
--> Using cache b8ef31c82d69818b3b1039fafe61d8d0e0787943e930bb51b3008d3e10ab1782
--> b8ef31c82d6
STEP 5/14: ENV USER_NAME ${USER_NAME:-root}
--> Using cache 032672a23872f044df2d15741ddb3fa7a3ef8bd9dc2593416cbab99c22ddb54a
--> 032672a2387
STEP 6/14: ARG USER_ID
--> Using cache 1a1790e90711eff45464bea23af34d819ffb8038795c2b19fee6c81565ad82b9
--> 1a1790e9071
STEP 7/14: ENV USER_ID ${USER_ID:-0}
--> Using cache d0777640f70a05e7dd8981ee5a9fffaca3a672bb53304e5fc142759b34c071eb
--> d0777640f70
STEP 8/14: RUN dnf install -y make
--> Using cache 29f7f46eb66701e4468d270259605bf87dddbe735dba91013fac6355c00414ac
--> 29f7f46eb66
STEP 9/14: COPY Makefile Makefile
--> Using cache a7118ae1e0ec9ac00ab1391ad794508d9dc5e287c518742e32145c29fa88ba57
--> a7118ae1e0e
STEP 10/14: COPY rpm-build/SPECS rpm-build/SPECS
--> Using cache 5b8d8f8ef86d01262e865aff5f37052217867b8bcb10b0e21da785dece3e1529
--> 5b8d8f8ef86
STEP 11/14: ARG DEPS=build-deps
--> Using cache 38929ea9287a131812c36897b20404f7070233cc1ad626e3f61c36498661bf45
--> 38929ea9287
STEP 12/14: RUN make ${DEPS}
--> Using cache 3212087f2e04658a2256365e564be598449f85031990c197f2a9c8426c8edd81
--> 3212087f2e0
STEP 13/14: RUN rm -rf rpm-build
--> Using cache 9594f582229ec4f537125a03a3f1f38a96a2ae8f2040c62d97d27d4a4a32c599
--> 9594f582229
STEP 14/14: RUN if test $USER_NAME != root ; then useradd --no-create-home --home-dir /tmp --uid $USER_ID $USER_NAME && echo "$USER_NAME ALL=(ALL) NOPASSWD:ALL" >> /etc/sudoers ; fi
--> Using cache 581e5fd860b76633e29cbaaecd7e375ffb725a292b4b67c07531d79bab302fe2
COMMIT securedrop-workstation-dom0-config
--> 581e5fd860b
Successfully tagged localhost/securedrop-workstation-dom0-config:latest
581e5fd860b76633e29cbaaecd7e375ffb725a292b4b67c07531d79bab302fe2
Removing dist/
Removing rpm-build/RPMS/noarch/
Removing rpm-build/SOURCES/securedrop-workstation-dom0-config-1.5.0.tar.gz
running sdist
running egg_info
writing securedrop_workstation_dom0_config.egg-info/PKG-INFO
writing dependency_links to securedrop_workstation_dom0_config.egg-info/dependency_links.txt
writing top-level names to securedrop_workstation_dom0_config.egg-info/top_level.txt
reading manifest file 'securedrop_workstation_dom0_config.egg-info/SOURCES.txt'
reading manifest template 'MANIFEST.in'
adding license file 'LICENSE'
writing manifest file 'securedrop_workstation_dom0_config.egg-info/SOURCES.txt'
running check
creating securedrop-workstation-dom0-config-1.5.0
creating securedrop-workstation-dom0-config-1.5.0/files
creating securedrop-workstation-dom0-config-1.5.0/launcher
creating securedrop-workstation-dom0-config-1.5.0/launcher/sdw_notify
creating securedrop-workstation-dom0-config-1.5.0/launcher/sdw_util
creating securedrop-workstation-dom0-config-1.5.0/sdw_notify
creating securedrop-workstation-dom0-config-1.5.0/sdw_updater
creating securedrop-workstation-dom0-config-1.5.0/sdw_util
creating securedrop-workstation-dom0-config-1.5.0/securedrop_salt
creating securedrop-workstation-dom0-config-1.5.0/securedrop_workstation_dom0_config.egg-info
creating securedrop-workstation-dom0-config-1.5.0/tests
copying files to securedrop-workstation-dom0-config-1.5.0...
copying LICENSE -> securedrop-workstation-dom0-config-1.5.0
copying MANIFEST.in -> securedrop-workstation-dom0-config-1.5.0
copying README.md -> securedrop-workstation-dom0-config-1.5.0
copying VERSION -> securedrop-workstation-dom0-config-1.5.0
copying pyproject.toml -> securedrop-workstation-dom0-config-1.5.0
copying setup.py -> securedrop-workstation-dom0-config-1.5.0
copying files/10-securedrop-logind_override.conf -> securedrop-workstation-dom0-config-1.5.0/files
copying files/31-securedrop-workstation.policy -> securedrop-workstation-dom0-config-1.5.0/files
copying files/32-securedrop-workstation.policy -> securedrop-workstation-dom0-config-1.5.0/files
copying files/95-securedrop-systemd-user.preset -> securedrop-workstation-dom0-config-1.5.0/files
copying files/clean-salt -> securedrop-workstation-dom0-config-1.5.0/files
copying files/config.json.example -> securedrop-workstation-dom0-config-1.5.0/files
copying files/destroy-vm.py -> securedrop-workstation-dom0-config-1.5.0/files
copying files/press.freedom.SecureDropUpdater.desktop -> securedrop-workstation-dom0-config-1.5.0/files
copying files/sdw-admin.py -> securedrop-workstation-dom0-config-1.5.0/files
copying files/sdw-login.py -> securedrop-workstation-dom0-config-1.5.0/files
copying files/sdw-notify.py -> securedrop-workstation-dom0-config-1.5.0/files
copying files/sdw-notify.service -> securedrop-workstation-dom0-config-1.5.0/files
copying files/sdw-notify.timer -> securedrop-workstation-dom0-config-1.5.0/files
copying files/sdw-updater.py -> securedrop-workstation-dom0-config-1.5.0/files
copying files/securedrop-128x128.png -> securedrop-workstation-dom0-config-1.5.0/files
copying files/securedrop-logind-override-disable.service -> securedrop-workstation-dom0-config-1.5.0/files
copying files/securedrop-scalable.svg -> securedrop-workstation-dom0-config-1.5.0/files
copying files/securedrop-user-xfce-icon-size.service -> securedrop-workstation-dom0-config-1.5.0/files
copying files/securedrop-user-xfce-settings.service -> securedrop-workstation-dom0-config-1.5.0/files
copying files/update-xfce-settings -> securedrop-workstation-dom0-config-1.5.0/files
copying files/validate_config.py -> securedrop-workstation-dom0-config-1.5.0/files
copying launcher/sdw_notify/Notify.py -> securedrop-workstation-dom0-config-1.5.0/launcher/sdw_notify
copying launcher/sdw_notify/NotifyApp.py -> securedrop-workstation-dom0-config-1.5.0/launcher/sdw_notify
copying launcher/sdw_notify/strings.py -> securedrop-workstation-dom0-config-1.5.0/launcher/sdw_notify
copying launcher/sdw_util/Util.py -> securedrop-workstation-dom0-config-1.5.0/launcher/sdw_util
copying sdw_notify/Notify.py -> securedrop-workstation-dom0-config-1.5.0/sdw_notify
copying sdw_notify/NotifyApp.py -> securedrop-workstation-dom0-config-1.5.0/sdw_notify
copying sdw_notify/__init__.py -> securedrop-workstation-dom0-config-1.5.0/sdw_notify
copying sdw_notify/strings.py -> securedrop-workstation-dom0-config-1.5.0/sdw_notify
copying sdw_updater/Updater.py -> securedrop-workstation-dom0-config-1.5.0/sdw_updater
copying sdw_updater/UpdaterApp.py -> securedrop-workstation-dom0-config-1.5.0/sdw_updater
copying sdw_updater/UpdaterAppUiQt5.py -> securedrop-workstation-dom0-config-1.5.0/sdw_updater
copying sdw_updater/__init__.py -> securedrop-workstation-dom0-config-1.5.0/sdw_updater
copying sdw_updater/strings.py -> securedrop-workstation-dom0-config-1.5.0/sdw_updater
copying sdw_util/Util.py -> securedrop-workstation-dom0-config-1.5.0/sdw_util
copying sdw_util/__init__.py -> securedrop-workstation-dom0-config-1.5.0/sdw_util
copying securedrop_salt/99-sd-devices.rules -> securedrop-workstation-dom0-config-1.5.0/securedrop_salt
copying securedrop_salt/apt-test-pubkey.asc -> securedrop-workstation-dom0-config-1.5.0/securedrop_salt
copying securedrop_salt/apt-test_freedom_press.sources.j2 -> securedrop-workstation-dom0-config-1.5.0/securedrop_salt
copying securedrop_salt/apt_freedom_press.sources.j2 -> securedrop-workstation-dom0-config-1.5.0/securedrop_salt
copying securedrop_salt/dom0-xfce-desktop-file.j2 -> securedrop-workstation-dom0-config-1.5.0/securedrop_salt
copying securedrop_salt/fpf-apt-repo.sls -> securedrop-workstation-dom0-config-1.5.0/securedrop_salt
copying securedrop_salt/remove-tags.py -> securedrop-workstation-dom0-config-1.5.0/securedrop_salt
copying securedrop_salt/sd-app-files.sls -> securedrop-workstation-dom0-config-1.5.0/securedrop_salt
copying securedrop_salt/sd-app.sls -> securedrop-workstation-dom0-config-1.5.0/securedrop_salt
copying securedrop_salt/sd-attach-export-device -> securedrop-workstation-dom0-config-1.5.0/securedrop_salt
copying securedrop_salt/sd-base-template-packages.sls -> securedrop-workstation-dom0-config-1.5.0/securedrop_salt
copying securedrop_salt/sd-base-template.sls -> securedrop-workstation-dom0-config-1.5.0/securedrop_salt
copying securedrop_salt/sd-clean-all.sls -> securedrop-workstation-dom0-config-1.5.0/securedrop_salt
copying securedrop_salt/sd-clean-default-dispvm.sls -> securedrop-workstation-dom0-config-1.5.0/securedrop_salt
copying securedrop_salt/sd-default-config.sls -> securedrop-workstation-dom0-config-1.5.0/securedrop_salt
copying securedrop_salt/sd-default-config.yml -> securedrop-workstation-dom0-config-1.5.0/securedrop_salt
copying securedrop_salt/sd-devices-files.sls -> securedrop-workstation-dom0-config-1.5.0/securedrop_salt
copying securedrop_salt/sd-devices.sls -> securedrop-workstation-dom0-config-1.5.0/securedrop_salt
copying securedrop_salt/sd-dom0-files.sls -> securedrop-workstation-dom0-config-1.5.0/securedrop_salt
copying securedrop_salt/sd-gpg-files.sls -> securedrop-workstation-dom0-config-1.5.0/securedrop_salt
copying securedrop_salt/sd-gpg.sls -> securedrop-workstation-dom0-config-1.5.0/securedrop_salt
copying securedrop_salt/sd-log.sls -> securedrop-workstation-dom0-config-1.5.0/securedrop_salt
copying securedrop_salt/sd-logging-setup.sls -> securedrop-workstation-dom0-config-1.5.0/securedrop_salt
copying securedrop_salt/sd-proxy-template-files.sls -> securedrop-workstation-dom0-config-1.5.0/securedrop_salt
copying securedrop_salt/sd-proxy.sls -> securedrop-workstation-dom0-config-1.5.0/securedrop_salt
copying securedrop_salt/sd-remove-unused-qubes.sls -> securedrop-workstation-dom0-config-1.5.0/securedrop_salt
copying securedrop_salt/sd-remove-unused-templates.sls -> securedrop-workstation-dom0-config-1.5.0/securedrop_salt
copying securedrop_salt/sd-remove-whonix-packages.sls -> securedrop-workstation-dom0-config-1.5.0/securedrop_salt
copying securedrop_salt/sd-reset-whonix-prefs.sls -> securedrop-workstation-dom0-config-1.5.0/securedrop_salt
copying securedrop_salt/sd-sys-vms.sls -> securedrop-workstation-dom0-config-1.5.0/securedrop_salt
copying securedrop_salt/sd-upgrade-templates.sls -> securedrop-workstation-dom0-config-1.5.0/securedrop_salt
copying securedrop_salt/sd-usb-autoattach-add.sls -> securedrop-workstation-dom0-config-1.5.0/securedrop_salt
copying securedrop_salt/sd-usb-autoattach-remove.sls -> securedrop-workstation-dom0-config-1.5.0/securedrop_salt
copying securedrop_salt/sd-viewer-files.sls -> securedrop-workstation-dom0-config-1.5.0/securedrop_salt
copying securedrop_salt/sd-viewer.sls -> securedrop-workstation-dom0-config-1.5.0/securedrop_salt
copying securedrop_salt/sd-workstation-template.sls -> securedrop-workstation-dom0-config-1.5.0/securedrop_salt
copying securedrop_salt/sd-workstation.top -> securedrop-workstation-dom0-config-1.5.0/securedrop_salt
copying securedrop_salt/sdlog.conf -> securedrop-workstation-dom0-config-1.5.0/securedrop_salt
copying securedrop_salt/securedrop-handle-upgrade -> securedrop-workstation-dom0-config-1.5.0/securedrop_salt
copying securedrop_salt/securedrop-release-signing-pubkey-2021.asc -> securedrop-workstation-dom0-config-1.5.0/securedrop_salt
copying securedrop_workstation_dom0_config.egg-info/PKG-INFO -> securedrop-workstation-dom0-config-1.5.0/securedrop_workstation_dom0_config.egg-info
copying securedrop_workstation_dom0_config.egg-info/SOURCES.txt -> securedrop-workstation-dom0-config-1.5.0/securedrop_workstation_dom0_config.egg-info
copying securedrop_workstation_dom0_config.egg-info/dependency_links.txt -> securedrop-workstation-dom0-config-1.5.0/securedrop_workstation_dom0_config.egg-info
copying securedrop_workstation_dom0_config.egg-info/top_level.txt -> securedrop-workstation-dom0-config-1.5.0/securedrop_workstation_dom0_config.egg-info
copying tests/test_app.py -> securedrop-workstation-dom0-config-1.5.0/tests
copying tests/test_dom0_rpm_repo.py -> securedrop-workstation-dom0-config-1.5.0/tests
copying tests/test_dom0_salt_config.py -> securedrop-workstation-dom0-config-1.5.0/tests
copying tests/test_dom0_validate.py -> securedrop-workstation-dom0-config-1.5.0/tests
copying tests/test_gpg.py -> securedrop-workstation-dom0-config-1.5.0/tests
copying tests/test_log_vm.py -> securedrop-workstation-dom0-config-1.5.0/tests
copying tests/test_proxy_vm.py -> securedrop-workstation-dom0-config-1.5.0/tests
copying tests/test_qubes_rpc.py -> securedrop-workstation-dom0-config-1.5.0/tests
copying tests/test_qubes_vms.py -> securedrop-workstation-dom0-config-1.5.0/tests
copying tests/test_sd_devices.py -> securedrop-workstation-dom0-config-1.5.0/tests
copying tests/test_sys_usb.py -> securedrop-workstation-dom0-config-1.5.0/tests
copying tests/test_viewer.py -> securedrop-workstation-dom0-config-1.5.0/tests
copying tests/test_vms_exist.py -> securedrop-workstation-dom0-config-1.5.0/tests
copying tests/test_vms_platform.py -> securedrop-workstation-dom0-config-1.5.0/tests
Writing securedrop-workstation-dom0-config-1.5.0/setup.cfg
creating dist
Creating tar archive
removing 'securedrop-workstation-dom0-config-1.5.0' (and everything under it)
setting SOURCE_DATE_EPOCH=1760572800
Executing(%prep): /bin/sh -e /var/tmp/rpm-tmp.t7s20F
+ umask 022
+ cd /home/user/securedrop-workstation/rpm-build/BUILD
+ cd /home/user/securedrop-workstation/rpm-build/BUILD
+ rm -rf securedrop-workstation-dom0-config-1.5.0
+ /usr/lib/rpm/rpmuncompress -x /home/user/securedrop-workstation/rpm-build/SOURCES/securedrop-workstation-dom0-config-1.5.0.tar.gz
/usr/bin/tar: securedrop-workstation-dom0-config-1.5.0/LICENSE: time stamp 2025-10-21 10:20:16 is 86366.321194255 s in the future
/usr/bin/tar: securedrop-workstation-dom0-config-1.5.0/MANIFEST.in: time stamp 2025-10-21 10:20:40 is 86390.321006587 s in the future
/usr/bin/tar: securedrop-workstation-dom0-config-1.5.0/README.md: time stamp 2025-10-21 10:20:16 is 86366.320836893 s in the future
/usr/bin/tar: securedrop-workstation-dom0-config-1.5.0/VERSION: time stamp 2025-10-21 10:20:17 is 86367.320762477 s in the future
/usr/bin/tar: securedrop-workstation-dom0-config-1.5.0/files/10-securedrop-logind_override.conf: time stamp 2025-10-21 10:20:17 is 86367.320581813 s in the future
/usr/bin/tar: securedrop-workstation-dom0-config-1.5.0/files/31-securedrop-workstation.policy: time stamp 2025-10-21 10:20:17 is 86367.320505976 s in the future
/usr/bin/tar: securedrop-workstation-dom0-config-1.5.0/files/32-securedrop-workstation.policy: time stamp 2025-10-21 10:20:17 is 86367.320411403 s in the future
/usr/bin/tar: securedrop-workstation-dom0-config-1.5.0/files/95-securedrop-systemd-user.preset: time stamp 2025-10-21 10:20:17 is 86367.320313353 s in the future
/usr/bin/tar: securedrop-workstation-dom0-config-1.5.0/files/clean-salt: time stamp 2025-10-21 10:20:17 is 86367.319690716 s in the future
/usr/bin/tar: securedrop-workstation-dom0-config-1.5.0/files/config.json.example: time stamp 2025-10-21 10:20:17 is 86367.319652507 s in the future
/usr/bin/tar: securedrop-workstation-dom0-config-1.5.0/files/destroy-vm.py: time stamp 2025-10-21 10:20:17 is 86367.319593784 s in the future
/usr/bin/tar: securedrop-workstation-dom0-config-1.5.0/files/press.freedom.SecureDropUpdater.desktop: time stamp 2025-10-21 10:20:17 is 86367.319542937 s in the future
/usr/bin/tar: securedrop-workstation-dom0-config-1.5.0/files/sdw-admin.py: time stamp 2025-10-21 10:20:17 is 86367.319500902 s in the future
/usr/bin/tar: securedrop-workstation-dom0-config-1.5.0/files/sdw-login.py: time stamp 2025-10-21 10:20:17 is 86367.319464891 s in the future
/usr/bin/tar: securedrop-workstation-dom0-config-1.5.0/files/sdw-notify.py: time stamp 2025-10-21 10:20:17 is 86367.319433894 s in the future
/usr/bin/tar: securedrop-workstation-dom0-config-1.5.0/files/sdw-notify.service: time stamp 2025-10-21 10:20:17 is 86367.319408553 s in the future
/usr/bin/tar: securedrop-workstation-dom0-config-1.5.0/files/sdw-notify.timer: time stamp 2025-10-21 10:20:17 is 86367.319383703 s in the future
/usr/bin/tar: securedrop-workstation-dom0-config-1.5.0/files/sdw-updater.py: time stamp 2025-10-21 10:20:17 is 86367.319358309 s in the future
/usr/bin/tar: securedrop-workstation-dom0-config-1.5.0/files/securedrop-128x128.png: time stamp 2025-10-21 10:20:17 is 86367.319333154 s in the future
/usr/bin/tar: securedrop-workstation-dom0-config-1.5.0/files/securedrop-logind-override-disable.service: time stamp 2025-10-21 10:20:17 is 86367.319302983 s in the future
/usr/bin/tar: securedrop-workstation-dom0-config-1.5.0/files/securedrop-scalable.svg: time stamp 2025-10-21 10:20:17 is 86367.319277989 s in the future
/usr/bin/tar: securedrop-workstation-dom0-config-1.5.0/files/securedrop-user-xfce-icon-size.service: time stamp 2025-10-21 10:20:17 is 86367.319252789 s in the future
/usr/bin/tar: securedrop-workstation-dom0-config-1.5.0/files/securedrop-user-xfce-settings.service: time stamp 2025-10-21 10:20:17 is 86367.319222996 s in the future
/usr/bin/tar: securedrop-workstation-dom0-config-1.5.0/files/update-xfce-settings: time stamp 2025-10-21 10:20:17 is 86367.319195072 s in the future
/usr/bin/tar: securedrop-workstation-dom0-config-1.5.0/files/validate_config.py: time stamp 2025-10-21 10:20:17 is 86367.319129626 s in the future
/usr/bin/tar: securedrop-workstation-dom0-config-1.5.0/launcher/sdw_notify/Notify.py: time stamp 2025-10-21 10:20:16 is 86366.318966222 s in the future
/usr/bin/tar: securedrop-workstation-dom0-config-1.5.0/launcher/sdw_notify/NotifyApp.py: time stamp 2025-10-21 10:20:16 is 86366.318929142 s in the future
/usr/bin/tar: securedrop-workstation-dom0-config-1.5.0/launcher/sdw_notify/strings.py: time stamp 2025-10-21 10:20:16 is 86366.318663567 s in the future
/usr/bin/tar: securedrop-workstation-dom0-config-1.5.0/launcher/sdw_util/Util.py: time stamp 2025-10-21 10:20:40 is 86390.318377342 s in the future
/usr/bin/tar: securedrop-workstation-dom0-config-1.5.0/pyproject.toml: time stamp 2025-10-21 10:20:16 is 86366.318317684 s in the future
/usr/bin/tar: securedrop-workstation-dom0-config-1.5.0/sdw_notify/Notify.py: time stamp 2025-10-21 10:20:16 is 86366.318185654 s in the future
/usr/bin/tar: securedrop-workstation-dom0-config-1.5.0/sdw_notify/NotifyApp.py: time stamp 2025-10-21 10:20:16 is 86366.318103154 s in the future
/usr/bin/tar: securedrop-workstation-dom0-config-1.5.0/sdw_notify/__init__.py: time stamp 2025-10-21 10:20:16 is 86366.318023532 s in the future
/usr/bin/tar: securedrop-workstation-dom0-config-1.5.0/sdw_notify/strings.py: time stamp 2025-10-21 10:20:16 is 86366.317956732 s in the future
/usr/bin/tar: securedrop-workstation-dom0-config-1.5.0/sdw_updater/Updater.py: time stamp 2025-10-21 10:20:17 is 86367.317445013 s in the future
/usr/bin/tar: securedrop-workstation-dom0-config-1.5.0/sdw_updater/UpdaterApp.py: time stamp 2025-10-21 10:20:16 is 86366.317005835 s in the future
/usr/bin/tar: securedrop-workstation-dom0-config-1.5.0/sdw_updater/UpdaterAppUiQt5.py: time stamp 2025-10-21 10:20:17 is 86367.316883988 s in the future
/usr/bin/tar: securedrop-workstation-dom0-config-1.5.0/sdw_updater/__init__.py: time stamp 2025-10-21 10:20:17 is 86367.316750378 s in the future
/usr/bin/tar: securedrop-workstation-dom0-config-1.5.0/sdw_updater/strings.py: time stamp 2025-10-21 10:20:17 is 86367.316681414 s in the future
/usr/bin/tar: securedrop-workstation-dom0-config-1.5.0/sdw_util/Util.py: time stamp 2025-10-21 10:20:40 is 86390.316563835 s in the future
/usr/bin/tar: securedrop-workstation-dom0-config-1.5.0/sdw_util/__init__.py: time stamp 2025-10-21 10:20:40 is 86390.316509868 s in the future
/usr/bin/tar: securedrop-workstation-dom0-config-1.5.0/securedrop_salt/99-sd-devices.rules: time stamp 2025-10-21 10:20:40 is 86390.316418719 s in the future
/usr/bin/tar: securedrop-workstation-dom0-config-1.5.0/securedrop_salt/apt-test-pubkey.asc: time stamp 2025-10-21 10:20:40 is 86390.316367394 s in the future
/usr/bin/tar: securedrop-workstation-dom0-config-1.5.0/securedrop_salt/apt-test_freedom_press.sources.j2: time stamp 2025-10-21 10:20:40 is 86390.316309148 s in the future
/usr/bin/tar: securedrop-workstation-dom0-config-1.5.0/securedrop_salt/apt_freedom_press.sources.j2: time stamp 2025-10-21 10:20:40 is 86390.316238371 s in the future
/usr/bin/tar: securedrop-workstation-dom0-config-1.5.0/securedrop_salt/dom0-xfce-desktop-file.j2: time stamp 2025-10-21 10:20:40 is 86390.31615828 s in the future
/usr/bin/tar: securedrop-workstation-dom0-config-1.5.0/securedrop_salt/fpf-apt-repo.sls: time stamp 2025-10-21 10:20:40 is 86390.316117471 s in the future
/usr/bin/tar: securedrop-workstation-dom0-config-1.5.0/securedrop_salt/remove-tags.py: time stamp 2025-10-21 10:20:40 is 86390.316059551 s in the future
/usr/bin/tar: securedrop-workstation-dom0-config-1.5.0/securedrop_salt/sd-app-files.sls: time stamp 2025-10-21 10:20:40 is 86390.316003489 s in the future
/usr/bin/tar: securedrop-workstation-dom0-config-1.5.0/securedrop_salt/sd-app.sls: time stamp 2025-10-21 10:20:40 is 86390.315955415 s in the future
/usr/bin/tar: securedrop-workstation-dom0-config-1.5.0/securedrop_salt/sd-attach-export-device: time stamp 2025-10-21 10:20:40 is 86390.315898783 s in the future
/usr/bin/tar: securedrop-workstation-dom0-config-1.5.0/securedrop_salt/sd-base-template-packages.sls: time stamp 2025-10-21 10:20:40 is 86390.315860894 s in the future
/usr/bin/tar: securedrop-workstation-dom0-config-1.5.0/securedrop_salt/sd-base-template.sls: time stamp 2025-10-21 10:20:40 is 86390.315825609 s in the future
/usr/bin/tar: securedrop-workstation-dom0-config-1.5.0/securedrop_salt/sd-clean-all.sls: time stamp 2025-10-21 10:20:40 is 86390.315771896 s in the future
/usr/bin/tar: securedrop-workstation-dom0-config-1.5.0/securedrop_salt/sd-clean-default-dispvm.sls: time stamp 2025-10-21 10:20:40 is 86390.31566137 s in the future
/usr/bin/tar: securedrop-workstation-dom0-config-1.5.0/securedrop_salt/sd-default-config.sls: time stamp 2025-10-21 10:20:40 is 86390.315289383 s in the future
/usr/bin/tar: securedrop-workstation-dom0-config-1.5.0/securedrop_salt/sd-default-config.yml: time stamp 2025-10-21 10:20:40 is 86390.315171865 s in the future
/usr/bin/tar: securedrop-workstation-dom0-config-1.5.0/securedrop_salt/sd-devices-files.sls: time stamp 2025-10-21 10:20:40 is 86390.31503317 s in the future
/usr/bin/tar: securedrop-workstation-dom0-config-1.5.0/securedrop_salt/sd-devices.sls: time stamp 2025-10-21 10:20:40 is 86390.31495556 s in the future
/usr/bin/tar: securedrop-workstation-dom0-config-1.5.0/securedrop_salt/sd-dom0-files.sls: time stamp 2025-10-21 10:20:40 is 86390.314890692 s in the future
/usr/bin/tar: securedrop-workstation-dom0-config-1.5.0/securedrop_salt/sd-gpg-files.sls: time stamp 2025-10-21 10:20:40 is 86390.314806162 s in the future
/usr/bin/tar: securedrop-workstation-dom0-config-1.5.0/securedrop_salt/sd-gpg.sls: time stamp 2025-10-21 10:20:40 is 86390.314678997 s in the future
/usr/bin/tar: securedrop-workstation-dom0-config-1.5.0/securedrop_salt/sd-log.sls: time stamp 2025-10-21 10:20:40 is 86390.314606674 s in the future
/usr/bin/tar: securedrop-workstation-dom0-config-1.5.0/securedrop_salt/sd-logging-setup.sls: time stamp 2025-10-21 10:20:40 is 86390.314526828 s in the future
/usr/bin/tar: securedrop-workstation-dom0-config-1.5.0/securedrop_salt/sd-proxy-template-files.sls: time stamp 2025-10-21 10:20:40 is 86390.314459172 s in the future
/usr/bin/tar: securedrop-workstation-dom0-config-1.5.0/securedrop_salt/sd-proxy.sls: time stamp 2025-10-21 10:20:40 is 86390.314244454 s in the future
/usr/bin/tar: securedrop-workstation-dom0-config-1.5.0/securedrop_salt/sd-remove-unused-qubes.sls: time stamp 2025-10-21 10:20:40 is 86390.314164523 s in the future
/usr/bin/tar: securedrop-workstation-dom0-config-1.5.0/securedrop_salt/sd-remove-unused-templates.sls: time stamp 2025-10-21 10:20:40 is 86390.314073218 s in the future
/usr/bin/tar: securedrop-workstation-dom0-config-1.5.0/securedrop_salt/sd-remove-whonix-packages.sls: time stamp 2025-10-21 10:20:40 is 86390.314028301 s in the future
/usr/bin/tar: securedrop-workstation-dom0-config-1.5.0/securedrop_salt/sd-reset-whonix-prefs.sls: time stamp 2025-10-21 10:20:40 is 86390.313988518 s in the future
/usr/bin/tar: securedrop-workstation-dom0-config-1.5.0/securedrop_salt/sd-sys-vms.sls: time stamp 2025-10-21 10:20:40 is 86390.313876607 s in the future
/usr/bin/tar: securedrop-workstation-dom0-config-1.5.0/securedrop_salt/sd-upgrade-templates.sls: time stamp 2025-10-21 10:20:40 is 86390.313832714 s in the future
/usr/bin/tar: securedrop-workstation-dom0-config-1.5.0/securedrop_salt/sd-usb-autoattach-add.sls: time stamp 2025-10-21 10:20:40 is 86390.313366535 s in the future
/usr/bin/tar: securedrop-workstation-dom0-config-1.5.0/securedrop_salt/sd-usb-autoattach-remove.sls: time stamp 2025-10-21 10:20:40 is 86390.313304224 s in the future
/usr/bin/tar: securedrop-workstation-dom0-config-1.5.0/securedrop_salt/sd-viewer-files.sls: time stamp 2025-10-21 10:20:40 is 86390.313262849 s in the future
/usr/bin/tar: securedrop-workstation-dom0-config-1.5.0/securedrop_salt/sd-viewer.sls: time stamp 2025-10-21 10:20:40 is 86390.313216459 s in the future
/usr/bin/tar: securedrop-workstation-dom0-config-1.5.0/securedrop_salt/sd-workstation-template.sls: time stamp 2025-10-21 10:20:40 is 86390.313158359 s in the future
/usr/bin/tar: securedrop-workstation-dom0-config-1.5.0/securedrop_salt/sd-workstation.top: time stamp 2025-10-21 10:20:40 is 86390.313097933 s in the future
/usr/bin/tar: securedrop-workstation-dom0-config-1.5.0/securedrop_salt/sdlog.conf: time stamp 2025-10-21 10:20:40 is 86390.313055463 s in the future
/usr/bin/tar: securedrop-workstation-dom0-config-1.5.0/securedrop_salt/securedrop-handle-upgrade: time stamp 2025-10-21 10:20:40 is 86390.312993491 s in the future
/usr/bin/tar: securedrop-workstation-dom0-config-1.5.0/securedrop_salt/securedrop-release-signing-pubkey-2021.asc: time stamp 2025-10-21 10:20:40 is 86390.312169977 s in the future
/usr/bin/tar: securedrop-workstation-dom0-config-1.5.0/setup.py: time stamp 2025-10-21 10:20:47 is 86397.311340704 s in the future
/usr/bin/tar: securedrop-workstation-dom0-config-1.5.0/tests/test_app.py: time stamp 2025-10-21 10:20:47 is 86397.31121541 s in the future
/usr/bin/tar: securedrop-workstation-dom0-config-1.5.0/tests/test_dom0_rpm_repo.py: time stamp 2025-10-21 10:20:47 is 86397.311174932 s in the future
/usr/bin/tar: securedrop-workstation-dom0-config-1.5.0/tests/test_dom0_salt_config.py: time stamp 2025-10-21 10:20:47 is 86397.311095626 s in the future
/usr/bin/tar: securedrop-workstation-dom0-config-1.5.0/tests/test_dom0_validate.py: time stamp 2025-10-21 10:20:47 is 86397.311006042 s in the future
/usr/bin/tar: securedrop-workstation-dom0-config-1.5.0/tests/test_gpg.py: time stamp 2025-10-21 10:20:47 is 86397.31092027 s in the future
/usr/bin/tar: securedrop-workstation-dom0-config-1.5.0/tests/test_log_vm.py: time stamp 2025-10-21 10:20:47 is 86397.310856017 s in the future
/usr/bin/tar: securedrop-workstation-dom0-config-1.5.0/tests/test_proxy_vm.py: time stamp 2025-10-21 10:20:47 is 86397.310783875 s in the future
/usr/bin/tar: securedrop-workstation-dom0-config-1.5.0/tests/test_qubes_rpc.py: time stamp 2025-10-21 10:20:47 is 86397.309546686 s in the future
/usr/bin/tar: securedrop-workstation-dom0-config-1.5.0/tests/test_qubes_vms.py: time stamp 2025-10-21 10:20:47 is 86397.309430103 s in the future
/usr/bin/tar: securedrop-workstation-dom0-config-1.5.0/tests/test_sd_devices.py: time stamp 2025-10-21 10:20:47 is 86397.308295849 s in the future
/usr/bin/tar: securedrop-workstation-dom0-config-1.5.0/tests/test_sys_usb.py: time stamp 2025-10-21 10:20:47 is 86397.307251347 s in the future
/usr/bin/tar: securedrop-workstation-dom0-config-1.5.0/tests/test_viewer.py: time stamp 2025-10-21 10:20:47 is 86397.306439923 s in the future
/usr/bin/tar: securedrop-workstation-dom0-config-1.5.0/tests/test_vms_exist.py: time stamp 2025-10-21 10:20:47 is 86397.305630399 s in the future
/usr/bin/tar: securedrop-workstation-dom0-config-1.5.0/tests/test_vms_platform.py: time stamp 2025-10-21 10:20:47 is 86397.304370302 s in the future
+ STATUS=0
+ '[' 0 -ne 0 ']'
+ cd securedrop-workstation-dom0-config-1.5.0
+ /usr/bin/chmod -Rf a+rX,u+w,g-w,o-w .
+ RPM_EC=0
++ jobs -p
+ exit 0
Executing(%build): /bin/sh -e /var/tmp/rpm-tmp.zndgvs
+ umask 022
+ cd /home/user/securedrop-workstation/rpm-build/BUILD
+ CFLAGS='-O2 -g'
+ export CFLAGS
+ CXXFLAGS='-O2 -g'
+ export CXXFLAGS
+ FFLAGS='-O2 -g -I/usr/lib64/gfortran/modules'
+ export FFLAGS
+ FCFLAGS='-O2 -g -I/usr/lib64/gfortran/modules'
+ export FCFLAGS
+ LDFLAGS='-Wl,-z,relro -Wl,--as-needed  -Wl,-z,now -specs=/usr/lib/rpm/redhat/redhat-hardened-ld -specs=/usr/lib/rpm/redhat/redhat-annobin-cc1  -Wl,--build-id=sha1 -specs=/usr/lib/rpm/redhat/redhat-package-notes'
+ export LDFLAGS
+ LT_SYS_LIBRARY_PATH=/usr/lib64:
+ export LT_SYS_LIBRARY_PATH
+ CC=gcc
+ export CC
+ CXX=g++
+ export CXX
+ cd securedrop-workstation-dom0-config-1.5.0
+ RPM_EC=0
++ jobs -p
+ exit 0
Executing(%install): /bin/sh -e /var/tmp/rpm-tmp.GtpZso
+ umask 022
+ cd /home/user/securedrop-workstation/rpm-build/BUILD
+ '[' /home/user/securedrop-workstation/rpm-build/BUILDROOT/securedrop-workstation-dom0-config-1.5.0-1.fc37.x86_64 '!=' / ']'
+ rm -rf /home/user/securedrop-workstation/rpm-build/BUILDROOT/securedrop-workstation-dom0-config-1.5.0-1.fc37.x86_64
++ dirname /home/user/securedrop-workstation/rpm-build/BUILDROOT/securedrop-workstation-dom0-config-1.5.0-1.fc37.x86_64
+ mkdir -p /home/user/securedrop-workstation/rpm-build/BUILDROOT
+ mkdir /home/user/securedrop-workstation/rpm-build/BUILDROOT/securedrop-workstation-dom0-config-1.5.0-1.fc37.x86_64
+ CFLAGS='-O2 -g'
+ export CFLAGS
+ CXXFLAGS='-O2 -g'
+ export CXXFLAGS
+ FFLAGS='-O2 -g -I/usr/lib64/gfortran/modules'
+ export FFLAGS
+ FCFLAGS='-O2 -g -I/usr/lib64/gfortran/modules'
+ export FCFLAGS
+ LDFLAGS='-Wl,-z,relro -Wl,--as-needed  -Wl,-z,now -specs=/usr/lib/rpm/redhat/redhat-hardened-ld -specs=/usr/lib/rpm/redhat/redhat-annobin-cc1  -Wl,--build-id=sha1 -specs=/usr/lib/rpm/redhat/redhat-package-notes'
+ export LDFLAGS
+ LT_SYS_LIBRARY_PATH=/usr/lib64:
+ export LT_SYS_LIBRARY_PATH
+ CC=gcc
+ export CC
+ CXX=g++
+ export CXX
+ cd securedrop-workstation-dom0-config-1.5.0
+ /usr/bin/python3 -m pip install --no-compile --no-index --no-build-isolation --root /home/user/securedrop-workstation/rpm-build/BUILDROOT/securedrop-workstation-dom0-config-1.5.0-1.fc37.x86_64 .
Processing /home/user/securedrop-workstation/rpm-build/BUILD/securedrop-workstation-dom0-config-1.5.0
  Preparing metadata (pyproject.toml) ... done
Building wheels for collected packages: securedrop-workstation-dom0-config
  Building wheel for securedrop-workstation-dom0-config (pyproject.toml) ... done
  Created wheel for securedrop-workstation-dom0-config: filename=securedrop_workstation_dom0_config-1.5.0-py3-none-any.whl size=36539 sha256=90b4edb53763625e7457ebcc47bcae04b45ff419e72f508d1602135c828b3eba
  Stored in directory: /tmp/.cache/pip/wheels/53/82/19/fe1bbab162791866d65361802cc03369fd56c673a9826330cd
Successfully built securedrop-workstation-dom0-config
Installing collected packages: securedrop-workstation-dom0-config
Successfully installed securedrop-workstation-dom0-config-1.5.0
+ rm /home/user/securedrop-workstation/rpm-build/BUILDROOT/securedrop-workstation-dom0-config-1.5.0-1.fc37.x86_64//usr/lib/python3.11/site-packages/securedrop_workstation_dom0_config-1.5.0.dist-info/direct_url.json
+ sed -i '/\.dist-info\/direct_url\.json,/d' /home/user/securedrop-workstation/rpm-build/BUILDROOT/securedrop-workstation-dom0-config-1.5.0-1.fc37.x86_64//usr/lib/python3.11/site-packages/securedrop_workstation_dom0_config-1.5.0.dist-info/RECORD
+ install -m 755 -d /home/user/securedrop-workstation/rpm-build/BUILDROOT/securedrop-workstation-dom0-config-1.5.0-1.fc37.x86_64/srv/salt/
+ cp -a securedrop_salt /home/user/securedrop-workstation/rpm-build/BUILDROOT/securedrop-workstation-dom0-config-1.5.0-1.fc37.x86_64/srv/salt/
+ install -m 755 -d /home/user/securedrop-workstation/rpm-build/BUILDROOT/securedrop-workstation-dom0-config-1.5.0-1.fc37.x86_64//usr/share/securedrop-workstation-dom0-config/scripts
+ install -m 755 -d /home/user/securedrop-workstation/rpm-build/BUILDROOT/securedrop-workstation-dom0-config-1.5.0-1.fc37.x86_64//usr/bin
+ install -m 755 -d /home/user/securedrop-workstation/rpm-build/BUILDROOT/securedrop-workstation-dom0-config-1.5.0-1.fc37.x86_64/opt/securedrop
+ install -m 755 -d /home/user/securedrop-workstation/rpm-build/BUILDROOT/securedrop-workstation-dom0-config-1.5.0-1.fc37.x86_64/usr/bin/securedrop
+ install -m 755 files/update-xfce-settings /home/user/securedrop-workstation/rpm-build/BUILDROOT/securedrop-workstation-dom0-config-1.5.0-1.fc37.x86_64/usr/bin/securedrop/
+ install -m 755 files/clean-salt /home/user/securedrop-workstation/rpm-build/BUILDROOT/securedrop-workstation-dom0-config-1.5.0-1.fc37.x86_64//usr/share/securedrop-workstation-dom0-config/scripts/
+ install -m 755 files/destroy-vm.py /home/user/securedrop-workstation/rpm-build/BUILDROOT/securedrop-workstation-dom0-config-1.5.0-1.fc37.x86_64//usr/share/securedrop-workstation-dom0-config/scripts/destroy-vm
+ install -m 755 files/validate_config.py /home/user/securedrop-workstation/rpm-build/BUILDROOT/securedrop-workstation-dom0-config-1.5.0-1.fc37.x86_64//usr/share/securedrop-workstation-dom0-config/scripts/
+ install -m 755 files/sdw-admin.py /home/user/securedrop-workstation/rpm-build/BUILDROOT/securedrop-workstation-dom0-config-1.5.0-1.fc37.x86_64//usr/bin/sdw-admin
+ install -m 644 files/config.json.example /home/user/securedrop-workstation/rpm-build/BUILDROOT/securedrop-workstation-dom0-config-1.5.0-1.fc37.x86_64//usr/share/securedrop-workstation-dom0-config/
+ install -m 755 -d /home/user/securedrop-workstation/rpm-build/BUILDROOT/securedrop-workstation-dom0-config-1.5.0-1.fc37.x86_64//usr/bin
+ install -m 755 -d /home/user/securedrop-workstation/rpm-build/BUILDROOT/securedrop-workstation-dom0-config-1.5.0-1.fc37.x86_64//usr/share/applications/
+ install -m 755 -d /home/user/securedrop-workstation/rpm-build/BUILDROOT/securedrop-workstation-dom0-config-1.5.0-1.fc37.x86_64//usr/share/icons/hicolor/128x128/apps/
+ install -m 755 -d /home/user/securedrop-workstation/rpm-build/BUILDROOT/securedrop-workstation-dom0-config-1.5.0-1.fc37.x86_64//usr/share/icons/hicolor/scalable/apps/
+ install -m 755 -d /home/user/securedrop-workstation/rpm-build/BUILDROOT/securedrop-workstation-dom0-config-1.5.0-1.fc37.x86_64//var/lib/securedrop-workstation-dom0-config/
+ install -m 755 -d /home/user/securedrop-workstation/rpm-build/BUILDROOT/securedrop-workstation-dom0-config-1.5.0-1.fc37.x86_64//usr/lib/systemd/user/
+ install -m 755 -d /home/user/securedrop-workstation/rpm-build/BUILDROOT/securedrop-workstation-dom0-config-1.5.0-1.fc37.x86_64//usr/lib/systemd/system
+ install -m 755 -d /home/user/securedrop-workstation/rpm-build/BUILDROOT/securedrop-workstation-dom0-config-1.5.0-1.fc37.x86_64//usr/lib/systemd/user-preset/
+ install -m 644 files/press.freedom.SecureDropUpdater.desktop /home/user/securedrop-workstation/rpm-build/BUILDROOT/securedrop-workstation-dom0-config-1.5.0-1.fc37.x86_64//usr/share/applications/
+ install -m 644 files/press.freedom.SecureDropUpdater.desktop /home/user/securedrop-workstation/rpm-build/BUILDROOT/securedrop-workstation-dom0-config-1.5.0-1.fc37.x86_64/srv/salt/securedrop_salt/press.freedom.SecureDropUpdater.desktop
+ install -m 644 files/securedrop-128x128.png /home/user/securedrop-workstation/rpm-build/BUILDROOT/securedrop-workstation-dom0-config-1.5.0-1.fc37.x86_64//usr/share/icons/hicolor/128x128/apps/securedrop.png
+ install -m 644 files/securedrop-scalable.svg /home/user/securedrop-workstation/rpm-build/BUILDROOT/securedrop-workstation-dom0-config-1.5.0-1.fc37.x86_64//usr/share/icons/hicolor/scalable/apps/securedrop.svg
+ install -m 755 files/sdw-updater.py /home/user/securedrop-workstation/rpm-build/BUILDROOT/securedrop-workstation-dom0-config-1.5.0-1.fc37.x86_64//usr/bin/sdw-updater
+ install -m 755 files/sdw-notify.py /home/user/securedrop-workstation/rpm-build/BUILDROOT/securedrop-workstation-dom0-config-1.5.0-1.fc37.x86_64//usr/bin/sdw-notify
+ install -m 755 files/sdw-login.py /home/user/securedrop-workstation/rpm-build/BUILDROOT/securedrop-workstation-dom0-config-1.5.0-1.fc37.x86_64//usr/bin/sdw-login
+ install -m 644 files/sdw-notify.service /home/user/securedrop-workstation/rpm-build/BUILDROOT/securedrop-workstation-dom0-config-1.5.0-1.fc37.x86_64//usr/lib/systemd/user/
+ install -m 644 files/sdw-notify.timer /home/user/securedrop-workstation/rpm-build/BUILDROOT/securedrop-workstation-dom0-config-1.5.0-1.fc37.x86_64//usr/lib/systemd/user/
+ install -m 644 files/securedrop-logind-override-disable.service /home/user/securedrop-workstation/rpm-build/BUILDROOT/securedrop-workstation-dom0-config-1.5.0-1.fc37.x86_64//usr/lib/systemd/system/
+ install -m 644 files/95-securedrop-systemd-user.preset /home/user/securedrop-workstation/rpm-build/BUILDROOT/securedrop-workstation-dom0-config-1.5.0-1.fc37.x86_64//usr/lib/systemd/user-preset/
+ install -m 755 -d /home/user/securedrop-workstation/rpm-build/BUILDROOT/securedrop-workstation-dom0-config-1.5.0-1.fc37.x86_64/etc/qubes/policy.d/
+ install -m 644 files/31-securedrop-workstation.policy /home/user/securedrop-workstation/rpm-build/BUILDROOT/securedrop-workstation-dom0-config-1.5.0-1.fc37.x86_64/etc/qubes/policy.d/
+ install -m 644 files/32-securedrop-workstation.policy /home/user/securedrop-workstation/rpm-build/BUILDROOT/securedrop-workstation-dom0-config-1.5.0-1.fc37.x86_64/etc/qubes/policy.d/
+ install -m 755 -d /home/user/securedrop-workstation/rpm-build/BUILDROOT/securedrop-workstation-dom0-config-1.5.0-1.fc37.x86_64/usr/share/securedrop/icons
+ install -m 644 files/securedrop-128x128.png /home/user/securedrop-workstation/rpm-build/BUILDROOT/securedrop-workstation-dom0-config-1.5.0-1.fc37.x86_64/usr/share/securedrop/icons/sd-logo.png
+ install -m 755 -d /home/user/securedrop-workstation/rpm-build/BUILDROOT/securedrop-workstation-dom0-config-1.5.0-1.fc37.x86_64/etc/systemd/logind.conf.d/
+ install -m 644 files/10-securedrop-logind_override.conf /home/user/securedrop-workstation/rpm-build/BUILDROOT/securedrop-workstation-dom0-config-1.5.0-1.fc37.x86_64/etc/systemd/logind.conf.d/
+ install -m 644 files/securedrop-user-xfce-settings.service /home/user/securedrop-workstation/rpm-build/BUILDROOT/securedrop-workstation-dom0-config-1.5.0-1.fc37.x86_64//usr/lib/systemd/user/
+ install -m 644 files/securedrop-user-xfce-icon-size.service /home/user/securedrop-workstation/rpm-build/BUILDROOT/securedrop-workstation-dom0-config-1.5.0-1.fc37.x86_64//usr/lib/systemd/user/
+ /usr/bin/find-debuginfo -j6 --strict-build-id -m -i --build-id-seed 1.5.0-1.fc37 --unique-debug-suffix -1.5.0-1.fc37.x86_64 --unique-debug-src-base securedrop-workstation-dom0-config-1.5.0-1.fc37.x86_64 --run-dwz --dwz-low-mem-die-limit 10000000 --dwz-max-die-limit 110000000 -S debugsourcefiles.list /home/user/securedrop-workstation/rpm-build/BUILD/securedrop-workstation-dom0-config-1.5.0
find: ‘debug’: No such file or directory
+ /usr/lib/rpm/check-buildroot
+ /usr/lib/rpm/redhat/brp-ldconfig
+ /usr/lib/rpm/brp-compress
+ /usr/lib/rpm/redhat/brp-strip-lto /usr/bin/strip
+ /usr/lib/rpm/brp-strip-static-archive /usr/bin/strip
+ /usr/lib/rpm/check-rpaths
+ /usr/lib/rpm/redhat/brp-mangle-shebangs
+ /usr/lib/rpm/brp-remove-la-files
+ /usr/lib/rpm/redhat/brp-python-hardlink
Processing files: securedrop-workstation-dom0-config-1.5.0-1.fc37.noarch
Executing(%doc): /bin/sh -e /var/tmp/rpm-tmp.Un3FkU
+ umask 022
+ cd /home/user/securedrop-workstation/rpm-build/BUILD
+ cd securedrop-workstation-dom0-config-1.5.0
+ DOCDIR=/home/user/securedrop-workstation/rpm-build/BUILDROOT/securedrop-workstation-dom0-config-1.5.0-1.fc37.x86_64/usr/share/doc/securedrop-workstation-dom0-config
+ export LC_ALL=C
+ LC_ALL=C
+ export DOCDIR
+ /usr/bin/mkdir -p /home/user/securedrop-workstation/rpm-build/BUILDROOT/securedrop-workstation-dom0-config-1.5.0-1.fc37.x86_64/usr/share/doc/securedrop-workstation-dom0-config
+ cp -pr README.md /home/user/securedrop-workstation/rpm-build/BUILDROOT/securedrop-workstation-dom0-config-1.5.0-1.fc37.x86_64/usr/share/doc/securedrop-workstation-dom0-config
+ RPM_EC=0
++ jobs -p
+ exit 0
Executing(%license): /bin/sh -e /var/tmp/rpm-tmp.GkSTO0
+ umask 022
+ cd /home/user/securedrop-workstation/rpm-build/BUILD
+ cd securedrop-workstation-dom0-config-1.5.0
+ LICENSEDIR=/home/user/securedrop-workstation/rpm-build/BUILDROOT/securedrop-workstation-dom0-config-1.5.0-1.fc37.x86_64/usr/share/licenses/securedrop-workstation-dom0-config
+ export LC_ALL=C
+ LC_ALL=C
+ export LICENSEDIR
+ /usr/bin/mkdir -p /home/user/securedrop-workstation/rpm-build/BUILDROOT/securedrop-workstation-dom0-config-1.5.0-1.fc37.x86_64/usr/share/licenses/securedrop-workstation-dom0-config
+ cp -pr LICENSE /home/user/securedrop-workstation/rpm-build/BUILDROOT/securedrop-workstation-dom0-config-1.5.0-1.fc37.x86_64/usr/share/licenses/securedrop-workstation-dom0-config
+ RPM_EC=0
++ jobs -p
+ exit 0
Provides: application() application(press.freedom.SecureDropUpdater.desktop) securedrop-workstation-dom0-config = 1.5.0-1.fc37
Requires(interp): /bin/sh /bin/sh
Requires(rpmlib): rpmlib(CompressedFileNames) <= 3.0.4-1 rpmlib(FileDigests) <= 4.6.0-1 rpmlib(PayloadFilesHavePrefix) <= 4.0-1
Requires(post): /bin/sh
Requires(preun): /bin/sh
Requires: /usr/bin/bash /usr/bin/python3 python(abi) = 3.11
Checking for unpackaged file(s): /usr/lib/rpm/check-files /home/user/securedrop-workstation/rpm-build/BUILDROOT/securedrop-workstation-dom0-config-1.5.0-1.fc37.x86_64
Wrote: /home/user/securedrop-workstation/rpm-build/RPMS/noarch/securedrop-workstation-dom0-config-1.5.0-1.fc37.noarch.rpm
Executing(%clean): /bin/sh -e /var/tmp/rpm-tmp.oGmLrv
+ umask 022
+ cd /home/user/securedrop-workstation/rpm-build/BUILD
+ cd securedrop-workstation-dom0-config-1.5.0
+ /usr/bin/rm -rf /home/user/securedrop-workstation/rpm-build/BUILDROOT/securedrop-workstation-dom0-config-1.5.0-1.fc37.x86_64
+ RPM_EC=0
++ jobs -p
+ exit 0
Executing(rmbuild): /bin/sh -e /var/tmp/rpm-tmp.in0L61
+ umask 022
+ cd /home/user/securedrop-workstation/rpm-build/BUILD
+ rm -rf securedrop-workstation-dom0-config-1.5.0 securedrop-workstation-dom0-config-1.5.0.gemspec
+ RPM_EC=0
++ jobs -p
+ exit 0
checking mtimes in securedrop-workstation-dom0-config-1.5.0-1.fc37.noarch.rpm: 2025-10-16 00:00:00+00:00

Build complete! RPMs and their checksums are:

a182894c7793bc2d5bd91523930d1444612e08aed5234aa3b85d659ec2d8753b  rpm-build/RPMS/noarch/securedrop-workstation-dom0-config-1.5.0-1.fc37.noarch.rpm
Script done.

Build log available at build-log/securedrop-workstation-20251020.log

