Script started on 2026-05-12 14:19:31+01:00 [COMMAND="./scripts/container.sh ./scripts/build-rpm.sh" TERM="xterm-256color" TTY="/dev/pts/0" COLUMNS="170" LINES="34"]
STEP 1/11: FROM quay.io/fedora/fedora:41
[33mWARN[0m[0000] Found incomplete layer "d18b3124391b54a331af90ad7066a6079fdd93655d580b6986a1dd02503328df", deleting it 
STEP 2/11: RUN dnf install -y make && dnf clean all -y
--> Using cache 129c19a424f12c190fb8f37e808550e4b33efe13422f4f5dc75de6affaccf4f8
--> 129c19a424f
STEP 3/11: WORKDIR /app
--> Using cache 31070dcec74d8a82f180040631c5157ec63dbb0b7bc24fb6813f606aa3c808d6
--> 31070dcec74
STEP 4/11: COPY Makefile Makefile
--> Using cache 2e7ec5ea8ff139c4266737937407195adfa62ebd8678e634aa8cb616d14a9d6f
--> 2e7ec5ea8ff
STEP 5/11: COPY rpm-build/SPECS rpm-build/SPECS
--> Using cache 3add93e110cbce002ffb00a233ea150a131b8d8ffb327142eec393a3a89b3a34
--> 3add93e110c
STEP 6/11: ARG DEPS=build-deps
--> Using cache 7de73f209af9c98a534d613e3046d3bc73c4b86e9eaf2d149efff4a005695be1
--> 7de73f209af
STEP 7/11: RUN make ${DEPS} && dnf clean all -y
--> Using cache 536ad391e0c7963c4764ef64a967d295d228239afcd1dd82b48225ee8d677193
--> 536ad391e0c
STEP 8/11: RUN rm -rf rpm-build
--> Using cache cd643966bdc8d31da91c7d3de1c1a9577270287df87fff68220531187bb6342e
--> cd643966bdc
STEP 9/11: ARG USER_NAME=root
--> Using cache 0136d88672e47e0a1a488ab79f82de02690bd1f9e9aa540274e769ec2cfeb7b6
--> 0136d88672e
STEP 10/11: ARG USER_ID=0
--> Using cache cf6b6573cbb2adaae53e19e679f21fab5e7079c9302b9cd01ebbc51a62f8dc19
--> cf6b6573cbb
STEP 11/11: RUN if test $USER_NAME != root ; then       useradd --no-create-home --home-dir /tmp --uid $USER_ID $USER_NAME       && echo "$USER_NAME ALL=(ALL) NOPASSWD:ALL" >> /etc/sudoers ;     fi
--> Using cache 8d9d94677ab954dc1e7f00890d7a46b379e1fb33d9a04f07d50a59b0c74d9df2
COMMIT securedrop-workstation-dom0-config41
--> 8d9d94677ab
Successfully tagged localhost/securedrop-workstation-dom0-config41:latest
8d9d94677ab954dc1e7f00890d7a46b379e1fb33d9a04f07d50a59b0c74d9df2
Removing rpm-build/BUILD/
Removing rpm-build/RPMS/noarch/
Building target platforms: noarch
Building for target noarch
setting SOURCE_DATE_EPOCH=1778457600
Executing(%mkbuilddir): /bin/sh -e /var/tmp/rpm-tmp.21v0ku
Executing(%build): /bin/sh -e /var/tmp/rpm-tmp.JzOBeO
+ umask 022
+ cd /home/user/securedrop-workstation/rpm-build/BUILD/securedrop-workstation-dom0-config-1.7.0rc2-build
+ CFLAGS='-O2 -g '
+ export CFLAGS
+ CXXFLAGS='-O2 -g '
+ export CXXFLAGS
+ FFLAGS='-O2 -g -I/usr/lib/gfortran/modules '
+ export FFLAGS
+ FCFLAGS='-O2 -g -I/usr/lib/gfortran/modules '
+ export FCFLAGS
+ VALAFLAGS=-g
+ export VALAFLAGS
+ RUSTFLAGS='-Copt-level=3 -Cdebuginfo=2 -Ccodegen-units=1 -Cstrip=none -Cforce-frame-pointers=yes --cap-lints=warn'
+ export RUSTFLAGS
+ LDFLAGS='-Wl,-z,relro -Wl,--as-needed   -Wl,-z,now -specs=/usr/lib/rpm/redhat/redhat-hardened-ld -specs=/usr/lib/rpm/redhat/redhat-annobin-cc1  -Wl,--build-id=sha1  '
+ export LDFLAGS
+ LT_SYS_LIBRARY_PATH=/usr/lib:
+ export LT_SYS_LIBRARY_PATH
+ CC=gcc
+ export CC
+ CXX=g++
+ export CXX
+ cd securedrop-workstation-dom0-config-1.7.0rc2
+ RPM_EC=0
++ jobs -p
+ exit 0
Executing(%install): /bin/sh -e /var/tmp/rpm-tmp.ErE4Bg
+ umask 022
+ cd /home/user/securedrop-workstation/rpm-build/BUILD/securedrop-workstation-dom0-config-1.7.0rc2-build
+ '[' /home/user/securedrop-workstation/rpm-build/BUILD/securedrop-workstation-dom0-config-1.7.0rc2-build/BUILDROOT '!=' / ']'
+ rm -rf /home/user/securedrop-workstation/rpm-build/BUILD/securedrop-workstation-dom0-config-1.7.0rc2-build/BUILDROOT
++ dirname /home/user/securedrop-workstation/rpm-build/BUILD/securedrop-workstation-dom0-config-1.7.0rc2-build/BUILDROOT
+ mkdir -p /home/user/securedrop-workstation/rpm-build/BUILD/securedrop-workstation-dom0-config-1.7.0rc2-build
+ mkdir /home/user/securedrop-workstation/rpm-build/BUILD/securedrop-workstation-dom0-config-1.7.0rc2-build/BUILDROOT
+ CFLAGS='-O2 -g '
+ export CFLAGS
+ CXXFLAGS='-O2 -g '
+ export CXXFLAGS
+ FFLAGS='-O2 -g -I/usr/lib/gfortran/modules '
+ export FFLAGS
+ FCFLAGS='-O2 -g -I/usr/lib/gfortran/modules '
+ export FCFLAGS
+ VALAFLAGS=-g
+ export VALAFLAGS
+ RUSTFLAGS='-Copt-level=3 -Cdebuginfo=2 -Ccodegen-units=1 -Cstrip=none -Cforce-frame-pointers=yes --cap-lints=warn'
+ export RUSTFLAGS
+ LDFLAGS='-Wl,-z,relro -Wl,--as-needed   -Wl,-z,now -specs=/usr/lib/rpm/redhat/redhat-hardened-ld -specs=/usr/lib/rpm/redhat/redhat-annobin-cc1  -Wl,--build-id=sha1  '
+ export LDFLAGS
+ LT_SYS_LIBRARY_PATH=/usr/lib:
+ export LT_SYS_LIBRARY_PATH
+ CC=gcc
+ export CC
+ CXX=g++
+ export CXX
+ cd securedrop-workstation-dom0-config-1.7.0rc2
+ install -m 755 -d /home/user/securedrop-workstation/rpm-build/BUILD/securedrop-workstation-dom0-config-1.7.0rc2-build/BUILDROOT/usr/lib/python3.13/site-packages/sdw_notify
+ install -m 755 -d /home/user/securedrop-workstation/rpm-build/BUILD/securedrop-workstation-dom0-config-1.7.0rc2-build/BUILDROOT/usr/lib/python3.13/site-packages/sdw_updater
+ install -m 755 -d /home/user/securedrop-workstation/rpm-build/BUILD/securedrop-workstation-dom0-config-1.7.0rc2-build/BUILDROOT/usr/lib/python3.13/site-packages/sdw_util
+ install -m 644 sdw_notify/Notify.py sdw_notify/NotifyApp.py sdw_notify/__init__.py sdw_notify/strings.py /home/user/securedrop-workstation/rpm-build/BUILD/securedrop-workstation-dom0-config-1.7.0rc2-build/BUILDROOT/usr/lib/python3.13/site-packages/sdw_notify/
+ install -m 644 sdw_updater/Updater.py sdw_updater/UpdaterApp.py sdw_updater/UpdaterAppUiQt6.py sdw_updater/__init__.py sdw_updater/strings.py /home/user/securedrop-workstation/rpm-build/BUILD/securedrop-workstation-dom0-config-1.7.0rc2-build/BUILDROOT/usr/lib/python3.13/site-packages/sdw_updater/
+ install -m 644 sdw_util/Util.py sdw_util/__init__.py /home/user/securedrop-workstation/rpm-build/BUILD/securedrop-workstation-dom0-config-1.7.0rc2-build/BUILDROOT/usr/lib/python3.13/site-packages/sdw_util/
+ install -m 755 -d /home/user/securedrop-workstation/rpm-build/BUILD/securedrop-workstation-dom0-config-1.7.0rc2-build/BUILDROOT/srv/salt/
+ cp -a securedrop_salt /home/user/securedrop-workstation/rpm-build/BUILD/securedrop-workstation-dom0-config-1.7.0rc2-build/BUILDROOT/srv/salt/
+ install -m 755 -d /home/user/securedrop-workstation/rpm-build/BUILD/securedrop-workstation-dom0-config-1.7.0rc2-build/BUILDROOT/usr/share/securedrop-workstation-dom0-config/scripts
+ install -m 755 -d /home/user/securedrop-workstation/rpm-build/BUILD/securedrop-workstation-dom0-config-1.7.0rc2-build/BUILDROOT/usr/bin
+ install -m 755 -d /home/user/securedrop-workstation/rpm-build/BUILD/securedrop-workstation-dom0-config-1.7.0rc2-build/BUILDROOT/opt/securedrop
+ install -m 755 -d /home/user/securedrop-workstation/rpm-build/BUILD/securedrop-workstation-dom0-config-1.7.0rc2-build/BUILDROOT/usr/bin/securedrop
+ install -m 755 files/update-xfce-settings /home/user/securedrop-workstation/rpm-build/BUILD/securedrop-workstation-dom0-config-1.7.0rc2-build/BUILDROOT/usr/bin/securedrop/
+ install -m 755 files/clean-salt /home/user/securedrop-workstation/rpm-build/BUILD/securedrop-workstation-dom0-config-1.7.0rc2-build/BUILDROOT/usr/share/securedrop-workstation-dom0-config/scripts/
+ install -m 755 files/destroy-vm.py /home/user/securedrop-workstation/rpm-build/BUILD/securedrop-workstation-dom0-config-1.7.0rc2-build/BUILDROOT/usr/share/securedrop-workstation-dom0-config/scripts/destroy-vm
+ install -m 755 files/validate_config.py /home/user/securedrop-workstation/rpm-build/BUILD/securedrop-workstation-dom0-config-1.7.0rc2-build/BUILDROOT/usr/share/securedrop-workstation-dom0-config/scripts/
+ install -m 755 files/sdw-admin.py /home/user/securedrop-workstation/rpm-build/BUILD/securedrop-workstation-dom0-config-1.7.0rc2-build/BUILDROOT/usr/bin/sdw-admin
+ install -m 644 files/config.json.example /home/user/securedrop-workstation/rpm-build/BUILD/securedrop-workstation-dom0-config-1.7.0rc2-build/BUILDROOT/usr/share/securedrop-workstation-dom0-config/
+ install -m 755 -d /home/user/securedrop-workstation/rpm-build/BUILD/securedrop-workstation-dom0-config-1.7.0rc2-build/BUILDROOT/usr/bin
+ install -m 755 -d /home/user/securedrop-workstation/rpm-build/BUILD/securedrop-workstation-dom0-config-1.7.0rc2-build/BUILDROOT/usr/share/applications/
+ install -m 755 -d /home/user/securedrop-workstation/rpm-build/BUILD/securedrop-workstation-dom0-config-1.7.0rc2-build/BUILDROOT/usr/share/icons/hicolor/128x128/apps/
+ install -m 755 -d /home/user/securedrop-workstation/rpm-build/BUILD/securedrop-workstation-dom0-config-1.7.0rc2-build/BUILDROOT/usr/share/icons/hicolor/scalable/apps/
+ install -m 755 -d /home/user/securedrop-workstation/rpm-build/BUILD/securedrop-workstation-dom0-config-1.7.0rc2-build/BUILDROOT/var/lib/securedrop-workstation-dom0-config/
+ install -m 755 -d /home/user/securedrop-workstation/rpm-build/BUILD/securedrop-workstation-dom0-config-1.7.0rc2-build/BUILDROOT/usr/lib/systemd/user/
+ install -m 755 -d /home/user/securedrop-workstation/rpm-build/BUILD/securedrop-workstation-dom0-config-1.7.0rc2-build/BUILDROOT/usr/lib/systemd/system
+ install -m 755 -d /home/user/securedrop-workstation/rpm-build/BUILD/securedrop-workstation-dom0-config-1.7.0rc2-build/BUILDROOT/usr/lib/systemd/user-preset/
+ install -m 644 files/press.freedom.SecureDropUpdater.desktop /home/user/securedrop-workstation/rpm-build/BUILD/securedrop-workstation-dom0-config-1.7.0rc2-build/BUILDROOT/usr/share/applications/
+ install -m 644 files/press.freedom.SecureDropUpdaterClient.desktop /home/user/securedrop-workstation/rpm-build/BUILD/securedrop-workstation-dom0-config-1.7.0rc2-build/BUILDROOT/usr/share/applications/
+ install -m 644 files/securedrop-128x128.png /home/user/securedrop-workstation/rpm-build/BUILD/securedrop-workstation-dom0-config-1.7.0rc2-build/BUILDROOT/usr/share/icons/hicolor/128x128/apps/securedrop.png
+ install -m 644 files/securedrop-scalable.svg /home/user/securedrop-workstation/rpm-build/BUILD/securedrop-workstation-dom0-config-1.7.0rc2-build/BUILDROOT/usr/share/icons/hicolor/scalable/apps/securedrop.svg
+ install -m 755 files/sdw-updater.py /home/user/securedrop-workstation/rpm-build/BUILD/securedrop-workstation-dom0-config-1.7.0rc2-build/BUILDROOT/usr/bin/sdw-updater
+ install -m 755 files/sdw-notify.py /home/user/securedrop-workstation/rpm-build/BUILD/securedrop-workstation-dom0-config-1.7.0rc2-build/BUILDROOT/usr/bin/sdw-notify
+ install -m 755 files/sdw-login.py /home/user/securedrop-workstation/rpm-build/BUILD/securedrop-workstation-dom0-config-1.7.0rc2-build/BUILDROOT/usr/bin/sdw-login
+ install -m 644 files/sdw-notify.service /home/user/securedrop-workstation/rpm-build/BUILD/securedrop-workstation-dom0-config-1.7.0rc2-build/BUILDROOT/usr/lib/systemd/user/
+ install -m 644 files/sdw-notify.timer /home/user/securedrop-workstation/rpm-build/BUILD/securedrop-workstation-dom0-config-1.7.0rc2-build/BUILDROOT/usr/lib/systemd/user/
+ install -m 644 files/securedrop-logind-override-disable.service /home/user/securedrop-workstation/rpm-build/BUILD/securedrop-workstation-dom0-config-1.7.0rc2-build/BUILDROOT/usr/lib/systemd/system/
+ install -m 644 files/95-securedrop-systemd-user.preset /home/user/securedrop-workstation/rpm-build/BUILD/securedrop-workstation-dom0-config-1.7.0rc2-build/BUILDROOT/usr/lib/systemd/user-preset/
+ install -m 755 -d /home/user/securedrop-workstation/rpm-build/BUILD/securedrop-workstation-dom0-config-1.7.0rc2-build/BUILDROOT/etc/qubes/policy.d/
+ install -m 644 files/31-securedrop-workstation.policy /home/user/securedrop-workstation/rpm-build/BUILD/securedrop-workstation-dom0-config-1.7.0rc2-build/BUILDROOT/etc/qubes/policy.d/
+ install -m 644 files/32-securedrop-workstation.policy /home/user/securedrop-workstation/rpm-build/BUILD/securedrop-workstation-dom0-config-1.7.0rc2-build/BUILDROOT/etc/qubes/policy.d/
+ install -m 755 -d /home/user/securedrop-workstation/rpm-build/BUILD/securedrop-workstation-dom0-config-1.7.0rc2-build/BUILDROOT/etc/qubes-rpc/
+ install -m 755 files/securedrop.GetSecretKeys.py /home/user/securedrop-workstation/rpm-build/BUILD/securedrop-workstation-dom0-config-1.7.0rc2-build/BUILDROOT/etc/qubes-rpc/securedrop.GetSecretKeys
+ install -m 755 -d /home/user/securedrop-workstation/rpm-build/BUILD/securedrop-workstation-dom0-config-1.7.0rc2-build/BUILDROOT/usr/share/securedrop/icons
+ install -m 644 files/securedrop-128x128.png /home/user/securedrop-workstation/rpm-build/BUILD/securedrop-workstation-dom0-config-1.7.0rc2-build/BUILDROOT/usr/share/securedrop/icons/sd-logo.png
+ install -m 755 -d /home/user/securedrop-workstation/rpm-build/BUILD/securedrop-workstation-dom0-config-1.7.0rc2-build/BUILDROOT/etc/systemd/logind.conf.d/
+ install -m 644 files/10-securedrop-logind_override.conf /home/user/securedrop-workstation/rpm-build/BUILD/securedrop-workstation-dom0-config-1.7.0rc2-build/BUILDROOT/etc/systemd/logind.conf.d/
+ install -m 644 files/securedrop-user-xfce-settings.service /home/user/securedrop-workstation/rpm-build/BUILD/securedrop-workstation-dom0-config-1.7.0rc2-build/BUILDROOT/usr/lib/systemd/user/
+ install -m 644 files/securedrop-user-xfce-icon-size.service /home/user/securedrop-workstation/rpm-build/BUILD/securedrop-workstation-dom0-config-1.7.0rc2-build/BUILDROOT/usr/lib/systemd/user/
+ /usr/lib/rpm/check-buildroot
+ /usr/lib/rpm/redhat/brp-ldconfig
+ /usr/lib/rpm/brp-compress
+ /usr/lib/rpm/brp-strip /usr/bin/strip
+ /usr/lib/rpm/brp-strip-comment-note /usr/bin/strip /usr/bin/objdump
+ /usr/lib/rpm/redhat/brp-strip-lto /usr/bin/strip
+ /usr/lib/rpm/brp-strip-static-archive /usr/bin/strip
+ /usr/lib/rpm/check-rpaths
+ /usr/lib/rpm/redhat/brp-mangle-shebangs
+ /usr/lib/rpm/brp-remove-la-files
+ /usr/lib/rpm/redhat/brp-python-hardlink
+ /usr/bin/add-determinism --brp -j6 /home/user/securedrop-workstation/rpm-build/BUILD/securedrop-workstation-dom0-config-1.7.0rc2-build/BUILDROOT
Scanned 40 directories and 77 files,
               processed 0 inodes,
               0 modified (0 replaced + 0 rewritten),
               0 unsupported format, 0 errors
Processing files: securedrop-workstation-dom0-config-1.7.0rc2-1.fc41.noarch
Executing(%doc): /bin/sh -e /var/tmp/rpm-tmp.edHm8g
+ umask 022
+ cd /home/user/securedrop-workstation/rpm-build/BUILD/securedrop-workstation-dom0-config-1.7.0rc2-build
+ cd securedrop-workstation-dom0-config-1.7.0rc2
+ DOCDIR=/home/user/securedrop-workstation/rpm-build/BUILD/securedrop-workstation-dom0-config-1.7.0rc2-build/BUILDROOT/usr/share/doc/securedrop-workstation-dom0-config
+ export LC_ALL=C.UTF-8
+ LC_ALL=C.UTF-8
+ export DOCDIR
+ /usr/bin/mkdir -p /home/user/securedrop-workstation/rpm-build/BUILD/securedrop-workstation-dom0-config-1.7.0rc2-build/BUILDROOT/usr/share/doc/securedrop-workstation-dom0-config
+ cp -pr /home/user/securedrop-workstation/rpm-build/BUILD/securedrop-workstation-dom0-config-1.7.0rc2-build/securedrop-workstation-dom0-config-1.7.0rc2/README.md /home/user/securedrop-workstation/rpm-build/BUILD/securedrop-workstation-dom0-config-1.7.0rc2-build/BUILDROOT/usr/share/doc/securedrop-workstation-dom0-config
+ RPM_EC=0
++ jobs -p
+ exit 0
Executing(%license): /bin/sh -e /var/tmp/rpm-tmp.1wPVba
+ umask 022
+ cd /home/user/securedrop-workstation/rpm-build/BUILD/securedrop-workstation-dom0-config-1.7.0rc2-build
+ cd securedrop-workstation-dom0-config-1.7.0rc2
+ LICENSEDIR=/home/user/securedrop-workstation/rpm-build/BUILD/securedrop-workstation-dom0-config-1.7.0rc2-build/BUILDROOT/usr/share/licenses/securedrop-workstation-dom0-config
+ export LC_ALL=C.UTF-8
+ LC_ALL=C.UTF-8
+ export LICENSEDIR
+ /usr/bin/mkdir -p /home/user/securedrop-workstation/rpm-build/BUILD/securedrop-workstation-dom0-config-1.7.0rc2-build/BUILDROOT/usr/share/licenses/securedrop-workstation-dom0-config
+ cp -pr /home/user/securedrop-workstation/rpm-build/BUILD/securedrop-workstation-dom0-config-1.7.0rc2-build/securedrop-workstation-dom0-config-1.7.0rc2/LICENSE /home/user/securedrop-workstation/rpm-build/BUILD/securedrop-workstation-dom0-config-1.7.0rc2-build/BUILDROOT/usr/share/licenses/securedrop-workstation-dom0-config
+ RPM_EC=0
++ jobs -p
+ exit 0
Provides: application() application(press.freedom.SecureDropUpdater.desktop) application(press.freedom.SecureDropUpdaterClient.desktop) securedrop-workstation-dom0-config = 1.7.0rc2-1.fc41
Requires(interp): /bin/sh /bin/sh
Requires(rpmlib): rpmlib(CompressedFileNames) <= 3.0.4-1 rpmlib(FileDigests) <= 4.6.0-1 rpmlib(PayloadFilesHavePrefix) <= 4.0-1
Requires(post): /bin/sh
Requires(preun): /bin/sh
Requires: /usr/bin/bash /usr/bin/python3 python(abi) = 3.13
Checking for unpackaged file(s): /usr/lib/rpm/check-files /home/user/securedrop-workstation/rpm-build/BUILD/securedrop-workstation-dom0-config-1.7.0rc2-build/BUILDROOT
Wrote: /home/user/securedrop-workstation/rpm-build/RPMS/noarch/securedrop-workstation-dom0-config-1.7.0rc2-1.fc41.noarch.rpm
checking mtimes in securedrop-workstation-dom0-config-1.7.0rc2-1.fc41.noarch.rpm: 2026-05-11 00:00:00+00:00

Build complete! RPMs and their checksums are:

49655aaf3ad887f078254a11bff6e75c067788a1768ddfed6d8ffff33c13ba80  rpm-build/RPMS/noarch/securedrop-workstation-dom0-config-1.7.0rc2-1.fc41.noarch.rpm

Script done on 2026-05-12 14:20:43+01:00 [COMMAND_EXIT_CODE="0"]
