user@sd-dev:~/securedrop-workstation$ 
user@sd-dev:~/securedrop-workstation$ git tag -v 1.4.0
object 414c8e768aca21d408b1de9008e9a30ba574ce62
type commit
tag 1.4.0
tagger Kunal Mehta <legoktm@debian.org> 1757516819 -0400

SecureDrop Workstation 1.4.0
gpg: Signature made Wed 10 Sep 2025 04:07:42 PM BST
gpg:                using RSA key 2359E6538C0613E652955E6C188EDD3B7B22E6A3
gpg: Good signature from "SecureDrop Release Signing Key <securedrop-release-key-2021@freedom.press>" [unknown]
gpg: WARNING: This key is not certified with a trusted signature!
gpg:          There is no indication that the signature belongs to the owner.
Primary key fingerprint: 2359 E653 8C06 13E6 5295  5E6C 188E DD3B 7B22 E6A3
user@sd-dev:~/securedrop-workstation$ git checkout 1.4.0
Note: switching to '1.4.0'.

You are in 'detached HEAD' state. You can look around, make experimental
changes and commit them, and you can discard any commits you make in this
state without impacting any branches by switching back to a branch.

If you want to create a new branch to retain commits you create, you may
do so (now or later) by using -c with the switch command. Example:

  git switch -c <new-branch-name>

Or undo this operation with:

  git switch -

Turn off this advice by setting config variable advice.detachedHead to false

HEAD is now at 414c8e7 Merge pull request #1431 from freedomofpress/1.4.0-changelog-fix
user@sd-dev:~/securedrop-workstation$ make build-rpm
grep: /etc/fedora-release: No such file or directory
make: Warning: File 'Makefile' has modification time 84945 s in the future
Building SecureDop Workstation RPM...
Script started, output log file is 'build-log/securedrop-workstation-20250910.log'.
STEP 1/14: FROM quay.io/fedora/fedora:37
STEP 2/14: LABEL org="Freedom of the Press"
--> Using cache b990b5f9c3b897e6b37d0177a4788a002fb5534d6ddba30d8a80d10b5d6d9ce7
--> b990b5f9c3b
STEP 3/14: LABEL image_name="securedrop-workstation-qubes-4.2"
--> Using cache 527a58dcf802a2fa31e76be4f7fa0006fc40f2687bd8ae9a4db5d548aad72fe3
--> 527a58dcf80
STEP 4/14: ARG USER_NAME
--> Using cache b8ef31c82d69818b3b1039fafe61d8d0e0787943e930bb51b3008d3e10ab1782
--> b8ef31c82d6
STEP 5/14: ENV USER_NAME ${USER_NAME:-root}
--> Using cache 032672a23872f044df2d15741ddb3fa7a3ef8bd9dc2593416cbab99c22ddb54a
--> 032672a2387
STEP 6/14: ARG USER_ID
--> Using cache 1a1790e90711eff45464bea23af34d819ffb8038795c2b19fee6c81565ad82b9
--> 1a1790e9071
STEP 7/14: ENV USER_ID ${USER_ID:-0}
--> Using cache d0777640f70a05e7dd8981ee5a9fffaca3a672bb53304e5fc142759b34c071eb
--> d0777640f70
STEP 8/14: RUN dnf install -y make
--> Using cache 29f7f46eb66701e4468d270259605bf87dddbe735dba91013fac6355c00414ac
--> 29f7f46eb66
STEP 9/14: COPY Makefile Makefile
--> Using cache b3303a8ff484311e73256742f1767396340362904c30d34b601814b810334e95
--> b3303a8ff48
STEP 10/14: COPY rpm-build/SPECS rpm-build/SPECS
--> Using cache 8b56c2427201468ab326930610128b823be84145fccd0b35d786a6de1edd7f1f
--> 8b56c242720
STEP 11/14: ARG DEPS=build-deps
--> Using cache 951aa1da806d3a04d8edf4af6e009a08eba971f62dc4fd08d952270955f94544
--> 951aa1da806
STEP 12/14: RUN make ${DEPS}
--> Using cache e08aa42372bec1b6d55b771a0ef6d27b184b0590686427c731194675bd55ee2c
--> e08aa42372b
STEP 13/14: RUN rm -rf rpm-build
--> Using cache 47d193ef6f133afe92753245dd75a19dd208cefaea24ffe18f6112c2064b317d
--> 47d193ef6f1
STEP 14/14: RUN if test $USER_NAME != root ; then useradd --no-create-home --home-dir /tmp --uid $USER_ID $USER_NAME && echo "$USER_NAME ALL=(ALL) NOPASSWD:ALL" >> /etc/sudoers ; fi
--> Using cache 3bf5f9563c5d4b16ed54bf7948b81c1bffde3b9499713f238acbec1fb3705a96
COMMIT securedrop-workstation-dom0-config
--> 3bf5f9563c5
Successfully tagged localhost/securedrop-workstation-dom0-config:latest
3bf5f9563c5d4b16ed54bf7948b81c1bffde3b9499713f238acbec1fb3705a96
Removing dist/
Removing rpm-build/RPMS/noarch/
Removing rpm-build/SOURCES/securedrop-workstation-dom0-config-1.4.0.tar.gz
cc^[c^[c^[c^[b^[l^[d^[urunning sdist
running egg_info
writing securedrop_workstation_dom0_config.egg-info/PKG-INFO
writing dependency_links to securedrop_workstation_dom0_config.egg-info/dependency_links.txt
writing top-level names to securedrop_workstation_dom0_config.egg-info/top_level.txt
reading manifest file 'securedrop_workstation_dom0_config.egg-info/SOURCES.txt'
reading manifest template 'MANIFEST.in'
adding license file 'LICENSE'
writing manifest file 'securedrop_workstation_dom0_config.egg-info/SOURCES.txt'
running check
creating securedrop-workstation-dom0-config-1.4.0
creating securedrop-workstation-dom0-config-1.4.0/files
creating securedrop-workstation-dom0-config-1.4.0/launcher
creating securedrop-workstation-dom0-config-1.4.0/launcher/sdw_notify
creating securedrop-workstation-dom0-config-1.4.0/launcher/sdw_util
creating securedrop-workstation-dom0-config-1.4.0/sdw_notify
creating securedrop-workstation-dom0-config-1.4.0/sdw_updater
creating securedrop-workstation-dom0-config-1.4.0/sdw_util
creating securedrop-workstation-dom0-config-1.4.0/securedrop_salt
creating securedrop-workstation-dom0-config-1.4.0/securedrop_workstation_dom0_config.egg-info
creating securedrop-workstation-dom0-config-1.4.0/tests
copying files to securedrop-workstation-dom0-config-1.4.0...
copying LICENSE -> securedrop-workstation-dom0-config-1.4.0
copying MANIFEST.in -> securedrop-workstation-dom0-config-1.4.0
copying README.md -> securedrop-workstation-dom0-config-1.4.0
copying VERSION -> securedrop-workstation-dom0-config-1.4.0
copying pyproject.toml -> securedrop-workstation-dom0-config-1.4.0
copying setup.py -> securedrop-workstation-dom0-config-1.4.0
copying files/10-securedrop-logind_override.conf -> securedrop-workstation-dom0-config-1.4.0/files
copying files/31-securedrop-workstation.policy -> securedrop-workstation-dom0-config-1.4.0/files
copying files/32-securedrop-workstation.policy -> securedrop-workstation-dom0-config-1.4.0/files
copying files/95-securedrop-systemd-user.preset -> securedrop-workstation-dom0-config-1.4.0/files
copying files/clean-salt -> securedrop-workstation-dom0-config-1.4.0/files
copying files/config.json.example -> securedrop-workstation-dom0-config-1.4.0/files
copying files/destroy-vm.py -> securedrop-workstation-dom0-config-1.4.0/files
copying files/press.freedom.SecureDropUpdater.desktop -> securedrop-workstation-dom0-config-1.4.0/files
copying files/sdw-admin.py -> securedrop-workstation-dom0-config-1.4.0/files
copying files/sdw-login.py -> securedrop-workstation-dom0-config-1.4.0/files
copying files/sdw-notify.py -> securedrop-workstation-dom0-config-1.4.0/files
copying files/sdw-notify.service -> securedrop-workstation-dom0-config-1.4.0/files
copying files/sdw-notify.timer -> securedrop-workstation-dom0-config-1.4.0/files
copying files/sdw-updater.py -> securedrop-workstation-dom0-config-1.4.0/files
copying files/securedrop-128x128.png -> securedrop-workstation-dom0-config-1.4.0/files
copying files/securedrop-logind-override-disable.service -> securedrop-workstation-dom0-config-1.4.0/files
copying files/securedrop-scalable.svg -> securedrop-workstation-dom0-config-1.4.0/files
copying files/securedrop-user-xfce-icon-size.service -> securedrop-workstation-dom0-config-1.4.0/files
copying files/securedrop-user-xfce-settings.service -> securedrop-workstation-dom0-config-1.4.0/files
copying files/update-xfce-settings -> securedrop-workstation-dom0-config-1.4.0/files
copying files/validate_config.py -> securedrop-workstation-dom0-config-1.4.0/files
copying launcher/sdw_notify/Notify.py -> securedrop-workstation-dom0-config-1.4.0/launcher/sdw_notify
copying launcher/sdw_notify/NotifyApp.py -> securedrop-workstation-dom0-config-1.4.0/launcher/sdw_notify
copying launcher/sdw_notify/strings.py -> securedrop-workstation-dom0-config-1.4.0/launcher/sdw_notify
copying launcher/sdw_util/Util.py -> securedrop-workstation-dom0-config-1.4.0/launcher/sdw_util
copying sdw_notify/Notify.py -> securedrop-workstation-dom0-config-1.4.0/sdw_notify
copying sdw_notify/NotifyApp.py -> securedrop-workstation-dom0-config-1.4.0/sdw_notify
copying sdw_notify/__init__.py -> securedrop-workstation-dom0-config-1.4.0/sdw_notify
copying sdw_notify/strings.py -> securedrop-workstation-dom0-config-1.4.0/sdw_notify
copying sdw_updater/Updater.py -> securedrop-workstation-dom0-config-1.4.0/sdw_updater
copying sdw_updater/UpdaterApp.py -> securedrop-workstation-dom0-config-1.4.0/sdw_updater
copying sdw_updater/UpdaterAppUiQt5.py -> securedrop-workstation-dom0-config-1.4.0/sdw_updater
copying sdw_updater/__init__.py -> securedrop-workstation-dom0-config-1.4.0/sdw_updater
copying sdw_updater/strings.py -> securedrop-workstation-dom0-config-1.4.0/sdw_updater
copying sdw_util/Util.py -> securedrop-workstation-dom0-config-1.4.0/sdw_util
copying sdw_util/__init__.py -> securedrop-workstation-dom0-config-1.4.0/sdw_util
copying securedrop_salt/99-sd-devices.rules -> securedrop-workstation-dom0-config-1.4.0/securedrop_salt
copying securedrop_salt/apt-test-pubkey.asc -> securedrop-workstation-dom0-config-1.4.0/securedrop_salt
copying securedrop_salt/apt-test_freedom_press.sources.j2 -> securedrop-workstation-dom0-config-1.4.0/securedrop_salt
copying securedrop_salt/apt_freedom_press.sources.j2 -> securedrop-workstation-dom0-config-1.4.0/securedrop_salt
copying securedrop_salt/dom0-xfce-desktop-file.j2 -> securedrop-workstation-dom0-config-1.4.0/securedrop_salt
copying securedrop_salt/fpf-apt-repo.sls -> securedrop-workstation-dom0-config-1.4.0/securedrop_salt
copying securedrop_salt/remove-tags.py -> securedrop-workstation-dom0-config-1.4.0/securedrop_salt
copying securedrop_salt/sd-app-files.sls -> securedrop-workstation-dom0-config-1.4.0/securedrop_salt
copying securedrop_salt/sd-app.sls -> securedrop-workstation-dom0-config-1.4.0/securedrop_salt
copying securedrop_salt/sd-attach-export-device -> securedrop-workstation-dom0-config-1.4.0/securedrop_salt
copying securedrop_salt/sd-base-template-packages.sls -> securedrop-workstation-dom0-config-1.4.0/securedrop_salt
copying securedrop_salt/sd-base-template.sls -> securedrop-workstation-dom0-config-1.4.0/securedrop_salt
copying securedrop_salt/sd-clean-all.sls -> securedrop-workstation-dom0-config-1.4.0/securedrop_salt
copying securedrop_salt/sd-clean-default-dispvm.sls -> securedrop-workstation-dom0-config-1.4.0/securedrop_salt
copying securedrop_salt/sd-default-config.sls -> securedrop-workstation-dom0-config-1.4.0/securedrop_salt
copying securedrop_salt/sd-default-config.yml -> securedrop-workstation-dom0-config-1.4.0/securedrop_salt
copying securedrop_salt/sd-devices-files.sls -> securedrop-workstation-dom0-config-1.4.0/securedrop_salt
copying securedrop_salt/sd-devices.sls -> securedrop-workstation-dom0-config-1.4.0/securedrop_salt
copying securedrop_salt/sd-dom0-files.sls -> securedrop-workstation-dom0-config-1.4.0/securedrop_salt
copying securedrop_salt/sd-gpg-files.sls -> securedrop-workstation-dom0-config-1.4.0/securedrop_salt
copying securedrop_salt/sd-gpg.sls -> securedrop-workstation-dom0-config-1.4.0/securedrop_salt
copying securedrop_salt/sd-log.sls -> securedrop-workstation-dom0-config-1.4.0/securedrop_salt
copying securedrop_salt/sd-logging-setup.sls -> securedrop-workstation-dom0-config-1.4.0/securedrop_salt
copying securedrop_salt/sd-proxy-template-files.sls -> securedrop-workstation-dom0-config-1.4.0/securedrop_salt
copying securedrop_salt/sd-proxy.sls -> securedrop-workstation-dom0-config-1.4.0/securedrop_salt
copying securedrop_salt/sd-remove-deprecated-qubes.sls -> securedrop-workstation-dom0-config-1.4.0/securedrop_salt
copying securedrop_salt/sd-remove-unused-templates.sls -> securedrop-workstation-dom0-config-1.4.0/securedrop_salt
copying securedrop_salt/sd-sys-vms.sls -> securedrop-workstation-dom0-config-1.4.0/securedrop_salt
copying securedrop_salt/sd-sys-whonix-vms.sls -> securedrop-workstation-dom0-config-1.4.0/securedrop_salt
copying securedrop_salt/sd-upgrade-templates.sls -> securedrop-workstation-dom0-config-1.4.0/securedrop_salt
copying securedrop_salt/sd-usb-autoattach-add.sls -> securedrop-workstation-dom0-config-1.4.0/securedrop_salt
copying securedrop_salt/sd-usb-autoattach-remove.sls -> securedrop-workstation-dom0-config-1.4.0/securedrop_salt
copying securedrop_salt/sd-viewer-files.sls -> securedrop-workstation-dom0-config-1.4.0/securedrop_salt
copying securedrop_salt/sd-viewer.sls -> securedrop-workstation-dom0-config-1.4.0/securedrop_salt
copying securedrop_salt/sd-whonix-config.sls -> securedrop-workstation-dom0-config-1.4.0/securedrop_salt
copying securedrop_salt/sd-whonix.sls -> securedrop-workstation-dom0-config-1.4.0/securedrop_salt
copying securedrop_salt/sd-workstation-template.sls -> securedrop-workstation-dom0-config-1.4.0/securedrop_salt
copying securedrop_salt/sd-workstation.top -> securedrop-workstation-dom0-config-1.4.0/securedrop_salt
copying securedrop_salt/sdlog.conf -> securedrop-workstation-dom0-config-1.4.0/securedrop_salt
copying securedrop_salt/securedrop-handle-upgrade -> securedrop-workstation-dom0-config-1.4.0/securedrop_salt
copying securedrop_salt/securedrop-release-signing-pubkey-2021.asc -> securedrop-workstation-dom0-config-1.4.0/securedrop_salt
copying securedrop_workstation_dom0_config.egg-info/PKG-INFO -> securedrop-workstation-dom0-config-1.4.0/securedrop_workstation_dom0_config.egg-info
copying securedrop_workstation_dom0_config.egg-info/SOURCES.txt -> securedrop-workstation-dom0-config-1.4.0/securedrop_workstation_dom0_config.egg-info
copying securedrop_workstation_dom0_config.egg-info/dependency_links.txt -> securedrop-workstation-dom0-config-1.4.0/securedrop_workstation_dom0_config.egg-info
copying securedrop_workstation_dom0_config.egg-info/top_level.txt -> securedrop-workstation-dom0-config-1.4.0/securedrop_workstation_dom0_config.egg-info
copying tests/test_app.py -> securedrop-workstation-dom0-config-1.4.0/tests
copying tests/test_dom0_rpm_repo.py -> securedrop-workstation-dom0-config-1.4.0/tests
copying tests/test_dom0_salt_config.py -> securedrop-workstation-dom0-config-1.4.0/tests
copying tests/test_dom0_validate.py -> securedrop-workstation-dom0-config-1.4.0/tests
copying tests/test_gpg.py -> securedrop-workstation-dom0-config-1.4.0/tests
copying tests/test_log_vm.py -> securedrop-workstation-dom0-config-1.4.0/tests
copying tests/test_proxy_vm.py -> securedrop-workstation-dom0-config-1.4.0/tests
copying tests/test_qubes_rpc.py -> securedrop-workstation-dom0-config-1.4.0/tests
copying tests/test_qubes_vms.py -> securedrop-workstation-dom0-config-1.4.0/tests
copying tests/test_sd_devices.py -> securedrop-workstation-dom0-config-1.4.0/tests
copying tests/test_sys_usb.py -> securedrop-workstation-dom0-config-1.4.0/tests
copying tests/test_viewer.py -> securedrop-workstation-dom0-config-1.4.0/tests
copying tests/test_vms_exist.py -> securedrop-workstation-dom0-config-1.4.0/tests
copying tests/test_vms_platform.py -> securedrop-workstation-dom0-config-1.4.0/tests
Writing securedrop-workstation-dom0-config-1.4.0/setup.cfg
creating dist
Creating tar archive
removing 'securedrop-workstation-dom0-config-1.4.0' (and everything under it)
setting SOURCE_DATE_EPOCH=1757462400
Executing(%prep): /bin/sh -e /var/tmp/rpm-tmp.fR8kWV
+ umask 022
+ cd /home/user/securedrop-workstation/rpm-build/BUILD
+ cd /home/user/securedrop-workstation/rpm-build/BUILD
+ rm -rf securedrop-workstation-dom0-config-1.4.0
+ /usr/lib/rpm/rpmuncompress -x /home/user/securedrop-workstation/rpm-build/SOURCES/securedrop-workstation-dom0-config-1.4.0.tar.gz
/usr/bin/tar: securedrop-workstation-dom0-config-1.4.0/LICENSE: time stamp 2025-09-11 15:09:39 is 86368.505786842 s in the future
/usr/bin/tar: securedrop-workstation-dom0-config-1.4.0/MANIFEST.in: time stamp 2025-09-11 15:10:01 is 86390.505620448 s in the future
/usr/bin/tar: securedrop-workstation-dom0-config-1.4.0/README.md: time stamp 2025-09-11 15:09:39 is 86368.505466471 s in the future
/usr/bin/tar: securedrop-workstation-dom0-config-1.4.0/VERSION: time stamp 2025-09-11 15:09:40 is 86369.505306104 s in the future
/usr/bin/tar: securedrop-workstation-dom0-config-1.4.0/files/10-securedrop-logind_override.conf: time stamp 2025-09-11 15:09:40 is 86369.505204454 s in the future
/usr/bin/tar: securedrop-workstation-dom0-config-1.4.0/files/31-securedrop-workstation.policy: time stamp 2025-09-11 15:09:40 is 86369.505146621 s in the future
/usr/bin/tar: securedrop-workstation-dom0-config-1.4.0/files/32-securedrop-workstation.policy: time stamp 2025-09-11 15:09:40 is 86369.50425237 s in the future
/usr/bin/tar: securedrop-workstation-dom0-config-1.4.0/files/95-securedrop-systemd-user.preset: time stamp 2025-09-11 15:09:40 is 86369.504150249 s in the future
/usr/bin/tar: securedrop-workstation-dom0-config-1.4.0/files/clean-salt: time stamp 2025-09-11 15:09:40 is 86369.504079563 s in the future
/usr/bin/tar: securedrop-workstation-dom0-config-1.4.0/files/config.json.example: time stamp 2025-09-11 15:09:40 is 86369.503973921 s in the future
/usr/bin/tar: securedrop-workstation-dom0-config-1.4.0/files/destroy-vm.py: time stamp 2025-09-11 15:09:40 is 86369.503851023 s in the future
/usr/bin/tar: securedrop-workstation-dom0-config-1.4.0/files/press.freedom.SecureDropUpdater.desktop: time stamp 2025-09-11 15:09:40 is 86369.503792036 s in the future
/usr/bin/tar: securedrop-workstation-dom0-config-1.4.0/files/sdw-admin.py: time stamp 2025-09-11 15:09:40 is 86369.503572083 s in the future
/usr/bin/tar: securedrop-workstation-dom0-config-1.4.0/files/sdw-login.py: time stamp 2025-09-11 15:09:40 is 86369.503470476 s in the future
/usr/bin/tar: securedrop-workstation-dom0-config-1.4.0/files/sdw-notify.py: time stamp 2025-09-11 15:09:40 is 86369.503405007 s in the future
/usr/bin/tar: securedrop-workstation-dom0-config-1.4.0/files/sdw-notify.service: time stamp 2025-09-11 15:09:40 is 86369.503346811 s in the future
/usr/bin/tar: securedrop-workstation-dom0-config-1.4.0/files/sdw-notify.timer: time stamp 2025-09-11 15:09:40 is 86369.503286205 s in the future
/usr/bin/tar: securedrop-workstation-dom0-config-1.4.0/files/sdw-updater.py: time stamp 2025-09-11 15:09:40 is 86369.503155202 s in the future
/usr/bin/tar: securedrop-workstation-dom0-config-1.4.0/files/securedrop-128x128.png: time stamp 2025-09-11 15:09:40 is 86369.503061826 s in the future
/usr/bin/tar: securedrop-workstation-dom0-config-1.4.0/files/securedrop-logind-override-disable.service: time stamp 2025-09-11 15:09:40 is 86369.502968654 s in the future
/usr/bin/tar: securedrop-workstation-dom0-config-1.4.0/files/securedrop-scalable.svg: time stamp 2025-09-11 15:09:40 is 86369.502903769 s in the future
/usr/bin/tar: securedrop-workstation-dom0-config-1.4.0/files/securedrop-user-xfce-icon-size.service: time stamp 2025-09-11 15:09:40 is 86369.502840272 s in the future
/usr/bin/tar: securedrop-workstation-dom0-config-1.4.0/files/securedrop-user-xfce-settings.service: time stamp 2025-09-11 15:09:40 is 86369.500442407 s in the future
/usr/bin/tar: securedrop-workstation-dom0-config-1.4.0/files/update-xfce-settings: time stamp 2025-09-11 15:09:40 is 86369.500342005 s in the future
/usr/bin/tar: securedrop-workstation-dom0-config-1.4.0/files/validate_config.py: time stamp 2025-09-11 15:09:40 is 86369.500239981 s in the future
/usr/bin/tar: securedrop-workstation-dom0-config-1.4.0/launcher/sdw_notify/Notify.py: time stamp 2025-09-11 15:09:39 is 86368.500038486 s in the future
/usr/bin/tar: securedrop-workstation-dom0-config-1.4.0/launcher/sdw_notify/NotifyApp.py: time stamp 2025-09-11 15:09:39 is 86368.499947538 s in the future
/usr/bin/tar: securedrop-workstation-dom0-config-1.4.0/launcher/sdw_notify/strings.py: time stamp 2025-09-11 15:09:39 is 86368.499831158 s in the future
/usr/bin/tar: securedrop-workstation-dom0-config-1.4.0/launcher/sdw_util/Util.py: time stamp 2025-09-11 15:10:01 is 86390.499734135 s in the future
/usr/bin/tar: securedrop-workstation-dom0-config-1.4.0/pyproject.toml: time stamp 2025-09-11 15:09:39 is 86368.499664189 s in the future
/usr/bin/tar: securedrop-workstation-dom0-config-1.4.0/sdw_notify/Notify.py: time stamp 2025-09-11 15:09:39 is 86368.499517602 s in the future
/usr/bin/tar: securedrop-workstation-dom0-config-1.4.0/sdw_notify/NotifyApp.py: time stamp 2025-09-11 15:09:39 is 86368.499438179 s in the future
/usr/bin/tar: securedrop-workstation-dom0-config-1.4.0/sdw_notify/__init__.py: time stamp 2025-09-11 15:09:39 is 86368.49938897 s in the future
/usr/bin/tar: securedrop-workstation-dom0-config-1.4.0/sdw_notify/strings.py: time stamp 2025-09-11 15:09:39 is 86368.499330584 s in the future
/usr/bin/tar: securedrop-workstation-dom0-config-1.4.0/sdw_updater/Updater.py: time stamp 2025-09-11 15:09:39 is 86368.499213489 s in the future
/usr/bin/tar: securedrop-workstation-dom0-config-1.4.0/sdw_updater/UpdaterApp.py: time stamp 2025-09-11 15:09:39 is 86368.499116795 s in the future
/usr/bin/tar: securedrop-workstation-dom0-config-1.4.0/sdw_updater/UpdaterAppUiQt5.py: time stamp 2025-09-11 15:09:39 is 86368.499047425 s in the future
/usr/bin/tar: securedrop-workstation-dom0-config-1.4.0/sdw_updater/__init__.py: time stamp 2025-09-11 15:09:39 is 86368.498959655 s in the future
/usr/bin/tar: securedrop-workstation-dom0-config-1.4.0/sdw_updater/strings.py: time stamp 2025-09-11 15:09:39 is 86368.49880616 s in the future
/usr/bin/tar: securedrop-workstation-dom0-config-1.4.0/sdw_util/Util.py: time stamp 2025-09-11 15:10:01 is 86390.498660872 s in the future
/usr/bin/tar: securedrop-workstation-dom0-config-1.4.0/sdw_util/__init__.py: time stamp 2025-09-11 15:10:01 is 86390.498512884 s in the future
/usr/bin/tar: securedrop-workstation-dom0-config-1.4.0/securedrop_salt/99-sd-devices.rules: time stamp 2025-09-11 15:10:01 is 86390.498375845 s in the future
/usr/bin/tar: securedrop-workstation-dom0-config-1.4.0/securedrop_salt/apt-test-pubkey.asc: time stamp 2025-09-11 15:10:01 is 86390.498289588 s in the future
/usr/bin/tar: securedrop-workstation-dom0-config-1.4.0/securedrop_salt/apt-test_freedom_press.sources.j2: time stamp 2025-09-11 15:10:01 is 86390.49812482 s in the future
/usr/bin/tar: securedrop-workstation-dom0-config-1.4.0/securedrop_salt/apt_freedom_press.sources.j2: time stamp 2025-09-11 15:10:01 is 86390.497915198 s in the future
/usr/bin/tar: securedrop-workstation-dom0-config-1.4.0/securedrop_salt/dom0-xfce-desktop-file.j2: time stamp 2025-09-11 15:10:01 is 86390.497810023 s in the future
/usr/bin/tar: securedrop-workstation-dom0-config-1.4.0/securedrop_salt/fpf-apt-repo.sls: time stamp 2025-09-11 15:10:01 is 86390.497740456 s in the future
/usr/bin/tar: securedrop-workstation-dom0-config-1.4.0/securedrop_salt/remove-tags.py: time stamp 2025-09-11 15:10:01 is 86390.49764762 s in the future
/usr/bin/tar: securedrop-workstation-dom0-config-1.4.0/securedrop_salt/sd-app-files.sls: time stamp 2025-09-11 15:10:01 is 86390.497573134 s in the future
/usr/bin/tar: securedrop-workstation-dom0-config-1.4.0/securedrop_salt/sd-app.sls: time stamp 2025-09-11 15:10:01 is 86390.497508286 s in the future
/usr/bin/tar: securedrop-workstation-dom0-config-1.4.0/securedrop_salt/sd-attach-export-device: time stamp 2025-09-11 15:10:01 is 86390.497410041 s in the future
/usr/bin/tar: securedrop-workstation-dom0-config-1.4.0/securedrop_salt/sd-base-template-packages.sls: time stamp 2025-09-11 15:10:01 is 86390.49724339 s in the future
/usr/bin/tar: securedrop-workstation-dom0-config-1.4.0/securedrop_salt/sd-base-template.sls: time stamp 2025-09-11 15:10:01 is 86390.497167841 s in the future
/usr/bin/tar: securedrop-workstation-dom0-config-1.4.0/securedrop_salt/sd-clean-all.sls: time stamp 2025-09-11 15:10:01 is 86390.497104414 s in the future
/usr/bin/tar: securedrop-workstation-dom0-config-1.4.0/securedrop_salt/sd-clean-default-dispvm.sls: time stamp 2025-09-11 15:10:01 is 86390.496984107 s in the future
/usr/bin/tar: securedrop-workstation-dom0-config-1.4.0/securedrop_salt/sd-default-config.sls: time stamp 2025-09-11 15:10:01 is 86390.496917047 s in the future
/usr/bin/tar: securedrop-workstation-dom0-config-1.4.0/securedrop_salt/sd-default-config.yml: time stamp 2025-09-11 15:10:01 is 86390.496791098 s in the future
/usr/bin/tar: securedrop-workstation-dom0-config-1.4.0/securedrop_salt/sd-devices-files.sls: time stamp 2025-09-11 15:10:01 is 86390.496718438 s in the future
/usr/bin/tar: securedrop-workstation-dom0-config-1.4.0/securedrop_salt/sd-devices.sls: time stamp 2025-09-11 15:10:01 is 86390.496640729 s in the future
/usr/bin/tar: securedrop-workstation-dom0-config-1.4.0/securedrop_salt/sd-dom0-files.sls: time stamp 2025-09-11 15:10:01 is 86390.496578107 s in the future
/usr/bin/tar: securedrop-workstation-dom0-config-1.4.0/securedrop_salt/sd-gpg-files.sls: time stamp 2025-09-11 15:10:01 is 86390.496500461 s in the future
/usr/bin/tar: securedrop-workstation-dom0-config-1.4.0/securedrop_salt/sd-gpg.sls: time stamp 2025-09-11 15:10:01 is 86390.496432271 s in the future
/usr/bin/tar: securedrop-workstation-dom0-config-1.4.0/securedrop_salt/sd-log.sls: time stamp 2025-09-11 15:10:01 is 86390.49636068 s in the future
/usr/bin/tar: securedrop-workstation-dom0-config-1.4.0/securedrop_salt/sd-logging-setup.sls: time stamp 2025-09-11 15:10:01 is 86390.49629665 s in the future
/usr/bin/tar: securedrop-workstation-dom0-config-1.4.0/securedrop_salt/sd-proxy-template-files.sls: time stamp 2025-09-11 15:10:01 is 86390.496236741 s in the future
/usr/bin/tar: securedrop-workstation-dom0-config-1.4.0/securedrop_salt/sd-proxy.sls: time stamp 2025-09-11 15:10:01 is 86390.496084992 s in the future
/usr/bin/tar: securedrop-workstation-dom0-config-1.4.0/securedrop_salt/sd-remove-deprecated-qubes.sls: time stamp 2025-09-11 15:10:01 is 86390.496020408 s in the future
/usr/bin/tar: securedrop-workstation-dom0-config-1.4.0/securedrop_salt/sd-remove-unused-templates.sls: time stamp 2025-09-11 15:10:01 is 86390.495937975 s in the future
/usr/bin/tar: securedrop-workstation-dom0-config-1.4.0/securedrop_salt/sd-sys-vms.sls: time stamp 2025-09-11 15:10:01 is 86390.495741411 s in the future
/usr/bin/tar: securedrop-workstation-dom0-config-1.4.0/securedrop_salt/sd-sys-whonix-vms.sls: time stamp 2025-09-11 15:10:01 is 86390.49565522 s in the future
/usr/bin/tar: securedrop-workstation-dom0-config-1.4.0/securedrop_salt/sd-upgrade-templates.sls: time stamp 2025-09-11 15:10:01 is 86390.495590238 s in the future
/usr/bin/tar: securedrop-workstation-dom0-config-1.4.0/securedrop_salt/sd-usb-autoattach-add.sls: time stamp 2025-09-11 15:10:01 is 86390.495527767 s in the future
/usr/bin/tar: securedrop-workstation-dom0-config-1.4.0/securedrop_salt/sd-usb-autoattach-remove.sls: time stamp 2025-09-11 15:10:01 is 86390.495383054 s in the future
/usr/bin/tar: securedrop-workstation-dom0-config-1.4.0/securedrop_salt/sd-viewer-files.sls: time stamp 2025-09-11 15:10:01 is 86390.495303042 s in the future
/usr/bin/tar: securedrop-workstation-dom0-config-1.4.0/securedrop_salt/sd-viewer.sls: time stamp 2025-09-11 15:10:01 is 86390.495144756 s in the future
/usr/bin/tar: securedrop-workstation-dom0-config-1.4.0/securedrop_salt/sd-whonix-config.sls: time stamp 2025-09-11 15:10:01 is 86390.494948365 s in the future
/usr/bin/tar: securedrop-workstation-dom0-config-1.4.0/securedrop_salt/sd-whonix.sls: time stamp 2025-09-11 15:10:01 is 86390.494849827 s in the future
/usr/bin/tar: securedrop-workstation-dom0-config-1.4.0/securedrop_salt/sd-workstation-template.sls: time stamp 2025-09-11 15:10:01 is 86390.494777916 s in the future
/usr/bin/tar: securedrop-workstation-dom0-config-1.4.0/securedrop_salt/sd-workstation.top: time stamp 2025-09-11 15:10:01 is 86390.494719561 s in the future
/usr/bin/tar: securedrop-workstation-dom0-config-1.4.0/securedrop_salt/sdlog.conf: time stamp 2025-09-11 15:10:01 is 86390.494642677 s in the future
/usr/bin/tar: securedrop-workstation-dom0-config-1.4.0/securedrop_salt/securedrop-handle-upgrade: time stamp 2025-09-11 15:10:01 is 86390.494556691 s in the future
/usr/bin/tar: securedrop-workstation-dom0-config-1.4.0/securedrop_salt/securedrop-release-signing-pubkey-2021.asc: time stamp 2025-09-11 15:10:01 is 86390.494400522 s in the future
/usr/bin/tar: securedrop-workstation-dom0-config-1.4.0/setup.py: time stamp 2025-09-11 15:10:08 is 86397.493864981 s in the future
/usr/bin/tar: securedrop-workstation-dom0-config-1.4.0/tests/test_app.py: time stamp 2025-09-11 15:10:08 is 86397.493746081 s in the future
/usr/bin/tar: securedrop-workstation-dom0-config-1.4.0/tests/test_dom0_rpm_repo.py: time stamp 2025-09-11 15:10:08 is 86397.493683711 s in the future
/usr/bin/tar: securedrop-workstation-dom0-config-1.4.0/tests/test_dom0_salt_config.py: time stamp 2025-09-11 15:10:08 is 86397.493500191 s in the future
/usr/bin/tar: securedrop-workstation-dom0-config-1.4.0/tests/test_dom0_validate.py: time stamp 2025-09-11 15:10:08 is 86397.493437536 s in the future
/usr/bin/tar: securedrop-workstation-dom0-config-1.4.0/tests/test_gpg.py: time stamp 2025-09-11 15:10:08 is 86397.493381411 s in the future
/usr/bin/tar: securedrop-workstation-dom0-config-1.4.0/tests/test_log_vm.py: time stamp 2025-09-11 15:10:08 is 86397.493332437 s in the future
/usr/bin/tar: securedrop-workstation-dom0-config-1.4.0/tests/test_proxy_vm.py: time stamp 2025-09-11 15:10:08 is 86397.493280428 s in the future
/usr/bin/tar: securedrop-workstation-dom0-config-1.4.0/tests/test_qubes_rpc.py: time stamp 2025-09-11 15:10:08 is 86397.493134809 s in the future
/usr/bin/tar: securedrop-workstation-dom0-config-1.4.0/tests/test_qubes_vms.py: time stamp 2025-09-11 15:10:08 is 86397.492960008 s in the future
/usr/bin/tar: securedrop-workstation-dom0-config-1.4.0/tests/test_sd_devices.py: time stamp 2025-09-11 15:10:08 is 86397.492876881 s in the future
/usr/bin/tar: securedrop-workstation-dom0-config-1.4.0/tests/test_sys_usb.py: time stamp 2025-09-11 15:10:08 is 86397.492801816 s in the future
/usr/bin/tar: securedrop-workstation-dom0-config-1.4.0/tests/test_viewer.py: time stamp 2025-09-11 15:10:08 is 86397.492739864 s in the future
/usr/bin/tar: securedrop-workstation-dom0-config-1.4.0/tests/test_vms_exist.py: time stamp 2025-09-11 15:10:08 is 86397.492573445 s in the future
/usr/bin/tar: securedrop-workstation-dom0-config-1.4.0/tests/test_vms_platform.py: time stamp 2025-09-11 15:10:08 is 86397.492404967 s in the future
+ STATUS=0
+ '[' 0 -ne 0 ']'
+ cd securedrop-workstation-dom0-config-1.4.0
+ /usr/bin/chmod -Rf a+rX,u+w,g-w,o-w .
+ RPM_EC=0
++ jobs -p
+ exit 0
Executing(%build): /bin/sh -e /var/tmp/rpm-tmp.x1BpMF
+ umask 022
+ cd /home/user/securedrop-workstation/rpm-build/BUILD
+ CFLAGS='-O2 -g'
+ export CFLAGS
+ CXXFLAGS='-O2 -g'
+ export CXXFLAGS
+ FFLAGS='-O2 -g -I/usr/lib64/gfortran/modules'
+ export FFLAGS
+ FCFLAGS='-O2 -g -I/usr/lib64/gfortran/modules'
+ export FCFLAGS
+ LDFLAGS='-Wl,-z,relro -Wl,--as-needed  -Wl,-z,now -specs=/usr/lib/rpm/redhat/redhat-hardened-ld -specs=/usr/lib/rpm/redhat/redhat-annobin-cc1  -Wl,--build-id=sha1 -specs=/usr/lib/rpm/redhat/redhat-package-notes'
+ export LDFLAGS
+ LT_SYS_LIBRARY_PATH=/usr/lib64:
+ export LT_SYS_LIBRARY_PATH
+ CC=gcc
+ export CC
+ CXX=g++
+ export CXX
+ cd securedrop-workstation-dom0-config-1.4.0
+ RPM_EC=0
++ jobs -p
+ exit 0
Executing(%install): /bin/sh -e /var/tmp/rpm-tmp.HUW9dY
+ umask 022
+ cd /home/user/securedrop-workstation/rpm-build/BUILD
+ '[' /home/user/securedrop-workstation/rpm-build/BUILDROOT/securedrop-workstation-dom0-config-1.4.0-1.fc37.x86_64 '!=' / ']'
+ rm -rf /home/user/securedrop-workstation/rpm-build/BUILDROOT/securedrop-workstation-dom0-config-1.4.0-1.fc37.x86_64
++ dirname /home/user/securedrop-workstation/rpm-build/BUILDROOT/securedrop-workstation-dom0-config-1.4.0-1.fc37.x86_64
+ mkdir -p /home/user/securedrop-workstation/rpm-build/BUILDROOT
+ mkdir /home/user/securedrop-workstation/rpm-build/BUILDROOT/securedrop-workstation-dom0-config-1.4.0-1.fc37.x86_64
+ CFLAGS='-O2 -g'
+ export CFLAGS
+ CXXFLAGS='-O2 -g'
+ export CXXFLAGS
+ FFLAGS='-O2 -g -I/usr/lib64/gfortran/modules'
+ export FFLAGS
+ FCFLAGS='-O2 -g -I/usr/lib64/gfortran/modules'
+ export FCFLAGS
+ LDFLAGS='-Wl,-z,relro -Wl,--as-needed  -Wl,-z,now -specs=/usr/lib/rpm/redhat/redhat-hardened-ld -specs=/usr/lib/rpm/redhat/redhat-annobin-cc1  -Wl,--build-id=sha1 -specs=/usr/lib/rpm/redhat/redhat-package-notes'
+ export LDFLAGS
+ LT_SYS_LIBRARY_PATH=/usr/lib64:
+ export LT_SYS_LIBRARY_PATH
+ CC=gcc
+ export CC
+ CXX=g++
+ export CXX
+ cd securedrop-workstation-dom0-config-1.4.0
+ /usr/bin/python3 -m pip install --no-compile --no-index --no-build-isolation --root /home/user/securedrop-workstation/rpm-build/BUILDROOT/securedrop-workstation-dom0-config-1.4.0-1.fc37.x86_64 .
Processing /home/user/securedrop-workstation/rpm-build/BUILD/securedrop-workstation-dom0-config-1.4.0
  Preparing metadata (pyproject.toml) ... done
Building wheels for collected packages: securedrop-workstation-dom0-config
  Building wheel for securedrop-workstation-dom0-config (pyproject.toml) ... done
  Created wheel for securedrop-workstation-dom0-config: filename=securedrop_workstation_dom0_config-1.4.0-py3-none-any.whl size=37052 sha256=5a44244e6f373c2aa1e87bf9d3f490712082ee0d849e61ba1730b158d6ee84ba
  Stored in directory: /tmp/.cache/pip/wheels/c7/b2/95/6d4c2edb073cd57eec9ac2a302f9dbb6a1a9276599f749a39e
Successfully built securedrop-workstation-dom0-config
Installing collected packages: securedrop-workstation-dom0-config
Successfully installed securedrop-workstation-dom0-config-1.4.0
+ rm /home/user/securedrop-workstation/rpm-build/BUILDROOT/securedrop-workstation-dom0-config-1.4.0-1.fc37.x86_64//usr/lib/python3.11/site-packages/securedrop_workstation_dom0_config-1.4.0.dist-info/direct_url.json
+ sed -i '/\.dist-info\/direct_url\.json,/d' /home/user/securedrop-workstation/rpm-build/BUILDROOT/securedrop-workstation-dom0-config-1.4.0-1.fc37.x86_64//usr/lib/python3.11/site-packages/securedrop_workstation_dom0_config-1.4.0.dist-info/RECORD
+ install -m 755 -d /home/user/securedrop-workstation/rpm-build/BUILDROOT/securedrop-workstation-dom0-config-1.4.0-1.fc37.x86_64/srv/salt/
+ cp -a securedrop_salt /home/user/securedrop-workstation/rpm-build/BUILDROOT/securedrop-workstation-dom0-config-1.4.0-1.fc37.x86_64/srv/salt/
+ install -m 755 -d /home/user/securedrop-workstation/rpm-build/BUILDROOT/securedrop-workstation-dom0-config-1.4.0-1.fc37.x86_64//usr/share/securedrop-workstation-dom0-config/scripts
+ install -m 755 -d /home/user/securedrop-workstation/rpm-build/BUILDROOT/securedrop-workstation-dom0-config-1.4.0-1.fc37.x86_64//usr/bin
+ install -m 755 -d /home/user/securedrop-workstation/rpm-build/BUILDROOT/securedrop-workstation-dom0-config-1.4.0-1.fc37.x86_64/opt/securedrop
+ install -m 755 -d /home/user/securedrop-workstation/rpm-build/BUILDROOT/securedrop-workstation-dom0-config-1.4.0-1.fc37.x86_64/usr/bin/securedrop
+ install -m 755 files/update-xfce-settings /home/user/securedrop-workstation/rpm-build/BUILDROOT/securedrop-workstation-dom0-config-1.4.0-1.fc37.x86_64/usr/bin/securedrop/
+ install -m 755 files/clean-salt /home/user/securedrop-workstation/rpm-build/BUILDROOT/securedrop-workstation-dom0-config-1.4.0-1.fc37.x86_64//usr/share/securedrop-workstation-dom0-config/scripts/
+ install -m 755 files/destroy-vm.py /home/user/securedrop-workstation/rpm-build/BUILDROOT/securedrop-workstation-dom0-config-1.4.0-1.fc37.x86_64//usr/share/securedrop-workstation-dom0-config/scripts/destroy-vm
+ install -m 755 files/validate_config.py /home/user/securedrop-workstation/rpm-build/BUILDROOT/securedrop-workstation-dom0-config-1.4.0-1.fc37.x86_64//usr/share/securedrop-workstation-dom0-config/scripts/
+ install -m 755 files/sdw-admin.py /home/user/securedrop-workstation/rpm-build/BUILDROOT/securedrop-workstation-dom0-config-1.4.0-1.fc37.x86_64//usr/bin/sdw-admin
+ install -m 644 files/config.json.example /home/user/securedrop-workstation/rpm-build/BUILDROOT/securedrop-workstation-dom0-config-1.4.0-1.fc37.x86_64//usr/share/securedrop-workstation-dom0-config/
+ install -m 755 -d /home/user/securedrop-workstation/rpm-build/BUILDROOT/securedrop-workstation-dom0-config-1.4.0-1.fc37.x86_64//usr/bin
+ install -m 755 -d /home/user/securedrop-workstation/rpm-build/BUILDROOT/securedrop-workstation-dom0-config-1.4.0-1.fc37.x86_64//usr/share/applications/
+ install -m 755 -d /home/user/securedrop-workstation/rpm-build/BUILDROOT/securedrop-workstation-dom0-config-1.4.0-1.fc37.x86_64//usr/share/icons/hicolor/128x128/apps/
+ install -m 755 -d /home/user/securedrop-workstation/rpm-build/BUILDROOT/securedrop-workstation-dom0-config-1.4.0-1.fc37.x86_64//usr/share/icons/hicolor/scalable/apps/
+ install -m 755 -d /home/user/securedrop-workstation/rpm-build/BUILDROOT/securedrop-workstation-dom0-config-1.4.0-1.fc37.x86_64//var/lib/securedrop-workstation-dom0-config/
+ install -m 755 -d /home/user/securedrop-workstation/rpm-build/BUILDROOT/securedrop-workstation-dom0-config-1.4.0-1.fc37.x86_64//usr/lib/systemd/user/
+ install -m 755 -d /home/user/securedrop-workstation/rpm-build/BUILDROOT/securedrop-workstation-dom0-config-1.4.0-1.fc37.x86_64//usr/lib/systemd/system
+ install -m 755 -d /home/user/securedrop-workstation/rpm-build/BUILDROOT/securedrop-workstation-dom0-config-1.4.0-1.fc37.x86_64//usr/lib/systemd/user-preset/
+ install -m 644 files/press.freedom.SecureDropUpdater.desktop /home/user/securedrop-workstation/rpm-build/BUILDROOT/securedrop-workstation-dom0-config-1.4.0-1.fc37.x86_64//usr/share/applications/
+ install -m 644 files/press.freedom.SecureDropUpdater.desktop /home/user/securedrop-workstation/rpm-build/BUILDROOT/securedrop-workstation-dom0-config-1.4.0-1.fc37.x86_64/srv/salt/securedrop_salt/press.freedom.SecureDropUpdater.desktop
+ install -m 644 files/securedrop-128x128.png /home/user/securedrop-workstation/rpm-build/BUILDROOT/securedrop-workstation-dom0-config-1.4.0-1.fc37.x86_64//usr/share/icons/hicolor/128x128/apps/securedrop.png
+ install -m 644 files/securedrop-scalable.svg /home/user/securedrop-workstation/rpm-build/BUILDROOT/securedrop-workstation-dom0-config-1.4.0-1.fc37.x86_64//usr/share/icons/hicolor/scalable/apps/securedrop.svg
+ install -m 755 files/sdw-updater.py /home/user/securedrop-workstation/rpm-build/BUILDROOT/securedrop-workstation-dom0-config-1.4.0-1.fc37.x86_64//usr/bin/sdw-updater
+ install -m 755 files/sdw-notify.py /home/user/securedrop-workstation/rpm-build/BUILDROOT/securedrop-workstation-dom0-config-1.4.0-1.fc37.x86_64//usr/bin/sdw-notify
+ install -m 755 files/sdw-login.py /home/user/securedrop-workstation/rpm-build/BUILDROOT/securedrop-workstation-dom0-config-1.4.0-1.fc37.x86_64//usr/bin/sdw-login
+ install -m 644 files/sdw-notify.service /home/user/securedrop-workstation/rpm-build/BUILDROOT/securedrop-workstation-dom0-config-1.4.0-1.fc37.x86_64//usr/lib/systemd/user/
+ install -m 644 files/sdw-notify.timer /home/user/securedrop-workstation/rpm-build/BUILDROOT/securedrop-workstation-dom0-config-1.4.0-1.fc37.x86_64//usr/lib/systemd/user/
+ install -m 644 files/securedrop-logind-override-disable.service /home/user/securedrop-workstation/rpm-build/BUILDROOT/securedrop-workstation-dom0-config-1.4.0-1.fc37.x86_64//usr/lib/systemd/system/
+ install -m 644 files/95-securedrop-systemd-user.preset /home/user/securedrop-workstation/rpm-build/BUILDROOT/securedrop-workstation-dom0-config-1.4.0-1.fc37.x86_64//usr/lib/systemd/user-preset/
+ install -m 755 -d /home/user/securedrop-workstation/rpm-build/BUILDROOT/securedrop-workstation-dom0-config-1.4.0-1.fc37.x86_64/etc/qubes/policy.d/
+ install -m 644 files/31-securedrop-workstation.policy /home/user/securedrop-workstation/rpm-build/BUILDROOT/securedrop-workstation-dom0-config-1.4.0-1.fc37.x86_64/etc/qubes/policy.d/
+ install -m 644 files/32-securedrop-workstation.policy /home/user/securedrop-workstation/rpm-build/BUILDROOT/securedrop-workstation-dom0-config-1.4.0-1.fc37.x86_64/etc/qubes/policy.d/
+ install -m 755 -d /home/user/securedrop-workstation/rpm-build/BUILDROOT/securedrop-workstation-dom0-config-1.4.0-1.fc37.x86_64/usr/share/securedrop/icons
+ install -m 644 files/securedrop-128x128.png /home/user/securedrop-workstation/rpm-build/BUILDROOT/securedrop-workstation-dom0-config-1.4.0-1.fc37.x86_64/usr/share/securedrop/icons/sd-logo.png
+ install -m 755 -d /home/user/securedrop-workstation/rpm-build/BUILDROOT/securedrop-workstation-dom0-config-1.4.0-1.fc37.x86_64/etc/systemd/logind.conf.d/
+ install -m 644 files/10-securedrop-logind_override.conf /home/user/securedrop-workstation/rpm-build/BUILDROOT/securedrop-workstation-dom0-config-1.4.0-1.fc37.x86_64/etc/systemd/logind.conf.d/
+ install -m 644 files/securedrop-user-xfce-settings.service /home/user/securedrop-workstation/rpm-build/BUILDROOT/securedrop-workstation-dom0-config-1.4.0-1.fc37.x86_64//usr/lib/systemd/user/
+ install -m 644 files/securedrop-user-xfce-icon-size.service /home/user/securedrop-workstation/rpm-build/BUILDROOT/securedrop-workstation-dom0-config-1.4.0-1.fc37.x86_64//usr/lib/systemd/user/
+ /usr/bin/find-debuginfo -j6 --strict-build-id -m -i --build-id-seed 1.4.0-1.fc37 --unique-debug-suffix -1.4.0-1.fc37.x86_64 --unique-debug-src-base securedrop-workstation-dom0-config-1.4.0-1.fc37.x86_64 --run-dwz --dwz-low-mem-die-limit 10000000 --dwz-max-die-limit 110000000 -S debugsourcefiles.list /home/user/securedrop-workstation/rpm-build/BUILD/securedrop-workstation-dom0-config-1.4.0
find: ‘debug’: No such file or directory
+ /usr/lib/rpm/check-buildroot
+ /usr/lib/rpm/redhat/brp-ldconfig
+ /usr/lib/rpm/brp-compress
+ /usr/lib/rpm/redhat/brp-strip-lto /usr/bin/strip
+ /usr/lib/rpm/brp-strip-static-archive /usr/bin/strip
+ /usr/lib/rpm/check-rpaths
+ /usr/lib/rpm/redhat/brp-mangle-shebangs
+ /usr/lib/rpm/brp-remove-la-files
+ /usr/lib/rpm/redhat/brp-python-hardlink
Processing files: securedrop-workstation-dom0-config-1.4.0-1.fc37.noarch
Executing(%doc): /bin/sh -e /var/tmp/rpm-tmp.xaDNpr
+ umask 022
+ cd /home/user/securedrop-workstation/rpm-build/BUILD
+ cd securedrop-workstation-dom0-config-1.4.0
+ DOCDIR=/home/user/securedrop-workstation/rpm-build/BUILDROOT/securedrop-workstation-dom0-config-1.4.0-1.fc37.x86_64/usr/share/doc/securedrop-workstation-dom0-config
+ export LC_ALL=C
+ LC_ALL=C
+ export DOCDIR
+ /usr/bin/mkdir -p /home/user/securedrop-workstation/rpm-build/BUILDROOT/securedrop-workstation-dom0-config-1.4.0-1.fc37.x86_64/usr/share/doc/securedrop-workstation-dom0-config
+ cp -pr README.md /home/user/securedrop-workstation/rpm-build/BUILDROOT/securedrop-workstation-dom0-config-1.4.0-1.fc37.x86_64/usr/share/doc/securedrop-workstation-dom0-config
+ RPM_EC=0
++ jobs -p
+ exit 0
Executing(%license): /bin/sh -e /var/tmp/rpm-tmp.lM2sjS
+ umask 022
+ cd /home/user/securedrop-workstation/rpm-build/BUILD
+ cd securedrop-workstation-dom0-config-1.4.0
+ LICENSEDIR=/home/user/securedrop-workstation/rpm-build/BUILDROOT/securedrop-workstation-dom0-config-1.4.0-1.fc37.x86_64/usr/share/licenses/securedrop-workstation-dom0-config
+ export LC_ALL=C
+ LC_ALL=C
+ export LICENSEDIR
+ /usr/bin/mkdir -p /home/user/securedrop-workstation/rpm-build/BUILDROOT/securedrop-workstation-dom0-config-1.4.0-1.fc37.x86_64/usr/share/licenses/securedrop-workstation-dom0-config
+ cp -pr LICENSE /home/user/securedrop-workstation/rpm-build/BUILDROOT/securedrop-workstation-dom0-config-1.4.0-1.fc37.x86_64/usr/share/licenses/securedrop-workstation-dom0-config
+ RPM_EC=0
++ jobs -p
+ exit 0
Provides: application() application(press.freedom.SecureDropUpdater.desktop) securedrop-workstation-dom0-config = 1.4.0-1.fc37
Requires(interp): /bin/sh /bin/sh
Requires(rpmlib): rpmlib(CompressedFileNames) <= 3.0.4-1 rpmlib(FileDigests) <= 4.6.0-1 rpmlib(PayloadFilesHavePrefix) <= 4.0-1
Requires(post): /bin/sh
Requires(preun): /bin/sh
Requires: /usr/bin/bash /usr/bin/python3 python(abi) = 3.11
Checking for unpackaged file(s): /usr/lib/rpm/check-files /home/user/securedrop-workstation/rpm-build/BUILDROOT/securedrop-workstation-dom0-config-1.4.0-1.fc37.x86_64
Wrote: /home/user/securedrop-workstation/rpm-build/RPMS/noarch/securedrop-workstation-dom0-config-1.4.0-1.fc37.noarch.rpm
Executing(%clean): /bin/sh -e /var/tmp/rpm-tmp.IDnq6X
+ umask 022
+ cd /home/user/securedrop-workstation/rpm-build/BUILD
+ cd securedrop-workstation-dom0-config-1.4.0
+ /usr/bin/rm -rf /home/user/securedrop-workstation/rpm-build/BUILDROOT/securedrop-workstation-dom0-config-1.4.0-1.fc37.x86_64
+ RPM_EC=0
++ jobs -p
+ exit 0
Executing(rmbuild): /bin/sh -e /var/tmp/rpm-tmp.ktfLYH
+ umask 022
+ cd /home/user/securedrop-workstation/rpm-build/BUILD
+ rm -rf securedrop-workstation-dom0-config-1.4.0 securedrop-workstation-dom0-config-1.4.0.gemspec
+ RPM_EC=0
++ jobs -p
+ exit 0
checking mtimes in securedrop-workstation-dom0-config-1.4.0-1.fc37.noarch.rpm: 2025-09-10 00:00:00+00:00

Build complete! RPMs and their checksums are:

fe56896350b57d3d4440bdf2121ce042f1c7278b88be9ee45c0eedd9e78ab9be  rpm-build/RPMS/noarch/securedrop-workstation-dom0-config-1.4.0-1.fc37.noarch.rpm
Script done.

Build log available at build-log/securedrop-workstation-20250910.log
make: warning:  Clock skew detected.  Your build may be incomplete.
