user@sd-dvm:~/securedrop$ git checkout 2.0.0-rc3
Note: checking out '2.0.0-rc3'.

You are in 'detached HEAD' state. You can look around, make experimental
changes and commit them, and you can discard any commits you make in this
state without impacting any branches by performing another checkout.

If you want to create a new branch to retain commits you create, you may
do so (now or later) by using -b with the checkout command again. Example:

  git checkout -b <new-branch-name>

HEAD is now at c0fb657f2 SecureDrop 2.0.0-rc3
user@sd-dvm:~/securedrop$ git verify-commit HEAD
gpg: Signature made Thu Jun 17 10:51:15 2021 EDT
gpg:                using RSA key A05ACE4F7E0BCA9BAD8D42F4ACFE4353173015EA
gpg: Good signature from "Kevin O'Gorman <kog@freedom.press>" [unknown]
gpg: WARNING: This key is not certified with a trusted signature!
gpg:          There is no indication that the signature belongs to the owner.
Primary key fingerprint: A05A CE4F 7E0B CA9B AD8D  42F4 ACFE 4353 1730 15EA
user@sd-dvm:~/securedrop$ 
user@sd-dvm:~/securedrop$ mkvirtualenv -p $(which python3) sd-tmp 
Already using interpreter /usr/bin/python3
Using base prefix '/usr'
New python executable in /home/user/.virtualenvs/sd-tmp/bin/python3
Also creating executable in /home/user/.virtualenvs/sd-tmp/bin/python
Installing setuptools, pkg_resources, pip, wheel...done.
virtualenvwrapper.user_scripts creating /home/user/.virtualenvs/sd-tmp/bin/predeactivate
virtualenvwrapper.user_scripts creating /home/user/.virtualenvs/sd-tmp/bin/postdeactivate
virtualenvwrapper.user_scripts creating /home/user/.virtualenvs/sd-tmp/bin/preactivate
virtualenvwrapper.user_scripts creating /home/user/.virtualenvs/sd-tmp/bin/postactivate
virtualenvwrapper.user_scripts creating /home/user/.virtualenvs/sd-tmp/bin/get_env_details
(sd-tmp) user@sd-dvm:~/securedrop$ pip install --no-deps --require-hashes securedrop/requirements/python3/develop-requirements.txt 
ERROR: Invalid requirement: 'securedrop/requirements/python3/develop-requirements.txt'
Hint: It looks like a path. The path does exist. 
(sd-tmp) user@sd-dvm:~/securedrop$ pip install --no-deps --require-hashes -r securedrop/requirements/python3/develop-requirements.txt 
Collecting ansible-lint==4.2.0
  Downloading ansible_lint-4.2.0-py2.py3-none-any.whl (57 kB)
     |████████████████████████████████| 57 kB 3.7 MB/s 
Collecting ansible==2.9.21
  Downloading ansible-2.9.21.tar.gz (14.3 MB)
     |████████████████████████████████| 14.3 MB 5.9 MB/s 
Collecting apipkg==1.4
  Downloading apipkg-1.4-py2.py3-none-any.whl (6.6 kB)
Collecting argon2-cffi==20.1.0
  Downloading argon2_cffi-20.1.0-cp35-abi3-manylinux1_x86_64.whl (97 kB)
     |████████████████████████████████| 97 kB 3.6 MB/s 
Collecting arrow==0.10.0
  Downloading arrow-0.10.0.tar.gz (86 kB)
     |████████████████████████████████| 86 kB 3.7 MB/s 
Collecting aspy.yaml==1.3.0
  Downloading aspy.yaml-1.3.0-py2.py3-none-any.whl (3.5 kB)
Collecting astroid==2.5.2
  Downloading astroid-2.5.2-py3-none-any.whl (222 kB)
     |████████████████████████████████| 222 kB 6.0 MB/s 
Collecting attrs==20.2.0
  Downloading attrs-20.2.0-py2.py3-none-any.whl (48 kB)
     |████████████████████████████████| 48 kB 2.5 MB/s 
Collecting bandit==1.7.0
  Downloading bandit-1.7.0-py3-none-any.whl (115 kB)
     |████████████████████████████████| 115 kB 6.0 MB/s 
Collecting bcrypt==3.1.3
  Downloading bcrypt-3.1.3.tar.gz (40 kB)
     |████████████████████████████████| 40 kB 4.1 MB/s 
Collecting binaryornot==0.4.4
  Downloading binaryornot-0.4.4-py2.py3-none-any.whl (9.0 kB)
Collecting boto3==1.5.24
  Downloading boto3-1.5.24-py2.py3-none-any.whl (128 kB)
     |████████████████████████████████| 128 kB 7.6 MB/s 
Collecting boto==2.48.0
  Downloading boto-2.48.0-py2.py3-none-any.whl (1.4 MB)
     |████████████████████████████████| 1.4 MB 5.7 MB/s 
Collecting botocore==1.8.38
  Downloading botocore-1.8.38-py2.py3-none-any.whl (4.1 MB)
     |████████████████████████████████| 4.1 MB 7.4 MB/s 
Collecting cerberus==1.3.1
  Downloading Cerberus-1.3.1.tar.gz (52 kB)
     |████████████████████████████████| 52 kB 585 kB/s 
Collecting certifi==2017.7.27.1
  Downloading certifi-2017.7.27.1-py2.py3-none-any.whl (349 kB)
     |████████████████████████████████| 349 kB 5.8 MB/s 
Collecting cffi==1.14.2
  Downloading cffi-1.14.2-cp37-cp37m-manylinux1_x86_64.whl (401 kB)
     |████████████████████████████████| 401 kB 1.5 MB/s 
Collecting cfgv==2.0.1
  Downloading cfgv-2.0.1-py2.py3-none-any.whl (7.4 kB)
Collecting chardet==3.0.4
  Downloading chardet-3.0.4-py2.py3-none-any.whl (133 kB)
     |████████████████████████████████| 133 kB 5.2 MB/s 
Collecting click-completion==0.5.2
  Downloading click-completion-0.5.2.tar.gz (10 kB)
Collecting click-help-colors==0.8
  Downloading click_help_colors-0.8-py3-none-any.whl (6.0 kB)
Collecting click==7.1.2
  Downloading click-7.1.2-py2.py3-none-any.whl (82 kB)
     |████████████████████████████████| 82 kB 1.1 MB/s 
Collecting colorama==0.3.9
  Downloading colorama-0.3.9-py2.py3-none-any.whl (20 kB)
Collecting cookiecutter==1.6.0
  Downloading cookiecutter-1.6.0-py2.py3-none-any.whl (50 kB)
     |████████████████████████████████| 50 kB 2.8 MB/s 
Collecting cryptography==3.2.1
  Downloading cryptography-3.2.1-cp35-abi3-manylinux2010_x86_64.whl (2.6 MB)
     |████████████████████████████████| 2.6 MB 6.1 MB/s 
Collecting distro==1.5.0
  Downloading distro-1.5.0-py2.py3-none-any.whl (18 kB)
Collecting dnspython==1.15.0
  Downloading dnspython-1.15.0-py2.py3-none-any.whl (177 kB)
     |████████████████████████████████| 177 kB 2.1 MB/s 
Collecting docker==4.4.2
  Downloading docker-4.4.2-py2.py3-none-any.whl (146 kB)
     |████████████████████████████████| 146 kB 2.0 MB/s 
Collecting docopt==0.6.2
  Downloading docopt-0.6.2.tar.gz (25 kB)
Collecting docutils==0.14
  Downloading docutils-0.14-py3-none-any.whl (543 kB)
     |████████████████████████████████| 543 kB 2.7 MB/s 
Collecting dparse==0.4.1
  Downloading dparse-0.4.1.tar.gz (31 kB)
Collecting entrypoints==0.3
  Downloading entrypoints-0.3-py2.py3-none-any.whl (11 kB)
Collecting execnet==1.4.1
  Downloading execnet-1.4.1-py2.py3-none-any.whl (40 kB)
     |████████████████████████████████| 40 kB 4.6 MB/s 
Collecting fasteners==0.14.1
  Downloading fasteners-0.14.1-py2.py3-none-any.whl (20 kB)
Collecting flake8==3.7.7
  Downloading flake8-3.7.7-py2.py3-none-any.whl (68 kB)
     |████████████████████████████████| 68 kB 3.5 MB/s 
Collecting future==0.16.0
  Downloading future-0.16.0.tar.gz (824 kB)
     |████████████████████████████████| 824 kB 6.2 MB/s 
Collecting git-url-parse==1.0.2
  Downloading git_url_parse-1.0.2-py3-none-any.whl (5.4 kB)
Collecting gitdb2==2.0.3
  Downloading gitdb2-2.0.3-py2.py3-none-any.whl (63 kB)
     |████████████████████████████████| 63 kB 2.4 MB/s 
Collecting gitpython==2.1.8
  Downloading GitPython-2.1.8-py2.py3-none-any.whl (448 kB)
     |████████████████████████████████| 448 kB 5.7 MB/s 
Collecting html-linter==0.4.0
  Downloading html-linter-0.4.0.tar.gz (19 kB)
Collecting identify==1.4.7
  Downloading identify-1.4.7-py2.py3-none-any.whl (97 kB)
     |████████████████████████████████| 97 kB 3.7 MB/s 
Collecting idna==2.5
  Downloading idna-2.5-py2.py3-none-any.whl (55 kB)
     |████████████████████████████████| 55 kB 2.7 MB/s 
Collecting importlib-metadata==0.23
  Downloading importlib_metadata-0.23-py2.py3-none-any.whl (28 kB)
Collecting importlib-resources==1.5.0
  Downloading importlib_resources-1.5.0-py2.py3-none-any.whl (21 kB)
Collecting iniconfig==1.0.1
  Downloading iniconfig-1.0.1-py3-none-any.whl (4.2 kB)
Collecting isort==5.8.0
  Downloading isort-5.8.0-py3-none-any.whl (103 kB)
     |████████████████████████████████| 103 kB 5.8 MB/s 
Collecting jinja2-time==0.2.0
  Downloading jinja2_time-0.2.0-py2.py3-none-any.whl (6.4 kB)
Collecting jinja2==2.11.3
  Downloading Jinja2-2.11.3-py2.py3-none-any.whl (125 kB)
     |████████████████████████████████| 125 kB 5.9 MB/s 
Collecting jmespath==0.9.3
  Downloading jmespath-0.9.3-py2.py3-none-any.whl (23 kB)
Collecting lazy-object-proxy==1.6.0
  Downloading lazy_object_proxy-1.6.0-cp37-cp37m-manylinux1_x86_64.whl (55 kB)
     |████████████████████████████████| 55 kB 1.8 MB/s 
Collecting markupsafe==1.1.1
  Downloading MarkupSafe-1.1.1-cp37-cp37m-manylinux1_x86_64.whl (27 kB)
Collecting mccabe==0.6.1
  Downloading mccabe-0.6.1-py2.py3-none-any.whl (8.6 kB)
Collecting molecule-vagrant==0.3
  Downloading molecule_vagrant-0.3-py2.py3-none-any.whl (24 kB)
Collecting molecule==3.0.2.1
  Downloading molecule-3.0.2.1-py2.py3-none-any.whl (281 kB)
     |████████████████████████████████| 281 kB 5.4 MB/s 
Collecting monotonic==1.4
  Downloading monotonic-1.4-py2.py3-none-any.whl (5.3 kB)
Collecting more-itertools==7.2.0
  Downloading more_itertools-7.2.0-py3-none-any.whl (57 kB)
     |████████████████████████████████| 57 kB 5.0 MB/s 
Collecting mypy-extensions==0.4.3
  Downloading mypy_extensions-0.4.3-py2.py3-none-any.whl (4.5 kB)
Collecting mypy==0.761
  Downloading mypy-0.761-cp37-cp37m-manylinux1_x86_64.whl (24.1 MB)
     |████████████████████████████████| 24.1 MB 491 kB/s 
Collecting netaddr==0.7.19
  Downloading netaddr-0.7.19-py2.py3-none-any.whl (1.6 MB)
     |████████████████████████████████| 1.6 MB 3.5 MB/s 
Collecting nodeenv==1.3.3
  Downloading nodeenv-1.3.3.tar.gz (34 kB)
Collecting packaging==16.8
  Downloading packaging-16.8-py2.py3-none-any.whl (23 kB)
Collecting paramiko==2.6.0
  Downloading paramiko-2.6.0-py2.py3-none-any.whl (199 kB)
     |████████████████████████████████| 199 kB 4.4 MB/s 
Collecting pathspec==0.5.5
  Downloading pathspec-0.5.5.tar.gz (21 kB)
Collecting pbr==5.1.1
  Downloading pbr-5.1.1-py2.py3-none-any.whl (106 kB)
     |████████████████████████████████| 106 kB 3.4 MB/s 
Collecting pep517==0.10.0
  Downloading pep517-0.10.0-py2.py3-none-any.whl (19 kB)
Collecting pexpect==4.6.0
  Downloading pexpect-4.6.0-py2.py3-none-any.whl (57 kB)
     |████████████████████████████████| 57 kB 3.2 MB/s 
Collecting pip-tools==6.1.0
  Downloading pip_tools-6.1.0-py3-none-any.whl (44 kB)
     |████████████████████████████████| 44 kB 2.2 MB/s 
Collecting pluggy==0.13.1
  Downloading pluggy-0.13.1-py2.py3-none-any.whl (18 kB)
Collecting poyo==0.4.1
  Downloading poyo-0.4.1-py2.py3-none-any.whl (12 kB)
Collecting pre-commit==1.18.3
  Downloading pre_commit-1.18.3-py2.py3-none-any.whl (154 kB)
     |████████████████████████████████| 154 kB 5.4 MB/s 
Collecting prompt_toolkit==2.0.9
  Downloading prompt_toolkit-2.0.9-py3-none-any.whl (337 kB)
     |████████████████████████████████| 337 kB 5.8 MB/s 
Collecting psutil==5.7.0
  Downloading psutil-5.7.0.tar.gz (449 kB)
     |████████████████████████████████| 449 kB 5.2 MB/s 
Collecting ptyprocess==0.5.2
  Downloading ptyprocess-0.5.2-py2.py3-none-any.whl (39 kB)
Collecting py==1.10.0
  Downloading py-1.10.0-py2.py3-none-any.whl (97 kB)
     |████████████████████████████████| 97 kB 3.7 MB/s 
Collecting pycodestyle==2.5.0
  Downloading pycodestyle-2.5.0-py2.py3-none-any.whl (51 kB)
     |████████████████████████████████| 51 kB 3.7 MB/s 
Collecting pycparser==2.18
  Downloading pycparser-2.18.tar.gz (245 kB)
     |████████████████████████████████| 245 kB 5.9 MB/s 
Collecting pyenchant==2.0.0
  Downloading pyenchant-2.0.0.tar.gz (64 kB)
     |████████████████████████████████| 64 kB 2.5 MB/s 
Collecting pyflakes==2.1.1
  Downloading pyflakes-2.1.1-py2.py3-none-any.whl (59 kB)
     |████████████████████████████████| 59 kB 2.9 MB/s 
Collecting pylint==2.7.4
  Downloading pylint-2.7.4-py3-none-any.whl (346 kB)
     |████████████████████████████████| 346 kB 5.6 MB/s 
Collecting pynacl==1.1.2
  Downloading PyNaCl-1.1.2.tar.gz (3.1 MB)
     |████████████████████████████████| 3.1 MB 6.4 MB/s 
Collecting pyparsing==2.2.0
  Downloading pyparsing-2.2.0-py2.py3-none-any.whl (56 kB)
     |████████████████████████████████| 56 kB 3.8 MB/s 
Collecting pytest-forked==1.3.0
  Downloading pytest_forked-1.3.0-py2.py3-none-any.whl (4.7 kB)
Collecting pytest-xdist==2.1.0
  Downloading pytest_xdist-2.1.0-py3-none-any.whl (36 kB)
Collecting pytest==6.1.1
  Downloading pytest-6.1.1-py3-none-any.whl (272 kB)
     |████████████████████████████████| 272 kB 5.1 MB/s 
Collecting python-dateutil==2.6.1
  Downloading python_dateutil-2.6.1-py2.py3-none-any.whl (194 kB)
     |████████████████████████████████| 194 kB 6.1 MB/s 
Collecting python-gilt==1.2.1
  Downloading python_gilt-1.2.1-py3-none-any.whl (13 kB)
Collecting python-vagrant==0.5.15
  Downloading python-vagrant-0.5.15.tar.gz (29 kB)
Collecting pyyaml==5.4.1
  Downloading PyYAML-5.4.1-cp37-cp37m-manylinux1_x86_64.whl (636 kB)
     |████████████████████████████████| 636 kB 5.9 MB/s 
Collecting requests==2.22.0
  Downloading requests-2.22.0-py2.py3-none-any.whl (57 kB)
     |████████████████████████████████| 57 kB 4.1 MB/s 
Collecting ruamel.yaml.clib==0.2.0
  Downloading ruamel.yaml.clib-0.2.0-cp37-cp37m-manylinux1_x86_64.whl (547 kB)
     |████████████████████████████████| 547 kB 6.1 MB/s 
Collecting ruamel.yaml==0.16.10
  Downloading ruamel.yaml-0.16.10-py2.py3-none-any.whl (111 kB)
     |████████████████████████████████| 111 kB 5.6 MB/s 
Collecting s3transfer==0.1.12
  Downloading s3transfer-0.1.12-py2.py3-none-any.whl (59 kB)
     |████████████████████████████████| 59 kB 5.0 MB/s 
Collecting safety==1.8.7
  Downloading safety-1.8.7-py2.py3-none-any.whl (14 kB)
Collecting selinux==0.2.1
  Downloading selinux-0.2.1-py2.py3-none-any.whl (4.3 kB)
Collecting sh==1.12.14
  Downloading sh-1.12.14-py2.py3-none-any.whl (38 kB)
Collecting shellingham==1.3.2
  Downloading shellingham-1.3.2-py2.py3-none-any.whl (11 kB)
Collecting six==1.15.0
  Downloading six-1.15.0-py2.py3-none-any.whl (10 kB)
Collecting smmap2==2.0.3
  Downloading smmap2-2.0.3-py2.py3-none-any.whl (27 kB)
Collecting sqlalchemy-stubs==0.3
  Downloading sqlalchemy_stubs-0.3-py3-none-any.whl (115 kB)
     |████████████████████████████████| 115 kB 5.9 MB/s 
Collecting stevedore==1.28.0
  Downloading stevedore-1.28.0-py2.py3-none-any.whl (39 kB)
Collecting tabulate==0.8.7
  Downloading tabulate-0.8.7-py3-none-any.whl (24 kB)
Collecting template-remover==0.1.9
  Downloading template-remover-0.1.9.tar.gz (7.1 kB)
Collecting testinfra==5.3.1
  Downloading testinfra-5.3.1-py3-none-any.whl (69 kB)
     |████████████████████████████████| 69 kB 3.8 MB/s 
Collecting toml==0.10.0
  Downloading toml-0.10.0-py2.py3-none-any.whl (25 kB)
Collecting tree-format==0.1.2
  Downloading tree-format-0.1.2.tar.gz (4.0 kB)
Collecting typed-ast==1.4.1
  Downloading typed_ast-1.4.1-cp37-cp37m-manylinux1_x86_64.whl (737 kB)
     |████████████████████████████████| 737 kB 5.7 MB/s 
Collecting typing-extensions==3.7.4.1
  Downloading typing_extensions-3.7.4.1-py3-none-any.whl (20 kB)
Collecting urllib3==1.25.10
  Downloading urllib3-1.25.10-py2.py3-none-any.whl (127 kB)
     |████████████████████████████████| 127 kB 6.0 MB/s 
Collecting virtualenv==16.7.5
  Downloading virtualenv-16.7.5-py2.py3-none-any.whl (3.3 MB)
     |████████████████████████████████| 3.3 MB 5.9 MB/s 
Collecting wcwidth==0.1.7
  Downloading wcwidth-0.1.7-py2.py3-none-any.whl (21 kB)
Collecting websocket-client==0.44.0
  Downloading websocket_client-0.44.0-py2.py3-none-any.whl (199 kB)
     |████████████████████████████████| 199 kB 6.3 MB/s 
Collecting whichcraft==0.4.1
  Downloading whichcraft-0.4.1-py2.py3-none-any.whl (5.1 kB)
Collecting wrapt==1.12.1
  Downloading wrapt-1.12.1.tar.gz (27 kB)
Collecting yamllint==1.17.0
  Downloading yamllint-1.17.0-py2.py3-none-any.whl (57 kB)
     |████████████████████████████████| 57 kB 3.1 MB/s 
Collecting zipp==0.6.0
  Downloading zipp-0.6.0-py2.py3-none-any.whl (4.1 kB)
Collecting pip==21.1.1
  Downloading pip-21.1.1-py3-none-any.whl (1.5 MB)
     |████████████████████████████████| 1.5 MB 5.9 MB/s 
Collecting setuptools==56.0.0
  Downloading setuptools-56.0.0-py3-none-any.whl (784 kB)
     |████████████████████████████████| 784 kB 5.0 MB/s 
Building wheels for collected packages: ansible, arrow, bcrypt, cerberus, click-completion, docopt, dparse, future, html-linter, nodeenv, pathspec, psutil, pycparser, pyenchant, pynacl, python-vagrant, template-remover, tree-format, wrapt
  Building wheel for ansible (setup.py) ... done
  Created wheel for ansible: filename=ansible-2.9.21-py3-none-any.whl size=16204732 sha256=37037aa1bd0c4f10874bfde54b52eee91c5ec1a24d6d909a95f826cd8ceded95
  Stored in directory: /home/user/.cache/pip/wheels/1f/ba/0c/9a0e89767e5aa1b7992129fa3042039034897331875740dd5c
  Building wheel for arrow (setup.py) ... done
  Created wheel for arrow: filename=arrow-0.10.0-py2.py3-none-any.whl size=32869 sha256=b26b8bce735cbe0eb925817276747e041d003f116a473f83195f670e8a9282fe
  Stored in directory: /home/user/.cache/pip/wheels/08/04/41/fc01ef75aa14872805f2283ef01954a539700a7a6435cf52f1
  Building wheel for bcrypt (setup.py) ... done
  Created wheel for bcrypt: filename=bcrypt-3.1.3-cp37-cp37m-linux_x86_64.whl size=62566 sha256=62afb7542f8eed6eb961157845079da90f78076f413cdb41d08558a213537a76
  Stored in directory: /home/user/.cache/pip/wheels/af/05/db/ec8bfecf1b99a175e62e918d2f891a5f9b1132d12ad2b32e6e
  Building wheel for cerberus (setup.py) ... done
  Created wheel for cerberus: filename=Cerberus-1.3.1-py3-none-any.whl size=54149 sha256=b40522d11b4555b71fc962c44c57f849423059e6b90535d36d35ed73969defdf
  Stored in directory: /home/user/.cache/pip/wheels/c6/d3/b0/ff1650a3cb6b6f19ea314ec517a17d88a1a4a1181b5a209836
  Building wheel for click-completion (setup.py) ... done
  Created wheel for click-completion: filename=click_completion-0.5.2-py3-none-any.whl size=11201 sha256=72ffe1935a421c9aca7de5346dc5a2ab93e3c1217295f78a9c2ae95a4fecf601
  Stored in directory: /home/user/.cache/pip/wheels/31/f0/f2/9a6863c99cbafd28edbad2f52336fa296e267a83378d57babd
  Building wheel for docopt (setup.py) ... done
  Created wheel for docopt: filename=docopt-0.6.2-py2.py3-none-any.whl size=13724 sha256=080c7a057913a3343c730ad1f458a8b77e53738c8da60c5016b70d18dc8126ea
  Stored in directory: /home/user/.cache/pip/wheels/72/b0/3f/1d95f96ff986c7dfffe46ce2be4062f38ebd04b506c77c81b9
  Building wheel for dparse (setup.py) ... done
  Created wheel for dparse: filename=dparse-0.4.1-py3-none-any.whl size=19528 sha256=1c9e5ae6bb3814521b836355b2e37acff12e15df6e4108378c61872c4a7eed50
  Stored in directory: /home/user/.cache/pip/wheels/71/4d/89/faf1d72f447af4ba171beff9447a110e24e28c530fba45d3da
  Building wheel for future (setup.py) ... done
  Created wheel for future: filename=future-0.16.0-py3-none-any.whl size=487808 sha256=776ffa0f08d204252f178bc8c73776cb2249a2aacb07aad53af381544989d8cb
  Stored in directory: /home/user/.cache/pip/wheels/7c/09/6f/dfd31fb2ebe951aefbee461a0dfce1bdc2e4b2c1016e85d233
  Building wheel for html-linter (setup.py) ... done
  Created wheel for html-linter: filename=html_linter-0.4.0-py3-none-any.whl size=14336 sha256=1b43a58a54dc5babd992c733608ac34840f2083855ce17f14770a17faa25e5f1
  Stored in directory: /home/user/.cache/pip/wheels/2e/50/9f/73a163b49962de66a9bcc0707dbb1519f553371422ed91c200
  Building wheel for nodeenv (setup.py) ... done
  Created wheel for nodeenv: filename=nodeenv-1.3.3-py3-none-any.whl size=21370 sha256=9a5ea6b2e454d8eb370ed6895de45ccc599e941acbc960d70e0b3afb3377b143
  Stored in directory: /home/user/.cache/pip/wheels/13/d3/6f/0e01c0c62414f74a97916cc97047c088f6acc8ce617d1b37ff
  Building wheel for pathspec (setup.py) ... done
  Created wheel for pathspec: filename=pathspec-0.5.5-py3-none-any.whl size=24234 sha256=4c8d63089d1feb98bf805ddc5d1ba55b4a8afada2d6dc895a0837cb91c425a9e
  Stored in directory: /home/user/.cache/pip/wheels/09/97/ce/98234adaab0cf5b2c3a1b6610ada24e6f7ab3675fff4e0b8b2
  Building wheel for psutil (setup.py) ... done
  Created wheel for psutil: filename=psutil-5.7.0-cp37-cp37m-linux_x86_64.whl size=282521 sha256=b9d0c7d438abcb809be6f2bd26190a049c78ecc63ad8cfa4170e5f6e49fa4152
  Stored in directory: /home/user/.cache/pip/wheels/b6/e7/50/aee9cc966163d74430f13f208171dee22f11efa4a4a826661c
  Building wheel for pycparser (setup.py) ... done
  Created wheel for pycparser: filename=pycparser-2.18-py2.py3-none-any.whl size=205753 sha256=0d99e7df3a827a9613d81ac413d922ae327e6f6e000eeecf44e2afd66927dfae
  Stored in directory: /home/user/.cache/pip/wheels/5d/c6/29/87a8bb797e60b55a91bd0a1e8455365c5f5dff9fc45c05f3e4
  Building wheel for pyenchant (setup.py) ... done
  Created wheel for pyenchant: filename=pyenchant-2.0.0-py2.py3.cp27.cp32.cp33.cp34.cp35.cp36.pp27.pp33.pp35-none-any.whl size=71165 sha256=bfa31205edd29db239d6bf05315d1bb077d4a3d8c0df979be0ce683f0f98cfaf
  Stored in directory: /home/user/.cache/pip/wheels/b3/a1/1f/9f401bb462dc2815fad237aa51b7fc9c6ea68760a468a5113f
  Building wheel for pynacl (setup.py) ... done
  Created wheel for pynacl: filename=PyNaCl-1.1.2-cp37-cp37m-linux_x86_64.whl size=670262 sha256=10c060f296c7ad6ff9c33d0bceafb31d7833e6a6bdd9f75362962ee516fa2e9d
  Stored in directory: /home/user/.cache/pip/wheels/de/0e/97/dbf5e8f88b4eb199d5bd738b291cd770f5dc1f3c59f0595480
  Building wheel for python-vagrant (setup.py) ... done
  Created wheel for python-vagrant: filename=python_vagrant-0.5.15-py3-none-any.whl size=18449 sha256=a3e8bdec75d33905749a8cf96d4575ef6a44fb3fe9a240e82b2455442985237e
  Stored in directory: /home/user/.cache/pip/wheels/a1/9e/8f/6d84a01c39978f584d03e873cbd99d2c41415695a0fa5c1f5c
  Building wheel for template-remover (setup.py) ... done
  Created wheel for template-remover: filename=template_remover-0.1.9-py3-none-any.whl size=7047 sha256=464da8fed81d03d781edda5d287677769a9628df95af0076330a45f9d3ab33ff
  Stored in directory: /home/user/.cache/pip/wheels/18/3f/f0/67e5e9e4ed02275ac31bf76b2fca329ae79687eaf5913ee8f3
  Building wheel for tree-format (setup.py) ... done
  Created wheel for tree-format: filename=tree_format-0.1.2-py3-none-any.whl size=5412 sha256=5be7ee39c8d8d058bee1c6bc741c6cf265045e883fe606b312f1f6de2be5293d
  Stored in directory: /home/user/.cache/pip/wheels/dd/b2/d1/6ac00b8fe427c28f3f3a39563977cd0667296720b3d9c19f6a
  Building wheel for wrapt (setup.py) ... done
  Created wheel for wrapt: filename=wrapt-1.12.1-cp37-cp37m-linux_x86_64.whl size=73462 sha256=82d87e3dbe751a4f20c139b2acde960d2d3cfead88fd07384b542c385324238b
  Stored in directory: /home/user/.cache/pip/wheels/62/76/4c/aa25851149f3f6d9785f6c869387ad82b3fd37582fa8147ac6
Successfully built ansible arrow bcrypt cerberus click-completion docopt dparse future html-linter nodeenv pathspec psutil pycparser pyenchant pynacl python-vagrant template-remover tree-format wrapt
Installing collected packages: zipp, yamllint, wrapt, whichcraft, websocket-client, wcwidth, virtualenv, urllib3, typing-extensions, typed-ast, tree-format, toml, testinfra, template-remover, tabulate, stevedore, sqlalchemy-stubs, smmap2, six, shellingham, sh, setuptools, selinux, safety, s3transfer, ruamel.yaml.clib, ruamel.yaml, requests, pyyaml, python-vagrant, python-gilt, python-dateutil, pytest-xdist, pytest-forked, pytest, pyparsing, pynacl, pylint, pyflakes, pyenchant, pycparser, pycodestyle, py, ptyprocess, psutil, prompt-toolkit, pre-commit, poyo, pluggy, pip-tools, pip, pexpect, pep517, pbr, pathspec, paramiko, packaging, nodeenv, netaddr, mypy-extensions, mypy, more-itertools, monotonic, molecule-vagrant, molecule, mccabe, markupsafe, lazy-object-proxy, jmespath, jinja2-time, jinja2, isort, iniconfig, importlib-resources, importlib-metadata, idna, identify, html-linter, gitpython, gitdb2, git-url-parse, future, flake8, fasteners, execnet, entrypoints, dparse, docutils, docopt, docker, dnspython, distro, cryptography, cookiecutter, colorama, click-help-colors, click-completion, click, chardet, cfgv, cffi, certifi, cerberus, botocore, boto3, boto, binaryornot, bcrypt, bandit, attrs, astroid, aspy.yaml, arrow, argon2-cffi, apipkg, ansible-lint, ansible
  Attempting uninstall: setuptools
    Found existing installation: setuptools 57.0.0
    Uninstalling setuptools-57.0.0:
      Successfully uninstalled setuptools-57.0.0
  Attempting uninstall: pip
    Found existing installation: pip 21.1.2
    Uninstalling pip-21.1.2:
      Successfully uninstalled pip-21.1.2
Successfully installed ansible-2.9.21 ansible-lint-4.2.0 apipkg-1.4 argon2-cffi-20.1.0 arrow-0.10.0 aspy.yaml-1.3.0 astroid-2.5.2 attrs-20.2.0 bandit-1.7.0 bcrypt-3.1.3 binaryornot-0.4.4 boto-2.48.0 boto3-1.5.24 botocore-1.8.38 cerberus-1.3.1 certifi-2017.7.27.1 cffi-1.14.2 cfgv-2.0.1 chardet-3.0.4 click-7.1.2 click-completion-0.5.2 click-help-colors-0.8 colorama-0.3.9 cookiecutter-1.6.0 cryptography-3.2.1 distro-1.5.0 dnspython-1.15.0 docker-4.4.2 docopt-0.6.2 docutils-0.14 dparse-0.4.1 entrypoints-0.3 execnet-1.4.1 fasteners-0.14.1 flake8-3.7.7 future-0.16.0 git-url-parse-1.0.2 gitdb2-2.0.3 gitpython-2.1.8 html-linter-0.4.0 identify-1.4.7 idna-2.5 importlib-metadata-0.23 importlib-resources-1.5.0 iniconfig-1.0.1 isort-5.8.0 jinja2-2.11.3 jinja2-time-0.2.0 jmespath-0.9.3 lazy-object-proxy-1.6.0 markupsafe-1.1.1 mccabe-0.6.1 molecule-3.0.2.1 molecule-vagrant-0.3 monotonic-1.4 more-itertools-7.2.0 mypy-0.761 mypy-extensions-0.4.3 netaddr-0.7.19 nodeenv-1.3.3 packaging-16.8 paramiko-2.6.0 pathspec-0.5.5 pbr-5.1.1 pep517-0.10.0 pexpect-4.6.0 pip-21.1.1 pip-tools-6.1.0 pluggy-0.13.1 poyo-0.4.1 pre-commit-1.18.3 prompt-toolkit-2.0.9 psutil-5.7.0 ptyprocess-0.5.2 py-1.10.0 pycodestyle-2.5.0 pycparser-2.18 pyenchant-2.0.0 pyflakes-2.1.1 pylint-2.7.4 pynacl-1.1.2 pyparsing-2.2.0 pytest-6.1.1 pytest-forked-1.3.0 pytest-xdist-2.1.0 python-dateutil-2.6.1 python-gilt-1.2.1 python-vagrant-0.5.15 pyyaml-5.4.1 requests-2.22.0 ruamel.yaml-0.16.10 ruamel.yaml.clib-0.2.0 s3transfer-0.1.12 safety-1.8.7 selinux-0.2.1 setuptools-56.0.0 sh-1.12.14 shellingham-1.3.2 six-1.15.0 smmap2-2.0.3 sqlalchemy-stubs-0.3 stevedore-1.28.0 tabulate-0.8.7 template-remover-0.1.9 testinfra-5.3.1 toml-0.10.0 tree-format-0.1.2 typed-ast-1.4.1 typing-extensions-3.7.4.1 urllib3-1.25.10 virtualenv-16.7.5 wcwidth-0.1.7 websocket-client-0.44.0 whichcraft-0.4.1 wrapt-1.12.1 yamllint-1.17.0 zipp-0.6.0
(sd-tmp) user@sd-dvm:~/securedrop$ make build-debs
Building SecureDrop Debian packages for Focal...
Using active Python 3 virtualenv in /home/user/.virtualenvs/sd-tmp
--> Test matrix
    
└── builder-focal
    ├── destroy
    ├── create
    ├── converge
    ├── verify
    └── destroy
    
--> Inventory /home/user/securedrop/molecule/builder-focal/../../install_files/ansible-base/group_vars linked to /home/user/.cache/molecule/securedrop/builder-focal/inventory/group_vars
--> Scenario: 'builder-focal'
--> Action: 'destroy'
--> Sanity checks: 'docker'
    
    PLAY [Destroy] *****************************************************************
    
    TASK [Destroy molecule instance(s)] ********************************************
    ok: [localhost] => (item={'groups': ['builders'], 'name': 'focal-sd-app'})
    ok: [localhost] => (item={'groups': ['builders'], 'name': 'focal-sd-generic-ossec-agent'})
    ok: [localhost] => (item={'groups': ['builders'], 'name': 'focal-sd-generic-ossec-server'})
    ok: [localhost] => (item={'groups': ['builders'], 'name': 'focal-sd-generic-ossec-agent2'})
    ok: [localhost] => (item={'groups': ['builders'], 'name': 'focal-sd-generic-ossec-server2'})
    ok: [localhost] => (item={'groups': ['builders'], 'name': 'focal-sd-grsec'})
    ok: [localhost] => (item={'groups': ['builders'], 'name': 'focal-sd-config'})
    ok: [localhost] => (item={'groups': ['builders'], 'name': 'focal-sd-keyring'})
    ok: [localhost] => (item={'groups': ['builders'], 'name': 'focal-sd-sec-update'})
    ok: [localhost] => (item={'groups': ['testers'], 'name': 'focal-sd-dpkg-verification'})
    
    PLAY RECAP *********************************************************************
    localhost                  : ok=1    changed=0    unreachable=0    failed=0    skipped=0    rescued=0    ignored=0
    
--> Inventory /home/user/securedrop/molecule/builder-focal/../../install_files/ansible-base/group_vars linked to /home/user/.cache/molecule/securedrop/builder-focal/inventory/group_vars
--> Scenario: 'builder-focal'
--> Action: 'create'
    
    PLAY [Create] ******************************************************************
    
    TASK [debug] *******************************************************************
    ok: [localhost] => {
        "msg": "Building with Docker image quay.io/freedomofpress/sd-docker-builder-focal@sha256:27f49d0b22c42864ad4cb4ef5702da0b3c7e1df1139944f868d8686ce5ee4651"
    }
    
    TASK [Create builders] *********************************************************
    changed: [localhost] => (item={'groups': ['builders'], 'name': 'focal-sd-app'})
    changed: [localhost] => (item={'groups': ['builders'], 'name': 'focal-sd-generic-ossec-agent'})
    changed: [localhost] => (item={'groups': ['builders'], 'name': 'focal-sd-generic-ossec-server'})
    changed: [localhost] => (item={'groups': ['builders'], 'name': 'focal-sd-generic-ossec-agent2'})
    changed: [localhost] => (item={'groups': ['builders'], 'name': 'focal-sd-generic-ossec-server2'})
    changed: [localhost] => (item={'groups': ['builders'], 'name': 'focal-sd-grsec'})
    changed: [localhost] => (item={'groups': ['builders'], 'name': 'focal-sd-config'})
    changed: [localhost] => (item={'groups': ['builders'], 'name': 'focal-sd-keyring'})
    changed: [localhost] => (item={'groups': ['builders'], 'name': 'focal-sd-sec-update'})
    changed: [localhost] => (item={'groups': ['testers'], 'name': 'focal-sd-dpkg-verification'})
    
    PLAY RECAP *********************************************************************
    localhost                  : ok=2    changed=1    unreachable=0    failed=0    skipped=0    rescued=0    ignored=0
    
--> Inventory /home/user/securedrop/molecule/builder-focal/../../install_files/ansible-base/group_vars linked to /home/user/.cache/molecule/securedrop/builder-focal/inventory/group_vars
--> Scenario: 'builder-focal'
--> Action: 'converge'
    
    PLAY [Build SecureDrop application Debian package from local repository.] ******
    
    TASK [Gathering Facts] *********************************************************
    ok: [focal-sd-grsec]
    ok: [focal-sd-generic-ossec-agent2]
    ok: [focal-sd-sec-update]
    ok: [focal-sd-generic-ossec-server]
    ok: [focal-sd-generic-ossec-server2]
    ok: [focal-sd-generic-ossec-agent]
    ok: [focal-sd-config]
    ok: [focal-sd-app]
    ok: [focal-sd-keyring]
    
    TASK [build-securedrop-app-code-deb-pkg : Copy install_files/securedrop-app-code to prep directory] ***
    changed: [focal-sd-app]
    
    TASK [build-securedrop-app-code-deb-pkg : Copy app code to prep directory under var/www/securedrop] ***
    changed: [focal-sd-app]
    
    TASK [build-securedrop-app-code-deb-pkg : Copy setup.py to prep directory] *****
    changed: [focal-sd-app]
    
    TASK [build-securedrop-app-code-deb-pkg : Copy MANIFEST.in to prep directory] ***
    changed: [focal-sd-app]
    
    TASK [build-securedrop-app-code-deb-pkg : Copy translation-requirements.txt to prep directory] ***
    changed: [focal-sd-app]
    
    TASK [build-securedrop-app-code-deb-pkg : Copy requirements.txt to prep directory] ***
    changed: [focal-sd-app]
    
    TASK [build-securedrop-app-code-deb-pkg : Control the version of setuptools used in the default construction of virtual environments] ***
    changed: [focal-sd-app]
    
    TASK [build-securedrop-app-code-deb-pkg : Install sass Ruby gem] ***************
    changed: [focal-sd-app]
    
    TASK [build-ossec-deb-pkg : Create src path folder] ****************************
    changed: [focal-sd-generic-ossec-server] => (item=/tmp/build/ossec-server)
    ok: [focal-sd-generic-ossec-server] => (item=/tmp/build)
    
    TASK [build-securedrop-app-code-deb-pkg : Create static asset directories.] ****
    changed: [focal-sd-app] => (item=/tmp/securedrop-app-code_2.0.0~rc3+focal_amd64-prep/var/www/securedrop/static/css)
    changed: [focal-sd-app] => (item=/tmp/securedrop-app-code_2.0.0~rc3+focal_amd64-prep/var/www/securedrop/static/gen)
    changed: [focal-sd-app] => (item=/tmp/securedrop-app-code_2.0.0~rc3+focal_amd64-prep/var/www/securedrop/static/.webassets-cache)
    
    TASK [build-securedrop-app-code-deb-pkg : Compile SASS to CSS.] ****************
    changed: [focal-sd-app]
    
    TASK [build-securedrop-app-code-deb-pkg : Remove temporary SASS directory from package build directory.] ***
    changed: [focal-sd-app] => (item=sass)
    changed: [focal-sd-app] => (item=.sass-cache)
    
    TASK [build-ossec-deb-pkg : Install python-requests for URL fetching] **********
    ok: [focal-sd-generic-ossec-server]
    
    TASK [build-ossec-deb-pkg : Copy over current directory for repo build] ********
    changed: [focal-sd-generic-ossec-server]
    
    TASK [build-ossec-deb-pkg : Include OSSEC download URLs.] **********************
    ok: [focal-sd-generic-ossec-server]
    
    TASK [build-ossec-deb-pkg : Download OSSEC tarball.] ***************************
[WARNING]: Module remote_tmp /root/.ansible/tmp did not exist and was created
with a mode of 0700, this may cause issues when running as another user. To
avoid this, create the remote_tmp dir with the correct permissions manually
    changed: [focal-sd-generic-ossec-server]
    
    TASK [build-ossec-deb-pkg : Download OSSEC signature.] *************************
    changed: [focal-sd-generic-ossec-server]
    
    TASK [build-ossec-deb-pkg : Copy OSSEC archive GPG key.] ***********************
    changed: [focal-sd-generic-ossec-server]
    
    TASK [build-ossec-deb-pkg : Import OSSEC archive GPG key.] *********************
    changed: [focal-sd-generic-ossec-server]
    
    TASK [build-ossec-deb-pkg : Verify signature of OSSEC tarball.] ****************
    changed: [focal-sd-generic-ossec-server]
    
    TASK [build-ossec-deb-pkg : Create src path folder] ****************************
    changed: [focal-sd-generic-ossec-agent] => (item=/tmp/build/ossec-agent)
    ok: [focal-sd-generic-ossec-agent] => (item=/tmp/build)
    
    TASK [build-ossec-deb-pkg : Install apt dependencies for building OSSEC packages.] ***
    changed: [focal-sd-generic-ossec-server]
    
    TASK [build-ossec-deb-pkg : Extract OSSEC source tarball.] *********************
    changed: [focal-sd-generic-ossec-server]
    
    TASK [build-ossec-deb-pkg : Create /etc directory within source directory.] ****
    ok: [focal-sd-generic-ossec-server]
    
    TASK [build-ossec-deb-pkg : Install python-requests for URL fetching] **********
    ok: [focal-sd-generic-ossec-agent]
    
    TASK [build-ossec-deb-pkg : Copy over current directory for repo build] ********
    changed: [focal-sd-generic-ossec-agent]
    
    TASK [build-ossec-deb-pkg : Copy OSSEC preloaded vars template.] ***************
    changed: [focal-sd-generic-ossec-server]
    
    TASK [build-ossec-deb-pkg : Include OSSEC download URLs.] **********************
    ok: [focal-sd-generic-ossec-agent]
    
    TASK [build-ossec-deb-pkg : Disable JIT in OSSEC Makefile] *********************
    changed: [focal-sd-generic-ossec-server]
    
    TASK [build-ossec-deb-pkg : Download OSSEC tarball.] ***************************
    changed: [focal-sd-generic-ossec-agent]
    
    TASK [build-ossec-deb-pkg : Download OSSEC signature.] *************************
    changed: [focal-sd-generic-ossec-agent]
    
    TASK [build-ossec-deb-pkg : Copy OSSEC archive GPG key.] ***********************
    changed: [focal-sd-generic-ossec-agent]
    
    TASK [build-ossec-deb-pkg : Import OSSEC archive GPG key.] *********************
    changed: [focal-sd-generic-ossec-agent]
    
    TASK [build-ossec-deb-pkg : Verify signature of OSSEC tarball.] ****************
    changed: [focal-sd-generic-ossec-agent]
    
    TASK [build-generic-pkg : Ensure package name is set] **************************
    ok: [focal-sd-generic-ossec-server2] => {
        "changed": false,
        "msg": "All assertions passed"
    }
    
    TASK [build-generic-pkg : Ensure build directory in-place] *********************
    ok: [focal-sd-generic-ossec-server2]
    
    TASK [build-generic-pkg : Find any jinja templates] ****************************
    ok: [focal-sd-config]
    ok: [focal-sd-sec-update]
    ok: [focal-sd-grsec]
    ok: [focal-sd-generic-ossec-agent2]
    ok: [focal-sd-keyring]
    
    TASK [build-generic-pkg : Copy app code to build directory.] *******************
    changed: [focal-sd-generic-ossec-server2]
    
    TASK [build-generic-pkg : Find any jinja templates] ****************************
    ok: [focal-sd-generic-ossec-server2]
    
    TASK [build-generic-pkg : Create any necessary parent directories for jinja files] ***
    ok: [focal-sd-generic-ossec-server2] => (item={'path': '/home/user/securedrop/install_files/securedrop-ossec-server/DEBIAN/control.j2', 'mode': '0644', 'isdir': False, 'ischr': False, 'isblk': False, 'isreg': True, 'isfifo': False, 'islnk': False, 'issock': False, 'uid': 1000, 'gid': 1000, 'size': 911, 'inode': 1206, 'dev': 51728, 'nlink': 1, 'atime': 1623948080.951, 'mtime': 1623947192.612, 'ctime': 1623947192.612, 'gr_name': 'user', 'pw_name': 'user', 'wusr': True, 'rusr': True, 'xusr': False, 'wgrp': False, 'rgrp': True, 'xgrp': False, 'woth': False, 'roth': True, 'xoth': False, 'isuid': False, 'isgid': False})
    
    TASK [build-generic-pkg : Ensure package name is set] **************************
    ok: [focal-sd-generic-ossec-agent2] => {
        "changed": false,
        "msg": "All assertions passed"
    }
    
    TASK [build-ossec-deb-pkg : Install apt dependencies for building OSSEC packages.] ***
    changed: [focal-sd-generic-ossec-agent]
    
    TASK [build-generic-pkg : Template out any jinja files found and copy over] ****
    changed: [focal-sd-generic-ossec-server2] => (item={'path': '/home/user/securedrop/install_files/securedrop-ossec-server/DEBIAN/control.j2', 'mode': '0644', 'isdir': False, 'ischr': False, 'isblk': False, 'isreg': True, 'isfifo': False, 'islnk': False, 'issock': False, 'uid': 1000, 'gid': 1000, 'size': 911, 'inode': 1206, 'dev': 51728, 'nlink': 1, 'atime': 1623948080.951, 'mtime': 1623947192.612, 'ctime': 1623947192.612, 'gr_name': 'user', 'pw_name': 'user', 'wusr': True, 'rusr': True, 'xusr': False, 'wgrp': False, 'rgrp': True, 'xgrp': False, 'woth': False, 'roth': True, 'xoth': False, 'isuid': False, 'isgid': False})
    
    TASK [build-generic-pkg : Ensure build directory in-place] *********************
    ok: [focal-sd-generic-ossec-agent2]
    
    TASK [build-generic-pkg : Find any jinja templates] ****************************
    ok: [focal-sd-grsec]
    ok: [focal-sd-sec-update]
    ok: [focal-sd-config]
    ok: [focal-sd-keyring]
    
    TASK [build-generic-pkg : Copy app code to build directory.] *******************
    changed: [focal-sd-generic-ossec-agent2]
    
    TASK [build-ossec-deb-pkg : Run OSSEC installer script on extracted source.] ***
    changed: [focal-sd-generic-ossec-server]
    
    TASK [build-ossec-deb-pkg : Extract OSSEC source tarball.] *********************
    changed: [focal-sd-generic-ossec-agent]
    
    TASK [build-generic-pkg : run bash script to build generic packages] ***********
    changed: [focal-sd-generic-ossec-server2]
    
    TASK [build-generic-pkg : Find any jinja templates] ****************************
    ok: [focal-sd-generic-ossec-agent2]
    
    TASK [build-ossec-deb-pkg : Create OSSEC build directory.] *********************
    changed: [focal-sd-generic-ossec-server] => (item=/tmp/build/ossec-server-3.6.0+focal-amd64)
    
    TASK [build-ossec-deb-pkg : Create /etc directory within source directory.] ****
    ok: [focal-sd-generic-ossec-agent]
    
    TASK [build-generic-pkg : Track down package] **********************************
    ok: [focal-sd-generic-ossec-server2]
    
    TASK [build-ossec-deb-pkg : Create OSSEC build directory.] *********************
    changed: [focal-sd-generic-ossec-server] => (item=/tmp/build/ossec-server-3.6.0+focal-amd64/var)
    
    TASK [build-generic-pkg : Create any necessary parent directories for jinja files] ***
    ok: [focal-sd-generic-ossec-agent2] => (item={'path': '/home/user/securedrop/install_files/securedrop-ossec-agent/DEBIAN/control.j2', 'mode': '0644', 'isdir': False, 'ischr': False, 'isblk': False, 'isreg': True, 'isfifo': False, 'islnk': False, 'issock': False, 'uid': 1000, 'gid': 1000, 'size': 721, 'inode': 1184, 'dev': 51728, 'nlink': 1, 'atime': 1623948080.951, 'mtime': 1623947192.611, 'ctime': 1623947192.611, 'gr_name': 'user', 'pw_name': 'user', 'wusr': True, 'rusr': True, 'xusr': False, 'wgrp': False, 'rgrp': True, 'xgrp': False, 'woth': False, 'roth': True, 'xoth': False, 'isuid': False, 'isgid': False})
    
    TASK [build-ossec-deb-pkg : Remove client.keys to avoid overwriting existing client.keys] ***
    changed: [focal-sd-generic-ossec-server]
    
    TASK [build-generic-pkg : Fetch back package] **********************************
    changed: [focal-sd-generic-ossec-server2] => (item={'path': '/tmp/securedrop-ossec-server-3.6.0+2.0.0~rc3+focal-amd64.deb', 'mode': '0644', 'isdir': False, 'ischr': False, 'isblk': False, 'isreg': True, 'isfifo': False, 'islnk': False, 'issock': False, 'uid': 0, 'gid': 0, 'size': 8540, 'inode': 474554, 'dev': 100, 'nlink': 1, 'atime': 1623949656.962, 'mtime': 1623949656.962, 'ctime': 1623949656.962, 'gr_name': 'root', 'pw_name': 'root', 'wusr': True, 'rusr': True, 'xusr': False, 'wgrp': False, 'rgrp': True, 'xgrp': False, 'woth': False, 'roth': True, 'xoth': False, 'isuid': False, 'isgid': False})
    
    TASK [build-ossec-deb-pkg : Copy OSSEC preloaded vars template.] ***************
    changed: [focal-sd-generic-ossec-agent]
    
    TASK [build-generic-pkg : Ensure package name is set] **************************
    ok: [focal-sd-keyring] => {
        "changed": false,
        "msg": "All assertions passed"
    }
    
    TASK [build-ossec-deb-pkg : Copy /var/ossec/ to OSSEC build directory.] ********
    changed: [focal-sd-generic-ossec-server]
    
    TASK [build-generic-pkg : Template out any jinja files found and copy over] ****
    changed: [focal-sd-generic-ossec-agent2] => (item={'path': '/home/user/securedrop/install_files/securedrop-ossec-agent/DEBIAN/control.j2', 'mode': '0644', 'isdir': False, 'ischr': False, 'isblk': False, 'isreg': True, 'isfifo': False, 'islnk': False, 'issock': False, 'uid': 1000, 'gid': 1000, 'size': 721, 'inode': 1184, 'dev': 51728, 'nlink': 1, 'atime': 1623948080.951, 'mtime': 1623947192.611, 'ctime': 1623947192.611, 'gr_name': 'user', 'pw_name': 'user', 'wusr': True, 'rusr': True, 'xusr': False, 'wgrp': False, 'rgrp': True, 'xgrp': False, 'woth': False, 'roth': True, 'xoth': False, 'isuid': False, 'isgid': False})
    
    TASK [build-ossec-deb-pkg : Disable JIT in OSSEC Makefile] *********************
    changed: [focal-sd-generic-ossec-agent]
    
    TASK [build-generic-pkg : Ensure build directory in-place] *********************
    ok: [focal-sd-keyring]
    
    TASK [build-ossec-deb-pkg : Copy OSSEC DEBIAN package scripts to build directory.] ***
    changed: [focal-sd-generic-ossec-server]
    
    TASK [build-generic-pkg : Find any jinja templates] ****************************
    ok: [focal-sd-grsec]
    ok: [focal-sd-sec-update]
    ok: [focal-sd-config]
    
    TASK [build-generic-pkg : run bash script to build generic packages] ***********
    changed: [focal-sd-generic-ossec-agent2]
    
    TASK [build-generic-pkg : Find any jinja templates] ****************************
    ok: [focal-sd-generic-ossec-server2]
    
    TASK [build-generic-pkg : Copy app code to build directory.] *******************
    changed: [focal-sd-keyring]
    
    TASK [build-generic-pkg : Track down package] **********************************
    ok: [focal-sd-generic-ossec-agent2]
    
    TASK [build-ossec-deb-pkg : Copy OSSEC DEBIAN/control template to build directory.] ***
    changed: [focal-sd-generic-ossec-server]
    
    TASK [build-generic-pkg : Find any jinja templates] ****************************
    ok: [focal-sd-keyring]
    
    TASK [build-generic-pkg : Fetch back package] **********************************
    changed: [focal-sd-generic-ossec-agent2] => (item={'path': '/tmp/securedrop-ossec-agent-3.6.0+2.0.0~rc3+focal-amd64.deb', 'mode': '0644', 'isdir': False, 'ischr': False, 'isblk': False, 'isreg': True, 'isfifo': False, 'islnk': False, 'issock': False, 'uid': 0, 'gid': 0, 'size': 4664, 'inode': 471391, 'dev': 88, 'nlink': 1, 'atime': 1623949683.818, 'mtime': 1623949683.818, 'ctime': 1623949683.818, 'gr_name': 'root', 'pw_name': 'root', 'wusr': True, 'rusr': True, 'xusr': False, 'wgrp': False, 'rgrp': True, 'xgrp': False, 'woth': False, 'roth': True, 'xoth': False, 'isuid': False, 'isgid': False})
    
    TASK [build-ossec-deb-pkg : Copy OSSEC /usr and /etc directories to build directory.] ***
    changed: [focal-sd-generic-ossec-server] => (item=etc)
    
    TASK [build-generic-pkg : Create any necessary parent directories for jinja files] ***
    ok: [focal-sd-keyring] => (item={'path': '/home/user/securedrop/install_files/securedrop-keyring/DEBIAN/control.j2', 'mode': '0644', 'isdir': False, 'ischr': False, 'isblk': False, 'isreg': True, 'isfifo': False, 'islnk': False, 'issock': False, 'uid': 1000, 'gid': 1000, 'size': 428, 'inode': 1176, 'dev': 51728, 'nlink': 1, 'atime': 1623948080.951, 'mtime': 1623947192.61, 'ctime': 1623947192.61, 'gr_name': 'user', 'pw_name': 'user', 'wusr': True, 'rusr': True, 'xusr': False, 'wgrp': False, 'rgrp': True, 'xgrp': False, 'woth': False, 'roth': True, 'xoth': False, 'isuid': False, 'isgid': False})
    
    TASK [build-ossec-deb-pkg : Copy OSSEC /usr and /etc directories to build directory.] ***
    changed: [focal-sd-generic-ossec-server] => (item=usr)
    
    TASK [build-generic-pkg : Ensure package name is set] **************************
    ok: [focal-sd-grsec] => {
        "changed": false,
        "msg": "All assertions passed"
    }
    
    TASK [build-ossec-deb-pkg : Delete the old service file] ***********************
    changed: [focal-sd-generic-ossec-server]
    
    TASK [build-generic-pkg : Ensure build directory in-place] *********************
    ok: [focal-sd-grsec]
    
    TASK [build-generic-pkg : Template out any jinja files found and copy over] ****
    changed: [focal-sd-keyring] => (item={'path': '/home/user/securedrop/install_files/securedrop-keyring/DEBIAN/control.j2', 'mode': '0644', 'isdir': False, 'ischr': False, 'isblk': False, 'isreg': True, 'isfifo': False, 'islnk': False, 'issock': False, 'uid': 1000, 'gid': 1000, 'size': 428, 'inode': 1176, 'dev': 51728, 'nlink': 1, 'atime': 1623948080.951, 'mtime': 1623947192.61, 'ctime': 1623947192.61, 'gr_name': 'user', 'pw_name': 'user', 'wusr': True, 'rusr': True, 'xusr': False, 'wgrp': False, 'rgrp': True, 'xgrp': False, 'woth': False, 'roth': True, 'xoth': False, 'isuid': False, 'isgid': False})
    
    TASK [build-generic-pkg : Find any jinja templates] ****************************
    ok: [focal-sd-generic-ossec-agent2]
    
    TASK [build-ossec-deb-pkg : Create directory for our systemd based service file] ***
    changed: [focal-sd-generic-ossec-server]
    
    TASK [build-generic-pkg : Find any jinja templates] ****************************
    ok: [focal-sd-sec-update]
    ok: [focal-sd-config]
    
    TASK [build-generic-pkg : Copy app code to build directory.] *******************
    changed: [focal-sd-grsec]
    
    TASK [build-generic-pkg : run bash script to build generic packages] ***********
    changed: [focal-sd-keyring]
    
    TASK [build-generic-pkg : Find any jinja templates] ****************************
    ok: [focal-sd-generic-ossec-server2]
    
    TASK [build-generic-pkg : Find any jinja templates] ****************************
    ok: [focal-sd-grsec]
    
    TASK [build-ossec-deb-pkg : Run OSSEC installer script on extracted source.] ***
    changed: [focal-sd-generic-ossec-agent]
    
    TASK [build-generic-pkg : Track down package] **********************************
    ok: [focal-sd-keyring]
    
    TASK [build-ossec-deb-pkg : Copy our systemd based service file for ossec-server] ***
    changed: [focal-sd-generic-ossec-server]
    
    TASK [build-generic-pkg : Create any necessary parent directories for jinja files] ***
    ok: [focal-sd-grsec] => (item={'path': '/home/user/securedrop/install_files/securedrop-grsec-focal/DEBIAN/control.j2', 'mode': '0644', 'isdir': False, 'ischr': False, 'isblk': False, 'isreg': True, 'isfifo': False, 'islnk': False, 'issock': False, 'uid': 1000, 'gid': 1000, 'size': 558, 'inode': 1163, 'dev': 51728, 'nlink': 1, 'atime': 1623948080.951, 'mtime': 1623947192.61, 'ctime': 1623947192.61, 'gr_name': 'user', 'pw_name': 'user', 'wusr': True, 'rusr': True, 'xusr': False, 'wgrp': False, 'rgrp': True, 'xgrp': False, 'woth': False, 'roth': True, 'xoth': False, 'isuid': False, 'isgid': False})
    ok: [focal-sd-grsec] => (item={'path': '/home/user/securedrop/install_files/securedrop-grsec-focal/DEBIAN/postinst.j2', 'mode': '0755', 'isdir': False, 'ischr': False, 'isblk': False, 'isreg': True, 'isfifo': False, 'islnk': False, 'issock': False, 'uid': 1000, 'gid': 1000, 'size': 2086, 'inode': 1164, 'dev': 51728, 'nlink': 1, 'atime': 1623948080.951, 'mtime': 1623947192.61, 'ctime': 1623947192.61, 'gr_name': 'user', 'pw_name': 'user', 'wusr': True, 'rusr': True, 'xusr': True, 'wgrp': False, 'rgrp': True, 'xgrp': True, 'woth': False, 'roth': True, 'xoth': True, 'isuid': False, 'isgid': False})
    
    TASK [build-ossec-deb-pkg : Create OSSEC build directory.] *********************
    changed: [focal-sd-generic-ossec-agent] => (item=/tmp/build/ossec-agent-3.6.0+focal-amd64)
    
    TASK [build-generic-pkg : Fetch back package] **********************************
    changed: [focal-sd-keyring] => (item={'path': '/tmp/securedrop-keyring-0.1.5+2.0.0~rc3+focal-amd64.deb', 'mode': '0644', 'isdir': False, 'ischr': False, 'isblk': False, 'isreg': True, 'isfifo': False, 'islnk': False, 'issock': False, 'uid': 0, 'gid': 0, 'size': 8120, 'inode': 475825, 'dev': 136, 'nlink': 1, 'atime': 1623949716.026, 'mtime': 1623949716.026, 'ctime': 1623949716.026, 'gr_name': 'root', 'pw_name': 'root', 'wusr': True, 'rusr': True, 'xusr': False, 'wgrp': False, 'rgrp': True, 'xgrp': False, 'woth': False, 'roth': True, 'xoth': False, 'isuid': False, 'isgid': False})
    
    TASK [build-ossec-deb-pkg : Create OSSEC build directory.] *********************
    changed: [focal-sd-generic-ossec-agent] => (item=/tmp/build/ossec-agent-3.6.0+focal-amd64/var)
    
    TASK [build-ossec-deb-pkg : Remove client.keys to avoid overwriting existing client.keys] ***
    changed: [focal-sd-generic-ossec-agent]
    
    TASK [build-ossec-deb-pkg : Build SecureDrop OSSEC deb package.] ***************
    changed: [focal-sd-generic-ossec-server]
    
    TASK [build-generic-pkg : Ensure package name is set] **************************
    ok: [focal-sd-config] => {
        "changed": false,
        "msg": "All assertions passed"
    }
    
    TASK [build-generic-pkg : Template out any jinja files found and copy over] ****
    changed: [focal-sd-grsec] => (item={'path': '/home/user/securedrop/install_files/securedrop-grsec-focal/DEBIAN/control.j2', 'mode': '0644', 'isdir': False, 'ischr': False, 'isblk': False, 'isreg': True, 'isfifo': False, 'islnk': False, 'issock': False, 'uid': 1000, 'gid': 1000, 'size': 558, 'inode': 1163, 'dev': 51728, 'nlink': 1, 'atime': 1623948080.951, 'mtime': 1623947192.61, 'ctime': 1623947192.61, 'gr_name': 'user', 'pw_name': 'user', 'wusr': True, 'rusr': True, 'xusr': False, 'wgrp': False, 'rgrp': True, 'xgrp': False, 'woth': False, 'roth': True, 'xoth': False, 'isuid': False, 'isgid': False})
    
    TASK [build-ossec-deb-pkg : Copy /var/ossec/ to OSSEC build directory.] ********
    changed: [focal-sd-generic-ossec-agent]
    
    TASK [build-ossec-deb-pkg : Delete OSSEC build directories and config files.] ***
    changed: [focal-sd-generic-ossec-server] => (item=/etc/init.d/ossec)
    
    TASK [build-generic-pkg : Find any jinja templates] ****************************
    ok: [focal-sd-generic-ossec-agent2]
    
    TASK [build-generic-pkg : Ensure build directory in-place] *********************
    ok: [focal-sd-config]
    
    TASK [build-generic-pkg : Find any jinja templates] ****************************
    ok: [focal-sd-keyring]
    
    TASK [build-ossec-deb-pkg : Delete OSSEC build directories and config files.] ***
    changed: [focal-sd-generic-ossec-server] => (item=/etc/ossec-init.conf)
    
    TASK [build-generic-pkg : Template out any jinja files found and copy over] ****
    changed: [focal-sd-grsec] => (item={'path': '/home/user/securedrop/install_files/securedrop-grsec-focal/DEBIAN/postinst.j2', 'mode': '0755', 'isdir': False, 'ischr': False, 'isblk': False, 'isreg': True, 'isfifo': False, 'islnk': False, 'issock': False, 'uid': 1000, 'gid': 1000, 'size': 2086, 'inode': 1164, 'dev': 51728, 'nlink': 1, 'atime': 1623948080.951, 'mtime': 1623947192.61, 'ctime': 1623947192.61, 'gr_name': 'user', 'pw_name': 'user', 'wusr': True, 'rusr': True, 'xusr': True, 'wgrp': False, 'rgrp': True, 'xgrp': True, 'woth': False, 'roth': True, 'xoth': True, 'isuid': False, 'isgid': False})
    
    TASK [build-ossec-deb-pkg : Delete OSSEC build directories and config files.] ***
    changed: [focal-sd-generic-ossec-server] => (item=/var/ossec)
    
    TASK [build-generic-pkg : Find any jinja templates] ****************************
    ok: [focal-sd-sec-update]
    
    TASK [build-ossec-deb-pkg : Copy OSSEC DEBIAN package scripts to build directory.] ***
    changed: [focal-sd-generic-ossec-agent]
    
    TASK [build-ossec-deb-pkg : Delete OSSEC build directories and config files.] ***
    changed: [focal-sd-generic-ossec-server] => (item=/tmp/OSSEC-ARCHIVE-KEY.asc)
    
    TASK [build-generic-pkg : Copy app code to build directory.] *******************
    changed: [focal-sd-config]
    
    TASK [build-generic-pkg : Find any jinja templates] ****************************
    ok: [focal-sd-generic-ossec-server2]
    
    TASK [build-generic-pkg : run bash script to build generic packages] ***********
    changed: [focal-sd-grsec]
    
    TASK [build-ossec-deb-pkg : Fetch newly built Debian packages back to localhost.] ***
    changed: [focal-sd-generic-ossec-server]
    
    TASK [build-generic-pkg : Find any jinja templates] ****************************
    ok: [focal-sd-config]
    
    TASK [build-ossec-deb-pkg : Copy OSSEC DEBIAN/control template to build directory.] ***
    changed: [focal-sd-generic-ossec-agent]
    
    TASK [build-generic-pkg : Track down package] **********************************
    ok: [focal-sd-grsec]
    
    TASK [build-generic-pkg : Create any necessary parent directories for jinja files] ***
    ok: [focal-sd-config] => (item={'path': '/home/user/securedrop/install_files/securedrop-config-focal/DEBIAN/control.j2', 'mode': '0644', 'isdir': False, 'ischr': False, 'isblk': False, 'isreg': True, 'isfifo': False, 'islnk': False, 'issock': False, 'uid': 1000, 'gid': 1000, 'size': 414, 'inode': 1151, 'dev': 51728, 'nlink': 1, 'atime': 1623948080.951, 'mtime': 1623947192.609, 'ctime': 1623947192.609, 'gr_name': 'user', 'pw_name': 'user', 'wusr': True, 'rusr': True, 'xusr': False, 'wgrp': False, 'rgrp': True, 'xgrp': False, 'woth': False, 'roth': True, 'xoth': False, 'isuid': False, 'isgid': False})
    
    TASK [build-ossec-deb-pkg : Copy OSSEC /usr and /etc directories to build directory.] ***
    changed: [focal-sd-generic-ossec-agent] => (item=etc)
    changed: [focal-sd-generic-ossec-agent] => (item=usr)
    
    TASK [build-generic-pkg : Fetch back package] **********************************
    changed: [focal-sd-grsec] => (item={'path': '/tmp/securedrop-grsec-5.4.97+focal-amd64.deb', 'mode': '0644', 'isdir': False, 'ischr': False, 'isblk': False, 'isreg': True, 'isfifo': False, 'islnk': False, 'issock': False, 'uid': 0, 'gid': 0, 'size': 3000, 'inode': 471708, 'dev': 112, 'nlink': 1, 'atime': 1623949751.395, 'mtime': 1623949751.395, 'ctime': 1623949751.395, 'gr_name': 'root', 'pw_name': 'root', 'wusr': True, 'rusr': True, 'xusr': False, 'wgrp': False, 'rgrp': True, 'xgrp': False, 'woth': False, 'roth': True, 'xoth': False, 'isuid': False, 'isgid': False})
    
    TASK [build-ossec-deb-pkg : Delete the old service file] ***********************
    changed: [focal-sd-generic-ossec-agent]
    
    TASK [build-generic-pkg : Template out any jinja files found and copy over] ****
    changed: [focal-sd-config] => (item={'path': '/home/user/securedrop/install_files/securedrop-config-focal/DEBIAN/control.j2', 'mode': '0644', 'isdir': False, 'ischr': False, 'isblk': False, 'isreg': True, 'isfifo': False, 'islnk': False, 'issock': False, 'uid': 1000, 'gid': 1000, 'size': 414, 'inode': 1151, 'dev': 51728, 'nlink': 1, 'atime': 1623948080.951, 'mtime': 1623947192.609, 'ctime': 1623947192.609, 'gr_name': 'user', 'pw_name': 'user', 'wusr': True, 'rusr': True, 'xusr': False, 'wgrp': False, 'rgrp': True, 'xgrp': False, 'woth': False, 'roth': True, 'xoth': False, 'isuid': False, 'isgid': False})
    
    TASK [build-generic-pkg : Find any jinja templates] ****************************
    ok: [focal-sd-generic-ossec-agent2]
    ok: [focal-sd-keyring]
    
    TASK [build-ossec-deb-pkg : Create directory for our systemd based service file] ***
    changed: [focal-sd-generic-ossec-agent]
    
    TASK [build-generic-pkg : Find any jinja templates] ****************************
    ok: [focal-sd-grsec]
    
    TASK [build-generic-pkg : run bash script to build generic packages] ***********
    changed: [focal-sd-config]
    
    TASK [build-generic-pkg : Find any jinja templates] ****************************
    ok: [focal-sd-generic-ossec-server2]
    
    TASK [Update apt-cache for our security checker] *******************************
    changed: [focal-sd-sec-update]
    
    TASK [build-generic-pkg : Track down package] **********************************
    ok: [focal-sd-config]
    
    TASK [build-ossec-deb-pkg : Copy our systemd based service file for ossec-agent] ***
    changed: [focal-sd-generic-ossec-agent]
    
    TASK [build-generic-pkg : Fetch back package] **********************************
    changed: [focal-sd-config] => (item={'path': '/tmp/securedrop-config-0.1.4+2.0.0~rc3+focal-amd64.deb', 'mode': '0644', 'isdir': False, 'ischr': False, 'isblk': False, 'isreg': True, 'isfifo': False, 'islnk': False, 'issock': False, 'uid': 0, 'gid': 0, 'size': 3064, 'inode': 480286, 'dev': 124, 'nlink': 1, 'atime': 1623949780.95, 'mtime': 1623949780.95, 'ctime': 1623949780.95, 'gr_name': 'root', 'pw_name': 'root', 'wusr': True, 'rusr': True, 'xusr': False, 'wgrp': False, 'rgrp': True, 'xgrp': False, 'woth': False, 'roth': True, 'xoth': False, 'isuid': False, 'isgid': False})
    
    TASK [build-ossec-deb-pkg : Build SecureDrop OSSEC deb package.] ***************
    changed: [focal-sd-generic-ossec-agent]
    
    TASK [build-ossec-deb-pkg : Delete OSSEC build directories and config files.] ***
    changed: [focal-sd-generic-ossec-agent] => (item=/etc/init.d/ossec)
    changed: [focal-sd-generic-ossec-agent] => (item=/etc/ossec-init.conf)
    changed: [focal-sd-generic-ossec-agent] => (item=/var/ossec)
    changed: [focal-sd-generic-ossec-agent] => (item=/tmp/OSSEC-ARCHIVE-KEY.asc)
    
    TASK [build-ossec-deb-pkg : Fetch newly built Debian packages back to localhost.] ***
    changed: [focal-sd-generic-ossec-agent]
    
    TASK [build-generic-pkg : Find any jinja templates] ****************************
    ok: [focal-sd-generic-ossec-agent]
    ok: [focal-sd-generic-ossec-server]
    
    TASK [build-generic-pkg : Find any jinja templates] ****************************
    ok: [focal-sd-generic-ossec-agent]
    ok: [focal-sd-generic-ossec-server]
    
    TASK [build-generic-pkg : Find any jinja templates] ****************************
    ok: [focal-sd-generic-ossec-agent]
    ok: [focal-sd-generic-ossec-server]
    
    TASK [build-generic-pkg : Find any jinja templates] ****************************
    ok: [focal-sd-generic-ossec-agent]
    ok: [focal-sd-generic-ossec-server]
    
    TASK [build-generic-pkg : Find any jinja templates] ****************************
    ok: [focal-sd-generic-ossec-agent]
    ok: [focal-sd-generic-ossec-server]
    
    TASK [build-securedrop-app-code-deb-pkg : Install SecureDrop Python requirements in virtualenv for translation work] ***
    changed: [focal-sd-app]
    
    TASK [build-securedrop-app-code-deb-pkg : Compile PO to MO.] *******************
    changed: [focal-sd-app]
    
    TASK [build-securedrop-app-code-deb-pkg : Create apparmor.d directory in prep directory] ***
    changed: [focal-sd-app]
    
    TASK [build-securedrop-app-code-deb-pkg : Copy AppArmor profiles to prep path] ***
    changed: [focal-sd-app] => (item=usr.sbin.tor)
    changed: [focal-sd-app] => (item=usr.sbin.apache2)
    
    TASK [build-securedrop-app-code-deb-pkg : Replace placeholder changelog to dist-specific changelog] ***
    changed: [focal-sd-app]
    
    TASK [build-securedrop-app-code-deb-pkg : Replace the files required for focal package] ***
    changed: [focal-sd-app] => (item={'src': 'securedrop-app-code.triggers-focal', 'dest': '/tmp/securedrop-app-code_2.0.0~rc3+focal_amd64-prep/debian/securedrop-app-code.triggers'})
    
    TASK [build-securedrop-app-code-deb-pkg : Create the control file based on distribution] ***
    changed: [focal-sd-app]
    
    TASK [build-securedrop-app-code-deb-pkg : Create lib/systemd/services directory in prep directory] ***
    changed: [focal-sd-app]
    
    TASK [build-securedrop-app-code-deb-pkg : Copy systemd service configurations to prep path] ***
    changed: [focal-sd-app] => (item=securedrop_rqrequeue.service)
    changed: [focal-sd-app] => (item=securedrop_rqworker.service)
    changed: [focal-sd-app] => (item=securedrop_shredder.service)
    changed: [focal-sd-app] => (item=securedrop_source_deleter.service)
    
    TASK [build-securedrop-app-code-deb-pkg : Create sdist in prep dir] ************
    changed: [focal-sd-app]
    
    TASK [build-securedrop-app-code-deb-pkg : Create build dir] ********************
    changed: [focal-sd-app]
    
    TASK [build-securedrop-app-code-deb-pkg : Extract sdist to build dir] **********
    changed: [focal-sd-app]
    
    TASK [build-securedrop-app-code-deb-pkg : Create empty static asset directories in build dir] ***
    changed: [focal-sd-app] => (item=/tmp/securedrop-app-code_2.0.0~rc3+focal_amd64/var/www/securedrop/static/gen)
    changed: [focal-sd-app] => (item=/tmp/securedrop-app-code_2.0.0~rc3+focal_amd64/var/www/securedrop/static/.webassets-cache)
    changed: [focal-sd-app] => (item=/tmp/securedrop-app-code_2.0.0~rc3+focal_amd64/var/www/securedrop/.well-known/pki-validation)
    
    TASK [build-securedrop-app-code-deb-pkg : Build securedrop-app-code Debian package] ***
    changed: [focal-sd-app]
    
    TASK [build-securedrop-app-code-deb-pkg : Find newly built Debian package] *****
    ok: [focal-sd-app]
    
    TASK [build-securedrop-app-code-deb-pkg : Fetch newly built Debian packages back to localhost] ***
    changed: [focal-sd-app] => (item={'path': '/tmp/securedrop-app-code_2.0.0~rc3+focal.tar.gz', 'mode': '0644', 'isdir': False, 'ischr': False, 'isblk': False, 'isreg': True, 'isfifo': False, 'islnk': False, 'issock': False, 'uid': 0, 'gid': 0, 'size': 2074508, 'inode': 463000, 'dev': 52, 'nlink': 1, 'atime': 1623949947.557, 'mtime': 1623949947.54, 'ctime': 1623949947.554, 'gr_name': 'root', 'pw_name': 'root', 'wusr': True, 'rusr': True, 'xusr': False, 'wgrp': False, 'rgrp': True, 'xgrp': False, 'woth': False, 'roth': True, 'xoth': False, 'isuid': False, 'isgid': False})
    changed: [focal-sd-app] => (item={'path': '/tmp/securedrop-app-code_2.0.0~rc3+focal_amd64.deb', 'mode': '0644', 'isdir': False, 'ischr': False, 'isblk': False, 'isreg': True, 'isfifo': False, 'islnk': False, 'issock': False, 'uid': 0, 'gid': 0, 'size': 12773452, 'inode': 463928, 'dev': 52, 'nlink': 1, 'atime': 1623950234.592, 'mtime': 1623950234.387, 'ctime': 1623950234.387, 'gr_name': 'root', 'pw_name': 'root', 'wusr': True, 'rusr': True, 'xusr': False, 'wgrp': False, 'rgrp': True, 'xgrp': False, 'woth': False, 'roth': True, 'xoth': False, 'isuid': False, 'isgid': False})
    
    TASK [build-generic-pkg : Find any jinja templates] ****************************
    ok: [focal-sd-app]
    
    TASK [build-generic-pkg : Find any jinja templates] ****************************
    ok: [focal-sd-app]
    
    TASK [build-generic-pkg : Find any jinja templates] ****************************
    ok: [focal-sd-app]
    
    TASK [build-generic-pkg : Find any jinja templates] ****************************
    ok: [focal-sd-app]
    
    TASK [build-generic-pkg : Find any jinja templates] ****************************
    ok: [focal-sd-app]
    
    PLAY [Give dpkg verify container access to debs] *******************************
    
    TASK [Discover local debian build files] ***************************************
    ok: [focal-sd-dpkg-verification]
    
    TASK [Create build dir] ********************************************************
    ok: [focal-sd-dpkg-verification]
    
    TASK [Drop debian files into container] ****************************************
    changed: [focal-sd-dpkg-verification] => (item={'path': '/home/user/securedrop/build/focal/ossec-agent-3.6.0+focal-amd64.deb', 'mode': '0600', 'isdir': False, 'ischr': False, 'isblk': False, 'isreg': True, 'isfifo': False, 'islnk': False, 'issock': False, 'uid': 1000, 'gid': 1000, 'size': 288688, 'inode': 141843, 'dev': 51728, 'nlink': 1, 'atime': 1623949804.503, 'mtime': 1623949804.502, 'ctime': 1623949804.502, 'gr_name': 'user', 'pw_name': 'user', 'wusr': True, 'rusr': True, 'xusr': False, 'wgrp': False, 'rgrp': False, 'xgrp': False, 'woth': False, 'roth': False, 'xoth': False, 'isuid': False, 'isgid': False})
    changed: [focal-sd-dpkg-verification] => (item={'path': '/home/user/securedrop/build/focal/securedrop-config-0.1.4+2.0.0~rc3+focal-amd64.deb', 'mode': '0600', 'isdir': False, 'ischr': False, 'isblk': False, 'isreg': True, 'isfifo': False, 'islnk': False, 'issock': False, 'uid': 1000, 'gid': 1000, 'size': 3064, 'inode': 141841, 'dev': 51728, 'nlink': 1, 'atime': 1623949792.063, 'mtime': 1623949792.063, 'ctime': 1623949792.063, 'gr_name': 'user', 'pw_name': 'user', 'wusr': True, 'rusr': True, 'xusr': False, 'wgrp': False, 'rgrp': False, 'xgrp': False, 'woth': False, 'roth': False, 'xoth': False, 'isuid': False, 'isgid': False})
    changed: [focal-sd-dpkg-verification] => (item={'path': '/home/user/securedrop/build/focal/securedrop-ossec-server-3.6.0+2.0.0~rc3+focal-amd64.deb', 'mode': '0600', 'isdir': False, 'ischr': False, 'isblk': False, 'isreg': True, 'isfifo': False, 'islnk': False, 'issock': False, 'uid': 1000, 'gid': 1000, 'size': 8540, 'inode': 141839, 'dev': 51728, 'nlink': 1, 'atime': 1623949670.239, 'mtime': 1623949670.239, 'ctime': 1623949670.239, 'gr_name': 'user', 'pw_name': 'user', 'wusr': True, 'rusr': True, 'xusr': False, 'wgrp': False, 'rgrp': False, 'xgrp': False, 'woth': False, 'roth': False, 'xoth': False, 'isuid': False, 'isgid': False})
    changed: [focal-sd-dpkg-verification] => (item={'path': '/home/user/securedrop/build/focal/securedrop-grsec-5.4.97+focal-amd64.deb', 'mode': '0600', 'isdir': False, 'ischr': False, 'isblk': False, 'isreg': True, 'isfifo': False, 'islnk': False, 'issock': False, 'uid': 1000, 'gid': 1000, 'size': 3000, 'inode': 141840, 'dev': 51728, 'nlink': 1, 'atime': 1623949764.448, 'mtime': 1623949764.448, 'ctime': 1623949764.448, 'gr_name': 'user', 'pw_name': 'user', 'wusr': True, 'rusr': True, 'xusr': False, 'wgrp': False, 'rgrp': False, 'xgrp': False, 'woth': False, 'roth': False, 'xoth': False, 'isuid': False, 'isgid': False})
    changed: [focal-sd-dpkg-verification] => (item={'path': '/home/user/securedrop/build/focal/ossec-server-3.6.0+focal-amd64.deb', 'mode': '0600', 'isdir': False, 'ischr': False, 'isblk': False, 'isreg': True, 'isfifo': False, 'islnk': False, 'issock': False, 'uid': 1000, 'gid': 1000, 'size': 732432, 'inode': 141842, 'dev': 51728, 'nlink': 1, 'atime': 1623949753.37, 'mtime': 1623949753.369, 'ctime': 1623949753.369, 'gr_name': 'user', 'pw_name': 'user', 'wusr': True, 'rusr': True, 'xusr': False, 'wgrp': False, 'rgrp': False, 'xgrp': False, 'woth': False, 'roth': False, 'xoth': False, 'isuid': False, 'isgid': False})
    changed: [focal-sd-dpkg-verification] => (item={'path': '/home/user/securedrop/build/focal/securedrop-keyring-0.1.5+2.0.0~rc3+focal-amd64.deb', 'mode': '0600', 'isdir': False, 'ischr': False, 'isblk': False, 'isreg': True, 'isfifo': False, 'islnk': False, 'issock': False, 'uid': 1000, 'gid': 1000, 'size': 8120, 'inode': 141836, 'dev': 51728, 'nlink': 1, 'atime': 1623949728.395, 'mtime': 1623949728.395, 'ctime': 1623949728.395, 'gr_name': 'user', 'pw_name': 'user', 'wusr': True, 'rusr': True, 'xusr': False, 'wgrp': False, 'rgrp': False, 'xgrp': False, 'woth': False, 'roth': False, 'xoth': False, 'isuid': False, 'isgid': False})
    changed: [focal-sd-dpkg-verification] => (item={'path': '/home/user/securedrop/build/focal/securedrop-app-code_2.0.0~rc3+focal_amd64.deb', 'mode': '0600', 'isdir': False, 'ischr': False, 'isblk': False, 'isreg': True, 'isfifo': False, 'islnk': False, 'issock': False, 'uid': 1000, 'gid': 1000, 'size': 12773452, 'inode': 141845, 'dev': 51728, 'nlink': 1, 'atime': 1623950239.057, 'mtime': 1623950239.047, 'ctime': 1623950239.047, 'gr_name': 'user', 'pw_name': 'user', 'wusr': True, 'rusr': True, 'xusr': False, 'wgrp': False, 'rgrp': False, 'xgrp': False, 'woth': False, 'roth': False, 'xoth': False, 'isuid': False, 'isgid': False})
    changed: [focal-sd-dpkg-verification] => (item={'path': '/home/user/securedrop/build/focal/securedrop-ossec-agent-3.6.0+2.0.0~rc3+focal-amd64.deb', 'mode': '0600', 'isdir': False, 'ischr': False, 'isblk': False, 'isreg': True, 'isfifo': False, 'islnk': False, 'issock': False, 'uid': 1000, 'gid': 1000, 'size': 4664, 'inode': 141835, 'dev': 51728, 'nlink': 1, 'atime': 1623949696.255, 'mtime': 1623949696.246, 'ctime': 1623949696.246, 'gr_name': 'user', 'pw_name': 'user', 'wusr': True, 'rusr': True, 'xusr': False, 'wgrp': False, 'rgrp': False, 'xgrp': False, 'woth': False, 'roth': False, 'xoth': False, 'isuid': False, 'isgid': False})
    
    PLAY RECAP *********************************************************************
    focal-sd-app               : ok=33   changed=26   unreachable=0    failed=0    skipped=97   rescued=0    ignored=0
    focal-sd-config            : ok=14   changed=4    unreachable=0    failed=0    skipped=116  rescued=0    ignored=0
    focal-sd-dpkg-verification : ok=3    changed=1    unreachable=0    failed=0    skipped=0    rescued=0    ignored=0
    focal-sd-generic-ossec-agent : ok=33   changed=24   unreachable=0    failed=0    skipped=97   rescued=0    ignored=0
    focal-sd-generic-ossec-agent2 : ok=14   changed=4    unreachable=0    failed=0    skipped=116  rescued=0    ignored=0
    focal-sd-generic-ossec-server : ok=33   changed=24   unreachable=0    failed=0    skipped=97   rescued=0    ignored=0
    focal-sd-generic-ossec-server2 : ok=14   changed=4    unreachable=0    failed=0    skipped=116  rescued=0    ignored=0
    focal-sd-grsec             : ok=14   changed=4    unreachable=0    failed=0    skipped=116  rescued=0    ignored=0
    focal-sd-keyring           : ok=14   changed=4    unreachable=0    failed=0    skipped=116  rescued=0    ignored=0
    focal-sd-sec-update        : ok=7    changed=1    unreachable=0    failed=0    skipped=123  rescued=0    ignored=0
    
--> Inventory /home/user/securedrop/molecule/builder-focal/../../install_files/ansible-base/group_vars linked to /home/user/.cache/molecule/securedrop/builder-focal/inventory/group_vars
--> Scenario: 'builder-focal'
--> Action: 'verify'
--> Executing Testinfra tests found in /home/user/securedrop/molecule/builder-focal/tests/...
    ============================= test session starts ==============================
    platform linux -- Python 3.7.3, pytest-6.1.1, py-1.10.0, pluggy-0.13.1
    rootdir: /home/user/securedrop/molecule, configfile: pytest.ini
    plugins: forked-1.3.0, testinfra-5.3.1, xdist-2.1.0
gw0 [146] / gw1 [146]
    x......................................................F................ [ 49%]
    ........................................................................ [ 98%]
    ..                                                                       [100%]
    =================================== FAILURES ===================================
    __________ test_ensure_no_updates_avail[docker://focal-sd-sec-update] __________
    [gw0] linux -- Python 3.7.3 /home/user/.virtualenvs/sd-tmp/bin/python3
    
    host = <testinfra.host.Host docker://focal-sd-sec-update>
    
        @pytest.mark.skipif(not test_should_run(), reason="Only tested for RCs and builder updates")
        def test_ensure_no_updates_avail(host):
            """
                Test to make sure that there are no security-updates in the
                base builder container.
            """
            # Filter out all the security repos to their own file
            # without this change all the package updates appeared as if they were
            # coming from normal ubuntu update channel (since they get posted to both)
            host.run('egrep "^deb.*security" /etc/apt/sources.list > /tmp/sec.list')
    
            dist_upgrade_simulate = host.run('apt-get -s dist-upgrade '
                                             '-oDir::Etc::Sourcelist=/tmp/sec.list '
                                             '|grep "^Inst" |grep -i security')
    
            # If the grep was successful that means security package updates found
            # otherwise we get a non-zero exit code so no updates needed.
    >       assert dist_upgrade_simulate.rc != 0
    E       assert 0 != 0
    E        +  where 0 = CommandResult(command=b'apt-get -s dist-upgrade -oDir::Etc::Sourcelist=/tmp/sec.list |grep "^Inst" |grep -i security',...security [amd64])\nInst linux-libc-dev [5.4.0-73.82] (5.4.0-74.83 Ubuntu:20.04/focal-security [amd64])\n', stderr=None).rc
    
    tests/test_security_updates.py:43: AssertionError
    =========================== short test summary info ============================
    FAILED tests/test_security_updates.py::test_ensure_no_updates_avail[docker:/focal-sd-sec-update]
    ============= 1 failed, 144 passed, 1 xfailed in 65.50s (0:01:05) ==============
An error occurred during the test sequence action: 'verify'. Cleaning up.
--> Inventory /home/user/securedrop/molecule/builder-focal/../../install_files/ansible-base/group_vars linked to /home/user/.cache/molecule/securedrop/builder-focal/inventory/group_vars
--> Scenario: 'builder-focal'
--> Action: 'cleanup'
Skipping, cleanup playbook not configured.
--> Inventory /home/user/securedrop/molecule/builder-focal/../../install_files/ansible-base/group_vars linked to /home/user/.cache/molecule/securedrop/builder-focal/inventory/group_vars
--> Scenario: 'builder-focal'
--> Action: 'destroy'
    
    PLAY [Destroy] *****************************************************************
    
    TASK [Destroy molecule instance(s)] ********************************************
    changed: [localhost] => (item={'groups': ['builders'], 'name': 'focal-sd-app'})
    changed: [localhost] => (item={'groups': ['builders'], 'name': 'focal-sd-generic-ossec-agent'})
    changed: [localhost] => (item={'groups': ['builders'], 'name': 'focal-sd-generic-ossec-server'})
    changed: [localhost] => (item={'groups': ['builders'], 'name': 'focal-sd-generic-ossec-agent2'})
    changed: [localhost] => (item={'groups': ['builders'], 'name': 'focal-sd-generic-ossec-server2'})
    changed: [localhost] => (item={'groups': ['builders'], 'name': 'focal-sd-grsec'})
    changed: [localhost] => (item={'groups': ['builders'], 'name': 'focal-sd-config'})
    changed: [localhost] => (item={'groups': ['builders'], 'name': 'focal-sd-keyring'})
    changed: [localhost] => (item={'groups': ['builders'], 'name': 'focal-sd-sec-update'})
    changed: [localhost] => (item={'groups': ['testers'], 'name': 'focal-sd-dpkg-verification'})
    
    PLAY RECAP *********************************************************************
    localhost                  : ok=1    changed=1    unreachable=0    failed=0    skipped=0    rescued=0    ignored=0
    
--> Pruning extra files from scenario ephemeral directory
make: *** [Makefile:293: build-debs] Error 1
(sd-tmp) user@sd-dvm:~/securedrop$ sha256sum 
admin/             .dockerignore      journalist_gui/    mypy.ini           SOURCE_OFFER
ansible.cfg        .editorconfig      junit/             README.md          tails_files/
build/             .flake8            .lgtm.yml          .ruby-gemset       update_version.sh
changelog.md       .git/              LICENSE            .ruby-version      .yamllint
.circleci/         git/               .mailmap           securedrop/        
codecov.yml        .github/           Makefile           securedrop-admin   
CONTRIBUTING.md    .gitignore         MANIFEST.in        SECURITY.md        
devops/            install_files/     molecule/          setup.py           
(sd-tmp) user@sd-dvm:~/securedrop$ sha256sum build/focal/*2.0.0*.deb
ea0080f34ab1c6eedc778510348d4e86c373499c89978fd43bae4ecdc5cf848d  build/focal/securedrop-app-code_2.0.0~rc3+focal_amd64.deb
e61ba99ab9f3df35bea274ce207b71391e74a602a79e8c5a09a10b0d9a612696  build/focal/securedrop-config-0.1.4+2.0.0~rc3+focal-amd64.deb
3ac92b47d3526a49b20b3d4bad29241a2a230d977ff473cb821d6d8d2744d2da  build/focal/securedrop-keyring-0.1.5+2.0.0~rc3+focal-amd64.deb
4a4735b09db2fcc7a1138711795f3f5b471f8f4a2b5d0a697e0b76588c71f835  build/focal/securedrop-ossec-agent-3.6.0+2.0.0~rc3+focal-amd64.deb
0b59bbb900c2588fbf3a835f44745cc58ac61fb6bf600d594e91fe37273d77a7  build/focal/securedrop-ossec-server-3.6.0+2.0.0~rc3+focal-amd64.deb
