Script started on 2022-10-06 12:01:01-07:00 [TERM="xterm-256color" TTY="/dev/pts/1" COLUMNS="104" LINES="54"]
[?2004huser@sd-dvm:~/securedrop$ git checkout 2.5.0-rc3
[?2004lHEAD is now at 747881ba0 SecureDrop 2.5.0~rc3
[?2004huser@sd-dvm:~/securedrop$ git log -1
[?2004l[?1h=[33mcommit 747881ba05171962e8fc9cc374ad6aed492a8558[m[33m ([m[1;36mHEAD[m[33m, [m[1;33mtag: 2.5.0-rc3[m[33m, [m[1;31morigin/release-2.5.0-rc3[m[33m)[m[m
[36mgpg: WARNING: unsafe permissions on homedir '/home/user/.gnupg'[m[m
[36mgpg: Signature made Thu 06 Oct 2022 11:45:53 AM PDT[m[m
[36mgpg:                using RSA key 4C049A61304CAF52CCA5ABCF5BAADCFE5EFAA7D1[m[m
[36mgpg: Good signature from "Cory Francis Myers <cory@freedom.press>" [unknown][m[m
[36mgpg:                 aka "Cory Francis Myers <cfm@panix.com>" [unknown][m[m
[36mgpg:                 aka "Cory Francis Myers <cory@prattein.com>" [unknown][m[m
[36mgpg: WARNING: This key is not certified with a trusted signature![m[m
[36mgpg:          There is no indication that the signature belongs to the owner.[m[m
[36mPrimary key fingerprint: 0F78 6C34 35E9 6124 4B69  B9EC 07AD 35D3 78D1 0BA0[m[m
[36m     Subkey fingerprint: 4C04 9A61 304C AF52 CCA5  ABCF 5BAA DCFE 5EFA A7D1[m[m
Author: Cory Francis Myers <cory@freedom.press>[m
Date:   Thu Oct 6 18:45:07 2022 +0000[m
[m
    SecureDrop 2.5.0~rc3[m
[K[?1l>[?2004huser@sd-dvm:~/securedrop$ make build-e[Kdebs
[?2004lBuilding SecureDrop Debian packages for Focal...
[33mWARNING: You are using pip version 21.3; however, version 22.2.2 is available.
You should consider upgrading via the '/home/user/securedrop/.venv/bin/python -m pip install --upgrade pip' command.[0m
--> [36mTest matrix[0m
    
└── builder-focal
    ├── destroy
    ├── create
    ├── converge
    ├── verify
    └── destroy
    
--> [36mInventory /home/user/securedrop/molecule/builder-focal/../../install_files/ansible-base/group_vars linked to /home/user/.cache/molecule/securedrop/builder-focal/inventory/group_vars[0m
--> [36mScenario: 'builder-focal'[0m
--> [36mAction: 'destroy'[0m
--> [36mSanity checks: 'docker'[0m
    
    PLAY [Destroy] *****************************************************************
    
    TASK [Destroy molecule instance(s)] ********************************************
    [0;33mchanged: [localhost] => (item={'groups': ['builders'], 'name': 'focal-sd-app'})[0m
    [0;33mchanged: [localhost] => (item={'groups': ['builders'], 'name': 'focal-sd-generic-ossec-agent'})[0m
    [0;33mchanged: [localhost] => (item={'groups': ['builders'], 'name': 'focal-sd-generic-ossec-server'})[0m
    [0;33mchanged: [localhost] => (item={'groups': ['builders'], 'name': 'focal-sd-generic-ossec-agent2'})[0m
    [0;33mchanged: [localhost] => (item={'groups': ['builders'], 'name': 'focal-sd-generic-ossec-server2'})[0m
    [0;33mchanged: [localhost] => (item={'groups': ['builders'], 'name': 'focal-sd-grsec'})[0m
    [0;33mchanged: [localhost] => (item={'groups': ['builders'], 'name': 'focal-sd-config'})[0m
    [0;33mchanged: [localhost] => (item={'groups': ['builders'], 'name': 'focal-sd-keyring'})[0m
    [0;33mchanged: [localhost] => (item={'groups': ['builders'], 'name': 'focal-sd-sec-update'})[0m
    [0;33mchanged: [localhost] => (item={'groups': ['testers'], 'name': 'focal-sd-dpkg-verification'})[0m
    
    PLAY RECAP *********************************************************************
    [0;33mlocalhost[0m                  : [0;32mok=1   [0m [0;33mchanged=1   [0m unreachable=0    failed=0    skipped=0    rescued=0    ignored=0
    
--> [36mInventory /home/user/securedrop/molecule/builder-focal/../../install_files/ansible-base/group_vars linked to /home/user/.cache/molecule/securedrop/builder-focal/inventory/group_vars[0m
--> [36mScenario: 'builder-focal'[0m
--> [36mAction: 'create'[0m
    
    PLAY [Create] ******************************************************************
    
    TASK [debug] *******************************************************************
    [0;32mok: [localhost] => {[0m
    [0;32m    "msg": "Building with Docker image quay.io/freedomofpress/sd-docker-builder-focal@sha256:f3b5ea1ce8948f931c28e2080d229e0123b20ded033d47e081ec76aff7d7a02e"[0m
    [0;32m}[0m
    
    TASK [Create builders] *********************************************************
    [0;33mchanged: [localhost] => (item={'groups': ['builders'], 'name': 'focal-sd-app'})[0m
    [0;33mchanged: [localhost] => (item={'groups': ['builders'], 'name': 'focal-sd-generic-ossec-agent'})[0m
    [0;33mchanged: [localhost] => (item={'groups': ['builders'], 'name': 'focal-sd-generic-ossec-server'})[0m
    [0;33mchanged: [localhost] => (item={'groups': ['builders'], 'name': 'focal-sd-generic-ossec-agent2'})[0m
    [0;33mchanged: [localhost] => (item={'groups': ['builders'], 'name': 'focal-sd-generic-ossec-server2'})[0m
    [0;33mchanged: [localhost] => (item={'groups': ['builders'], 'name': 'focal-sd-grsec'})[0m
    [0;33mchanged: [localhost] => (item={'groups': ['builders'], 'name': 'focal-sd-config'})[0m
    [0;33mchanged: [localhost] => (item={'groups': ['builders'], 'name': 'focal-sd-keyring'})[0m
    [0;33mchanged: [localhost] => (item={'groups': ['builders'], 'name': 'focal-sd-sec-update'})[0m
    [0;33mchanged: [localhost] => (item={'groups': ['testers'], 'name': 'focal-sd-dpkg-verification'})[0m
    
    PLAY RECAP *********************************************************************
    [0;33mlocalhost[0m                  : [0;32mok=2   [0m [0;33mchanged=1   [0m unreachable=0    failed=0    skipped=0    rescued=0    ignored=0
    
--> [36mInventory /home/user/securedrop/molecule/builder-focal/../../install_files/ansible-base/group_vars linked to /home/user/.cache/molecule/securedrop/builder-focal/inventory/group_vars[0m
--> [36mScenario: 'builder-focal'[0m
--> [36mAction: 'converge'[0m
    
    PLAY [Build SecureDrop application Debian package from local repository.] ******
    
    TASK [Gathering Facts] *********************************************************
    [0;32mok: [focal-sd-generic-ossec-server2][0m
    [0;32mok: [focal-sd-grsec][0m
    [0;32mok: [focal-sd-config][0m
    [0;32mok: [focal-sd-generic-ossec-agent][0m
    [0;32mok: [focal-sd-generic-ossec-agent2][0m
    [0;32mok: [focal-sd-generic-ossec-server][0m
    [0;32mok: [focal-sd-keyring][0m
    [0;32mok: [focal-sd-app][0m
    [0;32mok: [focal-sd-sec-update][0m
    
    TASK [build-securedrop-app-code-deb-pkg : Copy install_files/securedrop-app-code to prep directory] ***
    [0;33mchanged: [focal-sd-app][0m
    
    TASK [build-securedrop-app-code-deb-pkg : Copy app code to prep directory under var/www/securedrop] ***
    [0;33mchanged: [focal-sd-app][0m
    
    TASK [build-securedrop-app-code-deb-pkg : Copy setup.py to prep directory] *****
    [0;33mchanged: [focal-sd-app][0m
    
    TASK [build-securedrop-app-code-deb-pkg : Copy MANIFEST.in to prep directory] ***
    [0;33mchanged: [focal-sd-app][0m
    
    TASK [build-securedrop-app-code-deb-pkg : Copy translation-requirements.txt to prep directory] ***
    [0;33mchanged: [focal-sd-app][0m
    
    TASK [build-securedrop-app-code-deb-pkg : Copy requirements.txt to prep directory] ***
    [0;33mchanged: [focal-sd-app][0m
    
    TASK [build-securedrop-app-code-deb-pkg : Control the version of setuptools used in the default construction of virtual environments] ***
    [0;33mchanged: [focal-sd-app][0m
    
    TASK [build-ossec-deb-pkg : Create src path folder] ****************************
    [0;33mchanged: [focal-sd-generic-ossec-server] => (item=/tmp/build/ossec-server)[0m
    [0;32mok: [focal-sd-generic-ossec-server] => (item=/tmp/build)[0m
    
    TASK [build-securedrop-app-code-deb-pkg : Create virtualenv for translation work] ***
    [0;33mchanged: [focal-sd-app][0m
    
    TASK [build-ossec-deb-pkg : Install python-requests for URL fetching] **********
    [0;32mok: [focal-sd-generic-ossec-server][0m
    
    TASK [build-ossec-deb-pkg : Copy over current directory for repo build] ********
    [0;33mchanged: [focal-sd-generic-ossec-server][0m
    
    TASK [build-ossec-deb-pkg : Include OSSEC download URLs.] **********************
    [0;32mok: [focal-sd-generic-ossec-server][0m
    
    TASK [build-ossec-deb-pkg : Download OSSEC tarball.] ***************************
    [0;33mchanged: [focal-sd-generic-ossec-server][0m
[31m[1;35m[WARNING]: Module remote_tmp /root/.ansible/tmp did not exist and was created[0m[0m
[31m[1;35mwith a mode of 0700, this may cause issues when running as another user. To[0m[0m
[31m[1;35mavoid this, create the remote_tmp dir with the correct permissions manually[0m[0m
    
    TASK [build-ossec-deb-pkg : Download OSSEC signature.] *************************
    [0;33mchanged: [focal-sd-generic-ossec-server][0m
    
    TASK [build-ossec-deb-pkg : Copy OSSEC archive GPG key.] ***********************
    [0;33mchanged: [focal-sd-generic-ossec-server][0m
    
    TASK [build-ossec-deb-pkg : Create src path folder] ****************************
    [0;33mchanged: [focal-sd-generic-ossec-agent] => (item=/tmp/build/ossec-agent)[0m
    [0;32mok: [focal-sd-generic-ossec-agent] => (item=/tmp/build)[0m
    
    TASK [build-ossec-deb-pkg : Import OSSEC archive GPG key.] *********************
    [0;33mchanged: [focal-sd-generic-ossec-server][0m
    
    TASK [build-ossec-deb-pkg : Verify signature of OSSEC tarball.] ****************
    [0;33mchanged: [focal-sd-generic-ossec-server][0m
    
    TASK [build-ossec-deb-pkg : Install python-requests for URL fetching] **********
    [0;32mok: [focal-sd-generic-ossec-agent][0m
    
    TASK [build-ossec-deb-pkg : Copy over current directory for repo build] ********
    [0;33mchanged: [focal-sd-generic-ossec-agent][0m
    
    TASK [build-ossec-deb-pkg : Install apt dependencies for building OSSEC packages.] ***
    [0;33mchanged: [focal-sd-generic-ossec-server][0m
    
    TASK [build-ossec-deb-pkg : Include OSSEC download URLs.] **********************
    [0;32mok: [focal-sd-generic-ossec-agent][0m
    
    TASK [build-ossec-deb-pkg : Download OSSEC tarball.] ***************************
    [0;33mchanged: [focal-sd-generic-ossec-agent][0m
    
    TASK [build-ossec-deb-pkg : Extract OSSEC source tarball.] *********************
    [0;33mchanged: [focal-sd-generic-ossec-server][0m
    
    TASK [build-ossec-deb-pkg : Download OSSEC signature.] *************************
    [0;33mchanged: [focal-sd-generic-ossec-agent][0m
    
    TASK [build-ossec-deb-pkg : Create /etc directory within source directory.] ****
    [0;32mok: [focal-sd-generic-ossec-server][0m
    
    TASK [build-ossec-deb-pkg : Copy OSSEC archive GPG key.] ***********************
    [0;33mchanged: [focal-sd-generic-ossec-agent][0m
    
    TASK [build-generic-pkg : Ensure package name is set] **************************
    [0;32mok: [focal-sd-generic-ossec-server2] => {[0m
    [0;32m    "changed": false,[0m
    [0;32m    "msg": "All assertions passed"[0m
    [0;32m}[0m
    
    TASK [build-ossec-deb-pkg : Copy OSSEC preloaded vars template.] ***************
    [0;33mchanged: [focal-sd-generic-ossec-server][0m
    
    TASK [build-ossec-deb-pkg : Import OSSEC archive GPG key.] *********************
    [0;33mchanged: [focal-sd-generic-ossec-agent][0m
    
    TASK [build-generic-pkg : Ensure build directory in-place] *********************
    [0;32mok: [focal-sd-generic-ossec-server2][0m
    
    TASK [build-ossec-deb-pkg : Disable JIT in OSSEC Makefile] *********************
    [0;33mchanged: [focal-sd-generic-ossec-server][0m
    
    TASK [build-ossec-deb-pkg : Verify signature of OSSEC tarball.] ****************
    [0;33mchanged: [focal-sd-generic-ossec-agent][0m
    
    TASK [build-generic-pkg : Find any jinja templates] ****************************
    [0;32mok: [focal-sd-generic-ossec-agent2 -> localhost][0m
    [0;32mok: [focal-sd-config -> localhost][0m
    [0;32mok: [focal-sd-grsec -> localhost][0m
    
    TASK [build-generic-pkg : Copy app code to build directory.] *******************
    [0;33mchanged: [focal-sd-generic-ossec-server2][0m
    
    TASK [build-generic-pkg : Find any jinja templates] ****************************
    [0;32mok: [focal-sd-sec-update -> localhost][0m
    [0;32mok: [focal-sd-keyring -> localhost][0m
    [0;32mok: [focal-sd-generic-ossec-server2 -> localhost][0m
    
    TASK [build-generic-pkg : Create any necessary parent directories for jinja files] ***
    [0;32mok: [focal-sd-generic-ossec-server2] => (item={'path': '/home/user/securedrop/install_files/securedrop-ossec-server/DEBIAN/control.j2', 'mode': '0644', 'isdir': False, 'ischr': False, 'isblk': False, 'isreg': True, 'isfifo': False, 'islnk': False, 'issock': False, 'uid': 1000, 'gid': 1000, 'size': 750, 'inode': 1281, 'dev': 51728, 'nlink': 1, 'atime': 1665082513.948, 'mtime': 1665082399.306, 'ctime': 1665082399.306, 'gr_name': 'user', 'pw_name': 'user', 'wusr': True, 'rusr': True, 'xusr': False, 'wgrp': False, 'rgrp': True, 'xgrp': False, 'woth': False, 'roth': True, 'xoth': False, 'isuid': False, 'isgid': False})[0m
    
    TASK [build-generic-pkg : Ensure package name is set] **************************
    [0;32mok: [focal-sd-generic-ossec-agent2] => {[0m
    [0;32m    "changed": false,[0m
    [0;32m    "msg": "All assertions passed"[0m
    [0;32m}[0m
    
    TASK [build-generic-pkg : Ensure build directory in-place] *********************
    [0;32mok: [focal-sd-generic-ossec-agent2][0m
    
    TASK [build-generic-pkg : Template out any jinja files found and copy over] ****
    [0;33mchanged: [focal-sd-generic-ossec-server2] => (item={'path': '/home/user/securedrop/install_files/securedrop-ossec-server/DEBIAN/control.j2', 'mode': '0644', 'isdir': False, 'ischr': False, 'isblk': False, 'isreg': True, 'isfifo': False, 'islnk': False, 'issock': False, 'uid': 1000, 'gid': 1000, 'size': 750, 'inode': 1281, 'dev': 51728, 'nlink': 1, 'atime': 1665082513.948, 'mtime': 1665082399.306, 'ctime': 1665082399.306, 'gr_name': 'user', 'pw_name': 'user', 'wusr': True, 'rusr': True, 'xusr': False, 'wgrp': False, 'rgrp': True, 'xgrp': False, 'woth': False, 'roth': True, 'xoth': False, 'isuid': False, 'isgid': False})[0m
    
    TASK [build-generic-pkg : Find any jinja templates] ****************************
    [0;32mok: [focal-sd-grsec -> localhost][0m
    [0;32mok: [focal-sd-config -> localhost][0m
    
    TASK [build-generic-pkg : Copy app code to build directory.] *******************
    [0;33mchanged: [focal-sd-generic-ossec-agent2][0m
    
    TASK [build-generic-pkg : Find any jinja templates] ****************************
    [0;32mok: [focal-sd-sec-update -> localhost][0m
    
    TASK [build-generic-pkg : run bash script to build generic packages] ***********
    [0;33mchanged: [focal-sd-generic-ossec-server2][0m
    
    TASK [build-generic-pkg : Find any jinja templates] ****************************
    [0;32mok: [focal-sd-keyring -> localhost][0m
    [0;32mok: [focal-sd-generic-ossec-agent2 -> localhost][0m
    
    TASK [build-generic-pkg : Track down package] **********************************
    [0;32mok: [focal-sd-generic-ossec-server2][0m
    
    TASK [build-generic-pkg : Create any necessary parent directories for jinja files] ***
    [0;32mok: [focal-sd-generic-ossec-agent2] => (item={'path': '/home/user/securedrop/install_files/securedrop-ossec-agent/DEBIAN/control.j2', 'mode': '0644', 'isdir': False, 'ischr': False, 'isblk': False, 'isreg': True, 'isfifo': False, 'islnk': False, 'issock': False, 'uid': 1000, 'gid': 1000, 'size': 561, 'inode': 1259, 'dev': 51728, 'nlink': 1, 'atime': 1665082513.947, 'mtime': 1665082399.305, 'ctime': 1665082399.305, 'gr_name': 'user', 'pw_name': 'user', 'wusr': True, 'rusr': True, 'xusr': False, 'wgrp': False, 'rgrp': True, 'xgrp': False, 'woth': False, 'roth': True, 'xoth': False, 'isuid': False, 'isgid': False})[0m
    
    TASK [build-generic-pkg : Fetch back package] **********************************
    [0;33mchanged: [focal-sd-generic-ossec-server2] => (item={'path': '/tmp/securedrop-ossec-server-3.6.0+2.5.0~rc3+focal-amd64.deb', 'mode': '0644', 'isdir': False, 'ischr': False, 'isblk': False, 'isreg': True, 'isfifo': False, 'islnk': False, 'issock': False, 'uid': 0, 'gid': 0, 'size': 8624, 'inode': 50538, 'dev': 94, 'nlink': 1, 'atime': 1665083015.193, 'mtime': 1665083015.193, 'ctime': 1665083015.193, 'gr_name': 'root', 'pw_name': 'root', 'wusr': True, 'rusr': True, 'xusr': False, 'wgrp': False, 'rgrp': True, 'xgrp': False, 'woth': False, 'roth': True, 'xoth': False, 'isuid': False, 'isgid': False})[0m
    
    TASK [build-generic-pkg : Template out any jinja files found and copy over] ****
    [0;33mchanged: [focal-sd-generic-ossec-agent2] => (item={'path': '/home/user/securedrop/install_files/securedrop-ossec-agent/DEBIAN/control.j2', 'mode': '0644', 'isdir': False, 'ischr': False, 'isblk': False, 'isreg': True, 'isfifo': False, 'islnk': False, 'issock': False, 'uid': 1000, 'gid': 1000, 'size': 561, 'inode': 1259, 'dev': 51728, 'nlink': 1, 'atime': 1665082513.947, 'mtime': 1665082399.305, 'ctime': 1665082399.305, 'gr_name': 'user', 'pw_name': 'user', 'wusr': True, 'rusr': True, 'xusr': False, 'wgrp': False, 'rgrp': True, 'xgrp': False, 'woth': False, 'roth': True, 'xoth': False, 'isuid': False, 'isgid': False})[0m
    
    TASK [build-generic-pkg : Ensure package name is set] **************************
    [0;32mok: [focal-sd-keyring] => {[0m
    [0;32m    "changed": false,[0m
    [0;32m    "msg": "All assertions passed"[0m
    [0;32m}[0m
    
    TASK [build-generic-pkg : Find any jinja templates] ****************************
    [0;32mok: [focal-sd-config -> localhost][0m
    [0;32mok: [focal-sd-grsec -> localhost][0m
    
    TASK [build-generic-pkg : Find any jinja templates] ****************************
    [0;32mok: [focal-sd-generic-ossec-server2 -> localhost][0m
    
    TASK [build-generic-pkg : Ensure build directory in-place] *********************
    [0;32mok: [focal-sd-keyring][0m
    
    TASK [build-generic-pkg : Find any jinja templates] ****************************
    [0;32mok: [focal-sd-sec-update -> localhost][0m
    
    TASK [build-generic-pkg : run bash script to build generic packages] ***********
    [0;33mchanged: [focal-sd-generic-ossec-agent2][0m
    
    TASK [build-ossec-deb-pkg : Install apt dependencies for building OSSEC packages.] ***
    [0;33mchanged: [focal-sd-generic-ossec-agent][0m
    
    TASK [build-generic-pkg : Track down package] **********************************
    [0;32mok: [focal-sd-generic-ossec-agent2][0m
    
    TASK [build-generic-pkg : Copy app code to build directory.] *******************
    [0;33mchanged: [focal-sd-keyring][0m
    
    TASK [build-generic-pkg : Find any jinja templates] ****************************
    [0;32mok: [focal-sd-keyring -> localhost][0m
    
    TASK [build-generic-pkg : Fetch back package] **********************************
    [0;33mchanged: [focal-sd-generic-ossec-agent2] => (item={'path': '/tmp/securedrop-ossec-agent-3.6.0+2.5.0~rc3+focal-amd64.deb', 'mode': '0644', 'isdir': False, 'ischr': False, 'isblk': False, 'isreg': True, 'isfifo': False, 'islnk': False, 'issock': False, 'uid': 0, 'gid': 0, 'size': 4664, 'inode': 50936, 'dev': 82, 'nlink': 1, 'atime': 1665083028.064, 'mtime': 1665083028.064, 'ctime': 1665083028.064, 'gr_name': 'root', 'pw_name': 'root', 'wusr': True, 'rusr': True, 'xusr': False, 'wgrp': False, 'rgrp': True, 'xgrp': False, 'woth': False, 'roth': True, 'xoth': False, 'isuid': False, 'isgid': False})[0m
    
    TASK [build-generic-pkg : Ensure package name is set] **************************
    [0;32mok: [focal-sd-grsec] => {[0m
    [0;32m    "changed": false,[0m
    [0;32m    "msg": "All assertions passed"[0m
    [0;32m}[0m
    
    TASK [build-ossec-deb-pkg : Extract OSSEC source tarball.] *********************
    [0;33mchanged: [focal-sd-generic-ossec-agent][0m
    
    TASK [build-generic-pkg : Create any necessary parent directories for jinja files] ***
    [0;32mok: [focal-sd-keyring] => (item={'path': '/home/user/securedrop/install_files/securedrop-keyring/DEBIAN/control.j2', 'mode': '0644', 'isdir': False, 'ischr': False, 'isblk': False, 'isreg': True, 'isfifo': False, 'islnk': False, 'issock': False, 'uid': 1000, 'gid': 1000, 'size': 428, 'inode': 1251, 'dev': 51728, 'nlink': 1, 'atime': 1665082513.947, 'mtime': 1665082399.305, 'ctime': 1665082399.305, 'gr_name': 'user', 'pw_name': 'user', 'wusr': True, 'rusr': True, 'xusr': False, 'wgrp': False, 'rgrp': True, 'xgrp': False, 'woth': False, 'roth': True, 'xoth': False, 'isuid': False, 'isgid': False})[0m
    
    TASK [build-ossec-deb-pkg : Create /etc directory within source directory.] ****
    [0;32mok: [focal-sd-generic-ossec-agent][0m
    
    TASK [build-generic-pkg : Ensure build directory in-place] *********************
    [0;32mok: [focal-sd-grsec][0m
    
    TASK [build-generic-pkg : Find any jinja templates] ****************************
    [0;32mok: [focal-sd-config -> localhost][0m
    
    TASK [build-generic-pkg : Find any jinja templates] ****************************
    [0;32mok: [focal-sd-generic-ossec-agent2 -> localhost][0m
    
    TASK [build-generic-pkg : Template out any jinja files found and copy over] ****
    [0;33mchanged: [focal-sd-keyring] => (item={'path': '/home/user/securedrop/install_files/securedrop-keyring/DEBIAN/control.j2', 'mode': '0644', 'isdir': False, 'ischr': False, 'isblk': False, 'isreg': True, 'isfifo': False, 'islnk': False, 'issock': False, 'uid': 1000, 'gid': 1000, 'size': 428, 'inode': 1251, 'dev': 51728, 'nlink': 1, 'atime': 1665082513.947, 'mtime': 1665082399.305, 'ctime': 1665082399.305, 'gr_name': 'user', 'pw_name': 'user', 'wusr': True, 'rusr': True, 'xusr': False, 'wgrp': False, 'rgrp': True, 'xgrp': False, 'woth': False, 'roth': True, 'xoth': False, 'isuid': False, 'isgid': False})[0m
    
    TASK [build-generic-pkg : Find any jinja templates] ****************************
    [0;32mok: [focal-sd-sec-update -> localhost][0m
    
    TASK [build-generic-pkg : Find any jinja templates] ****************************
    [0;32mok: [focal-sd-generic-ossec-server2 -> localhost][0m
    
    TASK [build-generic-pkg : Copy app code to build directory.] *******************
    [0;33mchanged: [focal-sd-grsec][0m
    
    TASK [build-ossec-deb-pkg : Copy OSSEC preloaded vars template.] ***************
    [0;33mchanged: [focal-sd-generic-ossec-agent][0m
    
    TASK [build-generic-pkg : Find any jinja templates] ****************************
    [0;32mok: [focal-sd-grsec -> localhost][0m
    
    TASK [build-generic-pkg : run bash script to build generic packages] ***********
    [0;33mchanged: [focal-sd-keyring][0m
    
    TASK [build-ossec-deb-pkg : Disable JIT in OSSEC Makefile] *********************
    [0;33mchanged: [focal-sd-generic-ossec-agent][0m
    
    TASK [build-generic-pkg : Create any necessary parent directories for jinja files] ***
    [0;32mok: [focal-sd-grsec] => (item={'path': '/home/user/securedrop/install_files/securedrop-grsec-focal/DEBIAN/control.j2', 'mode': '0644', 'isdir': False, 'ischr': False, 'isblk': False, 'isreg': True, 'isfifo': False, 'islnk': False, 'issock': False, 'uid': 1000, 'gid': 1000, 'size': 558, 'inode': 1238, 'dev': 51728, 'nlink': 1, 'atime': 1665082513.947, 'mtime': 1665082399.304, 'ctime': 1665082399.304, 'gr_name': 'user', 'pw_name': 'user', 'wusr': True, 'rusr': True, 'xusr': False, 'wgrp': False, 'rgrp': True, 'xgrp': False, 'woth': False, 'roth': True, 'xoth': False, 'isuid': False, 'isgid': False})[0m
    
    TASK [build-generic-pkg : Track down package] **********************************
    [0;32mok: [focal-sd-keyring][0m
    
    TASK [build-generic-pkg : Create any necessary parent directories for jinja files] ***
    [0;32mok: [focal-sd-grsec] => (item={'path': '/home/user/securedrop/install_files/securedrop-grsec-focal/DEBIAN/postinst.j2', 'mode': '0755', 'isdir': False, 'ischr': False, 'isblk': False, 'isreg': True, 'isfifo': False, 'islnk': False, 'issock': False, 'uid': 1000, 'gid': 1000, 'size': 2176, 'inode': 1239, 'dev': 51728, 'nlink': 1, 'atime': 1665082513.947, 'mtime': 1665082399.305, 'ctime': 1665082399.305, 'gr_name': 'user', 'pw_name': 'user', 'wusr': True, 'rusr': True, 'xusr': True, 'wgrp': False, 'rgrp': True, 'xgrp': True, 'woth': False, 'roth': True, 'xoth': True, 'isuid': False, 'isgid': False})[0m
    
    TASK [build-generic-pkg : Ensure package name is set] **************************
    [0;32mok: [focal-sd-config] => {[0m
    [0;32m    "changed": false,[0m
    [0;32m    "msg": "All assertions passed"[0m
    [0;32m}[0m
    
    TASK [build-generic-pkg : Fetch back package] **********************************
    [0;33mchanged: [focal-sd-keyring] => (item={'path': '/tmp/securedrop-keyring-0.1.6+2.5.0~rc3+focal-amd64.deb', 'mode': '0644', 'isdir': False, 'ischr': False, 'isblk': False, 'isreg': True, 'isfifo': False, 'islnk': False, 'issock': False, 'uid': 0, 'gid': 0, 'size': 3732, 'inode': 51747, 'dev': 130, 'nlink': 1, 'atime': 1665083044.305, 'mtime': 1665083044.305, 'ctime': 1665083044.305, 'gr_name': 'root', 'pw_name': 'root', 'wusr': True, 'rusr': True, 'xusr': False, 'wgrp': False, 'rgrp': True, 'xgrp': False, 'woth': False, 'roth': True, 'xoth': False, 'isuid': False, 'isgid': False})[0m
    
    TASK [build-generic-pkg : Ensure build directory in-place] *********************
    [0;32mok: [focal-sd-config][0m
    
    TASK [build-generic-pkg : Template out any jinja files found and copy over] ****
    [0;33mchanged: [focal-sd-grsec] => (item={'path': '/home/user/securedrop/install_files/securedrop-grsec-focal/DEBIAN/control.j2', 'mode': '0644', 'isdir': False, 'ischr': False, 'isblk': False, 'isreg': True, 'isfifo': False, 'islnk': False, 'issock': False, 'uid': 1000, 'gid': 1000, 'size': 558, 'inode': 1238, 'dev': 51728, 'nlink': 1, 'atime': 1665082513.947, 'mtime': 1665082399.304, 'ctime': 1665082399.304, 'gr_name': 'user', 'pw_name': 'user', 'wusr': True, 'rusr': True, 'xusr': False, 'wgrp': False, 'rgrp': True, 'xgrp': False, 'woth': False, 'roth': True, 'xoth': False, 'isuid': False, 'isgid': False})[0m
    
    TASK [build-generic-pkg : Find any jinja templates] ****************************
    [0;32mok: [focal-sd-generic-ossec-agent2 -> localhost][0m
    
    TASK [build-generic-pkg : Find any jinja templates] ****************************
    [0;32mok: [focal-sd-sec-update -> localhost][0m
    
    TASK [build-generic-pkg : Find any jinja templates] ****************************
    [0;32mok: [focal-sd-generic-ossec-server2 -> localhost][0m
    
    TASK [build-generic-pkg : Copy app code to build directory.] *******************
    [0;33mchanged: [focal-sd-config][0m
    
    TASK [build-generic-pkg : Find any jinja templates] ****************************
    [0;32mok: [focal-sd-keyring -> localhost][0m
    
    TASK [build-ossec-deb-pkg : Run OSSEC installer script on extracted source.] ***
    [0;33mchanged: [focal-sd-generic-ossec-server][0m
    
    TASK [build-generic-pkg : Template out any jinja files found and copy over] ****
    [0;33mchanged: [focal-sd-grsec] => (item={'path': '/home/user/securedrop/install_files/securedrop-grsec-focal/DEBIAN/postinst.j2', 'mode': '0755', 'isdir': False, 'ischr': False, 'isblk': False, 'isreg': True, 'isfifo': False, 'islnk': False, 'issock': False, 'uid': 1000, 'gid': 1000, 'size': 2176, 'inode': 1239, 'dev': 51728, 'nlink': 1, 'atime': 1665082513.947, 'mtime': 1665082399.305, 'ctime': 1665082399.305, 'gr_name': 'user', 'pw_name': 'user', 'wusr': True, 'rusr': True, 'xusr': True, 'wgrp': False, 'rgrp': True, 'xgrp': True, 'woth': False, 'roth': True, 'xoth': True, 'isuid': False, 'isgid': False})[0m
    
    TASK [build-generic-pkg : Find any jinja templates] ****************************
    [0;32mok: [focal-sd-config -> localhost][0m
    
    TASK [build-ossec-deb-pkg : Create OSSEC build directory.] *********************
    [0;33mchanged: [focal-sd-generic-ossec-server] => (item=/tmp/build/ossec-server-3.6.0+focal-amd64)[0m
    
    TASK [build-generic-pkg : run bash script to build generic packages] ***********
    [0;33mchanged: [focal-sd-grsec][0m
    
    TASK [build-ossec-deb-pkg : Create OSSEC build directory.] *********************
    [0;33mchanged: [focal-sd-generic-ossec-server] => (item=/tmp/build/ossec-server-3.6.0+focal-amd64/var)[0m
    
    TASK [build-generic-pkg : Create any necessary parent directories for jinja files] ***
    [0;32mok: [focal-sd-config] => (item={'path': '/home/user/securedrop/install_files/securedrop-config-focal/DEBIAN/control.j2', 'mode': '0644', 'isdir': False, 'ischr': False, 'isblk': False, 'isreg': True, 'isfifo': False, 'islnk': False, 'issock': False, 'uid': 1000, 'gid': 1000, 'size': 414, 'inode': 1226, 'dev': 51728, 'nlink': 1, 'atime': 1665082513.947, 'mtime': 1665082399.304, 'ctime': 1665082399.304, 'gr_name': 'user', 'pw_name': 'user', 'wusr': True, 'rusr': True, 'xusr': False, 'wgrp': False, 'rgrp': True, 'xgrp': False, 'woth': False, 'roth': True, 'xoth': False, 'isuid': False, 'isgid': False})[0m
    
    TASK [build-generic-pkg : Track down package] **********************************
    [0;32mok: [focal-sd-grsec][0m
    
    TASK [build-ossec-deb-pkg : Remove client.keys to avoid overwriting existing client.keys] ***
    [0;33mchanged: [focal-sd-generic-ossec-server][0m
    
    TASK [build-generic-pkg : Fetch back package] **********************************
    [0;33mchanged: [focal-sd-grsec] => (item={'path': '/tmp/securedrop-grsec-5.15.57+focal-amd64.deb', 'mode': '0644', 'isdir': False, 'ischr': False, 'isblk': False, 'isreg': True, 'isfifo': False, 'islnk': False, 'issock': False, 'uid': 0, 'gid': 0, 'size': 3044, 'inode': 51024, 'dev': 106, 'nlink': 1, 'atime': 1665083070.039, 'mtime': 1665083070.039, 'ctime': 1665083070.039, 'gr_name': 'root', 'pw_name': 'root', 'wusr': True, 'rusr': True, 'xusr': False, 'wgrp': False, 'rgrp': True, 'xgrp': False, 'woth': False, 'roth': True, 'xoth': False, 'isuid': False, 'isgid': False})[0m
    
    TASK [build-ossec-deb-pkg : Copy /var/ossec/ to OSSEC build directory.] ********
    [0;33mchanged: [focal-sd-generic-ossec-server][0m
    
    TASK [build-generic-pkg : Template out any jinja files found and copy over] ****
    [0;33mchanged: [focal-sd-config] => (item={'path': '/home/user/securedrop/install_files/securedrop-config-focal/DEBIAN/control.j2', 'mode': '0644', 'isdir': False, 'ischr': False, 'isblk': False, 'isreg': True, 'isfifo': False, 'islnk': False, 'issock': False, 'uid': 1000, 'gid': 1000, 'size': 414, 'inode': 1226, 'dev': 51728, 'nlink': 1, 'atime': 1665082513.947, 'mtime': 1665082399.304, 'ctime': 1665082399.304, 'gr_name': 'user', 'pw_name': 'user', 'wusr': True, 'rusr': True, 'xusr': False, 'wgrp': False, 'rgrp': True, 'xgrp': False, 'woth': False, 'roth': True, 'xoth': False, 'isuid': False, 'isgid': False})[0m
    
    TASK [build-generic-pkg : Find any jinja templates] ****************************
    [0;32mok: [focal-sd-generic-ossec-agent2 -> localhost][0m
    [0;32mok: [focal-sd-generic-ossec-server2 -> localhost][0m
    
    TASK [build-ossec-deb-pkg : Copy OSSEC DEBIAN package scripts to build directory.] ***
    [0;33mchanged: [focal-sd-generic-ossec-server][0m
    
    TASK [build-generic-pkg : Find any jinja templates] ****************************
    [0;32mok: [focal-sd-keyring -> localhost][0m
    
    TASK [build-generic-pkg : run bash script to build generic packages] ***********
    [0;33mchanged: [focal-sd-config][0m
    
    TASK [build-generic-pkg : Find any jinja templates] ****************************
    [0;32mok: [focal-sd-grsec -> localhost][0m
    
    TASK [build-generic-pkg : Track down package] **********************************
    [0;32mok: [focal-sd-config][0m
    
    TASK [build-ossec-deb-pkg : Copy OSSEC DEBIAN/control template to build directory.] ***
    [0;33mchanged: [focal-sd-generic-ossec-server][0m
    
    TASK [build-generic-pkg : Fetch back package] **********************************
    [0;33mchanged: [focal-sd-config] => (item={'path': '/tmp/securedrop-config-0.1.4+2.5.0~rc3+focal-amd64.deb', 'mode': '0644', 'isdir': False, 'ischr': False, 'isblk': False, 'isreg': True, 'isfifo': False, 'islnk': False, 'issock': False, 'uid': 0, 'gid': 0, 'size': 3116, 'inode': 52177, 'dev': 118, 'nlink': 1, 'atime': 1665083087.698, 'mtime': 1665083087.698, 'ctime': 1665083087.698, 'gr_name': 'root', 'pw_name': 'root', 'wusr': True, 'rusr': True, 'xusr': False, 'wgrp': False, 'rgrp': True, 'xgrp': False, 'woth': False, 'roth': True, 'xoth': False, 'isuid': False, 'isgid': False})[0m
    
    TASK [build-ossec-deb-pkg : Copy OSSEC /usr and /etc directories to build directory.] ***
    [0;33mchanged: [focal-sd-generic-ossec-server] => (item=etc)[0m
    [0;33mchanged: [focal-sd-generic-ossec-server] => (item=usr)[0m
    
    TASK [build-ossec-deb-pkg : Run OSSEC installer script on extracted source.] ***
    [0;33mchanged: [focal-sd-generic-ossec-agent][0m
    
    TASK [build-ossec-deb-pkg : Delete the old service file] ***********************
    [0;33mchanged: [focal-sd-generic-ossec-server][0m
    
    TASK [build-ossec-deb-pkg : Create OSSEC build directory.] *********************
    [0;33mchanged: [focal-sd-generic-ossec-agent] => (item=/tmp/build/ossec-agent-3.6.0+focal-amd64)[0m
    [0;33mchanged: [focal-sd-generic-ossec-agent] => (item=/tmp/build/ossec-agent-3.6.0+focal-amd64/var)[0m
    
    TASK [build-ossec-deb-pkg : Create directory for our systemd based service file] ***
    [0;33mchanged: [focal-sd-generic-ossec-server][0m
    
    TASK [build-ossec-deb-pkg : Remove client.keys to avoid overwriting existing client.keys] ***
    [0;33mchanged: [focal-sd-generic-ossec-agent][0m
    
    TASK [build-ossec-deb-pkg : Copy /var/ossec/ to OSSEC build directory.] ********
    [0;33mchanged: [focal-sd-generic-ossec-agent][0m
    
    TASK [build-ossec-deb-pkg : Copy our systemd based service file for ossec-server] ***
    [0;33mchanged: [focal-sd-generic-ossec-server][0m
    
    TASK [build-ossec-deb-pkg : Copy OSSEC DEBIAN package scripts to build directory.] ***
    [0;33mchanged: [focal-sd-generic-ossec-agent][0m
    
    TASK [Update apt-cache for our security checker] *******************************
    [0;33mchanged: [focal-sd-sec-update][0m
    
    TASK [build-ossec-deb-pkg : Copy OSSEC DEBIAN/control template to build directory.] ***
    [0;33mchanged: [focal-sd-generic-ossec-agent][0m
    
    TASK [build-ossec-deb-pkg : Copy OSSEC /usr and /etc directories to build directory.] ***
    [0;33mchanged: [focal-sd-generic-ossec-agent] => (item=etc)[0m
    [0;33mchanged: [focal-sd-generic-ossec-agent] => (item=usr)[0m
    
    TASK [build-ossec-deb-pkg : Delete the old service file] ***********************
    [0;33mchanged: [focal-sd-generic-ossec-agent][0m
    
    TASK [build-ossec-deb-pkg : Create directory for our systemd based service file] ***
    [0;33mchanged: [focal-sd-generic-ossec-agent][0m
    
    TASK [build-ossec-deb-pkg : Build SecureDrop OSSEC deb package.] ***************
    [0;33mchanged: [focal-sd-generic-ossec-server][0m
    
    TASK [build-ossec-deb-pkg : Delete OSSEC build directories and config files.] ***
    [0;33mchanged: [focal-sd-generic-ossec-server] => (item=/etc/init.d/ossec)[0m
    [0;33mchanged: [focal-sd-generic-ossec-server] => (item=/etc/ossec-init.conf)[0m
    [0;33mchanged: [focal-sd-generic-ossec-server] => (item=/var/ossec)[0m
    
    TASK [build-ossec-deb-pkg : Copy our systemd based service file for ossec-agent] ***
    [0;33mchanged: [focal-sd-generic-ossec-agent][0m
    
    TASK [build-ossec-deb-pkg : Delete OSSEC build directories and config files.] ***
    [0;33mchanged: [focal-sd-generic-ossec-server] => (item=/tmp/OSSEC-ARCHIVE-KEY.asc)[0m
    
    TASK [build-ossec-deb-pkg : Fetch newly built Debian packages back to localhost.] ***
    [0;33mchanged: [focal-sd-generic-ossec-server][0m
    
    TASK [build-ossec-deb-pkg : Build SecureDrop OSSEC deb package.] ***************
    [0;33mchanged: [focal-sd-generic-ossec-agent][0m
    
    TASK [build-ossec-deb-pkg : Delete OSSEC build directories and config files.] ***
    [0;33mchanged: [focal-sd-generic-ossec-agent] => (item=/etc/init.d/ossec)[0m
    [0;33mchanged: [focal-sd-generic-ossec-agent] => (item=/etc/ossec-init.conf)[0m
    [0;33mchanged: [focal-sd-generic-ossec-agent] => (item=/var/ossec)[0m
    [0;33mchanged: [focal-sd-generic-ossec-agent] => (item=/tmp/OSSEC-ARCHIVE-KEY.asc)[0m
    
    TASK [build-ossec-deb-pkg : Fetch newly built Debian packages back to localhost.] ***
    [0;33mchanged: [focal-sd-generic-ossec-agent][0m
    
    TASK [build-generic-pkg : Find any jinja templates] ****************************
    [0;32mok: [focal-sd-generic-ossec-agent -> localhost][0m
    
    TASK [build-generic-pkg : Find any jinja templates] ****************************
    [0;32mok: [focal-sd-generic-ossec-agent -> localhost][0m
    
    TASK [build-generic-pkg : Find any jinja templates] ****************************
    [0;32mok: [focal-sd-generic-ossec-server -> localhost][0m
    
    TASK [build-generic-pkg : Find any jinja templates] ****************************
    [0;32mok: [focal-sd-generic-ossec-agent -> localhost][0m
    
    TASK [build-generic-pkg : Find any jinja templates] ****************************
    [0;32mok: [focal-sd-generic-ossec-server -> localhost][0m
    
    TASK [build-generic-pkg : Find any jinja templates] ****************************
    [0;32mok: [focal-sd-generic-ossec-agent -> localhost][0m
    
    TASK [build-generic-pkg : Find any jinja templates] ****************************
    [0;32mok: [focal-sd-generic-ossec-server -> localhost][0m
    
    TASK [build-generic-pkg : Find any jinja templates] ****************************
    [0;32mok: [focal-sd-generic-ossec-agent -> localhost][0m
    
    TASK [build-generic-pkg : Find any jinja templates] ****************************
    [0;32mok: [focal-sd-generic-ossec-server -> localhost][0m
    
    TASK [build-generic-pkg : Find any jinja templates] ****************************
    [0;32mok: [focal-sd-generic-ossec-server -> localhost][0m
    
    TASK [build-securedrop-app-code-deb-pkg : Install SecureDrop Python requirements in virtualenv for translation work] ***
    [0;33mchanged: [focal-sd-app][0m
    
    TASK [build-securedrop-app-code-deb-pkg : Compile PO to MO.] *******************
    [0;33mchanged: [focal-sd-app][0m
    
    TASK [build-securedrop-app-code-deb-pkg : Create apparmor.d directory in prep directory] ***
    [0;33mchanged: [focal-sd-app][0m
    
    TASK [build-securedrop-app-code-deb-pkg : Copy AppArmor profiles to prep path] ***
    [0;33mchanged: [focal-sd-app] => (item=usr.sbin.tor)[0m
    [0;33mchanged: [focal-sd-app] => (item=usr.sbin.apache2)[0m
    
    TASK [build-securedrop-app-code-deb-pkg : Replace placeholder changelog to dist-specific changelog] ***
    [0;33mchanged: [focal-sd-app][0m
    
    TASK [build-securedrop-app-code-deb-pkg : Create the control file based on distribution] ***
    [0;33mchanged: [focal-sd-app][0m
    
    TASK [build-securedrop-app-code-deb-pkg : Create lib/systemd/services directory in prep directory] ***
    [0;33mchanged: [focal-sd-app][0m
    
    TASK [build-securedrop-app-code-deb-pkg : Copy systemd service configurations to prep path] ***
    [0;33mchanged: [focal-sd-app] => (item=securedrop_rqrequeue.service)[0m
    [0;33mchanged: [focal-sd-app] => (item=securedrop_rqworker.service)[0m
    [0;33mchanged: [focal-sd-app] => (item=securedrop_shredder.service)[0m
    [0;33mchanged: [focal-sd-app] => (item=securedrop_source_deleter.service)[0m
    
    TASK [build-securedrop-app-code-deb-pkg : Create sdist in prep dir] ************
    [0;33mchanged: [focal-sd-app][0m
    
    TASK [build-securedrop-app-code-deb-pkg : Create build dir] ********************
    [0;33mchanged: [focal-sd-app][0m
    
    TASK [build-securedrop-app-code-deb-pkg : Extract sdist to build dir] **********
    [0;33mchanged: [focal-sd-app][0m
    
    TASK [build-securedrop-app-code-deb-pkg : Create empty static asset directories in build dir] ***
    [0;33mchanged: [focal-sd-app] => (item=/tmp/securedrop-app-code_2.5.0~rc3+focal_amd64/var/www/securedrop/.well-known/pki-validation)[0m
    
    TASK [build-securedrop-app-code-deb-pkg : Build securedrop-app-code Debian package] ***
    [0;33mchanged: [focal-sd-app][0m
    
    TASK [build-securedrop-app-code-deb-pkg : Find newly built Debian package] *****
    [0;32mok: [focal-sd-app][0m
    
    TASK [build-securedrop-app-code-deb-pkg : Fetch newly built Debian packages back to localhost] ***
    [0;33mchanged: [focal-sd-app] => (item={'path': '/tmp/securedrop-app-code_2.5.0~rc3+focal.tar.gz', 'mode': '0644', 'isdir': False, 'ischr': False, 'isblk': False, 'isreg': True, 'isfifo': False, 'islnk': False, 'issock': False, 'uid': 0, 'gid': 0, 'size': 2108583, 'inode': 41199, 'dev': 46, 'nlink': 1, 'atime': 1665083415.287, 'mtime': 1665083415.279, 'ctime': 1665083415.283, 'gr_name': 'root', 'pw_name': 'root', 'wusr': True, 'rusr': True, 'xusr': False, 'wgrp': False, 'rgrp': True, 'xgrp': False, 'woth': False, 'roth': True, 'xoth': False, 'isuid': False, 'isgid': False})[0m
    [0;33mchanged: [focal-sd-app] => (item={'path': '/tmp/securedrop-app-code_2.5.0~rc3+focal_amd64.deb', 'mode': '0644', 'isdir': False, 'ischr': False, 'isblk': False, 'isreg': True, 'isfifo': False, 'islnk': False, 'issock': False, 'uid': 0, 'gid': 0, 'size': 13538340, 'inode': 41955, 'dev': 46, 'nlink': 1, 'atime': 1665083738.609, 'mtime': 1665083738.445, 'ctime': 1665083738.445, 'gr_name': 'root', 'pw_name': 'root', 'wusr': True, 'rusr': True, 'xusr': False, 'wgrp': False, 'rgrp': True, 'xgrp': False, 'woth': False, 'roth': True, 'xoth': False, 'isuid': False, 'isgid': False})[0m
    
    TASK [build-generic-pkg : Find any jinja templates] ****************************
    [0;32mok: [focal-sd-app -> localhost][0m
    
    TASK [build-generic-pkg : Find any jinja templates] ****************************
    [0;32mok: [focal-sd-app -> localhost][0m
    
    TASK [build-generic-pkg : Find any jinja templates] ****************************
    [0;32mok: [focal-sd-app -> localhost][0m
    
    TASK [build-generic-pkg : Find any jinja templates] ****************************
    [0;32mok: [focal-sd-app -> localhost][0m
    
    TASK [build-generic-pkg : Find any jinja templates] ****************************
    [0;32mok: [focal-sd-app -> localhost][0m
    
    PLAY [Give dpkg verify container access to debs] *******************************
    
    TASK [Discover local debian build files] ***************************************
    [0;32mok: [focal-sd-dpkg-verification -> localhost][0m
    
    TASK [Create build dir] ********************************************************
    [0;32mok: [focal-sd-dpkg-verification][0m
    
    TASK [Drop debian files into container] ****************************************
    [0;33mchanged: [focal-sd-dpkg-verification] => (item={'path': '/home/user/securedrop/build/focal/ossec-server-3.6.0+focal-amd64.deb', 'mode': '0644', 'isdir': False, 'ischr': False, 'isblk': False, 'isreg': True, 'isfifo': False, 'islnk': False, 'issock': False, 'uid': 1000, 'gid': 1000, 'size': 738364, 'inode': 29850, 'dev': 51728, 'nlink': 1, 'atime': 1665083121.905, 'mtime': 1665083121.904, 'ctime': 1665083121.904, 'gr_name': 'user', 'pw_name': 'user', 'wusr': True, 'rusr': True, 'xusr': False, 'wgrp': False, 'rgrp': True, 'xgrp': False, 'woth': False, 'roth': True, 'xoth': False, 'isuid': False, 'isgid': False})[0m
    [0;33mchanged: [focal-sd-dpkg-verification] => (item={'path': '/home/user/securedrop/build/focal/securedrop-keyring-0.1.6+2.5.0~rc3+focal-amd64.deb', 'mode': '0644', 'isdir': False, 'ischr': False, 'isblk': False, 'isreg': True, 'isfifo': False, 'islnk': False, 'issock': False, 'uid': 1000, 'gid': 1000, 'size': 3732, 'inode': 29848, 'dev': 51728, 'nlink': 1, 'atime': 1665083052.905, 'mtime': 1665083052.905, 'ctime': 1665083052.905, 'gr_name': 'user', 'pw_name': 'user', 'wusr': True, 'rusr': True, 'xusr': False, 'wgrp': False, 'rgrp': True, 'xgrp': False, 'woth': False, 'roth': True, 'xoth': False, 'isuid': False, 'isgid': False})[0m
    [0;33mchanged: [focal-sd-dpkg-verification] => (item={'path': '/home/user/securedrop/build/focal/securedrop-config-0.1.4+2.5.0~rc3+focal-amd64.deb', 'mode': '0644', 'isdir': False, 'ischr': False, 'isblk': False, 'isreg': True, 'isfifo': False, 'islnk': False, 'issock': False, 'uid': 1000, 'gid': 1000, 'size': 3116, 'inode': 29849, 'dev': 51728, 'nlink': 1, 'atime': 1665083096.507, 'mtime': 1665083096.507, 'ctime': 1665083096.507, 'gr_name': 'user', 'pw_name': 'user', 'wusr': True, 'rusr': True, 'xusr': False, 'wgrp': False, 'rgrp': True, 'xgrp': False, 'woth': False, 'roth': True, 'xoth': False, 'isuid': False, 'isgid': False})[0m
    [0;33mchanged: [focal-sd-dpkg-verification] => (item={'path': '/home/user/securedrop/build/focal/securedrop-ossec-server-3.6.0+2.5.0~rc3+focal-amd64.deb', 'mode': '0644', 'isdir': False, 'ischr': False, 'isblk': False, 'isreg': True, 'isfifo': False, 'islnk': False, 'issock': False, 'uid': 1000, 'gid': 1000, 'size': 8624, 'inode': 29846, 'dev': 51728, 'nlink': 1, 'atime': 1665083020.745, 'mtime': 1665083020.745, 'ctime': 1665083020.745, 'gr_name': 'user', 'pw_name': 'user', 'wusr': True, 'rusr': True, 'xusr': False, 'wgrp': False, 'rgrp': True, 'xgrp': False, 'woth': False, 'roth': True, 'xoth': False, 'isuid': False, 'isgid': False})[0m
    [0;33mchanged: [focal-sd-dpkg-verification] => (item={'path': '/home/user/securedrop/build/focal/securedrop-app-code_2.5.0~rc3+focal_amd64.deb', 'mode': '0644', 'isdir': False, 'ischr': False, 'isblk': False, 'isreg': True, 'isfifo': False, 'islnk': False, 'issock': False, 'uid': 1000, 'gid': 1000, 'size': 13538340, 'inode': 29854, 'dev': 51728, 'nlink': 1, 'atime': 1665083741.546, 'mtime': 1665083741.537, 'ctime': 1665083741.537, 'gr_name': 'user', 'pw_name': 'user', 'wusr': True, 'rusr': True, 'xusr': False, 'wgrp': False, 'rgrp': True, 'xgrp': False, 'woth': False, 'roth': True, 'xoth': False, 'isuid': False, 'isgid': False})[0m
    [0;33mchanged: [focal-sd-dpkg-verification] => (item={'path': '/home/user/securedrop/build/focal/securedrop-ossec-agent-3.6.0+2.5.0~rc3+focal-amd64.deb', 'mode': '0644', 'isdir': False, 'ischr': False, 'isblk': False, 'isreg': True, 'isfifo': False, 'islnk': False, 'issock': False, 'uid': 1000, 'gid': 1000, 'size': 4664, 'inode': 29847, 'dev': 51728, 'nlink': 1, 'atime': 1665083033.346, 'mtime': 1665083033.346, 'ctime': 1665083033.346, 'gr_name': 'user', 'pw_name': 'user', 'wusr': True, 'rusr': True, 'xusr': False, 'wgrp': False, 'rgrp': True, 'xgrp': False, 'woth': False, 'roth': True, 'xoth': False, 'isuid': False, 'isgid': False})[0m
    [0;33mchanged: [focal-sd-dpkg-verification] => (item={'path': '/home/user/securedrop/build/focal/securedrop-grsec-5.15.57+focal-amd64.deb', 'mode': '0644', 'isdir': False, 'ischr': False, 'isblk': False, 'isreg': True, 'isfifo': False, 'islnk': False, 'issock': False, 'uid': 1000, 'gid': 1000, 'size': 3044, 'inode': 29851, 'dev': 51728, 'nlink': 1, 'atime': 1665083080.461, 'mtime': 1665083080.46, 'ctime': 1665083080.46, 'gr_name': 'user', 'pw_name': 'user', 'wusr': True, 'rusr': True, 'xusr': False, 'wgrp': False, 'rgrp': True, 'xgrp': False, 'woth': False, 'roth': True, 'xoth': False, 'isuid': False, 'isgid': False})[0m
    [0;33mchanged: [focal-sd-dpkg-verification] => (item={'path': '/home/user/securedrop/build/focal/ossec-agent-3.6.0+focal-amd64.deb', 'mode': '0644', 'isdir': False, 'ischr': False, 'isblk': False, 'isreg': True, 'isfifo': False, 'islnk': False, 'issock': False, 'uid': 1000, 'gid': 1000, 'size': 288640, 'inode': 29852, 'dev': 51728, 'nlink': 1, 'atime': 1665083129.925, 'mtime': 1665083129.924, 'ctime': 1665083129.924, 'gr_name': 'user', 'pw_name': 'user', 'wusr': True, 'rusr': True, 'xusr': False, 'wgrp': False, 'rgrp': True, 'xgrp': False, 'woth': False, 'roth': True, 'xoth': False, 'isuid': False, 'isgid': False})[0m
    
    PLAY RECAP *********************************************************************
    [0;33mfocal-sd-app[0m               : [0;32mok=29  [0m [0;33mchanged=22  [0m unreachable=0    failed=0    [0;36mskipped=97  [0m rescued=0    ignored=0
    [0;33mfocal-sd-config[0m            : [0;32mok=14  [0m [0;33mchanged=4   [0m unreachable=0    failed=0    [0;36mskipped=112 [0m rescued=0    ignored=0
    [0;33mfocal-sd-dpkg-verification[0m : [0;32mok=3   [0m [0;33mchanged=1   [0m unreachable=0    failed=0    skipped=0    rescued=0    ignored=0
    [0;33mfocal-sd-generic-ossec-agent[0m : [0;32mok=33  [0m [0;33mchanged=24  [0m unreachable=0    failed=0    [0;36mskipped=93  [0m rescued=0    ignored=0
    [0;33mfocal-sd-generic-ossec-agent2[0m : [0;32mok=14  [0m [0;33mchanged=4   [0m unreachable=0    failed=0    [0;36mskipped=112 [0m rescued=0    ignored=0
    [0;33mfocal-sd-generic-ossec-server[0m : [0;32mok=33  [0m [0;33mchanged=24  [0m unreachable=0    failed=0    [0;36mskipped=93  [0m rescued=0    ignored=0
    [0;33mfocal-sd-generic-ossec-server2[0m : [0;32mok=14  [0m [0;33mchanged=4   [0m unreachable=0    failed=0    [0;36mskipped=112 [0m rescued=0    ignored=0
    [0;33mfocal-sd-grsec[0m             : [0;32mok=14  [0m [0;33mchanged=4   [0m unreachable=0    failed=0    [0;36mskipped=112 [0m rescued=0    ignored=0
    [0;33mfocal-sd-keyring[0m           : [0;32mok=14  [0m [0;33mchanged=4   [0m unreachable=0    failed=0    [0;36mskipped=112 [0m rescued=0    ignored=0
    [0;33mfocal-sd-sec-update[0m        : [0;32mok=7   [0m [0;33mchanged=1   [0m unreachable=0    failed=0    [0;36mskipped=119 [0m rescued=0    ignored=0
    
--> [36mInventory /home/user/securedrop/molecule/builder-focal/../../install_files/ansible-base/group_vars linked to /home/user/.cache/molecule/securedrop/builder-focal/inventory/group_vars[0m
--> [36mScenario: 'builder-focal'[0m
--> [36mAction: 'verify'[0m
--> [36mExecuting Testinfra tests found in /home/user/securedrop/molecule/builder-focal/tests/...[0m
    [1m============================= test session starts ==============================[0m
    platform linux -- Python 3.9.2, pytest-6.1.1, py-1.10.0, pluggy-0.13.1
    rootdir: /home/user/securedrop/molecule, configfile: pytest.ini
    plugins: testinfra-5.3.1, xdist-2.1.0, forked-1.3.0
    [1mgw0 I / gw1 I[0m[1mgw0 C / gw1 I[0m[1mgw0 C / gw1 C[0m[1mgw0 ok / gw1 C[0m[1mgw0 ok / gw1 ok[0m[1mgw0 ok / gw1 [145][0m[1mgw0 [145] / gw1 [145][0m
    [32m.[0m[32m.[0m[32m.[0m[32m.[0m[32m.[0m[32m.[0m[32m.[0m[32m.[0m[32m.[0m[32m.[0m[32m.[0m[32m.[0m[32m.[0m[32m.[0m[32m.[0m[32m.[0m[32m.[0m[32m.[0m[32m.[0m[32m.[0m[32m.[0m[32m.[0m[32m.[0m[32m.[0m[32m.[0m[32m.[0m[32m.[0m[32m.[0m[32m.[0m[32m.[0m[32m.[0m[32m.[0m[32m.[0m[32m.[0m[32m.[0m[32m.[0m[32m.[0m[32m.[0m[32m.[0m[32m.[0m[32m.[0m[32m.[0m[32m.[0m[32m.[0m[32m.[0m[32m.[0m[32m.[0m[32m.[0m[32m.[0m[32m.[0m[32m.[0m[32m.[0m[32m.[0m[32m.[0m[32m.[0m[32m.[0m[32m.[0m[32m.[0m[32m.[0m[32m.[0m[32m.[0m[32m.[0m[32m.[0m[32m.[0m[32m.[0m[32m.[0m[32m.[0m[32m.[0m[32m.[0m[32m.[0m[32m.[0m[32m.[0m[32m [ 49%]
    [0m[32m.[0m[32m.[0m[32m.[0m[32m.[0m[32m.[0m[32m.[0m[32m.[0m[32m.[0m[32m.[0m[32m.[0m[32m.[0m[32m.[0m[32m.[0m[32m.[0m[32m.[0m[32m.[0m[32m.[0m[32m.[0m[32m.[0m[32m.[0m[32m.[0m[32m.[0m[32m.[0m[32m.[0m[32m.[0m[32m.[0m[32m.[0m[32m.[0m[32m.[0m[32m.[0m[32m.[0m[32m.[0m[32m.[0m[32m.[0m[32m.[0m[32m.[0m[32m.[0m[32m.[0m[32m.[0m[32m.[0m[32m.[0m[32m.[0m[32m.[0m[32m.[0m[32m.[0m[32m.[0m[32m.[0m[32m.[0m[32m.[0m[32m.[0m[32m.[0m[32m.[0m[32m.[0m[32m.[0m[32m.[0m[32m.[0m[33mx[0m[32m.[0m[32m.[0m[32m.[0m[31mF[0m[32m.[0m[32m.[0m[32m.[0m[32m.[0m[32m.[0m[32m.[0m[32m.[0m[32m.[0m[32m.[0m[32m.[0m[32m.[0m[31m [ 99%]
    [0m[32m.[0m[31m                                                                        [100%][0m
    =================================== FAILURES ===================================
    [31m[1m__________ test_ensure_no_updates_avail[docker://focal-sd-sec-update] __________[0m
    [gw1] linux -- Python 3.9.2 /home/user/securedrop/.venv/bin/python
    
    host = <testinfra.host.Host docker://focal-sd-sec-update>
    
        @pytest.mark.skipif(not test_should_run(), reason="Only tested for RCs and builder updates")
        def test_ensure_no_updates_avail(host):
            """
            Test to make sure that there are no security-updates in the
            base builder container.
            """
            # Filter out all the security repos to their own file
            # without this change all the package updates appeared as if they were
            # coming from normal ubuntu update channel (since they get posted to both)
            host.run('egrep "^deb.*security" /etc/apt/sources.list > /tmp/sec.list')
    
            dist_upgrade_simulate = host.run(
                "apt-get -s dist-upgrade "
                "-oDir::Etc::Sourcelist=/tmp/sec.list "
                '|grep "^Inst" |grep -i security'
            )
    
            # If the grep was successful that means security package updates found
            # otherwise we get a non-zero exit code so no updates needed.
    >       assert dist_upgrade_simulate.rc != 0
    [1m[31mE       assert 0 != 0[0m
    [1m[31mE        +  where 0 = CommandResult(command=b'apt-get -s dist-upgrade -oDir::Etc::Sourcelist=/tmp/sec.list |grep "^Inst" |grep -i security',...stdout=b'Inst tzdata [2022a-0ubuntu0.20.04] (2022c-0ubuntu0.20.04.0 Ubuntu:20.04/focal-security [all])\n', stderr=None).rc[0m
    
    [1m[31mtests/test_security_updates.py[0m:46: AssertionError
    =========================== short test summary info ============================
    FAILED tests/test_security_updates.py::test_ensure_no_updates_avail[docker:/focal-sd-sec-update]
    [31m============= [31m[1m1 failed[0m, [32m143 passed[0m, [33m1 xfailed[0m[31m in 71.73s (0:01:11)[0m[31m ==============[0m
[33mAn error occurred during the test sequence action: 'verify'. Cleaning up.[0m
--> [36mInventory /home/user/securedrop/molecule/builder-focal/../../install_files/ansible-base/group_vars linked to /home/user/.cache/molecule/securedrop/builder-focal/inventory/group_vars[0m
--> [36mScenario: 'builder-focal'[0m
--> [36mAction: 'cleanup'[0m
[33mSkipping, cleanup playbook not configured.[0m
--> [36mInventory /home/user/securedrop/molecule/builder-focal/../../install_files/ansible-base/group_vars linked to /home/user/.cache/molecule/securedrop/builder-focal/inventory/group_vars[0m
--> [36mScenario: 'builder-focal'[0m
--> [36mAction: 'destroy'[0m
    
    PLAY [Destroy] *****************************************************************
    
    TASK [Destroy molecule instance(s)] ********************************************
    [0;33mchanged: [localhost] => (item={'groups': ['builders'], 'name': 'focal-sd-app'})[0m
    [0;33mchanged: [localhost] => (item={'groups': ['builders'], 'name': 'focal-sd-generic-ossec-agent'})[0m
    [0;33mchanged: [localhost] => (item={'groups': ['builders'], 'name': 'focal-sd-generic-ossec-server'})[0m
    [0;33mchanged: [localhost] => (item={'groups': ['builders'], 'name': 'focal-sd-generic-ossec-agent2'})[0m
    [0;33mchanged: [localhost] => (item={'groups': ['builders'], 'name': 'focal-sd-generic-ossec-server2'})[0m
    [0;33mchanged: [localhost] => (item={'groups': ['builders'], 'name': 'focal-sd-grsec'})[0m
    [0;33mchanged: [localhost] => (item={'groups': ['builders'], 'name': 'focal-sd-config'})[0m
    [0;33mchanged: [localhost] => (item={'groups': ['builders'], 'name': 'focal-sd-keyring'})[0m
    [0;33mchanged: [localhost] => (item={'groups': ['builders'], 'name': 'focal-sd-sec-update'})[0m
    [0;33mchanged: [localhost] => (item={'groups': ['testers'], 'name': 'focal-sd-dpkg-verification'})[0m
    
    PLAY RECAP *********************************************************************
    [0;33mlocalhost[0m                  : [0;32mok=1   [0m [0;33mchanged=1   [0m unreachable=0    failed=0    skipped=0    rescued=0    ignored=0
    
--> [36mPruning extra files from scenario ephemeral directory[0m
[0mmake: *** [Makefile:367: build-debs] Error 1
[?2004huser@sd-dvm:~/securedrop$ sha [Ksum -a 256 build/focal/*.2.5[K[K[K[K2.5.0*.deb
[?2004l9477d5c691748431bb92adfc177832270f0a0a13bef974dd2bcab9872c5cb577  build/focal/securedrop-app-code_2.5.0~rc3+focal_amd64.deb
f2c534f9a1875c74a1d6b44e0205d8602d529b7512e065842516b47ae47f0f7c  build/focal/securedrop-config-0.1.4+2.5.0~rc3+focal-amd64.deb
48ac278edee07080bf484310b9a6174ed1726d9157e5de5261c14ed9f8859fad  build/focal/securedrop-keyring-0.1.6+2.5.0~rc3+focal-amd64.deb
17fc344912d4abd5b5386f868c1356a03ebcf2239a5f34f351cb669d3feead46  build/focal/securedrop-ossec-agent-3.6.0+2.5.0~rc3+focal-amd64.deb
0eee429a40060b9969b6e0fbf5b0bb1fd19c401457ef0fd637c3b8b9d30914a7  build/focal/securedrop-ossec-server-3.6.0+2.5.0~rc3+focal-amd64.deb
[?2004huser@sd-dvm:~/securedrop$ [?2004l
exit

Script done on 2022-10-06 12:18:16-07:00 [COMMAND_EXIT_CODE="0"]
