user@sd-dvm:~$ cd securedrop
user@sd-dvm:~/securedrop$ git checkout 2.3.0-rc1
Note: checking out '2.3.0-rc1'.

You are in 'detached HEAD' state. You can look around, make experimental
changes and commit them, and you can discard any commits you make in this
state without impacting any branches by performing another checkout.

If you want to create a new branch to retain commits you create, you may
do so (now or later) by using -b with the checkout command again. Example:

  git checkout -b <new-branch-name>

HEAD is now at 79cf63ee5 SecureDrop 2.3.0-rc1
user@sd-dvm:~/securedrop$ git verify-commit HEAD
gpg: Signature made Tue Mar 15 11:56:13 2022 EDT
gpg:                using RSA key A05ACE4F7E0BCA9BAD8D42F4ACFE4353173015EA
gpg: Good signature from "Kevin O'Gorman <kog@freedom.press>" [unknown]
gpg: WARNING: This key is not certified with a trusted signature!
gpg:          There is no indication that the signature belongs to the owner.
Primary key fingerprint: A05A CE4F 7E0B CA9B AD8D  42F4 ACFE 4353 1730 15EA
user@sd-dvm:~/securedrop$ mkvirtualenv -p $(which python3) sd-build
Already using interpreter /usr/bin/python3
Using base prefix '/usr'
New python executable in /home/user/.virtualenvs/sd-build/bin/python3
Also creating executable in /home/user/.virtualenvs/sd-build/bin/python
Installing setuptools, pkg_resources, pip, wheel...done.
virtualenvwrapper.user_scripts creating /home/user/.virtualenvs/sd-build/bin/predeactivate
virtualenvwrapper.user_scripts creating /home/user/.virtualenvs/sd-build/bin/postdeactivate
virtualenvwrapper.user_scripts creating /home/user/.virtualenvs/sd-build/bin/preactivate
virtualenvwrapper.user_scripts creating /home/user/.virtualenvs/sd-build/bin/postactivate
virtualenvwrapper.user_scripts creating /home/user/.virtualenvs/sd-build/bin/get_env_details
(sd-build) user@sd-dvm:~/securedrop$ pip install --no-deps --require-hashes -r securedrop/requirements/python3/develop-requirements.txt 
Collecting ansible-lint==4.2.0
  Downloading ansible_lint-4.2.0-py2.py3-none-any.whl (57 kB)
     ━━━━━━━━━━━━━━━━━━━━━━━━━━━━━━━━━━━━━━━━ 57.2/57.2 KB 5.2 MB/s eta 0:00:00
Collecting ansible==2.9.26
  Downloading ansible-2.9.26.tar.gz (14.3 MB)
     ━━━━━━━━━━━━━━━━━━━━━━━━━━━━━━━━━━━━━━━━ 14.3/14.3 MB 6.1 MB/s eta 0:00:00
  Preparing metadata (setup.py) ... done
Collecting apipkg==1.4
  Downloading apipkg-1.4-py2.py3-none-any.whl (6.6 kB)
Collecting argon2-cffi==20.1.0
  Downloading argon2_cffi-20.1.0-cp35-abi3-manylinux1_x86_64.whl (97 kB)
     ━━━━━━━━━━━━━━━━━━━━━━━━━━━━━━━━━━━━━━━━ 98.0/98.0 KB 6.3 MB/s eta 0:00:00
Collecting arrow==0.10.0
  Downloading arrow-0.10.0.tar.gz (86 kB)
     ━━━━━━━━━━━━━━━━━━━━━━━━━━━━━━━━━━━━━━━━ 86.5/86.5 KB 5.6 MB/s eta 0:00:00
  Preparing metadata (setup.py) ... done
Collecting aspy.yaml==1.3.0
  Downloading aspy.yaml-1.3.0-py2.py3-none-any.whl (3.5 kB)
Collecting astroid==2.5.2
  Downloading astroid-2.5.2-py3-none-any.whl (222 kB)
     ━━━━━━━━━━━━━━━━━━━━━━━━━━━━━━━━━━━━━━━━ 222.8/222.8 KB 6.0 MB/s eta 0:00:00
Collecting attrs==20.2.0
  Downloading attrs-20.2.0-py2.py3-none-any.whl (48 kB)
     ━━━━━━━━━━━━━━━━━━━━━━━━━━━━━━━━━━━━━━━━ 48.1/48.1 KB 4.8 MB/s eta 0:00:00
Collecting bandit==1.7.0
  Downloading bandit-1.7.0-py3-none-any.whl (115 kB)
     ━━━━━━━━━━━━━━━━━━━━━━━━━━━━━━━━━━━━━━━━ 115.2/115.2 KB 5.2 MB/s eta 0:00:00
Collecting bcrypt==3.1.3
  Downloading bcrypt-3.1.3.tar.gz (40 kB)
     ━━━━━━━━━━━━━━━━━━━━━━━━━━━━━━━━━━━━━━━━ 40.8/40.8 KB 6.6 MB/s eta 0:00:00
  Preparing metadata (setup.py) ... done
Collecting binaryornot==0.4.4
  Downloading binaryornot-0.4.4-py2.py3-none-any.whl (9.0 kB)
Collecting boto3==1.5.24
  Downloading boto3-1.5.24-py2.py3-none-any.whl (128 kB)
     ━━━━━━━━━━━━━━━━━━━━━━━━━━━━━━━━━━━━━━━━ 128.4/128.4 KB 4.2 MB/s eta 0:00:00
Collecting boto==2.48.0
  Downloading boto-2.48.0-py2.py3-none-any.whl (1.4 MB)
     ━━━━━━━━━━━━━━━━━━━━━━━━━━━━━━━━━━━━━━━━ 1.4/1.4 MB 5.9 MB/s eta 0:00:00
Collecting botocore==1.8.38
  Downloading botocore-1.8.38-py2.py3-none-any.whl (4.1 MB)
     ━━━━━━━━━━━━━━━━━━━━━━━━━━━━━━━━━━━━━━━━ 4.1/4.1 MB 6.2 MB/s eta 0:00:00
Collecting cerberus==1.3.1
  Downloading Cerberus-1.3.1.tar.gz (52 kB)
     ━━━━━━━━━━━━━━━━━━━━━━━━━━━━━━━━━━━━━━━━ 52.3/52.3 KB 4.5 MB/s eta 0:00:00
  Preparing metadata (setup.py) ... done
Collecting certifi==2017.7.27.1
  Downloading certifi-2017.7.27.1-py2.py3-none-any.whl (349 kB)
     ━━━━━━━━━━━━━━━━━━━━━━━━━━━━━━━━━━━━━━━━ 349.6/349.6 KB 5.8 MB/s eta 0:00:00
Collecting cffi==1.14.5
  Downloading cffi-1.14.5-cp37-cp37m-manylinux1_x86_64.whl (402 kB)
     ━━━━━━━━━━━━━━━━━━━━━━━━━━━━━━━━━━━━━━━━ 402.3/402.3 KB 6.0 MB/s eta 0:00:00
Collecting cfgv==2.0.1
  Downloading cfgv-2.0.1-py2.py3-none-any.whl (7.4 kB)
Collecting chardet==3.0.4
  Downloading chardet-3.0.4-py2.py3-none-any.whl (133 kB)
     ━━━━━━━━━━━━━━━━━━━━━━━━━━━━━━━━━━━━━━━━ 133.4/133.4 KB 6.2 MB/s eta 0:00:00
Collecting charset-normalizer==2.0.3
  Downloading charset_normalizer-2.0.3-py3-none-any.whl (35 kB)
Collecting click-completion==0.5.2
  Downloading click-completion-0.5.2.tar.gz (10 kB)
  Preparing metadata (setup.py) ... done
Collecting click-help-colors==0.8
  Downloading click_help_colors-0.8-py3-none-any.whl (6.0 kB)
Collecting click==7.1.2
  Downloading click-7.1.2-py2.py3-none-any.whl (82 kB)
     ━━━━━━━━━━━━━━━━━━━━━━━━━━━━━━━━━━━━━━━━ 82.8/82.8 KB 5.2 MB/s eta 0:00:00
Collecting colorama==0.3.9
  Downloading colorama-0.3.9-py2.py3-none-any.whl (20 kB)
Collecting cookiecutter==1.6.0
  Downloading cookiecutter-1.6.0-py2.py3-none-any.whl (50 kB)
     ━━━━━━━━━━━━━━━━━━━━━━━━━━━━━━━━━━━━━━━━ 50.1/50.1 KB 5.2 MB/s eta 0:00:00
Collecting cryptography==3.4.7
  Downloading cryptography-3.4.7-cp36-abi3-manylinux2014_x86_64.whl (3.2 MB)
     ━━━━━━━━━━━━━━━━━━━━━━━━━━━━━━━━━━━━━━━━ 3.2/3.2 MB 6.2 MB/s eta 0:00:00
Collecting distro==1.5.0
  Downloading distro-1.5.0-py2.py3-none-any.whl (18 kB)
Collecting dnspython==1.15.0
  Downloading dnspython-1.15.0-py2.py3-none-any.whl (177 kB)
     ━━━━━━━━━━━━━━━━━━━━━━━━━━━━━━━━━━━━━━━━ 177.4/177.4 KB 14.8 MB/s eta 0:00:00
Collecting docker==4.4.2
  Downloading docker-4.4.2-py2.py3-none-any.whl (146 kB)
     ━━━━━━━━━━━━━━━━━━━━━━━━━━━━━━━━━━━━━━━━ 146.9/146.9 KB 4.4 MB/s eta 0:00:00
Collecting docopt==0.6.2
  Downloading docopt-0.6.2.tar.gz (25 kB)
  Preparing metadata (setup.py) ... done
Collecting docutils==0.14
  Downloading docutils-0.14-py3-none-any.whl (543 kB)
     ━━━━━━━━━━━━━━━━━━━━━━━━━━━━━━━━━━━━━━━━ 543.2/543.2 KB 6.1 MB/s eta 0:00:00
Collecting dparse==0.4.1
  Downloading dparse-0.4.1.tar.gz (31 kB)
  Preparing metadata (setup.py) ... done
Collecting entrypoints==0.3
  Downloading entrypoints-0.3-py2.py3-none-any.whl (11 kB)
Collecting execnet==1.4.1
  Downloading execnet-1.4.1-py2.py3-none-any.whl (40 kB)
     ━━━━━━━━━━━━━━━━━━━━━━━━━━━━━━━━━━━━━━━━ 40.7/40.7 KB 5.0 MB/s eta 0:00:00
Collecting fasteners==0.14.1
  Downloading fasteners-0.14.1-py2.py3-none-any.whl (20 kB)
Collecting flake8==3.7.7
  Downloading flake8-3.7.7-py2.py3-none-any.whl (68 kB)
     ━━━━━━━━━━━━━━━━━━━━━━━━━━━━━━━━━━━━━━━━ 68.8/68.8 KB 5.2 MB/s eta 0:00:00
Collecting future==0.16.0
  Downloading future-0.16.0.tar.gz (824 kB)
     ━━━━━━━━━━━━━━━━━━━━━━━━━━━━━━━━━━━━━━━━ 824.5/824.5 KB 6.1 MB/s eta 0:00:00
  Preparing metadata (setup.py) ... done
Collecting git-url-parse==1.0.2
  Downloading git_url_parse-1.0.2-py3-none-any.whl (5.4 kB)
Collecting gitdb2==2.0.3
  Downloading gitdb2-2.0.3-py2.py3-none-any.whl (63 kB)
     ━━━━━━━━━━━━━━━━━━━━━━━━━━━━━━━━━━━━━━━━ 63.5/63.5 KB 5.1 MB/s eta 0:00:00
Collecting gitpython==2.1.8
  Downloading GitPython-2.1.8-py2.py3-none-any.whl (448 kB)
     ━━━━━━━━━━━━━━━━━━━━━━━━━━━━━━━━━━━━━━━━ 448.7/448.7 KB 6.0 MB/s eta 0:00:00
Collecting html-linter==0.4.0
  Downloading html-linter-0.4.0.tar.gz (19 kB)
  Preparing metadata (setup.py) ... done
Collecting identify==1.4.7
  Downloading identify-1.4.7-py2.py3-none-any.whl (97 kB)
     ━━━━━━━━━━━━━━━━━━━━━━━━━━━━━━━━━━━━━━━━ 97.1/97.1 KB 3.4 MB/s eta 0:00:00
Collecting idna==2.5
  Downloading idna-2.5-py2.py3-none-any.whl (55 kB)
     ━━━━━━━━━━━━━━━━━━━━━━━━━━━━━━━━━━━━━━━━ 55.1/55.1 KB 2.2 MB/s eta 0:00:00
Collecting importlib-metadata==0.23
  Downloading importlib_metadata-0.23-py2.py3-none-any.whl (28 kB)
Collecting importlib-resources==1.5.0
  Downloading importlib_resources-1.5.0-py2.py3-none-any.whl (21 kB)
Collecting iniconfig==1.0.1
  Downloading iniconfig-1.0.1-py3-none-any.whl (4.2 kB)
Collecting isort==5.8.0
  Downloading isort-5.8.0-py3-none-any.whl (103 kB)
     ━━━━━━━━━━━━━━━━━━━━━━━━━━━━━━━━━━━━━━━━ 103.2/103.2 KB 5.4 MB/s eta 0:00:00
Collecting jinja2-time==0.2.0
  Downloading jinja2_time-0.2.0-py2.py3-none-any.whl (6.4 kB)
Collecting jinja2==3.0.2
  Downloading Jinja2-3.0.2-py3-none-any.whl (133 kB)
     ━━━━━━━━━━━━━━━━━━━━━━━━━━━━━━━━━━━━━━━━ 133.8/133.8 KB 5.3 MB/s eta 0:00:00
Collecting jmespath==0.9.3
  Downloading jmespath-0.9.3-py2.py3-none-any.whl (23 kB)
Collecting lazy-object-proxy==1.6.0
  Downloading lazy_object_proxy-1.6.0-cp37-cp37m-manylinux1_x86_64.whl (55 kB)
     ━━━━━━━━━━━━━━━━━━━━━━━━━━━━━━━━━━━━━━━━ 55.8/55.8 KB 4.9 MB/s eta 0:00:00
Collecting markupsafe==2.0.1
  Downloading MarkupSafe-2.0.1-cp37-cp37m-manylinux_2_5_x86_64.manylinux1_x86_64.manylinux_2_12_x86_64.manylinux2010_x86_64.whl (31 kB)
Collecting mccabe==0.6.1
  Downloading mccabe-0.6.1-py2.py3-none-any.whl (8.6 kB)
Collecting molecule-vagrant==0.3
  Downloading molecule_vagrant-0.3-py2.py3-none-any.whl (24 kB)
Collecting molecule==3.0.2.1
  Downloading molecule-3.0.2.1-py2.py3-none-any.whl (281 kB)
     ━━━━━━━━━━━━━━━━━━━━━━━━━━━━━━━━━━━━━━━━ 281.1/281.1 KB 6.5 MB/s eta 0:00:00
Collecting monotonic==1.4
  Downloading monotonic-1.4-py2.py3-none-any.whl (5.3 kB)
Collecting more-itertools==7.2.0
  Downloading more_itertools-7.2.0-py3-none-any.whl (57 kB)
     ━━━━━━━━━━━━━━━━━━━━━━━━━━━━━━━━━━━━━━━━ 57.3/57.3 KB 5.3 MB/s eta 0:00:00
Collecting mypy-extensions==0.4.3
  Downloading mypy_extensions-0.4.3-py2.py3-none-any.whl (4.5 kB)
Collecting mypy==0.761
  Downloading mypy-0.761-cp37-cp37m-manylinux1_x86_64.whl (24.1 MB)
     ━━━━━━━━━━━━━━━━━━━━━━━━━━━━━━━━━━━━━━━━ 24.1/24.1 MB 6.0 MB/s eta 0:00:00
Collecting netaddr==0.7.19
  Downloading netaddr-0.7.19-py2.py3-none-any.whl (1.6 MB)
     ━━━━━━━━━━━━━━━━━━━━━━━━━━━━━━━━━━━━━━━━ 1.6/1.6 MB 6.1 MB/s eta 0:00:00
Collecting nodeenv==1.3.3
  Downloading nodeenv-1.3.3.tar.gz (34 kB)
  Preparing metadata (setup.py) ... done
Collecting packaging==16.8
  Downloading packaging-16.8-py2.py3-none-any.whl (23 kB)
Collecting paramiko==2.6.0
  Downloading paramiko-2.6.0-py2.py3-none-any.whl (199 kB)
     ━━━━━━━━━━━━━━━━━━━━━━━━━━━━━━━━━━━━━━━━ 199.9/199.9 KB 6.0 MB/s eta 0:00:00
Collecting pathspec==0.5.5
  Downloading pathspec-0.5.5.tar.gz (21 kB)
  Preparing metadata (setup.py) ... done
Collecting pbr==5.1.1
  Downloading pbr-5.1.1-py2.py3-none-any.whl (106 kB)
     ━━━━━━━━━━━━━━━━━━━━━━━━━━━━━━━━━━━━━━━━ 106.7/106.7 KB 6.0 MB/s eta 0:00:00
Collecting pep517==0.10.0
  Downloading pep517-0.10.0-py2.py3-none-any.whl (19 kB)
Collecting pexpect==4.6.0
  Downloading pexpect-4.6.0-py2.py3-none-any.whl (57 kB)
     ━━━━━━━━━━━━━━━━━━━━━━━━━━━━━━━━━━━━━━━━ 57.9/57.9 KB 4.1 MB/s eta 0:00:00
Collecting pip-tools==6.1.0
  Downloading pip_tools-6.1.0-py3-none-any.whl (44 kB)
     ━━━━━━━━━━━━━━━━━━━━━━━━━━━━━━━━━━━━━━━━ 44.4/44.4 KB 4.4 MB/s eta 0:00:00
Collecting pluggy==0.13.1
  Downloading pluggy-0.13.1-py2.py3-none-any.whl (18 kB)
Collecting poyo==0.4.1
  Downloading poyo-0.4.1-py2.py3-none-any.whl (12 kB)
Collecting pre-commit==1.18.3
  Downloading pre_commit-1.18.3-py2.py3-none-any.whl (154 kB)
     ━━━━━━━━━━━━━━━━━━━━━━━━━━━━━━━━━━━━━━━━ 154.2/154.2 KB 5.1 MB/s eta 0:00:00
Collecting prompt_toolkit==2.0.9
  Downloading prompt_toolkit-2.0.9-py3-none-any.whl (337 kB)
     ━━━━━━━━━━━━━━━━━━━━━━━━━━━━━━━━━━━━━━━━ 337.8/337.8 KB 5.9 MB/s eta 0:00:00
Collecting psutil==5.7.0
  Downloading psutil-5.7.0.tar.gz (449 kB)
     ━━━━━━━━━━━━━━━━━━━━━━━━━━━━━━━━━━━━━━━━ 449.6/449.6 KB 5.9 MB/s eta 0:00:00
  Preparing metadata (setup.py) ... done
Collecting ptyprocess==0.5.2
  Downloading ptyprocess-0.5.2-py2.py3-none-any.whl (39 kB)
Collecting py==1.10.0
  Downloading py-1.10.0-py2.py3-none-any.whl (97 kB)
     ━━━━━━━━━━━━━━━━━━━━━━━━━━━━━━━━━━━━━━━━ 97.6/97.6 KB 5.8 MB/s eta 0:00:00
Collecting pycodestyle==2.5.0
  Downloading pycodestyle-2.5.0-py2.py3-none-any.whl (51 kB)
     ━━━━━━━━━━━━━━━━━━━━━━━━━━━━━━━━━━━━━━━━ 51.2/51.2 KB 4.6 MB/s eta 0:00:00
Collecting pycparser==2.18
  Downloading pycparser-2.18.tar.gz (245 kB)
     ━━━━━━━━━━━━━━━━━━━━━━━━━━━━━━━━━━━━━━━━ 245.9/245.9 KB 5.8 MB/s eta 0:00:00
  Preparing metadata (setup.py) ... done
Collecting pyenchant==3.2.1
  Downloading pyenchant-3.2.1-py3-none-any.whl (55 kB)
     ━━━━━━━━━━━━━━━━━━━━━━━━━━━━━━━━━━━━━━━━ 55.7/55.7 KB 2.8 MB/s eta 0:00:00
Collecting pyflakes==2.1.1
  Downloading pyflakes-2.1.1-py2.py3-none-any.whl (59 kB)
     ━━━━━━━━━━━━━━━━━━━━━━━━━━━━━━━━━━━━━━━━ 60.0/60.0 KB 4.4 MB/s eta 0:00:00
Collecting pylint==2.7.4
  Downloading pylint-2.7.4-py3-none-any.whl (346 kB)
     ━━━━━━━━━━━━━━━━━━━━━━━━━━━━━━━━━━━━━━━━ 346.2/346.2 KB 6.0 MB/s eta 0:00:00
Collecting pynacl==1.4.0
  Downloading PyNaCl-1.4.0-cp35-abi3-manylinux1_x86_64.whl (961 kB)
     ━━━━━━━━━━━━━━━━━━━━━━━━━━━━━━━━━━━━━━━━ 961.1/961.1 KB 6.1 MB/s eta 0:00:00
Collecting pyparsing==2.2.0
  Downloading pyparsing-2.2.0-py2.py3-none-any.whl (56 kB)
     ━━━━━━━━━━━━━━━━━━━━━━━━━━━━━━━━━━━━━━━━ 56.4/56.4 KB 5.4 MB/s eta 0:00:00
Collecting pytest-forked==1.3.0
  Downloading pytest_forked-1.3.0-py2.py3-none-any.whl (4.7 kB)
Collecting pytest-xdist==2.1.0
  Downloading pytest_xdist-2.1.0-py3-none-any.whl (36 kB)
Collecting pytest==6.1.1
  Downloading pytest-6.1.1-py3-none-any.whl (272 kB)
     ━━━━━━━━━━━━━━━━━━━━━━━━━━━━━━━━━━━━━━━━ 272.2/272.2 KB 5.9 MB/s eta 0:00:00
Collecting python-dateutil==2.6.1
  Downloading python_dateutil-2.6.1-py2.py3-none-any.whl (194 kB)
     ━━━━━━━━━━━━━━━━━━━━━━━━━━━━━━━━━━━━━━━━ 194.2/194.2 KB 5.8 MB/s eta 0:00:00
Collecting python-gilt==1.2.1
  Downloading python_gilt-1.2.1-py3-none-any.whl (13 kB)
Collecting python-vagrant==0.5.15
  Downloading python-vagrant-0.5.15.tar.gz (29 kB)
  Preparing metadata (setup.py) ... done
Collecting pyyaml==5.4.1
  Downloading PyYAML-5.4.1-cp37-cp37m-manylinux1_x86_64.whl (636 kB)
     ━━━━━━━━━━━━━━━━━━━━━━━━━━━━━━━━━━━━━━━━ 636.6/636.6 KB 6.1 MB/s eta 0:00:00
Collecting requests==2.26.0
  Downloading requests-2.26.0-py2.py3-none-any.whl (62 kB)
     ━━━━━━━━━━━━━━━━━━━━━━━━━━━━━━━━━━━━━━━━ 62.3/62.3 KB 5.5 MB/s eta 0:00:00
Collecting ruamel.yaml.clib==0.2.0
  Downloading ruamel.yaml.clib-0.2.0-cp37-cp37m-manylinux1_x86_64.whl (547 kB)
     ━━━━━━━━━━━━━━━━━━━━━━━━━━━━━━━━━━━━━━━━ 547.2/547.2 KB 6.0 MB/s eta 0:00:00
Collecting ruamel.yaml==0.16.10
  Downloading ruamel.yaml-0.16.10-py2.py3-none-any.whl (111 kB)
     ━━━━━━━━━━━━━━━━━━━━━━━━━━━━━━━━━━━━━━━━ 111.2/111.2 KB 5.5 MB/s eta 0:00:00
Collecting s3transfer==0.1.12
  Downloading s3transfer-0.1.12-py2.py3-none-any.whl (59 kB)
     ━━━━━━━━━━━━━━━━━━━━━━━━━━━━━━━━━━━━━━━━ 59.4/59.4 KB 4.9 MB/s eta 0:00:00
Collecting safety==1.8.7
  Downloading safety-1.8.7-py2.py3-none-any.whl (14 kB)
Collecting selinux==0.2.1
  Downloading selinux-0.2.1-py2.py3-none-any.whl (4.3 kB)
Collecting sh==1.12.14
  Downloading sh-1.12.14-py2.py3-none-any.whl (38 kB)
Collecting shellingham==1.3.2
  Downloading shellingham-1.3.2-py2.py3-none-any.whl (11 kB)
Collecting six==1.15.0
  Downloading six-1.15.0-py2.py3-none-any.whl (10 kB)
Collecting smmap2==2.0.3
  Downloading smmap2-2.0.3-py2.py3-none-any.whl (27 kB)
Collecting sqlalchemy-stubs==0.3
  Downloading sqlalchemy_stubs-0.3-py3-none-any.whl (115 kB)
     ━━━━━━━━━━━━━━━━━━━━━━━━━━━━━━━━━━━━━━━━ 115.5/115.5 KB 5.2 MB/s eta 0:00:00
Collecting stevedore==1.28.0
  Downloading stevedore-1.28.0-py2.py3-none-any.whl (39 kB)
Collecting tabulate==0.8.7
  Downloading tabulate-0.8.7-py3-none-any.whl (24 kB)
Collecting template-remover==0.1.9
  Downloading template-remover-0.1.9.tar.gz (7.1 kB)
  Preparing metadata (setup.py) ... done
Collecting testinfra==5.3.1
  Downloading testinfra-5.3.1-py3-none-any.whl (69 kB)
     ━━━━━━━━━━━━━━━━━━━━━━━━━━━━━━━━━━━━━━━━ 69.1/69.1 KB 5.3 MB/s eta 0:00:00
Collecting toml==0.10.0
  Downloading toml-0.10.0-py2.py3-none-any.whl (25 kB)
Collecting tree-format==0.1.2
  Downloading tree-format-0.1.2.tar.gz (4.0 kB)
  Preparing metadata (setup.py) ... done
Collecting typed-ast==1.4.1
  Downloading typed_ast-1.4.1-cp37-cp37m-manylinux1_x86_64.whl (737 kB)
     ━━━━━━━━━━━━━━━━━━━━━━━━━━━━━━━━━━━━━━━━ 737.6/737.6 KB 5.1 MB/s eta 0:00:00
Collecting typing-extensions==3.7.4.1
  Downloading typing_extensions-3.7.4.1-py3-none-any.whl (20 kB)
Collecting urllib3==1.26.6
  Downloading urllib3-1.26.6-py2.py3-none-any.whl (138 kB)
     ━━━━━━━━━━━━━━━━━━━━━━━━━━━━━━━━━━━━━━━━ 138.5/138.5 KB 4.9 MB/s eta 0:00:00
Collecting virtualenv==16.7.5
  Downloading virtualenv-16.7.5-py2.py3-none-any.whl (3.3 MB)
     ━━━━━━━━━━━━━━━━━━━━━━━━━━━━━━━━━━━━━━━━ 3.3/3.3 MB 6.1 MB/s eta 0:00:00
Collecting wcwidth==0.1.7
  Downloading wcwidth-0.1.7-py2.py3-none-any.whl (21 kB)
Collecting websocket-client==0.44.0
  Downloading websocket_client-0.44.0-py2.py3-none-any.whl (199 kB)
     ━━━━━━━━━━━━━━━━━━━━━━━━━━━━━━━━━━━━━━━━ 199.9/199.9 KB 5.3 MB/s eta 0:00:00
Collecting whichcraft==0.4.1
  Downloading whichcraft-0.4.1-py2.py3-none-any.whl (5.1 kB)
Collecting wrapt==1.12.1
  Downloading wrapt-1.12.1.tar.gz (27 kB)
  Preparing metadata (setup.py) ... done
Collecting yamllint==1.17.0
  Downloading yamllint-1.17.0-py2.py3-none-any.whl (57 kB)
     ━━━━━━━━━━━━━━━━━━━━━━━━━━━━━━━━━━━━━━━━ 57.3/57.3 KB 4.4 MB/s eta 0:00:00
Collecting zipp==0.6.0
  Downloading zipp-0.6.0-py2.py3-none-any.whl (4.1 kB)
Collecting pip==21.3
  Downloading pip-21.3-py3-none-any.whl (1.7 MB)
     ━━━━━━━━━━━━━━━━━━━━━━━━━━━━━━━━━━━━━━━━ 1.7/1.7 MB 6.2 MB/s eta 0:00:00
Collecting setuptools==56.0.0
  Downloading setuptools-56.0.0-py3-none-any.whl (784 kB)
     ━━━━━━━━━━━━━━━━━━━━━━━━━━━━━━━━━━━━━━━━ 784.9/784.9 KB 6.1 MB/s eta 0:00:00
Building wheels for collected packages: ansible, arrow, bcrypt, cerberus, click-completion, docopt, dparse, future, html-linter, nodeenv, pathspec, psutil, pycparser, python-vagrant, template-remover, tree-format, wrapt
  Building wheel for ansible (setup.py) ... done
  Created wheel for ansible: filename=ansible-2.9.26-py3-none-any.whl size=16206007 sha256=92a3b91d0b0d022168ad49dc9d74e74563f9814f433426121f162ef45dae2d39
  Stored in directory: /home/user/.cache/pip/wheels/b1/a0/2b/e12e1655d6d3cbd8b9a8a8729eddaf1de2d1384db19a55198b
  Building wheel for arrow (setup.py) ... done
  Created wheel for arrow: filename=arrow-0.10.0-py2.py3-none-any.whl size=32870 sha256=ab541f725b200a2ef21e55b5605265668222163dd7333eb7745c181f724faaee
  Stored in directory: /home/user/.cache/pip/wheels/08/04/41/fc01ef75aa14872805f2283ef01954a539700a7a6435cf52f1
  Building wheel for bcrypt (setup.py) ... done
  Created wheel for bcrypt: filename=bcrypt-3.1.3-cp37-cp37m-linux_x86_64.whl size=41874 sha256=e411b71b5da2a8674a64f0cf7a40aaf6d2716dcc006078eaefb6dc5f4b22d02e
  Stored in directory: /home/user/.cache/pip/wheels/af/05/db/ec8bfecf1b99a175e62e918d2f891a5f9b1132d12ad2b32e6e
  Building wheel for cerberus (setup.py) ... done
  Created wheel for cerberus: filename=Cerberus-1.3.1-py3-none-any.whl size=54148 sha256=5460ed0380439033ab2414804b0a8b0ed5ace1d68aabe1164c9a54c4cf84ef01
  Stored in directory: /home/user/.cache/pip/wheels/c6/d3/b0/ff1650a3cb6b6f19ea314ec517a17d88a1a4a1181b5a209836
  Building wheel for click-completion (setup.py) ... done
  Created wheel for click-completion: filename=click_completion-0.5.2-py3-none-any.whl size=11202 sha256=3bfe590e74e15b30f5bc1d62d34e9afe84c32851318d0e11734b16063fe8b12c
  Stored in directory: /home/user/.cache/pip/wheels/31/f0/f2/9a6863c99cbafd28edbad2f52336fa296e267a83378d57babd
  Building wheel for docopt (setup.py) ... done
  Created wheel for docopt: filename=docopt-0.6.2-py2.py3-none-any.whl size=13723 sha256=111f9c441f18abc5e0425c8dd4cb9f9f7fd0a0d2510aa84dd39fc5556224fd5b
  Stored in directory: /home/user/.cache/pip/wheels/72/b0/3f/1d95f96ff986c7dfffe46ce2be4062f38ebd04b506c77c81b9
  Building wheel for dparse (setup.py) ... done
  Created wheel for dparse: filename=dparse-0.4.1-py3-none-any.whl size=19528 sha256=e41a55563966dea02ecc015ce1f09f730e165894b83af9ec0227eff4a67dd3a0
  Stored in directory: /home/user/.cache/pip/wheels/71/4d/89/faf1d72f447af4ba171beff9447a110e24e28c530fba45d3da
  Building wheel for future (setup.py) ... done
  Created wheel for future: filename=future-0.16.0-py3-none-any.whl size=487809 sha256=f61b9808b966a059c117c096cafe75cc56594c158ca2e8715fc5b690ab39136b
  Stored in directory: /home/user/.cache/pip/wheels/7c/09/6f/dfd31fb2ebe951aefbee461a0dfce1bdc2e4b2c1016e85d233
  Building wheel for html-linter (setup.py) ... done
  Created wheel for html-linter: filename=html_linter-0.4.0-py3-none-any.whl size=14338 sha256=31ffa3f83e3fd37046230e040165076a748bb11760096335eb6837f6612da814
  Stored in directory: /home/user/.cache/pip/wheels/2e/50/9f/73a163b49962de66a9bcc0707dbb1519f553371422ed91c200
  Building wheel for nodeenv (setup.py) ... done
  Created wheel for nodeenv: filename=nodeenv-1.3.3-py3-none-any.whl size=21368 sha256=63827e2624c526afe1aaddf2472f033eb43f53d17e93d7bc2145a38fd8a44fe3
  Stored in directory: /home/user/.cache/pip/wheels/13/d3/6f/0e01c0c62414f74a97916cc97047c088f6acc8ce617d1b37ff
  Building wheel for pathspec (setup.py) ... done
  Created wheel for pathspec: filename=pathspec-0.5.5-py3-none-any.whl size=24234 sha256=d309a6f5c43a4653501e7e6031058b0820e15548f4c655fba7f6a4bcd20d80a7
  Stored in directory: /home/user/.cache/pip/wheels/09/97/ce/98234adaab0cf5b2c3a1b6610ada24e6f7ab3675fff4e0b8b2
  Building wheel for psutil (setup.py) ... done
  Created wheel for psutil: filename=psutil-5.7.0-cp37-cp37m-linux_x86_64.whl size=265350 sha256=b4e71fa02f50e8cd3d761453cbd34cb25fae0d9015001900551637d402f95dd2
  Stored in directory: /home/user/.cache/pip/wheels/b6/e7/50/aee9cc966163d74430f13f208171dee22f11efa4a4a826661c
  Building wheel for pycparser (setup.py) ... done
  Created wheel for pycparser: filename=pycparser-2.18-py2.py3-none-any.whl size=205756 sha256=05ec6c296f9dc8cec276b9229649a5c170c2a322cec3d77ba684dec9e315ede6
  Stored in directory: /home/user/.cache/pip/wheels/5d/c6/29/87a8bb797e60b55a91bd0a1e8455365c5f5dff9fc45c05f3e4
  Building wheel for python-vagrant (setup.py) ... done
  Created wheel for python-vagrant: filename=python_vagrant-0.5.15-py3-none-any.whl size=18449 sha256=8e1e5bbd9d84aa323ec322d85d3adb02f82e05cbb4e63e5ccb79e0cbdfd8e87f
  Stored in directory: /home/user/.cache/pip/wheels/a1/9e/8f/6d84a01c39978f584d03e873cbd99d2c41415695a0fa5c1f5c
  Building wheel for template-remover (setup.py) ... done
  Created wheel for template-remover: filename=template_remover-0.1.9-py3-none-any.whl size=7049 sha256=bb56d16116c8e670ad80147303ca61dd161ac6e176369052e3301c77f71c44f2
  Stored in directory: /home/user/.cache/pip/wheels/18/3f/f0/67e5e9e4ed02275ac31bf76b2fca329ae79687eaf5913ee8f3
  Building wheel for tree-format (setup.py) ... done
  Created wheel for tree-format: filename=tree_format-0.1.2-py3-none-any.whl size=5412 sha256=cb60f13b4f780df4c6f133c86bc0cabf1156311883797ffa532b815564a8b5a8
  Stored in directory: /home/user/.cache/pip/wheels/dd/b2/d1/6ac00b8fe427c28f3f3a39563977cd0667296720b3d9c19f6a
  Building wheel for wrapt (setup.py) ... done
  Created wheel for wrapt: filename=wrapt-1.12.1-cp37-cp37m-linux_x86_64.whl size=51299 sha256=a69eb7cd744dfecebc73a276a6071789ace87e1c591d22da8028e5911908b5c6
  Stored in directory: /home/user/.cache/pip/wheels/62/76/4c/aa25851149f3f6d9785f6c869387ad82b3fd37582fa8147ac6
Successfully built ansible arrow bcrypt cerberus click-completion docopt dparse future html-linter nodeenv pathspec psutil pycparser python-vagrant template-remover tree-format wrapt
Installing collected packages: wrapt, whichcraft, websocket-client, wcwidth, typing-extensions, typed-ast, tree-format, toml, template-remover, tabulate, stevedore, sqlalchemy-stubs, smmap2, sh, safety, s3transfer, ruamel.yaml.clib, ruamel.yaml, python-vagrant, python-gilt, python-dateutil, pyparsing, pycparser, ptyprocess, prompt_toolkit, poyo, pexpect, pep517, pbr, pathspec, paramiko, packaging, nodeenv, netaddr, mypy-extensions, monotonic, mccabe, jmespath, jinja2-time, iniconfig, idna, html-linter, gitdb2, git-url-parse, future, fasteners, execnet, dparse, docutils, docopt, dnspython, distro, cookiecutter, colorama, click-help-colors, click-completion, chardet, cffi, certifi, botocore, boto3, boto, binaryornot, bcrypt, arrow, argon2-cffi, apipkg, zipp, yamllint, virtualenv, urllib3, testinfra, six, shellingham, setuptools, selinux, requests, pyyaml, pytest-xdist, pytest-forked, pytest, pynacl, pylint, pyflakes, pyenchant, pycodestyle, py, psutil, pre-commit, pluggy, pip-tools, pip, mypy, more-itertools, molecule-vagrant, molecule, markupsafe, lazy-object-proxy, jinja2, isort, importlib-resources, importlib-metadata, identify, gitpython, flake8, entrypoints, docker, cryptography, click, charset-normalizer, cfgv, cerberus, bandit, attrs, astroid, aspy.yaml, ansible-lint, ansible
  Attempting uninstall: setuptools
    Found existing installation: setuptools 60.9.3
    Uninstalling setuptools-60.9.3:
      Successfully uninstalled setuptools-60.9.3
  Attempting uninstall: pip
    Found existing installation: pip 22.0.4
    Uninstalling pip-22.0.4:
      Successfully uninstalled pip-22.0.4
Successfully installed ansible-2.9.26 ansible-lint-4.2.0 apipkg-1.4 argon2-cffi-20.1.0 arrow-0.10.0 aspy.yaml-1.3.0 astroid-2.5.2 attrs-20.2.0 bandit-1.7.0 bcrypt-3.1.3 binaryornot-0.4.4 boto-2.48.0 boto3-1.5.24 botocore-1.8.38 cerberus-1.3.1 certifi-2017.7.27.1 cffi-1.14.5 cfgv-2.0.1 chardet-3.0.4 charset-normalizer-2.0.3 click-7.1.2 click-completion-0.5.2 click-help-colors-0.8 colorama-0.3.9 cookiecutter-1.6.0 cryptography-3.4.7 distro-1.5.0 dnspython-1.15.0 docker-4.4.2 docopt-0.6.2 docutils-0.14 dparse-0.4.1 entrypoints-0.3 execnet-1.4.1 fasteners-0.14.1 flake8-3.7.7 future-0.16.0 git-url-parse-1.0.2 gitdb2-2.0.3 gitpython-2.1.8 html-linter-0.4.0 identify-1.4.7 idna-2.5 importlib-metadata-0.23 importlib-resources-1.5.0 iniconfig-1.0.1 isort-5.8.0 jinja2-3.0.2 jinja2-time-0.2.0 jmespath-0.9.3 lazy-object-proxy-1.6.0 markupsafe-2.0.1 mccabe-0.6.1 molecule-3.0.2.1 molecule-vagrant-0.3 monotonic-1.4 more-itertools-7.2.0 mypy-0.761 mypy-extensions-0.4.3 netaddr-0.7.19 nodeenv-1.3.3 packaging-16.8 paramiko-2.6.0 pathspec-0.5.5 pbr-5.1.1 pep517-0.10.0 pexpect-4.6.0 pip-21.3 pip-tools-6.1.0 pluggy-0.13.1 poyo-0.4.1 pre-commit-1.18.3 prompt_toolkit-2.0.9 psutil-5.7.0 ptyprocess-0.5.2 py-1.10.0 pycodestyle-2.5.0 pycparser-2.18 pyenchant-3.2.1 pyflakes-2.1.1 pylint-2.7.4 pynacl-1.4.0 pyparsing-2.2.0 pytest-6.1.1 pytest-forked-1.3.0 pytest-xdist-2.1.0 python-dateutil-2.6.1 python-gilt-1.2.1 python-vagrant-0.5.15 pyyaml-5.4.1 requests-2.26.0 ruamel.yaml-0.16.10 ruamel.yaml.clib-0.2.0 s3transfer-0.1.12 safety-1.8.7 selinux-0.2.1 setuptools-56.0.0 sh-1.12.14 shellingham-1.3.2 six-1.15.0 smmap2-2.0.3 sqlalchemy-stubs-0.3 stevedore-1.28.0 tabulate-0.8.7 template-remover-0.1.9 testinfra-5.3.1 toml-0.10.0 tree-format-0.1.2 typed-ast-1.4.1 typing-extensions-3.7.4.1 urllib3-1.26.6 virtualenv-16.7.5 wcwidth-0.1.7 websocket-client-0.44.0 whichcraft-0.4.1 wrapt-1.12.1 yamllint-1.17.0 zipp-0.6.0
(sd-build) user@sd-dvm:~/securedrop$ make build-debs
Building SecureDrop Debian packages for Focal...
Using active Python 3 virtualenv in /home/user/.virtualenvs/sd-build
--> Test matrix
    
└── builder-focal
    ├── destroy
    ├── create
    ├── converge
    ├── verify
    └── destroy
    
--> Inventory /home/user/securedrop/molecule/builder-focal/../../install_files/ansible-base/group_vars linked to /home/user/.cache/molecule/securedrop/builder-focal/inventory/group_vars
--> Scenario: 'builder-focal'
--> Action: 'destroy'
--> Sanity checks: 'docker'
    
    PLAY [Destroy] *****************************************************************
    
    TASK [Destroy molecule instance(s)] ********************************************
    ok: [localhost] => (item={'groups': ['builders'], 'name': 'focal-sd-app'})
    ok: [localhost] => (item={'groups': ['builders'], 'name': 'focal-sd-generic-ossec-agent'})
    ok: [localhost] => (item={'groups': ['builders'], 'name': 'focal-sd-generic-ossec-server'})
    ok: [localhost] => (item={'groups': ['builders'], 'name': 'focal-sd-generic-ossec-agent2'})
    ok: [localhost] => (item={'groups': ['builders'], 'name': 'focal-sd-generic-ossec-server2'})
    ok: [localhost] => (item={'groups': ['builders'], 'name': 'focal-sd-grsec'})
    ok: [localhost] => (item={'groups': ['builders'], 'name': 'focal-sd-config'})
    ok: [localhost] => (item={'groups': ['builders'], 'name': 'focal-sd-keyring'})
    ok: [localhost] => (item={'groups': ['builders'], 'name': 'focal-sd-sec-update'})
    ok: [localhost] => (item={'groups': ['testers'], 'name': 'focal-sd-dpkg-verification'})
    
    PLAY RECAP *********************************************************************
    localhost                  : ok=1    changed=0    unreachable=0    failed=0    skipped=0    rescued=0    ignored=0
    
--> Inventory /home/user/securedrop/molecule/builder-focal/../../install_files/ansible-base/group_vars linked to /home/user/.cache/molecule/securedrop/builder-focal/inventory/group_vars
--> Scenario: 'builder-focal'
--> Action: 'create'
    
    PLAY [Create] ******************************************************************
    
    TASK [debug] *******************************************************************
    ok: [localhost] => {
        "msg": "Building with Docker image quay.io/freedomofpress/sd-docker-builder-focal@sha256:aa92785916f3d27df8b3ca8773eb9465db8f603d98d2986d257a236eeb2b3c13"
    }
    
    TASK [Create builders] *********************************************************
    changed: [localhost] => (item={'groups': ['builders'], 'name': 'focal-sd-app'})
    changed: [localhost] => (item={'groups': ['builders'], 'name': 'focal-sd-generic-ossec-agent'})
    changed: [localhost] => (item={'groups': ['builders'], 'name': 'focal-sd-generic-ossec-server'})
    changed: [localhost] => (item={'groups': ['builders'], 'name': 'focal-sd-generic-ossec-agent2'})
    changed: [localhost] => (item={'groups': ['builders'], 'name': 'focal-sd-generic-ossec-server2'})
    changed: [localhost] => (item={'groups': ['builders'], 'name': 'focal-sd-grsec'})
    changed: [localhost] => (item={'groups': ['builders'], 'name': 'focal-sd-config'})
    changed: [localhost] => (item={'groups': ['builders'], 'name': 'focal-sd-keyring'})
    changed: [localhost] => (item={'groups': ['builders'], 'name': 'focal-sd-sec-update'})
    changed: [localhost] => (item={'groups': ['testers'], 'name': 'focal-sd-dpkg-verification'})
    
    PLAY RECAP *********************************************************************
    localhost                  : ok=2    changed=1    unreachable=0    failed=0    skipped=0    rescued=0    ignored=0
    
--> Inventory /home/user/securedrop/molecule/builder-focal/../../install_files/ansible-base/group_vars linked to /home/user/.cache/molecule/securedrop/builder-focal/inventory/group_vars
--> Scenario: 'builder-focal'
--> Action: 'converge'
    
    PLAY [Build SecureDrop application Debian package from local repository.] ******
    
    TASK [Gathering Facts] *********************************************************
    ok: [focal-sd-generic-ossec-server]
    ok: [focal-sd-keyring]
    ok: [focal-sd-sec-update]
    ok: [focal-sd-grsec]
    ok: [focal-sd-generic-ossec-agent2]
    ok: [focal-sd-config]
    ok: [focal-sd-app]
    ok: [focal-sd-generic-ossec-agent]
    ok: [focal-sd-generic-ossec-server2]
    
    TASK [build-securedrop-app-code-deb-pkg : Copy install_files/securedrop-app-code to prep directory] ***
    changed: [focal-sd-app]
    
    TASK [build-securedrop-app-code-deb-pkg : Copy app code to prep directory under var/www/securedrop] ***
    changed: [focal-sd-app]
    
    TASK [build-securedrop-app-code-deb-pkg : Copy setup.py to prep directory] *****
    changed: [focal-sd-app]
    
    TASK [build-securedrop-app-code-deb-pkg : Copy MANIFEST.in to prep directory] ***
    changed: [focal-sd-app]
    
    TASK [build-securedrop-app-code-deb-pkg : Copy translation-requirements.txt to prep directory] ***
    changed: [focal-sd-app]
    
    TASK [build-securedrop-app-code-deb-pkg : Copy requirements.txt to prep directory] ***
    changed: [focal-sd-app]
    
    TASK [build-ossec-deb-pkg : Create src path folder] ****************************
    changed: [focal-sd-generic-ossec-server] => (item=/tmp/build/ossec-server)
    ok: [focal-sd-generic-ossec-server] => (item=/tmp/build)
    
    TASK [build-ossec-deb-pkg : Install python-requests for URL fetching] **********
    ok: [focal-sd-generic-ossec-server]
    
    TASK [build-securedrop-app-code-deb-pkg : Control the version of setuptools used in the default construction of virtual environments] ***
    changed: [focal-sd-app]
    
    TASK [build-ossec-deb-pkg : Copy over current directory for repo build] ********
    changed: [focal-sd-generic-ossec-server]
    
    TASK [build-securedrop-app-code-deb-pkg : Install sass Ruby gem] ***************
    changed: [focal-sd-app]
    
    TASK [build-ossec-deb-pkg : Include OSSEC download URLs.] **********************
    ok: [focal-sd-generic-ossec-server]
    
    TASK [build-securedrop-app-code-deb-pkg : Create static asset directories.] ****
    changed: [focal-sd-app] => (item=/tmp/securedrop-app-code_2.3.0~rc1+focal_amd64-prep/var/www/securedrop/static/css)
    changed: [focal-sd-app] => (item=/tmp/securedrop-app-code_2.3.0~rc1+focal_amd64-prep/var/www/securedrop/static/gen)
    changed: [focal-sd-app] => (item=/tmp/securedrop-app-code_2.3.0~rc1+focal_amd64-prep/var/www/securedrop/static/.webassets-cache)
    
    TASK [build-ossec-deb-pkg : Download OSSEC tarball.] ***************************
    changed: [focal-sd-generic-ossec-server]
[WARNING]: Module remote_tmp /root/.ansible/tmp did not exist and was created
with a mode of 0700, this may cause issues when running as another user. To
avoid this, create the remote_tmp dir with the correct permissions manually
    
    TASK [build-securedrop-app-code-deb-pkg : Compile SASS to CSS.] ****************
    changed: [focal-sd-app]
    
    TASK [build-ossec-deb-pkg : Download OSSEC signature.] *************************
    changed: [focal-sd-generic-ossec-server]
    
    TASK [build-securedrop-app-code-deb-pkg : Remove temporary SASS directory from package build directory.] ***
    changed: [focal-sd-app] => (item=sass)
    changed: [focal-sd-app] => (item=.sass-cache)
    
    TASK [build-ossec-deb-pkg : Copy OSSEC archive GPG key.] ***********************
    changed: [focal-sd-generic-ossec-server]
    
    TASK [build-ossec-deb-pkg : Create src path folder] ****************************
    changed: [focal-sd-generic-ossec-agent] => (item=/tmp/build/ossec-agent)
    ok: [focal-sd-generic-ossec-agent] => (item=/tmp/build)
    
    TASK [build-ossec-deb-pkg : Import OSSEC archive GPG key.] *********************
    changed: [focal-sd-generic-ossec-server]
    
    TASK [build-ossec-deb-pkg : Verify signature of OSSEC tarball.] ****************
    changed: [focal-sd-generic-ossec-server]
    
    TASK [build-securedrop-app-code-deb-pkg : Create virtualenv for translation work] ***
    changed: [focal-sd-app]
    
    TASK [build-ossec-deb-pkg : Install python-requests for URL fetching] **********
    ok: [focal-sd-generic-ossec-agent]
    
    TASK [build-ossec-deb-pkg : Install apt dependencies for building OSSEC packages.] ***
    changed: [focal-sd-generic-ossec-server]
    
    TASK [build-ossec-deb-pkg : Copy over current directory for repo build] ********
    changed: [focal-sd-generic-ossec-agent]
    
    TASK [build-ossec-deb-pkg : Include OSSEC download URLs.] **********************
    ok: [focal-sd-generic-ossec-agent]
    
    TASK [build-ossec-deb-pkg : Download OSSEC tarball.] ***************************
    changed: [focal-sd-generic-ossec-agent]
    
    TASK [build-ossec-deb-pkg : Extract OSSEC source tarball.] *********************
    changed: [focal-sd-generic-ossec-server]
    
    TASK [build-ossec-deb-pkg : Download OSSEC signature.] *************************
    changed: [focal-sd-generic-ossec-agent]
    
    TASK [build-ossec-deb-pkg : Create /etc directory within source directory.] ****
    ok: [focal-sd-generic-ossec-server]
    
    TASK [build-generic-pkg : Ensure package name is set] **************************
    ok: [focal-sd-generic-ossec-server2] => {
        "changed": false,
        "msg": "All assertions passed"
    }
    
    TASK [build-generic-pkg : Find any jinja templates] ****************************
    ok: [focal-sd-config -> localhost]
    
    TASK [build-generic-pkg : Ensure build directory in-place] *********************
    ok: [focal-sd-generic-ossec-server2]
    
    TASK [build-generic-pkg : Find any jinja templates] ****************************
    ok: [focal-sd-sec-update -> localhost]
    
    TASK [build-ossec-deb-pkg : Copy OSSEC archive GPG key.] ***********************
    changed: [focal-sd-generic-ossec-agent]
    
    TASK [build-generic-pkg : Find any jinja templates] ****************************
    ok: [focal-sd-grsec -> localhost]
    
    TASK [build-ossec-deb-pkg : Copy OSSEC preloaded vars template.] ***************
    changed: [focal-sd-generic-ossec-server]
    
    TASK [build-generic-pkg : Find any jinja templates] ****************************
    ok: [focal-sd-generic-ossec-agent2 -> localhost]
    
    TASK [build-generic-pkg : Copy app code to build directory.] *******************
    changed: [focal-sd-generic-ossec-server2]
    
    TASK [build-ossec-deb-pkg : Import OSSEC archive GPG key.] *********************
    changed: [focal-sd-generic-ossec-agent]
    
    TASK [build-ossec-deb-pkg : Disable JIT in OSSEC Makefile] *********************
    changed: [focal-sd-generic-ossec-server]
    
    TASK [build-generic-pkg : Find any jinja templates] ****************************
    ok: [focal-sd-keyring -> localhost]
    ok: [focal-sd-generic-ossec-server2 -> localhost]
    
    TASK [build-ossec-deb-pkg : Verify signature of OSSEC tarball.] ****************
    changed: [focal-sd-generic-ossec-agent]
    
    TASK [build-generic-pkg : Create any necessary parent directories for jinja files] ***
    ok: [focal-sd-generic-ossec-server2] => (item={'path': '/home/user/securedrop/install_files/securedrop-ossec-server/DEBIAN/control.j2', 'mode': '0644', 'isdir': False, 'ischr': False, 'isblk': False, 'isreg': True, 'isfifo': False, 'islnk': False, 'issock': False, 'uid': 1000, 'gid': 1000, 'size': 911, 'inode': 1186, 'dev': 51728, 'nlink': 1, 'atime': 1647361353.079, 'mtime': 1647361131.009, 'ctime': 1647361131.009, 'gr_name': 'user', 'pw_name': 'user', 'wusr': True, 'rusr': True, 'xusr': False, 'wgrp': False, 'rgrp': True, 'xgrp': False, 'woth': False, 'roth': True, 'xoth': False, 'isuid': False, 'isgid': False})
    
    TASK [build-generic-pkg : Ensure package name is set] **************************
    ok: [focal-sd-generic-ossec-agent2] => {
        "changed": false,
        "msg": "All assertions passed"
    }
    
    TASK [build-generic-pkg : Find any jinja templates] ****************************
    ok: [focal-sd-config -> localhost]
    ok: [focal-sd-sec-update -> localhost]
    ok: [focal-sd-grsec -> localhost]
    
    TASK [build-generic-pkg : Ensure build directory in-place] *********************
    ok: [focal-sd-generic-ossec-agent2]
    
    TASK [build-generic-pkg : Template out any jinja files found and copy over] ****
    changed: [focal-sd-generic-ossec-server2] => (item={'path': '/home/user/securedrop/install_files/securedrop-ossec-server/DEBIAN/control.j2', 'mode': '0644', 'isdir': False, 'ischr': False, 'isblk': False, 'isreg': True, 'isfifo': False, 'islnk': False, 'issock': False, 'uid': 1000, 'gid': 1000, 'size': 911, 'inode': 1186, 'dev': 51728, 'nlink': 1, 'atime': 1647361353.079, 'mtime': 1647361131.009, 'ctime': 1647361131.009, 'gr_name': 'user', 'pw_name': 'user', 'wusr': True, 'rusr': True, 'xusr': False, 'wgrp': False, 'rgrp': True, 'xgrp': False, 'woth': False, 'roth': True, 'xoth': False, 'isuid': False, 'isgid': False})
    
    TASK [build-generic-pkg : Find any jinja templates] ****************************
    ok: [focal-sd-keyring -> localhost]
    
    TASK [build-generic-pkg : Copy app code to build directory.] *******************
    changed: [focal-sd-generic-ossec-agent2]
    
    TASK [build-generic-pkg : Find any jinja templates] ****************************
    ok: [focal-sd-generic-ossec-agent2 -> localhost]
    
    TASK [build-generic-pkg : run bash script to build generic packages] ***********
    changed: [focal-sd-generic-ossec-server2]
    
    TASK [build-generic-pkg : Create any necessary parent directories for jinja files] ***
    ok: [focal-sd-generic-ossec-agent2] => (item={'path': '/home/user/securedrop/install_files/securedrop-ossec-agent/DEBIAN/control.j2', 'mode': '0644', 'isdir': False, 'ischr': False, 'isblk': False, 'isreg': True, 'isfifo': False, 'islnk': False, 'issock': False, 'uid': 1000, 'gid': 1000, 'size': 721, 'inode': 1164, 'dev': 51728, 'nlink': 1, 'atime': 1647361353.079, 'mtime': 1647361131.008, 'ctime': 1647361131.008, 'gr_name': 'user', 'pw_name': 'user', 'wusr': True, 'rusr': True, 'xusr': False, 'wgrp': False, 'rgrp': True, 'xgrp': False, 'woth': False, 'roth': True, 'xoth': False, 'isuid': False, 'isgid': False})
    
    TASK [build-generic-pkg : Track down package] **********************************
    ok: [focal-sd-generic-ossec-server2]
    
    TASK [build-generic-pkg : Find any jinja templates] ****************************
    ok: [focal-sd-config -> localhost]
    ok: [focal-sd-sec-update -> localhost]
    
    TASK [build-generic-pkg : Ensure package name is set] **************************
    ok: [focal-sd-keyring] => {
        "changed": false,
        "msg": "All assertions passed"
    }
    
    TASK [build-generic-pkg : Find any jinja templates] ****************************
    ok: [focal-sd-grsec -> localhost]
    
    TASK [build-generic-pkg : Fetch back package] **********************************
    changed: [focal-sd-generic-ossec-server2] => (item={'path': '/tmp/securedrop-ossec-server-3.6.0+2.3.0~rc1+focal-amd64.deb', 'mode': '0644', 'isdir': False, 'ischr': False, 'isblk': False, 'isreg': True, 'isfifo': False, 'islnk': False, 'issock': False, 'uid': 0, 'gid': 0, 'size': 8640, 'inode': 1309485, 'dev': 100, 'nlink': 1, 'atime': 1647362461.5, 'mtime': 1647362461.5, 'ctime': 1647362461.5, 'gr_name': 'root', 'pw_name': 'root', 'wusr': True, 'rusr': True, 'xusr': False, 'wgrp': False, 'rgrp': True, 'xgrp': False, 'woth': False, 'roth': True, 'xoth': False, 'isuid': False, 'isgid': False})
    
    TASK [build-generic-pkg : Ensure build directory in-place] *********************
    ok: [focal-sd-keyring]
    
    TASK [build-generic-pkg : Template out any jinja files found and copy over] ****
    changed: [focal-sd-generic-ossec-agent2] => (item={'path': '/home/user/securedrop/install_files/securedrop-ossec-agent/DEBIAN/control.j2', 'mode': '0644', 'isdir': False, 'ischr': False, 'isblk': False, 'isreg': True, 'isfifo': False, 'islnk': False, 'issock': False, 'uid': 1000, 'gid': 1000, 'size': 721, 'inode': 1164, 'dev': 51728, 'nlink': 1, 'atime': 1647361353.079, 'mtime': 1647361131.008, 'ctime': 1647361131.008, 'gr_name': 'user', 'pw_name': 'user', 'wusr': True, 'rusr': True, 'xusr': False, 'wgrp': False, 'rgrp': True, 'xgrp': False, 'woth': False, 'roth': True, 'xoth': False, 'isuid': False, 'isgid': False})
    
    TASK [build-ossec-deb-pkg : Install apt dependencies for building OSSEC packages.] ***
    changed: [focal-sd-generic-ossec-agent]
    
    TASK [build-generic-pkg : Copy app code to build directory.] *******************
    changed: [focal-sd-keyring]
    
    TASK [build-generic-pkg : Find any jinja templates] ****************************
    ok: [focal-sd-generic-ossec-server2 -> localhost]
    
    TASK [build-generic-pkg : Find any jinja templates] ****************************
    ok: [focal-sd-keyring -> localhost]
    
    TASK [build-generic-pkg : Ensure package name is set] **************************
    ok: [focal-sd-grsec] => {
        "changed": false,
        "msg": "All assertions passed"
    }
    
    TASK [build-generic-pkg : run bash script to build generic packages] ***********
    changed: [focal-sd-generic-ossec-agent2]
    
    TASK [build-generic-pkg : Find any jinja templates] ****************************
    ok: [focal-sd-config -> localhost]
    
    TASK [build-generic-pkg : Ensure build directory in-place] *********************
    ok: [focal-sd-grsec]
    
    TASK [build-generic-pkg : Create any necessary parent directories for jinja files] ***
    ok: [focal-sd-keyring] => (item={'path': '/home/user/securedrop/install_files/securedrop-keyring/DEBIAN/control.j2', 'mode': '0644', 'isdir': False, 'ischr': False, 'isblk': False, 'isreg': True, 'isfifo': False, 'islnk': False, 'issock': False, 'uid': 1000, 'gid': 1000, 'size': 428, 'inode': 1156, 'dev': 51728, 'nlink': 1, 'atime': 1647361353.079, 'mtime': 1647361131.007, 'ctime': 1647361131.007, 'gr_name': 'user', 'pw_name': 'user', 'wusr': True, 'rusr': True, 'xusr': False, 'wgrp': False, 'rgrp': True, 'xgrp': False, 'woth': False, 'roth': True, 'xoth': False, 'isuid': False, 'isgid': False})
    
    TASK [build-generic-pkg : Find any jinja templates] ****************************
    ok: [focal-sd-sec-update -> localhost]
    
    TASK [build-ossec-deb-pkg : Extract OSSEC source tarball.] *********************
    changed: [focal-sd-generic-ossec-agent]
    
    TASK [build-generic-pkg : Track down package] **********************************
    ok: [focal-sd-generic-ossec-agent2]
    
    TASK [build-ossec-deb-pkg : Create /etc directory within source directory.] ****
    ok: [focal-sd-generic-ossec-agent]
    
    TASK [build-generic-pkg : Copy app code to build directory.] *******************
    changed: [focal-sd-grsec]
    
    TASK [build-generic-pkg : Fetch back package] **********************************
    changed: [focal-sd-generic-ossec-agent2] => (item={'path': '/tmp/securedrop-ossec-agent-3.6.0+2.3.0~rc1+focal-amd64.deb', 'mode': '0644', 'isdir': False, 'ischr': False, 'isblk': False, 'isreg': True, 'isfifo': False, 'islnk': False, 'issock': False, 'uid': 0, 'gid': 0, 'size': 4664, 'inode': 1311052, 'dev': 88, 'nlink': 1, 'atime': 1647362493.801, 'mtime': 1647362493.801, 'ctime': 1647362493.801, 'gr_name': 'root', 'pw_name': 'root', 'wusr': True, 'rusr': True, 'xusr': False, 'wgrp': False, 'rgrp': True, 'xgrp': False, 'woth': False, 'roth': True, 'xoth': False, 'isuid': False, 'isgid': False})
    
    TASK [build-generic-pkg : Find any jinja templates] ****************************
    ok: [focal-sd-grsec -> localhost]
    
    TASK [build-generic-pkg : Template out any jinja files found and copy over] ****
    changed: [focal-sd-keyring] => (item={'path': '/home/user/securedrop/install_files/securedrop-keyring/DEBIAN/control.j2', 'mode': '0644', 'isdir': False, 'ischr': False, 'isblk': False, 'isreg': True, 'isfifo': False, 'islnk': False, 'issock': False, 'uid': 1000, 'gid': 1000, 'size': 428, 'inode': 1156, 'dev': 51728, 'nlink': 1, 'atime': 1647361353.079, 'mtime': 1647361131.007, 'ctime': 1647361131.007, 'gr_name': 'user', 'pw_name': 'user', 'wusr': True, 'rusr': True, 'xusr': False, 'wgrp': False, 'rgrp': True, 'xgrp': False, 'woth': False, 'roth': True, 'xoth': False, 'isuid': False, 'isgid': False})
    
    TASK [build-generic-pkg : Find any jinja templates] ****************************
    ok: [focal-sd-generic-ossec-server2 -> localhost]
    
    TASK [build-generic-pkg : Ensure package name is set] **************************
    ok: [focal-sd-config] => {
        "changed": false,
        "msg": "All assertions passed"
    }
    
    TASK [build-generic-pkg : Create any necessary parent directories for jinja files] ***
    ok: [focal-sd-grsec] => (item={'path': '/home/user/securedrop/install_files/securedrop-grsec-focal/DEBIAN/control.j2', 'mode': '0644', 'isdir': False, 'ischr': False, 'isblk': False, 'isreg': True, 'isfifo': False, 'islnk': False, 'issock': False, 'uid': 1000, 'gid': 1000, 'size': 558, 'inode': 1143, 'dev': 51728, 'nlink': 1, 'atime': 1647361353.079, 'mtime': 1647361131.007, 'ctime': 1647361131.007, 'gr_name': 'user', 'pw_name': 'user', 'wusr': True, 'rusr': True, 'xusr': False, 'wgrp': False, 'rgrp': True, 'xgrp': False, 'woth': False, 'roth': True, 'xoth': False, 'isuid': False, 'isgid': False})
    
    TASK [build-ossec-deb-pkg : Copy OSSEC preloaded vars template.] ***************
    changed: [focal-sd-generic-ossec-agent]
    
    TASK [build-generic-pkg : Find any jinja templates] ****************************
    ok: [focal-sd-generic-ossec-agent2 -> localhost]
    
    TASK [build-generic-pkg : Create any necessary parent directories for jinja files] ***
    ok: [focal-sd-grsec] => (item={'path': '/home/user/securedrop/install_files/securedrop-grsec-focal/DEBIAN/postinst.j2', 'mode': '0755', 'isdir': False, 'ischr': False, 'isblk': False, 'isreg': True, 'isfifo': False, 'islnk': False, 'issock': False, 'uid': 1000, 'gid': 1000, 'size': 2176, 'inode': 1144, 'dev': 51728, 'nlink': 1, 'atime': 1647361353.079, 'mtime': 1647361131.007, 'ctime': 1647361131.007, 'gr_name': 'user', 'pw_name': 'user', 'wusr': True, 'rusr': True, 'xusr': True, 'wgrp': False, 'rgrp': True, 'xgrp': True, 'woth': False, 'roth': True, 'xoth': True, 'isuid': False, 'isgid': False})
    
    TASK [build-generic-pkg : run bash script to build generic packages] ***********
    changed: [focal-sd-keyring]
    
    TASK [build-generic-pkg : Ensure build directory in-place] *********************
    ok: [focal-sd-config]
    
    TASK [build-generic-pkg : Find any jinja templates] ****************************
    ok: [focal-sd-sec-update -> localhost]
    
    TASK [build-ossec-deb-pkg : Disable JIT in OSSEC Makefile] *********************
    changed: [focal-sd-generic-ossec-agent]
    
    TASK [build-generic-pkg : Track down package] **********************************
    ok: [focal-sd-keyring]
    
    TASK [build-generic-pkg : Copy app code to build directory.] *******************
    changed: [focal-sd-config]
    
    TASK [build-generic-pkg : Template out any jinja files found and copy over] ****
    changed: [focal-sd-grsec] => (item={'path': '/home/user/securedrop/install_files/securedrop-grsec-focal/DEBIAN/control.j2', 'mode': '0644', 'isdir': False, 'ischr': False, 'isblk': False, 'isreg': True, 'isfifo': False, 'islnk': False, 'issock': False, 'uid': 1000, 'gid': 1000, 'size': 558, 'inode': 1143, 'dev': 51728, 'nlink': 1, 'atime': 1647361353.079, 'mtime': 1647361131.007, 'ctime': 1647361131.007, 'gr_name': 'user', 'pw_name': 'user', 'wusr': True, 'rusr': True, 'xusr': False, 'wgrp': False, 'rgrp': True, 'xgrp': False, 'woth': False, 'roth': True, 'xoth': False, 'isuid': False, 'isgid': False})
    
    TASK [build-generic-pkg : Fetch back package] **********************************
    changed: [focal-sd-keyring] => (item={'path': '/tmp/securedrop-keyring-0.1.5+2.3.0~rc1+focal-amd64.deb', 'mode': '0644', 'isdir': False, 'ischr': False, 'isblk': False, 'isreg': True, 'isfifo': False, 'islnk': False, 'issock': False, 'uid': 0, 'gid': 0, 'size': 3748, 'inode': 1305509, 'dev': 136, 'nlink': 1, 'atime': 1647362518.24, 'mtime': 1647362518.24, 'ctime': 1647362518.24, 'gr_name': 'root', 'pw_name': 'root', 'wusr': True, 'rusr': True, 'xusr': False, 'wgrp': False, 'rgrp': True, 'xgrp': False, 'woth': False, 'roth': True, 'xoth': False, 'isuid': False, 'isgid': False})
    
    TASK [build-generic-pkg : Find any jinja templates] ****************************
    ok: [focal-sd-config -> localhost]
    
    TASK [build-generic-pkg : Template out any jinja files found and copy over] ****
    changed: [focal-sd-grsec] => (item={'path': '/home/user/securedrop/install_files/securedrop-grsec-focal/DEBIAN/postinst.j2', 'mode': '0755', 'isdir': False, 'ischr': False, 'isblk': False, 'isreg': True, 'isfifo': False, 'islnk': False, 'issock': False, 'uid': 1000, 'gid': 1000, 'size': 2176, 'inode': 1144, 'dev': 51728, 'nlink': 1, 'atime': 1647361353.079, 'mtime': 1647361131.007, 'ctime': 1647361131.007, 'gr_name': 'user', 'pw_name': 'user', 'wusr': True, 'rusr': True, 'xusr': True, 'wgrp': False, 'rgrp': True, 'xgrp': True, 'woth': False, 'roth': True, 'xoth': True, 'isuid': False, 'isgid': False})
    
    TASK [build-generic-pkg : Find any jinja templates] ****************************
    ok: [focal-sd-generic-ossec-server2 -> localhost]
    
    TASK [build-generic-pkg : Create any necessary parent directories for jinja files] ***
    ok: [focal-sd-config] => (item={'path': '/home/user/securedrop/install_files/securedrop-config-focal/DEBIAN/control.j2', 'mode': '0644', 'isdir': False, 'ischr': False, 'isblk': False, 'isreg': True, 'isfifo': False, 'islnk': False, 'issock': False, 'uid': 1000, 'gid': 1000, 'size': 414, 'inode': 1131, 'dev': 51728, 'nlink': 1, 'atime': 1647361353.079, 'mtime': 1647361131.006, 'ctime': 1647361131.006, 'gr_name': 'user', 'pw_name': 'user', 'wusr': True, 'rusr': True, 'xusr': False, 'wgrp': False, 'rgrp': True, 'xgrp': False, 'woth': False, 'roth': True, 'xoth': False, 'isuid': False, 'isgid': False})
    
    TASK [build-generic-pkg : Find any jinja templates] ****************************
    ok: [focal-sd-keyring -> localhost]
    ok: [focal-sd-generic-ossec-agent2 -> localhost]
    
    TASK [build-generic-pkg : run bash script to build generic packages] ***********
    changed: [focal-sd-grsec]
    
    TASK [build-generic-pkg : Template out any jinja files found and copy over] ****
    changed: [focal-sd-config] => (item={'path': '/home/user/securedrop/install_files/securedrop-config-focal/DEBIAN/control.j2', 'mode': '0644', 'isdir': False, 'ischr': False, 'isblk': False, 'isreg': True, 'isfifo': False, 'islnk': False, 'issock': False, 'uid': 1000, 'gid': 1000, 'size': 414, 'inode': 1131, 'dev': 51728, 'nlink': 1, 'atime': 1647361353.079, 'mtime': 1647361131.006, 'ctime': 1647361131.006, 'gr_name': 'user', 'pw_name': 'user', 'wusr': True, 'rusr': True, 'xusr': False, 'wgrp': False, 'rgrp': True, 'xgrp': False, 'woth': False, 'roth': True, 'xoth': False, 'isuid': False, 'isgid': False})
    
    TASK [build-ossec-deb-pkg : Run OSSEC installer script on extracted source.] ***
    changed: [focal-sd-generic-ossec-server]
    
    TASK [build-generic-pkg : Track down package] **********************************
    ok: [focal-sd-grsec]
    
    TASK [build-ossec-deb-pkg : Create OSSEC build directory.] *********************
    changed: [focal-sd-generic-ossec-server] => (item=/tmp/build/ossec-server-3.6.0+focal-amd64)
    
    TASK [build-generic-pkg : Find any jinja templates] ****************************
    ok: [focal-sd-generic-ossec-server2 -> localhost]
    
    TASK [build-generic-pkg : Fetch back package] **********************************
    changed: [focal-sd-grsec] => (item={'path': '/tmp/securedrop-grsec-5.15.26+focal-amd64.deb', 'mode': '0644', 'isdir': False, 'ischr': False, 'isblk': False, 'isreg': True, 'isfifo': False, 'islnk': False, 'issock': False, 'uid': 0, 'gid': 0, 'size': 3048, 'inode': 1310355, 'dev': 112, 'nlink': 1, 'atime': 1647362542.608, 'mtime': 1647362542.608, 'ctime': 1647362542.608, 'gr_name': 'root', 'pw_name': 'root', 'wusr': True, 'rusr': True, 'xusr': False, 'wgrp': False, 'rgrp': True, 'xgrp': False, 'woth': False, 'roth': True, 'xoth': False, 'isuid': False, 'isgid': False})
    
    TASK [build-ossec-deb-pkg : Create OSSEC build directory.] *********************
    changed: [focal-sd-generic-ossec-server] => (item=/tmp/build/ossec-server-3.6.0+focal-amd64/var)
    
    TASK [build-generic-pkg : Find any jinja templates] ****************************
    ok: [focal-sd-generic-ossec-agent2 -> localhost]
    
    TASK [build-generic-pkg : run bash script to build generic packages] ***********
    changed: [focal-sd-config]
    
    TASK [build-generic-pkg : Find any jinja templates] ****************************
    ok: [focal-sd-keyring -> localhost]
    
    TASK [build-ossec-deb-pkg : Remove client.keys to avoid overwriting existing client.keys] ***
    changed: [focal-sd-generic-ossec-server]
    
    TASK [build-generic-pkg : Track down package] **********************************
    ok: [focal-sd-config]
    
    TASK [build-ossec-deb-pkg : Copy /var/ossec/ to OSSEC build directory.] ********
    changed: [focal-sd-generic-ossec-server]
    
    TASK [Update apt-cache for our security checker] *******************************
    changed: [focal-sd-sec-update]
    
    TASK [build-generic-pkg : Find any jinja templates] ****************************
    ok: [focal-sd-grsec -> localhost]
    
    TASK [build-generic-pkg : Fetch back package] **********************************
    changed: [focal-sd-config] => (item={'path': '/tmp/securedrop-config-0.1.4+2.3.0~rc1+focal-amd64.deb', 'mode': '0644', 'isdir': False, 'ischr': False, 'isblk': False, 'isreg': True, 'isfifo': False, 'islnk': False, 'issock': False, 'uid': 0, 'gid': 0, 'size': 3064, 'inode': 1313212, 'dev': 124, 'nlink': 1, 'atime': 1647362554.809, 'mtime': 1647362554.809, 'ctime': 1647362554.809, 'gr_name': 'root', 'pw_name': 'root', 'wusr': True, 'rusr': True, 'xusr': False, 'wgrp': False, 'rgrp': True, 'xgrp': False, 'woth': False, 'roth': True, 'xoth': False, 'isuid': False, 'isgid': False})
    
    TASK [build-ossec-deb-pkg : Copy OSSEC DEBIAN package scripts to build directory.] ***
    changed: [focal-sd-generic-ossec-server]
    
    TASK [build-ossec-deb-pkg : Copy OSSEC DEBIAN/control template to build directory.] ***
    changed: [focal-sd-generic-ossec-server]
    
    TASK [build-ossec-deb-pkg : Copy OSSEC /usr and /etc directories to build directory.] ***
    changed: [focal-sd-generic-ossec-server] => (item=etc)
    changed: [focal-sd-generic-ossec-server] => (item=usr)
    
    TASK [build-ossec-deb-pkg : Run OSSEC installer script on extracted source.] ***
    changed: [focal-sd-generic-ossec-agent]
    
    TASK [build-ossec-deb-pkg : Create OSSEC build directory.] *********************
    changed: [focal-sd-generic-ossec-agent] => (item=/tmp/build/ossec-agent-3.6.0+focal-amd64)
    
    TASK [build-ossec-deb-pkg : Delete the old service file] ***********************
    changed: [focal-sd-generic-ossec-server]
    
    TASK [build-ossec-deb-pkg : Create OSSEC build directory.] *********************
    changed: [focal-sd-generic-ossec-agent] => (item=/tmp/build/ossec-agent-3.6.0+focal-amd64/var)
    
    TASK [build-ossec-deb-pkg : Create directory for our systemd based service file] ***
    changed: [focal-sd-generic-ossec-server]
    
    TASK [build-ossec-deb-pkg : Remove client.keys to avoid overwriting existing client.keys] ***
    changed: [focal-sd-generic-ossec-agent]
    
    TASK [build-ossec-deb-pkg : Copy /var/ossec/ to OSSEC build directory.] ********
    changed: [focal-sd-generic-ossec-agent]
    
    TASK [build-ossec-deb-pkg : Copy our systemd based service file for ossec-server] ***
    changed: [focal-sd-generic-ossec-server]
    
    TASK [build-ossec-deb-pkg : Copy OSSEC DEBIAN package scripts to build directory.] ***
    changed: [focal-sd-generic-ossec-agent]
    
    TASK [build-ossec-deb-pkg : Copy OSSEC DEBIAN/control template to build directory.] ***
    changed: [focal-sd-generic-ossec-agent]
    
    TASK [build-ossec-deb-pkg : Copy OSSEC /usr and /etc directories to build directory.] ***
    changed: [focal-sd-generic-ossec-agent] => (item=etc)
    changed: [focal-sd-generic-ossec-agent] => (item=usr)
    
    TASK [build-ossec-deb-pkg : Delete the old service file] ***********************
    changed: [focal-sd-generic-ossec-agent]
    
    TASK [build-ossec-deb-pkg : Build SecureDrop OSSEC deb package.] ***************
    changed: [focal-sd-generic-ossec-server]
    
    TASK [build-ossec-deb-pkg : Create directory for our systemd based service file] ***
    changed: [focal-sd-generic-ossec-agent]
    
    TASK [build-ossec-deb-pkg : Delete OSSEC build directories and config files.] ***
    changed: [focal-sd-generic-ossec-server] => (item=/etc/init.d/ossec)
    changed: [focal-sd-generic-ossec-server] => (item=/etc/ossec-init.conf)
    changed: [focal-sd-generic-ossec-server] => (item=/var/ossec)
    changed: [focal-sd-generic-ossec-server] => (item=/tmp/OSSEC-ARCHIVE-KEY.asc)
    
    TASK [build-ossec-deb-pkg : Fetch newly built Debian packages back to localhost.] ***
    changed: [focal-sd-generic-ossec-server]
    
    TASK [build-ossec-deb-pkg : Copy our systemd based service file for ossec-agent] ***
    changed: [focal-sd-generic-ossec-agent]
    
    TASK [build-ossec-deb-pkg : Build SecureDrop OSSEC deb package.] ***************
    changed: [focal-sd-generic-ossec-agent]
    
    TASK [build-ossec-deb-pkg : Delete OSSEC build directories and config files.] ***
    changed: [focal-sd-generic-ossec-agent] => (item=/etc/init.d/ossec)
    changed: [focal-sd-generic-ossec-agent] => (item=/etc/ossec-init.conf)
    changed: [focal-sd-generic-ossec-agent] => (item=/var/ossec)
    changed: [focal-sd-generic-ossec-agent] => (item=/tmp/OSSEC-ARCHIVE-KEY.asc)
    
    TASK [build-ossec-deb-pkg : Fetch newly built Debian packages back to localhost.] ***
    changed: [focal-sd-generic-ossec-agent]
    
    TASK [build-generic-pkg : Find any jinja templates] ****************************
    ok: [focal-sd-generic-ossec-agent -> localhost]
    
    TASK [build-generic-pkg : Find any jinja templates] ****************************
    ok: [focal-sd-generic-ossec-agent -> localhost]
    
    TASK [build-generic-pkg : Find any jinja templates] ****************************
    ok: [focal-sd-generic-ossec-server -> localhost]
    
    TASK [build-generic-pkg : Find any jinja templates] ****************************
    ok: [focal-sd-generic-ossec-agent -> localhost]
    
    TASK [build-generic-pkg : Find any jinja templates] ****************************
    ok: [focal-sd-generic-ossec-server -> localhost]
    
    TASK [build-generic-pkg : Find any jinja templates] ****************************
    ok: [focal-sd-generic-ossec-agent -> localhost]
    
    TASK [build-generic-pkg : Find any jinja templates] ****************************
    ok: [focal-sd-generic-ossec-server -> localhost]
    
    TASK [build-generic-pkg : Find any jinja templates] ****************************
    ok: [focal-sd-generic-ossec-agent -> localhost]
    
    TASK [build-generic-pkg : Find any jinja templates] ****************************
    ok: [focal-sd-generic-ossec-server -> localhost]
    
    TASK [build-generic-pkg : Find any jinja templates] ****************************
    ok: [focal-sd-generic-ossec-server -> localhost]
    
    TASK [build-securedrop-app-code-deb-pkg : Install SecureDrop Python requirements in virtualenv for translation work] ***
    changed: [focal-sd-app]
    
    TASK [build-securedrop-app-code-deb-pkg : Compile PO to MO.] *******************
    changed: [focal-sd-app]
    
    TASK [build-securedrop-app-code-deb-pkg : Create apparmor.d directory in prep directory] ***
    changed: [focal-sd-app]
    
    TASK [build-securedrop-app-code-deb-pkg : Copy AppArmor profiles to prep path] ***
    changed: [focal-sd-app] => (item=usr.sbin.tor)
    changed: [focal-sd-app] => (item=usr.sbin.apache2)
    
    TASK [build-securedrop-app-code-deb-pkg : Replace placeholder changelog to dist-specific changelog] ***
    changed: [focal-sd-app]
    
    TASK [build-securedrop-app-code-deb-pkg : Create the control file based on distribution] ***
    changed: [focal-sd-app]
    
    TASK [build-securedrop-app-code-deb-pkg : Create lib/systemd/services directory in prep directory] ***
    changed: [focal-sd-app]
    
    TASK [build-securedrop-app-code-deb-pkg : Copy systemd service configurations to prep path] ***
    changed: [focal-sd-app] => (item=securedrop_rqrequeue.service)
    changed: [focal-sd-app] => (item=securedrop_rqworker.service)
    changed: [focal-sd-app] => (item=securedrop_shredder.service)
    changed: [focal-sd-app] => (item=securedrop_source_deleter.service)
    
    TASK [build-securedrop-app-code-deb-pkg : Create sdist in prep dir] ************
    changed: [focal-sd-app]
    
    TASK [build-securedrop-app-code-deb-pkg : Create build dir] ********************
    changed: [focal-sd-app]
    
    TASK [build-securedrop-app-code-deb-pkg : Extract sdist to build dir] **********
    changed: [focal-sd-app]
    
    TASK [build-securedrop-app-code-deb-pkg : Create empty static asset directories in build dir] ***
    changed: [focal-sd-app] => (item=/tmp/securedrop-app-code_2.3.0~rc1+focal_amd64/var/www/securedrop/static/gen)
    changed: [focal-sd-app] => (item=/tmp/securedrop-app-code_2.3.0~rc1+focal_amd64/var/www/securedrop/static/.webassets-cache)
    changed: [focal-sd-app] => (item=/tmp/securedrop-app-code_2.3.0~rc1+focal_amd64/var/www/securedrop/.well-known/pki-validation)
    
    TASK [build-securedrop-app-code-deb-pkg : Build securedrop-app-code Debian package] ***
    changed: [focal-sd-app]
    
    TASK [build-securedrop-app-code-deb-pkg : Find newly built Debian package] *****
    ok: [focal-sd-app]
    
    TASK [build-securedrop-app-code-deb-pkg : Fetch newly built Debian packages back to localhost] ***
    changed: [focal-sd-app] => (item={'path': '/tmp/securedrop-app-code_2.3.0~rc1+focal_amd64.deb', 'mode': '0644', 'isdir': False, 'ischr': False, 'isblk': False, 'isreg': True, 'isfifo': False, 'islnk': False, 'issock': False, 'uid': 0, 'gid': 0, 'size': 13668568, 'inode': 1059771, 'dev': 52, 'nlink': 1, 'atime': 1647363348.404, 'mtime': 1647363348.019, 'ctime': 1647363348.019, 'gr_name': 'root', 'pw_name': 'root', 'wusr': True, 'rusr': True, 'xusr': False, 'wgrp': False, 'rgrp': True, 'xgrp': False, 'woth': False, 'roth': True, 'xoth': False, 'isuid': False, 'isgid': False})
    changed: [focal-sd-app] => (item={'path': '/tmp/securedrop-app-code_2.3.0~rc1+focal.tar.gz', 'mode': '0644', 'isdir': False, 'ischr': False, 'isblk': False, 'isreg': True, 'isfifo': False, 'islnk': False, 'issock': False, 'uid': 0, 'gid': 0, 'size': 2129256, 'inode': 1059492, 'dev': 52, 'nlink': 1, 'atime': 1647362930.734, 'mtime': 1647362930.727, 'ctime': 1647362930.732, 'gr_name': 'root', 'pw_name': 'root', 'wusr': True, 'rusr': True, 'xusr': False, 'wgrp': False, 'rgrp': True, 'xgrp': False, 'woth': False, 'roth': True, 'xoth': False, 'isuid': False, 'isgid': False})
    
    TASK [build-generic-pkg : Find any jinja templates] ****************************
    ok: [focal-sd-app -> localhost]
    
    TASK [build-generic-pkg : Find any jinja templates] ****************************
    ok: [focal-sd-app -> localhost]
    
    TASK [build-generic-pkg : Find any jinja templates] ****************************
    ok: [focal-sd-app -> localhost]
    
    TASK [build-generic-pkg : Find any jinja templates] ****************************
    ok: [focal-sd-app -> localhost]
    
    TASK [build-generic-pkg : Find any jinja templates] ****************************
    ok: [focal-sd-app -> localhost]
    
    PLAY [Give dpkg verify container access to debs] *******************************
    
    TASK [Discover local debian build files] ***************************************
    ok: [focal-sd-dpkg-verification -> localhost]
    
    TASK [Create build dir] ********************************************************
    ok: [focal-sd-dpkg-verification]
    
    TASK [Drop debian files into container] ****************************************
    changed: [focal-sd-dpkg-verification] => (item={'path': '/home/user/securedrop/build/focal/ossec-agent-3.6.0+focal-amd64.deb', 'mode': '0600', 'isdir': False, 'ischr': False, 'isblk': False, 'isreg': True, 'isfifo': False, 'islnk': False, 'issock': False, 'uid': 1000, 'gid': 1000, 'size': 288528, 'inode': 134159, 'dev': 51728, 'nlink': 1, 'atime': 1647362608.217, 'mtime': 1647362608.216, 'ctime': 1647362608.216, 'gr_name': 'user', 'pw_name': 'user', 'wusr': True, 'rusr': True, 'xusr': False, 'wgrp': False, 'rgrp': False, 'xgrp': False, 'woth': False, 'roth': False, 'xoth': False, 'isuid': False, 'isgid': False})
    changed: [focal-sd-dpkg-verification] => (item={'path': '/home/user/securedrop/build/focal/securedrop-ossec-server-3.6.0+2.3.0~rc1+focal-amd64.deb', 'mode': '0600', 'isdir': False, 'ischr': False, 'isblk': False, 'isreg': True, 'isfifo': False, 'islnk': False, 'issock': False, 'uid': 1000, 'gid': 1000, 'size': 8640, 'inode': 134155, 'dev': 51728, 'nlink': 1, 'atime': 1647362478.579, 'mtime': 1647362478.579, 'ctime': 1647362478.579, 'gr_name': 'user', 'pw_name': 'user', 'wusr': True, 'rusr': True, 'xusr': False, 'wgrp': False, 'rgrp': False, 'xgrp': False, 'woth': False, 'roth': False, 'xoth': False, 'isuid': False, 'isgid': False})
    changed: [focal-sd-dpkg-verification] => (item={'path': '/home/user/securedrop/build/focal/securedrop-ossec-agent-3.6.0+2.3.0~rc1+focal-amd64.deb', 'mode': '0600', 'isdir': False, 'ischr': False, 'isblk': False, 'isreg': True, 'isfifo': False, 'islnk': False, 'issock': False, 'uid': 1000, 'gid': 1000, 'size': 4664, 'inode': 134156, 'dev': 51728, 'nlink': 1, 'atime': 1647362504.768, 'mtime': 1647362504.768, 'ctime': 1647362504.768, 'gr_name': 'user', 'pw_name': 'user', 'wusr': True, 'rusr': True, 'xusr': False, 'wgrp': False, 'rgrp': False, 'xgrp': False, 'woth': False, 'roth': False, 'xoth': False, 'isuid': False, 'isgid': False})
    changed: [focal-sd-dpkg-verification] => (item={'path': '/home/user/securedrop/build/focal/ossec-server-3.6.0+focal-amd64.deb', 'mode': '0600', 'isdir': False, 'ischr': False, 'isblk': False, 'isreg': True, 'isfifo': False, 'islnk': False, 'issock': False, 'uid': 1000, 'gid': 1000, 'size': 731944, 'inode': 134158, 'dev': 51728, 'nlink': 1, 'atime': 1647362599.327, 'mtime': 1647362599.323, 'ctime': 1647362599.323, 'gr_name': 'user', 'pw_name': 'user', 'wusr': True, 'rusr': True, 'xusr': False, 'wgrp': False, 'rgrp': False, 'xgrp': False, 'woth': False, 'roth': False, 'xoth': False, 'isuid': False, 'isgid': False})
    changed: [focal-sd-dpkg-verification] => (item={'path': '/home/user/securedrop/build/focal/securedrop-app-code_2.3.0~rc1+focal_amd64.deb', 'mode': '0600', 'isdir': False, 'ischr': False, 'isblk': False, 'isreg': True, 'isfifo': False, 'islnk': False, 'issock': False, 'uid': 1000, 'gid': 1000, 'size': 13668568, 'inode': 134160, 'dev': 51728, 'nlink': 1, 'atime': 1647363353.214, 'mtime': 1647363353.203, 'ctime': 1647363353.203, 'gr_name': 'user', 'pw_name': 'user', 'wusr': True, 'rusr': True, 'xusr': False, 'wgrp': False, 'rgrp': False, 'xgrp': False, 'woth': False, 'roth': False, 'xoth': False, 'isuid': False, 'isgid': False})
    changed: [focal-sd-dpkg-verification] => (item={'path': '/home/user/securedrop/build/focal/securedrop-keyring-0.1.5+2.3.0~rc1+focal-amd64.deb', 'mode': '0600', 'isdir': False, 'ischr': False, 'isblk': False, 'isreg': True, 'isfifo': False, 'islnk': False, 'issock': False, 'uid': 1000, 'gid': 1000, 'size': 3748, 'inode': 134157, 'dev': 51728, 'nlink': 1, 'atime': 1647362529.313, 'mtime': 1647362529.313, 'ctime': 1647362529.313, 'gr_name': 'user', 'pw_name': 'user', 'wusr': True, 'rusr': True, 'xusr': False, 'wgrp': False, 'rgrp': False, 'xgrp': False, 'woth': False, 'roth': False, 'xoth': False, 'isuid': False, 'isgid': False})
    changed: [focal-sd-dpkg-verification] => (item={'path': '/home/user/securedrop/build/focal/securedrop-config-0.1.4+2.3.0~rc1+focal-amd64.deb', 'mode': '0600', 'isdir': False, 'ischr': False, 'isblk': False, 'isreg': True, 'isfifo': False, 'islnk': False, 'issock': False, 'uid': 1000, 'gid': 1000, 'size': 3064, 'inode': 134153, 'dev': 51728, 'nlink': 1, 'atime': 1647362566.368, 'mtime': 1647362566.368, 'ctime': 1647362566.368, 'gr_name': 'user', 'pw_name': 'user', 'wusr': True, 'rusr': True, 'xusr': False, 'wgrp': False, 'rgrp': False, 'xgrp': False, 'woth': False, 'roth': False, 'xoth': False, 'isuid': False, 'isgid': False})
    changed: [focal-sd-dpkg-verification] => (item={'path': '/home/user/securedrop/build/focal/securedrop-grsec-5.15.26+focal-amd64.deb', 'mode': '0600', 'isdir': False, 'ischr': False, 'isblk': False, 'isreg': True, 'isfifo': False, 'islnk': False, 'issock': False, 'uid': 1000, 'gid': 1000, 'size': 3048, 'inode': 134152, 'dev': 51728, 'nlink': 1, 'atime': 1647362554.081, 'mtime': 1647362554.081, 'ctime': 1647362554.081, 'gr_name': 'user', 'pw_name': 'user', 'wusr': True, 'rusr': True, 'xusr': False, 'wgrp': False, 'rgrp': False, 'xgrp': False, 'woth': False, 'roth': False, 'xoth': False, 'isuid': False, 'isgid': False})
    
    PLAY RECAP *********************************************************************
    focal-sd-app               : ok=33   changed=26   unreachable=0    failed=0    skipped=97   rescued=0    ignored=0
    focal-sd-config            : ok=14   changed=4    unreachable=0    failed=0    skipped=116  rescued=0    ignored=0
    focal-sd-dpkg-verification : ok=3    changed=1    unreachable=0    failed=0    skipped=0    rescued=0    ignored=0
    focal-sd-generic-ossec-agent : ok=33   changed=24   unreachable=0    failed=0    skipped=97   rescued=0    ignored=0
    focal-sd-generic-ossec-agent2 : ok=14   changed=4    unreachable=0    failed=0    skipped=116  rescued=0    ignored=0
    focal-sd-generic-ossec-server : ok=33   changed=24   unreachable=0    failed=0    skipped=97   rescued=0    ignored=0
    focal-sd-generic-ossec-server2 : ok=14   changed=4    unreachable=0    failed=0    skipped=116  rescued=0    ignored=0
    focal-sd-grsec             : ok=14   changed=4    unreachable=0    failed=0    skipped=116  rescued=0    ignored=0
    focal-sd-keyring           : ok=14   changed=4    unreachable=0    failed=0    skipped=116  rescued=0    ignored=0
    focal-sd-sec-update        : ok=7    changed=1    unreachable=0    failed=0    skipped=123  rescued=0    ignored=0
    
--> Inventory /home/user/securedrop/molecule/builder-focal/../../install_files/ansible-base/group_vars linked to /home/user/.cache/molecule/securedrop/builder-focal/inventory/group_vars
--> Scenario: 'builder-focal'
--> Action: 'verify'
--> Executing Testinfra tests found in /home/user/securedrop/molecule/builder-focal/tests/...
    ============================= test session starts ==============================
    platform linux -- Python 3.7.3, pytest-6.1.1, py-1.10.0, pluggy-0.13.1
    rootdir: /home/user/securedrop/molecule, configfile: pytest.ini
    plugins: forked-1.3.0, testinfra-5.3.1, xdist-2.1.0
gw0 [146] / gw1 [146] / gw2 [146] / gw3 [146]
    ..x..................................................................... [ 49%]
    .....................F.................................................. [ 98%]
    ..                                                                       [100%]
    =================================== FAILURES ===================================
    __________ test_ensure_no_updates_avail[docker://focal-sd-sec-update] __________
    [gw3] linux -- Python 3.7.3 /home/user/.virtualenvs/sd-build/bin/python3
    
    host = <testinfra.host.Host docker://focal-sd-sec-update>
    
        @pytest.mark.skipif(not test_should_run(), reason="Only tested for RCs and builder updates")
        def test_ensure_no_updates_avail(host):
            """
                Test to make sure that there are no security-updates in the
                base builder container.
            """
            # Filter out all the security repos to their own file
            # without this change all the package updates appeared as if they were
            # coming from normal ubuntu update channel (since they get posted to both)
            host.run('egrep "^deb.*security" /etc/apt/sources.list > /tmp/sec.list')
    
            dist_upgrade_simulate = host.run('apt-get -s dist-upgrade '
                                             '-oDir::Etc::Sourcelist=/tmp/sec.list '
                                             '|grep "^Inst" |grep -i security')
    
            # If the grep was successful that means security package updates found
            # otherwise we get a non-zero exit code so no updates needed.
    >       assert dist_upgrade_simulate.rc != 0
    E       assert 0 != 0
    E        +  where 0 = CommandResult(command=b'apt-get -s dist-upgrade -oDir::Etc::Sourcelist=/tmp/sec.list |grep "^Inst" |grep -i security',...xml2 [2.9.10+dfsg-5ubuntu0.20.04.1] (2.9.10+dfsg-5ubuntu0.20.04.2 Ubuntu:20.04/focal-security [amd64])\n', stderr=None).rc
    
    tests/test_security_updates.py:43: AssertionError
    =========================== short test summary info ============================
    FAILED tests/test_security_updates.py::test_ensure_no_updates_avail[docker:/focal-sd-sec-update]
    ================== 1 failed, 144 passed, 1 xfailed in 56.36s ===================
An error occurred during the test sequence action: 'verify'. Cleaning up.
--> Inventory /home/user/securedrop/molecule/builder-focal/../../install_files/ansible-base/group_vars linked to /home/user/.cache/molecule/securedrop/builder-focal/inventory/group_vars
--> Scenario: 'builder-focal'
--> Action: 'cleanup'
Skipping, cleanup playbook not configured.
--> Inventory /home/user/securedrop/molecule/builder-focal/../../install_files/ansible-base/group_vars linked to /home/user/.cache/molecule/securedrop/builder-focal/inventory/group_vars
--> Scenario: 'builder-focal'
--> Action: 'destroy'
    
    PLAY [Destroy] *****************************************************************
    
    TASK [Destroy molecule instance(s)] ********************************************
    changed: [localhost] => (item={'groups': ['builders'], 'name': 'focal-sd-app'})
    changed: [localhost] => (item={'groups': ['builders'], 'name': 'focal-sd-generic-ossec-agent'})
    changed: [localhost] => (item={'groups': ['builders'], 'name': 'focal-sd-generic-ossec-server'})
    changed: [localhost] => (item={'groups': ['builders'], 'name': 'focal-sd-generic-ossec-agent2'})
    changed: [localhost] => (item={'groups': ['builders'], 'name': 'focal-sd-generic-ossec-server2'})
    changed: [localhost] => (item={'groups': ['builders'], 'name': 'focal-sd-grsec'})
    changed: [localhost] => (item={'groups': ['builders'], 'name': 'focal-sd-config'})
    changed: [localhost] => (item={'groups': ['builders'], 'name': 'focal-sd-keyring'})
    changed: [localhost] => (item={'groups': ['builders'], 'name': 'focal-sd-sec-update'})
    changed: [localhost] => (item={'groups': ['testers'], 'name': 'focal-sd-dpkg-verification'})
    
    PLAY RECAP *********************************************************************
    localhost                  : ok=1    changed=1    unreachable=0    failed=0    skipped=0    rescued=0    ignored=0
    
--> Pruning extra files from scenario ephemeral directory
make: *** [Makefile:303: build-debs] Error 1
(sd-build) user@sd-dvm:~/securedrop$ shasum -a 256 build/focal/*2.3.0*
1a2473ae2305195463efc4442a389067792a2037d271dc0076048018bee5ad13  build/focal/securedrop-app-code_2.3.0~rc1+focal_amd64.deb
0cdcae097cf4ee46b64d69a737378cbc5d138cd9dc51964179170b8d972def03  build/focal/securedrop-app-code_2.3.0~rc1+focal.tar.gz
486ad9989b10f4bf144523c9e4cbc918be3f1c6f437055217d65933ec14ab4cc  build/focal/securedrop-config-0.1.4+2.3.0~rc1+focal-amd64.deb
c746831843bb66cf8bab27657ea755f15b4cce02358d92d36cd3bc132bc3302e  build/focal/securedrop-keyring-0.1.5+2.3.0~rc1+focal-amd64.deb
cf00f17fc2bcdd65d1488b949e10c92523193ea3f9acbd41f3878f59a4244bc1  build/focal/securedrop-ossec-agent-3.6.0+2.3.0~rc1+focal-amd64.deb
c2a2dff1efab83bbe7cbd0dc28fcb328ee87e91b8ca8a3412f8bac41be7c0fbf  build/focal/securedrop-ossec-server-3.6.0+2.3.0~rc1+focal-amd64.deb
(sd-build) user@sd-dvm:~/securedrop$ 

