[user@fpf-dev-dvm:~] $
 $ git clone https://github.com/freedomofpress/securedrop
Cloning into 'securedrop'...
changing to directory securedrop
[user@fpf-dev-dvm:~/securedrop] develop 18s ±
 $ git tag -v 2.2.0
object b773d8807fb240a1df392b7a64b76c55727afec5
type commit
tag 2.2.0
tagger Conor Schaefer <conor@freedom.press> 1645134593 -0800

SecureDrop 2.2.0
gpg: Signature made Thu 17 Feb 2022 01:55:57 PM PST
gpg:                using RSA key 2359E6538C0613E652955E6C188EDD3B7B22E6A3
gpg: Good signature from "SecureDrop Release Signing Key <securedrop-release-key-2021@freedom.press>" [unknown]
gpg: WARNING: This key is not certified with a trusted signature!
gpg:          There is no indication that the signature belongs to the owner.
Primary key fingerprint: 2359 E653 8C06 13E6 5295  5E6C 188E DD3B 7B22 E6A3
[user@fpf-dev-dvm:~/securedrop] develop 28s ±
 $ git checkout 2.2.0
Note: checking out '2.2.0'.

You are in 'detached HEAD' state. You can look around, make experimental
changes and commit them, and you can discard any commits you make in this
state without impacting any branches by performing another checkout.

If you want to create a new branch to retain commits you create, you may
do so (now or later) by using -b with the checkout command again. Example:

  git checkout -b <new-branch-name>

HEAD is now at b773d8807 SecureDrop 2.2.0
[user@fpf-dev-dvm:~/securedrop] b773d8807 37s ±
 $ mkvirtualenv -a $PWD -p $(which python3) sd
Already using interpreter /usr/bin/python3
Using base prefix '/usr'
New python executable in /home/user/.virtualenvs/sd/bin/python3
Also creating executable in /home/user/.virtualenvs/sd/bin/python
Installing setuptools, pkg_resources, pip, wheel...done.
Setting project for sd to /home/user/securedrop
[user@fpf-dev-dvm:~/securedrop] [sd] b773d8807 49s ±
 $ pip install --require-hashes -r securedrop/requirements/python3/develop-requirements.txt
Collecting ansible-lint==4.2.0
  Downloading ansible_lint-4.2.0-py2.py3-none-any.whl (57 kB)
     ━━━━━━━━━━━━━━━━━━━━━━━━━━━━━━━━━━━━━━━━ 57.2/57.2 KB 3.7 MB/s eta 0:00:00
Collecting ansible==2.9.26
  Downloading ansible-2.9.26.tar.gz (14.3 MB)
     ━━━━━━━━━━━━━━━━━━━━━━━━━━━━━━━━━━━━━━━━ 14.3/14.3 MB 30.9 MB/s eta 0:00:00
  Preparing metadata (setup.py) ... done
Collecting apipkg==1.4
  Downloading apipkg-1.4-py2.py3-none-any.whl (6.6 kB)
Collecting argon2-cffi==20.1.0
  Downloading argon2_cffi-20.1.0-cp35-abi3-manylinux1_x86_64.whl (97 kB)
     ━━━━━━━━━━━━━━━━━━━━━━━━━━━━━━━━━━━━━━━━ 98.0/98.0 KB 10.3 MB/s eta 0:00:00
Collecting arrow==0.10.0
  Downloading arrow-0.10.0.tar.gz (86 kB)
     ━━━━━━━━━━━━━━━━━━━━━━━━━━━━━━━━━━━━━━━━ 86.5/86.5 KB 18.0 MB/s eta 0:00:00
  Preparing metadata (setup.py) ... done
Collecting aspy.yaml==1.3.0
  Downloading aspy.yaml-1.3.0-py2.py3-none-any.whl (3.5 kB)
Collecting astroid==2.5.2
  Downloading astroid-2.5.2-py3-none-any.whl (222 kB)
     ━━━━━━━━━━━━━━━━━━━━━━━━━━━━━━━━━━━━━━━━ 222.8/222.8 KB 14.5 MB/s eta 0:00:00
Collecting attrs==20.2.0
  Downloading attrs-20.2.0-py2.py3-none-any.whl (48 kB)
     ━━━━━━━━━━━━━━━━━━━━━━━━━━━━━━━━━━━━━━━━ 48.1/48.1 KB 9.0 MB/s eta 0:00:00
Collecting bandit==1.7.0
  Downloading bandit-1.7.0-py3-none-any.whl (115 kB)
     ━━━━━━━━━━━━━━━━━━━━━━━━━━━━━━━━━━━━━━━━ 115.2/115.2 KB 14.2 MB/s eta 0:00:00
Collecting bcrypt==3.1.3
  Downloading bcrypt-3.1.3.tar.gz (40 kB)
     ━━━━━━━━━━━━━━━━━━━━━━━━━━━━━━━━━━━━━━━━ 40.8/40.8 KB 7.3 MB/s eta 0:00:00
  Preparing metadata (setup.py) ... done
Collecting binaryornot==0.4.4
  Downloading binaryornot-0.4.4-py2.py3-none-any.whl (9.0 kB)
Collecting boto3==1.5.24
  Downloading boto3-1.5.24-py2.py3-none-any.whl (128 kB)
     ━━━━━━━━━━━━━━━━━━━━━━━━━━━━━━━━━━━━━━━━ 128.4/128.4 KB 8.6 MB/s eta 0:00:00
Collecting boto==2.48.0
  Downloading boto-2.48.0-py2.py3-none-any.whl (1.4 MB)
     ━━━━━━━━━━━━━━━━━━━━━━━━━━━━━━━━━━━━━━━━ 1.4/1.4 MB 25.7 MB/s eta 0:00:00
Collecting botocore==1.8.38
  Downloading botocore-1.8.38-py2.py3-none-any.whl (4.1 MB)
     ━━━━━━━━━━━━━━━━━━━━━━━━━━━━━━━━━━━━━━━━ 4.1/4.1 MB 33.2 MB/s eta 0:00:00
Collecting cerberus==1.3.1
  Downloading Cerberus-1.3.1.tar.gz (52 kB)
     ━━━━━━━━━━━━━━━━━━━━━━━━━━━━━━━━━━━━━━━━ 52.3/52.3 KB 9.7 MB/s eta 0:00:00
  Preparing metadata (setup.py) ... done
Collecting certifi==2017.7.27.1
  Downloading certifi-2017.7.27.1-py2.py3-none-any.whl (349 kB)
     ━━━━━━━━━━━━━━━━━━━━━━━━━━━━━━━━━━━━━━━━ 349.6/349.6 KB 18.9 MB/s eta 0:00:00
Collecting cffi==1.14.5
  Downloading cffi-1.14.5-cp37-cp37m-manylinux1_x86_64.whl (402 kB)
     ━━━━━━━━━━━━━━━━━━━━━━━━━━━━━━━━━━━━━━━━ 402.3/402.3 KB 19.1 MB/s eta 0:00:00
Collecting cfgv==2.0.1
  Downloading cfgv-2.0.1-py2.py3-none-any.whl (7.4 kB)
Collecting chardet==3.0.4
  Downloading chardet-3.0.4-py2.py3-none-any.whl (133 kB)
     ━━━━━━━━━━━━━━━━━━━━━━━━━━━━━━━━━━━━━━━━ 133.4/133.4 KB 12.1 MB/s eta 0:00:00
Collecting charset-normalizer==2.0.3
  Downloading charset_normalizer-2.0.3-py3-none-any.whl (35 kB)
Collecting click-completion==0.5.2
  Downloading click-completion-0.5.2.tar.gz (10 kB)
  Preparing metadata (setup.py) ... done
Collecting click-help-colors==0.8
  Downloading click_help_colors-0.8-py3-none-any.whl (6.0 kB)
Collecting click==7.1.2
  Downloading click-7.1.2-py2.py3-none-any.whl (82 kB)
     ━━━━━━━━━━━━━━━━━━━━━━━━━━━━━━━━━━━━━━━━ 82.8/82.8 KB 16.7 MB/s eta 0:00:00
Collecting colorama==0.3.9
  Downloading colorama-0.3.9-py2.py3-none-any.whl (20 kB)
Collecting cookiecutter==1.6.0
  Downloading cookiecutter-1.6.0-py2.py3-none-any.whl (50 kB)
     ━━━━━━━━━━━━━━━━━━━━━━━━━━━━━━━━━━━━━━━━ 50.1/50.1 KB 5.0 MB/s eta 0:00:00
Collecting cryptography==3.4.7
  Downloading cryptography-3.4.7-cp36-abi3-manylinux2014_x86_64.whl (3.2 MB)
     ━━━━━━━━━━━━━━━━━━━━━━━━━━━━━━━━━━━━━━━━ 3.2/3.2 MB 38.5 MB/s eta 0:00:00
Collecting distro==1.5.0
  Downloading distro-1.5.0-py2.py3-none-any.whl (18 kB)
Collecting dnspython==1.15.0
  Downloading dnspython-1.15.0-py2.py3-none-any.whl (177 kB)
     ━━━━━━━━━━━━━━━━━━━━━━━━━━━━━━━━━━━━━━━━ 177.4/177.4 KB 16.7 MB/s eta 0:00:00
Collecting docker==4.4.2
  Downloading docker-4.4.2-py2.py3-none-any.whl (146 kB)
     ━━━━━━━━━━━━━━━━━━━━━━━━━━━━━━━━━━━━━━━━ 146.9/146.9 KB 10.1 MB/s eta 0:00:00
Collecting docopt==0.6.2
  Downloading docopt-0.6.2.tar.gz (25 kB)
  Preparing metadata (setup.py) ... done
Collecting docutils==0.14
  Downloading docutils-0.14-py3-none-any.whl (543 kB)
     ━━━━━━━━━━━━━━━━━━━━━━━━━━━━━━━━━━━━━━━━ 543.2/543.2 KB 21.1 MB/s eta 0:00:00
Collecting dparse==0.4.1
  Downloading dparse-0.4.1.tar.gz (31 kB)
  Preparing metadata (setup.py) ... done
Collecting entrypoints==0.3
  Downloading entrypoints-0.3-py2.py3-none-any.whl (11 kB)
Collecting execnet==1.4.1
  Downloading execnet-1.4.1-py2.py3-none-any.whl (40 kB)
     ━━━━━━━━━━━━━━━━━━━━━━━━━━━━━━━━━━━━━━━━ 40.7/40.7 KB 8.4 MB/s eta 0:00:00
Collecting fasteners==0.14.1
  Downloading fasteners-0.14.1-py2.py3-none-any.whl (20 kB)
Collecting flake8==3.7.7
  Downloading flake8-3.7.7-py2.py3-none-any.whl (68 kB)
     ━━━━━━━━━━━━━━━━━━━━━━━━━━━━━━━━━━━━━━━━ 68.8/68.8 KB 13.3 MB/s eta 0:00:00
Collecting future==0.16.0
  Downloading future-0.16.0.tar.gz (824 kB)
     ━━━━━━━━━━━━━━━━━━━━━━━━━━━━━━━━━━━━━━━━ 824.5/824.5 KB 20.0 MB/s eta 0:00:00
  Preparing metadata (setup.py) ... done
Collecting git-url-parse==1.0.2
  Downloading git_url_parse-1.0.2-py3-none-any.whl (5.4 kB)
Collecting gitdb2==2.0.3
  Downloading gitdb2-2.0.3-py2.py3-none-any.whl (63 kB)
     ━━━━━━━━━━━━━━━━━━━━━━━━━━━━━━━━━━━━━━━━ 63.5/63.5 KB 11.4 MB/s eta 0:00:00
Collecting gitpython==2.1.8
  Downloading GitPython-2.1.8-py2.py3-none-any.whl (448 kB)
     ━━━━━━━━━━━━━━━━━━━━━━━━━━━━━━━━━━━━━━━━ 448.7/448.7 KB 24.4 MB/s eta 0:00:00
Collecting html-linter==0.4.0
  Downloading html-linter-0.4.0.tar.gz (19 kB)
  Preparing metadata (setup.py) ... done
Collecting identify==1.4.7
  Downloading identify-1.4.7-py2.py3-none-any.whl (97 kB)
     ━━━━━━━━━━━━━━━━━━━━━━━━━━━━━━━━━━━━━━━━ 97.1/97.1 KB 11.0 MB/s eta 0:00:00
Collecting idna==2.5
  Downloading idna-2.5-py2.py3-none-any.whl (55 kB)
     ━━━━━━━━━━━━━━━━━━━━━━━━━━━━━━━━━━━━━━━━ 55.1/55.1 KB 9.4 MB/s eta 0:00:00
Collecting importlib-metadata==0.23
  Downloading importlib_metadata-0.23-py2.py3-none-any.whl (28 kB)
Collecting importlib-resources==1.5.0
  Downloading importlib_resources-1.5.0-py2.py3-none-any.whl (21 kB)
Collecting iniconfig==1.0.1
  Downloading iniconfig-1.0.1-py3-none-any.whl (4.2 kB)
Collecting isort==5.8.0
  Downloading isort-5.8.0-py3-none-any.whl (103 kB)
     ━━━━━━━━━━━━━━━━━━━━━━━━━━━━━━━━━━━━━━━━ 103.2/103.2 KB 21.0 MB/s eta 0:00:00
Collecting jinja2-time==0.2.0
  Downloading jinja2_time-0.2.0-py2.py3-none-any.whl (6.4 kB)
Collecting jinja2==3.0.2
  Downloading Jinja2-3.0.2-py3-none-any.whl (133 kB)
     ━━━━━━━━━━━━━━━━━━━━━━━━━━━━━━━━━━━━━━━━ 133.8/133.8 KB 25.7 MB/s eta 0:00:00
Collecting jmespath==0.9.3
  Downloading jmespath-0.9.3-py2.py3-none-any.whl (23 kB)
Collecting lazy-object-proxy==1.6.0
  Downloading lazy_object_proxy-1.6.0-cp37-cp37m-manylinux1_x86_64.whl (55 kB)
     ━━━━━━━━━━━━━━━━━━━━━━━━━━━━━━━━━━━━━━━━ 55.8/55.8 KB 6.2 MB/s eta 0:00:00
Collecting markupsafe==2.0.1
  Downloading MarkupSafe-2.0.1-cp37-cp37m-manylinux_2_5_x86_64.manylinux1_x86_64.manylinux_2_12_x86_64.manylinux2010_x86_64.whl (31 kB)
Collecting mccabe==0.6.1
  Downloading mccabe-0.6.1-py2.py3-none-any.whl (8.6 kB)
Collecting molecule-vagrant==0.3
  Downloading molecule_vagrant-0.3-py2.py3-none-any.whl (24 kB)
Collecting molecule==3.0.2.1
  Downloading molecule-3.0.2.1-py2.py3-none-any.whl (281 kB)
     ━━━━━━━━━━━━━━━━━━━━━━━━━━━━━━━━━━━━━━━━ 281.1/281.1 KB 15.4 MB/s eta 0:00:00
Collecting monotonic==1.4
  Downloading monotonic-1.4-py2.py3-none-any.whl (5.3 kB)
Collecting more-itertools==7.2.0
  Downloading more_itertools-7.2.0-py3-none-any.whl (57 kB)
     ━━━━━━━━━━━━━━━━━━━━━━━━━━━━━━━━━━━━━━━━ 57.3/57.3 KB 11.3 MB/s eta 0:00:00
Collecting mypy-extensions==0.4.3
  Downloading mypy_extensions-0.4.3-py2.py3-none-any.whl (4.5 kB)
Collecting mypy==0.761
  Downloading mypy-0.761-cp37-cp37m-manylinux1_x86_64.whl (24.1 MB)
     ━━━━━━━━━━━━━━━━━━━━━━━━━━━━━━━━━━━━━━━━ 24.1/24.1 MB 27.0 MB/s eta 0:00:00
Collecting netaddr==0.7.19
  Downloading netaddr-0.7.19-py2.py3-none-any.whl (1.6 MB)
     ━━━━━━━━━━━━━━━━━━━━━━━━━━━━━━━━━━━━━━━━ 1.6/1.6 MB 34.4 MB/s eta 0:00:00
Collecting nodeenv==1.3.3
  Downloading nodeenv-1.3.3.tar.gz (34 kB)
  Preparing metadata (setup.py) ... done
Collecting packaging==16.8
  Downloading packaging-16.8-py2.py3-none-any.whl (23 kB)
Collecting paramiko==2.6.0
  Downloading paramiko-2.6.0-py2.py3-none-any.whl (199 kB)
     ━━━━━━━━━━━━━━━━━━━━━━━━━━━━━━━━━━━━━━━━ 199.9/199.9 KB 34.1 MB/s eta 0:00:00
Collecting pathspec==0.5.5
  Downloading pathspec-0.5.5.tar.gz (21 kB)
  Preparing metadata (setup.py) ... done
Collecting pbr==5.1.1
  Downloading pbr-5.1.1-py2.py3-none-any.whl (106 kB)
     ━━━━━━━━━━━━━━━━━━━━━━━━━━━━━━━━━━━━━━━━ 106.7/106.7 KB 20.2 MB/s eta 0:00:00
Collecting pep517==0.10.0
  Downloading pep517-0.10.0-py2.py3-none-any.whl (19 kB)
Collecting pexpect==4.6.0
  Downloading pexpect-4.6.0-py2.py3-none-any.whl (57 kB)
     ━━━━━━━━━━━━━━━━━━━━━━━━━━━━━━━━━━━━━━━━ 57.9/57.9 KB 6.5 MB/s eta 0:00:00
Collecting pip-tools==6.1.0
  Downloading pip_tools-6.1.0-py3-none-any.whl (44 kB)
     ━━━━━━━━━━━━━━━━━━━━━━━━━━━━━━━━━━━━━━━━ 44.4/44.4 KB 8.7 MB/s eta 0:00:00
Collecting pluggy==0.13.1
  Downloading pluggy-0.13.1-py2.py3-none-any.whl (18 kB)
Collecting poyo==0.4.1
  Downloading poyo-0.4.1-py2.py3-none-any.whl (12 kB)
Collecting pre-commit==1.18.3
  Downloading pre_commit-1.18.3-py2.py3-none-any.whl (154 kB)
     ━━━━━━━━━━━━━━━━━━━━━━━━━━━━━━━━━━━━━━━━ 154.2/154.2 KB 17.4 MB/s eta 0:00:00
Collecting prompt_toolkit==2.0.9
  Downloading prompt_toolkit-2.0.9-py3-none-any.whl (337 kB)
     ━━━━━━━━━━━━━━━━━━━━━━━━━━━━━━━━━━━━━━━━ 337.8/337.8 KB 7.2 MB/s eta 0:00:00
Collecting psutil==5.7.0
  Downloading psutil-5.7.0.tar.gz (449 kB)
     ━━━━━━━━━━━━━━━━━━━━━━━━━━━━━━━━━━━━━━━━ 449.6/449.6 KB 26.5 MB/s eta 0:00:00
  Preparing metadata (setup.py) ... done
Collecting ptyprocess==0.5.2
  Downloading ptyprocess-0.5.2-py2.py3-none-any.whl (39 kB)
Collecting py==1.10.0
  Downloading py-1.10.0-py2.py3-none-any.whl (97 kB)
     ━━━━━━━━━━━━━━━━━━━━━━━━━━━━━━━━━━━━━━━━ 97.6/97.6 KB 12.1 MB/s eta 0:00:00
Collecting pycodestyle==2.5.0
  Downloading pycodestyle-2.5.0-py2.py3-none-any.whl (51 kB)
     ━━━━━━━━━━━━━━━━━━━━━━━━━━━━━━━━━━━━━━━━ 51.2/51.2 KB 10.3 MB/s eta 0:00:00
Collecting pycparser==2.18
  Downloading pycparser-2.18.tar.gz (245 kB)
     ━━━━━━━━━━━━━━━━━━━━━━━━━━━━━━━━━━━━━━━━ 245.9/245.9 KB 18.8 MB/s eta 0:00:00
  Preparing metadata (setup.py) ... done
Collecting pyenchant==3.2.1
  Downloading pyenchant-3.2.1-py3-none-any.whl (55 kB)
     ━━━━━━━━━━━━━━━━━━━━━━━━━━━━━━━━━━━━━━━━ 55.7/55.7 KB 9.8 MB/s eta 0:00:00
Collecting pyflakes==2.1.1
  Downloading pyflakes-2.1.1-py2.py3-none-any.whl (59 kB)
     ━━━━━━━━━━━━━━━━━━━━━━━━━━━━━━━━━━━━━━━━ 60.0/60.0 KB 3.5 MB/s eta 0:00:00
Collecting pylint==2.7.4
  Downloading pylint-2.7.4-py3-none-any.whl (346 kB)
     ━━━━━━━━━━━━━━━━━━━━━━━━━━━━━━━━━━━━━━━━ 346.2/346.2 KB 23.4 MB/s eta 0:00:00
Collecting pynacl==1.4.0
  Downloading PyNaCl-1.4.0-cp35-abi3-manylinux1_x86_64.whl (961 kB)
     ━━━━━━━━━━━━━━━━━━━━━━━━━━━━━━━━━━━━━━━━ 961.1/961.1 KB 30.2 MB/s eta 0:00:00
Collecting pyparsing==2.2.0
  Downloading pyparsing-2.2.0-py2.py3-none-any.whl (56 kB)
     ━━━━━━━━━━━━━━━━━━━━━━━━━━━━━━━━━━━━━━━━ 56.4/56.4 KB 4.7 MB/s eta 0:00:00
Collecting pytest-forked==1.3.0
  Downloading pytest_forked-1.3.0-py2.py3-none-any.whl (4.7 kB)
Collecting pytest-xdist==2.1.0
  Downloading pytest_xdist-2.1.0-py3-none-any.whl (36 kB)
Collecting pytest==6.1.1
  Downloading pytest-6.1.1-py3-none-any.whl (272 kB)
     ━━━━━━━━━━━━━━━━━━━━━━━━━━━━━━━━━━━━━━━━ 272.2/272.2 KB 19.8 MB/s eta 0:00:00
Collecting python-dateutil==2.6.1
  Downloading python_dateutil-2.6.1-py2.py3-none-any.whl (194 kB)
     ━━━━━━━━━━━━━━━━━━━━━━━━━━━━━━━━━━━━━━━━ 194.2/194.2 KB 34.6 MB/s eta 0:00:00
Collecting python-gilt==1.2.1
  Downloading python_gilt-1.2.1-py3-none-any.whl (13 kB)
Collecting python-vagrant==0.5.15
  Downloading python-vagrant-0.5.15.tar.gz (29 kB)
  Preparing metadata (setup.py) ... done
Collecting pyyaml==5.4.1
  Downloading PyYAML-5.4.1-cp37-cp37m-manylinux1_x86_64.whl (636 kB)
     ━━━━━━━━━━━━━━━━━━━━━━━━━━━━━━━━━━━━━━━━ 636.6/636.6 KB 32.5 MB/s eta 0:00:00
Collecting requests==2.26.0
  Downloading requests-2.26.0-py2.py3-none-any.whl (62 kB)
     ━━━━━━━━━━━━━━━━━━━━━━━━━━━━━━━━━━━━━━━━ 62.3/62.3 KB 11.5 MB/s eta 0:00:00
Collecting ruamel.yaml.clib==0.2.0
  Downloading ruamel.yaml.clib-0.2.0-cp37-cp37m-manylinux1_x86_64.whl (547 kB)
     ━━━━━━━━━━━━━━━━━━━━━━━━━━━━━━━━━━━━━━━━ 547.2/547.2 KB 29.2 MB/s eta 0:00:00
Collecting ruamel.yaml==0.16.10
  Downloading ruamel.yaml-0.16.10-py2.py3-none-any.whl (111 kB)
     ━━━━━━━━━━━━━━━━━━━━━━━━━━━━━━━━━━━━━━━━ 111.2/111.2 KB 4.8 MB/s eta 0:00:00
Collecting s3transfer==0.1.12
  Downloading s3transfer-0.1.12-py2.py3-none-any.whl (59 kB)
     ━━━━━━━━━━━━━━━━━━━━━━━━━━━━━━━━━━━━━━━━ 59.4/59.4 KB 11.9 MB/s eta 0:00:00
Collecting safety==1.8.7
  Downloading safety-1.8.7-py2.py3-none-any.whl (14 kB)
Collecting selinux==0.2.1
  Downloading selinux-0.2.1-py2.py3-none-any.whl (4.3 kB)
Collecting sh==1.12.14
  Downloading sh-1.12.14-py2.py3-none-any.whl (38 kB)
Collecting shellingham==1.3.2
  Downloading shellingham-1.3.2-py2.py3-none-any.whl (11 kB)
Collecting six==1.15.0
  Downloading six-1.15.0-py2.py3-none-any.whl (10 kB)
Collecting smmap2==2.0.3
  Downloading smmap2-2.0.3-py2.py3-none-any.whl (27 kB)
Collecting sqlalchemy-stubs==0.3
  Downloading sqlalchemy_stubs-0.3-py3-none-any.whl (115 kB)
     ━━━━━━━━━━━━━━━━━━━━━━━━━━━━━━━━━━━━━━━━ 115.5/115.5 KB 10.3 MB/s eta 0:00:00
Collecting stevedore==1.28.0
  Downloading stevedore-1.28.0-py2.py3-none-any.whl (39 kB)
Collecting tabulate==0.8.7
  Downloading tabulate-0.8.7-py3-none-any.whl (24 kB)
Collecting template-remover==0.1.9
  Downloading template-remover-0.1.9.tar.gz (7.1 kB)
  Preparing metadata (setup.py) ... done
Collecting testinfra==5.3.1
  Downloading testinfra-5.3.1-py3-none-any.whl (69 kB)
     ━━━━━━━━━━━━━━━━━━━━━━━━━━━━━━━━━━━━━━━━ 69.1/69.1 KB 6.7 MB/s eta 0:00:00
Collecting toml==0.10.0
  Downloading toml-0.10.0-py2.py3-none-any.whl (25 kB)
Collecting tree-format==0.1.2
  Downloading tree-format-0.1.2.tar.gz (4.0 kB)
  Preparing metadata (setup.py) ... done
Collecting typed-ast==1.4.1
  Downloading typed_ast-1.4.1-cp37-cp37m-manylinux1_x86_64.whl (737 kB)
     ━━━━━━━━━━━━━━━━━━━━━━━━━━━━━━━━━━━━━━━━ 737.6/737.6 KB 33.7 MB/s eta 0:00:00
Collecting typing-extensions==3.7.4.1
  Downloading typing_extensions-3.7.4.1-py3-none-any.whl (20 kB)
Collecting urllib3==1.26.6
  Downloading urllib3-1.26.6-py2.py3-none-any.whl (138 kB)
     ━━━━━━━━━━━━━━━━━━━━━━━━━━━━━━━━━━━━━━━━ 138.5/138.5 KB 10.9 MB/s eta 0:00:00
Collecting virtualenv==16.7.5
  Downloading virtualenv-16.7.5-py2.py3-none-any.whl (3.3 MB)
     ━━━━━━━━━━━━━━━━━━━━━━━━━━━━━━━━━━━━━━━━ 3.3/3.3 MB 34.3 MB/s eta 0:00:00
Collecting wcwidth==0.1.7
  Downloading wcwidth-0.1.7-py2.py3-none-any.whl (21 kB)
Collecting websocket-client==0.44.0
  Downloading websocket_client-0.44.0-py2.py3-none-any.whl (199 kB)
     ━━━━━━━━━━━━━━━━━━━━━━━━━━━━━━━━━━━━━━━━ 199.9/199.9 KB 26.2 MB/s eta 0:00:00
Collecting whichcraft==0.4.1
  Downloading whichcraft-0.4.1-py2.py3-none-any.whl (5.1 kB)
Collecting wrapt==1.12.1
  Downloading wrapt-1.12.1.tar.gz (27 kB)
  Preparing metadata (setup.py) ... done
Collecting yamllint==1.17.0
  Downloading yamllint-1.17.0-py2.py3-none-any.whl (57 kB)
     ━━━━━━━━━━━━━━━━━━━━━━━━━━━━━━━━━━━━━━━━ 57.3/57.3 KB 6.0 MB/s eta 0:00:00
Collecting zipp==0.6.0
  Downloading zipp-0.6.0-py2.py3-none-any.whl (4.1 kB)
Collecting pip==21.3
  Downloading pip-21.3-py3-none-any.whl (1.7 MB)
     ━━━━━━━━━━━━━━━━━━━━━━━━━━━━━━━━━━━━━━━━ 1.7/1.7 MB 9.1 MB/s eta 0:00:00
Collecting setuptools==56.0.0
  Downloading setuptools-56.0.0-py3-none-any.whl (784 kB)
     ━━━━━━━━━━━━━━━━━━━━━━━━━━━━━━━━━━━━━━━━ 784.9/784.9 KB 15.7 MB/s eta 0:00:00
Building wheels for collected packages: ansible, arrow, bcrypt, cerberus, click-completion, docopt, dparse, future, html-linter, nodeenv, pathspec, psutil, pycparser, python-vagrant, template-remover, tree-format, wrapt
  Building wheel for ansible (setup.py) ... done
  Created wheel for ansible: filename=ansible-2.9.26-py3-none-any.whl size=16206007 sha256=25d3793fa8bc706e16bf9936e056caa9b61dba07aea7d0660fad10fe323ac551
  Stored in directory: /home/user/.cache/pip/wheels/b1/a0/2b/e12e1655d6d3cbd8b9a8a8729eddaf1de2d1384db19a55198b
  Building wheel for arrow (setup.py) ... done
  Created wheel for arrow: filename=arrow-0.10.0-py2.py3-none-any.whl size=32870 sha256=660dd0497fb04186668c7861b494794cd8fd8d0b5ccc70a677e80612d5ac94e7
  Stored in directory: /home/user/.cache/pip/wheels/08/04/41/fc01ef75aa14872805f2283ef01954a539700a7a6435cf52f1
  Building wheel for bcrypt (setup.py) ... done
  Created wheel for bcrypt: filename=bcrypt-3.1.3-cp37-cp37m-linux_x86_64.whl size=41872 sha256=5e282efdd58bc0ee4f08cbec16f3d707b4fc9caac538e2c007a789916992dcf6
  Stored in directory: /home/user/.cache/pip/wheels/af/05/db/ec8bfecf1b99a175e62e918d2f891a5f9b1132d12ad2b32e6e
  Building wheel for cerberus (setup.py) ... done
  Created wheel for cerberus: filename=Cerberus-1.3.1-py3-none-any.whl size=54148 sha256=7399038166ea5b2d27546c7303ea8b80f22d29bfa110ac509a88f1134c8349bd
  Stored in directory: /home/user/.cache/pip/wheels/c6/d3/b0/ff1650a3cb6b6f19ea314ec517a17d88a1a4a1181b5a209836
  Building wheel for click-completion (setup.py) ... done
  Created wheel for click-completion: filename=click_completion-0.5.2-py3-none-any.whl size=11202 sha256=d5f12bdd44e188eb7e4c9960c9ad43a6888d9a001417cbe37970cbf28ff84f7d
  Stored in directory: /home/user/.cache/pip/wheels/31/f0/f2/9a6863c99cbafd28edbad2f52336fa296e267a83378d57babd
  Building wheel for docopt (setup.py) ... done
  Created wheel for docopt: filename=docopt-0.6.2-py2.py3-none-any.whl size=13723 sha256=addc90ad0b9473b22695b54c1d0cd40d2d4672498dabe680b7396f9fae505bf6
  Stored in directory: /home/user/.cache/pip/wheels/72/b0/3f/1d95f96ff986c7dfffe46ce2be4062f38ebd04b506c77c81b9
  Building wheel for dparse (setup.py) ... done
  Created wheel for dparse: filename=dparse-0.4.1-py3-none-any.whl size=19528 sha256=b7c51ea32ea9e08014dbee710bfe5d2b1996e035663259de2a49666eeb837431
  Stored in directory: /home/user/.cache/pip/wheels/71/4d/89/faf1d72f447af4ba171beff9447a110e24e28c530fba45d3da
  Building wheel for future (setup.py) ... done
  Created wheel for future: filename=future-0.16.0-py3-none-any.whl size=487809 sha256=b9ac2f433abc53a4749fd91157db87e1586bdf9ba5d2ff8d21264a67db47bf01
  Stored in directory: /home/user/.cache/pip/wheels/7c/09/6f/dfd31fb2ebe951aefbee461a0dfce1bdc2e4b2c1016e85d233
  Building wheel for html-linter (setup.py) ... done
  Created wheel for html-linter: filename=html_linter-0.4.0-py3-none-any.whl size=14338 sha256=d11fb74eb64273d921f8367e1f52a517c9afdf545c5f1a858de49fb526a77e91
  Stored in directory: /home/user/.cache/pip/wheels/2e/50/9f/73a163b49962de66a9bcc0707dbb1519f553371422ed91c200
  Building wheel for nodeenv (setup.py) ... done
  Created wheel for nodeenv: filename=nodeenv-1.3.3-py3-none-any.whl size=21368 sha256=299774497fc410ef078d444ec86ae2081ebd6da1c966088a36b48ab3a6754623
  Stored in directory: /home/user/.cache/pip/wheels/13/d3/6f/0e01c0c62414f74a97916cc97047c088f6acc8ce617d1b37ff
  Building wheel for pathspec (setup.py) ... done
  Created wheel for pathspec: filename=pathspec-0.5.5-py3-none-any.whl size=24234 sha256=e22e1327e32e300947695ae837181c80fa45eeffef9af600f5c12d503ddb3b28
  Stored in directory: /home/user/.cache/pip/wheels/09/97/ce/98234adaab0cf5b2c3a1b6610ada24e6f7ab3675fff4e0b8b2
  Building wheel for psutil (setup.py) ... done
  Created wheel for psutil: filename=psutil-5.7.0-cp37-cp37m-linux_x86_64.whl size=265344 sha256=39dee6d83b0b0ab2a4a2eb2fe54b5f401adb2e6101211e99490ccd76af21e532
  Stored in directory: /home/user/.cache/pip/wheels/b6/e7/50/aee9cc966163d74430f13f208171dee22f11efa4a4a826661c
  Building wheel for pycparser (setup.py) ... done
  Created wheel for pycparser: filename=pycparser-2.18-py2.py3-none-any.whl size=205755 sha256=ada59079c312881dccfb8858385de6189fcb7885b0dc66030a83899fe6a1e623
  Stored in directory: /home/user/.cache/pip/wheels/5d/c6/29/87a8bb797e60b55a91bd0a1e8455365c5f5dff9fc45c05f3e4
  Building wheel for python-vagrant (setup.py) ... done
  Created wheel for python-vagrant: filename=python_vagrant-0.5.15-py3-none-any.whl size=18449 sha256=e2976d71cf3153696a4fb4c11abfa7ed218fbabf854383c02ef3868894dd37d3
  Stored in directory: /home/user/.cache/pip/wheels/a1/9e/8f/6d84a01c39978f584d03e873cbd99d2c41415695a0fa5c1f5c
  Building wheel for template-remover (setup.py) ... done
  Created wheel for template-remover: filename=template_remover-0.1.9-py3-none-any.whl size=7049 sha256=22b01b66a5861ac59100dfd8ed92987c320e4206b17da92d4bb1c5998484954e
  Stored in directory: /home/user/.cache/pip/wheels/18/3f/f0/67e5e9e4ed02275ac31bf76b2fca329ae79687eaf5913ee8f3
  Building wheel for tree-format (setup.py) ... done
  Created wheel for tree-format: filename=tree_format-0.1.2-py3-none-any.whl size=5412 sha256=c2598fa358efda012461a5dbff5f995f8466c742809ab5baee0246e9b4da01fa
  Stored in directory: /home/user/.cache/pip/wheels/dd/b2/d1/6ac00b8fe427c28f3f3a39563977cd0667296720b3d9c19f6a
  Building wheel for wrapt (setup.py) ... done
  Created wheel for wrapt: filename=wrapt-1.12.1-cp37-cp37m-linux_x86_64.whl size=51296 sha256=38e9264ce1b4964501a458584daeb90bb8a6b1e921e412dfd6636cecb82087ed
  Stored in directory: /home/user/.cache/pip/wheels/62/76/4c/aa25851149f3f6d9785f6c869387ad82b3fd37582fa8147ac6
Successfully built ansible arrow bcrypt cerberus click-completion docopt dparse future html-linter nodeenv pathspec psutil pycparser python-vagrant template-remover tree-format wrapt
Installing collected packages: wrapt, whichcraft, wcwidth, typing-extensions, typed-ast, tree-format, toml, tabulate, smmap2, sh, ruamel.yaml.clib, python-vagrant, pyparsing, pycparser, ptyprocess, poyo, pbr, pathspec, nodeenv, netaddr, mypy-extensions, monotonic, mccabe, jmespath, iniconfig, idna, future, docutils, docopt, dnspython, distro, colorama, chardet, certifi, boto, apipkg, virtualenv, urllib3, template-remover, six, shellingham, setuptools, ruamel.yaml, pyyaml, pyflakes, pyenchant, pycodestyle, py, psutil, pip, pexpect, mypy, more-itertools, markupsafe, lazy-object-proxy, isort, identify, gitdb2, execnet, entrypoints, click, charset-normalizer, cffi, cerberus, binaryornot, attrs, zipp, yamllint, websocket-client, stevedore, sqlalchemy-stubs, selinux, requests, python-dateutil, pynacl, prompt_toolkit, packaging, jinja2, html-linter, gitpython, git-url-parse, flake8, fasteners, cryptography, click-help-colors, cfgv, bcrypt, astroid, aspy.yaml, argon2-cffi, python-gilt, pylint, paramiko, importlib-metadata, dparse, docker, click-completion, botocore, bandit, arrow, ansible, safety, s3transfer, pre-commit, pluggy, pep517, jinja2-time, importlib-resources, ansible-lint, pytest, pip-tools, cookiecutter, boto3, testinfra, pytest-forked, molecule, pytest-xdist, molecule-vagrant
  Attempting uninstall: setuptools
    Found existing installation: setuptools 60.9.2
    Uninstalling setuptools-60.9.2:
      Successfully uninstalled setuptools-60.9.2
  Attempting uninstall: pip
    Found existing installation: pip 22.0.3
    Uninstalling pip-22.0.3:
      Successfully uninstalled pip-22.0.3
Successfully installed ansible-2.9.26 ansible-lint-4.2.0 apipkg-1.4 argon2-cffi-20.1.0 arrow-0.10.0 aspy.yaml-1.3.0 astroid-2.5.2 attrs-20.2.0 bandit-1.7.0 bcrypt-3.1.3 binaryornot-0.4.4 boto-2.48.0 boto3-1.5.24 botocore-1.8.38 cerberus-1.3.1 certifi-2017.7.27.1 cffi-1.14.5 cfgv-2.0.1 chardet-3.0.4 charset-normalizer-2.0.3 click-7.1.2 click-completion-0.5.2 click-help-colors-0.8 colorama-0.3.9 cookiecutter-1.6.0 cryptography-3.4.7 distro-1.5.0 dnspython-1.15.0 docker-4.4.2 docopt-0.6.2 docutils-0.14 dparse-0.4.1 entrypoints-0.3 execnet-1.4.1 fasteners-0.14.1 flake8-3.7.7 future-0.16.0 git-url-parse-1.0.2 gitdb2-2.0.3 gitpython-2.1.8 html-linter-0.4.0 identify-1.4.7 idna-2.5 importlib-metadata-0.23 importlib-resources-1.5.0 iniconfig-1.0.1 isort-5.8.0 jinja2-3.0.2 jinja2-time-0.2.0 jmespath-0.9.3 lazy-object-proxy-1.6.0 markupsafe-2.0.1 mccabe-0.6.1 molecule-3.0.2.1 molecule-vagrant-0.3 monotonic-1.4 more-itertools-7.2.0 mypy-0.761 mypy-extensions-0.4.3 netaddr-0.7.19 nodeenv-1.3.3 packaging-16.8 paramiko-2.6.0 pathspec-0.5.5 pbr-5.1.1 pep517-0.10.0 pexpect-4.6.0 pip-21.3 pip-tools-6.1.0 pluggy-0.13.1 poyo-0.4.1 pre-commit-1.18.3 prompt_toolkit-2.0.9 psutil-5.7.0 ptyprocess-0.5.2 py-1.10.0 pycodestyle-2.5.0 pycparser-2.18 pyenchant-3.2.1 pyflakes-2.1.1 pylint-2.7.4 pynacl-1.4.0 pyparsing-2.2.0 pytest-6.1.1 pytest-forked-1.3.0 pytest-xdist-2.1.0 python-dateutil-2.6.1 python-gilt-1.2.1 python-vagrant-0.5.15 pyyaml-5.4.1 requests-2.26.0 ruamel.yaml-0.16.10 ruamel.yaml.clib-0.2.0 s3transfer-0.1.12 safety-1.8.7 selinux-0.2.1 setuptools-56.0.0 sh-1.12.14 shellingham-1.3.2 six-1.15.0 smmap2-2.0.3 sqlalchemy-stubs-0.3 stevedore-1.28.0 tabulate-0.8.7 template-remover-0.1.9 testinfra-5.3.1 toml-0.10.0 tree-format-0.1.2 typed-ast-1.4.1 typing-extensions-3.7.4.1 urllib3-1.26.6 virtualenv-16.7.5 wcwidth-0.1.7 websocket-client-0.44.0 whichcraft-0.4.1 wrapt-1.12.1 yamllint-1.17.0 zipp-0.6.0
[user@fpf-dev-dvm:~/securedrop] [sd] b773d8807 2m30s ±
 $ make build-debs
Building SecureDrop Debian packages for Focal...
Using active Python 3 virtualenv in /home/user/.virtualenvs/sd
--> Test matrix

└── builder-focal
    ├── destroy
    ├── create
    ├── converge
    ├── verify
    └── destroy

--> Inventory /home/user/securedrop/molecule/builder-focal/../../install_files/ansible-base/group_vars linked to /home/user/.cache/molecule/securedrop/builder-focal/inventory/group_vars
--> Scenario: 'builder-focal'
--> Action: 'destroy'
--> Sanity checks: 'docker'

    PLAY [Destroy] *****************************************************************

    TASK [Destroy molecule instance(s)] ********************************************
    ok: [localhost] => (item={'groups': ['builders'], 'name': 'focal-sd-app'})
    ok: [localhost] => (item={'groups': ['builders'], 'name': 'focal-sd-generic-ossec-agent'})
    ok: [localhost] => (item={'groups': ['builders'], 'name': 'focal-sd-generic-ossec-server'})
    ok: [localhost] => (item={'groups': ['builders'], 'name': 'focal-sd-generic-ossec-agent2'})
    ok: [localhost] => (item={'groups': ['builders'], 'name': 'focal-sd-generic-ossec-server2'})
    ok: [localhost] => (item={'groups': ['builders'], 'name': 'focal-sd-grsec'})
    ok: [localhost] => (item={'groups': ['builders'], 'name': 'focal-sd-config'})
    ok: [localhost] => (item={'groups': ['builders'], 'name': 'focal-sd-keyring'})
    ok: [localhost] => (item={'groups': ['builders'], 'name': 'focal-sd-sec-update'})
    ok: [localhost] => (item={'groups': ['testers'], 'name': 'focal-sd-dpkg-verification'})

    PLAY RECAP *********************************************************************
    localhost                  : ok=1    changed=0    unreachable=0    failed=0    skipped=0    rescued=0    ignored=0

--> Inventory /home/user/securedrop/molecule/builder-focal/../../install_files/ansible-base/group_vars linked to /home/user/.cache/molecule/securedrop/builder-focal/inventory/group_vars
--> Scenario: 'builder-focal'
--> Action: 'create'

    PLAY [Create] ******************************************************************

    TASK [debug] *******************************************************************
    ok: [localhost] => {
        "msg": "Building with Docker image quay.io/freedomofpress/sd-docker-builder-focal@sha256:546c61a0c67cf3ed0aef81f32cc5326d1c9ab196239281cc256597dc1c73e114"
    }

    TASK [Create builders] *********************************************************
    changed: [localhost] => (item={'groups': ['builders'], 'name': 'focal-sd-app'})
    changed: [localhost] => (item={'groups': ['builders'], 'name': 'focal-sd-generic-ossec-agent'})
    changed: [localhost] => (item={'groups': ['builders'], 'name': 'focal-sd-generic-ossec-server'})
    changed: [localhost] => (item={'groups': ['builders'], 'name': 'focal-sd-generic-ossec-agent2'})
    changed: [localhost] => (item={'groups': ['builders'], 'name': 'focal-sd-generic-ossec-server2'})
    changed: [localhost] => (item={'groups': ['builders'], 'name': 'focal-sd-grsec'})
    changed: [localhost] => (item={'groups': ['builders'], 'name': 'focal-sd-config'})
    changed: [localhost] => (item={'groups': ['builders'], 'name': 'focal-sd-keyring'})
    changed: [localhost] => (item={'groups': ['builders'], 'name': 'focal-sd-sec-update'})
    changed: [localhost] => (item={'groups': ['testers'], 'name': 'focal-sd-dpkg-verification'})

    PLAY RECAP *********************************************************************
    localhost                  : ok=2    changed=1    unreachable=0    failed=0    skipped=0    rescued=0    ignored=0

--> Inventory /home/user/securedrop/molecule/builder-focal/../../install_files/ansible-base/group_vars linked to /home/user/.cache/molecule/securedrop/builder-focal/inventory/group_vars
--> Scenario: 'builder-focal'
--> Action: 'converge'

    PLAY [Build SecureDrop application Debian package from local repository.] ******

    TASK [Gathering Facts] *********************************************************
    ok: [focal-sd-grsec]
    ok: [focal-sd-generic-ossec-server2]
    ok: [focal-sd-generic-ossec-agent]
    ok: [focal-sd-generic-ossec-agent2]
    ok: [focal-sd-keyring]
    ok: [focal-sd-config]
    ok: [focal-sd-app]
    ok: [focal-sd-sec-update]
    ok: [focal-sd-generic-ossec-server]

    TASK [build-securedrop-app-code-deb-pkg : Copy install_files/securedrop-app-code to prep directory] ***
    changed: [focal-sd-app]

    TASK [build-securedrop-app-code-deb-pkg : Copy app code to prep directory under var/www/securedrop] ***
    changed: [focal-sd-app]

    TASK [build-securedrop-app-code-deb-pkg : Copy setup.py to prep directory] *****
    changed: [focal-sd-app]

    TASK [build-securedrop-app-code-deb-pkg : Copy MANIFEST.in to prep directory] ***
    changed: [focal-sd-app]

    TASK [build-securedrop-app-code-deb-pkg : Copy translation-requirements.txt to prep directory] ***
    changed: [focal-sd-app]

    TASK [build-securedrop-app-code-deb-pkg : Copy requirements.txt to prep directory] ***
    changed: [focal-sd-app]

    TASK [build-securedrop-app-code-deb-pkg : Control the version of setuptools used in the default construction of virtual environments] ***
    changed: [focal-sd-app]

    TASK [build-securedrop-app-code-deb-pkg : Install sass Ruby gem] ***************
    changed: [focal-sd-app]

    TASK [build-securedrop-app-code-deb-pkg : Create static asset directories.] ****
    changed: [focal-sd-app] => (item=/tmp/securedrop-app-code_2.2.0+focal_amd64-prep/var/www/securedrop/static/css)

    TASK [build-ossec-deb-pkg : Create src path folder] ****************************
    changed: [focal-sd-generic-ossec-server] => (item=/tmp/build/ossec-server)

    TASK [build-securedrop-app-code-deb-pkg : Create static asset directories.] ****
    changed: [focal-sd-app] => (item=/tmp/securedrop-app-code_2.2.0+focal_amd64-prep/var/www/securedrop/static/gen)

    TASK [build-ossec-deb-pkg : Create src path folder] ****************************
    ok: [focal-sd-generic-ossec-server] => (item=/tmp/build)

    TASK [build-securedrop-app-code-deb-pkg : Create static asset directories.] ****
    changed: [focal-sd-app] => (item=/tmp/securedrop-app-code_2.2.0+focal_amd64-prep/var/www/securedrop/static/.webassets-cache)

    TASK [build-securedrop-app-code-deb-pkg : Compile SASS to CSS.] ****************
    changed: [focal-sd-app]

    TASK [build-securedrop-app-code-deb-pkg : Remove temporary SASS directory from package build directory.] ***
    changed: [focal-sd-app] => (item=sass)
    changed: [focal-sd-app] => (item=.sass-cache)

    TASK [build-ossec-deb-pkg : Install python-requests for URL fetching] **********
    ok: [focal-sd-generic-ossec-server]

    TASK [build-securedrop-app-code-deb-pkg : Create virtualenv for translation work] ***
    changed: [focal-sd-app]

    TASK [build-ossec-deb-pkg : Copy over current directory for repo build] ********
    changed: [focal-sd-generic-ossec-server]

    TASK [build-ossec-deb-pkg : Include OSSEC download URLs.] **********************
    ok: [focal-sd-generic-ossec-server]

    TASK [build-ossec-deb-pkg : Download OSSEC tarball.] ***************************
[WARNING]: Module remote_tmp /root/.ansible/tmp did not exist and was created
with a mode of 0700, this may cause issues when running as another user. To
avoid this, create the remote_tmp dir with the correct permissions manually
    changed: [focal-sd-generic-ossec-server]

    TASK [build-ossec-deb-pkg : Download OSSEC signature.] *************************
    changed: [focal-sd-generic-ossec-server]

    TASK [build-ossec-deb-pkg : Copy OSSEC archive GPG key.] ***********************
    changed: [focal-sd-generic-ossec-server]

    TASK [build-ossec-deb-pkg : Import OSSEC archive GPG key.] *********************
    changed: [focal-sd-generic-ossec-server]

    TASK [build-ossec-deb-pkg : Verify signature of OSSEC tarball.] ****************
    changed: [focal-sd-generic-ossec-server]

    TASK [build-ossec-deb-pkg : Create src path folder] ****************************
    changed: [focal-sd-generic-ossec-agent] => (item=/tmp/build/ossec-agent)
    ok: [focal-sd-generic-ossec-agent] => (item=/tmp/build)

    TASK [build-ossec-deb-pkg : Install apt dependencies for building OSSEC packages.] ***
    changed: [focal-sd-generic-ossec-server]

    TASK [build-ossec-deb-pkg : Install python-requests for URL fetching] **********
    ok: [focal-sd-generic-ossec-agent]

    TASK [build-ossec-deb-pkg : Extract OSSEC source tarball.] *********************
    changed: [focal-sd-generic-ossec-server]

    TASK [build-ossec-deb-pkg : Copy over current directory for repo build] ********
    changed: [focal-sd-generic-ossec-agent]

    TASK [build-ossec-deb-pkg : Create /etc directory within source directory.] ****
    ok: [focal-sd-generic-ossec-server]

    TASK [build-ossec-deb-pkg : Include OSSEC download URLs.] **********************
    ok: [focal-sd-generic-ossec-agent]

    TASK [build-ossec-deb-pkg : Download OSSEC tarball.] ***************************
    changed: [focal-sd-generic-ossec-agent]

    TASK [build-ossec-deb-pkg : Copy OSSEC preloaded vars template.] ***************
    changed: [focal-sd-generic-ossec-server]

    TASK [build-ossec-deb-pkg : Download OSSEC signature.] *************************
    changed: [focal-sd-generic-ossec-agent]

    TASK [build-ossec-deb-pkg : Disable JIT in OSSEC Makefile] *********************
    changed: [focal-sd-generic-ossec-server]

    TASK [build-ossec-deb-pkg : Copy OSSEC archive GPG key.] ***********************
    changed: [focal-sd-generic-ossec-agent]

    TASK [build-ossec-deb-pkg : Import OSSEC archive GPG key.] *********************
    changed: [focal-sd-generic-ossec-agent]

    TASK [build-generic-pkg : Ensure package name is set] **************************
    ok: [focal-sd-generic-ossec-server2] => {
        "changed": false,
        "msg": "All assertions passed"
    }

    TASK [build-ossec-deb-pkg : Verify signature of OSSEC tarball.] ****************
    changed: [focal-sd-generic-ossec-agent]

    TASK [build-generic-pkg : Ensure build directory in-place] *********************
    ok: [focal-sd-generic-ossec-server2]

    TASK [build-generic-pkg : Find any jinja templates] ****************************
    ok: [focal-sd-grsec -> localhost]
    ok: [focal-sd-config -> localhost]
    ok: [focal-sd-keyring -> localhost]
    ok: [focal-sd-sec-update -> localhost]

    TASK [build-generic-pkg : Copy app code to build directory.] *******************
    changed: [focal-sd-generic-ossec-server2]

    TASK [build-generic-pkg : Find any jinja templates] ****************************
    ok: [focal-sd-generic-ossec-agent2 -> localhost]
    ok: [focal-sd-generic-ossec-server2 -> localhost]

    TASK [build-generic-pkg : Create any necessary parent directories for jinja files] ***
    ok: [focal-sd-generic-ossec-server2] => (item={'path': '/home/user/securedrop/install_files/securedrop-ossec-server/DEBIAN/control.j2', 'mode': '0644', 'isdir': False, 'ischr': False, 'isblk': False, 'isreg': True, 'isfifo': False, 'islnk': False, 'issock': False, 'uid': 1000, 'gid': 1000, 'size': 911, 'inode': 131962, 'dev': 51728, 'nlink': 1, 'atime': 1645135240.516, 'mtime': 1645135240.408, 'ctime': 1645135240.408, 'gr_name': 'user', 'pw_name': 'user', 'wusr': True, 'rusr': True, 'xusr': False, 'wgrp': False, 'rgrp': True, 'xgrp': False, 'woth': False, 'roth': True, 'xoth': False, 'isuid': False, 'isgid': False})

    TASK [build-generic-pkg : Ensure package name is set] **************************
    ok: [focal-sd-generic-ossec-agent2] => {
        "changed": false,
        "msg": "All assertions passed"
    }

    TASK [build-generic-pkg : Template out any jinja files found and copy over] ****
    changed: [focal-sd-generic-ossec-server2] => (item={'path': '/home/user/securedrop/install_files/securedrop-ossec-server/DEBIAN/control.j2', 'mode': '0644', 'isdir': False, 'ischr': False, 'isblk': False, 'isreg': True, 'isfifo': False, 'islnk': False, 'issock': False, 'uid': 1000, 'gid': 1000, 'size': 911, 'inode': 131962, 'dev': 51728, 'nlink': 1, 'atime': 1645135240.516, 'mtime': 1645135240.408, 'ctime': 1645135240.408, 'gr_name': 'user', 'pw_name': 'user', 'wusr': True, 'rusr': True, 'xusr': False, 'wgrp': False, 'rgrp': True, 'xgrp': False, 'woth': False, 'roth': True, 'xoth': False, 'isuid': False, 'isgid': False})

    TASK [build-generic-pkg : Ensure build directory in-place] *********************
    ok: [focal-sd-generic-ossec-agent2]

    TASK [build-generic-pkg : Find any jinja templates] ****************************
    ok: [focal-sd-grsec -> localhost]
    ok: [focal-sd-config -> localhost]
    ok: [focal-sd-keyring -> localhost]
    ok: [focal-sd-sec-update -> localhost]

    TASK [build-generic-pkg : run bash script to build generic packages] ***********
    changed: [focal-sd-generic-ossec-server2]

    TASK [build-generic-pkg : Copy app code to build directory.] *******************
    changed: [focal-sd-generic-ossec-agent2]

    TASK [build-generic-pkg : Find any jinja templates] ****************************
    ok: [focal-sd-generic-ossec-agent2 -> localhost]

    TASK [build-generic-pkg : Track down package] **********************************
    ok: [focal-sd-generic-ossec-server2]

    TASK [build-ossec-deb-pkg : Install apt dependencies for building OSSEC packages.] ***
    changed: [focal-sd-generic-ossec-agent]

    TASK [build-generic-pkg : Create any necessary parent directories for jinja files] ***
    ok: [focal-sd-generic-ossec-agent2] => (item={'path': '/home/user/securedrop/install_files/securedrop-ossec-agent/DEBIAN/control.j2', 'mode': '0644', 'isdir': False, 'ischr': False, 'isblk': False, 'isreg': True, 'isfifo': False, 'islnk': False, 'issock': False, 'uid': 1000, 'gid': 1000, 'size': 721, 'inode': 131940, 'dev': 51728, 'nlink': 1, 'atime': 1645135240.516, 'mtime': 1645135240.404, 'ctime': 1645135240.404, 'gr_name': 'user', 'pw_name': 'user', 'wusr': True, 'rusr': True, 'xusr': False, 'wgrp': False, 'rgrp': True, 'xgrp': False, 'woth': False, 'roth': True, 'xoth': False, 'isuid': False, 'isgid': False})

    TASK [build-generic-pkg : Fetch back package] **********************************
    changed: [focal-sd-generic-ossec-server2] => (item={'path': '/tmp/securedrop-ossec-server-3.6.0+2.2.0+focal-amd64.deb', 'mode': '0644', 'isdir': False, 'ischr': False, 'isblk': False, 'isreg': True, 'isfifo': False, 'islnk': False, 'issock': False, 'uid': 0, 'gid': 0, 'size': 8628, 'inode': 604216, 'dev': 88, 'nlink': 1, 'atime': 1645135755.036, 'mtime': 1645135755.036, 'ctime': 1645135755.036, 'gr_name': 'root', 'pw_name': 'root', 'wusr': True, 'rusr': True, 'xusr': False, 'wgrp': False, 'rgrp': True, 'xgrp': False, 'woth': False, 'roth': True, 'xoth': False, 'isuid': False, 'isgid': False})

    TASK [build-generic-pkg : Ensure package name is set] **************************
    ok: [focal-sd-keyring] => {
        "changed": false,
        "msg": "All assertions passed"
    }

    TASK [build-generic-pkg : Ensure build directory in-place] *********************
    ok: [focal-sd-keyring]

    TASK [build-generic-pkg : Template out any jinja files found and copy over] ****
    changed: [focal-sd-generic-ossec-agent2] => (item={'path': '/home/user/securedrop/install_files/securedrop-ossec-agent/DEBIAN/control.j2', 'mode': '0644', 'isdir': False, 'ischr': False, 'isblk': False, 'isreg': True, 'isfifo': False, 'islnk': False, 'issock': False, 'uid': 1000, 'gid': 1000, 'size': 721, 'inode': 131940, 'dev': 51728, 'nlink': 1, 'atime': 1645135240.516, 'mtime': 1645135240.404, 'ctime': 1645135240.404, 'gr_name': 'user', 'pw_name': 'user', 'wusr': True, 'rusr': True, 'xusr': False, 'wgrp': False, 'rgrp': True, 'xgrp': False, 'woth': False, 'roth': True, 'xoth': False, 'isuid': False, 'isgid': False})

    TASK [build-ossec-deb-pkg : Extract OSSEC source tarball.] *********************
    changed: [focal-sd-generic-ossec-agent]

    TASK [build-generic-pkg : Find any jinja templates] ****************************
    ok: [focal-sd-config -> localhost]
    ok: [focal-sd-grsec -> localhost]

    TASK [build-generic-pkg : Copy app code to build directory.] *******************
    changed: [focal-sd-keyring]

    TASK [build-generic-pkg : Find any jinja templates] ****************************
    ok: [focal-sd-generic-ossec-server2 -> localhost]

    TASK [build-ossec-deb-pkg : Create /etc directory within source directory.] ****
    ok: [focal-sd-generic-ossec-agent]

    TASK [build-generic-pkg : Find any jinja templates] ****************************
    ok: [focal-sd-sec-update -> localhost]

    TASK [build-generic-pkg : run bash script to build generic packages] ***********
    changed: [focal-sd-generic-ossec-agent2]

    TASK [build-generic-pkg : Find any jinja templates] ****************************
    ok: [focal-sd-keyring -> localhost]

    TASK [build-generic-pkg : Track down package] **********************************
    ok: [focal-sd-generic-ossec-agent2]

    TASK [build-generic-pkg : Create any necessary parent directories for jinja files] ***
    ok: [focal-sd-keyring] => (item={'path': '/home/user/securedrop/install_files/securedrop-keyring/DEBIAN/control.j2', 'mode': '0644', 'isdir': False, 'ischr': False, 'isblk': False, 'isreg': True, 'isfifo': False, 'islnk': False, 'issock': False, 'uid': 1000, 'gid': 1000, 'size': 428, 'inode': 131932, 'dev': 51728, 'nlink': 1, 'atime': 1645135240.516, 'mtime': 1645135240.404, 'ctime': 1645135240.404, 'gr_name': 'user', 'pw_name': 'user', 'wusr': True, 'rusr': True, 'xusr': False, 'wgrp': False, 'rgrp': True, 'xgrp': False, 'woth': False, 'roth': True, 'xoth': False, 'isuid': False, 'isgid': False})

    TASK [build-ossec-deb-pkg : Copy OSSEC preloaded vars template.] ***************
    changed: [focal-sd-generic-ossec-agent]

    TASK [build-generic-pkg : Fetch back package] **********************************
    changed: [focal-sd-generic-ossec-agent2] => (item={'path': '/tmp/securedrop-ossec-agent-3.6.0+2.2.0+focal-amd64.deb', 'mode': '0644', 'isdir': False, 'ischr': False, 'isblk': False, 'isreg': True, 'isfifo': False, 'islnk': False, 'issock': False, 'uid': 0, 'gid': 0, 'size': 4652, 'inode': 606911, 'dev': 78, 'nlink': 1, 'atime': 1645135783.544, 'mtime': 1645135783.544, 'ctime': 1645135783.544, 'gr_name': 'root', 'pw_name': 'root', 'wusr': True, 'rusr': True, 'xusr': False, 'wgrp': False, 'rgrp': True, 'xgrp': False, 'woth': False, 'roth': True, 'xoth': False, 'isuid': False, 'isgid': False})

    TASK [build-ossec-deb-pkg : Run OSSEC installer script on extracted source.] ***
    changed: [focal-sd-generic-ossec-server]

    TASK [build-generic-pkg : Ensure package name is set] **************************
    ok: [focal-sd-grsec] => {
        "changed": false,
        "msg": "All assertions passed"
    }

    TASK [build-ossec-deb-pkg : Disable JIT in OSSEC Makefile] *********************
    changed: [focal-sd-generic-ossec-agent]

    TASK [build-generic-pkg : Template out any jinja files found and copy over] ****
    changed: [focal-sd-keyring] => (item={'path': '/home/user/securedrop/install_files/securedrop-keyring/DEBIAN/control.j2', 'mode': '0644', 'isdir': False, 'ischr': False, 'isblk': False, 'isreg': True, 'isfifo': False, 'islnk': False, 'issock': False, 'uid': 1000, 'gid': 1000, 'size': 428, 'inode': 131932, 'dev': 51728, 'nlink': 1, 'atime': 1645135240.516, 'mtime': 1645135240.404, 'ctime': 1645135240.404, 'gr_name': 'user', 'pw_name': 'user', 'wusr': True, 'rusr': True, 'xusr': False, 'wgrp': False, 'rgrp': True, 'xgrp': False, 'woth': False, 'roth': True, 'xoth': False, 'isuid': False, 'isgid': False})

    TASK [build-ossec-deb-pkg : Create OSSEC build directory.] *********************
    changed: [focal-sd-generic-ossec-server] => (item=/tmp/build/ossec-server-3.6.0+focal-amd64)
    changed: [focal-sd-generic-ossec-server] => (item=/tmp/build/ossec-server-3.6.0+focal-amd64/var)

    TASK [build-generic-pkg : Ensure build directory in-place] *********************
    ok: [focal-sd-grsec]

    TASK [build-generic-pkg : Find any jinja templates] ****************************
    ok: [focal-sd-config -> localhost]

    TASK [build-ossec-deb-pkg : Remove client.keys to avoid overwriting existing client.keys] ***
    changed: [focal-sd-generic-ossec-server]

    TASK [build-generic-pkg : run bash script to build generic packages] ***********
    changed: [focal-sd-keyring]

    TASK [build-generic-pkg : Find any jinja templates] ****************************
    ok: [focal-sd-generic-ossec-agent2 -> localhost]

    TASK [build-generic-pkg : Copy app code to build directory.] *******************
    changed: [focal-sd-grsec]

    TASK [build-generic-pkg : Find any jinja templates] ****************************
    ok: [focal-sd-generic-ossec-server2 -> localhost]

    TASK [build-generic-pkg : Find any jinja templates] ****************************
    ok: [focal-sd-sec-update -> localhost]

    TASK [build-ossec-deb-pkg : Copy /var/ossec/ to OSSEC build directory.] ********
    changed: [focal-sd-generic-ossec-server]

    TASK [build-generic-pkg : Track down package] **********************************
    ok: [focal-sd-keyring]

    TASK [build-generic-pkg : Find any jinja templates] ****************************
    ok: [focal-sd-grsec -> localhost]

    TASK [build-ossec-deb-pkg : Copy OSSEC DEBIAN package scripts to build directory.] ***
    changed: [focal-sd-generic-ossec-server]

    TASK [build-generic-pkg : Fetch back package] **********************************
    changed: [focal-sd-keyring] => (item={'path': '/tmp/securedrop-keyring-0.1.5+2.2.0+focal-amd64.deb', 'mode': '0644', 'isdir': False, 'ischr': False, 'isblk': False, 'isreg': True, 'isfifo': False, 'islnk': False, 'issock': False, 'uid': 0, 'gid': 0, 'size': 3744, 'inode': 606306, 'dev': 118, 'nlink': 1, 'atime': 1645135808.484, 'mtime': 1645135808.484, 'ctime': 1645135808.484, 'gr_name': 'root', 'pw_name': 'root', 'wusr': True, 'rusr': True, 'xusr': False, 'wgrp': False, 'rgrp': True, 'xgrp': False, 'woth': False, 'roth': True, 'xoth': False, 'isuid': False, 'isgid': False})

    TASK [build-generic-pkg : Create any necessary parent directories for jinja files] ***
    ok: [focal-sd-grsec] => (item={'path': '/home/user/securedrop/install_files/securedrop-grsec-focal/DEBIAN/control.j2', 'mode': '0644', 'isdir': False, 'ischr': False, 'isblk': False, 'isreg': True, 'isfifo': False, 'islnk': False, 'issock': False, 'uid': 1000, 'gid': 1000, 'size': 558, 'inode': 131919, 'dev': 51728, 'nlink': 1, 'atime': 1645135240.516, 'mtime': 1645135240.404, 'ctime': 1645135240.404, 'gr_name': 'user', 'pw_name': 'user', 'wusr': True, 'rusr': True, 'xusr': False, 'wgrp': False, 'rgrp': True, 'xgrp': False, 'woth': False, 'roth': True, 'xoth': False, 'isuid': False, 'isgid': False})
    ok: [focal-sd-grsec] => (item={'path': '/home/user/securedrop/install_files/securedrop-grsec-focal/DEBIAN/postinst.j2', 'mode': '0755', 'isdir': False, 'ischr': False, 'isblk': False, 'isreg': True, 'isfifo': False, 'islnk': False, 'issock': False, 'uid': 1000, 'gid': 1000, 'size': 2176, 'inode': 131920, 'dev': 51728, 'nlink': 1, 'atime': 1645135240.516, 'mtime': 1645135240.404, 'ctime': 1645135240.404, 'gr_name': 'user', 'pw_name': 'user', 'wusr': True, 'rusr': True, 'xusr': True, 'wgrp': False, 'rgrp': True, 'xgrp': True, 'woth': False, 'roth': True, 'xoth': True, 'isuid': False, 'isgid': False})

    TASK [build-generic-pkg : Ensure package name is set] **************************
    ok: [focal-sd-config] => {
        "changed": false,
        "msg": "All assertions passed"
    }

    TASK [build-ossec-deb-pkg : Copy OSSEC DEBIAN/control template to build directory.] ***
    changed: [focal-sd-generic-ossec-server]

    TASK [build-generic-pkg : Ensure build directory in-place] *********************
    ok: [focal-sd-config]

    TASK [build-generic-pkg : Template out any jinja files found and copy over] ****
    changed: [focal-sd-grsec] => (item={'path': '/home/user/securedrop/install_files/securedrop-grsec-focal/DEBIAN/control.j2', 'mode': '0644', 'isdir': False, 'ischr': False, 'isblk': False, 'isreg': True, 'isfifo': False, 'islnk': False, 'issock': False, 'uid': 1000, 'gid': 1000, 'size': 558, 'inode': 131919, 'dev': 51728, 'nlink': 1, 'atime': 1645135240.516, 'mtime': 1645135240.404, 'ctime': 1645135240.404, 'gr_name': 'user', 'pw_name': 'user', 'wusr': True, 'rusr': True, 'xusr': False, 'wgrp': False, 'rgrp': True, 'xgrp': False, 'woth': False, 'roth': True, 'xoth': False, 'isuid': False, 'isgid': False})

    TASK [build-generic-pkg : Find any jinja templates] ****************************
    ok: [focal-sd-keyring -> localhost]

    TASK [build-ossec-deb-pkg : Copy OSSEC /usr and /etc directories to build directory.] ***
    changed: [focal-sd-generic-ossec-server] => (item=etc)
    changed: [focal-sd-generic-ossec-server] => (item=usr)

    TASK [build-generic-pkg : Copy app code to build directory.] *******************
    changed: [focal-sd-config]

    TASK [build-generic-pkg : Find any jinja templates] ****************************
    ok: [focal-sd-generic-ossec-agent2 -> localhost]
    ok: [focal-sd-generic-ossec-server2 -> localhost]

    TASK [build-generic-pkg : Template out any jinja files found and copy over] ****
    changed: [focal-sd-grsec] => (item={'path': '/home/user/securedrop/install_files/securedrop-grsec-focal/DEBIAN/postinst.j2', 'mode': '0755', 'isdir': False, 'ischr': False, 'isblk': False, 'isreg': True, 'isfifo': False, 'islnk': False, 'issock': False, 'uid': 1000, 'gid': 1000, 'size': 2176, 'inode': 131920, 'dev': 51728, 'nlink': 1, 'atime': 1645135240.516, 'mtime': 1645135240.404, 'ctime': 1645135240.404, 'gr_name': 'user', 'pw_name': 'user', 'wusr': True, 'rusr': True, 'xusr': True, 'wgrp': False, 'rgrp': True, 'xgrp': True, 'woth': False, 'roth': True, 'xoth': True, 'isuid': False, 'isgid': False})

    TASK [build-generic-pkg : Find any jinja templates] ****************************
    ok: [focal-sd-sec-update -> localhost]
    ok: [focal-sd-config -> localhost]

    TASK [build-ossec-deb-pkg : Delete the old service file] ***********************
    changed: [focal-sd-generic-ossec-server]

    TASK [build-ossec-deb-pkg : Run OSSEC installer script on extracted source.] ***
    changed: [focal-sd-generic-ossec-agent]

    TASK [build-generic-pkg : run bash script to build generic packages] ***********
    changed: [focal-sd-grsec]

    TASK [build-ossec-deb-pkg : Create directory for our systemd based service file] ***
    changed: [focal-sd-generic-ossec-server]

    TASK [build-generic-pkg : Create any necessary parent directories for jinja files] ***
    ok: [focal-sd-config] => (item={'path': '/home/user/securedrop/install_files/securedrop-config-focal/DEBIAN/control.j2', 'mode': '0644', 'isdir': False, 'ischr': False, 'isblk': False, 'isreg': True, 'isfifo': False, 'islnk': False, 'issock': False, 'uid': 1000, 'gid': 1000, 'size': 414, 'inode': 131907, 'dev': 51728, 'nlink': 1, 'atime': 1645135240.516, 'mtime': 1645135240.404, 'ctime': 1645135240.404, 'gr_name': 'user', 'pw_name': 'user', 'wusr': True, 'rusr': True, 'xusr': False, 'wgrp': False, 'rgrp': True, 'xgrp': False, 'woth': False, 'roth': True, 'xoth': False, 'isuid': False, 'isgid': False})

    TASK [build-ossec-deb-pkg : Create OSSEC build directory.] *********************
    changed: [focal-sd-generic-ossec-agent] => (item=/tmp/build/ossec-agent-3.6.0+focal-amd64)

    TASK [build-generic-pkg : Track down package] **********************************
    ok: [focal-sd-grsec]

    TASK [build-ossec-deb-pkg : Create OSSEC build directory.] *********************
    changed: [focal-sd-generic-ossec-agent] => (item=/tmp/build/ossec-agent-3.6.0+focal-amd64/var)

    TASK [build-ossec-deb-pkg : Copy our systemd based service file for ossec-server] ***
    changed: [focal-sd-generic-ossec-server]

    TASK [build-generic-pkg : Template out any jinja files found and copy over] ****
    changed: [focal-sd-config] => (item={'path': '/home/user/securedrop/install_files/securedrop-config-focal/DEBIAN/control.j2', 'mode': '0644', 'isdir': False, 'ischr': False, 'isblk': False, 'isreg': True, 'isfifo': False, 'islnk': False, 'issock': False, 'uid': 1000, 'gid': 1000, 'size': 414, 'inode': 131907, 'dev': 51728, 'nlink': 1, 'atime': 1645135240.516, 'mtime': 1645135240.404, 'ctime': 1645135240.404, 'gr_name': 'user', 'pw_name': 'user', 'wusr': True, 'rusr': True, 'xusr': False, 'wgrp': False, 'rgrp': True, 'xgrp': False, 'woth': False, 'roth': True, 'xoth': False, 'isuid': False, 'isgid': False})

    TASK [build-generic-pkg : Fetch back package] **********************************
    changed: [focal-sd-grsec] => (item={'path': '/tmp/securedrop-grsec-5.15.18+focal-amd64.deb', 'mode': '0644', 'isdir': False, 'ischr': False, 'isblk': False, 'isreg': True, 'isfifo': False, 'islnk': False, 'issock': False, 'uid': 0, 'gid': 0, 'size': 3048, 'inode': 602584, 'dev': 98, 'nlink': 1, 'atime': 1645135846.372, 'mtime': 1645135846.372, 'ctime': 1645135846.372, 'gr_name': 'root', 'pw_name': 'root', 'wusr': True, 'rusr': True, 'xusr': False, 'wgrp': False, 'rgrp': True, 'xgrp': False, 'woth': False, 'roth': True, 'xoth': False, 'isuid': False, 'isgid': False})

    TASK [build-ossec-deb-pkg : Remove client.keys to avoid overwriting existing client.keys] ***
    changed: [focal-sd-generic-ossec-agent]

    TASK [build-generic-pkg : Find any jinja templates] ****************************
    ok: [focal-sd-keyring -> localhost]

    TASK [build-ossec-deb-pkg : Copy /var/ossec/ to OSSEC build directory.] ********
    changed: [focal-sd-generic-ossec-agent]

    TASK [build-generic-pkg : run bash script to build generic packages] ***********
    changed: [focal-sd-config]

    TASK [build-generic-pkg : Find any jinja templates] ****************************
    ok: [focal-sd-generic-ossec-server2 -> localhost]

    TASK [build-ossec-deb-pkg : Copy OSSEC DEBIAN package scripts to build directory.] ***
    changed: [focal-sd-generic-ossec-agent]

    TASK [build-generic-pkg : Find any jinja templates] ****************************
    ok: [focal-sd-generic-ossec-agent2 -> localhost]

    TASK [build-generic-pkg : Track down package] **********************************
    ok: [focal-sd-config]

    TASK [build-generic-pkg : Find any jinja templates] ****************************
    ok: [focal-sd-grsec -> localhost]

    TASK [build-generic-pkg : Fetch back package] **********************************
    changed: [focal-sd-config] => (item={'path': '/tmp/securedrop-config-0.1.4+2.2.0+focal-amd64.deb', 'mode': '0644', 'isdir': False, 'ischr': False, 'isblk': False, 'isreg': True, 'isfifo': False, 'islnk': False, 'issock': False, 'uid': 0, 'gid': 0, 'size': 3060, 'inode': 607596, 'dev': 108, 'nlink': 1, 'atime': 1645135867.892, 'mtime': 1645135867.892, 'ctime': 1645135867.892, 'gr_name': 'root', 'pw_name': 'root', 'wusr': True, 'rusr': True, 'xusr': False, 'wgrp': False, 'rgrp': True, 'xgrp': False, 'woth': False, 'roth': True, 'xoth': False, 'isuid': False, 'isgid': False})

    TASK [build-ossec-deb-pkg : Copy OSSEC DEBIAN/control template to build directory.] ***
    changed: [focal-sd-generic-ossec-agent]

    TASK [build-ossec-deb-pkg : Build SecureDrop OSSEC deb package.] ***************
    changed: [focal-sd-generic-ossec-server]

    TASK [build-ossec-deb-pkg : Delete OSSEC build directories and config files.] ***
    changed: [focal-sd-generic-ossec-server] => (item=/etc/init.d/ossec)

    TASK [build-ossec-deb-pkg : Copy OSSEC /usr and /etc directories to build directory.] ***
    changed: [focal-sd-generic-ossec-agent] => (item=etc)
    changed: [focal-sd-generic-ossec-agent] => (item=usr)

    TASK [build-ossec-deb-pkg : Delete OSSEC build directories and config files.] ***
    changed: [focal-sd-generic-ossec-server] => (item=/etc/ossec-init.conf)
    changed: [focal-sd-generic-ossec-server] => (item=/var/ossec)

    TASK [build-ossec-deb-pkg : Delete the old service file] ***********************
    changed: [focal-sd-generic-ossec-agent]

    TASK [Update apt-cache for our security checker] *******************************
    changed: [focal-sd-sec-update]

    TASK [build-ossec-deb-pkg : Delete OSSEC build directories and config files.] ***
    changed: [focal-sd-generic-ossec-server] => (item=/tmp/OSSEC-ARCHIVE-KEY.asc)

    TASK [build-ossec-deb-pkg : Create directory for our systemd based service file] ***
    changed: [focal-sd-generic-ossec-agent]

    TASK [build-ossec-deb-pkg : Fetch newly built Debian packages back to localhost.] ***
    changed: [focal-sd-generic-ossec-server]

    TASK [build-ossec-deb-pkg : Copy our systemd based service file for ossec-agent] ***
    changed: [focal-sd-generic-ossec-agent]

    TASK [build-ossec-deb-pkg : Build SecureDrop OSSEC deb package.] ***************
    changed: [focal-sd-generic-ossec-agent]

    TASK [build-ossec-deb-pkg : Delete OSSEC build directories and config files.] ***
    changed: [focal-sd-generic-ossec-agent] => (item=/etc/init.d/ossec)
    changed: [focal-sd-generic-ossec-agent] => (item=/etc/ossec-init.conf)
    changed: [focal-sd-generic-ossec-agent] => (item=/var/ossec)
    changed: [focal-sd-generic-ossec-agent] => (item=/tmp/OSSEC-ARCHIVE-KEY.asc)

    TASK [build-ossec-deb-pkg : Fetch newly built Debian packages back to localhost.] ***
    changed: [focal-sd-generic-ossec-agent]

    TASK [build-generic-pkg : Find any jinja templates] ****************************
    ok: [focal-sd-generic-ossec-agent -> localhost]
    ok: [focal-sd-generic-ossec-server -> localhost]

    TASK [build-generic-pkg : Find any jinja templates] ****************************
    ok: [focal-sd-generic-ossec-agent -> localhost]
    ok: [focal-sd-generic-ossec-server -> localhost]

    TASK [build-generic-pkg : Find any jinja templates] ****************************
    ok: [focal-sd-generic-ossec-agent -> localhost]
    ok: [focal-sd-generic-ossec-server -> localhost]

    TASK [build-generic-pkg : Find any jinja templates] ****************************
    ok: [focal-sd-generic-ossec-agent -> localhost]
    ok: [focal-sd-generic-ossec-server -> localhost]

    TASK [build-generic-pkg : Find any jinja templates] ****************************
    ok: [focal-sd-generic-ossec-agent -> localhost]
    ok: [focal-sd-generic-ossec-server -> localhost]

    TASK [build-securedrop-app-code-deb-pkg : Install SecureDrop Python requirements in virtualenv for translation work] ***
    changed: [focal-sd-app]

    TASK [build-securedrop-app-code-deb-pkg : Compile PO to MO.] *******************
    changed: [focal-sd-app]

    TASK [build-securedrop-app-code-deb-pkg : Create apparmor.d directory in prep directory] ***
    changed: [focal-sd-app]

    TASK [build-securedrop-app-code-deb-pkg : Copy AppArmor profiles to prep path] ***
    changed: [focal-sd-app] => (item=usr.sbin.tor)
    changed: [focal-sd-app] => (item=usr.sbin.apache2)

    TASK [build-securedrop-app-code-deb-pkg : Replace placeholder changelog to dist-specific changelog] ***
    changed: [focal-sd-app]

    TASK [build-securedrop-app-code-deb-pkg : Create the control file based on distribution] ***
    changed: [focal-sd-app]

    TASK [build-securedrop-app-code-deb-pkg : Create lib/systemd/services directory in prep directory] ***
    changed: [focal-sd-app]

    TASK [build-securedrop-app-code-deb-pkg : Copy systemd service configurations to prep path] ***
    changed: [focal-sd-app] => (item=securedrop_rqrequeue.service)
    changed: [focal-sd-app] => (item=securedrop_rqworker.service)
    changed: [focal-sd-app] => (item=securedrop_shredder.service)
    changed: [focal-sd-app] => (item=securedrop_source_deleter.service)

    TASK [build-securedrop-app-code-deb-pkg : Create sdist in prep dir] ************
    changed: [focal-sd-app]

    TASK [build-securedrop-app-code-deb-pkg : Create build dir] ********************
    changed: [focal-sd-app]

    TASK [build-securedrop-app-code-deb-pkg : Extract sdist to build dir] **********
    changed: [focal-sd-app]

    TASK [build-securedrop-app-code-deb-pkg : Create empty static asset directories in build dir] ***
    changed: [focal-sd-app] => (item=/tmp/securedrop-app-code_2.2.0+focal_amd64/var/www/securedrop/static/gen)
    changed: [focal-sd-app] => (item=/tmp/securedrop-app-code_2.2.0+focal_amd64/var/www/securedrop/static/.webassets-cache)
    changed: [focal-sd-app] => (item=/tmp/securedrop-app-code_2.2.0+focal_amd64/var/www/securedrop/.well-known/pki-validation)

    TASK [build-securedrop-app-code-deb-pkg : Build securedrop-app-code Debian package] ***
    changed: [focal-sd-app]

    TASK [build-securedrop-app-code-deb-pkg : Find newly built Debian package] *****
    ok: [focal-sd-app]

    TASK [build-securedrop-app-code-deb-pkg : Fetch newly built Debian packages back to localhost] ***
    changed: [focal-sd-app] => (item={'path': '/tmp/securedrop-app-code_2.2.0+focal.tar.gz', 'mode': '0644', 'isdir': False, 'ischr': False, 'isblk': False, 'isreg': True, 'isfifo': False, 'islnk': False, 'issock': False, 'uid': 0, 'gid': 0, 'size': 2131580, 'inode': 594382, 'dev': 46, 'nlink': 1, 'atime': 1645136259.552, 'mtime': 1645136259.52, 'ctime': 1645136259.548, 'gr_name': 'root', 'pw_name': 'root', 'wusr': True, 'rusr': True, 'xusr': False, 'wgrp': False, 'rgrp': True, 'xgrp': False, 'woth': False, 'roth': True, 'xoth': False, 'isuid': False, 'isgid': False})
    changed: [focal-sd-app] => (item={'path': '/tmp/securedrop-app-code_2.2.0+focal_amd64.deb', 'mode': '0644', 'isdir': False, 'ischr': False, 'isblk': False, 'isreg': True, 'isfifo': False, 'islnk': False, 'issock': False, 'uid': 0, 'gid': 0, 'size': 13667372, 'inode': 598498, 'dev': 46, 'nlink': 1, 'atime': 1645136742.3, 'mtime': 1645136742.088, 'ctime': 1645136742.088, 'gr_name': 'root', 'pw_name': 'root', 'wusr': True, 'rusr': True, 'xusr': False, 'wgrp': False, 'rgrp': True, 'xgrp': False, 'woth': False, 'roth': True, 'xoth': False, 'isuid': False, 'isgid': False})

    TASK [build-generic-pkg : Find any jinja templates] ****************************
    ok: [focal-sd-app -> localhost]

    TASK [build-generic-pkg : Find any jinja templates] ****************************
    ok: [focal-sd-app -> localhost]

    TASK [build-generic-pkg : Find any jinja templates] ****************************
    ok: [focal-sd-app -> localhost]

    TASK [build-generic-pkg : Find any jinja templates] ****************************
    ok: [focal-sd-app -> localhost]

    TASK [build-generic-pkg : Find any jinja templates] ****************************
    ok: [focal-sd-app -> localhost]

    PLAY [Give dpkg verify container access to debs] *******************************

    TASK [Discover local debian build files] ***************************************
    ok: [focal-sd-dpkg-verification -> localhost]

    TASK [Create build dir] ********************************************************
    ok: [focal-sd-dpkg-verification]

    TASK [Drop debian files into container] ****************************************
    changed: [focal-sd-dpkg-verification] => (item={'path': '/home/user/securedrop/build/focal/securedrop-app-code_2.2.0+focal_amd64.deb', 'mode': '0600', 'isdir': False, 'ischr': False, 'isblk': False, 'isreg': True, 'isfifo': False, 'islnk': False, 'issock': False, 'uid': 1000, 'gid': 1000, 'size': 13667372, 'inode': 137026, 'dev': 51728, 'nlink': 1, 'atime': 1645136746.856, 'mtime': 1645136746.848, 'ctime': 1645136746.848, 'gr_name': 'user', 'pw_name': 'user', 'wusr': True, 'rusr': True, 'xusr': False, 'wgrp': False, 'rgrp': False, 'xgrp': False, 'woth': False, 'roth': False, 'xoth': False, 'isuid': False, 'isgid': False})
    changed: [focal-sd-dpkg-verification] => (item={'path': '/home/user/securedrop/build/focal/ossec-server-3.6.0+focal-amd64.deb', 'mode': '0600', 'isdir': False, 'ischr': False, 'isblk': False, 'isreg': True, 'isfifo': False, 'islnk': False, 'issock': False, 'uid': 1000, 'gid': 1000, 'size': 735160, 'inode': 137023, 'dev': 51728, 'nlink': 1, 'atime': 1645135893.272, 'mtime': 1645135893.268, 'ctime': 1645135893.268, 'gr_name': 'user', 'pw_name': 'user', 'wusr': True, 'rusr': True, 'xusr': False, 'wgrp': False, 'rgrp': False, 'xgrp': False, 'woth': False, 'roth': False, 'xoth': False, 'isuid': False, 'isgid': False})
    changed: [focal-sd-dpkg-verification] => (item={'path': '/home/user/securedrop/build/focal/securedrop-grsec-5.15.18+focal-amd64.deb', 'mode': '0600', 'isdir': False, 'ischr': False, 'isblk': False, 'isreg': True, 'isfifo': False, 'islnk': False, 'issock': False, 'uid': 1000, 'gid': 1000, 'size': 3048, 'inode': 137021, 'dev': 51728, 'nlink': 1, 'atime': 1645135859.54, 'mtime': 1645135859.54, 'ctime': 1645135859.54, 'gr_name': 'user', 'pw_name': 'user', 'wusr': True, 'rusr': True, 'xusr': False, 'wgrp': False, 'rgrp': False, 'xgrp': False, 'woth': False, 'roth': False, 'xoth': False, 'isuid': False, 'isgid': False})
    changed: [focal-sd-dpkg-verification] => (item={'path': '/home/user/securedrop/build/focal/securedrop-keyring-0.1.5+2.2.0+focal-amd64.deb', 'mode': '0600', 'isdir': False, 'ischr': False, 'isblk': False, 'isreg': True, 'isfifo': False, 'islnk': False, 'issock': False, 'uid': 1000, 'gid': 1000, 'size': 3744, 'inode': 137020, 'dev': 51728, 'nlink': 1, 'atime': 1645135820.188, 'mtime': 1645135820.188, 'ctime': 1645135820.188, 'gr_name': 'user', 'pw_name': 'user', 'wusr': True, 'rusr': True, 'xusr': False, 'wgrp': False, 'rgrp': False, 'xgrp': False, 'woth': False, 'roth': False, 'xoth': False, 'isuid': False, 'isgid': False})
    changed: [focal-sd-dpkg-verification] => (item={'path': '/home/user/securedrop/build/focal/securedrop-config-0.1.4+2.2.0+focal-amd64.deb', 'mode': '0600', 'isdir': False, 'ischr': False, 'isblk': False, 'isreg': True, 'isfifo': False, 'islnk': False, 'issock': False, 'uid': 1000, 'gid': 1000, 'size': 3060, 'inode': 137022, 'dev': 51728, 'nlink': 1, 'atime': 1645135879.308, 'mtime': 1645135879.308, 'ctime': 1645135879.308, 'gr_name': 'user', 'pw_name': 'user', 'wusr': True, 'rusr': True, 'xusr': False, 'wgrp': False, 'rgrp': False, 'xgrp': False, 'woth': False, 'roth': False, 'xoth': False, 'isuid': False, 'isgid': False})
    changed: [focal-sd-dpkg-verification] => (item={'path': '/home/user/securedrop/build/focal/securedrop-ossec-server-3.6.0+2.2.0+focal-amd64.deb', 'mode': '0600', 'isdir': False, 'ischr': False, 'isblk': False, 'isreg': True, 'isfifo': False, 'islnk': False, 'issock': False, 'uid': 1000, 'gid': 1000, 'size': 8628, 'inode': 137018, 'dev': 51728, 'nlink': 1, 'atime': 1645135766.96, 'mtime': 1645135766.96, 'ctime': 1645135766.96, 'gr_name': 'user', 'pw_name': 'user', 'wusr': True, 'rusr': True, 'xusr': False, 'wgrp': False, 'rgrp': False, 'xgrp': False, 'woth': False, 'roth': False, 'xoth': False, 'isuid': False, 'isgid': False})
    changed: [focal-sd-dpkg-verification] => (item={'path': '/home/user/securedrop/build/focal/securedrop-ossec-agent-3.6.0+2.2.0+focal-amd64.deb', 'mode': '0600', 'isdir': False, 'ischr': False, 'isblk': False, 'isreg': True, 'isfifo': False, 'islnk': False, 'issock': False, 'uid': 1000, 'gid': 1000, 'size': 4652, 'inode': 137019, 'dev': 51728, 'nlink': 1, 'atime': 1645135794.84, 'mtime': 1645135794.84, 'ctime': 1645135794.84, 'gr_name': 'user', 'pw_name': 'user', 'wusr': True, 'rusr': True, 'xusr': False, 'wgrp': False, 'rgrp': False, 'xgrp': False, 'woth': False, 'roth': False, 'xoth': False, 'isuid': False, 'isgid': False})
    changed: [focal-sd-dpkg-verification] => (item={'path': '/home/user/securedrop/build/focal/ossec-agent-3.6.0+focal-amd64.deb', 'mode': '0600', 'isdir': False, 'ischr': False, 'isblk': False, 'isreg': True, 'isfifo': False, 'islnk': False, 'issock': False, 'uid': 1000, 'gid': 1000, 'size': 289412, 'inode': 137024, 'dev': 51728, 'nlink': 1, 'atime': 1645135909.144, 'mtime': 1645135909.144, 'ctime': 1645135909.144, 'gr_name': 'user', 'pw_name': 'user', 'wusr': True, 'rusr': True, 'xusr': False, 'wgrp': False, 'rgrp': False, 'xgrp': False, 'woth': False, 'roth': False, 'xoth': False, 'isuid': False, 'isgid': False})

    PLAY RECAP *********************************************************************
    focal-sd-app               : ok=33   changed=26   unreachable=0    failed=0    skipped=97   rescued=0    ignored=0
    focal-sd-config            : ok=14   changed=4    unreachable=0    failed=0    skipped=116  rescued=0    ignored=0
    focal-sd-dpkg-verification : ok=3    changed=1    unreachable=0    failed=0    skipped=0    rescued=0    ignored=0
    focal-sd-generic-ossec-agent : ok=33   changed=24   unreachable=0    failed=0    skipped=97   rescued=0    ignored=0
    focal-sd-generic-ossec-agent2 : ok=14   changed=4    unreachable=0    failed=0    skipped=116  rescued=0    ignored=0
    focal-sd-generic-ossec-server : ok=33   changed=24   unreachable=0    failed=0    skipped=97   rescued=0    ignored=0
    focal-sd-generic-ossec-server2 : ok=14   changed=4    unreachable=0    failed=0    skipped=116  rescued=0    ignored=0
    focal-sd-grsec             : ok=14   changed=4    unreachable=0    failed=0    skipped=116  rescued=0    ignored=0
    focal-sd-keyring           : ok=14   changed=4    unreachable=0    failed=0    skipped=116  rescued=0    ignored=0
    focal-sd-sec-update        : ok=7    changed=1    unreachable=0    failed=0    skipped=123  rescued=0    ignored=0

--> Inventory /home/user/securedrop/molecule/builder-focal/../../install_files/ansible-base/group_vars linked to /home/user/.cache/molecule/securedrop/builder-focal/inventory/group_vars
--> Scenario: 'builder-focal'
--> Action: 'verify'
--> Executing Testinfra tests found in /home/user/securedrop/molecule/builder-focal/tests/...
    ============================= test session starts ==============================
    platform linux -- Python 3.7.3, pytest-6.1.1, py-1.10.0, pluggy-0.13.1
    rootdir: /home/user/securedrop/molecule, configfile: pytest.ini
    plugins: xdist-2.1.0, testinfra-5.3.1, forked-1.3.0
gw0 [146] / gw1 [146]
    ........................................................................ [ 49%]
    ...........................................................x............ [ 98%]
    ..                                                                       [100%]
    ================== 145 passed, 1 xfailed in 73.00s (0:01:13) ===================
Verifier completed successfully.
--> Inventory /home/user/securedrop/molecule/builder-focal/../../install_files/ansible-base/group_vars linked to /home/user/.cache/molecule/securedrop/builder-focal/inventory/group_vars
--> Scenario: 'builder-focal'
--> Action: 'destroy'

    PLAY [Destroy] *****************************************************************

    TASK [Destroy molecule instance(s)] ********************************************
    changed: [localhost] => (item={'groups': ['builders'], 'name': 'focal-sd-app'})
    changed: [localhost] => (item={'groups': ['builders'], 'name': 'focal-sd-generic-ossec-agent'})
    changed: [localhost] => (item={'groups': ['builders'], 'name': 'focal-sd-generic-ossec-server'})
    changed: [localhost] => (item={'groups': ['builders'], 'name': 'focal-sd-generic-ossec-agent2'})
    changed: [localhost] => (item={'groups': ['builders'], 'name': 'focal-sd-generic-ossec-server2'})
    changed: [localhost] => (item={'groups': ['builders'], 'name': 'focal-sd-grsec'})
    changed: [localhost] => (item={'groups': ['builders'], 'name': 'focal-sd-config'})
    changed: [localhost] => (item={'groups': ['builders'], 'name': 'focal-sd-keyring'})
    changed: [localhost] => (item={'groups': ['builders'], 'name': 'focal-sd-sec-update'})
    changed: [localhost] => (item={'groups': ['testers'], 'name': 'focal-sd-dpkg-verification'})

    PLAY RECAP *********************************************************************
    localhost                  : ok=1    changed=1    unreachable=0    failed=0    skipped=0    rescued=0    ignored=0

--> Pruning extra files from scenario ephemeral directory

[user@fpf-dev-dvm:~/securedrop] [sd] b773d8807 27m35s ±
 $ sha256sum build/focal/*
7ab4b4cb9c304fe3cedb720ef6013b74229a4baf59dcacb688c0bf5f815b7f32  build/focal/ossec-agent-3.6.0+focal-amd64.deb
654c6edc9c3948a793c8701ecd442d1c3ee491bc35b8d50daa82fd4fe5c3476e  build/focal/ossec-server-3.6.0+focal-amd64.deb
c4b7b1bc5a2517cc07c036b766589c3f537b953e4d372a6c30f27c76138c1bff  build/focal/securedrop-app-code_2.2.0+focal_amd64.deb
6a6bb32aba84fecf1e659fae19af03b968189b45961355e6fbf1fea9ea52d51f  build/focal/securedrop-app-code_2.2.0+focal.tar.gz
9dce651dd47571f4fdbd7f932263839941ac6fcb09188a126f8f1197780285e5  build/focal/securedrop-config-0.1.4+2.2.0+focal-amd64.deb
398f80a497475b0004035242a9a56c352cb2b71fa9627922bc9cc8d8d96e9414  build/focal/securedrop-grsec-5.15.18+focal-amd64.deb
3411d02120fe95feac17921f34a98077d3402483c742167d335473b07d5cb151  build/focal/securedrop-keyring-0.1.5+2.2.0+focal-amd64.deb
61cdfd179fd556665224f189146097a4e68b6ead17a8ac987a6ad4d11c09e482  build/focal/securedrop-ossec-agent-3.6.0+2.2.0+focal-amd64.deb
146c767347f8cf87da260192017c891d95f760035270daa498b3742ba588fb0f  build/focal/securedrop-ossec-server-3.6.0+2.2.0+focal-amd64.deb
[user@fpf-dev-dvm:~/securedrop] [sd] b773d8807 28m0s ±
 $

