(.venv) $ git checkout 1.2.0-rc2
Note: checking out '1.2.0-rc2'.

You are in 'detached HEAD' state. You can look around, make experimental
changes and commit them, and you can discard any commits you make in this
state without impacting any branches by performing another checkout.

If you want to create a new branch to retain commits you create, you may
do so (now or later) by using -b with the checkout command again. Example:

  git checkout -b <new-branch-name>

HEAD is now at 3c9adcccf... SecureDrop 1.2.0~rc2

(.venv) $ make build-debs
Building SecureDrop Debian packages...
Using active Python 3 virtualenv in /Users/redshiftzero/Documents/Github/securedrop-1.2.0-rc2/securedrop/.venv
--> Validating schema /Users/redshiftzero/Documents/Github/securedrop-1.2.0-rc2/securedrop/molecule/fetch-tor-packages/molecule.yml.
Validation completed successfully.
--> Validating schema /Users/redshiftzero/Documents/Github/securedrop-1.2.0-rc2/securedrop/molecule/upgrade/molecule.yml.
Validation completed successfully.
--> Validating schema /Users/redshiftzero/Documents/Github/securedrop-1.2.0-rc2/securedrop/molecule/virtualbox-staging-xenial/molecule.yml.
Validation completed successfully.
--> Validating schema /Users/redshiftzero/Documents/Github/securedrop-1.2.0-rc2/securedrop/molecule/libvirt-staging-xenial/molecule.yml.
Validation completed successfully.
--> Validating schema /Users/redshiftzero/Documents/Github/securedrop-1.2.0-rc2/securedrop/molecule/builder-xenial/molecule.yml.
Validation completed successfully.
--> Validating schema /Users/redshiftzero/Documents/Github/securedrop-1.2.0-rc2/securedrop/molecule/qubes-staging/molecule.yml.
Validation completed successfully.
--> Validating schema /Users/redshiftzero/Documents/Github/securedrop-1.2.0-rc2/securedrop/molecule/ansible-config/molecule.yml.
Validation completed successfully.
--> Validating schema /Users/redshiftzero/Documents/Github/securedrop-1.2.0-rc2/securedrop/molecule/vagrant-packager/molecule.yml.
Validation completed successfully.
--> Test matrix

└── builder-xenial
    ├── destroy
    ├── create
    ├── converge
    ├── verify
    └── destroy

--> Inventory /Users/redshiftzero/Documents/Github/securedrop-1.2.0-rc2/securedrop/molecule/builder-xenial/../../install_files/ansible-base/group_vars linked to /Users/redshiftzero/.cache/molecule/securedrop/builder-xenial/inventory/group_vars
--> Scenario: 'builder-xenial'
--> Action: 'destroy'
--> Sanity checks: 'docker'

    PLAY [Destroy] *****************************************************************

    TASK [Destroy molecule instance(s)] ********************************************
    ok: [localhost] => (item={'name': 'xenial-sd-app', 'groups': ['builders']})
    ok: [localhost] => (item={'name': 'xenial-sd-generic-ossec-agent', 'groups': ['builders']})
    ok: [localhost] => (item={'name': 'xenial-sd-generic-ossec-server', 'groups': ['builders']})
    ok: [localhost] => (item={'name': 'xenial-sd-generic-ossec-agent2', 'groups': ['builders']})
    ok: [localhost] => (item={'name': 'xenial-sd-generic-ossec-server2', 'groups': ['builders']})
    ok: [localhost] => (item={'name': 'xenial-sd-grsec', 'groups': ['builders']})
    ok: [localhost] => (item={'name': 'xenial-sd-config', 'groups': ['builders']})
    ok: [localhost] => (item={'name': 'xenial-sd-keyring', 'groups': ['builders']})
    ok: [localhost] => (item={'name': 'xenial-sd-sec-update', 'groups': ['builders']})
    ok: [localhost] => (item={'name': 'xenial-sd-dpkg-verification', 'groups': ['testers']})

    PLAY RECAP *********************************************************************
    localhost                  : ok=1    changed=0    unreachable=0    failed=0

--> Inventory /Users/redshiftzero/Documents/Github/securedrop-1.2.0-rc2/securedrop/molecule/builder-xenial/../../install_files/ansible-base/group_vars linked to /Users/redshiftzero/.cache/molecule/securedrop/builder-xenial/inventory/group_vars
--> Scenario: 'builder-xenial'
--> Action: 'create'
--> Sanity checks: 'docker'

    PLAY [Create] ******************************************************************

    TASK [debug] *******************************************************************
    ok: [localhost] => {
        "msg": "Building with Docker image quay.io/freedomofpress/sd-docker-builder-xenial@sha256:981d2190f643964aee7d1ea8e4fe6a99fd3ab8ebab7179886cd8d558b20d044d"
    }

    TASK [Create builders] *********************************************************
    changed: [localhost] => (item={'name': 'xenial-sd-app', 'groups': ['builders']})
    changed: [localhost] => (item={'name': 'xenial-sd-generic-ossec-agent', 'groups': ['builders']})
    changed: [localhost] => (item={'name': 'xenial-sd-generic-ossec-server', 'groups': ['builders']})
    changed: [localhost] => (item={'name': 'xenial-sd-generic-ossec-agent2', 'groups': ['builders']})
    changed: [localhost] => (item={'name': 'xenial-sd-generic-ossec-server2', 'groups': ['builders']})
    changed: [localhost] => (item={'name': 'xenial-sd-grsec', 'groups': ['builders']})
    changed: [localhost] => (item={'name': 'xenial-sd-config', 'groups': ['builders']})
    changed: [localhost] => (item={'name': 'xenial-sd-keyring', 'groups': ['builders']})
    changed: [localhost] => (item={'name': 'xenial-sd-sec-update', 'groups': ['builders']})
    changed: [localhost] => (item={'name': 'xenial-sd-dpkg-verification', 'groups': ['testers']})

    PLAY RECAP *********************************************************************
    localhost                  : ok=2    changed=1    unreachable=0    failed=0

--> Inventory /Users/redshiftzero/Documents/Github/securedrop-1.2.0-rc2/securedrop/molecule/builder-xenial/../../install_files/ansible-base/group_vars linked to /Users/redshiftzero/.cache/molecule/securedrop/builder-xenial/inventory/group_vars
--> Scenario: 'builder-xenial'
--> Action: 'converge'

    PLAY [Build SecureDrop application Debian package from local repository.] ******

    TASK [Gathering Facts] *********************************************************
    ok: [xenial-sd-app]
    ok: [xenial-sd-config]
    ok: [xenial-sd-generic-ossec-server]
    ok: [xenial-sd-generic-ossec-agent]
    ok: [xenial-sd-generic-ossec-agent2]

    TASK [build-securedrop-app-code-deb-pkg : Copy install_files/securedrop-app-code to prep directory] ***
    changed: [xenial-sd-app]

    TASK [build-securedrop-app-code-deb-pkg : Copy app code to prep directory under var/www/securedrop] ***
    changed: [xenial-sd-app]

    TASK [build-securedrop-app-code-deb-pkg : Copy setup.py to prep directory] *****
    changed: [xenial-sd-app]

    TASK [Gathering Facts] *********************************************************
    ok: [xenial-sd-generic-ossec-server2]
    ok: [xenial-sd-keyring]
    ok: [xenial-sd-grsec]
    ok: [xenial-sd-sec-update]

    TASK [build-securedrop-app-code-deb-pkg : Copy MANIFEST.in to prep directory] ***
    changed: [xenial-sd-app]

    TASK [build-securedrop-app-code-deb-pkg : Copy requirements.txt to prep directory] ***
    changed: [xenial-sd-app]

    TASK [build-ossec-deb-pkg : Create src path folder] ****************************
    changed: [xenial-sd-generic-ossec-server] => (item=/tmp/build/ossec-server)
    ok: [xenial-sd-generic-ossec-server] => (item=/tmp/build)

    TASK [build-securedrop-app-code-deb-pkg : Install sass Ruby gem] ***************
    changed: [xenial-sd-app]

    TASK [build-ossec-deb-pkg : Create src path folder] ****************************
    changed: [xenial-sd-generic-ossec-agent] => (item=/tmp/build/ossec-agent)

    TASK [build-securedrop-app-code-deb-pkg : Create static asset directories.] ****
    changed: [xenial-sd-app] => (item=/tmp/securedrop-app-code_1.2.0~rc2+xenial_amd64-prep/var/www/securedrop/static/css)

    TASK [build-ossec-deb-pkg : Create src path folder] ****************************
    ok: [xenial-sd-generic-ossec-agent] => (item=/tmp/build)

    TASK [build-generic-pkg : Find any jinja templates] ****************************
    ok: [xenial-sd-config -> localhost]
    ok: [xenial-sd-generic-ossec-agent2 -> localhost]

    TASK [build-generic-pkg : Reduce weird path re-usage] **************************
    ok: [xenial-sd-generic-ossec-server2]

    TASK [build-generic-pkg : Find any jinja templates] ****************************
    ok: [xenial-sd-config -> localhost]

    TASK [build-securedrop-app-code-deb-pkg : Create static asset directories.] ****
    changed: [xenial-sd-app] => (item=/tmp/securedrop-app-code_1.2.0~rc2+xenial_amd64-prep/var/www/securedrop/static/gen)

    TASK [build-generic-pkg : Reduce weird path re-usage] **************************
    ok: [xenial-sd-generic-ossec-agent2]

    TASK [build-generic-pkg : Ensure build directory in-place] *********************
    ok: [xenial-sd-generic-ossec-server2]

    TASK [build-securedrop-app-code-deb-pkg : Create static asset directories.] ****
    changed: [xenial-sd-app] => (item=/tmp/securedrop-app-code_1.2.0~rc2+xenial_amd64-prep/var/www/securedrop/static/.webassets-cache)

    TASK [build-generic-pkg : Ensure build directory in-place] *********************
    ok: [xenial-sd-generic-ossec-agent2]

    TASK [build-generic-pkg : Copy app code to build directory.] *******************
    changed: [xenial-sd-generic-ossec-server2]

    TASK [build-generic-pkg : Find any jinja templates] ****************************
    ok: [xenial-sd-generic-ossec-server2 -> localhost]

    TASK [build-generic-pkg : Copy app code to build directory.] *******************
    changed: [xenial-sd-generic-ossec-agent2]

    TASK [build-generic-pkg : Find any jinja templates] ****************************
    ok: [xenial-sd-config -> localhost]

    TASK [build-generic-pkg : Find any jinja templates] ****************************
    ok: [xenial-sd-generic-ossec-agent2 -> localhost]

    TASK [build-generic-pkg : Find any jinja templates] ****************************
    ok: [xenial-sd-grsec -> localhost]

    TASK [build-generic-pkg : run bash script to build generic packages] ***********
    changed: [xenial-sd-generic-ossec-server2]

    TASK [build-securedrop-app-code-deb-pkg : Compile SASS to CSS.] ****************
    changed: [xenial-sd-app]

    TASK [build-generic-pkg : run bash script to build generic packages] ***********
    changed: [xenial-sd-generic-ossec-agent2]

    TASK [build-generic-pkg : Track down package] **********************************
    ok: [xenial-sd-generic-ossec-server2]

    TASK [build-securedrop-app-code-deb-pkg : Remove temporary SASS directory from package build directory.] ***
    changed: [xenial-sd-app] => (item=sass)

    TASK [build-generic-pkg : Track down package] **********************************
    ok: [xenial-sd-generic-ossec-agent2]

    TASK [build-generic-pkg : Fetch back package] **********************************
    changed: [xenial-sd-generic-ossec-server2] => (item={'uid': 0, 'woth': False, 'mtime': 1574870933.751488, 'inode': 1587132, 'isgid': False, 'size': 6594, 'roth': True, 'isuid': False, 'isreg': True, 'pw_name': 'root', 'gid': 0, 'ischr': False, 'wusr': True, 'xoth': False, 'rusr': True, 'nlink': 1, 'issock': False, 'rgrp': True, 'gr_name': 'root', 'path': '/tmp/securedrop-ossec-server-3.0.0+1.2.0~rc2-amd64.deb', 'xusr': False, 'atime': 1574870933.751488, 'isdir': False, 'ctime': 1574870933.751488, 'isblk': False, 'xgrp': False, 'dev': 2049, 'wgrp': False, 'isfifo': False, 'mode': '0644', 'islnk': False})

    TASK [build-generic-pkg : Find any jinja templates] ****************************
    ok: [xenial-sd-config -> localhost]

    TASK [build-generic-pkg : Find any jinja templates] ****************************
    ok: [xenial-sd-grsec -> localhost]

    TASK [build-securedrop-app-code-deb-pkg : Remove temporary SASS directory from package build directory.] ***
    changed: [xenial-sd-app] => (item=.sass-cache)

    TASK [build-generic-pkg : Find any jinja templates] ****************************
    ok: [xenial-sd-generic-ossec-server2 -> localhost]

    TASK [build-generic-pkg : Fetch back package] **********************************
    changed: [xenial-sd-generic-ossec-agent2] => (item={'uid': 0, 'woth': False, 'mtime': 1574870935.751488, 'inode': 1587046, 'isgid': False, 'size': 3546, 'roth': True, 'isuid': False, 'isreg': True, 'pw_name': 'root', 'gid': 0, 'ischr': False, 'wusr': True, 'xoth': False, 'rusr': True, 'nlink': 1, 'issock': False, 'rgrp': True, 'gr_name': 'root', 'path': '/tmp/securedrop-ossec-agent-3.0.0+1.2.0~rc2-amd64.deb', 'xusr': False, 'atime': 1574870935.751488, 'isdir': False, 'ctime': 1574870935.751488, 'isblk': False, 'xgrp': False, 'dev': 2049, 'wgrp': False, 'isfifo': False, 'mode': '0644', 'islnk': False})

    TASK [build-generic-pkg : Reduce weird path re-usage] **************************
    ok: [xenial-sd-config]

    TASK [build-generic-pkg : Find any jinja templates] ****************************
    ok: [xenial-sd-generic-ossec-agent2 -> localhost]
    ok: [xenial-sd-grsec -> localhost]
    ok: [xenial-sd-generic-ossec-server2 -> localhost]

    TASK [build-generic-pkg : Reduce weird path re-usage] **************************
    ok: [xenial-sd-grsec]

    TASK [build-generic-pkg : Ensure build directory in-place] *********************
    ok: [xenial-sd-config]

    TASK [build-generic-pkg : Find any jinja templates] ****************************
    ok: [xenial-sd-generic-ossec-agent2 -> localhost]

    TASK [build-generic-pkg : Copy app code to build directory.] *******************
    changed: [xenial-sd-config]

    TASK [build-generic-pkg : Find any jinja templates] ****************************
    ok: [xenial-sd-config -> localhost]

    TASK [build-generic-pkg : Find any jinja templates] ****************************
    ok: [xenial-sd-generic-ossec-server2 -> localhost]

    TASK [build-generic-pkg : Ensure build directory in-place] *********************
    ok: [xenial-sd-grsec]

    TASK [build-generic-pkg : Copy app code to build directory.] *******************
    changed: [xenial-sd-grsec]

    TASK [build-generic-pkg : Find any jinja templates] ****************************
    ok: [xenial-sd-grsec -> localhost]

    TASK [build-generic-pkg : run bash script to build generic packages] ***********
    changed: [xenial-sd-config]

    TASK [build-generic-pkg : Create any necessary parent directories for jinja files] ***
    ok: [xenial-sd-grsec] => (item={'path': '/Users/redshiftzero/Documents/Github/securedrop-1.2.0-rc2/securedrop/install_files/securedrop-grsec/DEBIAN/control.j2', 'mode': '0644', 'isdir': False, 'ischr': False, 'isblk': False, 'isreg': True, 'isfifo': False, 'islnk': False, 'issock': False, 'uid': 501, 'gid': 20, 'size': 501, 'inode': 26625315, 'dev': 16777220, 'nlink': 1, 'atime': 1574870301.589527, 'mtime': 1574870295.6488652, 'ctime': 1574870295.6488652, 'gr_name': 'staff', 'pw_name': 'redshiftzero', 'wusr': True, 'rusr': True, 'xusr': False, 'wgrp': False, 'rgrp': True, 'xgrp': False, 'woth': False, 'roth': True, 'xoth': False, 'isuid': False, 'isgid': False})

    TASK [build-generic-pkg : Find any jinja templates] ****************************
    ok: [xenial-sd-generic-ossec-agent2 -> localhost]

    TASK [build-generic-pkg : Track down package] **********************************
    ok: [xenial-sd-config]

    TASK [build-generic-pkg : Fetch back package] **********************************
    changed: [xenial-sd-config] => (item={'uid': 0, 'woth': False, 'mtime': 1574870953.751488, 'inode': 1587737, 'isgid': False, 'size': 2740, 'roth': True, 'isuid': False, 'isreg': True, 'pw_name': 'root', 'gid': 0, 'ischr': False, 'wusr': True, 'xoth': False, 'rusr': True, 'nlink': 1, 'issock': False, 'rgrp': True, 'gr_name': 'root', 'path': '/tmp/securedrop-config-0.1.3+1.2.0~rc2-amd64.deb', 'xusr': False, 'atime': 1574870953.751488, 'isdir': False, 'ctime': 1574870953.751488, 'isblk': False, 'xgrp': False, 'dev': 2049, 'wgrp': False, 'isfifo': False, 'mode': '0644', 'islnk': False})

    TASK [build-generic-pkg : Find any jinja templates] ****************************
    ok: [xenial-sd-generic-ossec-server2 -> localhost]

    TASK [build-ossec-deb-pkg : Install python-requests for URL fetching] **********
    changed: [xenial-sd-generic-ossec-server]

    TASK [build-generic-pkg : Find any jinja templates] ****************************
    ok: [xenial-sd-keyring -> localhost]

    TASK [build-generic-pkg : Template out any jinja files found and copy over] ****
    changed: [xenial-sd-grsec] => (item={'path': '/Users/redshiftzero/Documents/Github/securedrop-1.2.0-rc2/securedrop/install_files/securedrop-grsec/DEBIAN/control.j2', 'mode': '0644', 'isdir': False, 'ischr': False, 'isblk': False, 'isreg': True, 'isfifo': False, 'islnk': False, 'issock': False, 'uid': 501, 'gid': 20, 'size': 501, 'inode': 26625315, 'dev': 16777220, 'nlink': 1, 'atime': 1574870301.589527, 'mtime': 1574870295.6488652, 'ctime': 1574870295.6488652, 'gr_name': 'staff', 'pw_name': 'redshiftzero', 'wusr': True, 'rusr': True, 'xusr': False, 'wgrp': False, 'rgrp': True, 'xgrp': False, 'woth': False, 'roth': True, 'xoth': False, 'isuid': False, 'isgid': False})

    TASK [build-generic-pkg : Find any jinja templates] ****************************
    ok: [xenial-sd-sec-update -> localhost]

    TASK [build-ossec-deb-pkg : Copy over current directory for repo build] ********
    changed: [xenial-sd-generic-ossec-server]

    TASK [build-generic-pkg : Find any jinja templates] ****************************
    ok: [xenial-sd-keyring -> localhost]
    ok: [xenial-sd-sec-update -> localhost]

    TASK [build-generic-pkg : Reduce weird path re-usage] **************************
    ok: [xenial-sd-keyring]

    TASK [build-generic-pkg : run bash script to build generic packages] ***********
    changed: [xenial-sd-grsec]

    TASK [build-ossec-deb-pkg : Install python-requests for URL fetching] **********
    changed: [xenial-sd-generic-ossec-agent]

    TASK [build-ossec-deb-pkg : Include OSSEC download URLs.] **********************
    ok: [xenial-sd-generic-ossec-server]

    TASK [build-ossec-deb-pkg : Copy over current directory for repo build] ********
    changed: [xenial-sd-generic-ossec-agent]

    TASK [build-generic-pkg : Find any jinja templates] ****************************
    ok: [xenial-sd-sec-update -> localhost]

    TASK [build-generic-pkg : Ensure build directory in-place] *********************
    ok: [xenial-sd-keyring]

    TASK [build-generic-pkg : Track down package] **********************************
    ok: [xenial-sd-grsec]

    TASK [build-generic-pkg : Copy app code to build directory.] *******************
    changed: [xenial-sd-keyring]

    TASK [build-generic-pkg : Find any jinja templates] ****************************
    ok: [xenial-sd-keyring -> localhost]

    TASK [build-ossec-deb-pkg : Include OSSEC download URLs.] **********************
    ok: [xenial-sd-generic-ossec-agent]

    TASK [build-generic-pkg : Fetch back package] **********************************
    changed: [xenial-sd-grsec] => (item={'uid': 0, 'woth': False, 'mtime': 1574870968.39015, 'inode': 1587175, 'isgid': False, 'size': 2304, 'roth': True, 'isuid': False, 'isreg': True, 'pw_name': 'root', 'gid': 0, 'ischr': False, 'wusr': True, 'xoth': False, 'rusr': True, 'nlink': 1, 'issock': False, 'rgrp': True, 'gr_name': 'root', 'path': '/tmp/securedrop-grsec-4.14.154-amd64.deb', 'xusr': False, 'atime': 1574870968.39015, 'isdir': False, 'ctime': 1574870968.39015, 'isblk': False, 'xgrp': False, 'dev': 2049, 'wgrp': False, 'isfifo': False, 'mode': '0644', 'islnk': False})

    TASK [build-generic-pkg : Find any jinja templates] ****************************
    ok: [xenial-sd-sec-update -> localhost]

    TASK [build-generic-pkg : run bash script to build generic packages] ***********
    changed: [xenial-sd-keyring]

    TASK [build-ossec-deb-pkg : Download OSSEC tarball.] ***************************
    changed: [xenial-sd-generic-ossec-server]

    TASK [build-generic-pkg : Find any jinja templates] ****************************
    ok: [xenial-sd-grsec -> localhost]
    ok: [xenial-sd-sec-update -> localhost]

    TASK [build-generic-pkg : Track down package] **********************************
    ok: [xenial-sd-keyring]

    TASK [build-ossec-deb-pkg : Download OSSEC signature.] *************************
    changed: [xenial-sd-generic-ossec-server]

    TASK [build-ossec-deb-pkg : Download OSSEC tarball.] ***************************
    changed: [xenial-sd-generic-ossec-agent]

    TASK [build-generic-pkg : Fetch back package] **********************************
    changed: [xenial-sd-keyring] => (item={'uid': 0, 'woth': False, 'mtime': 1574870978.47015, 'inode': 1587754, 'isgid': False, 'size': 4740, 'roth': True, 'isuid': False, 'isreg': True, 'pw_name': 'root', 'gid': 0, 'ischr': False, 'wusr': True, 'xoth': False, 'rusr': True, 'nlink': 1, 'issock': False, 'rgrp': True, 'gr_name': 'root', 'path': '/tmp/securedrop-keyring-0.1.3+1.2.0~rc2-amd64.deb', 'xusr': False, 'atime': 1574870978.47015, 'isdir': False, 'ctime': 1574870978.47015, 'isblk': False, 'xgrp': False, 'dev': 2049, 'wgrp': False, 'isfifo': False, 'mode': '0644', 'islnk': False})

    TASK [build-generic-pkg : Find any jinja templates] ****************************
    ok: [xenial-sd-keyring -> localhost]

    TASK [build-generic-pkg : Find any jinja templates] ****************************
    ok: [xenial-sd-keyring -> localhost]

    TASK [build-ossec-deb-pkg : Download OSSEC signature.] *************************
    changed: [xenial-sd-generic-ossec-agent]

    TASK [build-ossec-deb-pkg : Copy OSSEC archive GPG key.] ***********************
    changed: [xenial-sd-generic-ossec-server]

    TASK [build-ossec-deb-pkg : Import OSSEC archive GPG key.] *********************
    changed: [xenial-sd-generic-ossec-server]

    TASK [build-ossec-deb-pkg : Copy OSSEC archive GPG key.] ***********************
    changed: [xenial-sd-generic-ossec-agent]

    TASK [build-ossec-deb-pkg : Verify signature of OSSEC tarball.] ****************
    changed: [xenial-sd-generic-ossec-server]

    TASK [build-ossec-deb-pkg : Import OSSEC archive GPG key.] *********************
    changed: [xenial-sd-generic-ossec-agent]

    TASK [Update apt-cache for our security checker] *******************************
    ok: [xenial-sd-sec-update]

    TASK [build-ossec-deb-pkg : Verify signature of OSSEC tarball.] ****************
    changed: [xenial-sd-generic-ossec-agent]

    TASK [build-ossec-deb-pkg : Extract OSSEC source tarball.] *********************
    changed: [xenial-sd-generic-ossec-server]

    TASK [build-ossec-deb-pkg : Create /etc directory within source directory.] ****
    ok: [xenial-sd-generic-ossec-server]

    TASK [build-ossec-deb-pkg : Extract OSSEC source tarball.] *********************
    changed: [xenial-sd-generic-ossec-agent]

    TASK [build-ossec-deb-pkg : Copy OSSEC preloaded vars template.] ***************
    changed: [xenial-sd-generic-ossec-server]

    TASK [build-ossec-deb-pkg : Create /etc directory within source directory.] ****
    ok: [xenial-sd-generic-ossec-agent]

    TASK [build-ossec-deb-pkg : Copy OSSEC preloaded vars template.] ***************
    changed: [xenial-sd-generic-ossec-agent]

    TASK [build-ossec-deb-pkg : Run OSSEC installer script on extracted source.] ***
    changed: [xenial-sd-generic-ossec-agent]

    TASK [build-ossec-deb-pkg : Create OSSEC build directory.] *********************
    changed: [xenial-sd-generic-ossec-agent] => (item=/tmp/build/ossec-agent-3.0.0-amd64)
    changed: [xenial-sd-generic-ossec-agent] => (item=/tmp/build/ossec-agent-3.0.0-amd64/var)

    TASK [build-ossec-deb-pkg : Remove client.keys to avoid overwriting existing client.keys] ***
    changed: [xenial-sd-generic-ossec-agent]

    TASK [build-ossec-deb-pkg : Copy /var/ossec/ to OSSEC build directory.] ********
    changed: [xenial-sd-generic-ossec-agent]

    TASK [build-ossec-deb-pkg : Run OSSEC installer script on extracted source.] ***
    changed: [xenial-sd-generic-ossec-server]

    TASK [build-ossec-deb-pkg : Copy OSSEC DEBIAN package scripts to build directory.] ***
    changed: [xenial-sd-generic-ossec-agent]

    TASK [build-ossec-deb-pkg : Create OSSEC build directory.] *********************
    changed: [xenial-sd-generic-ossec-server] => (item=/tmp/build/ossec-server-3.0.0-amd64)
    changed: [xenial-sd-generic-ossec-server] => (item=/tmp/build/ossec-server-3.0.0-amd64/var)

    TASK [build-ossec-deb-pkg : Copy OSSEC DEBIAN/control template to build directory.] ***
    changed: [xenial-sd-generic-ossec-agent]

    TASK [build-ossec-deb-pkg : Remove client.keys to avoid overwriting existing client.keys] ***
    changed: [xenial-sd-generic-ossec-server]

    TASK [build-securedrop-app-code-deb-pkg : Install SecureDrop Python requirements in container] ***
    changed: [xenial-sd-app]

    TASK [build-ossec-deb-pkg : Copy OSSEC /usr and /etc directories to build directory.] ***
    changed: [xenial-sd-generic-ossec-agent] => (item=etc)

    TASK [build-ossec-deb-pkg : Copy /var/ossec/ to OSSEC build directory.] ********
    changed: [xenial-sd-generic-ossec-server]

    TASK [build-ossec-deb-pkg : Copy OSSEC /usr and /etc directories to build directory.] ***
    changed: [xenial-sd-generic-ossec-agent] => (item=usr)

    TASK [build-securedrop-app-code-deb-pkg : Compile PO to MO.] *******************
    changed: [xenial-sd-app]

    TASK [build-ossec-deb-pkg : Copy OSSEC DEBIAN package scripts to build directory.] ***
    changed: [xenial-sd-generic-ossec-server]

    TASK [build-securedrop-app-code-deb-pkg : Create apparmor.d directory in prep directory] ***
    changed: [xenial-sd-app]

    TASK [build-ossec-deb-pkg : Build SecureDrop OSSEC deb package.] ***************
    changed: [xenial-sd-generic-ossec-agent]

    TASK [build-ossec-deb-pkg : Delete OSSEC build directories and config files.] ***
    changed: [xenial-sd-generic-ossec-agent] => (item=/etc/init.d/ossec)

    TASK [build-ossec-deb-pkg : Copy OSSEC DEBIAN/control template to build directory.] ***
    changed: [xenial-sd-generic-ossec-server]

    TASK [build-securedrop-app-code-deb-pkg : Copy AppArmor profiles to prep path] ***
    changed: [xenial-sd-app] => (item=usr.sbin.tor)

    TASK [build-ossec-deb-pkg : Delete OSSEC build directories and config files.] ***
    changed: [xenial-sd-generic-ossec-agent] => (item=/etc/ossec-init.conf)

    TASK [build-ossec-deb-pkg : Copy OSSEC /usr and /etc directories to build directory.] ***
    changed: [xenial-sd-generic-ossec-server] => (item=etc)

    TASK [build-ossec-deb-pkg : Delete OSSEC build directories and config files.] ***
    changed: [xenial-sd-generic-ossec-agent] => (item=/var/ossec)

    TASK [build-securedrop-app-code-deb-pkg : Copy AppArmor profiles to prep path] ***
    changed: [xenial-sd-app] => (item=usr.sbin.apache2)

    TASK [build-ossec-deb-pkg : Copy OSSEC /usr and /etc directories to build directory.] ***
    changed: [xenial-sd-generic-ossec-server] => (item=usr)

    TASK [build-ossec-deb-pkg : Delete OSSEC build directories and config files.] ***
    changed: [xenial-sd-generic-ossec-agent] => (item=/tmp/OSSEC-ARCHIVE-KEY.asc)

    TASK [build-ossec-deb-pkg : Fetch newly built Debian packages back to localhost.] ***
    changed: [xenial-sd-generic-ossec-agent]

    TASK [build-generic-pkg : Find any jinja templates] ****************************
    ok: [xenial-sd-generic-ossec-agent -> localhost]

    TASK [build-securedrop-app-code-deb-pkg : Replace placeholder changelog to dist-specific changelog] ***
    changed: [xenial-sd-app]

    TASK [build-generic-pkg : Find any jinja templates] ****************************
    ok: [xenial-sd-generic-ossec-agent -> localhost]

    TASK [build-generic-pkg : Find any jinja templates] ****************************
    ok: [xenial-sd-generic-ossec-agent -> localhost]

    TASK [build-securedrop-app-code-deb-pkg : Create lib/systemd/services directory in prep directory] ***
    changed: [xenial-sd-app]

    TASK [build-generic-pkg : Find any jinja templates] ****************************
    ok: [xenial-sd-generic-ossec-agent -> localhost]

    TASK [build-ossec-deb-pkg : Build SecureDrop OSSEC deb package.] ***************
    changed: [xenial-sd-generic-ossec-server]

    TASK [build-generic-pkg : Find any jinja templates] ****************************
    ok: [xenial-sd-generic-ossec-agent -> localhost]

    TASK [build-ossec-deb-pkg : Delete OSSEC build directories and config files.] ***
    changed: [xenial-sd-generic-ossec-server] => (item=/etc/init.d/ossec)

    TASK [build-securedrop-app-code-deb-pkg : Copy systemd service configurations to prep path] ***
    changed: [xenial-sd-app] => (item=securedrop_rqrequeue.service)

    TASK [build-ossec-deb-pkg : Delete OSSEC build directories and config files.] ***
    changed: [xenial-sd-generic-ossec-server] => (item=/etc/ossec-init.conf)
    changed: [xenial-sd-generic-ossec-server] => (item=/var/ossec)

    TASK [build-securedrop-app-code-deb-pkg : Copy systemd service configurations to prep path] ***
    changed: [xenial-sd-app] => (item=securedrop_rqworker.service)

    TASK [build-ossec-deb-pkg : Delete OSSEC build directories and config files.] ***
    changed: [xenial-sd-generic-ossec-server] => (item=/tmp/OSSEC-ARCHIVE-KEY.asc)

    TASK [build-ossec-deb-pkg : Fetch newly built Debian packages back to localhost.] ***
    changed: [xenial-sd-generic-ossec-server]

    TASK [build-securedrop-app-code-deb-pkg : Copy systemd service configurations to prep path] ***
    changed: [xenial-sd-app] => (item=securedrop_shredder.service)

    TASK [build-generic-pkg : Find any jinja templates] ****************************
    ok: [xenial-sd-generic-ossec-server -> localhost]

    TASK [build-generic-pkg : Find any jinja templates] ****************************
    ok: [xenial-sd-generic-ossec-server -> localhost]

    TASK [build-generic-pkg : Find any jinja templates] ****************************
    ok: [xenial-sd-generic-ossec-server -> localhost]

    TASK [build-generic-pkg : Find any jinja templates] ****************************
    ok: [xenial-sd-generic-ossec-server -> localhost]

    TASK [build-securedrop-app-code-deb-pkg : Create sdist in prep dir] ************
    changed: [xenial-sd-app]

    TASK [build-generic-pkg : Find any jinja templates] ****************************
    ok: [xenial-sd-generic-ossec-server -> localhost]

    TASK [build-securedrop-app-code-deb-pkg : Create build dir] ********************
    changed: [xenial-sd-app]

    TASK [build-securedrop-app-code-deb-pkg : Extract sdist to build dir] **********
    changed: [xenial-sd-app]

    TASK [build-securedrop-app-code-deb-pkg : Create empty static asset directories in build dir] ***
    changed: [xenial-sd-app] => (item=/tmp/securedrop-app-code_1.2.0~rc2+xenial_amd64/var/www/securedrop/static/gen)
    changed: [xenial-sd-app] => (item=/tmp/securedrop-app-code_1.2.0~rc2+xenial_amd64/var/www/securedrop/static/.webassets-cache)
    changed: [xenial-sd-app] => (item=/tmp/securedrop-app-code_1.2.0~rc2+xenial_amd64/var/www/securedrop/.well-known/pki-validation)

    TASK [build-securedrop-app-code-deb-pkg : Build securedrop-app-code Debian package] ***
    changed: [xenial-sd-app]

    TASK [build-securedrop-app-code-deb-pkg : Find newly built Debian package] *****
    ok: [xenial-sd-app]

    TASK [build-securedrop-app-code-deb-pkg : Fetch newly built Debian packages back to localhost] ***
    changed: [xenial-sd-app] => (item={'uid': 0, 'woth': False, 'mtime': 1574871316.421561, 'inode': 1588342, 'isgid': False, 'size': 12523766, 'roth': True, 'isuid': False, 'isreg': True, 'pw_name': 'root', 'gid': 0, 'ischr': False, 'wusr': True, 'xoth': False, 'rusr': True, 'nlink': 1, 'issock': False, 'rgrp': True, 'gr_name': 'root', 'path': '/tmp/securedrop-app-code_1.2.0~rc2+xenial_amd64.deb', 'xusr': False, 'atime': 1574871316.571561, 'isdir': False, 'ctime': 1574871316.421561, 'isblk': False, 'xgrp': False, 'dev': 2049, 'wgrp': False, 'isfifo': False, 'mode': '0644', 'islnk': False})
    changed: [xenial-sd-app] => (item={'uid': 0, 'woth': False, 'mtime': 1574871165.716401, 'inode': 1588322, 'isgid': False, 'size': 1915725, 'roth': True, 'isuid': False, 'isreg': True, 'pw_name': 'root', 'gid': 0, 'ischr': False, 'wusr': True, 'xoth': False, 'rusr': True, 'nlink': 1, 'issock': False, 'rgrp': True, 'gr_name': 'root', 'path': '/tmp/securedrop-app-code_1.2.0~rc2+xenial.tar.gz', 'xusr': False, 'atime': 1574871165.736401, 'isdir': False, 'ctime': 1574871165.726401, 'isblk': False, 'xgrp': False, 'dev': 2049, 'wgrp': False, 'isfifo': False, 'mode': '0644', 'islnk': False})

    TASK [build-generic-pkg : Find any jinja templates] ****************************
    ok: [xenial-sd-app -> localhost]

    TASK [build-generic-pkg : Find any jinja templates] ****************************
    ok: [xenial-sd-app -> localhost]

    TASK [build-generic-pkg : Find any jinja templates] ****************************
    ok: [xenial-sd-app -> localhost]

    TASK [build-generic-pkg : Find any jinja templates] ****************************
    ok: [xenial-sd-app -> localhost]

    TASK [build-generic-pkg : Find any jinja templates] ****************************
    ok: [xenial-sd-app -> localhost]

    PLAY [Give dpkg verify container access to debs] *******************************

    TASK [Discover local debian build files] ***************************************
    ok: [xenial-sd-dpkg-verification -> localhost]

    TASK [Create build dir] ********************************************************
    ok: [xenial-sd-dpkg-verification]

    TASK [Drop debian files into container] ****************************************
    changed: [xenial-sd-dpkg-verification] => (item={'path': '/Users/redshiftzero/Documents/Github/securedrop-1.2.0-rc2/securedrop/build/xenial/securedrop-app-code_1.2.0~rc2+xenial_amd64.deb', 'mode': '0644', 'isdir': False, 'ischr': False, 'isblk': False, 'isreg': True, 'isfifo': False, 'islnk': False, 'issock': False, 'uid': 501, 'gid': 20, 'size': 12523766, 'inode': 26715283, 'dev': 16777220, 'nlink': 1, 'atime': 1574871322.1053646, 'mtime': 1574871321.849147, 'ctime': 1574871321.849147, 'gr_name': 'staff', 'pw_name': 'redshiftzero', 'wusr': True, 'rusr': True, 'xusr': False, 'wgrp': False, 'rgrp': True, 'xgrp': False, 'woth': False, 'roth': True, 'xoth': False, 'isuid': False, 'isgid': False})
    changed: [xenial-sd-dpkg-verification] => (item={'path': '/Users/redshiftzero/Documents/Github/securedrop-1.2.0-rc2/securedrop/build/xenial/ossec-server-3.0.0-amd64.deb', 'mode': '0644', 'isdir': False, 'ischr': False, 'isblk': False, 'isreg': True, 'isfifo': False, 'islnk': False, 'issock': False, 'uid': 501, 'gid': 20, 'size': 731192, 'inode': 26713939, 'dev': 16777220, 'nlink': 1, 'atime': 1574871142.0232947, 'mtime': 1574871141.7805736, 'ctime': 1574871141.7805736, 'gr_name': 'staff', 'pw_name': 'redshiftzero', 'wusr': True, 'rusr': True, 'xusr': False, 'wgrp': False, 'rgrp': True, 'xgrp': False, 'woth': False, 'roth': True, 'xoth': False, 'isuid': False, 'isgid': False})
    changed: [xenial-sd-dpkg-verification] => (item={'path': '/Users/redshiftzero/Documents/Github/securedrop-1.2.0-rc2/securedrop/build/xenial/securedrop-ossec-agent-3.0.0+1.2.0~rc2-amd64.deb', 'mode': '0644', 'isdir': False, 'ischr': False, 'isblk': False, 'isreg': True, 'isfifo': False, 'islnk': False, 'issock': False, 'uid': 501, 'gid': 20, 'size': 3546, 'inode': 26711695, 'dev': 16777220, 'nlink': 1, 'atime': 1574870943.8376217, 'mtime': 1574870943.5529497, 'ctime': 1574870943.5529497, 'gr_name': 'staff', 'pw_name': 'redshiftzero', 'wusr': True, 'rusr': True, 'xusr': False, 'wgrp': False, 'rgrp': True, 'xgrp': False, 'woth': False, 'roth': True, 'xoth': False, 'isuid': False, 'isgid': False})
    changed: [xenial-sd-dpkg-verification] => (item={'path': '/Users/redshiftzero/Documents/Github/securedrop-1.2.0-rc2/securedrop/build/xenial/ossec-agent-3.0.0-amd64.deb', 'mode': '0644', 'isdir': False, 'ischr': False, 'isblk': False, 'isreg': True, 'isfifo': False, 'islnk': False, 'issock': False, 'uid': 501, 'gid': 20, 'size': 369730, 'inode': 26713736, 'dev': 16777220, 'nlink': 1, 'atime': 1574871125.0183685, 'mtime': 1574871124.6043525, 'ctime': 1574871124.6043525, 'gr_name': 'staff', 'pw_name': 'redshiftzero', 'wusr': True, 'rusr': True, 'xusr': False, 'wgrp': False, 'rgrp': True, 'xgrp': False, 'woth': False, 'roth': True, 'xoth': False, 'isuid': False, 'isgid': False})
    changed: [xenial-sd-dpkg-verification] => (item={'path': '/Users/redshiftzero/Documents/Github/securedrop-1.2.0-rc2/securedrop/build/xenial/securedrop-ossec-server-3.0.0+1.2.0~rc2-amd64.deb', 'mode': '0644', 'isdir': False, 'ischr': False, 'isblk': False, 'isreg': True, 'isfifo': False, 'islnk': False, 'issock': False, 'uid': 501, 'gid': 20, 'size': 6594, 'inode': 26711644, 'dev': 16777220, 'nlink': 1, 'atime': 1574870941.8364716, 'mtime': 1574870941.1956065, 'ctime': 1574870941.1956065, 'gr_name': 'staff', 'pw_name': 'redshiftzero', 'wusr': True, 'rusr': True, 'xusr': False, 'wgrp': False, 'rgrp': True, 'xgrp': False, 'woth': False, 'roth': True, 'xoth': False, 'isuid': False, 'isgid': False})
    changed: [xenial-sd-dpkg-verification] => (item={'path': '/Users/redshiftzero/Documents/Github/securedrop-1.2.0-rc2/securedrop/build/xenial/securedrop-grsec-4.14.154-amd64.deb', 'mode': '0644', 'isdir': False, 'ischr': False, 'isblk': False, 'isreg': True, 'isfifo': False, 'islnk': False, 'issock': False, 'uid': 501, 'gid': 20, 'size': 2304, 'inode': 26712463, 'dev': 16777220, 'nlink': 1, 'atime': 1574870977.8407633, 'mtime': 1574870977.3720233, 'ctime': 1574870977.3720233, 'gr_name': 'staff', 'pw_name': 'redshiftzero', 'wusr': True, 'rusr': True, 'xusr': False, 'wgrp': False, 'rgrp': True, 'xgrp': False, 'woth': False, 'roth': True, 'xoth': False, 'isuid': False, 'isgid': False})
    changed: [xenial-sd-dpkg-verification] => (item={'path': '/Users/redshiftzero/Documents/Github/securedrop-1.2.0-rc2/securedrop/build/xenial/securedrop-keyring-0.1.3+1.2.0~rc2-amd64.deb', 'mode': '0644', 'isdir': False, 'ischr': False, 'isblk': False, 'isreg': True, 'isfifo': False, 'islnk': False, 'issock': False, 'uid': 501, 'gid': 20, 'size': 4740, 'inode': 26712783, 'dev': 16777220, 'nlink': 1, 'atime': 1574870991.2836475, 'mtime': 1574870990.0207355, 'ctime': 1574870990.0207355, 'gr_name': 'staff', 'pw_name': 'redshiftzero', 'wusr': True, 'rusr': True, 'xusr': False, 'wgrp': False, 'rgrp': True, 'xgrp': False, 'woth': False, 'roth': True, 'xoth': False, 'isuid': False, 'isgid': False})
    changed: [xenial-sd-dpkg-verification] => (item={'path': '/Users/redshiftzero/Documents/Github/securedrop-1.2.0-rc2/securedrop/build/xenial/securedrop-config-0.1.3+1.2.0~rc2-amd64.deb', 'mode': '0644', 'isdir': False, 'ischr': False, 'isblk': False, 'isreg': True, 'isfifo': False, 'islnk': False, 'issock': False, 'uid': 501, 'gid': 20, 'size': 2740, 'inode': 26712057, 'dev': 16777220, 'nlink': 1, 'atime': 1574870961.8387759, 'mtime': 1574870961.5233405, 'ctime': 1574870961.5233405, 'gr_name': 'staff', 'pw_name': 'redshiftzero', 'wusr': True, 'rusr': True, 'xusr': False, 'wgrp': False, 'rgrp': True, 'xgrp': False, 'woth': False, 'roth': True, 'xoth': False, 'isuid': False, 'isgid': False})

    PLAY RECAP *********************************************************************
    xenial-sd-app              : ok=29   changed=22   unreachable=0    failed=0
    xenial-sd-config           : ok=12   changed=3    unreachable=0    failed=0
    xenial-sd-dpkg-verification : ok=3    changed=1    unreachable=0    failed=0
    xenial-sd-generic-ossec-agent : ok=28   changed=20   unreachable=0    failed=0
    xenial-sd-generic-ossec-agent2 : ok=12   changed=3    unreachable=0    failed=0
    xenial-sd-generic-ossec-server : ok=28   changed=20   unreachable=0    failed=0
    xenial-sd-generic-ossec-server2 : ok=12   changed=3    unreachable=0    failed=0
    xenial-sd-grsec            : ok=14   changed=4    unreachable=0    failed=0
    xenial-sd-keyring          : ok=12   changed=3    unreachable=0    failed=0
    xenial-sd-sec-update       : ok=7    changed=0    unreachable=0    failed=0

--> Inventory /Users/redshiftzero/Documents/Github/securedrop-1.2.0-rc2/securedrop/molecule/builder-xenial/../../install_files/ansible-base/group_vars linked to /Users/redshiftzero/.cache/molecule/securedrop/builder-xenial/inventory/group_vars
--> Scenario: 'builder-xenial'
--> Action: 'verify'
--> Executing Testinfra tests found in /Users/redshiftzero/Documents/Github/securedrop-1.2.0-rc2/securedrop/molecule/builder-xenial/tests//...
    ============================= test session starts ==============================
    platform darwin -- Python 3.7.4, pytest-3.2.0, py-1.4.34, pluggy-0.4.0
    rootdir: /Users/redshiftzero/Documents/Github/securedrop-1.2.0-rc2/securedrop, inifile:
    plugins: testinfra-3.2.0, xdist-1.18.2
gw0 [224] / gw1 [224] / gw2 [224] / gw3 [224] / gw4 [224] / gw5 [224] / gw6 [224] / gw7 [224] / gw8 [224] / gw9 [224] / gw10 [224] / gw11 [224]
    scheduling tests via LoadScheduling
    F.......................................................................................................................................F...................................................................................X...
    =================================== FAILURES ===================================
    _________ test_ensure_no_updates_avail[docker://xenial-sd-sec-update] __________
    [gw0] darwin -- Python 3.7.4 /Users/redshiftzero/Documents/Github/securedrop-1.2.0-rc2/securedrop/.venv/bin/python3.7

    host = <testinfra.host.Host object at 0x10a0bb050>

        def test_ensure_no_updates_avail(host):
            """
                Test to make sure that there are no security-updates in the
                base builder container.
            """

            # Filter out all the security repos to their own file
            # without this change all the package updates appeared as if they were
            # coming from normal ubuntu update channel (since they get posted to both)
            host.run('egrep "^deb.*security" /etc/apt/sources.list > /tmp/sec.list')

            dist_upgrade_simulate = host.run('apt-get -s dist-upgrade '
                                             '-oDir::Etc::Sourcelist=/tmp/sec.list '
                                             '|grep "^Inst" |grep -i security')

            # If the grep was successful that means security package updates found
            # otherwise we get a non-zero exit code so no updates needed.
    >       assert dist_upgrade_simulate.rc != 0
    E       assert 0 != 0
    E        +  where 0 = CommandResult(command=b'apt-get -s dist-upgrade -oDir::Etc::Sourcelist=/tmp/sec.list |grep "^Inst" |grep -i security',...)\nInst ruby2.3 [2.3.1-2~ubuntu16.04.13] (2.3.1-2~ubuntu16.04.14 Ubuntu:16.04/xenial-security [amd64])\n', stderr=None).rc

    tests/test_security_updates.py:25: AssertionError
     test_deb_package_contains_expected_conffiles[docker://xenial-sd-dpkg-verification-/tmp/build/securedrop-app-code_1.2.0~rc2+xenial_amd64.deb]
    [gw3] darwin -- Python 3.7.4 /Users/redshiftzero/Documents/Github/securedrop-1.2.0-rc2/securedrop/.venv/bin/python3.7

    host = <testinfra.host.Host object at 0x106b3c8d0>
    deb = '/tmp/build/securedrop-app-code_1.2.0~rc2+xenial_amd64.deb'

        @pytest.mark.parametrize("deb", deb_packages)
        def test_deb_package_contains_expected_conffiles(host, deb):
            """
            Ensures the `securedrop-app-code` package declares only whitelisted
            `conffiles`. Several files in `/etc/` would automatically be marked
            conffiles, which would break unattended updates to critical package
            functionality such as AppArmor profiles. This test validates overrides
            in the build logic to unset those conffiles.
            """
            deb_package = host.file(deb.format(
                securedrop_test_vars.securedrop_version))

            # For the securedrop-app-code package:
            if "securedrop-app-code" in deb_package.path:
                tmpdir = tempfile.mkdtemp()
                # The `--raw-extract` flag includes `DEBIAN/` dir with control files
                host.run("dpkg-deb --raw-extract {} {}".format(deb, tmpdir))
                conffiles_path = os.path.join(tmpdir, "DEBIAN", "conffiles")
                f = host.file(conffiles_path)

    >           assert f.is_file
    E           assert False
    E            +  where False = <file /var/folders/gv/2r10zvfj303fyd5_6yn_p0b80000gn/T/tmphouvwi9g/DEBIAN/conffiles>.is_file

    tests/test_securedrop_deb_package.py:252: AssertionError
    =============== 2 failed, 221 passed, 1 xpassed in 55.73 seconds ===============
An error occurred during the test sequence action: 'verify'. Cleaning up.
--> Inventory /Users/redshiftzero/Documents/Github/securedrop-1.2.0-rc2/securedrop/molecule/builder-xenial/../../install_files/ansible-base/group_vars linked to /Users/redshiftzero/.cache/molecule/securedrop/builder-xenial/inventory/group_vars
--> Scenario: 'builder-xenial'
--> Action: 'cleanup'
Skipping, cleanup playbook not configured.
--> Inventory /Users/redshiftzero/Documents/Github/securedrop-1.2.0-rc2/securedrop/molecule/builder-xenial/../../install_files/ansible-base/group_vars linked to /Users/redshiftzero/.cache/molecule/securedrop/builder-xenial/inventory/group_vars
--> Scenario: 'builder-xenial'
--> Action: 'destroy'

    PLAY [Destroy] *****************************************************************

    TASK [Destroy molecule instance(s)] ********************************************
    changed: [localhost] => (item={'name': 'xenial-sd-app', 'groups': ['builders']})
    changed: [localhost] => (item={'name': 'xenial-sd-generic-ossec-agent', 'groups': ['builders']})
    changed: [localhost] => (item={'name': 'xenial-sd-generic-ossec-server', 'groups': ['builders']})
    changed: [localhost] => (item={'name': 'xenial-sd-generic-ossec-agent2', 'groups': ['builders']})
    changed: [localhost] => (item={'name': 'xenial-sd-generic-ossec-server2', 'groups': ['builders']})
    changed: [localhost] => (item={'name': 'xenial-sd-grsec', 'groups': ['builders']})
    changed: [localhost] => (item={'name': 'xenial-sd-config', 'groups': ['builders']})
    changed: [localhost] => (item={'name': 'xenial-sd-keyring', 'groups': ['builders']})
    changed: [localhost] => (item={'name': 'xenial-sd-sec-update', 'groups': ['builders']})
    changed: [localhost] => (item={'name': 'xenial-sd-dpkg-verification', 'groups': ['testers']})

    PLAY RECAP *********************************************************************
    localhost                  : ok=1    changed=1    unreachable=0    failed=0

--> Pruning extra files from scenario ephemeral directory
make: *** [build-debs] Error 1
(.venv) $ shasum -a 256 build/xenial/*
cae7bedc5b9ad497d6c3d2e1996f49fbb8e06f31ca90abff625ae849dfa3b8f0  build/xenial/ossec-agent-3.0.0-amd64.deb
f123e59ef7beb77d4ed7b5707d6206dd4571df2ed3e3410456db16c953c75c7d  build/xenial/ossec-server-3.0.0-amd64.deb
f64ba9e923e5beb526074d687b90a069da6fc6b79cc3606d4005d181ef0e89ba  build/xenial/securedrop-app-code_1.2.0~rc2+xenial.tar.gz
f8bbbfb258225c9bdb4a69c558e4fa85a165b7c02b29c8870d18373134d3933c  build/xenial/securedrop-app-code_1.2.0~rc2+xenial_amd64.deb
ccc4ff75103991d77164103ab9ac3e35336f1e25a35109ccb6cd8b83c63f5161  build/xenial/securedrop-config-0.1.3+1.2.0~rc2-amd64.deb
b3da29e709c2c20aefe45f6bd79631256b382a1501ad9d8c72c7a8ea939c490b  build/xenial/securedrop-grsec-4.14.154-amd64.deb
097fbb99ff65c2e12fd47ae50176ee232058d42a5aac0783e226dd3c21ccd03e  build/xenial/securedrop-keyring-0.1.3+1.2.0~rc2-amd64.deb
3e0cd238bfe4e3ba0333d47d2ec166e5328f42f9340139fed0f31a1cb7bf8333  build/xenial/securedrop-ossec-agent-3.0.0+1.2.0~rc2-amd64.deb
fd8b0cbbb823b2ae17e2046e7e4eef4ba849737ab31f5bb041d3158209f6b3e6  build/xenial/securedrop-ossec-server-3.0.0+1.2.0~rc2-amd64.deb
