(securedrop) user@builder-disposable:~/securedrop$ git tag -v 1.6.0
object 001891cc5d710a76317947f304df98952f65334c
type commit
tag 1.6.0
tagger mickael e <mickael@freedom.press> 1602079929 -0400

SecureDrop 1.6.0
gpg: Signature made Wed 07 Oct 2020 01:06:17 PM EDT
gpg:                using RSA key 22245C81E3BAEB4138B36061310F561200F4AD77
gpg: Good signature from "SecureDrop Release Signing Key <securedrop-release-key@freedom.press>" [unknown]
gpg: WARNING: This key is not certified with a trusted signature!
gpg:          There is no indication that the signature belongs to the owner.
Primary key fingerprint: 2224 5C81 E3BA EB41 38B3  6061 310F 5612 00F4 AD77
(securedrop) user@builder-disposable:~/securedrop$ git checkout 1.6.0
Note: checking out '1.6.0'.

You are in 'detached HEAD' state. You can look around, make experimental
changes and commit them, and you can discard any commits you make in this
state without impacting any branches by performing another checkout.

If you want to create a new branch to retain commits you create, you may
do so (now or later) by using -b with the checkout command again. Example:

  git checkout -b <new-branch-name>

HEAD is now at 001891cc5 SecureDrop 1.6.0
(securedrop) user@builder-disposable:~/securedrop$ git status
HEAD detached at 1.6.0
nothing to commit, working tree clean
(securedrop) user@builder-disposable:~/securedrop$ pip install --require-hashes --no-deps -r securedrop/requirements/python3/develop-requirements.txt 
Requirement already satisfied: alabaster==0.7.10 in /home/user/.virtualenvs/securedrop/lib/python3.7/site-packages (from -r securedrop/requirements/python3/develop-requirements.txt (line 7)) (0.7.10)
Requirement already satisfied: ansible-lint==4.1.0 in /home/user/.virtualenvs/securedrop/lib/python3.7/site-packages (from -r securedrop/requirements/python3/develop-requirements.txt (line 11)) (4.1.0)
Requirement already satisfied: ansible==2.9.7 in /home/user/.virtualenvs/securedrop/lib/python3.7/site-packages (from -r securedrop/requirements/python3/develop-requirements.txt (line 15)) (2.9.7)
Requirement already satisfied: anyconfig==0.9.7 in /home/user/.virtualenvs/securedrop/lib/python3.7/site-packages (from -r securedrop/requirements/python3/develop-requirements.txt (line 18)) (0.9.7)
Requirement already satisfied: apipkg==1.4 in /home/user/.virtualenvs/securedrop/lib/python3.7/site-packages (from -r securedrop/requirements/python3/develop-requirements.txt (line 21)) (1.4)
Requirement already satisfied: argh==0.26.2 in /home/user/.virtualenvs/securedrop/lib/python3.7/site-packages (from -r securedrop/requirements/python3/develop-requirements.txt (line 25)) (0.26.2)
Collecting argon2-cffi==20.1.0 (from -r securedrop/requirements/python3/develop-requirements.txt (line 29))
  Downloading https://files.pythonhosted.org/packages/e0/d7/5da06217807106ed6d7b4f5ccb8ec5e3f9ec969217faad4b5d1af0b55101/argon2_cffi-20.1.0-cp35-abi3-manylinux1_x86_64.whl (97kB)
     |████████████████████████████████| 102kB 1.9MB/s 
Requirement already satisfied: arrow==0.10.0 in /home/user/.virtualenvs/securedrop/lib/python3.7/site-packages (from -r securedrop/requirements/python3/develop-requirements.txt (line 47)) (0.10.0)
Requirement already satisfied: asn1crypto==0.22.0 in /home/user/.virtualenvs/securedrop/lib/python3.7/site-packages (from -r securedrop/requirements/python3/develop-requirements.txt (line 50)) (0.22.0)
Requirement already satisfied: aspy.yaml==1.3.0 in /home/user/.virtualenvs/securedrop/lib/python3.7/site-packages (from -r securedrop/requirements/python3/develop-requirements.txt (line 54)) (1.3.0)
Requirement already satisfied: astroid==2.4.0 in /home/user/.virtualenvs/securedrop/lib/python3.7/site-packages (from -r securedrop/requirements/python3/develop-requirements.txt (line 58)) (2.4.0)
Requirement already satisfied: babel==2.4.0 in /home/user/.virtualenvs/securedrop/lib/python3.7/site-packages (from -r securedrop/requirements/python3/develop-requirements.txt (line 62)) (2.4.0)
Requirement already satisfied: bandit==1.4.0 in /home/user/.virtualenvs/securedrop/lib/python3.7/site-packages (from -r securedrop/requirements/python3/develop-requirements.txt (line 66)) (1.4.0)
Requirement already satisfied: bcrypt==3.1.3 in /home/user/.virtualenvs/securedrop/lib/python3.7/site-packages (from -r securedrop/requirements/python3/develop-requirements.txt (line 70)) (3.1.3)
Requirement already satisfied: binaryornot==0.4.4 in /home/user/.virtualenvs/securedrop/lib/python3.7/site-packages (from -r securedrop/requirements/python3/develop-requirements.txt (line 108)) (0.4.4)
Requirement already satisfied: boto3==1.5.24 in /home/user/.virtualenvs/securedrop/lib/python3.7/site-packages (from -r securedrop/requirements/python3/develop-requirements.txt (line 112)) (1.5.24)
Requirement already satisfied: boto==2.48.0 in /home/user/.virtualenvs/securedrop/lib/python3.7/site-packages (from -r securedrop/requirements/python3/develop-requirements.txt (line 116)) (2.48.0)
Requirement already satisfied: botocore==1.8.38 in /home/user/.virtualenvs/securedrop/lib/python3.7/site-packages (from -r securedrop/requirements/python3/develop-requirements.txt (line 120)) (1.8.38)
Requirement already satisfied: cerberus==1.3.1 in /home/user/.virtualenvs/securedrop/lib/python3.7/site-packages (from -r securedrop/requirements/python3/develop-requirements.txt (line 124)) (1.3.1)
Requirement already satisfied: certifi==2017.7.27.1 in /home/user/.virtualenvs/securedrop/lib/python3.7/site-packages (from -r securedrop/requirements/python3/develop-requirements.txt (line 127)) (2017.7.27.1)
Collecting cffi==1.14.2 (from -r securedrop/requirements/python3/develop-requirements.txt (line 131))
  Downloading https://files.pythonhosted.org/packages/ad/82/cc3e38b7859e1426d7c004503962074317f3ccbd46adbef5b8094c9688c3/cffi-1.14.2-cp37-cp37m-manylinux1_x86_64.whl (401kB)
     |████████████████████████████████| 409kB 6.1MB/s 
Requirement already satisfied: cfgv==2.0.1 in /home/user/.virtualenvs/securedrop/lib/python3.7/site-packages (from -r securedrop/requirements/python3/develop-requirements.txt (line 161)) (2.0.1)
Requirement already satisfied: chardet==3.0.4 in /home/user/.virtualenvs/securedrop/lib/python3.7/site-packages (from -r securedrop/requirements/python3/develop-requirements.txt (line 165)) (3.0.4)
Requirement already satisfied: click-completion==0.3.1 in /home/user/.virtualenvs/securedrop/lib/python3.7/site-packages (from -r securedrop/requirements/python3/develop-requirements.txt (line 169)) (0.3.1)
Collecting click==7.1.2 (from -r securedrop/requirements/python3/develop-requirements.txt (line 172))
  Downloading https://files.pythonhosted.org/packages/d2/3d/fa76db83bf75c4f8d338c2fd15c8d33fdd7ad23a9b5e57eb6c5de26b430e/click-7.1.2-py2.py3-none-any.whl (82kB)
     |████████████████████████████████| 92kB 9.2MB/s 
Requirement already satisfied: colorama==0.3.9 in /home/user/.virtualenvs/securedrop/lib/python3.7/site-packages (from -r securedrop/requirements/python3/develop-requirements.txt (line 176)) (0.3.9)
Requirement already satisfied: cookiecutter==1.6.0 in /home/user/.virtualenvs/securedrop/lib/python3.7/site-packages (from -r securedrop/requirements/python3/develop-requirements.txt (line 180)) (1.6.0)
Requirement already satisfied: cryptography==2.7 in /home/user/.virtualenvs/securedrop/lib/python3.7/site-packages (from -r securedrop/requirements/python3/develop-requirements.txt (line 184)) (2.7)
Requirement already satisfied: dnspython==1.15.0 in /home/user/.virtualenvs/securedrop/lib/python3.7/site-packages (from -r securedrop/requirements/python3/develop-requirements.txt (line 202)) (1.15.0)
Requirement already satisfied: docker-py==1.10.6 in /home/user/.virtualenvs/securedrop/lib/python3.7/site-packages (from -r securedrop/requirements/python3/develop-requirements.txt (line 206)) (1.10.6)
Requirement already satisfied: docker-pycreds==0.2.1 in /home/user/.virtualenvs/securedrop/lib/python3.7/site-packages (from -r securedrop/requirements/python3/develop-requirements.txt (line 210)) (0.2.1)
Requirement already satisfied: docopt==0.6.2 in /home/user/.virtualenvs/securedrop/lib/python3.7/site-packages (from -r securedrop/requirements/python3/develop-requirements.txt (line 214)) (0.6.2)
Requirement already satisfied: docutils==0.14 in /home/user/.virtualenvs/securedrop/lib/python3.7/site-packages (from -r securedrop/requirements/python3/develop-requirements.txt (line 217)) (0.14)
Requirement already satisfied: dparse==0.4.1 in /home/user/.virtualenvs/securedrop/lib/python3.7/site-packages (from -r securedrop/requirements/python3/develop-requirements.txt (line 222)) (0.4.1)
Requirement already satisfied: entrypoints==0.3 in /home/user/.virtualenvs/securedrop/lib/python3.7/site-packages (from -r securedrop/requirements/python3/develop-requirements.txt (line 226)) (0.3)
Requirement already satisfied: execnet==1.4.1 in /home/user/.virtualenvs/securedrop/lib/python3.7/site-packages (from -r securedrop/requirements/python3/develop-requirements.txt (line 230)) (1.4.1)
Requirement already satisfied: fasteners==0.14.1 in /home/user/.virtualenvs/securedrop/lib/python3.7/site-packages (from -r securedrop/requirements/python3/develop-requirements.txt (line 234)) (0.14.1)
Requirement already satisfied: flake8==3.7.7 in /home/user/.virtualenvs/securedrop/lib/python3.7/site-packages (from -r securedrop/requirements/python3/develop-requirements.txt (line 238)) (3.7.7)
Requirement already satisfied: future==0.16.0 in /home/user/.virtualenvs/securedrop/lib/python3.7/site-packages (from -r securedrop/requirements/python3/develop-requirements.txt (line 242)) (0.16.0)
Requirement already satisfied: git-url-parse==1.0.2 in /home/user/.virtualenvs/securedrop/lib/python3.7/site-packages (from -r securedrop/requirements/python3/develop-requirements.txt (line 245)) (1.0.2)
Requirement already satisfied: gitdb2==2.0.3 in /home/user/.virtualenvs/securedrop/lib/python3.7/site-packages (from -r securedrop/requirements/python3/develop-requirements.txt (line 250)) (2.0.3)
Requirement already satisfied: gitpython==2.1.8 in /home/user/.virtualenvs/securedrop/lib/python3.7/site-packages (from -r securedrop/requirements/python3/develop-requirements.txt (line 254)) (2.1.8)
Requirement already satisfied: html-linter==0.4.0 in /home/user/.virtualenvs/securedrop/lib/python3.7/site-packages (from -r securedrop/requirements/python3/develop-requirements.txt (line 258)) (0.4.0)
Requirement already satisfied: identify==1.4.7 in /home/user/.virtualenvs/securedrop/lib/python3.7/site-packages (from -r securedrop/requirements/python3/develop-requirements.txt (line 261)) (1.4.7)
Requirement already satisfied: idna==2.5 in /home/user/.virtualenvs/securedrop/lib/python3.7/site-packages (from -r securedrop/requirements/python3/develop-requirements.txt (line 265)) (2.5)
Requirement already satisfied: imagesize==0.7.1 in /home/user/.virtualenvs/securedrop/lib/python3.7/site-packages (from -r securedrop/requirements/python3/develop-requirements.txt (line 269)) (0.7.1)
Requirement already satisfied: importlib-metadata==0.23 in /home/user/.virtualenvs/securedrop/lib/python3.7/site-packages (from -r securedrop/requirements/python3/develop-requirements.txt (line 273)) (0.23)
Collecting importlib-resources==1.5.0 (from -r securedrop/requirements/python3/develop-requirements.txt (line 277))
  Downloading https://files.pythonhosted.org/packages/7f/2d/88f166bcaadc09d9fdbf1c336ad118e01b7fe1155e15675e125be2ff1899/importlib_resources-1.5.0-py2.py3-none-any.whl
Requirement already satisfied: isort==4.2.15 in /home/user/.virtualenvs/securedrop/lib/python3.7/site-packages (from -r securedrop/requirements/python3/develop-requirements.txt (line 281)) (4.2.15)
Requirement already satisfied: jinja2-time==0.2.0 in /home/user/.virtualenvs/securedrop/lib/python3.7/site-packages (from -r securedrop/requirements/python3/develop-requirements.txt (line 285)) (0.2.0)
Requirement already satisfied: jinja2==2.10.1 in /home/user/.virtualenvs/securedrop/lib/python3.7/site-packages (from -r securedrop/requirements/python3/develop-requirements.txt (line 289)) (2.10.1)
Requirement already satisfied: jmespath==0.9.3 in /home/user/.virtualenvs/securedrop/lib/python3.7/site-packages (from -r securedrop/requirements/python3/develop-requirements.txt (line 293)) (0.9.3)
Requirement already satisfied: lazy-object-proxy==1.4.3 in /home/user/.virtualenvs/securedrop/lib/python3.7/site-packages (from -r securedrop/requirements/python3/develop-requirements.txt (line 297)) (1.4.3)
Requirement already satisfied: livereload==2.5.1 in /home/user/.virtualenvs/securedrop/lib/python3.7/site-packages (from -r securedrop/requirements/python3/develop-requirements.txt (line 320)) (2.5.1)
Requirement already satisfied: markupsafe==1.1.1 in /home/user/.virtualenvs/securedrop/lib/python3.7/site-packages (from -r securedrop/requirements/python3/develop-requirements.txt (line 324)) (1.1.1)
Requirement already satisfied: mccabe==0.6.1 in /home/user/.virtualenvs/securedrop/lib/python3.7/site-packages (from -r securedrop/requirements/python3/develop-requirements.txt (line 359)) (0.6.1)
Requirement already satisfied: molecule==2.22 in /home/user/.virtualenvs/securedrop/lib/python3.7/site-packages (from -r securedrop/requirements/python3/develop-requirements.txt (line 363)) (2.22)
Requirement already satisfied: monotonic==1.4 in /home/user/.virtualenvs/securedrop/lib/python3.7/site-packages (from -r securedrop/requirements/python3/develop-requirements.txt (line 367)) (1.4)
Requirement already satisfied: more-itertools==7.2.0 in /home/user/.virtualenvs/securedrop/lib/python3.7/site-packages (from -r securedrop/requirements/python3/develop-requirements.txt (line 371)) (7.2.0)
Requirement already satisfied: mypy-extensions==0.4.3 in /home/user/.virtualenvs/securedrop/lib/python3.7/site-packages (from -r securedrop/requirements/python3/develop-requirements.txt (line 375)) (0.4.3)
Requirement already satisfied: mypy==0.761 in /home/user/.virtualenvs/securedrop/lib/python3.7/site-packages (from -r securedrop/requirements/python3/develop-requirements.txt (line 379)) (0.761)
Requirement already satisfied: netaddr==0.7.19 in /home/user/.virtualenvs/securedrop/lib/python3.7/site-packages (from -r securedrop/requirements/python3/develop-requirements.txt (line 395)) (0.7.19)
Requirement already satisfied: nodeenv==1.3.3 in /home/user/.virtualenvs/securedrop/lib/python3.7/site-packages (from -r securedrop/requirements/python3/develop-requirements.txt (line 399)) (1.3.3)
Requirement already satisfied: packaging==16.8 in /home/user/.virtualenvs/securedrop/lib/python3.7/site-packages (from -r securedrop/requirements/python3/develop-requirements.txt (line 402)) (16.8)
Requirement already satisfied: paramiko==2.6.0 in /home/user/.virtualenvs/securedrop/lib/python3.7/site-packages (from -r securedrop/requirements/python3/develop-requirements.txt (line 406)) (2.6.0)
Requirement already satisfied: pathspec==0.5.5 in /home/user/.virtualenvs/securedrop/lib/python3.7/site-packages (from -r securedrop/requirements/python3/develop-requirements.txt (line 410)) (0.5.5)
Requirement already satisfied: pathtools==0.1.2 in /home/user/.virtualenvs/securedrop/lib/python3.7/site-packages (from -r securedrop/requirements/python3/develop-requirements.txt (line 413)) (0.1.2)
Requirement already satisfied: pbr==5.1.1 in /home/user/.virtualenvs/securedrop/lib/python3.7/site-packages (from -r securedrop/requirements/python3/develop-requirements.txt (line 416)) (5.1.1)
Requirement already satisfied: pexpect==4.6.0 in /home/user/.virtualenvs/securedrop/lib/python3.7/site-packages (from -r securedrop/requirements/python3/develop-requirements.txt (line 420)) (4.6.0)
Collecting pip-tools==4.5.1 (from -r securedrop/requirements/python3/develop-requirements.txt (line 424))
  Downloading https://files.pythonhosted.org/packages/94/8f/59495d651f3ced9b06b69545756a27296861a6edd6c5709fbe1265ed9032/pip_tools-4.5.1-py2.py3-none-any.whl (41kB)
     |████████████████████████████████| 51kB 30.6MB/s 
Requirement already satisfied: port_for==0.3.1 in /home/user/.virtualenvs/securedrop/lib/python3.7/site-packages (from -r securedrop/requirements/python3/develop-requirements.txt (line 428)) (0.3.1)
Requirement already satisfied: poyo==0.4.1 in /home/user/.virtualenvs/securedrop/lib/python3.7/site-packages (from -r securedrop/requirements/python3/develop-requirements.txt (line 431)) (0.4.1)
Requirement already satisfied: pre-commit==1.18.3 in /home/user/.virtualenvs/securedrop/lib/python3.7/site-packages (from -r securedrop/requirements/python3/develop-requirements.txt (line 435)) (1.18.3)
Requirement already satisfied: prompt_toolkit==2.0.9 in /home/user/.virtualenvs/securedrop/lib/python3.7/site-packages (from -r securedrop/requirements/python3/develop-requirements.txt (line 439)) (2.0.9)
Requirement already satisfied: psutil==5.7.0 in /home/user/.virtualenvs/securedrop/lib/python3.7/site-packages (from -r securedrop/requirements/python3/develop-requirements.txt (line 444)) (5.7.0)
Requirement already satisfied: ptyprocess==0.5.2 in /home/user/.virtualenvs/securedrop/lib/python3.7/site-packages (from -r securedrop/requirements/python3/develop-requirements.txt (line 457)) (0.5.2)
Requirement already satisfied: py==1.4.34 in /home/user/.virtualenvs/securedrop/lib/python3.7/site-packages (from -r securedrop/requirements/python3/develop-requirements.txt (line 461)) (1.4.34)
Requirement already satisfied: pycodestyle==2.5.0 in /home/user/.virtualenvs/securedrop/lib/python3.7/site-packages (from -r securedrop/requirements/python3/develop-requirements.txt (line 465)) (2.5.0)
Requirement already satisfied: pycparser==2.18 in /home/user/.virtualenvs/securedrop/lib/python3.7/site-packages (from -r securedrop/requirements/python3/develop-requirements.txt (line 469)) (2.18)
Requirement already satisfied: pyenchant==2.0.0 in /home/user/.virtualenvs/securedrop/lib/python3.7/site-packages (from -r securedrop/requirements/python3/develop-requirements.txt (line 472)) (2.0.0)
Requirement already satisfied: pyflakes==2.1.1 in /home/user/.virtualenvs/securedrop/lib/python3.7/site-packages (from -r securedrop/requirements/python3/develop-requirements.txt (line 477)) (2.1.1)
Collecting pygments==2.6.1 (from -r securedrop/requirements/python3/develop-requirements.txt (line 481))
  Downloading https://files.pythonhosted.org/packages/2d/68/106af3ae51daf807e9cdcba6a90e518954eb8b70341cee52995540a53ead/Pygments-2.6.1-py3-none-any.whl (914kB)
     |████████████████████████████████| 921kB 11.3MB/s 
Requirement already satisfied: pylint==2.5.0 in /home/user/.virtualenvs/securedrop/lib/python3.7/site-packages (from -r securedrop/requirements/python3/develop-requirements.txt (line 485)) (2.5.0)
Requirement already satisfied: pynacl==1.1.2 in /home/user/.virtualenvs/securedrop/lib/python3.7/site-packages (from -r securedrop/requirements/python3/develop-requirements.txt (line 489)) (1.1.2)
Requirement already satisfied: pyparsing==2.2.0 in /home/user/.virtualenvs/securedrop/lib/python3.7/site-packages (from -r securedrop/requirements/python3/develop-requirements.txt (line 519)) (2.2.0)
Requirement already satisfied: pytest-xdist==1.18.2 in /home/user/.virtualenvs/securedrop/lib/python3.7/site-packages (from -r securedrop/requirements/python3/develop-requirements.txt (line 523)) (1.18.2)
Requirement already satisfied: pytest==3.2.0 in /home/user/.virtualenvs/securedrop/lib/python3.7/site-packages (from -r securedrop/requirements/python3/develop-requirements.txt (line 526)) (3.2.0)
Requirement already satisfied: python-dateutil==2.6.1 in /home/user/.virtualenvs/securedrop/lib/python3.7/site-packages (from -r securedrop/requirements/python3/develop-requirements.txt (line 530)) (2.6.1)
Requirement already satisfied: python-gilt==1.2.1 in /home/user/.virtualenvs/securedrop/lib/python3.7/site-packages (from -r securedrop/requirements/python3/develop-requirements.txt (line 534)) (1.2.1)
Requirement already satisfied: python-vagrant==0.5.15 in /home/user/.virtualenvs/securedrop/lib/python3.7/site-packages (from -r securedrop/requirements/python3/develop-requirements.txt (line 539)) (0.5.15)
Requirement already satisfied: pytz==2017.2 in /home/user/.virtualenvs/securedrop/lib/python3.7/site-packages (from -r securedrop/requirements/python3/develop-requirements.txt (line 541)) (2017.2)
Requirement already satisfied: pyyaml==5.3.1 in /home/user/.virtualenvs/securedrop/lib/python3.7/site-packages (from -r securedrop/requirements/python3/develop-requirements.txt (line 545)) (5.3.1)
Requirement already satisfied: requests==2.22.0 in /home/user/.virtualenvs/securedrop/lib/python3.7/site-packages (from -r securedrop/requirements/python3/develop-requirements.txt (line 558)) (2.22.0)
Collecting ruamel.yaml.clib==0.2.0 (from -r securedrop/requirements/python3/develop-requirements.txt (line 562))
  Downloading https://files.pythonhosted.org/packages/40/80/da16b691d5e259dd9919a10628e541fca321cb4b078fbb88e1c7c22aa42d/ruamel.yaml.clib-0.2.0-cp37-cp37m-manylinux1_x86_64.whl (547kB)
     |████████████████████████████████| 552kB 12.7MB/s 
Collecting ruamel.yaml==0.16.10 (from -r securedrop/requirements/python3/develop-requirements.txt (line 583))
  Downloading https://files.pythonhosted.org/packages/a6/92/59af3e38227b9cc14520bf1e59516d99ceca53e3b8448094248171e9432b/ruamel.yaml-0.16.10-py2.py3-none-any.whl (111kB)
     |████████████████████████████████| 112kB 13.8MB/s 
Requirement already satisfied: s3transfer==0.1.12 in /home/user/.virtualenvs/securedrop/lib/python3.7/site-packages (from -r securedrop/requirements/python3/develop-requirements.txt (line 587)) (0.1.12)
Requirement already satisfied: safety==1.8.7 in /home/user/.virtualenvs/securedrop/lib/python3.7/site-packages (from -r securedrop/requirements/python3/develop-requirements.txt (line 591)) (1.8.7)
Requirement already satisfied: sh==1.12.14 in /home/user/.virtualenvs/securedrop/lib/python3.7/site-packages (from -r securedrop/requirements/python3/develop-requirements.txt (line 595)) (1.12.14)
Collecting six==1.15.0 (from -r securedrop/requirements/python3/develop-requirements.txt (line 599))
  Downloading https://files.pythonhosted.org/packages/ee/ff/48bde5c0f013094d729fe4b0316ba2a24774b3ff1c52d924a8a4cb04078a/six-1.15.0-py2.py3-none-any.whl
Requirement already satisfied: smmap2==2.0.3 in /home/user/.virtualenvs/securedrop/lib/python3.7/site-packages (from -r securedrop/requirements/python3/develop-requirements.txt (line 603)) (2.0.3)
Requirement already satisfied: snowballstemmer==1.2.1 in /home/user/.virtualenvs/securedrop/lib/python3.7/site-packages (from -r securedrop/requirements/python3/develop-requirements.txt (line 607)) (1.2.1)
Requirement already satisfied: sphinx-autobuild==0.7.1 in /home/user/.virtualenvs/securedrop/lib/python3.7/site-packages (from -r securedrop/requirements/python3/develop-requirements.txt (line 611)) (0.7.1)
Collecting sphinx-rtd-theme==0.4.3 (from -r securedrop/requirements/python3/develop-requirements.txt (line 614))
  Downloading https://files.pythonhosted.org/packages/60/b4/4df37087a1d36755e3a3bfd2a30263f358d2dea21938240fa02313d45f51/sphinx_rtd_theme-0.4.3-py2.py3-none-any.whl (6.4MB)
     |████████████████████████████████| 6.4MB 4.8MB/s 
Collecting sphinx==3.0.4 (from -r securedrop/requirements/python3/develop-requirements.txt (line 617))
  Downloading https://files.pythonhosted.org/packages/68/d8/9427c623d22145a4b520de9d5cacb4089ef2bfb8d0016eedf6f396e7ac86/Sphinx-3.0.4-py3-none-any.whl (2.8MB)
     |████████████████████████████████| 2.8MB 11.7MB/s 
Collecting sphinxcontrib-applehelp==1.0.2 (from -r securedrop/requirements/python3/develop-requirements.txt (line 620))
  Downloading https://files.pythonhosted.org/packages/dc/47/86022665a9433d89a66f5911b558ddff69861766807ba685de2e324bd6ed/sphinxcontrib_applehelp-1.0.2-py2.py3-none-any.whl (121kB)
     |████████████████████████████████| 122kB 12.7MB/s 
Collecting sphinxcontrib-devhelp==1.0.2 (from -r securedrop/requirements/python3/develop-requirements.txt (line 624))
  Downloading https://files.pythonhosted.org/packages/c5/09/5de5ed43a521387f18bdf5f5af31d099605c992fd25372b2b9b825ce48ee/sphinxcontrib_devhelp-1.0.2-py2.py3-none-any.whl (84kB)
     |████████████████████████████████| 92kB 1.9MB/s 
Collecting sphinxcontrib-htmlhelp==1.0.3 (from -r securedrop/requirements/python3/develop-requirements.txt (line 628))
  Downloading https://files.pythonhosted.org/packages/36/62/8222554b29b3acde8420128d6d3999c5904d40922ef4b6ccb370e2be7421/sphinxcontrib_htmlhelp-1.0.3-py2.py3-none-any.whl (96kB)
     |████████████████████████████████| 102kB 17.9MB/s 
Collecting sphinxcontrib-jsmath==1.0.1 (from -r securedrop/requirements/python3/develop-requirements.txt (line 632))
  Downloading https://files.pythonhosted.org/packages/c2/42/4c8646762ee83602e3fb3fbe774c2fac12f317deb0b5dbeeedd2d3ba4b77/sphinxcontrib_jsmath-1.0.1-py2.py3-none-any.whl
Collecting sphinxcontrib-qthelp==1.0.3 (from -r securedrop/requirements/python3/develop-requirements.txt (line 636))
  Downloading https://files.pythonhosted.org/packages/2b/14/05f9206cf4e9cfca1afb5fd224c7cd434dcc3a433d6d9e4e0264d29c6cdb/sphinxcontrib_qthelp-1.0.3-py2.py3-none-any.whl (90kB)
     |████████████████████████████████| 92kB 9.0MB/s 
Collecting sphinxcontrib-serializinghtml==1.1.4 (from -r securedrop/requirements/python3/develop-requirements.txt (line 640))
  Downloading https://files.pythonhosted.org/packages/9a/ca/bfad79b79b3821d0c6361c431f0ef4aec16ee248338b2c2013008b34d345/sphinxcontrib_serializinghtml-1.1.4-py2.py3-none-any.whl (89kB)
     |████████████████████████████████| 92kB 10.2MB/s 
Requirement already satisfied: stevedore==1.28.0 in /home/user/.virtualenvs/securedrop/lib/python3.7/site-packages (from -r securedrop/requirements/python3/develop-requirements.txt (line 644)) (1.28.0)
Requirement already satisfied: tabulate==0.8.3 in /home/user/.virtualenvs/securedrop/lib/python3.7/site-packages (from -r securedrop/requirements/python3/develop-requirements.txt (line 648)) (0.8.3)
Requirement already satisfied: template-remover==0.1.9 in /home/user/.virtualenvs/securedrop/lib/python3.7/site-packages (from -r securedrop/requirements/python3/develop-requirements.txt (line 651)) (0.1.9)
Requirement already satisfied: testinfra==3.2.0 in /home/user/.virtualenvs/securedrop/lib/python3.7/site-packages (from -r securedrop/requirements/python3/develop-requirements.txt (line 654)) (3.2.0)
Requirement already satisfied: toml==0.10.0 in /home/user/.virtualenvs/securedrop/lib/python3.7/site-packages (from -r securedrop/requirements/python3/develop-requirements.txt (line 658)) (0.10.0)
Requirement already satisfied: tornado==4.5.1 in /home/user/.virtualenvs/securedrop/lib/python3.7/site-packages (from -r securedrop/requirements/python3/develop-requirements.txt (line 662)) (4.5.1)
Requirement already satisfied: tree-format==0.1.2 in /home/user/.virtualenvs/securedrop/lib/python3.7/site-packages (from -r securedrop/requirements/python3/develop-requirements.txt (line 669)) (0.1.2)
Requirement already satisfied: typed-ast==1.4.1 in /home/user/.virtualenvs/securedrop/lib/python3.7/site-packages (from -r securedrop/requirements/python3/develop-requirements.txt (line 673)) (1.4.1)
Requirement already satisfied: typing-extensions==3.7.4.1 in /home/user/.virtualenvs/securedrop/lib/python3.7/site-packages (from -r securedrop/requirements/python3/develop-requirements.txt (line 696)) (3.7.4.1)
Collecting urllib3==1.25.10 (from -r securedrop/requirements/python3/develop-requirements.txt (line 701))
  Downloading https://files.pythonhosted.org/packages/9f/f0/a391d1463ebb1b233795cabfc0ef38d3db4442339de68f847026199e69d7/urllib3-1.25.10-py2.py3-none-any.whl (127kB)
     |████████████████████████████████| 133kB 13.9MB/s 
Requirement already satisfied: virtualenv==16.7.5 in /home/user/.virtualenvs/securedrop/lib/python3.7/site-packages (from -r securedrop/requirements/python3/develop-requirements.txt (line 705)) (16.7.5)
Requirement already satisfied: watchdog==0.8.3 in /home/user/.virtualenvs/securedrop/lib/python3.7/site-packages (from -r securedrop/requirements/python3/develop-requirements.txt (line 709)) (0.8.3)
Requirement already satisfied: wcwidth==0.1.7 in /home/user/.virtualenvs/securedrop/lib/python3.7/site-packages (from -r securedrop/requirements/python3/develop-requirements.txt (line 712)) (0.1.7)
Requirement already satisfied: websocket-client==0.44.0 in /home/user/.virtualenvs/securedrop/lib/python3.7/site-packages (from -r securedrop/requirements/python3/develop-requirements.txt (line 716)) (0.44.0)
Requirement already satisfied: whichcraft==0.4.1 in /home/user/.virtualenvs/securedrop/lib/python3.7/site-packages (from -r securedrop/requirements/python3/develop-requirements.txt (line 720)) (0.4.1)
Requirement already satisfied: wrapt==1.11.2 in /home/user/.virtualenvs/securedrop/lib/python3.7/site-packages (from -r securedrop/requirements/python3/develop-requirements.txt (line 724)) (1.11.2)
Requirement already satisfied: yamllint==1.17.0 in /home/user/.virtualenvs/securedrop/lib/python3.7/site-packages (from -r securedrop/requirements/python3/develop-requirements.txt (line 727)) (1.17.0)
Requirement already satisfied: zipp==0.6.0 in /home/user/.virtualenvs/securedrop/lib/python3.7/site-packages (from -r securedrop/requirements/python3/develop-requirements.txt (line 731)) (0.6.0)
Collecting pip==19.3.1 (from -r securedrop/requirements/python3/develop-requirements.txt (line 737))
  Using cached https://files.pythonhosted.org/packages/00/b6/9cfa56b4081ad13874b0c6f96af8ce16cfbc1cb06bedf8e9164ce5551ec1/pip-19.3.1-py2.py3-none-any.whl
Requirement already satisfied: setuptools==46.0.0 in /home/user/.virtualenvs/securedrop/lib/python3.7/site-packages (from -r securedrop/requirements/python3/develop-requirements.txt (line 741)) (46.0.0)
Installing collected packages: argon2-cffi, cffi, click, importlib-resources, pip-tools, pygments, ruamel.yaml.clib, ruamel.yaml, six, sphinx-rtd-theme, sphinx, sphinxcontrib-applehelp, sphinxcontrib-devhelp, sphinxcontrib-htmlhelp, sphinxcontrib-jsmath, sphinxcontrib-qthelp, sphinxcontrib-serializinghtml, urllib3, pip
  Found existing installation: cffi 1.10.0
    Uninstalling cffi-1.10.0:
      Successfully uninstalled cffi-1.10.0
  Found existing installation: click 6.7
    Uninstalling click-6.7:
      Successfully uninstalled click-6.7
  Found existing installation: importlib-resources 1.0.2
    Uninstalling importlib-resources-1.0.2:
      Successfully uninstalled importlib-resources-1.0.2
  Found existing installation: pip-tools 4.0.0
    Uninstalling pip-tools-4.0.0:
      Successfully uninstalled pip-tools-4.0.0
  Found existing installation: Pygments 2.2.0
    Uninstalling Pygments-2.2.0:
      Successfully uninstalled Pygments-2.2.0
  Found existing installation: ruamel.yaml 0.15.97
    Uninstalling ruamel.yaml-0.15.97:
      Successfully uninstalled ruamel.yaml-0.15.97
  Found existing installation: six 1.14.0
    Uninstalling six-1.14.0:
      Successfully uninstalled six-1.14.0
  Found existing installation: sphinx-rtd-theme 0.2.4
    Uninstalling sphinx-rtd-theme-0.2.4:
      Successfully uninstalled sphinx-rtd-theme-0.2.4
  Found existing installation: Sphinx 1.6.3
    Uninstalling Sphinx-1.6.3:
      Successfully uninstalled Sphinx-1.6.3
  Found existing installation: urllib3 1.25.8
    Uninstalling urllib3-1.25.8:
      Successfully uninstalled urllib3-1.25.8
  Found existing installation: pip 19.1
    Uninstalling pip-19.1:
      Successfully uninstalled pip-19.1
Successfully installed argon2-cffi-20.1.0 cffi-1.14.2 click-7.1.2 importlib-resources-1.5.0 pip-19.3.1 pip-tools-4.5.1 pygments-2.6.1 ruamel.yaml-0.16.10 ruamel.yaml.clib-0.2.0 six-1.15.0 sphinx-3.0.4 sphinx-rtd-theme-0.4.3 sphinxcontrib-applehelp-1.0.2 sphinxcontrib-devhelp-1.0.2 sphinxcontrib-htmlhelp-1.0.3 sphinxcontrib-jsmath-1.0.1 sphinxcontrib-qthelp-1.0.3 sphinxcontrib-serializinghtml-1.1.4 urllib3-1.25.10
(securedrop) user@builder-disposable:~/securedrop$ make build-debs
Building SecureDrop Debian packages for Xenial...
Using active Python 3 virtualenv in /home/user/.virtualenvs/securedrop
--> Validating schema /home/user/securedrop/molecule/builder-focal/molecule.yml.
Validation completed successfully.
--> Validating schema /home/user/securedrop/molecule/libvirt-staging-xenial/molecule.yml.
Validation completed successfully.
--> Validating schema /home/user/securedrop/molecule/upgrade/molecule.yml.
Validation completed successfully.
--> Validating schema /home/user/securedrop/molecule/vagrant-packager/molecule.yml.
Validation completed successfully.
--> Validating schema /home/user/securedrop/molecule/builder-xenial/molecule.yml.
Validation completed successfully.
--> Validating schema /home/user/securedrop/molecule/libvirt-staging-focal/molecule.yml.
Validation completed successfully.
--> Validating schema /home/user/securedrop/molecule/ansible-config/molecule.yml.
Validation completed successfully.
--> Validating schema /home/user/securedrop/molecule/qubes-staging/molecule.yml.
Validation completed successfully.
--> Validating schema /home/user/securedrop/molecule/virtualbox-staging-xenial/molecule.yml.
Validation completed successfully.
--> Validating schema /home/user/securedrop/molecule/fetch-tor-packages/molecule.yml.
Validation completed successfully.
--> Test matrix
    
└── builder-xenial
    ├── destroy
    ├── create
    ├── converge
    ├── verify
    └── destroy
    
--> Inventory /home/user/securedrop/molecule/builder-xenial/../../install_files/ansible-base/group_vars linked to /home/user/.cache/molecule/securedrop/builder-xenial/inventory/group_vars
--> Scenario: 'builder-xenial'
--> Action: 'destroy'
--> Sanity checks: 'docker'
    
    PLAY [Destroy] *****************************************************************
    
    TASK [Destroy molecule instance(s)] ********************************************
    ok: [localhost] => (item={'name': 'xenial-sd-app', 'groups': ['builders']})
    ok: [localhost] => (item={'name': 'xenial-sd-generic-ossec-agent', 'groups': ['builders']})
    ok: [localhost] => (item={'name': 'xenial-sd-generic-ossec-server', 'groups': ['builders']})
    ok: [localhost] => (item={'name': 'xenial-sd-generic-ossec-agent2', 'groups': ['builders']})
    ok: [localhost] => (item={'name': 'xenial-sd-generic-ossec-server2', 'groups': ['builders']})
    ok: [localhost] => (item={'name': 'xenial-sd-grsec', 'groups': ['builders']})
    ok: [localhost] => (item={'name': 'xenial-sd-config', 'groups': ['builders']})
    ok: [localhost] => (item={'name': 'xenial-sd-keyring', 'groups': ['builders']})
    ok: [localhost] => (item={'name': 'xenial-sd-sec-update', 'groups': ['builders']})
    ok: [localhost] => (item={'name': 'xenial-sd-dpkg-verification', 'groups': ['testers']})
    
    PLAY RECAP *********************************************************************
    localhost                  : ok=1    changed=0    unreachable=0    failed=0    skipped=0    rescued=0    ignored=0
    
--> Inventory /home/user/securedrop/molecule/builder-xenial/../../install_files/ansible-base/group_vars linked to /home/user/.cache/molecule/securedrop/builder-xenial/inventory/group_vars
--> Scenario: 'builder-xenial'
--> Action: 'create'
--> Sanity checks: 'docker'
    
    PLAY [Create] ******************************************************************
    
    TASK [debug] *******************************************************************
    ok: [localhost] => {
        "msg": "Building with Docker image quay.io/freedomofpress/sd-docker-builder-xenial@sha256:35b70776cf5139ed2c597063579d74f0458416e4cbbe443bfebef2596ce5a48c"
    }
    
    TASK [Create builders] *********************************************************
    changed: [localhost] => (item={'name': 'xenial-sd-app', 'groups': ['builders']})
    changed: [localhost] => (item={'name': 'xenial-sd-generic-ossec-agent', 'groups': ['builders']})
    changed: [localhost] => (item={'name': 'xenial-sd-generic-ossec-server', 'groups': ['builders']})
    changed: [localhost] => (item={'name': 'xenial-sd-generic-ossec-agent2', 'groups': ['builders']})
    changed: [localhost] => (item={'name': 'xenial-sd-generic-ossec-server2', 'groups': ['builders']})
    changed: [localhost] => (item={'name': 'xenial-sd-grsec', 'groups': ['builders']})
    changed: [localhost] => (item={'name': 'xenial-sd-config', 'groups': ['builders']})
    changed: [localhost] => (item={'name': 'xenial-sd-keyring', 'groups': ['builders']})
    changed: [localhost] => (item={'name': 'xenial-sd-sec-update', 'groups': ['builders']})
    changed: [localhost] => (item={'name': 'xenial-sd-dpkg-verification', 'groups': ['testers']})
    
    PLAY RECAP *********************************************************************
    localhost                  : ok=2    changed=1    unreachable=0    failed=0    skipped=0    rescued=0    ignored=0
    
--> Inventory /home/user/securedrop/molecule/builder-xenial/../../install_files/ansible-base/group_vars linked to /home/user/.cache/molecule/securedrop/builder-xenial/inventory/group_vars
--> Scenario: 'builder-xenial'
--> Action: 'converge'
    
    PLAY [Build SecureDrop application Debian package from local repository.] ******
    
    TASK [Gathering Facts] *********************************************************
    ok: [xenial-sd-generic-ossec-agent2]
    ok: [xenial-sd-config]
    ok: [xenial-sd-generic-ossec-server]
    ok: [xenial-sd-app]
    ok: [xenial-sd-generic-ossec-agent]
    
    TASK [build-securedrop-app-code-deb-pkg : Copy install_files/securedrop-app-code to prep directory] ***
    changed: [xenial-sd-app]
    
    TASK [Gathering Facts] *********************************************************
    ok: [xenial-sd-grsec]
    ok: [xenial-sd-generic-ossec-server2]
    ok: [xenial-sd-keyring]
    ok: [xenial-sd-sec-update]
    
    TASK [build-securedrop-app-code-deb-pkg : Copy app code to prep directory under var/www/securedrop] ***
    changed: [xenial-sd-app]
    
    TASK [build-securedrop-app-code-deb-pkg : Copy setup.py to prep directory] *****
    changed: [xenial-sd-app]
    
    TASK [build-securedrop-app-code-deb-pkg : Copy MANIFEST.in to prep directory] ***
    changed: [xenial-sd-app]
    
    TASK [build-securedrop-app-code-deb-pkg : Copy requirements.txt to prep directory] ***
    changed: [xenial-sd-app]
[DEPRECATION WARNING]: Invoking "apt" only once while using a loop via 
squash_actions is deprecated. Instead of using a loop to supply multiple items 
and specifying `name: "{{ item }}"`, please use `name: '{{ 
build_ossec_deb_pkg_dependencies }}'` and remove the loop. This feature will be
 removed in version 2.11. Deprecation warnings can be disabled by setting 
deprecation_warnings=False in ansible.cfg.
    
    TASK [build-ossec-deb-pkg : Create src path folder] ****************************
    changed: [xenial-sd-generic-ossec-server] => (item=/tmp/build/ossec-server)
    ok: [xenial-sd-generic-ossec-server] => (item=/tmp/build)
[DEPRECATION WARNING]: Invoking "apt" only once while using a loop via 
squash_actions is deprecated. Instead of using a loop to supply multiple items 
and specifying `name: "{{ item }}"`, please use `name: '{{ 
build_ossec_deb_pkg_dependencies }}'` and remove the loop. This feature will be
 removed in version 2.11. Deprecation warnings can be disabled by setting 
deprecation_warnings=False in ansible.cfg.
[DEPRECATION WARNING]: Invoking "apt" only once while using a loop via 
squash_actions is deprecated. Instead of using a loop to supply multiple items 
and specifying `name: "{{ item }}"`, please use `name: '{{ 
build_ossec_deb_pkg_dependencies }}'` and remove the loop. This feature will be
 removed in version 2.11. Deprecation warnings can be disabled by setting 
deprecation_warnings=False in ansible.cfg.
[DEPRECATION WARNING]: Invoking "apt" only once while using a loop via 
squash_actions is deprecated. Instead of using a loop to supply multiple items 
and specifying `name: "{{ item }}"`, please use `name: '{{ 
build_ossec_deb_pkg_dependencies }}'` and remove the loop. This feature will be
 removed in version 2.11. Deprecation warnings can be disabled by setting 
deprecation_warnings=False in ansible.cfg.
[DEPRECATION WARNING]: Invoking "apt" only once while using a loop via 
squash_actions is deprecated. Instead of using a loop to supply multiple items 
and specifying `name: "{{ item }}"`, please use `name: '{{ 
build_ossec_deb_pkg_dependencies }}'` and remove the loop. This feature will be
 removed in version 2.11. Deprecation warnings can be disabled by setting 
deprecation_warnings=False in ansible.cfg.
[DEPRECATION WARNING]: Invoking "apt" only once while using a loop via 
squash_actions is deprecated. Instead of using a loop to supply multiple items 
and specifying `name: "{{ item }}"`, please use `name: '{{ 
build_ossec_deb_pkg_dependencies }}'` and remove the loop. This feature will be
 removed in version 2.11. Deprecation warnings can be disabled by setting 
deprecation_warnings=False in ansible.cfg.
[DEPRECATION WARNING]: Invoking "apt" only once while using a loop via 
squash_actions is deprecated. Instead of using a loop to supply multiple items 
and specifying `name: "{{ item }}"`, please use `name: '{{ 
build_ossec_deb_pkg_dependencies }}'` and remove the loop. This feature will be
 removed in version 2.11. Deprecation warnings can be disabled by setting 
deprecation_warnings=False in ansible.cfg.
[DEPRECATION WARNING]: Invoking "apt" only once while using a loop via 
squash_actions is deprecated. Instead of using a loop to supply multiple items 
and specifying `name: "{{ item }}"`, please use `name: '{{ 
build_ossec_deb_pkg_dependencies }}'` and remove the loop. This feature will be
 removed in version 2.11. Deprecation warnings can be disabled by setting 
deprecation_warnings=False in ansible.cfg.
    
    TASK [build-ossec-deb-pkg : Install python-requests for URL fetching] **********
    changed: [xenial-sd-generic-ossec-server]
    
    TASK [build-ossec-deb-pkg : Copy over current directory for repo build] ********
    changed: [xenial-sd-generic-ossec-server]
    
    TASK [build-ossec-deb-pkg : Create src path folder] ****************************
    changed: [xenial-sd-generic-ossec-agent] => (item=/tmp/build/ossec-agent)
    ok: [xenial-sd-generic-ossec-agent] => (item=/tmp/build)
    
    TASK [build-ossec-deb-pkg : Include OSSEC download URLs.] **********************
    ok: [xenial-sd-generic-ossec-server]
    
    TASK [build-securedrop-app-code-deb-pkg : Control the version of setuptools used in the default construction of virtual environments] ***
    changed: [xenial-sd-app]
    
    TASK [build-ossec-deb-pkg : Download OSSEC tarball.] ***************************
    changed: [xenial-sd-generic-ossec-server]
    
    TASK [build-securedrop-app-code-deb-pkg : Install sass Ruby gem] ***************
    changed: [xenial-sd-app]
[DEPRECATION WARNING]: Invoking "apt" only once while using a loop via 
squash_actions is deprecated. Instead of using a loop to supply multiple items 
and specifying `name: "{{ item }}"`, please use `name: '{{ 
build_ossec_deb_pkg_dependencies }}'` and remove the loop. This feature will be
 removed in version 2.11. Deprecation warnings can be disabled by setting 
deprecation_warnings=False in ansible.cfg.
    
    TASK [build-generic-pkg : Find any jinja templates] ****************************
    ok: [xenial-sd-config -> localhost]
    
    TASK [build-ossec-deb-pkg : Download OSSEC signature.] *************************
    changed: [xenial-sd-generic-ossec-server]
    
    TASK [build-securedrop-app-code-deb-pkg : Create static asset directories.] ****
    changed: [xenial-sd-app] => (item=/tmp/securedrop-app-code_1.6.0+xenial_amd64-prep/var/www/securedrop/static/css)
    changed: [xenial-sd-app] => (item=/tmp/securedrop-app-code_1.6.0+xenial_amd64-prep/var/www/securedrop/static/gen)
    
    TASK [build-ossec-deb-pkg : Install python-requests for URL fetching] **********
    changed: [xenial-sd-generic-ossec-agent]
    
    TASK [build-securedrop-app-code-deb-pkg : Create static asset directories.] ****
    changed: [xenial-sd-app] => (item=/tmp/securedrop-app-code_1.6.0+xenial_amd64-prep/var/www/securedrop/static/.webassets-cache)
    
    TASK [build-generic-pkg : Find any jinja templates] ****************************
    ok: [xenial-sd-config -> localhost]
    
    TASK [build-ossec-deb-pkg : Copy over current directory for repo build] ********
    changed: [xenial-sd-generic-ossec-agent]
    
    TASK [build-ossec-deb-pkg : Copy OSSEC archive GPG key.] ***********************
    changed: [xenial-sd-generic-ossec-server]
[DEPRECATION WARNING]: Invoking "apt" only once while using a loop via 
squash_actions is deprecated. Instead of using a loop to supply multiple items 
and specifying `name: "{{ item }}"`, please use `name: '{{ 
build_ossec_deb_pkg_dependencies }}'` and remove the loop. This feature will be
 removed in version 2.11. Deprecation warnings can be disabled by setting 
deprecation_warnings=False in ansible.cfg.
[DEPRECATION WARNING]: Invoking "apt" only once while using a loop via 
squash_actions is deprecated. Instead of using a loop to supply multiple items 
and specifying `name: "{{ item }}"`, please use `name: '{{ 
build_ossec_deb_pkg_dependencies }}'` and remove the loop. This feature will be
 removed in version 2.11. Deprecation warnings can be disabled by setting 
deprecation_warnings=False in ansible.cfg.
    
    TASK [build-ossec-deb-pkg : Import OSSEC archive GPG key.] *********************
    changed: [xenial-sd-generic-ossec-server]
    
    TASK [build-ossec-deb-pkg : Include OSSEC download URLs.] **********************
    ok: [xenial-sd-generic-ossec-agent]
    
    TASK [build-securedrop-app-code-deb-pkg : Compile SASS to CSS.] ****************
    changed: [xenial-sd-app]
    
    TASK [build-securedrop-app-code-deb-pkg : Remove temporary SASS directory from package build directory.] ***
    changed: [xenial-sd-app] => (item=sass)
    
    TASK [build-ossec-deb-pkg : Verify signature of OSSEC tarball.] ****************
    changed: [xenial-sd-generic-ossec-server]
    
    TASK [build-ossec-deb-pkg : Download OSSEC tarball.] ***************************
    changed: [xenial-sd-generic-ossec-agent]
[DEPRECATION WARNING]: Invoking "apt" only once while using a loop via 
squash_actions is deprecated. Instead of using a loop to supply multiple items 
and specifying `name: "{{ item }}"`, please use `name: '{{ 
build_ossec_deb_pkg_dependencies }}'` and remove the loop. This feature will be
 removed in version 2.11. Deprecation warnings can be disabled by setting 
deprecation_warnings=False in ansible.cfg.
[DEPRECATION WARNING]: Invoking "apt" only once while using a loop via 
squash_actions is deprecated. Instead of using a loop to supply multiple items 
and specifying `name: "{{ item }}"`, please use `name: '{{ 
build_ossec_deb_pkg_dependencies }}'` and remove the loop. This feature will be
 removed in version 2.11. Deprecation warnings can be disabled by setting 
deprecation_warnings=False in ansible.cfg.
    
    TASK [build-generic-pkg : Find any jinja templates] ****************************
    ok: [xenial-sd-config -> localhost]
    
    TASK [build-securedrop-app-code-deb-pkg : Remove temporary SASS directory from package build directory.] ***
    changed: [xenial-sd-app] => (item=.sass-cache)
[DEPRECATION WARNING]: Invoking "apt" only once while using a loop via 
squash_actions is deprecated. Instead of using a loop to supply multiple items 
and specifying `name: "{{ item }}"`, please use `name: '{{ 
build_ossec_deb_pkg_dependencies }}'` and remove the loop. This feature will be
 removed in version 2.11. Deprecation warnings can be disabled by setting 
deprecation_warnings=False in ansible.cfg.
    
    TASK [build-generic-pkg : Find any jinja templates] ****************************
    ok: [xenial-sd-generic-ossec-agent2 -> localhost]
    
    TASK [build-ossec-deb-pkg : Download OSSEC signature.] *************************
    changed: [xenial-sd-generic-ossec-agent]
    
    TASK [build-ossec-deb-pkg : Copy OSSEC archive GPG key.] ***********************
    changed: [xenial-sd-generic-ossec-agent]
    
    TASK [build-generic-pkg : Find any jinja templates] ****************************
    ok: [xenial-sd-config -> localhost]
    
    TASK [build-generic-pkg : Reduce weird path re-usage] **************************
    ok: [xenial-sd-generic-ossec-agent2]
    
    TASK [build-ossec-deb-pkg : Import OSSEC archive GPG key.] *********************
    changed: [xenial-sd-generic-ossec-agent]
    
    TASK [build-generic-pkg : Ensure build directory in-place] *********************
    ok: [xenial-sd-generic-ossec-agent2]
    
    TASK [build-generic-pkg : Reduce weird path re-usage] **************************
    ok: [xenial-sd-config]
    
    TASK [build-ossec-deb-pkg : Verify signature of OSSEC tarball.] ****************
    changed: [xenial-sd-generic-ossec-agent]
[DEPRECATION WARNING]: Invoking "apt" only once while using a loop via 
squash_actions is deprecated. Instead of using a loop to supply multiple items 
and specifying `name: "{{ item }}"`, please use `name: '{{ 
build_ossec_deb_pkg_dependencies }}'` and remove the loop. This feature will be
 removed in version 2.11. Deprecation warnings can be disabled by setting 
deprecation_warnings=False in ansible.cfg.
    
    TASK [build-generic-pkg : Copy app code to build directory.] *******************
    changed: [xenial-sd-generic-ossec-agent2]
    
    TASK [build-generic-pkg : Reduce weird path re-usage] **************************
    ok: [xenial-sd-generic-ossec-server2]
    
    TASK [build-ossec-deb-pkg : Install apt dependencies for building OSSEC packages.] ***
    changed: [xenial-sd-generic-ossec-server] => (item=libpcre2-dev)
    
    TASK [build-generic-pkg : Ensure build directory in-place] *********************
    ok: [xenial-sd-config]
    
    TASK [build-generic-pkg : Find any jinja templates] ****************************
    ok: [xenial-sd-generic-ossec-agent2 -> localhost]
    
    TASK [build-generic-pkg : Copy app code to build directory.] *******************
    changed: [xenial-sd-config]
    
    TASK [build-generic-pkg : Ensure build directory in-place] *********************
    ok: [xenial-sd-generic-ossec-server2]
    
    TASK [build-generic-pkg : Find any jinja templates] ****************************
    ok: [xenial-sd-config -> localhost]
    
    TASK [build-generic-pkg : Create any necessary parent directories for jinja files] ***
    ok: [xenial-sd-generic-ossec-agent2] => (item={'path': '/home/user/securedrop/install_files/securedrop-ossec-agent/DEBIAN/control.j2', 'mode': '0644', 'isdir': False, 'ischr': False, 'isblk': False, 'isreg': True, 'isfifo': False, 'islnk': False, 'issock': False, 'uid': 1000, 'gid': 1000, 'size': 654, 'inode': 1002, 'dev': 51728, 'nlink': 1, 'atime': 1602092450.76, 'mtime': 1602092445.54, 'ctime': 1602092445.54, 'gr_name': 'user', 'pw_name': 'user', 'wusr': True, 'rusr': True, 'xusr': False, 'wgrp': False, 'rgrp': True, 'xgrp': False, 'woth': False, 'roth': True, 'xoth': False, 'isuid': False, 'isgid': False})
    
    TASK [build-generic-pkg : Copy app code to build directory.] *******************
    changed: [xenial-sd-generic-ossec-server2]
    
    TASK [build-generic-pkg : Find any jinja templates] ****************************
    ok: [xenial-sd-generic-ossec-server2 -> localhost]
    ok: [xenial-sd-grsec -> localhost]
    
    TASK [build-generic-pkg : Template out any jinja files found and copy over] ****
    changed: [xenial-sd-generic-ossec-agent2] => (item={'path': '/home/user/securedrop/install_files/securedrop-ossec-agent/DEBIAN/control.j2', 'mode': '0644', 'isdir': False, 'ischr': False, 'isblk': False, 'isreg': True, 'isfifo': False, 'islnk': False, 'issock': False, 'uid': 1000, 'gid': 1000, 'size': 654, 'inode': 1002, 'dev': 51728, 'nlink': 1, 'atime': 1602092450.76, 'mtime': 1602092445.54, 'ctime': 1602092445.54, 'gr_name': 'user', 'pw_name': 'user', 'wusr': True, 'rusr': True, 'xusr': False, 'wgrp': False, 'rgrp': True, 'xgrp': False, 'woth': False, 'roth': True, 'xoth': False, 'isuid': False, 'isgid': False})
    
    TASK [build-generic-pkg : run bash script to build generic packages] ***********
    changed: [xenial-sd-config]
    
    TASK [build-generic-pkg : Create any necessary parent directories for jinja files] ***
    ok: [xenial-sd-generic-ossec-server2] => (item={'path': '/home/user/securedrop/install_files/securedrop-ossec-server/DEBIAN/control.j2', 'mode': '0644', 'isdir': False, 'ischr': False, 'isblk': False, 'isreg': True, 'isfifo': False, 'islnk': False, 'issock': False, 'uid': 1000, 'gid': 1000, 'size': 844, 'inode': 1004, 'dev': 51728, 'nlink': 1, 'atime': 1602092450.76, 'mtime': 1602092445.541, 'ctime': 1602092445.541, 'gr_name': 'user', 'pw_name': 'user', 'wusr': True, 'rusr': True, 'xusr': False, 'wgrp': False, 'rgrp': True, 'xgrp': False, 'woth': False, 'roth': True, 'xoth': False, 'isuid': False, 'isgid': False})
    
    TASK [build-ossec-deb-pkg : Install apt dependencies for building OSSEC packages.] ***
    changed: [xenial-sd-generic-ossec-server] => (item=libevent1-dev)
    
    TASK [build-ossec-deb-pkg : Install apt dependencies for building OSSEC packages.] ***
    changed: [xenial-sd-generic-ossec-agent] => (item=libpcre2-dev)
    
    TASK [build-generic-pkg : Track down package] **********************************
    ok: [xenial-sd-config]
    
    TASK [build-generic-pkg : run bash script to build generic packages] ***********
    changed: [xenial-sd-generic-ossec-agent2]
    
    TASK [build-ossec-deb-pkg : Extract OSSEC source tarball.] *********************
    changed: [xenial-sd-generic-ossec-server]
    
    TASK [build-generic-pkg : Fetch back package] **********************************
    changed: [xenial-sd-config] => (item={'wgrp': False, 'pw_name': 'root', 'islnk': False, 'gr_name': 'root', 'rusr': True, 'isuid': False, 'inode': 1964510, 'path': '/tmp/securedrop-config-0.1.3+1.6.0-amd64.deb', 'dev': 120, 'ctime': 1602092656.961, 'isdir': False, 'issock': False, 'rgrp': True, 'xoth': False, 'ischr': False, 'gid': 0, 'atime': 1602092656.961, 'xusr': False, 'uid': 0, 'isblk': False, 'mode': '0644', 'roth': True, 'size': 2730, 'isreg': True, 'wusr': True, 'isfifo': False, 'xgrp': False, 'nlink': 1, 'woth': False, 'isgid': False, 'mtime': 1602092656.961})
    
    TASK [build-generic-pkg : Template out any jinja files found and copy over] ****
    changed: [xenial-sd-generic-ossec-server2] => (item={'path': '/home/user/securedrop/install_files/securedrop-ossec-server/DEBIAN/control.j2', 'mode': '0644', 'isdir': False, 'ischr': False, 'isblk': False, 'isreg': True, 'isfifo': False, 'islnk': False, 'issock': False, 'uid': 1000, 'gid': 1000, 'size': 844, 'inode': 1004, 'dev': 51728, 'nlink': 1, 'atime': 1602092450.76, 'mtime': 1602092445.541, 'ctime': 1602092445.541, 'gr_name': 'user', 'pw_name': 'user', 'wusr': True, 'rusr': True, 'xusr': False, 'wgrp': False, 'rgrp': True, 'xgrp': False, 'woth': False, 'roth': True, 'xoth': False, 'isuid': False, 'isgid': False})
    
    TASK [build-generic-pkg : Track down package] **********************************
    ok: [xenial-sd-generic-ossec-agent2]
    
    TASK [build-ossec-deb-pkg : Create /etc directory within source directory.] ****
    ok: [xenial-sd-generic-ossec-server]
    
    TASK [build-generic-pkg : run bash script to build generic packages] ***********
    changed: [xenial-sd-generic-ossec-server2]
    
    TASK [build-generic-pkg : Fetch back package] **********************************
    changed: [xenial-sd-generic-ossec-agent2] => (item={'isreg': True, 'uid': 0, 'isuid': False, 'issock': False, 'ischr': False, 'isgid': False, 'mtime': 1602092661.804, 'wgrp': False, 'dev': 84, 'woth': False, 'isblk': False, 'xusr': False, 'nlink': 1, 'isdir': False, 'inode': 1961309, 'rusr': True, 'gr_name': 'root', 'roth': True, 'xgrp': False, 'rgrp': True, 'size': 4552, 'path': '/tmp/securedrop-ossec-agent-3.6.0+1.6.0-amd64.deb', 'pw_name': 'root', 'atime': 1602092661.804, 'mode': '0644', 'gid': 0, 'xoth': False, 'wusr': True, 'isfifo': False, 'ctime': 1602092661.804, 'islnk': False})
    
    TASK [build-generic-pkg : Find any jinja templates] ****************************
    ok: [xenial-sd-grsec -> localhost]
    
    TASK [build-ossec-deb-pkg : Install apt dependencies for building OSSEC packages.] ***
    changed: [xenial-sd-generic-ossec-agent] => (item=libevent1-dev)
    
    TASK [build-generic-pkg : Track down package] **********************************
    ok: [xenial-sd-generic-ossec-server2]
    
    TASK [build-ossec-deb-pkg : Copy OSSEC preloaded vars template.] ***************
    changed: [xenial-sd-generic-ossec-server]
    
    TASK [build-generic-pkg : Find any jinja templates] ****************************
    ok: [xenial-sd-keyring -> localhost]
    
    TASK [build-generic-pkg : Find any jinja templates] ****************************
    ok: [xenial-sd-generic-ossec-agent2 -> localhost]
    
    TASK [build-generic-pkg : Fetch back package] **********************************
    changed: [xenial-sd-generic-ossec-server2] => (item={'islnk': False, 'rusr': True, 'nlink': 1, 'woth': False, 'isblk': False, 'roth': True, 'isfifo': False, 'atime': 1602092676.714, 'ischr': False, 'isuid': False, 'inode': 1964965, 'mode': '0644', 'xgrp': False, 'isgid': False, 'gr_name': 'root', 'path': '/tmp/securedrop-ossec-server-3.6.0+1.6.0-amd64.deb', 'pw_name': 'root', 'xoth': False, 'ctime': 1602092676.715, 'rgrp': True, 'dev': 96, 'isdir': False, 'mtime': 1602092676.715, 'issock': False, 'wgrp': False, 'size': 7644, 'gid': 0, 'isreg': True, 'uid': 0, 'wusr': True, 'xusr': False})
    
    TASK [build-ossec-deb-pkg : Disable JIT in OSSEC Makefile] *********************
    changed: [xenial-sd-generic-ossec-server]
    
    TASK [build-ossec-deb-pkg : Extract OSSEC source tarball.] *********************
    changed: [xenial-sd-generic-ossec-agent]
    
    TASK [build-generic-pkg : Find any jinja templates] ****************************
    ok: [xenial-sd-sec-update -> localhost]
    
    TASK [build-ossec-deb-pkg : Create /etc directory within source directory.] ****
    ok: [xenial-sd-generic-ossec-agent]
    
    TASK [build-generic-pkg : Find any jinja templates] ****************************
    ok: [xenial-sd-generic-ossec-server2 -> localhost]
    
    TASK [build-generic-pkg : Find any jinja templates] ****************************
    ok: [xenial-sd-generic-ossec-agent2 -> localhost]
    
    TASK [build-generic-pkg : Find any jinja templates] ****************************
    ok: [xenial-sd-grsec -> localhost]
    
    TASK [build-ossec-deb-pkg : Copy OSSEC preloaded vars template.] ***************
    changed: [xenial-sd-generic-ossec-agent]
    
    TASK [build-generic-pkg : Find any jinja templates] ****************************
    ok: [xenial-sd-keyring -> localhost]
    
    TASK [build-generic-pkg : Reduce weird path re-usage] **************************
    ok: [xenial-sd-grsec]
    
    TASK [build-generic-pkg : Find any jinja templates] ****************************
    ok: [xenial-sd-generic-ossec-agent2 -> localhost]
    
    TASK [build-ossec-deb-pkg : Disable JIT in OSSEC Makefile] *********************
    changed: [xenial-sd-generic-ossec-agent]
    
    TASK [build-generic-pkg : Find any jinja templates] ****************************
    ok: [xenial-sd-sec-update -> localhost]
    
    TASK [build-generic-pkg : Find any jinja templates] ****************************
    ok: [xenial-sd-generic-ossec-server2 -> localhost]
    
    TASK [build-generic-pkg : Ensure build directory in-place] *********************
    ok: [xenial-sd-grsec]
    
    TASK [build-generic-pkg : Copy app code to build directory.] *******************
    changed: [xenial-sd-grsec]
    
    TASK [build-generic-pkg : Find any jinja templates] ****************************
    ok: [xenial-sd-grsec -> localhost]
    
    TASK [build-generic-pkg : Reduce weird path re-usage] **************************
    ok: [xenial-sd-keyring]
    
    TASK [build-generic-pkg : Create any necessary parent directories for jinja files] ***
    ok: [xenial-sd-grsec] => (item={'path': '/home/user/securedrop/install_files/securedrop-grsec/DEBIAN/control.j2', 'mode': '0644', 'isdir': False, 'ischr': False, 'isblk': False, 'isreg': True, 'isfifo': False, 'islnk': False, 'issock': False, 'uid': 1000, 'gid': 1000, 'size': 501, 'inode': 905, 'dev': 51728, 'nlink': 1, 'atime': 1570392374.096, 'mtime': 1570392370.265, 'ctime': 1570392370.265, 'gr_name': 'user', 'pw_name': 'user', 'wusr': True, 'rusr': True, 'xusr': False, 'wgrp': False, 'rgrp': True, 'xgrp': False, 'woth': False, 'roth': True, 'xoth': False, 'isuid': False, 'isgid': False})
    
    TASK [build-generic-pkg : Ensure build directory in-place] *********************
    ok: [xenial-sd-keyring]
    
    TASK [build-generic-pkg : Copy app code to build directory.] *******************
    changed: [xenial-sd-keyring]
    
    TASK [build-generic-pkg : Find any jinja templates] ****************************
    ok: [xenial-sd-keyring -> localhost]
    
    TASK [build-generic-pkg : Find any jinja templates] ****************************
    ok: [xenial-sd-generic-ossec-server2 -> localhost]
    
    TASK [build-generic-pkg : Template out any jinja files found and copy over] ****
    changed: [xenial-sd-grsec] => (item={'path': '/home/user/securedrop/install_files/securedrop-grsec/DEBIAN/control.j2', 'mode': '0644', 'isdir': False, 'ischr': False, 'isblk': False, 'isreg': True, 'isfifo': False, 'islnk': False, 'issock': False, 'uid': 1000, 'gid': 1000, 'size': 501, 'inode': 905, 'dev': 51728, 'nlink': 1, 'atime': 1570392374.096, 'mtime': 1570392370.265, 'ctime': 1570392370.265, 'gr_name': 'user', 'pw_name': 'user', 'wusr': True, 'rusr': True, 'xusr': False, 'wgrp': False, 'rgrp': True, 'xgrp': False, 'woth': False, 'roth': True, 'xoth': False, 'isuid': False, 'isgid': False})
    
    TASK [build-generic-pkg : Find any jinja templates] ****************************
    ok: [xenial-sd-sec-update -> localhost]
    
    TASK [build-generic-pkg : run bash script to build generic packages] ***********
    changed: [xenial-sd-grsec]
    
    TASK [build-ossec-deb-pkg : Run OSSEC installer script on extracted source.] ***
    changed: [xenial-sd-generic-ossec-agent]
    
    TASK [build-generic-pkg : run bash script to build generic packages] ***********
    changed: [xenial-sd-keyring]
    
    TASK [build-ossec-deb-pkg : Run OSSEC installer script on extracted source.] ***
    changed: [xenial-sd-generic-ossec-server]
    
    TASK [build-generic-pkg : Track down package] **********************************
    ok: [xenial-sd-grsec]
    
    TASK [build-ossec-deb-pkg : Create OSSEC build directory.] *********************
    changed: [xenial-sd-generic-ossec-agent] => (item=/tmp/build/ossec-agent-3.6.0-amd64)
    
    TASK [build-ossec-deb-pkg : Create OSSEC build directory.] *********************
    changed: [xenial-sd-generic-ossec-server] => (item=/tmp/build/ossec-server-3.6.0-amd64)
    
    TASK [build-generic-pkg : Track down package] **********************************
    ok: [xenial-sd-keyring]
    
    TASK [build-ossec-deb-pkg : Create OSSEC build directory.] *********************
    changed: [xenial-sd-generic-ossec-agent] => (item=/tmp/build/ossec-agent-3.6.0-amd64/var)
    
    TASK [build-generic-pkg : Fetch back package] **********************************
    changed: [xenial-sd-grsec] => (item={'issock': False, 'mode': '0644', 'ctime': 1602092732.554, 'path': '/tmp/securedrop-grsec-4.14.188-amd64.deb', 'wgrp': False, 'xgrp': False, 'mtime': 1602092732.554, 'gid': 0, 'uid': 0, 'dev': 108, 'isreg': True, 'isblk': False, 'wusr': True, 'isfifo': False, 'woth': False, 'rusr': True, 'xusr': False, 'size': 2286, 'inode': 1963705, 'xoth': False, 'ischr': False, 'rgrp': True, 'roth': True, 'pw_name': 'root', 'atime': 1602092732.554, 'isdir': False, 'isuid': False, 'islnk': False, 'isgid': False, 'gr_name': 'root', 'nlink': 1})
    
    TASK [build-ossec-deb-pkg : Create OSSEC build directory.] *********************
    changed: [xenial-sd-generic-ossec-server] => (item=/tmp/build/ossec-server-3.6.0-amd64/var)
    
    TASK [build-generic-pkg : Find any jinja templates] ****************************
    ok: [xenial-sd-generic-ossec-server2 -> localhost]
    
    TASK [build-generic-pkg : Fetch back package] **********************************
    changed: [xenial-sd-keyring] => (item={'inode': 1963700, 'gr_name': 'root', 'uid': 0, 'isreg': True, 'wgrp': False, 'wusr': True, 'nlink': 1, 'dev': 132, 'mtime': 1602092734.918, 'mode': '0644', 'rusr': True, 'isfifo': False, 'woth': False, 'isdir': False, 'isblk': False, 'isuid': False, 'xgrp': False, 'path': '/tmp/securedrop-keyring-0.1.4+1.6.0-amd64.deb', 'atime': 1602092734.918, 'issock': False, 'pw_name': 'root', 'ischr': False, 'rgrp': True, 'xusr': False, 'xoth': False, 'size': 5832, 'roth': True, 'islnk': False, 'ctime': 1602092734.918, 'gid': 0, 'isgid': False})
    
    TASK [build-ossec-deb-pkg : Remove client.keys to avoid overwriting existing client.keys] ***
    changed: [xenial-sd-generic-ossec-agent]
    
    TASK [build-generic-pkg : Find any jinja templates] ****************************
    ok: [xenial-sd-grsec -> localhost]
    
    TASK [build-ossec-deb-pkg : Remove client.keys to avoid overwriting existing client.keys] ***
    changed: [xenial-sd-generic-ossec-server]
    
    TASK [build-generic-pkg : Find any jinja templates] ****************************
    ok: [xenial-sd-sec-update -> localhost]
    
    TASK [build-ossec-deb-pkg : Copy /var/ossec/ to OSSEC build directory.] ********
    changed: [xenial-sd-generic-ossec-agent]
    
    TASK [build-generic-pkg : Find any jinja templates] ****************************
    ok: [xenial-sd-keyring -> localhost]
    
    TASK [build-ossec-deb-pkg : Copy /var/ossec/ to OSSEC build directory.] ********
    changed: [xenial-sd-generic-ossec-server]
    
    TASK [build-ossec-deb-pkg : Copy OSSEC DEBIAN package scripts to build directory.] ***
    changed: [xenial-sd-generic-ossec-agent]
    
    TASK [build-ossec-deb-pkg : Copy OSSEC DEBIAN package scripts to build directory.] ***
    changed: [xenial-sd-generic-ossec-server]
    
    TASK [build-generic-pkg : Find any jinja templates] ****************************
    ok: [xenial-sd-sec-update -> localhost]
    ok: [xenial-sd-keyring -> localhost]
    
    TASK [build-ossec-deb-pkg : Copy OSSEC DEBIAN/control template to build directory.] ***
    changed: [xenial-sd-generic-ossec-agent]
    
    TASK [build-ossec-deb-pkg : Copy OSSEC DEBIAN/control template to build directory.] ***
    changed: [xenial-sd-generic-ossec-server]
    
    TASK [build-ossec-deb-pkg : Copy OSSEC /usr and /etc directories to build directory.] ***
    changed: [xenial-sd-generic-ossec-agent] => (item=etc)
    
    TASK [build-ossec-deb-pkg : Copy OSSEC /usr and /etc directories to build directory.] ***
    changed: [xenial-sd-generic-ossec-server] => (item=etc)
    
    TASK [build-ossec-deb-pkg : Copy OSSEC /usr and /etc directories to build directory.] ***
    changed: [xenial-sd-generic-ossec-agent] => (item=usr)
    
    TASK [build-ossec-deb-pkg : Copy OSSEC /usr and /etc directories to build directory.] ***
    changed: [xenial-sd-generic-ossec-server] => (item=usr)
    
    TASK [build-ossec-deb-pkg : Build SecureDrop OSSEC deb package.] ***************
    changed: [xenial-sd-generic-ossec-agent]
    
    TASK [build-securedrop-app-code-deb-pkg : Install SecureDrop Python requirements in virtualenv for translation work] ***
    changed: [xenial-sd-app]
    
    TASK [build-ossec-deb-pkg : Delete OSSEC build directories and config files.] ***
    changed: [xenial-sd-generic-ossec-agent] => (item=/etc/init.d/ossec)
    
    TASK [build-ossec-deb-pkg : Build SecureDrop OSSEC deb package.] ***************
    changed: [xenial-sd-generic-ossec-server]
    
    TASK [build-ossec-deb-pkg : Delete OSSEC build directories and config files.] ***
    changed: [xenial-sd-generic-ossec-agent] => (item=/etc/ossec-init.conf)
    
    TASK [Update apt-cache for our security checker] *******************************
    changed: [xenial-sd-sec-update]
    
    TASK [build-securedrop-app-code-deb-pkg : Compile PO to MO.] *******************
    changed: [xenial-sd-app]
    
    TASK [build-ossec-deb-pkg : Delete OSSEC build directories and config files.] ***
    changed: [xenial-sd-generic-ossec-server] => (item=/etc/init.d/ossec)
    
    TASK [build-ossec-deb-pkg : Delete OSSEC build directories and config files.] ***
    changed: [xenial-sd-generic-ossec-agent] => (item=/var/ossec)
    
    TASK [build-ossec-deb-pkg : Delete OSSEC build directories and config files.] ***
    changed: [xenial-sd-generic-ossec-server] => (item=/etc/ossec-init.conf)
    
    TASK [build-ossec-deb-pkg : Delete OSSEC build directories and config files.] ***
    changed: [xenial-sd-generic-ossec-agent] => (item=/tmp/OSSEC-ARCHIVE-KEY.asc)
    
    TASK [build-securedrop-app-code-deb-pkg : Create apparmor.d directory in prep directory] ***
    changed: [xenial-sd-app]
    
    TASK [build-ossec-deb-pkg : Delete OSSEC build directories and config files.] ***
    changed: [xenial-sd-generic-ossec-server] => (item=/var/ossec)
    
    TASK [build-ossec-deb-pkg : Fetch newly built Debian packages back to localhost.] ***
    changed: [xenial-sd-generic-ossec-agent]
    
    TASK [build-ossec-deb-pkg : Delete OSSEC build directories and config files.] ***
    changed: [xenial-sd-generic-ossec-server] => (item=/tmp/OSSEC-ARCHIVE-KEY.asc)
    
    TASK [build-securedrop-app-code-deb-pkg : Copy AppArmor profiles to prep path] ***
    changed: [xenial-sd-app] => (item=usr.sbin.tor)
    
    TASK [build-generic-pkg : Find any jinja templates] ****************************
    ok: [xenial-sd-generic-ossec-agent -> localhost]
    
    TASK [build-ossec-deb-pkg : Fetch newly built Debian packages back to localhost.] ***
    changed: [xenial-sd-generic-ossec-server]
    
    TASK [build-securedrop-app-code-deb-pkg : Copy AppArmor profiles to prep path] ***
    changed: [xenial-sd-app] => (item=usr.sbin.apache2)
    
    TASK [build-generic-pkg : Find any jinja templates] ****************************
    ok: [xenial-sd-generic-ossec-agent -> localhost]
[DEPRECATION WARNING]: Invoking "apt" only once while using a loop via 
squash_actions is deprecated. Instead of using a loop to supply multiple items 
and specifying `name: "{{ item }}"`, please use `name: '{{ 
build_ossec_deb_pkg_dependencies }}'` and remove the loop. This feature will be
 removed in version 2.11. Deprecation warnings can be disabled by setting 
deprecation_warnings=False in ansible.cfg.
    
    TASK [build-securedrop-app-code-deb-pkg : Replace placeholder changelog to dist-specific changelog] ***
    changed: [xenial-sd-app]
    
    TASK [build-generic-pkg : Find any jinja templates] ****************************
    ok: [xenial-sd-generic-ossec-agent -> localhost]
    
    TASK [build-securedrop-app-code-deb-pkg : Create the control file based on distribution] ***
    changed: [xenial-sd-app]
    
    TASK [build-generic-pkg : Find any jinja templates] ****************************
    ok: [xenial-sd-generic-ossec-agent -> localhost]
    
    TASK [build-securedrop-app-code-deb-pkg : Create lib/systemd/services directory in prep directory] ***
    changed: [xenial-sd-app]
    
    TASK [build-generic-pkg : Find any jinja templates] ****************************
    ok: [xenial-sd-generic-ossec-server -> localhost]
    
    TASK [build-generic-pkg : Find any jinja templates] ****************************
    ok: [xenial-sd-generic-ossec-agent -> localhost]
    
    TASK [build-securedrop-app-code-deb-pkg : Copy systemd service configurations to prep path] ***
    changed: [xenial-sd-app] => (item=securedrop_rqrequeue.service)
    
    TASK [build-generic-pkg : Find any jinja templates] ****************************
    ok: [xenial-sd-generic-ossec-server -> localhost]
    
    TASK [build-securedrop-app-code-deb-pkg : Copy systemd service configurations to prep path] ***
    changed: [xenial-sd-app] => (item=securedrop_rqworker.service)
    
    TASK [build-generic-pkg : Find any jinja templates] ****************************
    ok: [xenial-sd-generic-ossec-server -> localhost]
    
    TASK [build-securedrop-app-code-deb-pkg : Copy systemd service configurations to prep path] ***
    changed: [xenial-sd-app] => (item=securedrop_shredder.service)
    
    TASK [build-generic-pkg : Find any jinja templates] ****************************
    ok: [xenial-sd-generic-ossec-server -> localhost]
    
    TASK [build-securedrop-app-code-deb-pkg : Copy systemd service configurations to prep path] ***
    changed: [xenial-sd-app] => (item=securedrop_source_deleter.service)
    
    TASK [build-securedrop-app-code-deb-pkg : Create sdist in prep dir] ************
    changed: [xenial-sd-app]
    
    TASK [build-generic-pkg : Find any jinja templates] ****************************
    ok: [xenial-sd-generic-ossec-server -> localhost]
    
    TASK [build-securedrop-app-code-deb-pkg : Create build dir] ********************
    changed: [xenial-sd-app]
    
    TASK [build-securedrop-app-code-deb-pkg : Extract sdist to build dir] **********
    changed: [xenial-sd-app]
    
    TASK [build-securedrop-app-code-deb-pkg : Create empty static asset directories in build dir] ***
    changed: [xenial-sd-app] => (item=/tmp/securedrop-app-code_1.6.0+xenial_amd64/var/www/securedrop/static/gen)
    changed: [xenial-sd-app] => (item=/tmp/securedrop-app-code_1.6.0+xenial_amd64/var/www/securedrop/static/.webassets-cache)
    changed: [xenial-sd-app] => (item=/tmp/securedrop-app-code_1.6.0+xenial_amd64/var/www/securedrop/.well-known/pki-validation)
    
    TASK [build-securedrop-app-code-deb-pkg : Build securedrop-app-code Debian package] ***
    changed: [xenial-sd-app]
    
    TASK [build-securedrop-app-code-deb-pkg : Find newly built Debian package] *****
    ok: [xenial-sd-app]
    
    TASK [build-securedrop-app-code-deb-pkg : Fetch newly built Debian packages back to localhost] ***
    changed: [xenial-sd-app] => (item={'atime': 1602092924.744, 'inode': 1963784, 'isdir': False, 'xoth': False, 'isreg': True, 'isblk': False, 'issock': False, 'nlink': 1, 'islnk': False, 'mtime': 1602092924.523, 'uid': 0, 'ischr': False, 'wgrp': False, 'roth': True, 'wusr': True, 'ctime': 1602092924.523, 'woth': False, 'gid': 0, 'xgrp': False, 'isgid': False, 'pw_name': 'root', 'path': '/tmp/securedrop-app-code_1.6.0+xenial_amd64.deb', 'isfifo': False, 'dev': 48, 'xusr': False, 'rgrp': True, 'rusr': True, 'size': 10538686, 'gr_name': 'root', 'isuid': False, 'mode': '0644'})
    changed: [xenial-sd-app] => (item={'atime': 1602092812.867, 'inode': 1961188, 'isdir': False, 'xoth': False, 'isreg': True, 'isblk': False, 'issock': False, 'nlink': 1, 'islnk': False, 'mtime': 1602092812.859, 'uid': 0, 'ischr': False, 'wgrp': False, 'roth': True, 'wusr': True, 'ctime': 1602092812.864, 'woth': False, 'gid': 0, 'xgrp': False, 'isgid': False, 'pw_name': 'root', 'path': '/tmp/securedrop-app-code_1.6.0+xenial.tar.gz', 'isfifo': False, 'dev': 48, 'xusr': False, 'rgrp': True, 'rusr': True, 'size': 2043120, 'gr_name': 'root', 'isuid': False, 'mode': '0644'})
[DEPRECATION WARNING]: Invoking "apt" only once while using a loop via 
squash_actions is deprecated. Instead of using a loop to supply multiple items 
and specifying `name: "{{ item }}"`, please use `name: '{{ 
build_ossec_deb_pkg_dependencies }}'` and remove the loop. This feature will be
 removed in version 2.11. Deprecation warnings can be disabled by setting 
deprecation_warnings=False in ansible.cfg.
[DEPRECATION WARNING]: Invoking "apt" only once while using a loop via 
squash_actions is deprecated. Instead of using a loop to supply multiple items 
and specifying `name: "{{ item }}"`, please use `name: '{{ 
build_ossec_deb_pkg_dependencies }}'` and remove the loop. This feature will be
 removed in version 2.11. Deprecation warnings can be disabled by setting 
deprecation_warnings=False in ansible.cfg.
    
    TASK [build-generic-pkg : Find any jinja templates] ****************************
    ok: [xenial-sd-app -> localhost]
    
    TASK [build-generic-pkg : Find any jinja templates] ****************************
    ok: [xenial-sd-app -> localhost]
    
    TASK [build-generic-pkg : Find any jinja templates] ****************************
    ok: [xenial-sd-app -> localhost]
    
    TASK [build-generic-pkg : Find any jinja templates] ****************************
    ok: [xenial-sd-app -> localhost]
    
    TASK [build-generic-pkg : Find any jinja templates] ****************************
    ok: [xenial-sd-app -> localhost]
    
    PLAY [Give dpkg verify container access to debs] *******************************
    
    TASK [Discover local debian build files] ***************************************
    ok: [xenial-sd-dpkg-verification -> localhost]
    
    TASK [Create build dir] ********************************************************
    ok: [xenial-sd-dpkg-verification]
    
    TASK [Drop debian files into container] ****************************************
    changed: [xenial-sd-dpkg-verification] => (item={'path': '/home/user/securedrop/build/xenial/securedrop-ossec-agent-3.6.0+1.6.0-amd64.deb', 'mode': '0600', 'isdir': False, 'ischr': False, 'isblk': False, 'isreg': True, 'isfifo': False, 'islnk': False, 'issock': False, 'uid': 1000, 'gid': 1000, 'size': 4552, 'inode': 33923, 'dev': 51728, 'nlink': 1, 'atime': 1602092680.469, 'mtime': 1602092680.468, 'ctime': 1602092680.468, 'gr_name': 'user', 'pw_name': 'user', 'wusr': True, 'rusr': True, 'xusr': False, 'wgrp': False, 'rgrp': False, 'xgrp': False, 'woth': False, 'roth': False, 'xoth': False, 'isuid': False, 'isgid': False})
    changed: [xenial-sd-dpkg-verification] => (item={'path': '/home/user/securedrop/build/xenial/ossec-server-3.6.0-amd64.deb', 'mode': '0600', 'isdir': False, 'ischr': False, 'isblk': False, 'isreg': True, 'isfifo': False, 'islnk': False, 'issock': False, 'uid': 1000, 'gid': 1000, 'size': 713146, 'inode': 33929, 'dev': 51728, 'nlink': 1, 'atime': 1602092780.515, 'mtime': 1602092780.513, 'ctime': 1602092780.513, 'gr_name': 'user', 'pw_name': 'user', 'wusr': True, 'rusr': True, 'xusr': False, 'wgrp': False, 'rgrp': False, 'xgrp': False, 'woth': False, 'roth': False, 'xoth': False, 'isuid': False, 'isgid': False})
    changed: [xenial-sd-dpkg-verification] => (item={'path': '/home/user/securedrop/build/xenial/ossec-agent-3.6.0-amd64.deb', 'mode': '0600', 'isdir': False, 'ischr': False, 'isblk': False, 'isreg': True, 'isfifo': False, 'islnk': False, 'issock': False, 'uid': 1000, 'gid': 1000, 'size': 283018, 'inode': 33928, 'dev': 51728, 'nlink': 1, 'atime': 1602092777.225, 'mtime': 1602092777.224, 'ctime': 1602092777.224, 'gr_name': 'user', 'pw_name': 'user', 'wusr': True, 'rusr': True, 'xusr': False, 'wgrp': False, 'rgrp': False, 'xgrp': False, 'woth': False, 'roth': False, 'xoth': False, 'isuid': False, 'isgid': False})
    changed: [xenial-sd-dpkg-verification] => (item={'path': '/home/user/securedrop/build/xenial/securedrop-grsec-4.14.188-amd64.deb', 'mode': '0600', 'isdir': False, 'ischr': False, 'isblk': False, 'isreg': True, 'isfifo': False, 'islnk': False, 'issock': False, 'uid': 1000, 'gid': 1000, 'size': 2286, 'inode': 33926, 'dev': 51728, 'nlink': 1, 'atime': 1602092741.126, 'mtime': 1602092741.125, 'ctime': 1602092741.125, 'gr_name': 'user', 'pw_name': 'user', 'wusr': True, 'rusr': True, 'xusr': False, 'wgrp': False, 'rgrp': False, 'xgrp': False, 'woth': False, 'roth': False, 'xoth': False, 'isuid': False, 'isgid': False})
    changed: [xenial-sd-dpkg-verification] => (item={'path': '/home/user/securedrop/build/xenial/securedrop-app-code_1.6.0+xenial_amd64.deb', 'mode': '0600', 'isdir': False, 'ischr': False, 'isblk': False, 'isreg': True, 'isfifo': False, 'islnk': False, 'issock': False, 'uid': 1000, 'gid': 1000, 'size': 10538686, 'inode': 33930, 'dev': 51728, 'nlink': 1, 'atime': 1602092928.755, 'mtime': 1602092928.749, 'ctime': 1602092928.749, 'gr_name': 'user', 'pw_name': 'user', 'wusr': True, 'rusr': True, 'xusr': False, 'wgrp': False, 'rgrp': False, 'xgrp': False, 'woth': False, 'roth': False, 'xoth': False, 'isuid': False, 'isgid': False})
    changed: [xenial-sd-dpkg-verification] => (item={'path': '/home/user/securedrop/build/xenial/securedrop-ossec-server-3.6.0+1.6.0-amd64.deb', 'mode': '0600', 'isdir': False, 'ischr': False, 'isblk': False, 'isreg': True, 'isfifo': False, 'islnk': False, 'issock': False, 'uid': 1000, 'gid': 1000, 'size': 7644, 'inode': 33920, 'dev': 51728, 'nlink': 1, 'atime': 1602092690.859, 'mtime': 1602092690.859, 'ctime': 1602092690.859, 'gr_name': 'user', 'pw_name': 'user', 'wusr': True, 'rusr': True, 'xusr': False, 'wgrp': False, 'rgrp': False, 'xgrp': False, 'woth': False, 'roth': False, 'xoth': False, 'isuid': False, 'isgid': False})
    changed: [xenial-sd-dpkg-verification] => (item={'path': '/home/user/securedrop/build/xenial/securedrop-config-0.1.3+1.6.0-amd64.deb', 'mode': '0600', 'isdir': False, 'ischr': False, 'isblk': False, 'isreg': True, 'isfifo': False, 'islnk': False, 'issock': False, 'uid': 1000, 'gid': 1000, 'size': 2730, 'inode': 33925, 'dev': 51728, 'nlink': 1, 'atime': 1602092668.753, 'mtime': 1602092668.753, 'ctime': 1602092668.753, 'gr_name': 'user', 'pw_name': 'user', 'wusr': True, 'rusr': True, 'xusr': False, 'wgrp': False, 'rgrp': False, 'xgrp': False, 'woth': False, 'roth': False, 'xoth': False, 'isuid': False, 'isgid': False})
    changed: [xenial-sd-dpkg-verification] => (item={'path': '/home/user/securedrop/build/xenial/securedrop-keyring-0.1.4+1.6.0-amd64.deb', 'mode': '0600', 'isdir': False, 'ischr': False, 'isblk': False, 'isreg': True, 'isfifo': False, 'islnk': False, 'issock': False, 'uid': 1000, 'gid': 1000, 'size': 5832, 'inode': 33927, 'dev': 51728, 'nlink': 1, 'atime': 1602092743.299, 'mtime': 1602092743.299, 'ctime': 1602092743.299, 'gr_name': 'user', 'pw_name': 'user', 'wusr': True, 'rusr': True, 'xusr': False, 'wgrp': False, 'rgrp': False, 'xgrp': False, 'woth': False, 'roth': False, 'xoth': False, 'isuid': False, 'isgid': False})
    
    PLAY RECAP *********************************************************************
    xenial-sd-app              : ok=31   changed=24   unreachable=0    failed=0    skipped=90   rescued=0    ignored=0
    xenial-sd-config           : ok=12   changed=3    unreachable=0    failed=0    skipped=109  rescued=0    ignored=0
    xenial-sd-dpkg-verification : ok=3    changed=1    unreachable=0    failed=0    skipped=0    rescued=0    ignored=0
    xenial-sd-generic-ossec-agent : ok=30   changed=22   unreachable=0    failed=0    skipped=91   rescued=0    ignored=0
    xenial-sd-generic-ossec-agent2 : ok=14   changed=4    unreachable=0    failed=0    skipped=107  rescued=0    ignored=0
    xenial-sd-generic-ossec-server : ok=30   changed=22   unreachable=0    failed=0    skipped=91   rescued=0    ignored=0
    xenial-sd-generic-ossec-server2 : ok=14   changed=4    unreachable=0    failed=0    skipped=107  rescued=0    ignored=0
    xenial-sd-grsec            : ok=14   changed=4    unreachable=0    failed=0    skipped=107  rescued=0    ignored=0
    xenial-sd-keyring          : ok=12   changed=3    unreachable=0    failed=0    skipped=109  rescued=0    ignored=0
    xenial-sd-sec-update       : ok=7    changed=1    unreachable=0    failed=0    skipped=114  rescued=0    ignored=0
    
--> Inventory /home/user/securedrop/molecule/builder-xenial/../../install_files/ansible-base/group_vars linked to /home/user/.cache/molecule/securedrop/builder-xenial/inventory/group_vars
--> Scenario: 'builder-xenial'
--> Action: 'verify'
--> Executing Testinfra tests found in /home/user/securedrop/molecule/builder-xenial/tests//...
    ============================= test session starts ==============================
    platform linux -- Python 3.7.3, pytest-3.2.0, py-1.4.34, pluggy-0.4.0
    rootdir: /home/user/securedrop, inifile:
    plugins: testinfra-3.2.0, xdist-1.18.2
gw0 [226] / gw1 [226] / gw2 [226] / gw3 [226]
    scheduling tests via LoadScheduling
    .......................................................................................................................................X..........................................................................................
    ==================== 225 passed, 1 xpassed in 31.60 seconds ====================
Verifier completed successfully.
--> Inventory /home/user/securedrop/molecule/builder-xenial/../../install_files/ansible-base/group_vars linked to /home/user/.cache/molecule/securedrop/builder-xenial/inventory/group_vars
--> Scenario: 'builder-xenial'
--> Action: 'destroy'
    
    PLAY [Destroy] *****************************************************************
    
    TASK [Destroy molecule instance(s)] ********************************************
    changed: [localhost] => (item={'name': 'xenial-sd-app', 'groups': ['builders']})
    changed: [localhost] => (item={'name': 'xenial-sd-generic-ossec-agent', 'groups': ['builders']})
    changed: [localhost] => (item={'name': 'xenial-sd-generic-ossec-server', 'groups': ['builders']})
    changed: [localhost] => (item={'name': 'xenial-sd-generic-ossec-agent2', 'groups': ['builders']})
    changed: [localhost] => (item={'name': 'xenial-sd-generic-ossec-server2', 'groups': ['builders']})
    changed: [localhost] => (item={'name': 'xenial-sd-grsec', 'groups': ['builders']})
    changed: [localhost] => (item={'name': 'xenial-sd-config', 'groups': ['builders']})
    changed: [localhost] => (item={'name': 'xenial-sd-keyring', 'groups': ['builders']})
    changed: [localhost] => (item={'name': 'xenial-sd-sec-update', 'groups': ['builders']})
    changed: [localhost] => (item={'name': 'xenial-sd-dpkg-verification', 'groups': ['testers']})
    
    PLAY RECAP *********************************************************************
    localhost                  : ok=1    changed=1    unreachable=0    failed=0    skipped=0    rescued=0    ignored=0
    
--> Pruning extra files from scenario ephemeral directory

(securedrop) user@builder-disposable:~/securedrop$ sha256sum build/xenial/*
677666b27e92b56710c71066beb172853736985b33e6c5e442287d81696254e4  build/xenial/ossec-agent-3.6.0-amd64.deb
5f294fc1392925c180c418e332541a199f775faaf11ca3759009f41d9d4e7824  build/xenial/ossec-server-3.6.0-amd64.deb
d0addeb264b8e7ba8d0839ea9fdd61986eff26b7f49be09e49eb7c3b63da7860  build/xenial/securedrop-app-code_1.6.0+xenial_amd64.deb
f8f2a29277b6cc8373df876be2b5b0b9305b89b8a4ba25cf693db0f96dbd0826  build/xenial/securedrop-app-code_1.6.0+xenial.tar.gz
07571d73d4cb07e223da82773689189c7884a58b3e0cd0099a487af1ba5c0d5f  build/xenial/securedrop-config-0.1.3+1.6.0-amd64.deb
9f46c863f4d6d1b0b4d30eba39d9647436a887fef6362a4d4d55c9cb0e7b19ba  build/xenial/securedrop-grsec-4.14.188-amd64.deb
0c734d7b85eada89844f84e1f54b0a9e3c313678b9d9a2e5676da4eeedee2cfd  build/xenial/securedrop-keyring-0.1.4+1.6.0-amd64.deb
83281c70db3b89fe5084c8f38bf0a80fcb82bff690433b9bfd643956b90f4bc3  build/xenial/securedrop-ossec-agent-3.6.0+1.6.0-amd64.deb
b4c5b6ce0624adc30f80ff499fa202898814883bc5836403711bb7492660508e  build/xenial/securedrop-ossec-server-3.6.0+1.6.0-amd64.deb

