user@sd-dvm:~/securedrop$ git checkout 1.5.0
HEAD is now at f6f873e85 SecureDrop 1.5.0
user@sd-dvm:~/securedrop$ git status
HEAD detached at 1.5.0
nothing to commit, working tree clean
user@sd-dvm:~/securedrop$ git tag -v 1.5.0
object f6f873e85fccf901ad47c167a8c46ee1ff9c931e
type commit
tag 1.5.0
tagger John Hensley <john@freedom.press> 1595950776 +0000

SecureDrop 1.5.0
gpg: Signature made Tue 28 Jul 2020 11:57:12 AM EDT
gpg:                using RSA key 22245C81E3BAEB4138B36061310F561200F4AD77
gpg: Good signature from "SecureDrop Release Signing Key" [unknown]
gpg:                 aka "SecureDrop Release Signing Key <securedrop-release-key@freedom.press>" [unknown]
gpg: WARNING: This key is not certified with a trusted signature!
gpg:          There is no indication that the signature belongs to the owner.
Primary key fingerprint: 2224 5C81 E3BA EB41 38B3  6061 310F 5612 00F4 AD77
user@sd-dvm:~/securedrop$ git show
commit f6f873e85fccf901ad47c167a8c46ee1ff9c931e (HEAD, tag: 1.5.0, origin/finalize-1.5.0-version)
Author: John Hensley <john@freedom.press>
Date:   Tue Jul 28 15:39:23 2020 +0000

    SecureDrop 1.5.0

diff --git a/changelog.md b/changelog.md
index c8d83eea0..d32557878 100644
--- a/changelog.md
+++ b/changelog.md
@@ -1,33 +1,41 @@
 # Changelog

-## 1.5.0~rc3
+## 1.5.0

-* Remove unused/disabled source onion service info files (#5404)
-
-## 1.5.0~rc2
+### Web Applications

 * Fixes #5378, adds more checks for invalid username (#5380)
-* Consistent usage of "onion services" terminology (#5379)
-* Add v2 deprecation timeline & warnings to docs (#5373)
+* Add v2 onion service deprecation warning to journalist interface (#5366)
+* Changed modal_warning message in the delete source dialogue to match the context (#5358)
+* Further redaction of wordlist (#5357)
+* Handle case of deleted journalists (#5284)

-## 1.5.0~rc1
+### Operations

+* Remove unused/disabled source onion service info files (#5404)
 * Update Tor to 0.4.3.6 (#5374)
 * Add v2 onion service deprecation warning to securedrop-admin (#5370)
-* Add v2 onion service deprecation warning to journalist interface (#5366)
 * Update kernel version to 4.14.188 (#5365)
-* Changed modal_warning message in the delete source dialogue to match the context (#5358)
-* Further redaction of wordlist (#5357)
+* Ignore tmp files in /var/lib/securedrop/shredder (#5308)
+
+### Journalist API
+
 * Handle disconnected replies in API endpoint (#5351)
 * Handle disconnected submissions in API endpoint (#5345)
-* Ignore tmp files in /var/lib/securedrop/shredder (#5308)
+
+### Documentation
+
+* Consistent usage of "onion services" terminology (#5379)
+* Add v2 deprecation timeline & warnings to docs (#5373)
+
+### Development
+
 * Add type annotations for source_app/utils.py (#5300)
 * Update syntax for existing type annotations (#5298)
-* Handle case of deleted journalists (#5284)

 ## 1.4.1

-* Bugfix: Updated securedrop-admin utility to validate instance configuration correctly when v3 onion services are disabled (#5334)`
+* Bugfix: Updated securedrop-admin utility to validate instance configuration correctly when v3 onion services are disabled (#5334)

 ## 1.4.0

diff --git a/docs/conf.py b/docs/conf.py
index dcbc6e3f0..284ff788b 100644
--- a/docs/conf.py
+++ b/docs/conf.py
@@ -59,9 +59,9 @@ author = u"SecureDrop Team and Contributors"
 # built documents.
 #
 # The short X.Y version.
-version = "1.4.1"
+version = "1.5.0"
 # The full version, including alpha/beta/rc tags.
-release = "1.4.1"
+release = "1.5.0"

 # The language for content autogenerated by Sphinx. Refer to documentation
 # for a list of supported languages.
diff --git a/docs/set_up_admin_tails.rst b/docs/set_up_admin_tails.rst
index 21df4338f..56a00deb1 100644
--- a/docs/set_up_admin_tails.rst
+++ b/docs/set_up_admin_tails.rst
@@ -136,8 +136,8 @@ signed with the release signing key:
 .. code:: sh

     cd ~/Persistent/securedrop/
-    git checkout 1.4.1
-    git tag -v 1.4.1
+    git checkout 1.5.0
+    git tag -v 1.5.0

 You should see ``Good signature from "SecureDrop Release Signing Key"`` in the
 output of that last command along with the fingerprint above.
diff --git a/install_files/ansible-base/group_vars/all/securedrop b/install_files/ansible-base/group_vars/all/securedrop
index 33deffc51..d95b835c2 100644
--- a/install_files/ansible-base/group_vars/all/securedrop
+++ b/install_files/ansible-base/group_vars/all/securedrop
@@ -2,8 +2,8 @@
 # Variables that apply to both the app and monitor server go in this file
 # If the monitor or app server need different values define the variable in
 # hosts_vars/app.yml or host_vars/mon.yml
-securedrop_app_code_version: "1.5.0~rc3"
-securedrop_app_code_sdist_version: "securedrop-app-code-1.5.0-rc3"
+securedrop_app_code_version: "1.5.0"
+securedrop_app_code_sdist_version: "securedrop-app-code-1.5.0"
 securedrop_app_code_sdist_name: "{{ securedrop_app_code_sdist_version }}.tar.gz"

 grsecurity: true
diff --git a/install_files/ansible-base/roles/build-securedrop-app-code-deb-pkg/files/changelog-xenial b/install_files/ansible-base/roles/build-securedrop-app-code-deb-pkg/files/changelog-xenial
index fb534634e..ca1f2e862 100644
--- a/install_files/ansible-base/roles/build-securedrop-app-code-deb-pkg/files/changelog-xenial
+++ b/install_files/ansible-base/roles/build-securedrop-app-code-deb-pkg/files/changelog-xenial
@@ -1,20 +1,8 @@
-securedrop-app-code (1.5.0~rc3+xenial) xenial; urgency=medium
-
-  * See changelog.md
-
- -- SecureDrop Team <securedrop@freedom.press>  Mon, 27 Jul 2020 13:10:13 +0000
-
-securedrop-app-code (1.5.0~rc2+xenial) xenial; urgency=medium
-
-  * See changelog.md
-
- -- SecureDrop Team <securedrop@freedom.press>  Mon, 20 Jul 2020 19:25:36 +0000
-
-securedrop-app-code (1.5.0~rc1+xenial) xenial; urgency=medium
+securedrop-app-code (1.5.0+xenial) xenial; urgency=medium

   * See changelog.md

- -- SecureDrop Team <securedrop@freedom.press>  Tue, 14 Jul 2020 21:37:42 +0000
+ -- SecureDrop Team <securedrop@freedom.press>  Tue, 28 Jul 2020 15:39:05 +0000

 securedrop-app-code (1.4.1+xenial) xenial; urgency=medium

diff --git a/install_files/securedrop-config/DEBIAN/control b/install_files/securedrop-config/DEBIAN/control
index 1d26cf607..789478c2b 100644
--- a/install_files/securedrop-config/DEBIAN/control
+++ b/install_files/securedrop-config/DEBIAN/control
@@ -4,7 +4,7 @@ Priority: optional
 Maintainer: SecureDrop Team <securedrop@freedom.press>
 Homepage: https://securedrop.org
 Package: securedrop-config
-Version: 0.1.3+1.5.0~rc3
+Version: 0.1.3+1.5.0
 Architecture: all
 Description: Establishes baseline system state for running SecureDrop.
  Configures apt repositories.
diff --git a/install_files/securedrop-keyring/DEBIAN/control b/install_files/securedrop-keyring/DEBIAN/control
index 6237b12c8..4d75879f0 100644
--- a/install_files/securedrop-keyring/DEBIAN/control
+++ b/install_files/securedrop-keyring/DEBIAN/control
@@ -4,7 +4,7 @@ Priority: optional
 Maintainer: SecureDrop Team <securedrop@freedom.press>
 Homepage: https://securedrop.org
 Package: securedrop-keyring
-Version: 0.1.4+1.5.0~rc3
+Version: 0.1.4+1.5.0
 Architecture: amd64
 Depends: gnupg
 Description: Provides an apt keyring for SecureDrop-related packages, so the master signing key used for SecureDrop packages can be updated via apt.
diff --git a/install_files/securedrop-ossec-agent/DEBIAN/control b/install_files/securedrop-ossec-agent/DEBIAN/control
index 3c5059e80..ce9257a20 100644
--- a/install_files/securedrop-ossec-agent/DEBIAN/control
+++ b/install_files/securedrop-ossec-agent/DEBIAN/control
@@ -4,7 +4,7 @@ Priority: optional
 Maintainer: SecureDrop Team <securedrop@freedom.press>
 Homepage: https://securedrop.org
 Package: securedrop-ossec-agent
-Version: 3.6.0+1.5.0~rc3
+Version: 3.6.0+1.5.0
 Architecture: amd64
 Depends: libevent-1.4-2,libpcre2-8-0,ossec-agent,securedrop-keyring,securedrop-config
 Replaces: ossec-agent
diff --git a/install_files/securedrop-ossec-server/DEBIAN/control b/install_files/securedrop-ossec-server/DEBIAN/control
index a51efb154..c2b658db0 100644
--- a/install_files/securedrop-ossec-server/DEBIAN/control
+++ b/install_files/securedrop-ossec-server/DEBIAN/control
@@ -4,7 +4,7 @@ Priority: optional
 Maintainer: SecureDrop Team <securedrop@freedom.press>
 Homepage: https://securedrop.org
 Package: securedrop-ossec-server
-Version: 3.6.0+1.5.0~rc3
+Version: 3.6.0+1.5.0
 Architecture: amd64
 Depends: libevent-1.4-2,libpcre2-8-0,ossec-server,securedrop-keyring,securedrop-config
 Replaces: ossec-server
diff --git a/molecule/builder-xenial/tests/vars.yml b/molecule/builder-xenial/tests/vars.yml
index 019caab89..5903e51d3 100644
--- a/molecule/builder-xenial/tests/vars.yml
+++ b/molecule/builder-xenial/tests/vars.yml
@@ -1,5 +1,5 @@
 ---
-securedrop_version: "1.5.0~rc3"
+securedrop_version: "1.5.0"
 ossec_version: "3.6.0"
 keyring_version: "0.1.4"
 config_version: "0.1.3"
diff --git a/molecule/shared/stable.ver b/molecule/shared/stable.ver
index 347f5833e..bc80560fa 100644
--- a/molecule/shared/stable.ver
+++ b/molecule/shared/stable.ver
@@ -1 +1 @@
-1.4.1
+1.5.0
diff --git a/securedrop/version.py b/securedrop/version.py
index 477603323..77f1c8e63 100644
--- a/securedrop/version.py
+++ b/securedrop/version.py
@@ -1 +1 @@
-__version__ = '1.5.0~rc3'
+__version__ = '1.5.0'
diff --git a/setup.py b/setup.py
index c30916ea3..73e18c6fb 100644
--- a/setup.py
+++ b/setup.py
@@ -4,7 +4,7 @@ long_description = "The SecureDrop whistleblower platform."

 setuptools.setup(
     name="securedrop-app-code",
-    version="1.5.0~rc3",
+    version="1.5.0",
     author="Freedom of the Press Foundation",
     author_email="securedrop@freedom.press",
     description="SecureDrop Server",
user@sd-dvm:~/securedrop$ make build-debs
Building SecureDrop Debian packages...
Creating Python 3 virtualenv in .venv
Already using interpreter /usr/bin/python3
Using base prefix '/usr'
New python executable in /home/user/securedrop/.venv/bin/python3
Also creating executable in /home/user/securedrop/.venv/bin/python
Installing setuptools, pkg_resources, pip, wheel...done.
--> Validating schema /home/user/securedrop/molecule/virtualbox-staging-xenial/molecule.yml.
Validation completed successfully.
--> Validating schema /home/user/securedrop/molecule/qubes-staging/molecule.yml.
Validation completed successfully.
--> Validating schema /home/user/securedrop/molecule/upgrade/molecule.yml.
Validation completed successfully.
--> Validating schema /home/user/securedrop/molecule/ansible-config/molecule.yml.
Validation completed successfully.
--> Validating schema /home/user/securedrop/molecule/libvirt-staging-xenial/molecule.yml.
Validation completed successfully.
--> Validating schema /home/user/securedrop/molecule/vagrant-packager/molecule.yml.
Validation completed successfully.
--> Validating schema /home/user/securedrop/molecule/fetch-tor-packages/molecule.yml.
Validation completed successfully.
--> Validating schema /home/user/securedrop/molecule/builder-xenial/molecule.yml.
Validation completed successfully.
--> Test matrix

└── builder-xenial
    ├── destroy
    ├── create
    ├── converge
    ├── verify
    └── destroy

--> Inventory /home/user/securedrop/molecule/builder-xenial/../../install_files/ansible-base/group_vars linked to /home/user/.cache/molecule/securedrop/builder-xenial/inventory/group_vars
--> Scenario: 'builder-xenial'
--> Action: 'destroy'

    PLAY [Destroy] *****************************************************************

    TASK [Destroy molecule instance(s)] ********************************************
    changed: [localhost] => (item={'name': 'xenial-sd-app', 'groups': ['builders']})
    changed: [localhost] => (item={'name': 'xenial-sd-generic-ossec-agent', 'groups': ['builders']})
    changed: [localhost] => (item={'name': 'xenial-sd-generic-ossec-server', 'groups': ['builders']})
    changed: [localhost] => (item={'name': 'xenial-sd-generic-ossec-agent2', 'groups': ['builders']})
    changed: [localhost] => (item={'name': 'xenial-sd-generic-ossec-server2', 'groups': ['builders']})
    changed: [localhost] => (item={'name': 'xenial-sd-grsec', 'groups': ['builders']})
    changed: [localhost] => (item={'name': 'xenial-sd-config', 'groups': ['builders']})
    changed: [localhost] => (item={'name': 'xenial-sd-keyring', 'groups': ['builders']})
    changed: [localhost] => (item={'name': 'xenial-sd-sec-update', 'groups': ['builders']})
    changed: [localhost] => (item={'name': 'xenial-sd-dpkg-verification', 'groups': ['testers']})

    PLAY RECAP *********************************************************************
    localhost                  : ok=1    changed=1    unreachable=0    failed=0    skipped=0    rescued=0    ignored=0

--> Inventory /home/user/securedrop/molecule/builder-xenial/../../install_files/ansible-base/group_vars linked to /home/user/.cache/molecule/securedrop/builder-xenial/inventory/group_vars
--> Scenario: 'builder-xenial'
--> Action: 'create'
--> Sanity checks: 'docker'

    PLAY [Create] ******************************************************************

    TASK [debug] *******************************************************************
    ok: [localhost] => {
        "msg": "Building with Docker image quay.io/freedomofpress/sd-docker-builder-xenial@sha256:9cfdae58bb673fc7c336864faa223732e6ad169a5d1c4ccd5d76217afc5385f6"
    }

    TASK [Create builders] *********************************************************
    changed: [localhost] => (item={'name': 'xenial-sd-app', 'groups': ['builders']})
    changed: [localhost] => (item={'name': 'xenial-sd-generic-ossec-agent', 'groups': ['builders']})
    changed: [localhost] => (item={'name': 'xenial-sd-generic-ossec-server', 'groups': ['builders']})
    changed: [localhost] => (item={'name': 'xenial-sd-generic-ossec-agent2', 'groups': ['builders']})
    changed: [localhost] => (item={'name': 'xenial-sd-generic-ossec-server2', 'groups': ['builders']})
    changed: [localhost] => (item={'name': 'xenial-sd-grsec', 'groups': ['builders']})
    changed: [localhost] => (item={'name': 'xenial-sd-config', 'groups': ['builders']})
    changed: [localhost] => (item={'name': 'xenial-sd-keyring', 'groups': ['builders']})
    changed: [localhost] => (item={'name': 'xenial-sd-sec-update', 'groups': ['builders']})
    changed: [localhost] => (item={'name': 'xenial-sd-dpkg-verification', 'groups': ['testers']})

    PLAY RECAP *********************************************************************
    localhost                  : ok=2    changed=1    unreachable=0    failed=0    skipped=0    rescued=0    ignored=0

--> Inventory /home/user/securedrop/molecule/builder-xenial/../../install_files/ansible-base/group_vars linked to /home/user/.cache/molecule/securedrop/builder-xenial/inventory/group_vars
--> Scenario: 'builder-xenial'
--> Action: 'converge'

    PLAY [Build SecureDrop application Debian package from local repository.] ******

    TASK [Gathering Facts] *********************************************************
    ok: [xenial-sd-generic-ossec-agent]
    ok: [xenial-sd-app]
    ok: [xenial-sd-generic-ossec-server]
    ok: [xenial-sd-config]
    ok: [xenial-sd-generic-ossec-agent2]

    TASK [build-securedrop-app-code-deb-pkg : Copy install_files/securedrop-app-code to prep directory] ***
    changed: [xenial-sd-app]

    TASK [Gathering Facts] *********************************************************
    ok: [xenial-sd-grsec]
    ok: [xenial-sd-sec-update]
    ok: [xenial-sd-generic-ossec-server2]
    ok: [xenial-sd-keyring]

    TASK [build-securedrop-app-code-deb-pkg : Copy app code to prep directory under var/www/securedrop] ***
    changed: [xenial-sd-app]

    TASK [build-securedrop-app-code-deb-pkg : Copy setup.py to prep directory] *****
    changed: [xenial-sd-app]

    TASK [build-securedrop-app-code-deb-pkg : Copy MANIFEST.in to prep directory] ***
    changed: [xenial-sd-app]

    TASK [build-securedrop-app-code-deb-pkg : Copy requirements.txt to prep directory] ***
    changed: [xenial-sd-app]

    TASK [build-securedrop-app-code-deb-pkg : Install sass Ruby gem] ***************
    changed: [xenial-sd-app]

    TASK [build-securedrop-app-code-deb-pkg : Create static asset directories.] ****
    changed: [xenial-sd-app] => (item=/tmp/securedrop-app-code_1.5.0+xenial_amd64-prep/var/www/securedrop/static/css)
    changed: [xenial-sd-app] => (item=/tmp/securedrop-app-code_1.5.0+xenial_amd64-prep/var/www/securedrop/static/gen)
    changed: [xenial-sd-app] => (item=/tmp/securedrop-app-code_1.5.0+xenial_amd64-prep/var/www/securedrop/static/.webassets-cache)

    TASK [build-securedrop-app-code-deb-pkg : Compile SASS to CSS.] ****************
    changed: [xenial-sd-app]

    TASK [build-securedrop-app-code-deb-pkg : Remove temporary SASS directory from package build directory.] ***
    changed: [xenial-sd-app] => (item=sass)
    changed: [xenial-sd-app] => (item=.sass-cache)

    TASK [build-ossec-deb-pkg : Create src path folder] ****************************
    changed: [xenial-sd-generic-ossec-server] => (item=/tmp/build/ossec-server)
    ok: [xenial-sd-generic-ossec-server] => (item=/tmp/build)
[DEPRECATION WARNING]: Invoking "apt" only once while using a loop via
squash_actions is deprecated. Instead of using a loop to supply multiple items
and specifying `name: "{{ item }}"`, please use `name: '{{
build_ossec_deb_pkg_dependencies }}'` and remove the loop. This feature will be
 removed in version 2.11. Deprecation warnings can be disabled by setting
deprecation_warnings=False in ansible.cfg.

    TASK [build-ossec-deb-pkg : Install python-requests for URL fetching] **********
    changed: [xenial-sd-generic-ossec-server]
[DEPRECATION WARNING]: Invoking "apt" only once while using a loop via
squash_actions is deprecated. Instead of using a loop to supply multiple items
and specifying `name: "{{ item }}"`, please use `name: '{{
build_ossec_deb_pkg_dependencies }}'` and remove the loop. This feature will be
 removed in version 2.11. Deprecation warnings can be disabled by setting
deprecation_warnings=False in ansible.cfg.
[DEPRECATION WARNING]: Invoking "apt" only once while using a loop via
squash_actions is deprecated. Instead of using a loop to supply multiple items
and specifying `name: "{{ item }}"`, please use `name: '{{
build_ossec_deb_pkg_dependencies }}'` and remove the loop. This feature will be
 removed in version 2.11. Deprecation warnings can be disabled by setting
deprecation_warnings=False in ansible.cfg.

    TASK [build-ossec-deb-pkg : Copy over current directory for repo build] ********
    changed: [xenial-sd-generic-ossec-server]
[DEPRECATION WARNING]: Invoking "apt" only once while using a loop via
squash_actions is deprecated. Instead of using a loop to supply multiple items
and specifying `name: "{{ item }}"`, please use `name: '{{
build_ossec_deb_pkg_dependencies }}'` and remove the loop. This feature will be
 removed in version 2.11. Deprecation warnings can be disabled by setting
deprecation_warnings=False in ansible.cfg.
[DEPRECATION WARNING]: Invoking "apt" only once while using a loop via
squash_actions is deprecated. Instead of using a loop to supply multiple items
and specifying `name: "{{ item }}"`, please use `name: '{{
build_ossec_deb_pkg_dependencies }}'` and remove the loop. This feature will be
 removed in version 2.11. Deprecation warnings can be disabled by setting
deprecation_warnings=False in ansible.cfg.

    TASK [build-ossec-deb-pkg : Include OSSEC download URLs.] **********************
    ok: [xenial-sd-generic-ossec-server]
[DEPRECATION WARNING]: Invoking "apt" only once while using a loop via
squash_actions is deprecated. Instead of using a loop to supply multiple items
and specifying `name: "{{ item }}"`, please use `name: '{{
build_ossec_deb_pkg_dependencies }}'` and remove the loop. This feature will be
 removed in version 2.11. Deprecation warnings can be disabled by setting
deprecation_warnings=False in ansible.cfg.

    TASK [build-ossec-deb-pkg : Download OSSEC tarball.] ***************************
    changed: [xenial-sd-generic-ossec-server]
[DEPRECATION WARNING]: Invoking "apt" only once while using a loop via
squash_actions is deprecated. Instead of using a loop to supply multiple items
and specifying `name: "{{ item }}"`, please use `name: '{{
build_ossec_deb_pkg_dependencies }}'` and remove the loop. This feature will be
 removed in version 2.11. Deprecation warnings can be disabled by setting
deprecation_warnings=False in ansible.cfg.

    TASK [build-ossec-deb-pkg : Download OSSEC signature.] *************************
    changed: [xenial-sd-generic-ossec-server]

    TASK [build-ossec-deb-pkg : Copy OSSEC archive GPG key.] ***********************
    changed: [xenial-sd-generic-ossec-server]

    TASK [build-ossec-deb-pkg : Import OSSEC archive GPG key.] *********************
    changed: [xenial-sd-generic-ossec-server]
[DEPRECATION WARNING]: Invoking "apt" only once while using a loop via
squash_actions is deprecated. Instead of using a loop to supply multiple items
and specifying `name: "{{ item }}"`, please use `name: '{{
build_ossec_deb_pkg_dependencies }}'` and remove the loop. This feature will be
 removed in version 2.11. Deprecation warnings can be disabled by setting
deprecation_warnings=False in ansible.cfg.

    TASK [build-ossec-deb-pkg : Verify signature of OSSEC tarball.] ****************
    changed: [xenial-sd-generic-ossec-server]
[DEPRECATION WARNING]: Invoking "apt" only once while using a loop via
squash_actions is deprecated. Instead of using a loop to supply multiple items
and specifying `name: "{{ item }}"`, please use `name: '{{
build_ossec_deb_pkg_dependencies }}'` and remove the loop. This feature will be
 removed in version 2.11. Deprecation warnings can be disabled by setting
deprecation_warnings=False in ansible.cfg.

    TASK [build-securedrop-app-code-deb-pkg : Install SecureDrop Python requirements in container] ***
    changed: [xenial-sd-app]

    TASK [build-ossec-deb-pkg : Create src path folder] ****************************
    changed: [xenial-sd-generic-ossec-agent] => (item=/tmp/build/ossec-agent)

    TASK [build-securedrop-app-code-deb-pkg : Compile PO to MO.] *******************
    changed: [xenial-sd-app]

    TASK [build-ossec-deb-pkg : Create src path folder] ****************************
    ok: [xenial-sd-generic-ossec-agent] => (item=/tmp/build)

    TASK [build-ossec-deb-pkg : Install apt dependencies for building OSSEC packages.] ***
    changed: [xenial-sd-generic-ossec-server] => (item=libevent1-dev)

    TASK [build-securedrop-app-code-deb-pkg : Create apparmor.d directory in prep directory] ***
    changed: [xenial-sd-app]

    TASK [build-securedrop-app-code-deb-pkg : Copy AppArmor profiles to prep path] ***
    changed: [xenial-sd-app] => (item=usr.sbin.tor)
    changed: [xenial-sd-app] => (item=usr.sbin.apache2)
[DEPRECATION WARNING]: Invoking "apt" only once while using a loop via
squash_actions is deprecated. Instead of using a loop to supply multiple items
and specifying `name: "{{ item }}"`, please use `name: '{{
build_ossec_deb_pkg_dependencies }}'` and remove the loop. This feature will be
 removed in version 2.11. Deprecation warnings can be disabled by setting
deprecation_warnings=False in ansible.cfg.

    TASK [build-ossec-deb-pkg : Install python-requests for URL fetching] **********
    changed: [xenial-sd-generic-ossec-agent]

    TASK [build-ossec-deb-pkg : Install apt dependencies for building OSSEC packages.] ***
    changed: [xenial-sd-generic-ossec-server] => (item=libpcre2-dev)

    TASK [build-ossec-deb-pkg : Copy over current directory for repo build] ********
    changed: [xenial-sd-generic-ossec-agent]

    TASK [build-securedrop-app-code-deb-pkg : Replace placeholder changelog to dist-specific changelog] ***
    changed: [xenial-sd-app]

    TASK [build-generic-pkg : Find any jinja templates] ****************************
    ok: [xenial-sd-config -> localhost]

    TASK [build-ossec-deb-pkg : Extract OSSEC source tarball.] *********************
    changed: [xenial-sd-generic-ossec-server]

    TASK [build-securedrop-app-code-deb-pkg : Create lib/systemd/services directory in prep directory] ***
    changed: [xenial-sd-app]

    TASK [build-ossec-deb-pkg : Include OSSEC download URLs.] **********************
    ok: [xenial-sd-generic-ossec-agent]

    TASK [build-ossec-deb-pkg : Create /etc directory within source directory.] ****
    ok: [xenial-sd-generic-ossec-server]

    TASK [build-securedrop-app-code-deb-pkg : Copy systemd service configurations to prep path] ***
    changed: [xenial-sd-app] => (item=securedrop_rqrequeue.service)

    TASK [build-ossec-deb-pkg : Download OSSEC tarball.] ***************************
    changed: [xenial-sd-generic-ossec-agent]
[DEPRECATION WARNING]: Invoking "apt" only once while using a loop via
squash_actions is deprecated. Instead of using a loop to supply multiple items
and specifying `name: "{{ item }}"`, please use `name: '{{
build_ossec_deb_pkg_dependencies }}'` and remove the loop. This feature will be
 removed in version 2.11. Deprecation warnings can be disabled by setting
deprecation_warnings=False in ansible.cfg.

    TASK [build-securedrop-app-code-deb-pkg : Copy systemd service configurations to prep path] ***
    changed: [xenial-sd-app] => (item=securedrop_rqworker.service)

    TASK [build-ossec-deb-pkg : Copy OSSEC preloaded vars template.] ***************
    changed: [xenial-sd-generic-ossec-server]
[DEPRECATION WARNING]: Invoking "apt" only once while using a loop via
squash_actions is deprecated. Instead of using a loop to supply multiple items
and specifying `name: "{{ item }}"`, please use `name: '{{
build_ossec_deb_pkg_dependencies }}'` and remove the loop. This feature will be
 removed in version 2.11. Deprecation warnings can be disabled by setting
deprecation_warnings=False in ansible.cfg.

    TASK [build-securedrop-app-code-deb-pkg : Copy systemd service configurations to prep path] ***
    changed: [xenial-sd-app] => (item=securedrop_shredder.service)
[DEPRECATION WARNING]: Invoking "apt" only once while using a loop via
squash_actions is deprecated. Instead of using a loop to supply multiple items
and specifying `name: "{{ item }}"`, please use `name: '{{
build_ossec_deb_pkg_dependencies }}'` and remove the loop. This feature will be
 removed in version 2.11. Deprecation warnings can be disabled by setting
deprecation_warnings=False in ansible.cfg.

    TASK [build-ossec-deb-pkg : Download OSSEC signature.] *************************
    changed: [xenial-sd-generic-ossec-agent]

    TASK [build-securedrop-app-code-deb-pkg : Copy systemd service configurations to prep path] ***
    changed: [xenial-sd-app] => (item=securedrop_source_deleter.service)

    TASK [build-ossec-deb-pkg : Disable JIT in OSSEC Makefile] *********************
    changed: [xenial-sd-generic-ossec-server]

    TASK [build-generic-pkg : Find any jinja templates] ****************************
    ok: [xenial-sd-config -> localhost]
[DEPRECATION WARNING]: Invoking "apt" only once while using a loop via
squash_actions is deprecated. Instead of using a loop to supply multiple items
and specifying `name: "{{ item }}"`, please use `name: '{{
build_ossec_deb_pkg_dependencies }}'` and remove the loop. This feature will be
 removed in version 2.11. Deprecation warnings can be disabled by setting
deprecation_warnings=False in ansible.cfg.

    TASK [build-securedrop-app-code-deb-pkg : Create sdist in prep dir] ************
    changed: [xenial-sd-app]

    TASK [build-ossec-deb-pkg : Copy OSSEC archive GPG key.] ***********************
    changed: [xenial-sd-generic-ossec-agent]

    TASK [build-ossec-deb-pkg : Import OSSEC archive GPG key.] *********************
    changed: [xenial-sd-generic-ossec-agent]

    TASK [build-securedrop-app-code-deb-pkg : Create build dir] ********************
    changed: [xenial-sd-app]

    TASK [build-ossec-deb-pkg : Verify signature of OSSEC tarball.] ****************
    changed: [xenial-sd-generic-ossec-agent]

    TASK [build-securedrop-app-code-deb-pkg : Extract sdist to build dir] **********
    changed: [xenial-sd-app]
[DEPRECATION WARNING]: Invoking "apt" only once while using a loop via
squash_actions is deprecated. Instead of using a loop to supply multiple items
and specifying `name: "{{ item }}"`, please use `name: '{{
build_ossec_deb_pkg_dependencies }}'` and remove the loop. This feature will be
 removed in version 2.11. Deprecation warnings can be disabled by setting
deprecation_warnings=False in ansible.cfg.

    TASK [build-securedrop-app-code-deb-pkg : Create empty static asset directories in build dir] ***
    changed: [xenial-sd-app] => (item=/tmp/securedrop-app-code_1.5.0+xenial_amd64/var/www/securedrop/static/gen)

    TASK [build-generic-pkg : Find any jinja templates] ****************************
    ok: [xenial-sd-config -> localhost]

    TASK [build-securedrop-app-code-deb-pkg : Create empty static asset directories in build dir] ***
    changed: [xenial-sd-app] => (item=/tmp/securedrop-app-code_1.5.0+xenial_amd64/var/www/securedrop/static/.webassets-cache)

    TASK [build-ossec-deb-pkg : Run OSSEC installer script on extracted source.] ***
    changed: [xenial-sd-generic-ossec-server]

    TASK [build-securedrop-app-code-deb-pkg : Create empty static asset directories in build dir] ***
    changed: [xenial-sd-app] => (item=/tmp/securedrop-app-code_1.5.0+xenial_amd64/var/www/securedrop/.well-known/pki-validation)

    TASK [build-generic-pkg : Find any jinja templates] ****************************
    ok: [xenial-sd-generic-ossec-agent2 -> localhost]

    TASK [build-ossec-deb-pkg : Install apt dependencies for building OSSEC packages.] ***
    changed: [xenial-sd-generic-ossec-agent] => (item=libevent1-dev)

    TASK [build-ossec-deb-pkg : Create OSSEC build directory.] *********************
    changed: [xenial-sd-generic-ossec-server] => (item=/tmp/build/ossec-server-3.6.0-amd64)
    changed: [xenial-sd-generic-ossec-server] => (item=/tmp/build/ossec-server-3.6.0-amd64/var)

    TASK [build-ossec-deb-pkg : Remove client.keys to avoid overwriting existing client.keys] ***
    changed: [xenial-sd-generic-ossec-server]

    TASK [build-generic-pkg : Find any jinja templates] ****************************
    ok: [xenial-sd-config -> localhost]

    TASK [build-generic-pkg : Reduce weird path re-usage] **************************
    ok: [xenial-sd-generic-ossec-agent2]

    TASK [build-ossec-deb-pkg : Copy /var/ossec/ to OSSEC build directory.] ********
    changed: [xenial-sd-generic-ossec-server]

    TASK [build-generic-pkg : Reduce weird path re-usage] **************************
    ok: [xenial-sd-generic-ossec-server2]

    TASK [build-ossec-deb-pkg : Install apt dependencies for building OSSEC packages.] ***
    changed: [xenial-sd-generic-ossec-agent] => (item=libpcre2-dev)

    TASK [build-generic-pkg : Ensure build directory in-place] *********************
    ok: [xenial-sd-generic-ossec-agent2]

    TASK [build-ossec-deb-pkg : Copy OSSEC DEBIAN package scripts to build directory.] ***
    changed: [xenial-sd-generic-ossec-server]

    TASK [build-generic-pkg : Ensure build directory in-place] *********************
    ok: [xenial-sd-generic-ossec-server2]

    TASK [build-ossec-deb-pkg : Extract OSSEC source tarball.] *********************
    changed: [xenial-sd-generic-ossec-agent]

    TASK [build-generic-pkg : Copy app code to build directory.] *******************
    changed: [xenial-sd-generic-ossec-agent2]

    TASK [build-generic-pkg : Copy app code to build directory.] *******************
    changed: [xenial-sd-generic-ossec-server2]

    TASK [build-ossec-deb-pkg : Create /etc directory within source directory.] ****
    ok: [xenial-sd-generic-ossec-agent]

    TASK [build-ossec-deb-pkg : Copy OSSEC DEBIAN/control template to build directory.] ***
    changed: [xenial-sd-generic-ossec-server]

    TASK [build-generic-pkg : Find any jinja templates] ****************************
    ok: [xenial-sd-generic-ossec-agent2 -> localhost]

    TASK [build-generic-pkg : Find any jinja templates] ****************************
    ok: [xenial-sd-generic-ossec-server2 -> localhost]

    TASK [build-ossec-deb-pkg : Copy OSSEC /usr and /etc directories to build directory.] ***
    changed: [xenial-sd-generic-ossec-server] => (item=etc)

    TASK [build-ossec-deb-pkg : Copy OSSEC preloaded vars template.] ***************
    changed: [xenial-sd-generic-ossec-agent]

    TASK [build-ossec-deb-pkg : Copy OSSEC /usr and /etc directories to build directory.] ***
    changed: [xenial-sd-generic-ossec-server] => (item=usr)

    TASK [build-generic-pkg : Reduce weird path re-usage] **************************
    ok: [xenial-sd-config]

    TASK [build-generic-pkg : Find any jinja templates] ****************************
    ok: [xenial-sd-keyring -> localhost]
    ok: [xenial-sd-grsec -> localhost]

    TASK [build-ossec-deb-pkg : Disable JIT in OSSEC Makefile] *********************
    changed: [xenial-sd-generic-ossec-agent]

    TASK [build-generic-pkg : run bash script to build generic packages] ***********
    changed: [xenial-sd-generic-ossec-agent2]

    TASK [build-generic-pkg : Ensure build directory in-place] *********************
    ok: [xenial-sd-config]

    TASK [build-generic-pkg : Track down package] **********************************
    ok: [xenial-sd-generic-ossec-agent2]

    TASK [build-generic-pkg : Copy app code to build directory.] *******************
    changed: [xenial-sd-config]

    TASK [build-generic-pkg : Find any jinja templates] ****************************
    ok: [xenial-sd-config -> localhost]

    TASK [build-generic-pkg : run bash script to build generic packages] ***********
    changed: [xenial-sd-generic-ossec-server2]

    TASK [build-ossec-deb-pkg : Build SecureDrop OSSEC deb package.] ***************
    changed: [xenial-sd-generic-ossec-server]

    TASK [build-generic-pkg : Fetch back package] **********************************
    changed: [xenial-sd-generic-ossec-agent2] => (item={'atime': 1595960194.515, 'mtime': 1595960194.515, 'size': 4544, 'isdir': False, 'wusr': True, 'isuid': False, 'ischr': False, 'rusr': True, 'mode': '0644', 'islnk': False, 'xusr': False, 'uid': 0, 'gid': 0, 'roth': True, 'isreg': True, 'inode': 320215, 'isfifo': False, 'ctime': 1595960194.515, 'isgid': False, 'gr_name': 'root', 'wgrp': False, 'issock': False, 'path': '/tmp/securedrop-ossec-agent-3.6.0+1.5.0-amd64.deb', 'pw_name': 'root', 'woth': False, 'rgrp': True, 'isblk': False, 'xgrp': False, 'nlink': 1, 'dev': 83, 'xoth': False})

    TASK [build-generic-pkg : Track down package] **********************************
    ok: [xenial-sd-generic-ossec-server2]

    TASK [build-generic-pkg : Find any jinja templates] ****************************
    ok: [xenial-sd-sec-update -> localhost]

    TASK [build-ossec-deb-pkg : Delete OSSEC build directories and config files.] ***
    changed: [xenial-sd-generic-ossec-server] => (item=/etc/init.d/ossec)

    TASK [build-generic-pkg : run bash script to build generic packages] ***********
    changed: [xenial-sd-config]

    TASK [build-ossec-deb-pkg : Delete OSSEC build directories and config files.] ***
    changed: [xenial-sd-generic-ossec-server] => (item=/etc/ossec-init.conf)

    TASK [build-generic-pkg : Fetch back package] **********************************
    changed: [xenial-sd-generic-ossec-server2] => (item={'dev': 95, 'pw_name': 'root', 'ischr': False, 'atime': 1595960207.76, 'uid': 0, 'mtime': 1595960207.76, 'isblk': False, 'wusr': True, 'islnk': False, 'xgrp': False, 'issock': False, 'ctime': 1595960207.76, 'wgrp': False, 'gid': 0, 'path': '/tmp/securedrop-ossec-server-3.6.0+1.5.0-amd64.deb', 'isgid': False, 'nlink': 1, 'gr_name': 'root', 'isuid': False, 'mode': '0644', 'size': 7608, 'inode': 320352, 'xoth': False, 'isreg': True, 'roth': True, 'rusr': True, 'isdir': False, 'rgrp': True, 'woth': False, 'xusr': False, 'isfifo': False})

    TASK [build-ossec-deb-pkg : Delete OSSEC build directories and config files.] ***
    changed: [xenial-sd-generic-ossec-server] => (item=/var/ossec)

    TASK [build-generic-pkg : Track down package] **********************************
    ok: [xenial-sd-config]

    TASK [build-ossec-deb-pkg : Run OSSEC installer script on extracted source.] ***
    changed: [xenial-sd-generic-ossec-agent]

    TASK [build-ossec-deb-pkg : Delete OSSEC build directories and config files.] ***
    changed: [xenial-sd-generic-ossec-server] => (item=/tmp/OSSEC-ARCHIVE-KEY.asc)

    TASK [build-generic-pkg : Fetch back package] **********************************
    changed: [xenial-sd-config] => (item={'gr_name': 'root', 'islnk': False, 'ctime': 1595960225.642, 'xusr': False, 'isgid': False, 'size': 2734, 'uid': 0, 'mtime': 1595960225.642, 'isdir': False, 'wusr': True, 'path': '/tmp/securedrop-config-0.1.3+1.5.0-amd64.deb', 'isreg': True, 'pw_name': 'root', 'atime': 1595960225.642, 'isfifo': False, 'rgrp': True, 'nlink': 1, 'dev': 119, 'isuid': False, 'rusr': True, 'gid': 0, 'ischr': False, 'woth': False, 'issock': False, 'wgrp': False, 'roth': True, 'isblk': False, 'xgrp': False, 'inode': 320773, 'xoth': False, 'mode': '0644'})

    TASK [build-ossec-deb-pkg : Create OSSEC build directory.] *********************
    changed: [xenial-sd-generic-ossec-agent] => (item=/tmp/build/ossec-agent-3.6.0-amd64)

    TASK [build-ossec-deb-pkg : Fetch newly built Debian packages back to localhost.] ***
    changed: [xenial-sd-generic-ossec-server]

    TASK [build-generic-pkg : Find any jinja templates] ****************************
    ok: [xenial-sd-generic-ossec-agent2 -> localhost]

    TASK [build-ossec-deb-pkg : Create OSSEC build directory.] *********************
    changed: [xenial-sd-generic-ossec-agent] => (item=/tmp/build/ossec-agent-3.6.0-amd64/var)

    TASK [build-generic-pkg : Find any jinja templates] ****************************
    ok: [xenial-sd-grsec -> localhost]

    TASK [build-ossec-deb-pkg : Remove client.keys to avoid overwriting existing client.keys] ***
    changed: [xenial-sd-generic-ossec-agent]

    TASK [build-generic-pkg : Find any jinja templates] ****************************
    ok: [xenial-sd-generic-ossec-server2 -> localhost]

    TASK [build-ossec-deb-pkg : Copy /var/ossec/ to OSSEC build directory.] ********
    changed: [xenial-sd-generic-ossec-agent]

    TASK [build-generic-pkg : Find any jinja templates] ****************************
    ok: [xenial-sd-keyring -> localhost]

    TASK [build-ossec-deb-pkg : Copy OSSEC DEBIAN package scripts to build directory.] ***
    changed: [xenial-sd-generic-ossec-agent]

    TASK [build-generic-pkg : Find any jinja templates] ****************************
    ok: [xenial-sd-sec-update -> localhost]

    TASK [build-ossec-deb-pkg : Copy OSSEC DEBIAN/control template to build directory.] ***
    changed: [xenial-sd-generic-ossec-agent]
[DEPRECATION WARNING]: Invoking "apt" only once while using a loop via
squash_actions is deprecated. Instead of using a loop to supply multiple items
and specifying `name: "{{ item }}"`, please use `name: '{{
build_ossec_deb_pkg_dependencies }}'` and remove the loop. This feature will be
 removed in version 2.11. Deprecation warnings can be disabled by setting
deprecation_warnings=False in ansible.cfg.

    TASK [build-generic-pkg : Find any jinja templates] ****************************
    ok: [xenial-sd-generic-ossec-agent2 -> localhost]

    TASK [build-ossec-deb-pkg : Copy OSSEC /usr and /etc directories to build directory.] ***
    changed: [xenial-sd-generic-ossec-agent] => (item=etc)

    TASK [build-generic-pkg : Reduce weird path re-usage] **************************
    ok: [xenial-sd-keyring]

    TASK [build-ossec-deb-pkg : Copy OSSEC /usr and /etc directories to build directory.] ***
    changed: [xenial-sd-generic-ossec-agent] => (item=usr)

    TASK [build-generic-pkg : Find any jinja templates] ****************************
    ok: [xenial-sd-generic-ossec-server2 -> localhost]
    ok: [xenial-sd-grsec -> localhost]

    TASK [build-generic-pkg : Ensure build directory in-place] *********************
    ok: [xenial-sd-keyring]

    TASK [build-ossec-deb-pkg : Build SecureDrop OSSEC deb package.] ***************
    changed: [xenial-sd-generic-ossec-agent]

    TASK [build-generic-pkg : Copy app code to build directory.] *******************
    changed: [xenial-sd-keyring]

    TASK [build-generic-pkg : Find any jinja templates] ****************************
    ok: [xenial-sd-keyring -> localhost]

    TASK [build-ossec-deb-pkg : Delete OSSEC build directories and config files.] ***
    changed: [xenial-sd-generic-ossec-agent] => (item=/etc/init.d/ossec)

    TASK [build-generic-pkg : Find any jinja templates] ****************************
    ok: [xenial-sd-sec-update -> localhost]

    TASK [build-ossec-deb-pkg : Delete OSSEC build directories and config files.] ***
    changed: [xenial-sd-generic-ossec-agent] => (item=/etc/ossec-init.conf)

    TASK [build-generic-pkg : Find any jinja templates] ****************************
    ok: [xenial-sd-generic-ossec-agent2 -> localhost]

    TASK [build-ossec-deb-pkg : Delete OSSEC build directories and config files.] ***
    changed: [xenial-sd-generic-ossec-agent] => (item=/var/ossec)
    changed: [xenial-sd-generic-ossec-agent] => (item=/tmp/OSSEC-ARCHIVE-KEY.asc)

    TASK [build-generic-pkg : Reduce weird path re-usage] **************************
    ok: [xenial-sd-grsec]

    TASK [build-ossec-deb-pkg : Fetch newly built Debian packages back to localhost.] ***
    changed: [xenial-sd-generic-ossec-agent]

    TASK [build-generic-pkg : run bash script to build generic packages] ***********
    changed: [xenial-sd-keyring]

    TASK [build-generic-pkg : Ensure build directory in-place] *********************
    ok: [xenial-sd-grsec]

    TASK [build-generic-pkg : Find any jinja templates] ****************************
    ok: [xenial-sd-generic-ossec-server2 -> localhost]

    TASK [build-generic-pkg : Track down package] **********************************
    ok: [xenial-sd-keyring]

    TASK [build-generic-pkg : Copy app code to build directory.] *******************
    changed: [xenial-sd-grsec]

    TASK [build-generic-pkg : Find any jinja templates] ****************************
    ok: [xenial-sd-generic-ossec-agent -> localhost]

    TASK [build-generic-pkg : Fetch back package] **********************************
    changed: [xenial-sd-keyring] => (item={'uid': 0, 'pw_name': 'root', 'mode': '0644', 'ischr': False, 'nlink': 1, 'issock': False, 'wgrp': False, 'isfifo': False, 'gr_name': 'root', 'woth': False, 'xgrp': False, 'rgrp': True, 'gid': 0, 'roth': True, 'isuid': False, 'wusr': True, 'isreg': True, 'path': '/tmp/securedrop-keyring-0.1.4+1.5.0-amd64.deb', 'size': 5832, 'inode': 320444, 'rusr': True, 'atime': 1595960330.704, 'dev': 131, 'mtime': 1595960330.704, 'xoth': False, 'xusr': False, 'isblk': False, 'ctime': 1595960330.704, 'islnk': False, 'isdir': False, 'isgid': False})

    TASK [build-generic-pkg : Find any jinja templates] ****************************
    ok: [xenial-sd-grsec -> localhost]

    TASK [build-generic-pkg : Create any necessary parent directories for jinja files] ***
    ok: [xenial-sd-grsec] => (item={'path': '/home/user/securedrop/install_files/securedrop-grsec/DEBIAN/control.j2', 'mode': '0644', 'isdir': False, 'ischr': False, 'isblk': False, 'isreg': True, 'isfifo': False, 'islnk': False, 'issock': False, 'uid': 1000, 'gid': 1000, 'size': 501, 'inode': 980, 'dev': 51728, 'nlink': 1, 'atime': 1595958138.529, 'mtime': 1595958082.28, 'ctime': 1595958082.28, 'gr_name': 'user', 'pw_name': 'user', 'wusr': True, 'rusr': True, 'xusr': False, 'wgrp': False, 'rgrp': True, 'xgrp': False, 'woth': False, 'roth': True, 'xoth': False, 'isuid': False, 'isgid': False})

    TASK [build-generic-pkg : Find any jinja templates] ****************************
    ok: [xenial-sd-generic-ossec-server -> localhost]

    TASK [build-generic-pkg : Find any jinja templates] ****************************
    ok: [xenial-sd-sec-update -> localhost]
    ok: [xenial-sd-keyring -> localhost]

    TASK [build-generic-pkg : Template out any jinja files found and copy over] ****
    changed: [xenial-sd-grsec] => (item={'path': '/home/user/securedrop/install_files/securedrop-grsec/DEBIAN/control.j2', 'mode': '0644', 'isdir': False, 'ischr': False, 'isblk': False, 'isreg': True, 'isfifo': False, 'islnk': False, 'issock': False, 'uid': 1000, 'gid': 1000, 'size': 501, 'inode': 980, 'dev': 51728, 'nlink': 1, 'atime': 1595958138.529, 'mtime': 1595958082.28, 'ctime': 1595958082.28, 'gr_name': 'user', 'pw_name': 'user', 'wusr': True, 'rusr': True, 'xusr': False, 'wgrp': False, 'rgrp': True, 'xgrp': False, 'woth': False, 'roth': True, 'xoth': False, 'isuid': False, 'isgid': False})

    TASK [build-generic-pkg : Find any jinja templates] ****************************
    ok: [xenial-sd-generic-ossec-server2 -> localhost]

    TASK [build-generic-pkg : run bash script to build generic packages] ***********
    changed: [xenial-sd-grsec]

    TASK [build-generic-pkg : Find any jinja templates] ****************************
    ok: [xenial-sd-generic-ossec-agent -> localhost]

    TASK [build-generic-pkg : Track down package] **********************************
    ok: [xenial-sd-grsec]

    TASK [build-generic-pkg : Fetch back package] **********************************
    changed: [xenial-sd-grsec] => (item={'ischr': False, 'wusr': True, 'pw_name': 'root', 'mode': '0644', 'isblk': False, 'nlink': 1, 'ctime': 1595960373.779, 'inode': 319875, 'rusr': True, 'xoth': False, 'gid': 0, 'isreg': True, 'dev': 107, 'size': 2300, 'issock': False, 'woth': False, 'isuid': False, 'isdir': False, 'gr_name': 'root', 'roth': True, 'rgrp': True, 'atime': 1595960373.779, 'mtime': 1595960373.779, 'xgrp': False, 'xusr': False, 'islnk': False, 'isfifo': False, 'isgid': False, 'path': '/tmp/securedrop-grsec-4.14.188-amd64.deb', 'uid': 0, 'wgrp': False})

    TASK [build-generic-pkg : Find any jinja templates] ****************************
    ok: [xenial-sd-generic-ossec-server -> localhost]

    TASK [build-generic-pkg : Find any jinja templates] ****************************
    ok: [xenial-sd-sec-update -> localhost]

    TASK [build-securedrop-app-code-deb-pkg : Build securedrop-app-code Debian package] ***
    changed: [xenial-sd-app]

    TASK [build-generic-pkg : Find any jinja templates] ****************************
    ok: [xenial-sd-keyring -> localhost]
    ok: [xenial-sd-grsec -> localhost]

    TASK [build-generic-pkg : Find any jinja templates] ****************************
    ok: [xenial-sd-generic-ossec-agent -> localhost]

    TASK [build-securedrop-app-code-deb-pkg : Find newly built Debian package] *****
    ok: [xenial-sd-app]

    TASK [build-securedrop-app-code-deb-pkg : Fetch newly built Debian packages back to localhost] ***
    changed: [xenial-sd-app] => (item={'isfifo': False, 'islnk': False, 'rusr': True, 'pw_name': 'root', 'nlink': 1, 'wusr': True, 'rgrp': True, 'isreg': True, 'inode': 319345, 'dev': 47, 'path': '/tmp/securedrop-app-code_1.5.0+xenial.tar.gz', 'roth': True, 'mode': '0644', 'atime': 1595960142.561, 'wgrp': False, 'uid': 0, 'isdir': False, 'isgid': False, 'xusr': False, 'xoth': False, 'woth': False, 'size': 2122633, 'isuid': False, 'gr_name': 'root', 'gid': 0, 'ctime': 1595960142.559, 'mtime': 1595960142.548, 'ischr': False, 'xgrp': False, 'isblk': False, 'issock': False})

    TASK [build-generic-pkg : Find any jinja templates] ****************************
    ok: [xenial-sd-generic-ossec-server -> localhost]

    TASK [build-securedrop-app-code-deb-pkg : Fetch newly built Debian packages back to localhost] ***
    changed: [xenial-sd-app] => (item={'isfifo': False, 'islnk': False, 'rusr': True, 'pw_name': 'root', 'nlink': 1, 'wusr': True, 'rgrp': True, 'isreg': True, 'inode': 319385, 'dev': 47, 'path': '/tmp/securedrop-app-code_1.5.0+xenial_amd64.deb', 'roth': True, 'mode': '0644', 'atime': 1595960395.78, 'wgrp': False, 'uid': 0, 'isdir': False, 'isgid': False, 'xusr': False, 'xoth': False, 'woth': False, 'size': 12848626, 'isuid': False, 'gr_name': 'root', 'gid': 0, 'ctime': 1595960395.581, 'mtime': 1595960395.581, 'ischr': False, 'xgrp': False, 'isblk': False, 'issock': False})

    TASK [Update apt-cache for our security checker] *******************************
    changed: [xenial-sd-sec-update]

    TASK [build-generic-pkg : Find any jinja templates] ****************************
    ok: [xenial-sd-generic-ossec-agent -> localhost]
    ok: [xenial-sd-generic-ossec-server -> localhost]
[DEPRECATION WARNING]: Invoking "apt" only once while using a loop via
squash_actions is deprecated. Instead of using a loop to supply multiple items
and specifying `name: "{{ item }}"`, please use `name: '{{
build_ossec_deb_pkg_dependencies }}'` and remove the loop. This feature will be
 removed in version 2.11. Deprecation warnings can be disabled by setting
deprecation_warnings=False in ansible.cfg.

    TASK [build-generic-pkg : Find any jinja templates] ****************************
    ok: [xenial-sd-generic-ossec-agent -> localhost]
    ok: [xenial-sd-generic-ossec-server -> localhost]
[DEPRECATION WARNING]: Invoking "apt" only once while using a loop via
squash_actions is deprecated. Instead of using a loop to supply multiple items
and specifying `name: "{{ item }}"`, please use `name: '{{
build_ossec_deb_pkg_dependencies }}'` and remove the loop. This feature will be
 removed in version 2.11. Deprecation warnings can be disabled by setting
deprecation_warnings=False in ansible.cfg.

    TASK [build-generic-pkg : Find any jinja templates] ****************************
    ok: [xenial-sd-app -> localhost]

    TASK [build-generic-pkg : Find any jinja templates] ****************************
    ok: [xenial-sd-app -> localhost]

    TASK [build-generic-pkg : Find any jinja templates] ****************************
    ok: [xenial-sd-app -> localhost]

    TASK [build-generic-pkg : Find any jinja templates] ****************************
    ok: [xenial-sd-app -> localhost]

    TASK [build-generic-pkg : Find any jinja templates] ****************************
    ok: [xenial-sd-app -> localhost]

    PLAY [Give dpkg verify container access to debs] *******************************

    TASK [Discover local debian build files] ***************************************
    ok: [xenial-sd-dpkg-verification -> localhost]

    TASK [Create build dir] ********************************************************
    ok: [xenial-sd-dpkg-verification]

    TASK [Drop debian files into container] ****************************************
    changed: [xenial-sd-dpkg-verification] => (item={'path': '/home/user/securedrop/build/xenial/securedrop-keyring-0.1.4+1.5.0-amd64.deb', 'mode': '0644', 'isdir': False, 'ischr': False, 'isblk': False, 'isreg': True, 'isfifo': False, 'islnk': False, 'issock': False, 'uid': 1000, 'gid': 1000, 'size': 5832, 'inode': 2272, 'dev': 51728, 'nlink': 1, 'atime': 1595960347.193, 'mtime': 1595960347.193, 'ctime': 1595960347.193, 'gr_name': 'user', 'pw_name': 'user', 'wusr': True, 'rusr': True, 'xusr': False, 'wgrp': False, 'rgrp': True, 'xgrp': False, 'woth': False, 'roth': True, 'xoth': False, 'isuid': False, 'isgid': False})
    changed: [xenial-sd-dpkg-verification] => (item={'path': '/home/user/securedrop/build/xenial/securedrop-grsec-4.14.188-amd64.deb', 'mode': '0644', 'isdir': False, 'ischr': False, 'isblk': False, 'isreg': True, 'isfifo': False, 'islnk': False, 'issock': False, 'uid': 1000, 'gid': 1000, 'size': 2300, 'inode': 2269, 'dev': 51728, 'nlink': 1, 'atime': 1595960390.022, 'mtime': 1595960390.022, 'ctime': 1595960390.022, 'gr_name': 'user', 'pw_name': 'user', 'wusr': True, 'rusr': True, 'xusr': False, 'wgrp': False, 'rgrp': True, 'xgrp': False, 'woth': False, 'roth': True, 'xoth': False, 'isuid': False, 'isgid': False})
    changed: [xenial-sd-dpkg-verification] => (item={'path': '/home/user/securedrop/build/xenial/securedrop-ossec-server-3.6.0+1.5.0-amd64.deb', 'mode': '0644', 'isdir': False, 'ischr': False, 'isblk': False, 'isreg': True, 'isfifo': False, 'islnk': False, 'issock': False, 'uid': 1000, 'gid': 1000, 'size': 7608, 'inode': 2265, 'dev': 51728, 'nlink': 1, 'atime': 1595960230.201, 'mtime': 1595960230.201, 'ctime': 1595960230.201, 'gr_name': 'user', 'pw_name': 'user', 'wusr': True, 'rusr': True, 'xusr': False, 'wgrp': False, 'rgrp': True, 'xgrp': False, 'woth': False, 'roth': True, 'xoth': False, 'isuid': False, 'isgid': False})
    changed: [xenial-sd-dpkg-verification] => (item={'path': '/home/user/securedrop/build/xenial/ossec-server-3.6.0-amd64.deb', 'mode': '0644', 'isdir': False, 'ischr': False, 'isblk': False, 'isreg': True, 'isfifo': False, 'islnk': False, 'issock': False, 'uid': 1000, 'gid': 1000, 'size': 709606, 'inode': 2267, 'dev': 51728, 'nlink': 1, 'atime': 1595960245.436, 'mtime': 1595960245.434, 'ctime': 1595960245.434, 'gr_name': 'user', 'pw_name': 'user', 'wusr': True, 'rusr': True, 'xusr': False, 'wgrp': False, 'rgrp': True, 'xgrp': False, 'woth': False, 'roth': True, 'xoth': False, 'isuid': False, 'isgid': False})
    changed: [xenial-sd-dpkg-verification] => (item={'path': '/home/user/securedrop/build/xenial/securedrop-ossec-agent-3.6.0+1.5.0-amd64.deb', 'mode': '0644', 'isdir': False, 'ischr': False, 'isblk': False, 'isreg': True, 'isfifo': False, 'islnk': False, 'issock': False, 'uid': 1000, 'gid': 1000, 'size': 4544, 'inode': 2263, 'dev': 51728, 'nlink': 1, 'atime': 1595960214.616, 'mtime': 1595960214.616, 'ctime': 1595960214.616, 'gr_name': 'user', 'pw_name': 'user', 'wusr': True, 'rusr': True, 'xusr': False, 'wgrp': False, 'rgrp': True, 'xgrp': False, 'woth': False, 'roth': True, 'xoth': False, 'isuid': False, 'isgid': False})
    changed: [xenial-sd-dpkg-verification] => (item={'path': '/home/user/securedrop/build/xenial/ossec-agent-3.6.0-amd64.deb', 'mode': '0644', 'isdir': False, 'ischr': False, 'isblk': False, 'isreg': True, 'isfifo': False, 'islnk': False, 'issock': False, 'uid': 1000, 'gid': 1000, 'size': 283986, 'inode': 2268, 'dev': 51728, 'nlink': 1, 'atime': 1595960329.491, 'mtime': 1595960329.488, 'ctime': 1595960329.488, 'gr_name': 'user', 'pw_name': 'user', 'wusr': True, 'rusr': True, 'xusr': False, 'wgrp': False, 'rgrp': True, 'xgrp': False, 'woth': False, 'roth': True, 'xoth': False, 'isuid': False, 'isgid': False})
    changed: [xenial-sd-dpkg-verification] => (item={'path': '/home/user/securedrop/build/xenial/securedrop-config-0.1.3+1.5.0-amd64.deb', 'mode': '0644', 'isdir': False, 'ischr': False, 'isblk': False, 'isreg': True, 'isfifo': False, 'islnk': False, 'issock': False, 'uid': 1000, 'gid': 1000, 'size': 2734, 'inode': 2266, 'dev': 51728, 'nlink': 1, 'atime': 1595960241.183, 'mtime': 1595960241.183, 'ctime': 1595960241.183, 'gr_name': 'user', 'pw_name': 'user', 'wusr': True, 'rusr': True, 'xusr': False, 'wgrp': False, 'rgrp': True, 'xgrp': False, 'woth': False, 'roth': True, 'xoth': False, 'isuid': False, 'isgid': False})
    changed: [xenial-sd-dpkg-verification] => (item={'path': '/home/user/securedrop/build/xenial/securedrop-app-code_1.5.0+xenial_amd64.deb', 'mode': '0644', 'isdir': False, 'ischr': False, 'isblk': False, 'isreg': True, 'isfifo': False, 'islnk': False, 'issock': False, 'uid': 1000, 'gid': 1000, 'size': 12848626, 'inode': 2271, 'dev': 51728, 'nlink': 1, 'atime': 1595960410.903, 'mtime': 1595960410.885, 'ctime': 1595960410.885, 'gr_name': 'user', 'pw_name': 'user', 'wusr': True, 'rusr': True, 'xusr': False, 'wgrp': False, 'rgrp': True, 'xgrp': False, 'woth': False, 'roth': True, 'xoth': False, 'isuid': False, 'isgid': False})

    PLAY RECAP *********************************************************************
    xenial-sd-app              : ok=29   changed=22   unreachable=0    failed=0    skipped=89   rescued=0    ignored=0
    xenial-sd-config           : ok=12   changed=3    unreachable=0    failed=0    skipped=106  rescued=0    ignored=0
    xenial-sd-dpkg-verification : ok=3    changed=1    unreachable=0    failed=0    skipped=0    rescued=0    ignored=0
    xenial-sd-generic-ossec-agent : ok=30   changed=22   unreachable=0    failed=0    skipped=88   rescued=0    ignored=0
    xenial-sd-generic-ossec-agent2 : ok=12   changed=3    unreachable=0    failed=0    skipped=106  rescued=0    ignored=0
    xenial-sd-generic-ossec-server : ok=30   changed=22   unreachable=0    failed=0    skipped=88   rescued=0    ignored=0
    xenial-sd-generic-ossec-server2 : ok=12   changed=3    unreachable=0    failed=0    skipped=106  rescued=0    ignored=0
    xenial-sd-grsec            : ok=14   changed=4    unreachable=0    failed=0    skipped=104  rescued=0    ignored=0
    xenial-sd-keyring          : ok=12   changed=3    unreachable=0    failed=0    skipped=106  rescued=0    ignored=0
    xenial-sd-sec-update       : ok=7    changed=1    unreachable=0    failed=0    skipped=111  rescued=0    ignored=0

--> Inventory /home/user/securedrop/molecule/builder-xenial/../../install_files/ansible-base/group_vars linked to /home/user/.cache/molecule/securedrop/builder-xenial/inventory/group_vars
--> Scenario: 'builder-xenial'
--> Action: 'verify'
--> Executing Testinfra tests found in /home/user/securedrop/molecule/builder-xenial/tests//...
    ============================= test session starts ==============================
    platform linux -- Python 3.7.3, pytest-3.2.0, py-1.4.34, pluggy-0.4.0
    rootdir: /home/user/securedrop, inifile:
    plugins: testinfra-3.2.0, xdist-1.18.2
gw0 [225] / gw1 [225]
    scheduling tests via LoadScheduling
    .X...............................................................................................................................................................................................................................
    ==================== 224 passed, 1 xpassed in 52.45 seconds ====================
Verifier completed successfully.
--> Inventory /home/user/securedrop/molecule/builder-xenial/../../install_files/ansible-base/group_vars linked to /home/user/.cache/molecule/securedrop/builder-xenial/inventory/group_vars
--> Scenario: 'builder-xenial'
--> Action: 'destroy'

    PLAY [Destroy] *****************************************************************

    TASK [Destroy molecule instance(s)] ********************************************
    changed: [localhost] => (item={'name': 'xenial-sd-app', 'groups': ['builders']})
    changed: [localhost] => (item={'name': 'xenial-sd-generic-ossec-agent', 'groups': ['builders']})
    changed: [localhost] => (item={'name': 'xenial-sd-generic-ossec-server', 'groups': ['builders']})
    changed: [localhost] => (item={'name': 'xenial-sd-generic-ossec-agent2', 'groups': ['builders']})
    changed: [localhost] => (item={'name': 'xenial-sd-generic-ossec-server2', 'groups': ['builders']})
    changed: [localhost] => (item={'name': 'xenial-sd-grsec', 'groups': ['builders']})
    changed: [localhost] => (item={'name': 'xenial-sd-config', 'groups': ['builders']})
    changed: [localhost] => (item={'name': 'xenial-sd-keyring', 'groups': ['builders']})
    changed: [localhost] => (item={'name': 'xenial-sd-sec-update', 'groups': ['builders']})
    changed: [localhost] => (item={'name': 'xenial-sd-dpkg-verification', 'groups': ['testers']})

    PLAY RECAP *********************************************************************
    localhost                  : ok=1    changed=1    unreachable=0    failed=0    skipped=0    rescued=0    ignored=0

--> Pruning extra files from scenario ephemeral directory

user@sd-dvm:~/securedrop$ sha256sum build/xenial/*
7561f9559cf4a01c467eed71826a18e55772ef0750dc9dee624d15b4c06a0aec  build/xenial/ossec-agent-3.6.0-amd64.deb
b718b979cb3af729e0c1faa71e59ee949726e2efd3e4a10cf60d3b2bc00969b9  build/xenial/ossec-server-3.6.0-amd64.deb
16141520661d8f4b41d6133c2939a5f7890a10d8d2c66a6fae56dbd32b50c782  build/xenial/securedrop-app-code_1.5.0+xenial_amd64.deb
478e423bd7156a9a0b8da5ad2cc8f3cdce82822c1db60a50de7aa904084a0114  build/xenial/securedrop-app-code_1.5.0+xenial.tar.gz
aee09f4a9f5defa81c795de2f12685a7e37db85c8f160841af04b586b67ab35b  build/xenial/securedrop-config-0.1.3+1.5.0-amd64.deb
3828b145fd6e5931eb3ab495c63f22dafac7ec4580a618049694195651502054  build/xenial/securedrop-grsec-4.14.188-amd64.deb
e29fb68849506f9d16df41af5dc0fb9ec40acfd0ff771ac3753823687309ef8c  build/xenial/securedrop-keyring-0.1.4+1.5.0-amd64.deb
cb7d45c509a2c5ade88837b63644c2e826c9dc34a29f78d176d9d4a08955dbca  build/xenial/securedrop-ossec-agent-3.6.0+1.5.0-amd64.deb
e12d5669156936d049c67d5652c5853585bae2f1e21d00120584c43b579aefc9  build/xenial/securedrop-ossec-server-3.6.0+1.5.0-amd64.deb
