(securedrop) user@builder-disposable:~/securedrop$ git tag -v 1.3.0
object 0fdab9c70cf40d1f5fa0ec5a44a1aff0a084170b
type commit
tag 1.3.0
tagger mickael e. <mickael@freedom.press> 1589405893 +0000

SecureDrop 1.3.0
gpg: Signature made Wed 13 May 2020 05:46:05 PM EDT
gpg:                using RSA key 22245C81E3BAEB4138B36061310F561200F4AD77
gpg: Good signature from "SecureDrop Release Signing Key <securedrop-release-key@freedom.press>" [unknown]
gpg: WARNING: This key is not certified with a trusted signature!
gpg:          There is no indication that the signature belongs to the owner.
Primary key fingerprint: 2224 5C81 E3BA EB41 38B3  6061 310F 5612 00F4 AD77
(securedrop) user@builder-disposable:~/securedrop$ git checkout 1.3.0
HEAD is now at 0fdab9c70 SecureDrop release 1.3.0
(securedrop) user@builder-disposable:~/securedrop$ pip install --no-deps --require-hashes -r securedrop/requirements/python3/develop-requirements.txt 
Requirement already satisfied: alabaster==0.7.10 in /home/user/.virtualenvs/securedrop/lib/python3.7/site-packages (from -r securedrop/requirements/python3/develop-requirements.txt (line 7)) (0.7.10)
Requirement already satisfied: ansible-lint==4.1.0 in /home/user/.virtualenvs/securedrop/lib/python3.7/site-packages (from -r securedrop/requirements/python3/develop-requirements.txt (line 11)) (4.1.0)
Requirement already satisfied: ansible==2.9.7 in /home/user/.virtualenvs/securedrop/lib/python3.7/site-packages (from -r securedrop/requirements/python3/develop-requirements.txt (line 15)) (2.9.7)
Requirement already satisfied: anyconfig==0.9.7 in /home/user/.virtualenvs/securedrop/lib/python3.7/site-packages (from -r securedrop/requirements/python3/develop-requirements.txt (line 17)) (0.9.7)
Requirement already satisfied: apipkg==1.4 in /home/user/.virtualenvs/securedrop/lib/python3.7/site-packages (from -r securedrop/requirements/python3/develop-requirements.txt (line 20)) (1.4)
Requirement already satisfied: argh==0.26.2 in /home/user/.virtualenvs/securedrop/lib/python3.7/site-packages (from -r securedrop/requirements/python3/develop-requirements.txt (line 24)) (0.26.2)
Requirement already satisfied: arrow==0.10.0 in /home/user/.virtualenvs/securedrop/lib/python3.7/site-packages (from -r securedrop/requirements/python3/develop-requirements.txt (line 28)) (0.10.0)
Requirement already satisfied: asn1crypto==0.22.0 in /home/user/.virtualenvs/securedrop/lib/python3.7/site-packages (from -r securedrop/requirements/python3/develop-requirements.txt (line 31)) (0.22.0)
Requirement already satisfied: aspy.yaml==1.3.0 in /home/user/.virtualenvs/securedrop/lib/python3.7/site-packages (from -r securedrop/requirements/python3/develop-requirements.txt (line 35)) (1.3.0)
Requirement already satisfied: astroid==2.4.0 in /home/user/.virtualenvs/securedrop/lib/python3.7/site-packages (from -r securedrop/requirements/python3/develop-requirements.txt (line 39)) (2.4.0)
Requirement already satisfied: babel==2.4.0 in /home/user/.virtualenvs/securedrop/lib/python3.7/site-packages (from -r securedrop/requirements/python3/develop-requirements.txt (line 43)) (2.4.0)
Requirement already satisfied: bandit==1.4.0 in /home/user/.virtualenvs/securedrop/lib/python3.7/site-packages (from -r securedrop/requirements/python3/develop-requirements.txt (line 47)) (1.4.0)
Requirement already satisfied: bcrypt==3.1.3 in /home/user/.virtualenvs/securedrop/lib/python3.7/site-packages (from -r securedrop/requirements/python3/develop-requirements.txt (line 50)) (3.1.3)
Requirement already satisfied: binaryornot==0.4.4 in /home/user/.virtualenvs/securedrop/lib/python3.7/site-packages (from -r securedrop/requirements/python3/develop-requirements.txt (line 88)) (0.4.4)
Requirement already satisfied: boto3==1.5.24 in /home/user/.virtualenvs/securedrop/lib/python3.7/site-packages (from -r securedrop/requirements/python3/develop-requirements.txt (line 92)) (1.5.24)
Requirement already satisfied: boto==2.48.0 in /home/user/.virtualenvs/securedrop/lib/python3.7/site-packages (from -r securedrop/requirements/python3/develop-requirements.txt (line 95)) (2.48.0)
Requirement already satisfied: botocore==1.8.38 in /home/user/.virtualenvs/securedrop/lib/python3.7/site-packages (from -r securedrop/requirements/python3/develop-requirements.txt (line 98)) (1.8.38)
Requirement already satisfied: cerberus==1.3.1 in /home/user/.virtualenvs/securedrop/lib/python3.7/site-packages (from -r securedrop/requirements/python3/develop-requirements.txt (line 102)) (1.3.1)
Requirement already satisfied: certifi==2017.7.27.1 in /home/user/.virtualenvs/securedrop/lib/python3.7/site-packages (from -r securedrop/requirements/python3/develop-requirements.txt (line 105)) (2017.7.27.1)
Requirement already satisfied: cffi==1.10.0 in /home/user/.virtualenvs/securedrop/lib/python3.7/site-packages (from -r securedrop/requirements/python3/develop-requirements.txt (line 109)) (1.10.0)
Requirement already satisfied: cfgv==2.0.1 in /home/user/.virtualenvs/securedrop/lib/python3.7/site-packages (from -r securedrop/requirements/python3/develop-requirements.txt (line 147)) (2.0.1)
Requirement already satisfied: chardet==3.0.4 in /home/user/.virtualenvs/securedrop/lib/python3.7/site-packages (from -r securedrop/requirements/python3/develop-requirements.txt (line 151)) (3.0.4)
Requirement already satisfied: click-completion==0.3.1 in /home/user/.virtualenvs/securedrop/lib/python3.7/site-packages (from -r securedrop/requirements/python3/develop-requirements.txt (line 155)) (0.3.1)
Requirement already satisfied: click==6.7 in /home/user/.virtualenvs/securedrop/lib/python3.7/site-packages (from -r securedrop/requirements/python3/develop-requirements.txt (line 158)) (6.7)
Requirement already satisfied: colorama==0.3.9 in /home/user/.virtualenvs/securedrop/lib/python3.7/site-packages (from -r securedrop/requirements/python3/develop-requirements.txt (line 162)) (0.3.9)
Requirement already satisfied: cookiecutter==1.6.0 in /home/user/.virtualenvs/securedrop/lib/python3.7/site-packages (from -r securedrop/requirements/python3/develop-requirements.txt (line 166)) (1.6.0)
Requirement already satisfied: cryptography==2.7 in /home/user/.virtualenvs/securedrop/lib/python3.7/site-packages (from -r securedrop/requirements/python3/develop-requirements.txt (line 170)) (2.7)
Requirement already satisfied: dnspython==1.15.0 in /home/user/.virtualenvs/securedrop/lib/python3.7/site-packages (from -r securedrop/requirements/python3/develop-requirements.txt (line 187)) (1.15.0)
Requirement already satisfied: docker-py==1.10.6 in /home/user/.virtualenvs/securedrop/lib/python3.7/site-packages (from -r securedrop/requirements/python3/develop-requirements.txt (line 190)) (1.10.6)
Requirement already satisfied: docker-pycreds==0.2.1 in /home/user/.virtualenvs/securedrop/lib/python3.7/site-packages (from -r securedrop/requirements/python3/develop-requirements.txt (line 193)) (0.2.1)
Requirement already satisfied: docopt==0.6.2 in /home/user/.virtualenvs/securedrop/lib/python3.7/site-packages (from -r securedrop/requirements/python3/develop-requirements.txt (line 197)) (0.6.2)
Requirement already satisfied: docutils==0.14 in /home/user/.virtualenvs/securedrop/lib/python3.7/site-packages (from -r securedrop/requirements/python3/develop-requirements.txt (line 200)) (0.14)
Requirement already satisfied: dparse==0.4.1 in /home/user/.virtualenvs/securedrop/lib/python3.7/site-packages (from -r securedrop/requirements/python3/develop-requirements.txt (line 205)) (0.4.1)
Requirement already satisfied: entrypoints==0.3 in /home/user/.virtualenvs/securedrop/lib/python3.7/site-packages (from -r securedrop/requirements/python3/develop-requirements.txt (line 209)) (0.3)
Requirement already satisfied: execnet==1.4.1 in /home/user/.virtualenvs/securedrop/lib/python3.7/site-packages (from -r securedrop/requirements/python3/develop-requirements.txt (line 213)) (1.4.1)
Requirement already satisfied: fasteners==0.14.1 in /home/user/.virtualenvs/securedrop/lib/python3.7/site-packages (from -r securedrop/requirements/python3/develop-requirements.txt (line 217)) (0.14.1)
Requirement already satisfied: flake8==3.7.7 in /home/user/.virtualenvs/securedrop/lib/python3.7/site-packages (from -r securedrop/requirements/python3/develop-requirements.txt (line 221)) (3.7.7)
Requirement already satisfied: future==0.16.0 in /home/user/.virtualenvs/securedrop/lib/python3.7/site-packages (from -r securedrop/requirements/python3/develop-requirements.txt (line 224)) (0.16.0)
Requirement already satisfied: git-url-parse==1.0.2 in /home/user/.virtualenvs/securedrop/lib/python3.7/site-packages (from -r securedrop/requirements/python3/develop-requirements.txt (line 227)) (1.0.2)
Requirement already satisfied: gitdb2==2.0.3 in /home/user/.virtualenvs/securedrop/lib/python3.7/site-packages (from -r securedrop/requirements/python3/develop-requirements.txt (line 232)) (2.0.3)
Requirement already satisfied: gitpython==2.1.8 in /home/user/.virtualenvs/securedrop/lib/python3.7/site-packages (from -r securedrop/requirements/python3/develop-requirements.txt (line 236)) (2.1.8)
Requirement already satisfied: html-linter==0.4.0 in /home/user/.virtualenvs/securedrop/lib/python3.7/site-packages (from -r securedrop/requirements/python3/develop-requirements.txt (line 240)) (0.4.0)
Requirement already satisfied: identify==1.4.7 in /home/user/.virtualenvs/securedrop/lib/python3.7/site-packages (from -r securedrop/requirements/python3/develop-requirements.txt (line 242)) (1.4.7)
Requirement already satisfied: idna==2.5 in /home/user/.virtualenvs/securedrop/lib/python3.7/site-packages (from -r securedrop/requirements/python3/develop-requirements.txt (line 246)) (2.5)
Requirement already satisfied: imagesize==0.7.1 in /home/user/.virtualenvs/securedrop/lib/python3.7/site-packages (from -r securedrop/requirements/python3/develop-requirements.txt (line 250)) (0.7.1)
Requirement already satisfied: importlib-metadata==0.23 in /home/user/.virtualenvs/securedrop/lib/python3.7/site-packages (from -r securedrop/requirements/python3/develop-requirements.txt (line 254)) (0.23)
Requirement already satisfied: importlib-resources==1.0.2 in /home/user/.virtualenvs/securedrop/lib/python3.7/site-packages (from -r securedrop/requirements/python3/develop-requirements.txt (line 258)) (1.0.2)
Requirement already satisfied: isort==4.2.15 in /home/user/.virtualenvs/securedrop/lib/python3.7/site-packages (from -r securedrop/requirements/python3/develop-requirements.txt (line 262)) (4.2.15)
Requirement already satisfied: jinja2-time==0.2.0 in /home/user/.virtualenvs/securedrop/lib/python3.7/site-packages (from -r securedrop/requirements/python3/develop-requirements.txt (line 266)) (0.2.0)
Requirement already satisfied: jinja2==2.10.1 in /home/user/.virtualenvs/securedrop/lib/python3.7/site-packages (from -r securedrop/requirements/python3/develop-requirements.txt (line 270)) (2.10.1)
Requirement already satisfied: jmespath==0.9.3 in /home/user/.virtualenvs/securedrop/lib/python3.7/site-packages (from -r securedrop/requirements/python3/develop-requirements.txt (line 274)) (0.9.3)
Requirement already satisfied: lazy-object-proxy==1.4.3 in /home/user/.virtualenvs/securedrop/lib/python3.7/site-packages (from -r securedrop/requirements/python3/develop-requirements.txt (line 278)) (1.4.3)
Requirement already satisfied: livereload==2.5.1 in /home/user/.virtualenvs/securedrop/lib/python3.7/site-packages (from -r securedrop/requirements/python3/develop-requirements.txt (line 301)) (2.5.1)
Requirement already satisfied: markupsafe==1.1.1 in /home/user/.virtualenvs/securedrop/lib/python3.7/site-packages (from -r securedrop/requirements/python3/develop-requirements.txt (line 305)) (1.1.1)
Requirement already satisfied: mccabe==0.6.1 in /home/user/.virtualenvs/securedrop/lib/python3.7/site-packages (from -r securedrop/requirements/python3/develop-requirements.txt (line 339)) (0.6.1)
Requirement already satisfied: molecule==2.22 in /home/user/.virtualenvs/securedrop/lib/python3.7/site-packages (from -r securedrop/requirements/python3/develop-requirements.txt (line 343)) (2.22)
Requirement already satisfied: monotonic==1.4 in /home/user/.virtualenvs/securedrop/lib/python3.7/site-packages (from -r securedrop/requirements/python3/develop-requirements.txt (line 346)) (1.4)
Requirement already satisfied: more-itertools==7.2.0 in /home/user/.virtualenvs/securedrop/lib/python3.7/site-packages (from -r securedrop/requirements/python3/develop-requirements.txt (line 350)) (7.2.0)
Requirement already satisfied: mypy-extensions==0.4.3 in /home/user/.virtualenvs/securedrop/lib/python3.7/site-packages (from -r securedrop/requirements/python3/develop-requirements.txt (line 354)) (0.4.3)
Requirement already satisfied: mypy==0.761 in /home/user/.virtualenvs/securedrop/lib/python3.7/site-packages (from -r securedrop/requirements/python3/develop-requirements.txt (line 358)) (0.761)
Requirement already satisfied: netaddr==0.7.19 in /home/user/.virtualenvs/securedrop/lib/python3.7/site-packages (from -r securedrop/requirements/python3/develop-requirements.txt (line 373)) (0.7.19)
Requirement already satisfied: nodeenv==1.3.3 in /home/user/.virtualenvs/securedrop/lib/python3.7/site-packages (from -r securedrop/requirements/python3/develop-requirements.txt (line 376)) (1.3.3)
Requirement already satisfied: packaging==16.8 in /home/user/.virtualenvs/securedrop/lib/python3.7/site-packages (from -r securedrop/requirements/python3/develop-requirements.txt (line 379)) (16.8)
Requirement already satisfied: paramiko==2.6.0 in /home/user/.virtualenvs/securedrop/lib/python3.7/site-packages (from -r securedrop/requirements/python3/develop-requirements.txt (line 383)) (2.6.0)
Requirement already satisfied: pathspec==0.5.5 in /home/user/.virtualenvs/securedrop/lib/python3.7/site-packages (from -r securedrop/requirements/python3/develop-requirements.txt (line 387)) (0.5.5)
Requirement already satisfied: pathtools==0.1.2 in /home/user/.virtualenvs/securedrop/lib/python3.7/site-packages (from -r securedrop/requirements/python3/develop-requirements.txt (line 390)) (0.1.2)
Requirement already satisfied: pbr==5.1.1 in /home/user/.virtualenvs/securedrop/lib/python3.7/site-packages (from -r securedrop/requirements/python3/develop-requirements.txt (line 393)) (5.1.1)
Requirement already satisfied: pexpect==4.6.0 in /home/user/.virtualenvs/securedrop/lib/python3.7/site-packages (from -r securedrop/requirements/python3/develop-requirements.txt (line 397)) (4.6.0)
Requirement already satisfied: pip-tools==4.0.0 in /home/user/.virtualenvs/securedrop/lib/python3.7/site-packages (from -r securedrop/requirements/python3/develop-requirements.txt (line 401)) (4.0.0)
Requirement already satisfied: port_for==0.3.1 in /home/user/.virtualenvs/securedrop/lib/python3.7/site-packages (from -r securedrop/requirements/python3/develop-requirements.txt (line 404)) (0.3.1)
Requirement already satisfied: poyo==0.4.1 in /home/user/.virtualenvs/securedrop/lib/python3.7/site-packages (from -r securedrop/requirements/python3/develop-requirements.txt (line 407)) (0.4.1)
Requirement already satisfied: pre-commit==1.18.3 in /home/user/.virtualenvs/securedrop/lib/python3.7/site-packages (from -r securedrop/requirements/python3/develop-requirements.txt (line 411)) (1.18.3)
Requirement already satisfied: prompt_toolkit==2.0.9 in /home/user/.virtualenvs/securedrop/lib/python3.7/site-packages (from -r securedrop/requirements/python3/develop-requirements.txt (line 415)) (2.0.9)
Requirement already satisfied: psutil==5.7.0 in /home/user/.virtualenvs/securedrop/lib/python3.7/site-packages (from -r securedrop/requirements/python3/develop-requirements.txt (line 419)) (5.7.0)
Requirement already satisfied: ptyprocess==0.5.2 in /home/user/.virtualenvs/securedrop/lib/python3.7/site-packages (from -r securedrop/requirements/python3/develop-requirements.txt (line 431)) (0.5.2)
Requirement already satisfied: py==1.4.34 in /home/user/.virtualenvs/securedrop/lib/python3.7/site-packages (from -r securedrop/requirements/python3/develop-requirements.txt (line 435)) (1.4.34)
Requirement already satisfied: pycodestyle==2.5.0 in /home/user/.virtualenvs/securedrop/lib/python3.7/site-packages (from -r securedrop/requirements/python3/develop-requirements.txt (line 439)) (2.5.0)
Requirement already satisfied: pycparser==2.18 in /home/user/.virtualenvs/securedrop/lib/python3.7/site-packages (from -r securedrop/requirements/python3/develop-requirements.txt (line 443)) (2.18)
Requirement already satisfied: pyenchant==2.0.0 in /home/user/.virtualenvs/securedrop/lib/python3.7/site-packages (from -r securedrop/requirements/python3/develop-requirements.txt (line 446)) (2.0.0)
Requirement already satisfied: pyflakes==2.1.1 in /home/user/.virtualenvs/securedrop/lib/python3.7/site-packages (from -r securedrop/requirements/python3/develop-requirements.txt (line 450)) (2.1.1)
Requirement already satisfied: pygments==2.2.0 in /home/user/.virtualenvs/securedrop/lib/python3.7/site-packages (from -r securedrop/requirements/python3/develop-requirements.txt (line 454)) (2.2.0)
Requirement already satisfied: pylint==2.5.0 in /home/user/.virtualenvs/securedrop/lib/python3.7/site-packages (from -r securedrop/requirements/python3/develop-requirements.txt (line 458)) (2.5.0)
Requirement already satisfied: pynacl==1.1.2 in /home/user/.virtualenvs/securedrop/lib/python3.7/site-packages (from -r securedrop/requirements/python3/develop-requirements.txt (line 461)) (1.1.2)
Requirement already satisfied: pyparsing==2.2.0 in /home/user/.virtualenvs/securedrop/lib/python3.7/site-packages (from -r securedrop/requirements/python3/develop-requirements.txt (line 491)) (2.2.0)
Requirement already satisfied: pytest-xdist==1.18.2 in /home/user/.virtualenvs/securedrop/lib/python3.7/site-packages (from -r securedrop/requirements/python3/develop-requirements.txt (line 495)) (1.18.2)
Requirement already satisfied: pytest==3.2.0 in /home/user/.virtualenvs/securedrop/lib/python3.7/site-packages (from -r securedrop/requirements/python3/develop-requirements.txt (line 497)) (3.2.0)
Requirement already satisfied: python-dateutil==2.6.1 in /home/user/.virtualenvs/securedrop/lib/python3.7/site-packages (from -r securedrop/requirements/python3/develop-requirements.txt (line 501)) (2.6.1)
Requirement already satisfied: python-gilt==1.2.1 in /home/user/.virtualenvs/securedrop/lib/python3.7/site-packages (from -r securedrop/requirements/python3/develop-requirements.txt (line 505)) (1.2.1)
Requirement already satisfied: python-vagrant==0.5.15 in /home/user/.virtualenvs/securedrop/lib/python3.7/site-packages (from -r securedrop/requirements/python3/develop-requirements.txt (line 510)) (0.5.15)
Requirement already satisfied: pytz==2017.2 in /home/user/.virtualenvs/securedrop/lib/python3.7/site-packages (from -r securedrop/requirements/python3/develop-requirements.txt (line 512)) (2017.2)
Requirement already satisfied: pyyaml==5.3.1 in /home/user/.virtualenvs/securedrop/lib/python3.7/site-packages (from -r securedrop/requirements/python3/develop-requirements.txt (line 516)) (5.3.1)
Requirement already satisfied: requests==2.22.0 in /home/user/.virtualenvs/securedrop/lib/python3.7/site-packages (from -r securedrop/requirements/python3/develop-requirements.txt (line 528)) (2.22.0)
Requirement already satisfied: ruamel.yaml==0.15.97 in /home/user/.virtualenvs/securedrop/lib/python3.7/site-packages (from -r securedrop/requirements/python3/develop-requirements.txt (line 532)) (0.15.97)
Requirement already satisfied: s3transfer==0.1.12 in /home/user/.virtualenvs/securedrop/lib/python3.7/site-packages (from -r securedrop/requirements/python3/develop-requirements.txt (line 552)) (0.1.12)
Requirement already satisfied: safety==1.8.7 in /home/user/.virtualenvs/securedrop/lib/python3.7/site-packages (from -r securedrop/requirements/python3/develop-requirements.txt (line 556)) (1.8.7)
Requirement already satisfied: sh==1.12.14 in /home/user/.virtualenvs/securedrop/lib/python3.7/site-packages (from -r securedrop/requirements/python3/develop-requirements.txt (line 559)) (1.12.14)
Requirement already satisfied: six==1.14.0 in /home/user/.virtualenvs/securedrop/lib/python3.7/site-packages (from -r securedrop/requirements/python3/develop-requirements.txt (line 563)) (1.14.0)
Requirement already satisfied: smmap2==2.0.3 in /home/user/.virtualenvs/securedrop/lib/python3.7/site-packages (from -r securedrop/requirements/python3/develop-requirements.txt (line 567)) (2.0.3)
Requirement already satisfied: snowballstemmer==1.2.1 in /home/user/.virtualenvs/securedrop/lib/python3.7/site-packages (from -r securedrop/requirements/python3/develop-requirements.txt (line 571)) (1.2.1)
Requirement already satisfied: sphinx-autobuild==0.7.1 in /home/user/.virtualenvs/securedrop/lib/python3.7/site-packages (from -r securedrop/requirements/python3/develop-requirements.txt (line 575)) (0.7.1)
Requirement already satisfied: sphinx-rtd-theme==0.2.4 in /home/user/.virtualenvs/securedrop/lib/python3.7/site-packages (from -r securedrop/requirements/python3/develop-requirements.txt (line 578)) (0.2.4)
Requirement already satisfied: sphinx==1.6.3 in /home/user/.virtualenvs/securedrop/lib/python3.7/site-packages (from -r securedrop/requirements/python3/develop-requirements.txt (line 581)) (1.6.3)
Requirement already satisfied: sphinxcontrib-websupport==1.0.1 in /home/user/.virtualenvs/securedrop/lib/python3.7/site-packages (from -r securedrop/requirements/python3/develop-requirements.txt (line 584)) (1.0.1)
Requirement already satisfied: stevedore==1.28.0 in /home/user/.virtualenvs/securedrop/lib/python3.7/site-packages (from -r securedrop/requirements/python3/develop-requirements.txt (line 588)) (1.28.0)
Requirement already satisfied: tabulate==0.8.3 in /home/user/.virtualenvs/securedrop/lib/python3.7/site-packages (from -r securedrop/requirements/python3/develop-requirements.txt (line 592)) (0.8.3)
Requirement already satisfied: template-remover==0.1.9 in /home/user/.virtualenvs/securedrop/lib/python3.7/site-packages (from -r securedrop/requirements/python3/develop-requirements.txt (line 595)) (0.1.9)
Requirement already satisfied: testinfra==3.2.0 in /home/user/.virtualenvs/securedrop/lib/python3.7/site-packages (from -r securedrop/requirements/python3/develop-requirements.txt (line 598)) (3.2.0)
Requirement already satisfied: toml==0.10.0 in /home/user/.virtualenvs/securedrop/lib/python3.7/site-packages (from -r securedrop/requirements/python3/develop-requirements.txt (line 601)) (0.10.0)
Requirement already satisfied: tornado==4.5.1 in /home/user/.virtualenvs/securedrop/lib/python3.7/site-packages (from -r securedrop/requirements/python3/develop-requirements.txt (line 605)) (4.5.1)
Requirement already satisfied: tree-format==0.1.2 in /home/user/.virtualenvs/securedrop/lib/python3.7/site-packages (from -r securedrop/requirements/python3/develop-requirements.txt (line 612)) (0.1.2)
Requirement already satisfied: typed-ast==1.4.1 in /home/user/.virtualenvs/securedrop/lib/python3.7/site-packages (from -r securedrop/requirements/python3/develop-requirements.txt (line 616)) (1.4.1)
Requirement already satisfied: typing-extensions==3.7.4.1 in /home/user/.virtualenvs/securedrop/lib/python3.7/site-packages (from -r securedrop/requirements/python3/develop-requirements.txt (line 639)) (3.7.4.1)
Requirement already satisfied: urllib3==1.25.8 in /home/user/.virtualenvs/securedrop/lib/python3.7/site-packages (from -r securedrop/requirements/python3/develop-requirements.txt (line 644)) (1.25.8)
Requirement already satisfied: virtualenv==16.7.5 in /home/user/.virtualenvs/securedrop/lib/python3.7/site-packages (from -r securedrop/requirements/python3/develop-requirements.txt (line 647)) (16.7.5)
Requirement already satisfied: watchdog==0.8.3 in /home/user/.virtualenvs/securedrop/lib/python3.7/site-packages (from -r securedrop/requirements/python3/develop-requirements.txt (line 651)) (0.8.3)
Requirement already satisfied: wcwidth==0.1.7 in /home/user/.virtualenvs/securedrop/lib/python3.7/site-packages (from -r securedrop/requirements/python3/develop-requirements.txt (line 654)) (0.1.7)
Requirement already satisfied: websocket-client==0.44.0 in /home/user/.virtualenvs/securedrop/lib/python3.7/site-packages (from -r securedrop/requirements/python3/develop-requirements.txt (line 658)) (0.44.0)
Requirement already satisfied: whichcraft==0.4.1 in /home/user/.virtualenvs/securedrop/lib/python3.7/site-packages (from -r securedrop/requirements/python3/develop-requirements.txt (line 662)) (0.4.1)
Requirement already satisfied: wrapt==1.11.2 in /home/user/.virtualenvs/securedrop/lib/python3.7/site-packages (from -r securedrop/requirements/python3/develop-requirements.txt (line 666)) (1.11.2)
Requirement already satisfied: yamllint==1.17.0 in /home/user/.virtualenvs/securedrop/lib/python3.7/site-packages (from -r securedrop/requirements/python3/develop-requirements.txt (line 669)) (1.17.0)
Requirement already satisfied: zipp==0.6.0 in /home/user/.virtualenvs/securedrop/lib/python3.7/site-packages (from -r securedrop/requirements/python3/develop-requirements.txt (line 672)) (0.6.0)
Requirement already satisfied: pip==19.1 in /home/user/.virtualenvs/securedrop/lib/python3.7/site-packages (from -r securedrop/requirements/python3/develop-requirements.txt (line 678)) (19.1)
Requirement already satisfied: setuptools==46.0.0 in /home/user/.virtualenvs/securedrop/lib/python3.7/site-packages (from -r securedrop/requirements/python3/develop-requirements.txt (line 681)) (46.0.0)
WARNING: You are using pip version 19.1, however version 20.1 is available.
You should consider upgrading via the 'pip install --upgrade pip' command.
(securedrop) user@builder-disposable:~/securedrop$ make build-debs
Building SecureDrop Debian packages...
Using active Python 3 virtualenv in /home/user/.virtualenvs/securedrop
--> Validating schema /home/user/securedrop/molecule/libvirt-staging-xenial/molecule.yml.
Validation completed successfully.
--> Validating schema /home/user/securedrop/molecule/upgrade/molecule.yml.
Validation completed successfully.
--> Validating schema /home/user/securedrop/molecule/vagrant-packager/molecule.yml.
Validation completed successfully.
--> Validating schema /home/user/securedrop/molecule/builder-xenial/molecule.yml.
Validation completed successfully.
--> Validating schema /home/user/securedrop/molecule/ansible-config/molecule.yml.
Validation completed successfully.
--> Validating schema /home/user/securedrop/molecule/qubes-staging/molecule.yml.
Validation completed successfully.
--> Validating schema /home/user/securedrop/molecule/virtualbox-staging-xenial/molecule.yml.
Validation completed successfully.
--> Validating schema /home/user/securedrop/molecule/fetch-tor-packages/molecule.yml.
Validation completed successfully.
--> Test matrix
    
└── builder-xenial
    ├── destroy
    ├── create
    ├── converge
    ├── verify
    └── destroy
    
--> Inventory /home/user/securedrop/molecule/builder-xenial/../../install_files/ansible-base/group_vars linked to /home/user/.cache/molecule/securedrop/builder-xenial/inventory/group_vars
--> Scenario: 'builder-xenial'
--> Action: 'destroy'
--> Sanity checks: 'docker'
    
    PLAY [Destroy] *****************************************************************
    
    TASK [Destroy molecule instance(s)] ********************************************
    ok: [localhost] => (item={'name': 'xenial-sd-app', 'groups': ['builders']})
    ok: [localhost] => (item={'name': 'xenial-sd-generic-ossec-agent', 'groups': ['builders']})
    ok: [localhost] => (item={'name': 'xenial-sd-generic-ossec-server', 'groups': ['builders']})
    ok: [localhost] => (item={'name': 'xenial-sd-generic-ossec-agent2', 'groups': ['builders']})
    ok: [localhost] => (item={'name': 'xenial-sd-generic-ossec-server2', 'groups': ['builders']})
    ok: [localhost] => (item={'name': 'xenial-sd-grsec', 'groups': ['builders']})
    ok: [localhost] => (item={'name': 'xenial-sd-config', 'groups': ['builders']})
    ok: [localhost] => (item={'name': 'xenial-sd-keyring', 'groups': ['builders']})
    ok: [localhost] => (item={'name': 'xenial-sd-sec-update', 'groups': ['builders']})
    ok: [localhost] => (item={'name': 'xenial-sd-dpkg-verification', 'groups': ['testers']})
    
    PLAY RECAP *********************************************************************
    localhost                  : ok=1    changed=0    unreachable=0    failed=0    skipped=0    rescued=0    ignored=0
    
--> Inventory /home/user/securedrop/molecule/builder-xenial/../../install_files/ansible-base/group_vars linked to /home/user/.cache/molecule/securedrop/builder-xenial/inventory/group_vars
--> Scenario: 'builder-xenial'
--> Action: 'create'
--> Sanity checks: 'docker'
    
    PLAY [Create] ******************************************************************
    
    TASK [debug] *******************************************************************
    ok: [localhost] => {
        "msg": "Building with Docker image quay.io/freedomofpress/sd-docker-builder-xenial@sha256:ae19eb949b26cdd7e81f94dcd71ceac334c3ed8e9ea4f7c3f1e7713a7c9d5985"
    }
    
    TASK [Create builders] *********************************************************
    changed: [localhost] => (item={'name': 'xenial-sd-app', 'groups': ['builders']})
    changed: [localhost] => (item={'name': 'xenial-sd-generic-ossec-agent', 'groups': ['builders']})
    changed: [localhost] => (item={'name': 'xenial-sd-generic-ossec-server', 'groups': ['builders']})
    changed: [localhost] => (item={'name': 'xenial-sd-generic-ossec-agent2', 'groups': ['builders']})
    changed: [localhost] => (item={'name': 'xenial-sd-generic-ossec-server2', 'groups': ['builders']})
    changed: [localhost] => (item={'name': 'xenial-sd-grsec', 'groups': ['builders']})
    changed: [localhost] => (item={'name': 'xenial-sd-config', 'groups': ['builders']})
    changed: [localhost] => (item={'name': 'xenial-sd-keyring', 'groups': ['builders']})
    changed: [localhost] => (item={'name': 'xenial-sd-sec-update', 'groups': ['builders']})
    changed: [localhost] => (item={'name': 'xenial-sd-dpkg-verification', 'groups': ['testers']})
    
    PLAY RECAP *********************************************************************
    localhost                  : ok=2    changed=1    unreachable=0    failed=0    skipped=0    rescued=0    ignored=0
    
--> Inventory /home/user/securedrop/molecule/builder-xenial/../../install_files/ansible-base/group_vars linked to /home/user/.cache/molecule/securedrop/builder-xenial/inventory/group_vars
--> Scenario: 'builder-xenial'
--> Action: 'converge'
    
    PLAY [Build SecureDrop application Debian package from local repository.] ******
    
    TASK [Gathering Facts] *********************************************************
    ok: [xenial-sd-generic-ossec-agent]
    ok: [xenial-sd-generic-ossec-server]
    ok: [xenial-sd-generic-ossec-agent2]
    ok: [xenial-sd-config]
    ok: [xenial-sd-app]
    
    TASK [build-securedrop-app-code-deb-pkg : Copy install_files/securedrop-app-code to prep directory] ***
    changed: [xenial-sd-app]
    
    TASK [Gathering Facts] *********************************************************
    ok: [xenial-sd-generic-ossec-server2]
    ok: [xenial-sd-grsec]
    ok: [xenial-sd-sec-update]
    ok: [xenial-sd-keyring]
    
    TASK [build-securedrop-app-code-deb-pkg : Copy app code to prep directory under var/www/securedrop] ***
    changed: [xenial-sd-app]
    
    TASK [build-securedrop-app-code-deb-pkg : Copy setup.py to prep directory] *****
    changed: [xenial-sd-app]
    
    TASK [build-securedrop-app-code-deb-pkg : Copy MANIFEST.in to prep directory] ***
    changed: [xenial-sd-app]
    
    TASK [build-securedrop-app-code-deb-pkg : Copy requirements.txt to prep directory] ***
    changed: [xenial-sd-app]
    
    TASK [build-ossec-deb-pkg : Create src path folder] ****************************
    changed: [xenial-sd-generic-ossec-server] => (item=/tmp/build/ossec-server)
    
    TASK [build-securedrop-app-code-deb-pkg : Install sass Ruby gem] ***************
    changed: [xenial-sd-app]
[DEPRECATION WARNING]: Invoking "apt" only once while using a loop via 
squash_actions is deprecated. Instead of using a loop to supply multiple items 
and specifying `name: "{{ item }}"`, please use `name: '{{ 
build_ossec_deb_pkg_dependencies }}'` and remove the loop. This feature will be
 removed in version 2.11. Deprecation warnings can be disabled by setting 
deprecation_warnings=False in ansible.cfg.
    
    TASK [build-ossec-deb-pkg : Create src path folder] ****************************
    ok: [xenial-sd-generic-ossec-server] => (item=/tmp/build)
    
    TASK [build-securedrop-app-code-deb-pkg : Create static asset directories.] ****
    changed: [xenial-sd-app] => (item=/tmp/securedrop-app-code_1.3.0+xenial_amd64-prep/var/www/securedrop/static/css)
[DEPRECATION WARNING]: Invoking "apt" only once while using a loop via 
squash_actions is deprecated. Instead of using a loop to supply multiple items 
and specifying `name: "{{ item }}"`, please use `name: '{{ 
build_ossec_deb_pkg_dependencies }}'` and remove the loop. This feature will be
 removed in version 2.11. Deprecation warnings can be disabled by setting 
deprecation_warnings=False in ansible.cfg.
    changed: [xenial-sd-app] => (item=/tmp/securedrop-app-code_1.3.0+xenial_amd64-prep/var/www/securedrop/static/gen)
[DEPRECATION WARNING]: Invoking "apt" only once while using a loop via 
squash_actions is deprecated. Instead of using a loop to supply multiple items 
and specifying `name: "{{ item }}"`, please use `name: '{{ 
build_ossec_deb_pkg_dependencies }}'` and remove the loop. This feature will be
 removed in version 2.11. Deprecation warnings can be disabled by setting 
deprecation_warnings=False in ansible.cfg.
[DEPRECATION WARNING]: Invoking "apt" only once while using a loop via 
squash_actions is deprecated. Instead of using a loop to supply multiple items 
and specifying `name: "{{ item }}"`, please use `name: '{{ 
build_ossec_deb_pkg_dependencies }}'` and remove the loop. This feature will be
 removed in version 2.11. Deprecation warnings can be disabled by setting 
deprecation_warnings=False in ansible.cfg.
    changed: [xenial-sd-app] => (item=/tmp/securedrop-app-code_1.3.0+xenial_amd64-prep/var/www/securedrop/static/.webassets-cache)
[DEPRECATION WARNING]: Invoking "apt" only once while using a loop via 
squash_actions is deprecated. Instead of using a loop to supply multiple items 
and specifying `name: "{{ item }}"`, please use `name: '{{ 
build_ossec_deb_pkg_dependencies }}'` and remove the loop. This feature will be
 removed in version 2.11. Deprecation warnings can be disabled by setting 
deprecation_warnings=False in ansible.cfg.
[DEPRECATION WARNING]: Invoking "apt" only once while using a loop via 
squash_actions is deprecated. Instead of using a loop to supply multiple items 
and specifying `name: "{{ item }}"`, please use `name: '{{ 
build_ossec_deb_pkg_dependencies }}'` and remove the loop. This feature will be
 removed in version 2.11. Deprecation warnings can be disabled by setting 
deprecation_warnings=False in ansible.cfg.
[DEPRECATION WARNING]: Invoking "apt" only once while using a loop via 
squash_actions is deprecated. Instead of using a loop to supply multiple items 
and specifying `name: "{{ item }}"`, please use `name: '{{ 
build_ossec_deb_pkg_dependencies }}'` and remove the loop. This feature will be
 removed in version 2.11. Deprecation warnings can be disabled by setting 
deprecation_warnings=False in ansible.cfg.
    
    TASK [build-securedrop-app-code-deb-pkg : Compile SASS to CSS.] ****************
    changed: [xenial-sd-app]
[DEPRECATION WARNING]: Invoking "apt" only once while using a loop via 
squash_actions is deprecated. Instead of using a loop to supply multiple items 
and specifying `name: "{{ item }}"`, please use `name: '{{ 
build_ossec_deb_pkg_dependencies }}'` and remove the loop. This feature will be
 removed in version 2.11. Deprecation warnings can be disabled by setting 
deprecation_warnings=False in ansible.cfg.
    
    TASK [build-securedrop-app-code-deb-pkg : Remove temporary SASS directory from package build directory.] ***
    changed: [xenial-sd-app] => (item=sass)
    
    TASK [build-ossec-deb-pkg : Install python-requests for URL fetching] **********
    changed: [xenial-sd-generic-ossec-server]
    
    TASK [build-securedrop-app-code-deb-pkg : Remove temporary SASS directory from package build directory.] ***
    changed: [xenial-sd-app] => (item=.sass-cache)
    
    TASK [build-ossec-deb-pkg : Create src path folder] ****************************
    changed: [xenial-sd-generic-ossec-agent] => (item=/tmp/build/ossec-agent)
    
    TASK [build-ossec-deb-pkg : Copy over current directory for repo build] ********
    changed: [xenial-sd-generic-ossec-server]
    
    TASK [build-ossec-deb-pkg : Create src path folder] ****************************
    ok: [xenial-sd-generic-ossec-agent] => (item=/tmp/build)
    
    TASK [build-ossec-deb-pkg : Include OSSEC download URLs.] **********************
    ok: [xenial-sd-generic-ossec-server]
[DEPRECATION WARNING]: Invoking "apt" only once while using a loop via 
squash_actions is deprecated. Instead of using a loop to supply multiple items 
and specifying `name: "{{ item }}"`, please use `name: '{{ 
build_ossec_deb_pkg_dependencies }}'` and remove the loop. This feature will be
 removed in version 2.11. Deprecation warnings can be disabled by setting 
deprecation_warnings=False in ansible.cfg.
    
    TASK [build-generic-pkg : Find any jinja templates] ****************************
    ok: [xenial-sd-config -> localhost]
    
    TASK [build-ossec-deb-pkg : Download OSSEC tarball.] ***************************
    changed: [xenial-sd-generic-ossec-server]
[DEPRECATION WARNING]: Invoking "apt" only once while using a loop via 
squash_actions is deprecated. Instead of using a loop to supply multiple items 
and specifying `name: "{{ item }}"`, please use `name: '{{ 
build_ossec_deb_pkg_dependencies }}'` and remove the loop. This feature will be
 removed in version 2.11. Deprecation warnings can be disabled by setting 
deprecation_warnings=False in ansible.cfg.
    
    TASK [build-ossec-deb-pkg : Download OSSEC signature.] *************************
    changed: [xenial-sd-generic-ossec-server]
    
    TASK [build-generic-pkg : Find any jinja templates] ****************************
    ok: [xenial-sd-config -> localhost]
[DEPRECATION WARNING]: Invoking "apt" only once while using a loop via 
squash_actions is deprecated. Instead of using a loop to supply multiple items 
and specifying `name: "{{ item }}"`, please use `name: '{{ 
build_ossec_deb_pkg_dependencies }}'` and remove the loop. This feature will be
 removed in version 2.11. Deprecation warnings can be disabled by setting 
deprecation_warnings=False in ansible.cfg.
[DEPRECATION WARNING]: Invoking "apt" only once while using a loop via 
squash_actions is deprecated. Instead of using a loop to supply multiple items 
and specifying `name: "{{ item }}"`, please use `name: '{{ 
build_ossec_deb_pkg_dependencies }}'` and remove the loop. This feature will be
 removed in version 2.11. Deprecation warnings can be disabled by setting 
deprecation_warnings=False in ansible.cfg.
    
    TASK [build-ossec-deb-pkg : Copy OSSEC archive GPG key.] ***********************
    changed: [xenial-sd-generic-ossec-server]
    
    TASK [build-ossec-deb-pkg : Install python-requests for URL fetching] **********
    changed: [xenial-sd-generic-ossec-agent]
[DEPRECATION WARNING]: Invoking "apt" only once while using a loop via 
squash_actions is deprecated. Instead of using a loop to supply multiple items 
and specifying `name: "{{ item }}"`, please use `name: '{{ 
build_ossec_deb_pkg_dependencies }}'` and remove the loop. This feature will be
 removed in version 2.11. Deprecation warnings can be disabled by setting 
deprecation_warnings=False in ansible.cfg.
    
    TASK [build-ossec-deb-pkg : Import OSSEC archive GPG key.] *********************
    changed: [xenial-sd-generic-ossec-server]
    
    TASK [build-generic-pkg : Find any jinja templates] ****************************
    ok: [xenial-sd-config -> localhost]
    
    TASK [build-ossec-deb-pkg : Copy over current directory for repo build] ********
    changed: [xenial-sd-generic-ossec-agent]
    
    TASK [build-generic-pkg : Find any jinja templates] ****************************
    ok: [xenial-sd-generic-ossec-agent2 -> localhost]
    
    TASK [build-ossec-deb-pkg : Verify signature of OSSEC tarball.] ****************
    changed: [xenial-sd-generic-ossec-server]
    
    TASK [build-ossec-deb-pkg : Include OSSEC download URLs.] **********************
    ok: [xenial-sd-generic-ossec-agent]
[DEPRECATION WARNING]: Invoking "apt" only once while using a loop via 
squash_actions is deprecated. Instead of using a loop to supply multiple items 
and specifying `name: "{{ item }}"`, please use `name: '{{ 
build_ossec_deb_pkg_dependencies }}'` and remove the loop. This feature will be
 removed in version 2.11. Deprecation warnings can be disabled by setting 
deprecation_warnings=False in ansible.cfg.
    
    TASK [build-generic-pkg : Find any jinja templates] ****************************
    ok: [xenial-sd-config -> localhost]
    
    TASK [build-ossec-deb-pkg : Download OSSEC tarball.] ***************************
    changed: [xenial-sd-generic-ossec-agent]
    
    TASK [build-generic-pkg : Reduce weird path re-usage] **************************
    ok: [xenial-sd-generic-ossec-agent2]
    
    TASK [build-ossec-deb-pkg : Download OSSEC signature.] *************************
    changed: [xenial-sd-generic-ossec-agent]
    
    TASK [build-generic-pkg : Ensure build directory in-place] *********************
    ok: [xenial-sd-generic-ossec-agent2]
    
    TASK [build-generic-pkg : Reduce weird path re-usage] **************************
    ok: [xenial-sd-config]
    
    TASK [build-generic-pkg : Reduce weird path re-usage] **************************
    ok: [xenial-sd-generic-ossec-server2]
    
    TASK [build-generic-pkg : Copy app code to build directory.] *******************
    changed: [xenial-sd-generic-ossec-agent2]
    
    TASK [build-generic-pkg : Ensure build directory in-place] *********************
    ok: [xenial-sd-config]
    
    TASK [build-ossec-deb-pkg : Copy OSSEC archive GPG key.] ***********************
    changed: [xenial-sd-generic-ossec-agent]
    
    TASK [build-generic-pkg : Find any jinja templates] ****************************
    ok: [xenial-sd-generic-ossec-agent2 -> localhost]
    
    TASK [build-generic-pkg : Copy app code to build directory.] *******************
    changed: [xenial-sd-config]
    
    TASK [build-generic-pkg : Ensure build directory in-place] *********************
    ok: [xenial-sd-generic-ossec-server2]
    
    TASK [build-generic-pkg : Find any jinja templates] ****************************
    ok: [xenial-sd-config -> localhost]
    
    TASK [build-ossec-deb-pkg : Import OSSEC archive GPG key.] *********************
    changed: [xenial-sd-generic-ossec-agent]
    
    TASK [build-ossec-deb-pkg : Install apt dependencies for building OSSEC packages.] ***
    changed: [xenial-sd-generic-ossec-server] => (item=libevent1-dev)
    
    TASK [build-generic-pkg : Copy app code to build directory.] *******************
    changed: [xenial-sd-generic-ossec-server2]
    
    TASK [build-generic-pkg : run bash script to build generic packages] ***********
    changed: [xenial-sd-generic-ossec-agent2]
    
    TASK [build-generic-pkg : Find any jinja templates] ****************************
    ok: [xenial-sd-generic-ossec-server2 -> localhost]
    
    TASK [build-ossec-deb-pkg : Verify signature of OSSEC tarball.] ****************
    changed: [xenial-sd-generic-ossec-agent]
    
    TASK [build-generic-pkg : run bash script to build generic packages] ***********
    changed: [xenial-sd-config]
[DEPRECATION WARNING]: Invoking "apt" only once while using a loop via 
squash_actions is deprecated. Instead of using a loop to supply multiple items 
and specifying `name: "{{ item }}"`, please use `name: '{{ 
build_ossec_deb_pkg_dependencies }}'` and remove the loop. This feature will be
 removed in version 2.11. Deprecation warnings can be disabled by setting 
deprecation_warnings=False in ansible.cfg.
    
    TASK [build-generic-pkg : Track down package] **********************************
    ok: [xenial-sd-generic-ossec-agent2]
    
    TASK [build-generic-pkg : Track down package] **********************************
    ok: [xenial-sd-config]
    
    TASK [build-generic-pkg : run bash script to build generic packages] ***********
    changed: [xenial-sd-generic-ossec-server2]
    
    TASK [build-generic-pkg : Fetch back package] **********************************
    changed: [xenial-sd-generic-ossec-agent2] => (item={'nlink': 1, 'mtime': 1589407044.401, 'isuid': False, 'wusr': True, 'isblk': False, 'atime': 1589407044.401, 'rusr': True, 'dev': 84, 'isfifo': False, 'isgid': False, 'xoth': False, 'ctime': 1589407044.401, 'rgrp': True, 'isreg': True, 'pw_name': 'root', 'mode': '0644', 'size': 3622, 'uid': 0, 'path': '/tmp/securedrop-ossec-agent-3.6.0+1.3.0-amd64.deb', 'wgrp': False, 'islnk': False, 'xusr': False, 'ischr': False, 'gr_name': 'root', 'roth': True, 'inode': 1450215, 'woth': False, 'issock': False, 'gid': 0, 'isdir': False, 'xgrp': False})
    
    TASK [build-generic-pkg : Find any jinja templates] ****************************
    ok: [xenial-sd-grsec -> localhost]
    
    TASK [build-generic-pkg : Fetch back package] **********************************
    changed: [xenial-sd-config] => (item={'isuid': False, 'uid': 0, 'roth': True, 'inode': 1450233, 'rusr': True, 'isreg': True, 'mtime': 1589407047.546, 'xgrp': False, 'isdir': False, 'isblk': False, 'wgrp': False, 'isfifo': False, 'isgid': False, 'islnk': False, 'gid': 0, 'nlink': 1, 'pw_name': 'root', 'path': '/tmp/securedrop-config-0.1.3+1.3.0-amd64.deb', 'wusr': True, 'ctime': 1589407047.546, 'size': 2732, 'gr_name': 'root', 'mode': '0644', 'xoth': False, 'atime': 1589407047.546, 'ischr': False, 'issock': False, 'dev': 120, 'xusr': False, 'rgrp': True, 'woth': False})
    
    TASK [build-generic-pkg : Track down package] **********************************
    ok: [xenial-sd-generic-ossec-server2]
    
    TASK [build-ossec-deb-pkg : Install apt dependencies for building OSSEC packages.] ***
    changed: [xenial-sd-generic-ossec-server] => (item=libpcre2-dev)
    
    TASK [build-generic-pkg : Find any jinja templates] ****************************
    ok: [xenial-sd-generic-ossec-agent2 -> localhost]
    
    TASK [build-generic-pkg : Fetch back package] **********************************
    changed: [xenial-sd-generic-ossec-server2] => (item={'islnk': False, 'pw_name': 'root', 'nlink': 1, 'path': '/tmp/securedrop-ossec-server-3.6.0+1.3.0-amd64.deb', 'isreg': True, 'xoth': False, 'atime': 1589407055.98, 'gr_name': 'root', 'xusr': False, 'inode': 1322306, 'woth': False, 'rusr': True, 'isuid': False, 'mode': '0644', 'isfifo': False, 'uid': 0, 'wgrp': False, 'size': 6684, 'gid': 0, 'ischr': False, 'isblk': False, 'ctime': 1589407055.98, 'issock': False, 'roth': True, 'dev': 96, 'isdir': False, 'wusr': True, 'rgrp': True, 'isgid': False, 'xgrp': False, 'mtime': 1589407055.98})
    
    TASK [build-generic-pkg : Find any jinja templates] ****************************
    ok: [xenial-sd-keyring -> localhost]
    
    TASK [build-ossec-deb-pkg : Extract OSSEC source tarball.] *********************
    changed: [xenial-sd-generic-ossec-server]
    
    TASK [build-generic-pkg : Find any jinja templates] ****************************
    ok: [xenial-sd-sec-update -> localhost]
    
    TASK [build-ossec-deb-pkg : Install apt dependencies for building OSSEC packages.] ***
    changed: [xenial-sd-generic-ossec-agent] => (item=libevent1-dev)
    
    TASK [build-generic-pkg : Find any jinja templates] ****************************
    ok: [xenial-sd-generic-ossec-server2 -> localhost]
    
    TASK [build-ossec-deb-pkg : Create /etc directory within source directory.] ****
    ok: [xenial-sd-generic-ossec-server]
    
    TASK [build-generic-pkg : Find any jinja templates] ****************************
    ok: [xenial-sd-grsec -> localhost]
    
    TASK [build-generic-pkg : Find any jinja templates] ****************************
    ok: [xenial-sd-generic-ossec-agent2 -> localhost]
    
    TASK [build-ossec-deb-pkg : Copy OSSEC preloaded vars template.] ***************
    changed: [xenial-sd-generic-ossec-server]
    
    TASK [build-generic-pkg : Find any jinja templates] ****************************
    ok: [xenial-sd-keyring -> localhost]
    
    TASK [build-ossec-deb-pkg : Disable JIT in OSSEC Makefile] *********************
    changed: [xenial-sd-generic-ossec-server]
    
    TASK [build-generic-pkg : Find any jinja templates] ****************************
    ok: [xenial-sd-generic-ossec-server2 -> localhost]
    
    TASK [build-generic-pkg : Find any jinja templates] ****************************
    ok: [xenial-sd-generic-ossec-agent2 -> localhost]
    
    TASK [build-generic-pkg : Find any jinja templates] ****************************
    ok: [xenial-sd-sec-update -> localhost]
    
    TASK [build-generic-pkg : Find any jinja templates] ****************************
    ok: [xenial-sd-grsec -> localhost]
    
    TASK [build-ossec-deb-pkg : Install apt dependencies for building OSSEC packages.] ***
    changed: [xenial-sd-generic-ossec-agent] => (item=libpcre2-dev)
    
    TASK [build-generic-pkg : Reduce weird path re-usage] **************************
    ok: [xenial-sd-keyring]
    
    TASK [build-generic-pkg : Ensure build directory in-place] *********************
    ok: [xenial-sd-keyring]
    
    TASK [build-generic-pkg : Find any jinja templates] ****************************
    ok: [xenial-sd-generic-ossec-server2 -> localhost]
    
    TASK [build-ossec-deb-pkg : Extract OSSEC source tarball.] *********************
    changed: [xenial-sd-generic-ossec-agent]
    
    TASK [build-generic-pkg : Copy app code to build directory.] *******************
    changed: [xenial-sd-keyring]
    
    TASK [build-generic-pkg : Reduce weird path re-usage] **************************
    ok: [xenial-sd-grsec]
    
    TASK [build-generic-pkg : Find any jinja templates] ****************************
    ok: [xenial-sd-keyring -> localhost]
    ok: [xenial-sd-sec-update -> localhost]
    
    TASK [build-ossec-deb-pkg : Create /etc directory within source directory.] ****
    ok: [xenial-sd-generic-ossec-agent]
    
    TASK [build-generic-pkg : Ensure build directory in-place] *********************
    ok: [xenial-sd-grsec]
    
    TASK [build-generic-pkg : run bash script to build generic packages] ***********
    changed: [xenial-sd-keyring]
    
    TASK [build-generic-pkg : Copy app code to build directory.] *******************
    changed: [xenial-sd-grsec]
    
    TASK [build-ossec-deb-pkg : Copy OSSEC preloaded vars template.] ***************
    changed: [xenial-sd-generic-ossec-agent]
    
    TASK [build-generic-pkg : Find any jinja templates] ****************************
    ok: [xenial-sd-generic-ossec-server2 -> localhost]
    
    TASK [build-generic-pkg : Find any jinja templates] ****************************
    ok: [xenial-sd-grsec -> localhost]
    
    TASK [build-generic-pkg : Track down package] **********************************
    ok: [xenial-sd-keyring]
    
    TASK [build-ossec-deb-pkg : Disable JIT in OSSEC Makefile] *********************
    changed: [xenial-sd-generic-ossec-agent]
    
    TASK [build-generic-pkg : Create any necessary parent directories for jinja files] ***
    ok: [xenial-sd-grsec] => (item={'path': '/home/user/securedrop/install_files/securedrop-grsec/DEBIAN/control.j2', 'mode': '0644', 'isdir': False, 'ischr': False, 'isblk': False, 'isreg': True, 'isfifo': False, 'islnk': False, 'issock': False, 'uid': 1000, 'gid': 1000, 'size': 501, 'inode': 905, 'dev': 51728, 'nlink': 1, 'atime': 1570392374.096, 'mtime': 1570392370.265, 'ctime': 1570392370.265, 'gr_name': 'user', 'pw_name': 'user', 'wusr': True, 'rusr': True, 'xusr': False, 'wgrp': False, 'rgrp': True, 'xgrp': False, 'woth': False, 'roth': True, 'xoth': False, 'isuid': False, 'isgid': False})
    
    TASK [build-generic-pkg : Fetch back package] **********************************
    changed: [xenial-sd-keyring] => (item={'path': '/tmp/securedrop-keyring-0.1.3+1.3.0-amd64.deb', 'mode': '0644', 'xusr': False, 'islnk': False, 'rusr': True, 'mtime': 1589407114.246, 'isfifo': False, 'wgrp': False, 'isblk': False, 'ctime': 1589407114.246, 'xoth': False, 'pw_name': 'root', 'ischr': False, 'wusr': True, 'gr_name': 'root', 'uid': 0, 'inode': 1450245, 'dev': 132, 'size': 4764, 'issock': False, 'nlink': 1, 'xgrp': False, 'isgid': False, 'isdir': False, 'rgrp': True, 'roth': True, 'atime': 1589407114.246, 'woth': False, 'isreg': True, 'gid': 0, 'isuid': False})
    
    TASK [build-generic-pkg : Find any jinja templates] ****************************
    ok: [xenial-sd-sec-update -> localhost]
    ok: [xenial-sd-keyring -> localhost]
    
    TASK [build-generic-pkg : Template out any jinja files found and copy over] ****
    changed: [xenial-sd-grsec] => (item={'path': '/home/user/securedrop/install_files/securedrop-grsec/DEBIAN/control.j2', 'mode': '0644', 'isdir': False, 'ischr': False, 'isblk': False, 'isreg': True, 'isfifo': False, 'islnk': False, 'issock': False, 'uid': 1000, 'gid': 1000, 'size': 501, 'inode': 905, 'dev': 51728, 'nlink': 1, 'atime': 1570392374.096, 'mtime': 1570392370.265, 'ctime': 1570392370.265, 'gr_name': 'user', 'pw_name': 'user', 'wusr': True, 'rusr': True, 'xusr': False, 'wgrp': False, 'rgrp': True, 'xgrp': False, 'woth': False, 'roth': True, 'xoth': False, 'isuid': False, 'isgid': False})
    
    TASK [build-generic-pkg : run bash script to build generic packages] ***********
    changed: [xenial-sd-grsec]
    
    TASK [build-ossec-deb-pkg : Run OSSEC installer script on extracted source.] ***
    changed: [xenial-sd-generic-ossec-server]
    
    TASK [build-generic-pkg : Find any jinja templates] ****************************
    ok: [xenial-sd-sec-update -> localhost]
    
    TASK [build-generic-pkg : Track down package] **********************************
    ok: [xenial-sd-grsec]
    
    TASK [build-ossec-deb-pkg : Create OSSEC build directory.] *********************
    changed: [xenial-sd-generic-ossec-server] => (item=/tmp/build/ossec-server-3.6.0-amd64)
    
    TASK [build-generic-pkg : Find any jinja templates] ****************************
    ok: [xenial-sd-keyring -> localhost]
    
    TASK [build-ossec-deb-pkg : Create OSSEC build directory.] *********************
    changed: [xenial-sd-generic-ossec-server] => (item=/tmp/build/ossec-server-3.6.0-amd64/var)
    
    TASK [build-generic-pkg : Fetch back package] **********************************
    changed: [xenial-sd-grsec] => (item={'size': 2288, 'isfifo': False, 'isdir': False, 'mode': '0644', 'issock': False, 'gr_name': 'root', 'wgrp': False, 'xusr': False, 'xgrp': False, 'atime': 1589407132.153, 'ischr': False, 'inode': 1450385, 'wusr': True, 'path': '/tmp/securedrop-grsec-4.14.175-amd64.deb', 'pw_name': 'root', 'ctime': 1589407132.153, 'dev': 108, 'mtime': 1589407132.153, 'isreg': True, 'xoth': False, 'rusr': True, 'isuid': False, 'roth': True, 'isblk': False, 'gid': 0, 'uid': 0, 'woth': False, 'islnk': False, 'nlink': 1, 'rgrp': True, 'isgid': False})
    
    TASK [build-ossec-deb-pkg : Run OSSEC installer script on extracted source.] ***
    changed: [xenial-sd-generic-ossec-agent]
    
    TASK [build-ossec-deb-pkg : Remove client.keys to avoid overwriting existing client.keys] ***
    changed: [xenial-sd-generic-ossec-server]
    
    TASK [build-generic-pkg : Find any jinja templates] ****************************
    ok: [xenial-sd-grsec -> localhost]
    
    TASK [build-ossec-deb-pkg : Create OSSEC build directory.] *********************
    changed: [xenial-sd-generic-ossec-agent] => (item=/tmp/build/ossec-agent-3.6.0-amd64)
    
    TASK [build-ossec-deb-pkg : Copy /var/ossec/ to OSSEC build directory.] ********
    changed: [xenial-sd-generic-ossec-server]
    
    TASK [build-securedrop-app-code-deb-pkg : Install SecureDrop Python requirements in container] ***
    changed: [xenial-sd-app]
    
    TASK [build-ossec-deb-pkg : Create OSSEC build directory.] *********************
    changed: [xenial-sd-generic-ossec-agent] => (item=/tmp/build/ossec-agent-3.6.0-amd64/var)
    
    TASK [build-ossec-deb-pkg : Copy OSSEC DEBIAN package scripts to build directory.] ***
    changed: [xenial-sd-generic-ossec-server]
    
    TASK [build-ossec-deb-pkg : Remove client.keys to avoid overwriting existing client.keys] ***
    changed: [xenial-sd-generic-ossec-agent]
    
    TASK [Update apt-cache for our security checker] *******************************
    changed: [xenial-sd-sec-update]
    
    TASK [build-securedrop-app-code-deb-pkg : Compile PO to MO.] *******************
    changed: [xenial-sd-app]
    
    TASK [build-ossec-deb-pkg : Copy OSSEC DEBIAN/control template to build directory.] ***
    changed: [xenial-sd-generic-ossec-server]
    
    TASK [build-ossec-deb-pkg : Copy /var/ossec/ to OSSEC build directory.] ********
    changed: [xenial-sd-generic-ossec-agent]
    
    TASK [build-securedrop-app-code-deb-pkg : Create apparmor.d directory in prep directory] ***
    changed: [xenial-sd-app]
    
    TASK [build-ossec-deb-pkg : Copy OSSEC DEBIAN package scripts to build directory.] ***
    changed: [xenial-sd-generic-ossec-agent]
    
    TASK [build-ossec-deb-pkg : Copy OSSEC /usr and /etc directories to build directory.] ***
    changed: [xenial-sd-generic-ossec-server] => (item=etc)
    changed: [xenial-sd-generic-ossec-server] => (item=usr)
    
    TASK [build-securedrop-app-code-deb-pkg : Copy AppArmor profiles to prep path] ***
    changed: [xenial-sd-app] => (item=usr.sbin.tor)
    
    TASK [build-ossec-deb-pkg : Copy OSSEC DEBIAN/control template to build directory.] ***
    changed: [xenial-sd-generic-ossec-agent]
    
    TASK [build-securedrop-app-code-deb-pkg : Copy AppArmor profiles to prep path] ***
    changed: [xenial-sd-app] => (item=usr.sbin.apache2)
    
    TASK [build-ossec-deb-pkg : Copy OSSEC /usr and /etc directories to build directory.] ***
    changed: [xenial-sd-generic-ossec-agent] => (item=etc)
    changed: [xenial-sd-generic-ossec-agent] => (item=usr)
    
    TASK [build-ossec-deb-pkg : Build SecureDrop OSSEC deb package.] ***************
    changed: [xenial-sd-generic-ossec-server]
    
    TASK [build-securedrop-app-code-deb-pkg : Replace placeholder changelog to dist-specific changelog] ***
    changed: [xenial-sd-app]
    
    TASK [build-ossec-deb-pkg : Delete OSSEC build directories and config files.] ***
    changed: [xenial-sd-generic-ossec-server] => (item=/etc/init.d/ossec)
    
    TASK [build-ossec-deb-pkg : Build SecureDrop OSSEC deb package.] ***************
    changed: [xenial-sd-generic-ossec-agent]
    
    TASK [build-securedrop-app-code-deb-pkg : Create lib/systemd/services directory in prep directory] ***
    changed: [xenial-sd-app]
    
    TASK [build-ossec-deb-pkg : Delete OSSEC build directories and config files.] ***
    changed: [xenial-sd-generic-ossec-server] => (item=/etc/ossec-init.conf)
    
    TASK [build-ossec-deb-pkg : Delete OSSEC build directories and config files.] ***
    changed: [xenial-sd-generic-ossec-agent] => (item=/etc/init.d/ossec)
    
    TASK [build-ossec-deb-pkg : Delete OSSEC build directories and config files.] ***
    changed: [xenial-sd-generic-ossec-server] => (item=/var/ossec)
    
    TASK [build-ossec-deb-pkg : Delete OSSEC build directories and config files.] ***
    changed: [xenial-sd-generic-ossec-agent] => (item=/etc/ossec-init.conf)
    
    TASK [build-ossec-deb-pkg : Delete OSSEC build directories and config files.] ***
    changed: [xenial-sd-generic-ossec-server] => (item=/tmp/OSSEC-ARCHIVE-KEY.asc)
    
    TASK [build-securedrop-app-code-deb-pkg : Copy systemd service configurations to prep path] ***
    changed: [xenial-sd-app] => (item=securedrop_rqrequeue.service)
    
    TASK [build-ossec-deb-pkg : Delete OSSEC build directories and config files.] ***
    changed: [xenial-sd-generic-ossec-agent] => (item=/var/ossec)
    
    TASK [build-ossec-deb-pkg : Fetch newly built Debian packages back to localhost.] ***
    changed: [xenial-sd-generic-ossec-server]
    
    TASK [build-securedrop-app-code-deb-pkg : Copy systemd service configurations to prep path] ***
    changed: [xenial-sd-app] => (item=securedrop_rqworker.service)
    
    TASK [build-ossec-deb-pkg : Delete OSSEC build directories and config files.] ***
    changed: [xenial-sd-generic-ossec-agent] => (item=/tmp/OSSEC-ARCHIVE-KEY.asc)
    
    TASK [build-ossec-deb-pkg : Fetch newly built Debian packages back to localhost.] ***
    changed: [xenial-sd-generic-ossec-agent]
    
    TASK [build-securedrop-app-code-deb-pkg : Copy systemd service configurations to prep path] ***
    changed: [xenial-sd-app] => (item=securedrop_shredder.service)
[DEPRECATION WARNING]: Invoking "apt" only once while using a loop via 
squash_actions is deprecated. Instead of using a loop to supply multiple items 
and specifying `name: "{{ item }}"`, please use `name: '{{ 
build_ossec_deb_pkg_dependencies }}'` and remove the loop. This feature will be
 removed in version 2.11. Deprecation warnings can be disabled by setting 
deprecation_warnings=False in ansible.cfg.
    
    TASK [build-generic-pkg : Find any jinja templates] ****************************
    ok: [xenial-sd-generic-ossec-agent -> localhost]
    
    TASK [build-securedrop-app-code-deb-pkg : Create sdist in prep dir] ************
    changed: [xenial-sd-app]
    
    TASK [build-generic-pkg : Find any jinja templates] ****************************
    ok: [xenial-sd-generic-ossec-agent -> localhost]
    
    TASK [build-securedrop-app-code-deb-pkg : Create build dir] ********************
    changed: [xenial-sd-app]
    
    TASK [build-generic-pkg : Find any jinja templates] ****************************
    ok: [xenial-sd-generic-ossec-server -> localhost]
    
    TASK [build-generic-pkg : Find any jinja templates] ****************************
    ok: [xenial-sd-generic-ossec-agent -> localhost]
    
    TASK [build-securedrop-app-code-deb-pkg : Extract sdist to build dir] **********
    changed: [xenial-sd-app]
    
    TASK [build-securedrop-app-code-deb-pkg : Create empty static asset directories in build dir] ***
    changed: [xenial-sd-app] => (item=/tmp/securedrop-app-code_1.3.0+xenial_amd64/var/www/securedrop/static/gen)
    
    TASK [build-generic-pkg : Find any jinja templates] ****************************
    ok: [xenial-sd-generic-ossec-server -> localhost]
    
    TASK [build-generic-pkg : Find any jinja templates] ****************************
    ok: [xenial-sd-generic-ossec-agent -> localhost]
    
    TASK [build-securedrop-app-code-deb-pkg : Create empty static asset directories in build dir] ***
    changed: [xenial-sd-app] => (item=/tmp/securedrop-app-code_1.3.0+xenial_amd64/var/www/securedrop/static/.webassets-cache)
    changed: [xenial-sd-app] => (item=/tmp/securedrop-app-code_1.3.0+xenial_amd64/var/www/securedrop/.well-known/pki-validation)
    
    TASK [build-generic-pkg : Find any jinja templates] ****************************
    ok: [xenial-sd-generic-ossec-server -> localhost]
    
    TASK [build-generic-pkg : Find any jinja templates] ****************************
    ok: [xenial-sd-generic-ossec-agent -> localhost]
    
    TASK [build-generic-pkg : Find any jinja templates] ****************************
    ok: [xenial-sd-generic-ossec-server -> localhost]
    
    TASK [build-generic-pkg : Find any jinja templates] ****************************
    ok: [xenial-sd-generic-ossec-server -> localhost]
    
    TASK [build-securedrop-app-code-deb-pkg : Build securedrop-app-code Debian package] ***
    changed: [xenial-sd-app]
    
    TASK [build-securedrop-app-code-deb-pkg : Find newly built Debian package] *****
    ok: [xenial-sd-app]
       TASK [build-securedrop-app-code-deb-pkg : Fetch newly built Debian packages back to localhost] ***
    changed: [xenial-sd-app] => (item={'isdir': False, 'mode': '0644', 'size': 1974825, 'mtime': 1589407195.832, 'isblk': False, 'atime': 1589407195.858, 'nlink': 1, 'gr_name': 'root', 'wusr': True, 'xusr': False, 'dev': 48, 'wgrp': False, 'isreg': True, 'rgrp': True, 'isuid': False, 'gid': 0, 'roth': True, 'xgrp': False, 'ctime': 1589407195.837, 'path': '/tmp/securedrop-app-code_1.3.0+xenial.tar.gz', 'pw_name': 'root', 'issock': False, 'ischr': False, 'xoth': False, 'islnk': False, 'isfifo': False, 'inode': 1449630, 'rusr': True, 'uid': 0, 'woth': False, 'isgid': False})
    changed: [xenial-sd-app] => (item={'isdir': False, 'mode': '0644', 'size': 12596924, 'mtime': 1589407333.918, 'isblk': False, 'atime': 1589407334.176, 'nlink': 1, 'gr_name': 'root', 'wusr': True, 'xusr': False, 'dev': 48, 'wgrp': False, 'isreg': True, 'rgrp': True, 'isuid': False, 'gid': 0, 'roth': True, 'xgrp': False, 'ctime': 1589407333.918, 'path': '/tmp/securedrop-app-code_1.3.0+xenial_amd64.deb', 'pw_name': 'root', 'issock': False, 'ischr': False, 'xoth': False, 'islnk': False, 'isfifo': False, 'inode': 1450420, 'rusr': True, 'uid': 0, 'woth': False, 'isgid': False})
[DEPRECATION WARNING]: Invoking "apt" only once while using a loop via 
squash_actions is deprecated. Instead of using a loop to supply multiple items 
and specifying `name: "{{ item }}"`, please use `name: '{{ 
build_ossec_deb_pkg_dependencies }}'` and remove the loop. This feature will be
 removed in version 2.11. Deprecation warnings can be disabled by setting 
deprecation_warnings=False in ansible.cfg.
[DEPRECATION WARNING]: Invoking "apt" only once while using a loop via 
squash_actions is deprecated. Instead of using a loop to supply multiple items 
and specifying `name: "{{ item }}"`, please use `name: '{{ 
build_ossec_deb_pkg_dependencies }}'` and remove the loop. This feature will be
 removed in version 2.11. Deprecation warnings can be disabled by setting 
deprecation_warnings=False in ansible.cfg.
    
    TASK [build-generic-pkg : Find any jinja templates] ****************************
    ok: [xenial-sd-app -> localhost]
    
    TASK [build-generic-pkg : Find any jinja templates] ****************************
    ok: [xenial-sd-app -> localhost]
    
    TASK [build-generic-pkg : Find any jinja templates] ****************************
    ok: [xenial-sd-app -> localhost]
    
    TASK [build-generic-pkg : Find any jinja templates] ****************************
    ok: [xenial-sd-app -> localhost]
    
    TASK [build-generic-pkg : Find any jinja templates] ****************************
    ok: [xenial-sd-app -> localhost]
    
    PLAY [Give dpkg verify container access to debs] *******************************
    
    TASK [Discover local debian build files] ***************************************
    ok: [xenial-sd-dpkg-verification -> localhost]
    
    TASK [Create build dir] ********************************************************
    ok: [xenial-sd-dpkg-verification]
    
    TASK [Drop debian files into container] ****************************************
    changed: [xenial-sd-dpkg-verification] => (item={'path': '/home/user/securedrop/build/xenial/securedrop-config-0.1.3+1.3.0-amd64.deb', 'mode': '0600', 'isdir': False, 'ischr': False, 'isblk': False, 'isreg': True, 'isfifo': False, 'islnk': False, 'issock': False, 'uid': 1000, 'gid': 1000, 'size': 2732, 'inode': 2446, 'dev': 51728, 'nlink': 1, 'atime': 1589407059.63, 'mtime': 1589407059.63, 'ctime': 1589407059.63, 'gr_name': 'user', 'pw_name': 'user', 'wusr': True, 'rusr': True, 'xusr': False, 'wgrp': False, 'rgrp': False, 'xgrp': False, 'woth': False, 'roth': False, 'xoth': False, 'isuid': False, 'isgid': False})
    changed: [xenial-sd-dpkg-verification] => (item={'path': '/home/user/securedrop/build/xenial/ossec-server-3.6.0-amd64.deb', 'mode': '0600', 'isdir': False, 'ischr': False, 'isblk': False, 'isreg': True, 'isfifo': False, 'islnk': False, 'issock': False, 'uid': 1000, 'gid': 1000, 'size': 713506, 'inode': 2456, 'dev': 51728, 'nlink': 1, 'atime': 1589407175.241, 'mtime': 1589407175.24, 'ctime': 1589407175.24, 'gr_name': 'user', 'pw_name': 'user', 'wusr': True, 'rusr': True, 'xusr': False, 'wgrp': False, 'rgrp': False, 'xgrp': False, 'woth': False, 'roth': False, 'xoth': False, 'isuid': False, 'isgid': False})
    changed: [xenial-sd-dpkg-verification] => (item={'path': '/home/user/securedrop/build/xenial/securedrop-keyring-0.1.3+1.3.0-amd64.deb', 'mode': '0600', 'isdir': False, 'ischr': False, 'isblk': False, 'isreg': True, 'isfifo': False, 'islnk': False, 'issock': False, 'uid': 1000, 'gid': 1000, 'size': 4764, 'inode': 2450, 'dev': 51728, 'nlink': 1, 'atime': 1589407123.7, 'mtime': 1589407123.7, 'ctime': 1589407123.7, 'gr_name': 'user', 'pw_name': 'user', 'wusr': True, 'rusr': True, 'xusr': False, 'wgrp': False, 'rgrp': False, 'xgrp': False, 'woth': False, 'roth': False, 'xoth': False, 'isuid': False, 'isgid': False})
    changed: [xenial-sd-dpkg-verification] => (item={'path': '/home/user/securedrop/build/xenial/securedrop-ossec-server-3.6.0+1.3.0-amd64.deb', 'mode': '0600', 'isdir': False, 'ischr': False, 'isblk': False, 'isreg': True, 'isfifo': False, 'islnk': False, 'issock': False, 'uid': 1000, 'gid': 1000, 'size': 6684, 'inode': 2447, 'dev': 51728, 'nlink': 1, 'atime': 1589407066.357, 'mtime': 1589407066.357, 'ctime': 1589407066.357, 'gr_name': 'user', 'pw_name': 'user', 'wusr': True, 'rusr': True, 'xusr': False, 'wgrp': False, 'rgrp': False, 'xgrp': False, 'woth': False, 'roth': False, 'xoth': False, 'isuid': False, 'isgid': False})
    changed: [xenial-sd-dpkg-verification] => (item={'path': '/home/user/securedrop/build/xenial/ossec-agent-3.6.0-amd64.deb', 'mode': '0600', 'isdir': False, 'ischr': False, 'isblk': False, 'isreg': True, 'isfifo': False, 'islnk': False, 'issock': False, 'uid': 1000, 'gid': 1000, 'size': 282864, 'inode': 2454, 'dev': 51728, 'nlink': 1, 'atime': 1589407178.408, 'mtime': 1589407178.407, 'ctime': 1589407178.407, 'gr_name': 'user', 'pw_name': 'user', 'wusr': True, 'rusr': True, 'xusr': False, 'wgrp': False, 'rgrp': False, 'xgrp': False, 'woth': False, 'roth': False, 'xoth': False, 'isuid': False, 'isgid': False})
    changed: [xenial-sd-dpkg-verification] => (item={'path': '/home/user/securedrop/build/xenial/securedrop-app-code_1.3.0+xenial_amd64.deb', 'mode': '0600', 'isdir': False, 'ischr': False, 'isblk': False, 'isreg': True, 'isfifo': False, 'islnk': False, 'issock': False, 'uid': 1000, 'gid': 1000, 'size': 12596924, 'inode': 2453, 'dev': 51728, 'nlink': 1, 'atime': 1589407339.72, 'mtime': 1589407339.711, 'ctime': 1589407339.711, 'gr_name': 'user', 'pw_name': 'user', 'wusr': True, 'rusr': True, 'xusr': False, 'wgrp': False, 'rgrp': False, 'xgrp': False, 'woth': False, 'roth': False, 'xoth': False, 'isuid': False, 'isgid': False})
    changed: [xenial-sd-dpkg-verification] => (item={'path': '/home/user/securedrop/build/xenial/securedrop-ossec-agent-3.6.0+1.3.0-amd64.deb', 'mode': '0600', 'isdir': False, 'ischr': False, 'isblk': False, 'isreg': True, 'isfifo': False, 'islnk': False, 'issock': False, 'uid': 1000, 'gid': 1000, 'size': 3622, 'inode': 2445, 'dev': 51728, 'nlink': 1, 'atime': 1589407056.013, 'mtime': 1589407056.012, 'ctime': 1589407056.012, 'gr_name': 'user', 'pw_name': 'user', 'wusr': True, 'rusr': True, 'xusr': False, 'wgrp': False, 'rgrp': False, 'xgrp': False, 'woth': False, 'roth': False, 'xoth': False, 'isuid': False, 'isgid': False})
    changed: [xenial-sd-dpkg-verification] => (item={'path': '/home/user/securedrop/build/xenial/securedrop-grsec-4.14.175-amd64.deb', 'mode': '0600', 'isdir': False, 'ischr': False, 'isblk': False, 'isreg': True, 'isfifo': False, 'islnk': False, 'issock': False, 'uid': 1000, 'gid': 1000, 'size': 2288, 'inode': 2451, 'dev': 51728, 'nlink': 1, 'atime': 1589407140.794, 'mtime': 1589407140.793, 'ctime': 1589407140.793, 'gr_name': 'user', 'pw_name': 'user', 'wusr': True, 'rusr': True, 'xusr': False, 'wgrp': False, 'rgrp': False, 'xgrp': False, 'woth': False, 'roth': False, 'xoth': False, 'isuid': False, 'isgid': False})
    
    PLAY RECAP *********************************************************************
    xenial-sd-app              : ok=29   changed=22   unreachable=0    failed=0    skipped=89   rescued=0    ignored=0
    xenial-sd-config           : ok=12   changed=3    unreachable=0    failed=0    skipped=106  rescued=0    ignored=0
    xenial-sd-dpkg-verification : ok=3    changed=1    unreachable=0    failed=0    skipped=0    rescued=0    ignored=0
    xenial-sd-generic-ossec-agent : ok=30   changed=22   unreachable=0    failed=0    skipped=88   rescued=0    ignored=0
    xenial-sd-generic-ossec-agent2 : ok=12   changed=3    unreachable=0    failed=0    skipped=106  rescued=0    ignored=0
    xenial-sd-generic-ossec-server : ok=30   changed=22   unreachable=0    failed=0    skipped=88   rescued=0    ignored=0
    xenial-sd-generic-ossec-server2 : ok=12   changed=3    unreachable=0    failed=0    skipped=106  rescued=0    ignored=0
    xenial-sd-grsec            : ok=14   changed=4    unreachable=0    failed=0    skipped=104  rescued=0    ignored=0
    xenial-sd-keyring          : ok=12   changed=3    unreachable=0    failed=0    skipped=106  rescued=0    ignored=0
    xenial-sd-sec-update       : ok=7    changed=1    unreachable=0    failed=0    skipped=111  rescued=0    ignored=0
    
--> Inventory /home/user/securedrop/molecule/builder-xenial/../../install_files/ansible-base/group_vars linked to /home/user/.cache/molecule/securedrop/builder-xenial/inventory/group_vars
--> Scenario: 'builder-xenial'
--> Action: 'verify'
--> Executing Testinfra tests found in /home/user/securedrop/molecule/builder-xenial/tests//...
    ============================= test session starts ==============================
    platform linux -- Python 3.7.3, pytest-3.2.0, py-1.4.34, pluggy-0.4.0
    rootdir: /home/user/securedrop, inifile:
    plugins: testinfra-3.2.0, xdist-1.18.2
gw0 [225] / gw1 [225] / gw2 [225] / gw3 [225]
    scheduling tests via LoadScheduling
    ..............................................................................................................................................................X..................................................................
    ==================== 224 passed, 1 xpassed in 35.70 seconds ====================
Verifier completed successfully.
--> Inventory /home/user/securedrop/molecule/builder-xenial/../../install_files/ansible-base/group_vars linked to /home/user/.cache/molecule/securedrop/builder-xenial/inventory/group_vars
--> Scenario: 'builder-xenial'
--> Action: 'destroy'
    
    PLAY [Destroy] *****************************************************************
    
    TASK [Destroy molecule instance(s)] ********************************************
    changed: [localhost] => (item={'name': 'xenial-sd-app', 'groups': ['builders']})
    changed: [localhost] => (item={'name': 'xenial-sd-generic-ossec-agent', 'groups': ['builders']})
    changed: [localhost] => (item={'name': 'xenial-sd-generic-ossec-server', 'groups': ['builders']})
    changed: [localhost] => (item={'name': 'xenial-sd-generic-ossec-agent2', 'groups': ['builders']})
    changed: [localhost] => (item={'name': 'xenial-sd-generic-ossec-server2', 'groups': ['builders']})
    changed: [localhost] => (item={'name': 'xenial-sd-grsec', 'groups': ['builders']})
    changed: [localhost] => (item={'name': 'xenial-sd-config', 'groups': ['builders']})
    changed: [localhost] => (item={'name': 'xenial-sd-keyring', 'groups': ['builders']})
    changed: [localhost] => (item={'name': 'xenial-sd-sec-update', 'groups': ['builders']})
    changed: [localhost] => (item={'name': 'xenial-sd-dpkg-verification', 'groups': ['testers']})
    
    PLAY RECAP *********************************************************************
    localhost                  : ok=1    changed=1    unreachable=0    failed=0    skipped=0    rescued=0    ignored=0
    
--> Pruning extra files from scenario ephemeral directory

(securedrop) user@builder-disposable:~/securedrop$ sha256sum build/xenial/*
86ba50ab28c2ae7caf0ef47fafe464ba413b3b718485574405c490c3d0c5f8db  build/xenial/ossec-agent-3.6.0-amd64.deb
7d7a32c17d48c8ce89afd725ac5d00820bbf8f751d2172e6403510a35a81597a  build/xenial/ossec-server-3.6.0-amd64.deb
7f80858ac7030bf9a028f993d183a34fc5371edd1baf23a97bef59638705bf53  build/xenial/securedrop-app-code_1.3.0+xenial_amd64.deb
99a01abbefce74626fce497102fe0fe764bda886ee6969f60b9fea65f1fdc1e0  build/xenial/securedrop-app-code_1.3.0+xenial.tar.gz
fb80bd84f58e03ff00191afbe1eea128d0647b3afd308b31cf2a0e93f8de3399  build/xenial/securedrop-config-0.1.3+1.3.0-amd64.deb
8d4ad64f784a57491b0ba3ac11a64bde417a725a8a1ce2f962ee5cdebcd5d3fd  build/xenial/securedrop-grsec-4.14.175-amd64.deb
b0bdcb5a52d5613d55506fac7f9964c97665fe7cb280aad0b4d33fe2ff480f0d  build/xenial/securedrop-keyring-0.1.3+1.3.0-amd64.deb
3413f12f1e7837da6d31901d36eebdf7feadaaf62baf0175384f43a0ff530c32  build/xenial/securedrop-ossec-agent-3.6.0+1.3.0-amd64.deb
8b08f031cf04b081cb2e72a07986248bbef5101bd13c4f9184ca7a89998843c5  build/xenial/securedrop-ossec-server-3.6.0+1.3.0-amd64.deb
(securedrop) user@builder-disposable:~/securedrop$ 
 
