git user@disp5006:~$ git clone https://github.com/freedomofpress/securedrop
Cloning into 'securedrop'...
remote: Enumerating objects: 177, done.
remote: Counting objects: 100% (177/177), done.
remote: Compressing objects: 100% (127/127), done.
remote: Total 79942 (delta 81), reused 106 (delta 42), pack-reused 79765
Receiving objects: 100% (79942/79942), 89.41 MiB | 1.52 MiB/s, done.
Resolving deltas: 100% (53110/53110), done.
user@disp5006:~$ cd securedrop/
user@disp5006:~/securedrop$ git tag -v 1.4.1
object b5b30e7b328d98fff3dab4cc0a6e0d7de38d582d
type commit
tag 1.4.1
tagger mickael e <mickael@freedom.press> 1593097799 -0400

SecureDrop 1.4.1
gpg: Signature made Thu Jun 25 10:43:37 2020 PDT
gpg:                using RSA key 22245C81E3BAEB4138B36061310F561200F4AD77
gpg: Good signature from "SecureDrop Release Signing Key <securedrop-release-key@freedom.press>" [unknown]
gpg:                 aka "SecureDrop Release Signing Key" [unknown]
gpg: WARNING: This key is not certified with a trusted signature!
gpg:          There is no indication that the signature belongs to the owner.
Primary key fingerprint: 2224 5C81 E3BA EB41 38B3  6061 310F 5612 00F4 AD77
user@disp5006:~/securedrop$ git checkout 1.4.1
Note: checking out '1.4.1'.

You are in 'detached HEAD' state. You can look around, make experimental
changes and commit them, and you can discard any commits you make in this
state without impacting any branches by performing another checkout.

If you want to create a new branch to retain commits you create, you may
do so (now or later) by using -b with the checkout command again. Example:

  git checkout -b <new-branch-name>

HEAD is now at b5b30e7b3 SecureDrop 1.4.1
user@disp5006:~/securedrop$ mkvirtualenv -a $PWD sd -p $(which python3)
Already using interpreter /usr/bin/python3
Using base prefix '/usr'
New python executable in /home/user/.virtualenvs/sd/bin/python3
Also creating executable in /home/user/.virtualenvs/sd/bin/python
Installing setuptools, pkg_resources, pip, wheel...done.
Setting project for sd to /home/user/securedrop
(sd) user@disp5006:~/securedrop$ git show
commit b5b30e7b328d98fff3dab4cc0a6e0d7de38d582d (HEAD, tag: 1.4.1, origin/update-builder-and-1.4.1)
Author: mickael e <mickael@freedom.press>
Date:   Thu Jun 25 11:09:45 2020 -0400

    SecureDrop 1.4.1

diff --git a/changelog.md b/changelog.md
index 99a42ee70..3a2bc64ec 100644
--- a/changelog.md
+++ b/changelog.md
@@ -1,6 +1,6 @@
 # Changelog
 
-## 1.4.1~rc1
+## 1.4.1
 
 * Bugfix: Updated securedrop-admin utility to validate instance configuration correctly when v3 onion services are disabled (#5334)`
 
diff --git a/docs/conf.py b/docs/conf.py
index 2996188fc..46b973917 100644
--- a/docs/conf.py
+++ b/docs/conf.py
@@ -57,9 +57,9 @@ author = u'SecureDrop Team and Contributors'
 # built documents.
 #
 # The short X.Y version.
-version = '1.4.0'
+version = '1.4.1'
 # The full version, including alpha/beta/rc tags.
-release = '1.4.0'
+release = '1.4.1'
 
 # The language for content autogenerated by Sphinx. Refer to documentation
 # for a list of supported languages.
diff --git a/docs/set_up_admin_tails.rst b/docs/set_up_admin_tails.rst
index 2830e80d4..891a43c7f 100644
--- a/docs/set_up_admin_tails.rst
+++ b/docs/set_up_admin_tails.rst
@@ -131,8 +131,8 @@ signed with the release signing key:
 .. code:: sh
 
     cd ~/Persistent/securedrop/
-    git checkout 1.4.0
-    git tag -v 1.4.0
+    git checkout 1.4.1
+    git tag -v 1.4.1
 
 You should see ``Good signature from "SecureDrop Release Signing Key"`` in the
 output of that last command along with the fingerprint above.
diff --git a/install_files/ansible-base/group_vars/all/securedrop b/install_files/ansible-base/group_vars/all/securedrop
index 5cd8e9b46..2b212cbcc 100644
--- a/install_files/ansible-base/group_vars/all/securedrop
+++ b/install_files/ansible-base/group_vars/all/securedrop
@@ -2,8 +2,8 @@
 # Variables that apply to both the app and monitor server go in this file
 # If the monitor or app server need different values define the variable in
 # hosts_vars/app.yml or host_vars/mon.yml
-securedrop_app_code_version: "1.4.1~rc1"
-securedrop_app_code_sdist_version: "securedrop-app-code-1.4.1-rc1"
+securedrop_app_code_version: "1.4.1"
+securedrop_app_code_sdist_version: "securedrop-app-code-1.4.1"
 securedrop_app_code_sdist_name: "{{ securedrop_app_code_sdist_version }}.tar.gz"
 
 grsecurity: true
diff --git a/install_files/ansible-base/roles/build-securedrop-app-code-deb-pkg/files/changelog-xenial b/install_files/ansible-base/roles/build-securedrop-app-code-deb-pkg/files/changelog-xenial
index 138c2d3bc..6fb8539fb 100644
--- a/install_files/ansible-base/roles/build-securedrop-app-code-deb-pkg/files/changelog-xenial
+++ b/install_files/ansible-base/roles/build-securedrop-app-code-deb-pkg/files/changelog-xenial
@@ -1,8 +1,8 @@
-securedrop-app-code (1.4.1~rc1+xenial) xenial; urgency=medium
+securedrop-app-code (1.4.1+xenial) xenial; urgency=medium
 
-  * See changelog.md 
+  * See changelog.md
 
- -- SecureDrop Team <securedrop@freedom.press>  Wed, 24 Jun 2020 22:37:57 +0000
+ -- SecureDrop Team <securedrop@freedom.press>  Thu, 25 Jun 2020 11:09:28 -0400
 
 securedrop-app-code (1.4.0+xenial) xenial; urgency=medium
 
diff --git a/install_files/securedrop-config/DEBIAN/control b/install_files/securedrop-config/DEBIAN/control
index bcdd16725..10e90480b 100644
--- a/install_files/securedrop-config/DEBIAN/control
+++ b/install_files/securedrop-config/DEBIAN/control
@@ -4,7 +4,7 @@ Priority: optional
 Maintainer: SecureDrop Team <securedrop@freedom.press>
 Homepage: https://securedrop.org
 Package: securedrop-config
-Version: 0.1.3+1.4.1~rc1
+Version: 0.1.3+1.4.1
 Architecture: all
 Description: Establishes baseline system state for running SecureDrop.
  Configures apt repositories.
diff --git a/install_files/securedrop-keyring/DEBIAN/control b/install_files/securedrop-keyring/DEBIAN/control
index ee14fab28..aeebabc78 100644
--- a/install_files/securedrop-keyring/DEBIAN/control
+++ b/install_files/securedrop-keyring/DEBIAN/control
@@ -4,7 +4,7 @@ Priority: optional
 Maintainer: SecureDrop Team <securedrop@freedom.press>
 Homepage: https://securedrop.org
 Package: securedrop-keyring
-Version: 0.1.4+1.4.1~rc1
+Version: 0.1.4+1.4.1
 Architecture: amd64
 Depends: gnupg
 Description: Provides an apt keyring for SecureDrop-related packages, so the master signing key used for SecureDrop packages can be updated via apt.
diff --git a/install_files/securedrop-ossec-agent/DEBIAN/control b/install_files/securedrop-ossec-agent/DEBIAN/control
index be6495006..12a6b3a8b 100644
--- a/install_files/securedrop-ossec-agent/DEBIAN/control
+++ b/install_files/securedrop-ossec-agent/DEBIAN/control
@@ -4,7 +4,7 @@ Priority: optional
 Maintainer: SecureDrop Team <securedrop@freedom.press>
 Homepage: https://securedrop.org
 Package: securedrop-ossec-agent
-Version: 3.6.0+1.4.1~rc1
+Version: 3.6.0+1.4.1
 Architecture: amd64
 Depends: libevent-1.4-2,libpcre2-8-0,ossec-agent,securedrop-keyring,securedrop-config
 Replaces: ossec-agent
diff --git a/install_files/securedrop-ossec-server/DEBIAN/control b/install_files/securedrop-ossec-server/DEBIAN/control
index f1780dc82..589aacc9a 100644
--- a/install_files/securedrop-ossec-server/DEBIAN/control
+++ b/install_files/securedrop-ossec-server/DEBIAN/control
@@ -4,7 +4,7 @@ Priority: optional
 Maintainer: SecureDrop Team <securedrop@freedom.press>
 Homepage: https://securedrop.org
 Package: securedrop-ossec-server
-Version: 3.6.0+1.4.1~rc1
+Version: 3.6.0+1.4.1
 Architecture: amd64
 Depends: libevent-1.4-2,libpcre2-8-0,ossec-server,securedrop-keyring,securedrop-config
 Replaces: ossec-server
diff --git a/molecule/builder-xenial/tests/vars.yml b/molecule/builder-xenial/tests/vars.yml
index 5178401f8..0b9eaee72 100644
--- a/molecule/builder-xenial/tests/vars.yml
+++ b/molecule/builder-xenial/tests/vars.yml
@@ -1,5 +1,5 @@
 ---
-securedrop_version: "1.4.1~rc1"
+securedrop_version: "1.4.1"
 ossec_version: "3.6.0"
 keyring_version: "0.1.4"
 config_version: "0.1.3"
diff --git a/molecule/shared/stable.ver b/molecule/shared/stable.ver
index 88c5fb891..347f5833e 100644
--- a/molecule/shared/stable.ver
+++ b/molecule/shared/stable.ver
@@ -1 +1 @@
-1.4.0
+1.4.1
diff --git a/securedrop/version.py b/securedrop/version.py
index c5ba7fcb2..8e3c933cd 100644
--- a/securedrop/version.py
+++ b/securedrop/version.py
@@ -1 +1 @@
-__version__ = '1.4.1~rc1'
+__version__ = '1.4.1'
diff --git a/setup.py b/setup.py
index b5a9d927f..a5842c2fd 100644
--- a/setup.py
+++ b/setup.py
@@ -4,7 +4,7 @@ long_description = "The SecureDrop whistleblower platform."
 
 setuptools.setup(
     name="securedrop-app-code",
-    version="1.4.1~rc1",
+    version="1.4.1",
     author="Freedom of the Press Foundation",
     author_email="securedrop@freedom.press",
     description="SecureDrop Server",
(sd) user@disp5006:~/securedrop$ pip install --no-deps --require-hashes -r securedrop/requirements/python3/develop-requirements.txt
Collecting alabaster==0.7.10
  Downloading alabaster-0.7.10-py2.py3-none-any.whl (12 kB)
Collecting ansible-lint==4.1.0
  Downloading ansible_lint-4.1.0-py2.py3-none-any.whl (54 kB)
     || 54 kB 230 kB/s 
Collecting ansible==2.9.7
  Downloading ansible-2.9.7.tar.gz (14.2 MB)
     || 14.2 MB 609 kB/s 
Collecting anyconfig==0.9.7
  Downloading anyconfig-0.9.7.tar.gz (97 kB)
     || 97 kB 2.5 MB/s 
Collecting apipkg==1.4
  Downloading apipkg-1.4-py2.py3-none-any.whl (6.6 kB)
Collecting argh==0.26.2
  Downloading argh-0.26.2-py2.py3-none-any.whl (30 kB)
Collecting arrow==0.10.0
  Downloading arrow-0.10.0.tar.gz (86 kB)
     || 86 kB 1.2 MB/s 
Collecting asn1crypto==0.22.0
  Downloading asn1crypto-0.22.0-py2.py3-none-any.whl (97 kB)
     || 97 kB 2.4 MB/s 
Collecting aspy.yaml==1.3.0
  Downloading aspy.yaml-1.3.0-py2.py3-none-any.whl (3.5 kB)
Collecting astroid==2.4.0
  Downloading astroid-2.4.0-py3-none-any.whl (327 kB)
     || 327 kB 1.8 MB/s 
Collecting babel==2.4.0
  Downloading Babel-2.4.0-py2.py3-none-any.whl (6.8 MB)
     || 6.8 MB 327 kB/s 
Collecting bandit==1.4.0
  Downloading bandit-1.4.0-py2.py3-none-any.whl (116 kB)
     || 116 kB 218 kB/s 
Collecting bcrypt==3.1.3
  Downloading bcrypt-3.1.3.tar.gz (40 kB)
     || 40 kB 204 kB/s 
Collecting binaryornot==0.4.4
  Downloading binaryornot-0.4.4-py2.py3-none-any.whl (9.0 kB)
Collecting boto3==1.5.24
  Downloading boto3-1.5.24-py2.py3-none-any.whl (128 kB)
     || 128 kB 315 kB/s 
Collecting boto==2.48.0
  Downloading boto-2.48.0-py2.py3-none-any.whl (1.4 MB)
     || 1.4 MB 125 kB/s 
Collecting botocore==1.8.38
  Downloading botocore-1.8.38-py2.py3-none-any.whl (4.1 MB)
     || 4.1 MB 71 kB/s 
Collecting cerberus==1.3.1
  Downloading Cerberus-1.3.1.tar.gz (52 kB)
     || 52 kB 961 kB/s 
Collecting certifi==2017.7.27.1
  Downloading certifi-2017.7.27.1-py2.py3-none-any.whl (349 kB)
     || 349 kB 3.7 MB/s 
Collecting cffi==1.10.0
  Downloading cffi-1.10.0.tar.gz (418 kB)
     || 418 kB 2.9 MB/s 
Collecting cfgv==2.0.1
  Downloading cfgv-2.0.1-py2.py3-none-any.whl (7.4 kB)
Collecting chardet==3.0.4
  Downloading chardet-3.0.4-py2.py3-none-any.whl (133 kB)
     || 133 kB 3.4 MB/s 
Collecting click-completion==0.3.1
  Downloading click-completion-0.3.1.tar.gz (8.2 kB)
Collecting click==6.7
  Downloading click-6.7-py2.py3-none-any.whl (71 kB)
     || 71 kB 6.3 MB/s 
Collecting colorama==0.3.9
  Downloading colorama-0.3.9-py2.py3-none-any.whl (20 kB)
Collecting cookiecutter==1.6.0
  Downloading cookiecutter-1.6.0-py2.py3-none-any.whl (50 kB)
     || 50 kB 3.5 MB/s 
Collecting cryptography==2.7
  Downloading cryptography-2.7-cp34-abi3-manylinux1_x86_64.whl (2.3 MB)
     || 2.3 MB 4.6 MB/s 
Collecting dnspython==1.15.0
  Downloading dnspython-1.15.0-py2.py3-none-any.whl (177 kB)
     || 177 kB 3.4 MB/s 
Collecting docker-py==1.10.6
  Downloading docker_py-1.10.6-py2.py3-none-any.whl (50 kB)
     || 50 kB 3.4 MB/s 
Collecting docker-pycreds==0.2.1
  Downloading docker_pycreds-0.2.1-py2.py3-none-any.whl (4.5 kB)
Collecting docopt==0.6.2
  Downloading docopt-0.6.2.tar.gz (25 kB)
Collecting docutils==0.14
  Downloading docutils-0.14-py3-none-any.whl (543 kB)
     || 543 kB 3.6 MB/s 
Collecting dparse==0.4.1
  Downloading dparse-0.4.1.tar.gz (31 kB)
Collecting entrypoints==0.3
  Downloading entrypoints-0.3-py2.py3-none-any.whl (11 kB)
Collecting execnet==1.4.1
  Downloading execnet-1.4.1-py2.py3-none-any.whl (40 kB)
     || 40 kB 4.7 MB/s 
Collecting fasteners==0.14.1
  Downloading fasteners-0.14.1-py2.py3-none-any.whl (20 kB)
Collecting flake8==3.7.7
  Downloading flake8-3.7.7-py2.py3-none-any.whl (68 kB)
     || 68 kB 2.9 MB/s 
Collecting future==0.16.0
  Downloading future-0.16.0.tar.gz (824 kB)
     || 824 kB 4.4 MB/s 
Collecting git-url-parse==1.0.2
  Downloading git_url_parse-1.0.2-py3-none-any.whl (5.4 kB)
Collecting gitdb2==2.0.3
  Downloading gitdb2-2.0.3-py2.py3-none-any.whl (63 kB)
     || 63 kB 2.2 MB/s 
Collecting gitpython==2.1.8
  Downloading GitPython-2.1.8-py2.py3-none-any.whl (448 kB)
     || 448 kB 4.6 MB/s 
Collecting html-linter==0.4.0
  Downloading html-linter-0.4.0.tar.gz (19 kB)
Collecting identify==1.4.7
  Downloading identify-1.4.7-py2.py3-none-any.whl (97 kB)
     || 97 kB 3.5 MB/s 
Collecting idna==2.5
  Downloading idna-2.5-py2.py3-none-any.whl (55 kB)
     || 55 kB 2.2 MB/s 
Collecting imagesize==0.7.1
  Downloading imagesize-0.7.1-py2.py3-none-any.whl (5.2 kB)
Collecting importlib-metadata==0.23
  Downloading importlib_metadata-0.23-py2.py3-none-any.whl (28 kB)
Collecting importlib-resources==1.5.0
  Downloading importlib_resources-1.5.0-py2.py3-none-any.whl (21 kB)
Collecting isort==4.2.15
  Downloading isort-4.2.15-py2.py3-none-any.whl (43 kB)
     || 43 kB 2.0 MB/s 
Collecting jinja2-time==0.2.0
  Downloading jinja2_time-0.2.0-py2.py3-none-any.whl (6.4 kB)
Collecting jinja2==2.10.1
  Downloading Jinja2-2.10.1-py2.py3-none-any.whl (124 kB)
     || 124 kB 4.0 MB/s 
Collecting jmespath==0.9.3
  Downloading jmespath-0.9.3-py2.py3-none-any.whl (23 kB)
Collecting lazy-object-proxy==1.4.3
  Downloading lazy_object_proxy-1.4.3-cp37-cp37m-manylinux1_x86_64.whl (56 kB)
     || 56 kB 5.2 MB/s 
Collecting livereload==2.5.1
  Downloading livereload-2.5.1.tar.gz (20 kB)
Collecting markupsafe==1.1.1
  Downloading MarkupSafe-1.1.1-cp37-cp37m-manylinux1_x86_64.whl (27 kB)
Collecting mccabe==0.6.1
  Downloading mccabe-0.6.1-py2.py3-none-any.whl (8.6 kB)
Collecting molecule==2.22
  Downloading molecule-2.22-py2.py3-none-any.whl (469 kB)
     || 469 kB 2.9 MB/s 
Collecting monotonic==1.4
  Downloading monotonic-1.4-py2.py3-none-any.whl (5.3 kB)
Collecting more-itertools==7.2.0
  Downloading more_itertools-7.2.0-py3-none-any.whl (57 kB)
     || 57 kB 2.1 MB/s 
Collecting mypy-extensions==0.4.3
  Downloading mypy_extensions-0.4.3-py2.py3-none-any.whl (4.5 kB)
Collecting mypy==0.761
  Downloading mypy-0.761-cp37-cp37m-manylinux1_x86_64.whl (24.1 MB)
     || 24.1 MB 3.7 MB/s 
Collecting netaddr==0.7.19
  Downloading netaddr-0.7.19-py2.py3-none-any.whl (1.6 MB)
     || 1.6 MB 2.9 MB/s 
Collecting nodeenv==1.3.3
  Downloading nodeenv-1.3.3.tar.gz (34 kB)
Collecting packaging==16.8
  Downloading packaging-16.8-py2.py3-none-any.whl (23 kB)
Collecting paramiko==2.6.0
  Downloading paramiko-2.6.0-py2.py3-none-any.whl (199 kB)
     || 199 kB 2.1 MB/s 
Collecting pathspec==0.5.5
  Downloading pathspec-0.5.5.tar.gz (21 kB)
Collecting pathtools==0.1.2
  Downloading pathtools-0.1.2.tar.gz (11 kB)
Collecting pbr==5.1.1
  Downloading pbr-5.1.1-py2.py3-none-any.whl (106 kB)
     || 106 kB 4.5 MB/s 
Collecting pexpect==4.6.0
  Downloading pexpect-4.6.0-py2.py3-none-any.whl (57 kB)
     || 57 kB 4.5 MB/s 
Collecting pip-tools==4.0.0
  Downloading pip_tools-4.0.0-py2.py3-none-any.whl (39 kB)
Collecting port_for==0.3.1
  Downloading port-for-0.3.1.tar.gz (18 kB)
Collecting poyo==0.4.1
  Downloading poyo-0.4.1-py2.py3-none-any.whl (12 kB)
Collecting pre-commit==1.18.3
  Downloading pre_commit-1.18.3-py2.py3-none-any.whl (154 kB)
     || 154 kB 4.7 MB/s 
Collecting prompt_toolkit==2.0.9
  Downloading prompt_toolkit-2.0.9-py3-none-any.whl (337 kB)
     || 337 kB 3.8 MB/s 
Collecting psutil==5.7.0
  Downloading psutil-5.7.0.tar.gz (449 kB)
     || 449 kB 6.2 MB/s 
Collecting ptyprocess==0.5.2
  Downloading ptyprocess-0.5.2-py2.py3-none-any.whl (39 kB)
Collecting py==1.4.34
  Downloading py-1.4.34-py2.py3-none-any.whl (84 kB)
     || 84 kB 1.9 MB/s 
Collecting pycodestyle==2.5.0
  Downloading pycodestyle-2.5.0-py2.py3-none-any.whl (51 kB)
     || 51 kB 4.2 MB/s 
Collecting pycparser==2.18
  Downloading pycparser-2.18.tar.gz (245 kB)
     || 245 kB 5.1 MB/s 
Collecting pyenchant==2.0.0
  Downloading pyenchant-2.0.0.tar.gz (64 kB)
     || 64 kB 1.4 MB/s 
Collecting pyflakes==2.1.1
  Downloading pyflakes-2.1.1-py2.py3-none-any.whl (59 kB)
     || 59 kB 3.4 MB/s 
Collecting pygments==2.6.1
  Downloading Pygments-2.6.1-py3-none-any.whl (914 kB)
     || 914 kB 4.2 MB/s 
Collecting pylint==2.5.0
  Downloading pylint-2.5.0-py3-none-any.whl (324 kB)
     || 324 kB 3.5 MB/s 
Collecting pynacl==1.1.2
  Downloading PyNaCl-1.1.2.tar.gz (3.1 MB)
     || 3.1 MB 1.5 MB/s 
Collecting pyparsing==2.2.0
  Downloading pyparsing-2.2.0-py2.py3-none-any.whl (56 kB)
     || 56 kB 1.9 MB/s 
Collecting pytest-xdist==1.18.2
  Downloading pytest-xdist-1.18.2.tar.gz (50 kB)
     || 50 kB 3.1 MB/s 
  Installing build dependencies ... done
  Getting requirements to build wheel ... done
  Installing backend dependencies ... done
    Preparing wheel metadata ... done
Collecting pytest==3.2.0
  Downloading pytest-3.2.0-py2.py3-none-any.whl (186 kB)
     || 186 kB 5.0 MB/s 
Collecting python-dateutil==2.6.1
  Downloading python_dateutil-2.6.1-py2.py3-none-any.whl (194 kB)
     || 194 kB 5.3 MB/s 
Collecting python-gilt==1.2.1
  Downloading python_gilt-1.2.1-py3-none-any.whl (13 kB)
Collecting python-vagrant==0.5.15
  Downloading python-vagrant-0.5.15.tar.gz (29 kB)
Collecting pytz==2017.2
  Downloading pytz-2017.2-py2.py3-none-any.whl (484 kB)
     || 484 kB 4.6 MB/s 
Collecting pyyaml==5.3.1
  Downloading PyYAML-5.3.1.tar.gz (269 kB)
     || 269 kB 4.2 MB/s 
Collecting requests==2.22.0
  Downloading requests-2.22.0-py2.py3-none-any.whl (57 kB)
     || 57 kB 585 kB/s 
Collecting ruamel.yaml==0.15.97
  Downloading ruamel.yaml-0.15.97-cp37-cp37m-manylinux1_x86_64.whl (653 kB)
     || 653 kB 3.5 MB/s 
Collecting s3transfer==0.1.12
  Downloading s3transfer-0.1.12-py2.py3-none-any.whl (59 kB)
     || 59 kB 2.3 MB/s 
Collecting safety==1.8.7
  Downloading safety-1.8.7-py2.py3-none-any.whl (14 kB)
Collecting sh==1.12.14
  Downloading sh-1.12.14-py2.py3-none-any.whl (38 kB)
Collecting six==1.14.0
  Downloading six-1.14.0-py2.py3-none-any.whl (10 kB)
Collecting smmap2==2.0.3
  Downloading smmap2-2.0.3-py2.py3-none-any.whl (27 kB)
Collecting snowballstemmer==1.2.1
  Downloading snowballstemmer-1.2.1-py2.py3-none-any.whl (64 kB)
     || 64 kB 1.7 MB/s 
Collecting sphinx-autobuild==0.7.1
  Downloading sphinx-autobuild-0.7.1.tar.gz (14 kB)
Collecting sphinx-rtd-theme==0.4.3
  Downloading sphinx_rtd_theme-0.4.3-py2.py3-none-any.whl (6.4 MB)
     || 6.4 MB 3.3 MB/s 
Collecting sphinx==3.0.4
  Downloading Sphinx-3.0.4-py3-none-any.whl (2.8 MB)
     || 2.8 MB 1.0 MB/s 
Collecting sphinxcontrib-applehelp==1.0.2
  Downloading sphinxcontrib_applehelp-1.0.2-py2.py3-none-any.whl (121 kB)
     || 121 kB 3.6 MB/s 
Collecting sphinxcontrib-devhelp==1.0.2
  Downloading sphinxcontrib_devhelp-1.0.2-py2.py3-none-any.whl (84 kB)
     || 84 kB 2.3 MB/s 
Collecting sphinxcontrib-htmlhelp==1.0.3
  Downloading sphinxcontrib_htmlhelp-1.0.3-py2.py3-none-any.whl (96 kB)
     || 96 kB 2.8 MB/s 
Collecting sphinxcontrib-jsmath==1.0.1
  Downloading sphinxcontrib_jsmath-1.0.1-py2.py3-none-any.whl (5.1 kB)
Collecting sphinxcontrib-qthelp==1.0.3
  Downloading sphinxcontrib_qthelp-1.0.3-py2.py3-none-any.whl (90 kB)
     || 90 kB 1.4 MB/s 
Collecting sphinxcontrib-serializinghtml==1.1.4
  Downloading sphinxcontrib_serializinghtml-1.1.4-py2.py3-none-any.whl (89 kB)
     || 89 kB 1.2 MB/s 
Collecting stevedore==1.28.0
  Downloading stevedore-1.28.0-py2.py3-none-any.whl (39 kB)
Collecting tabulate==0.8.3
  Downloading tabulate-0.8.3.tar.gz (46 kB)
     || 46 kB 2.0 MB/s 
Collecting template-remover==0.1.9
  Downloading template-remover-0.1.9.tar.gz (7.1 kB)
Collecting testinfra==3.2.0
  Downloading testinfra-3.2.0-py2.py3-none-any.whl (66 kB)
     || 66 kB 1.9 MB/s 
Collecting toml==0.10.0
  Downloading toml-0.10.0-py2.py3-none-any.whl (25 kB)
Collecting tornado==4.5.1
  Downloading tornado-4.5.1.tar.gz (483 kB)
     || 483 kB 1.1 MB/s 
Collecting tree-format==0.1.2
  Downloading tree-format-0.1.2.tar.gz (4.0 kB)
Collecting typed-ast==1.4.1
  Downloading typed_ast-1.4.1-cp37-cp37m-manylinux1_x86_64.whl (737 kB)
     || 737 kB 1.8 MB/s 
Collecting typing-extensions==3.7.4.1
  Downloading typing_extensions-3.7.4.1-py3-none-any.whl (20 kB)
Collecting urllib3==1.25.8
  Downloading urllib3-1.25.8-py2.py3-none-any.whl (125 kB)
     || 125 kB 1.5 MB/s 
Collecting virtualenv==16.7.5
  Downloading virtualenv-16.7.5-py2.py3-none-any.whl (3.3 MB)
     || 3.3 MB 1.5 MB/s 
Collecting watchdog==0.8.3
  Downloading watchdog-0.8.3.tar.gz (83 kB)
     || 83 kB 1.5 MB/s 
Collecting wcwidth==0.1.7
  Downloading wcwidth-0.1.7-py2.py3-none-any.whl (21 kB)
Collecting websocket-client==0.44.0
  Downloading websocket_client-0.44.0-py2.py3-none-any.whl (199 kB)
     || 199 kB 3.0 MB/s 
Collecting whichcraft==0.4.1
  Downloading whichcraft-0.4.1-py2.py3-none-any.whl (5.1 kB)
Collecting wrapt==1.11.2
  Downloading wrapt-1.11.2.tar.gz (27 kB)
Collecting yamllint==1.17.0
  Downloading yamllint-1.17.0-py2.py3-none-any.whl (57 kB)
     || 57 kB 2.8 MB/s 
Collecting zipp==0.6.0
  Downloading zipp-0.6.0-py2.py3-none-any.whl (4.1 kB)
Collecting pip==19.1
  Downloading pip-19.1-py2.py3-none-any.whl (1.4 MB)
     || 1.4 MB 2.9 MB/s 
Collecting setuptools==46.0.0
  Downloading setuptools-46.0.0-py3-none-any.whl (582 kB)
     || 582 kB 4.7 MB/s 
Building wheels for collected packages: ansible, anyconfig, arrow, bcrypt, cerberus, cffi, click-completion, docopt, dparse, future, html-linter, livereload, nodeenv, pathspec, pathtools, port-for, psutil, pycparser, pyenchant, pynacl, pytest-xdist, python-vagrant, pyyaml, sphinx-autobuild, tabulate, template-remover, tornado, tree-format, watchdog, wrapt
  Building wheel for ansible (setup.py) ... done
  Created wheel for ansible: filename=ansible-2.9.7-py3-none-any.whl size=16169073 sha256=a5d8e94697bf60563250f1cf785f9a336a328c8432d9509f3e480a395012ef14
  Stored in directory: /home/user/.cache/pip/wheels/46/6b/6f/b51b1644751fc09b957a9af8c58fab6606cf1d7c7d530e53e2
  Building wheel for anyconfig (setup.py) ... done
  Created wheel for anyconfig: filename=anyconfig-0.9.7-py3-none-any.whl size=60093 sha256=14502e8af1a7f8fba23ebe0868285db0f6b2ac9af2e516232233caf72059ab1e
  Stored in directory: /home/user/.cache/pip/wheels/13/07/a3/f7d56c5ad0f60929dba33f34126327e98d538a75b925c24535
  Building wheel for arrow (setup.py) ... done
  Created wheel for arrow: filename=arrow-0.10.0-py2.py3-none-any.whl size=32852 sha256=61beaaa721219ff944e423c09e43c2c8b8936156db1218ce0465fd9ea81486bc
  Stored in directory: /home/user/.cache/pip/wheels/08/04/41/fc01ef75aa14872805f2283ef01954a539700a7a6435cf52f1
  Building wheel for bcrypt (setup.py) ... done
  Created wheel for bcrypt: filename=bcrypt-3.1.3-cp37-cp37m-linux_x86_64.whl size=62527 sha256=8e63c747cc98ed1cf4d812f08ccf363032dc7a474a98d5935095cf0625e8e1a7
  Stored in directory: /home/user/.cache/pip/wheels/af/05/db/ec8bfecf1b99a175e62e918d2f891a5f9b1132d12ad2b32e6e
  Building wheel for cerberus (setup.py) ... done
  Created wheel for cerberus: filename=Cerberus-1.3.1-py3-none-any.whl size=54127 sha256=d716123bd94d0cb2de52e833789cfe2da808ba15e9773b1fe02aa913c8adc440
  Stored in directory: /home/user/.cache/pip/wheels/c6/d3/b0/ff1650a3cb6b6f19ea314ec517a17d88a1a4a1181b5a209836
  Building wheel for cffi (setup.py) ... done
  Created wheel for cffi: filename=cffi-1.10.0-cp37-cp37m-linux_x86_64.whl size=331714 sha256=3de187f57266b67e90884be8896764161e0fc2f633000d3a404ba6473160b74b
  Stored in directory: /home/user/.cache/pip/wheels/cc/8d/6c/d24a8db003ac4a51d9959a9985718fac84e1baa5ec6c42d115
  Building wheel for click-completion (setup.py) ... done
  Created wheel for click-completion: filename=click_completion-0.3.1-py3-none-any.whl size=7917 sha256=b9f375d86a39f9755f7651ea22a21eae67fc6a1cf8cad617e34fdc73f962a3ee
  Stored in directory: /home/user/.cache/pip/wheels/9f/93/b8/481f2187c3b23cb0a01d649c0abb4d1ccf9947c409230c1101
  Building wheel for docopt (setup.py) ... done
  Created wheel for docopt: filename=docopt-0.6.2-py2.py3-none-any.whl size=13704 sha256=febe779f4ab1b2fa9bbbdb9569fb884a8fc73f8551938d3e9cf78582b02eed54
  Stored in directory: /home/user/.cache/pip/wheels/72/b0/3f/1d95f96ff986c7dfffe46ce2be4062f38ebd04b506c77c81b9
  Building wheel for dparse (setup.py) ... done
  Created wheel for dparse: filename=dparse-0.4.1-py3-none-any.whl size=19513 sha256=2963e20e4baa9833d0006eaf2a47cfa58314f4990482bd9c295813e26bc5acce
  Stored in directory: /home/user/.cache/pip/wheels/71/4d/89/faf1d72f447af4ba171beff9447a110e24e28c530fba45d3da
  Building wheel for future (setup.py) ... done
  Created wheel for future: filename=future-0.16.0-py3-none-any.whl size=487800 sha256=6c5d93741dfdc55b09d9f835bfb0cac3c0945be697c1135c5a4a130ca5fe97f8
  Stored in directory: /home/user/.cache/pip/wheels/7c/09/6f/dfd31fb2ebe951aefbee461a0dfce1bdc2e4b2c1016e85d233
  Building wheel for html-linter (setup.py) ... done
  Created wheel for html-linter: filename=html_linter-0.4.0-py3-none-any.whl size=14334 sha256=43aea3505bc9bcdc1b1e14b793c861e7a8b905487ceb6d0c4104c06990c6d053
  Stored in directory: /home/user/.cache/pip/wheels/2e/50/9f/73a163b49962de66a9bcc0707dbb1519f553371422ed91c200
  Building wheel for livereload (setup.py) ... done
  Created wheel for livereload: filename=livereload-2.5.1-py3-none-any.whl size=22199 sha256=e3862ffee7a88403ab4a41a5b73170e4b650f60635593bd388207cddee6d67ef
  Stored in directory: /home/user/.cache/pip/wheels/e1/ae/c8/f567dc6cbbe80a849d5d269e955024aa79c0a875eea2474bae
  Building wheel for nodeenv (setup.py) ... done
  Created wheel for nodeenv: filename=nodeenv-1.3.3-py3-none-any.whl size=21346 sha256=0a00551e1b1280aff0750d676c7871dcb345d9297f61eb2efd35f72ab7af0859
  Stored in directory: /home/user/.cache/pip/wheels/13/d3/6f/0e01c0c62414f74a97916cc97047c088f6acc8ce617d1b37ff
  Building wheel for pathspec (setup.py) ... done
  Created wheel for pathspec: filename=pathspec-0.5.5-py3-none-any.whl size=24229 sha256=dc7d5fa1707567a555a81c2cb9c924640d19ac51f54e40d37b65f1237773f9d5
  Stored in directory: /home/user/.cache/pip/wheels/09/97/ce/98234adaab0cf5b2c3a1b6610ada24e6f7ab3675fff4e0b8b2
  Building wheel for pathtools (setup.py) ... done
  Created wheel for pathtools: filename=pathtools-0.1.2-py3-none-any.whl size=8784 sha256=d5899c1e381a345d8c057a04ba032da45742cd2534a492acf2529b16721209db
  Stored in directory: /home/user/.cache/pip/wheels/3e/31/09/fa59cef12cdcfecc627b3d24273699f390e71828921b2cbba2
  Building wheel for port-for (setup.py) ... done
  Created wheel for port-for: filename=port_for-0.3.1-py3-none-any.whl size=19605 sha256=3bca9a50c253898731754751afc5cf0e139ae103cefed2437edf5b322936302c
  Stored in directory: /home/user/.cache/pip/wheels/a0/3a/de/2fee22649fd79d152f8726b86b9dec6fd35924e71d8e4c2bf2
  Building wheel for psutil (setup.py) ... done
  Created wheel for psutil: filename=psutil-5.7.0-cp37-cp37m-linux_x86_64.whl size=282425 sha256=8fb1e29829c1252c4f0a6c3d1b6db8b6074d31b27a4791461abc5fe1640e227f
  Stored in directory: /home/user/.cache/pip/wheels/b6/e7/50/aee9cc966163d74430f13f208171dee22f11efa4a4a826661c
  Building wheel for pycparser (setup.py) ... done
  Created wheel for pycparser: filename=pycparser-2.18-py2.py3-none-any.whl size=205696 sha256=482f3cd188edf1d56e572115e0cfe5f4928561e03ae1243cf82b3bf061683c0d
  Stored in directory: /home/user/.cache/pip/wheels/5d/c6/29/87a8bb797e60b55a91bd0a1e8455365c5f5dff9fc45c05f3e4
  Building wheel for pyenchant (setup.py) ... done
  Created wheel for pyenchant: filename=pyenchant-2.0.0-py2.py3.cp27.cp32.cp33.cp34.cp35.cp36.pp27.pp33.pp35-none-any.whl size=71148 sha256=cf24811f8a8b282a5bcee0a26d35d808441e2001e2e2f1fd0f9493205aa00658
  Stored in directory: /home/user/.cache/pip/wheels/b3/a1/1f/9f401bb462dc2815fad237aa51b7fc9c6ea68760a468a5113f
  Building wheel for pynacl (setup.py) ... done
  Created wheel for pynacl: filename=PyNaCl-1.1.2-cp37-cp37m-linux_x86_64.whl size=670044 sha256=85cc14a9f10eb1577145c5b8a49d7730f9fb5a613826055d1a1f25e87773ab50
  Stored in directory: /home/user/.cache/pip/wheels/de/0e/97/dbf5e8f88b4eb199d5bd738b291cd770f5dc1f3c59f0595480
  Building wheel for pytest-xdist (PEP 517) ... done
  Created wheel for pytest-xdist: filename=pytest_xdist-1.18.2-py2.py3-none-any.whl size=26343 sha256=3951c27ab6098b00839902a46dc1a19fbe0e2f0ebc444895183bc008812b19df
  Stored in directory: /home/user/.cache/pip/wheels/a1/ef/c5/2f26f7285bcf4bc1e301a244e8f20280b47541c2e393c74f67
  Building wheel for python-vagrant (setup.py) ... done
  Created wheel for python-vagrant: filename=python_vagrant-0.5.15-py3-none-any.whl size=18432 sha256=665ab47afc7c86ab89e07a1e4e5a7a4228b78aa53821e7f3e64dba7fb65d0080
  Stored in directory: /home/user/.cache/pip/wheels/a1/9e/8f/6d84a01c39978f584d03e873cbd99d2c41415695a0fa5c1f5c
  Building wheel for pyyaml (setup.py) ... done
  Created wheel for pyyaml: filename=PyYAML-5.3.1-cp37-cp37m-linux_x86_64.whl size=44619 sha256=8ea3912942af651f60cdc95262c2073d9aaf9b14cd1560efabd7fd90a43a8719
  Stored in directory: /home/user/.cache/pip/wheels/5e/03/1e/e1e954795d6f35dfc7b637fe2277bff021303bd9570ecea653
  Building wheel for sphinx-autobuild (setup.py) ... done
  Created wheel for sphinx-autobuild: filename=sphinx_autobuild-0.7.1-py3-none-any.whl size=10075 sha256=11e7a0763492c090990cee648a01bdbba56f16570b862d152c44bfae14f481b8
  Stored in directory: /home/user/.cache/pip/wheels/b5/33/11/03f2a5fbd63cd60617cbb411d619008e8e4e0100aa3b21ecda
  Building wheel for tabulate (setup.py) ... done
  Created wheel for tabulate: filename=tabulate-0.8.3-py3-none-any.whl size=23378 sha256=024803aca3fd7f3fb93085af93d1179d5ac615f2bd90fc4675c58476532394a6
  Stored in directory: /home/user/.cache/pip/wheels/b8/a2/a6/812a8a9735b090913e109133c7c20aaca4cf07e8e18837714f
  Building wheel for template-remover (setup.py) ... done
  Created wheel for template-remover: filename=template_remover-0.1.9-py3-none-any.whl size=7047 sha256=8dcf7b49851382859f097804fc3c8e514af9b7c98e8f7c773f36dc2e359d6569
  Stored in directory: /home/user/.cache/pip/wheels/18/3f/f0/67e5e9e4ed02275ac31bf76b2fca329ae79687eaf5913ee8f3
  Building wheel for tornado (setup.py) ... done
  Created wheel for tornado: filename=tornado-4.5.1-cp37-cp37m-linux_x86_64.whl size=433590 sha256=b4e4ca5d044be3ae920c82aaaaf0f45163353fe460da45e017bbb54f4be3cbd6
  Stored in directory: /home/user/.cache/pip/wheels/54/ed/cd/fe2215fcdebaead8dc507d4db4bfafb0794a5699c2b7718b72
  Building wheel for tree-format (setup.py) ... done
  Created wheel for tree-format: filename=tree_format-0.1.2-py3-none-any.whl size=5410 sha256=f9d4746873df627545d2c6e8db67abc562acf6b972c44860d73180150761206a
  Stored in directory: /home/user/.cache/pip/wheels/dd/b2/d1/6ac00b8fe427c28f3f3a39563977cd0667296720b3d9c19f6a
  Building wheel for watchdog (setup.py) ... done
  Created wheel for watchdog: filename=watchdog-0.8.3-py3-none-any.whl size=72888 sha256=d1ecb49169c32c32cfa9900444af0a9c10e17326d958cbd83fad450a825680eb
  Stored in directory: /home/user/.cache/pip/wheels/16/4f/26/0777341ab2dc4d05f304bd5f97e7f807a8a5778b7d73bb102a
  Building wheel for wrapt (setup.py) ... done
  Created wheel for wrapt: filename=wrapt-1.11.2-cp37-cp37m-linux_x86_64.whl size=73123 sha256=37048e288a40def463d831dfd3140b10c37f6cee3141ecd756b4b33b9efe8a62
  Stored in directory: /home/user/.cache/pip/wheels/23/5f/62/304b411f20be41821465a82bc98baabc5e68c3cdd1eb99db71
Successfully built ansible anyconfig arrow bcrypt cerberus cffi click-completion docopt dparse future html-linter livereload nodeenv pathspec pathtools port-for psutil pycparser pyenchant pynacl pytest-xdist python-vagrant pyyaml sphinx-autobuild tabulate template-remover tornado tree-format watchdog wrapt
Installing collected packages: alabaster, ansible-lint, ansible, anyconfig, apipkg, argh, arrow, asn1crypto, aspy.yaml, astroid, babel, bandit, bcrypt, binaryornot, boto3, boto, botocore, cerberus, certifi, cffi, cfgv, chardet, click-completion, click, colorama, cookiecutter, cryptography, dnspython, docker-py, docker-pycreds, docopt, docutils, dparse, entrypoints, execnet, fasteners, flake8, future, git-url-parse, gitdb2, gitpython, html-linter, identify, idna, imagesize, importlib-metadata, importlib-resources, isort, jinja2-time, jinja2, jmespath, lazy-object-proxy, livereload, markupsafe, mccabe, molecule, monotonic, more-itertools, mypy-extensions, mypy, netaddr, nodeenv, packaging, paramiko, pathspec, pathtools, pbr, pexpect, pip-tools, port-for, poyo, pre-commit, prompt-toolkit, psutil, ptyprocess, py, pycodestyle, pycparser, pyenchant, pyflakes, pygments, pylint, pynacl, pyparsing, pytest-xdist, pytest, python-dateutil, python-gilt, python-vagrant, pytz, pyyaml, requests, ruamel.yaml, s3transfer, safety, sh, six, smmap2, snowballstemmer, sphinx-autobuild, sphinx-rtd-theme, sphinx, sphinxcontrib-applehelp, sphinxcontrib-devhelp, sphinxcontrib-htmlhelp, sphinxcontrib-jsmath, sphinxcontrib-qthelp, sphinxcontrib-serializinghtml, stevedore, tabulate, template-remover, testinfra, toml, tornado, tree-format, typed-ast, typing-extensions, urllib3, virtualenv, watchdog, wcwidth, websocket-client, whichcraft, wrapt, yamllint, zipp, pip, setuptools
  Attempting uninstall: pip
    Found existing installation: pip 20.1.1
    Uninstalling pip-20.1.1:
      Successfully uninstalled pip-20.1.1
  Attempting uninstall: setuptools
    Found existing installation: setuptools 47.3.1
    Uninstalling setuptools-47.3.1:
      Successfully uninstalled setuptools-47.3.1
Successfully installed alabaster-0.7.10 ansible-2.9.7 ansible-lint-4.1.0 anyconfig-0.9.7 apipkg-1.4 argh-0.26.2 arrow-0.10.0 asn1crypto-0.22.0 aspy.yaml-1.3.0 astroid-2.4.0 babel-2.4.0 bandit-1.4.0 bcrypt-3.1.3 binaryornot-0.4.4 boto-2.48.0 boto3-1.5.24 botocore-1.8.38 cerberus-1.3.1 certifi-2017.7.27.1 cffi-1.10.0 cfgv-2.0.1 chardet-3.0.4 click-6.7 click-completion-0.3.1 colorama-0.3.9 cookiecutter-1.6.0 cryptography-2.7 dnspython-1.15.0 docker-py-1.10.6 docker-pycreds-0.2.1 docopt-0.6.2 docutils-0.14 dparse-0.4.1 entrypoints-0.3 execnet-1.4.1 fasteners-0.14.1 flake8-3.7.7 future-0.16.0 git-url-parse-1.0.2 gitdb2-2.0.3 gitpython-2.1.8 html-linter-0.4.0 identify-1.4.7 idna-2.5 imagesize-0.7.1 importlib-metadata-0.23 importlib-resources-1.5.0 isort-4.2.15 jinja2-2.10.1 jinja2-time-0.2.0 jmespath-0.9.3 lazy-object-proxy-1.4.3 livereload-2.5.1 markupsafe-1.1.1 mccabe-0.6.1 molecule-2.22 monotonic-1.4 more-itertools-7.2.0 mypy-0.761 mypy-extensions-0.4.3 netaddr-0.7.19 nodeenv-1.3.3 packaging-16.8 paramiko-2.6.0 pathspec-0.5.5 pathtools-0.1.2 pbr-5.1.1 pexpect-4.6.0 pip-19.1 pip-tools-4.0.0 port-for-0.3.1 poyo-0.4.1 pre-commit-1.18.3 prompt-toolkit-2.0.9 psutil-5.7.0 ptyprocess-0.5.2 py-1.4.34 pycodestyle-2.5.0 pycparser-2.18 pyenchant-2.0.0 pyflakes-2.1.1 pygments-2.6.1 pylint-2.5.0 pynacl-1.1.2 pyparsing-2.2.0 pytest-3.2.0 pytest-xdist-1.18.2 python-dateutil-2.6.1 python-gilt-1.2.1 python-vagrant-0.5.15 pytz-2017.2 pyyaml-5.3.1 requests-2.22.0 ruamel.yaml-0.15.97 s3transfer-0.1.12 safety-1.8.7 setuptools-46.0.0 sh-1.12.14 six-1.14.0 smmap2-2.0.3 snowballstemmer-1.2.1 sphinx-3.0.4 sphinx-autobuild-0.7.1 sphinx-rtd-theme-0.4.3 sphinxcontrib-applehelp-1.0.2 sphinxcontrib-devhelp-1.0.2 sphinxcontrib-htmlhelp-1.0.3 sphinxcontrib-jsmath-1.0.1 sphinxcontrib-qthelp-1.0.3 sphinxcontrib-serializinghtml-1.1.4 stevedore-1.28.0 tabulate-0.8.3 template-remover-0.1.9 testinfra-3.2.0 toml-0.10.0 tornado-4.5.1 tree-format-0.1.2 typed-ast-1.4.1 typing-extensions-3.7.4.1 urllib3-1.25.8 virtualenv-16.7.5 watchdog-0.8.3 wcwidth-0.1.7 websocket-client-0.44.0 whichcraft-0.4.1 wrapt-1.11.2 yamllint-1.17.0 zipp-0.6.0
(sd) user@disp5006:~/securedrop$ ls -l build
total 0
(sd) user@disp5006:~/securedrop$ make build-debs
Building SecureDrop Debian packages...
Using active Python 3 virtualenv in /home/user/.virtualenvs/sd
--> Validating schema /home/user/securedrop/molecule/virtualbox-staging-xenial/molecule.yml.
Validation completed successfully.
--> Validating schema /home/user/securedrop/molecule/upgrade/molecule.yml.
Validation completed successfully.
--> Validating schema /home/user/securedrop/molecule/libvirt-staging-xenial/molecule.yml.
Validation completed successfully.
--> Validating schema /home/user/securedrop/molecule/fetch-tor-packages/molecule.yml.
Validation completed successfully.
--> Validating schema /home/user/securedrop/molecule/ansible-config/molecule.yml.
Validation completed successfully.
--> Validating schema /home/user/securedrop/molecule/vagrant-packager/molecule.yml.
Validation completed successfully.
--> Validating schema /home/user/securedrop/molecule/builder-xenial/molecule.yml.
Validation completed successfully.
--> Validating schema /home/user/securedrop/molecule/qubes-staging/molecule.yml.
Validation completed successfully.
--> Test matrix
    
└── builder-xenial
    ├── destroy
    ├── create
    ├── converge
    ├── verify
    └── destroy
    
--> Inventory /home/user/securedrop/molecule/builder-xenial/../../install_files/ansible-base/group_vars linked to /home/user/.cache/molecule/securedrop/builder-xenial/inventory/group_vars
--> Scenario: 'builder-xenial'
--> Action: 'destroy'
--> Sanity checks: 'docker'
    
    PLAY [Destroy] *****************************************************************
    
    TASK [Destroy molecule instance(s)] ********************************************
    ok: [localhost] => (item={'name': 'xenial-sd-app', 'groups': ['builders']})
    ok: [localhost] => (item={'name': 'xenial-sd-generic-ossec-agent', 'groups': ['builders']})
    ok: [localhost] => (item={'name': 'xenial-sd-generic-ossec-server', 'groups': ['builders']})
    ok: [localhost] => (item={'name': 'xenial-sd-generic-ossec-agent2', 'groups': ['builders']})
    ok: [localhost] => (item={'name': 'xenial-sd-generic-ossec-server2', 'groups': ['builders']})
    ok: [localhost] => (item={'name': 'xenial-sd-grsec', 'groups': ['builders']})
    ok: [localhost] => (item={'name': 'xenial-sd-config', 'groups': ['builders']})
    ok: [localhost] => (item={'name': 'xenial-sd-keyring', 'groups': ['builders']})
    ok: [localhost] => (item={'name': 'xenial-sd-sec-update', 'groups': ['builders']})
    ok: [localhost] => (item={'name': 'xenial-sd-dpkg-verification', 'groups': ['testers']})
    
    PLAY RECAP *********************************************************************
    localhost                  : ok=1    changed=0    unreachable=0    failed=0    skipped=0    rescued=0    ignored=0
    
--> Inventory /home/user/securedrop/molecule/builder-xenial/../../install_files/ansible-base/group_vars linked to /home/user/.cache/molecule/securedrop/builder-xenial/inventory/group_vars
--> Scenario: 'builder-xenial'
--> Action: 'create'
--> Sanity checks: 'docker'
    
    PLAY [Create] ******************************************************************
    
    TASK [debug] *******************************************************************
    ok: [localhost] => {
        "msg": "Building with Docker image quay.io/freedomofpress/sd-docker-builder-xenial@sha256:b1ef46a025689011a1cb7774fb4bc57222ac32964791db3ebb78bf61278d9e6c"
    }
    
    TASK [Create builders] *********************************************************
    changed: [localhost] => (item={'name': 'xenial-sd-app', 'groups': ['builders']})
    changed: [localhost] => (item={'name': 'xenial-sd-generic-ossec-agent', 'groups': ['builders']})
    changed: [localhost] => (item={'name': 'xenial-sd-generic-ossec-server', 'groups': ['builders']})
    changed: [localhost] => (item={'name': 'xenial-sd-generic-ossec-agent2', 'groups': ['builders']})
    changed: [localhost] => (item={'name': 'xenial-sd-generic-ossec-server2', 'groups': ['builders']})
    changed: [localhost] => (item={'name': 'xenial-sd-grsec', 'groups': ['builders']})
    changed: [localhost] => (item={'name': 'xenial-sd-config', 'groups': ['builders']})
    changed: [localhost] => (item={'name': 'xenial-sd-keyring', 'groups': ['builders']})
    changed: [localhost] => (item={'name': 'xenial-sd-sec-update', 'groups': ['builders']})
    changed: [localhost] => (item={'name': 'xenial-sd-dpkg-verification', 'groups': ['testers']})
    
    PLAY RECAP *********************************************************************
    localhost                  : ok=2    changed=1    unreachable=0    failed=0    skipped=0    rescued=0    ignored=0
    
--> Inventory /home/user/securedrop/molecule/builder-xenial/../../install_files/ansible-base/group_vars linked to /home/user/.cache/molecule/securedrop/builder-xenial/inventory/group_vars
--> Scenario: 'builder-xenial'
--> Action: 'converge'
    
    PLAY [Build SecureDrop application Debian package from local repository.] ******
    
    TASK [Gathering Facts] *********************************************************
    ok: [xenial-sd-generic-ossec-agent2]
    ok: [xenial-sd-generic-ossec-server]
    ok: [xenial-sd-app]
    ok: [xenial-sd-config]
    ok: [xenial-sd-generic-ossec-agent]
    
    TASK [build-securedrop-app-code-deb-pkg : Copy install_files/securedrop-app-code to prep directory] ***
    changed: [xenial-sd-app]
    
    TASK [Gathering Facts] *********************************************************
    ok: [xenial-sd-generic-ossec-server2]
    ok: [xenial-sd-sec-update]
    ok: [xenial-sd-keyring]
    ok: [xenial-sd-grsec]
    
    TASK [build-securedrop-app-code-deb-pkg : Copy app code to prep directory under var/www/securedrop] ***
    changed: [xenial-sd-app]
    
    TASK [build-securedrop-app-code-deb-pkg : Copy setup.py to prep directory] *****
    changed: [xenial-sd-app]
    
    TASK [build-securedrop-app-code-deb-pkg : Copy MANIFEST.in to prep directory] ***
    changed: [xenial-sd-app]
    
    TASK [build-securedrop-app-code-deb-pkg : Copy requirements.txt to prep directory] ***
    changed: [xenial-sd-app]
    
    TASK [build-securedrop-app-code-deb-pkg : Install sass Ruby gem] ***************
    changed: [xenial-sd-app]
[DEPRECATION WARNING]: Invoking "apt" only once while using a loop via 
squash_actions is deprecated. Instead of using a loop to supply multiple items 
and specifying `name: "{{ item }}"`, please use `name: '{{ 
build_ossec_deb_pkg_dependencies }}'` and remove the loop. This feature will be
 removed in version 2.11. Deprecation warnings can be disabled by setting 
deprecation_warnings=False in ansible.cfg.
    
    TASK [build-ossec-deb-pkg : Create src path folder] ****************************
    changed: [xenial-sd-generic-ossec-server] => (item=/tmp/build/ossec-server)
    
    TASK [build-securedrop-app-code-deb-pkg : Create static asset directories.] ****
    changed: [xenial-sd-app] => (item=/tmp/securedrop-app-code_1.4.1+xenial_amd64-prep/var/www/securedrop/static/css)
    
    TASK [build-ossec-deb-pkg : Create src path folder] ****************************
    ok: [xenial-sd-generic-ossec-server] => (item=/tmp/build)
    
    TASK [build-securedrop-app-code-deb-pkg : Create static asset directories.] ****
    changed: [xenial-sd-app] => (item=/tmp/securedrop-app-code_1.4.1+xenial_amd64-prep/var/www/securedrop/static/gen)
[DEPRECATION WARNING]: Invoking "apt" only once while using a loop via 
squash_actions is deprecated. Instead of using a loop to supply multiple items 
and specifying `name: "{{ item }}"`, please use `name: '{{ 
build_ossec_deb_pkg_dependencies }}'` and remove the loop. This feature will be
 removed in version 2.11. Deprecation warnings can be disabled by setting 
deprecation_warnings=False in ansible.cfg.
    changed: [xenial-sd-app] => (item=/tmp/securedrop-app-code_1.4.1+xenial_amd64-prep/var/www/securedrop/static/.webassets-cache)
[DEPRECATION WARNING]: Invoking "apt" only once while using a loop via 
squash_actions is deprecated. Instead of using a loop to supply multiple items 
and specifying `name: "{{ item }}"`, please use `name: '{{ 
build_ossec_deb_pkg_dependencies }}'` and remove the loop. This feature will be
 removed in version 2.11. Deprecation warnings can be disabled by setting 
deprecation_warnings=False in ansible.cfg.
[DEPRECATION WARNING]: Invoking "apt" only once while using a loop via 
squash_actions is deprecated. Instead of using a loop to supply multiple items 
and specifying `name: "{{ item }}"`, please use `name: '{{ 
build_ossec_deb_pkg_dependencies }}'` and remove the loop. This feature will be
 removed in version 2.11. Deprecation warnings can be disabled by setting 
deprecation_warnings=False in ansible.cfg.
[DEPRECATION WARNING]: Invoking "apt" only once while using a loop via 
squash_actions is deprecated. Instead of using a loop to supply multiple items 
and specifying `name: "{{ item }}"`, please use `name: '{{ 
build_ossec_deb_pkg_dependencies }}'` and remove the loop. This feature will be
 removed in version 2.11. Deprecation warnings can be disabled by setting 
deprecation_warnings=False in ansible.cfg.
[DEPRECATION WARNING]: Invoking "apt" only once while using a loop via 
squash_actions is deprecated. Instead of using a loop to supply multiple items 
and specifying `name: "{{ item }}"`, please use `name: '{{ 
build_ossec_deb_pkg_dependencies }}'` and remove the loop. This feature will be
 removed in version 2.11. Deprecation warnings can be disabled by setting 
deprecation_warnings=False in ansible.cfg.
[DEPRECATION WARNING]: Invoking "apt" only once while using a loop via 
squash_actions is deprecated. Instead of using a loop to supply multiple items 
and specifying `name: "{{ item }}"`, please use `name: '{{ 
build_ossec_deb_pkg_dependencies }}'` and remove the loop. This feature will be
 removed in version 2.11. Deprecation warnings can be disabled by setting 
deprecation_warnings=False in ansible.cfg.
    
    TASK [build-securedrop-app-code-deb-pkg : Compile SASS to CSS.] ****************
    changed: [xenial-sd-app]
    
    TASK [build-securedrop-app-code-deb-pkg : Remove temporary SASS directory from package build directory.] ***
    changed: [xenial-sd-app] => (item=sass)
    changed: [xenial-sd-app] => (item=.sass-cache)
    
    TASK [build-ossec-deb-pkg : Install python-requests for URL fetching] **********
    changed: [xenial-sd-generic-ossec-server]
[DEPRECATION WARNING]: Invoking "apt" only once while using a loop via 
squash_actions is deprecated. Instead of using a loop to supply multiple items 
and specifying `name: "{{ item }}"`, please use `name: '{{ 
build_ossec_deb_pkg_dependencies }}'` and remove the loop. This feature will be
 removed in version 2.11. Deprecation warnings can be disabled by setting 
deprecation_warnings=False in ansible.cfg.
    
    TASK [build-ossec-deb-pkg : Copy over current directory for repo build] ********
    changed: [xenial-sd-generic-ossec-server]
    
    TASK [build-ossec-deb-pkg : Create src path folder] ****************************
    changed: [xenial-sd-generic-ossec-agent] => (item=/tmp/build/ossec-agent)
    
    TASK [build-ossec-deb-pkg : Include OSSEC download URLs.] **********************
    ok: [xenial-sd-generic-ossec-server]
    
    TASK [build-ossec-deb-pkg : Create src path folder] ****************************
    ok: [xenial-sd-generic-ossec-agent] => (item=/tmp/build)
[DEPRECATION WARNING]: Invoking "apt" only once while using a loop via 
squash_actions is deprecated. Instead of using a loop to supply multiple items 
and specifying `name: "{{ item }}"`, please use `name: '{{ 
build_ossec_deb_pkg_dependencies }}'` and remove the loop. This feature will be
 removed in version 2.11. Deprecation warnings can be disabled by setting 
deprecation_warnings=False in ansible.cfg.
    
    TASK [build-generic-pkg : Find any jinja templates] ****************************
    ok: [xenial-sd-config -> localhost]
    
    TASK [build-ossec-deb-pkg : Download OSSEC tarball.] ***************************
    changed: [xenial-sd-generic-ossec-server]
    
    TASK [build-ossec-deb-pkg : Download OSSEC signature.] *************************
    changed: [xenial-sd-generic-ossec-server]
    
    TASK [build-generic-pkg : Find any jinja templates] ****************************
    ok: [xenial-sd-config -> localhost]
[DEPRECATION WARNING]: Invoking "apt" only once while using a loop via 
squash_actions is deprecated. Instead of using a loop to supply multiple items 
and specifying `name: "{{ item }}"`, please use `name: '{{ 
build_ossec_deb_pkg_dependencies }}'` and remove the loop. This feature will be
 removed in version 2.11. Deprecation warnings can be disabled by setting 
deprecation_warnings=False in ansible.cfg.
[DEPRECATION WARNING]: Invoking "apt" only once while using a loop via 
squash_actions is deprecated. Instead of using a loop to supply multiple items 
and specifying `name: "{{ item }}"`, please use `name: '{{ 
build_ossec_deb_pkg_dependencies }}'` and remove the loop. This feature will be
 removed in version 2.11. Deprecation warnings can be disabled by setting 
deprecation_warnings=False in ansible.cfg.
    
    TASK [build-ossec-deb-pkg : Copy OSSEC archive GPG key.] ***********************
    changed: [xenial-sd-generic-ossec-server]
[DEPRECATION WARNING]: Invoking "apt" only once while using a loop via 
squash_actions is deprecated. Instead of using a loop to supply multiple items 
and specifying `name: "{{ item }}"`, please use `name: '{{ 
build_ossec_deb_pkg_dependencies }}'` and remove the loop. This feature will be
 removed in version 2.11. Deprecation warnings can be disabled by setting 
deprecation_warnings=False in ansible.cfg.
[DEPRECATION WARNING]: Invoking "apt" only once while using a loop via 
squash_actions is deprecated. Instead of using a loop to supply multiple items 
and specifying `name: "{{ item }}"`, please use `name: '{{ 
build_ossec_deb_pkg_dependencies }}'` and remove the loop. This feature will be
 removed in version 2.11. Deprecation warnings can be disabled by setting 
deprecation_warnings=False in ansible.cfg.
    
    TASK [build-ossec-deb-pkg : Import OSSEC archive GPG key.] *********************
    changed: [xenial-sd-generic-ossec-server]
    
    TASK [build-ossec-deb-pkg : Install python-requests for URL fetching] **********
    changed: [xenial-sd-generic-ossec-agent]
    
    TASK [build-generic-pkg : Find any jinja templates] ****************************
    ok: [xenial-sd-config -> localhost]
    
    TASK [build-ossec-deb-pkg : Copy over current directory for repo build] ********
    changed: [xenial-sd-generic-ossec-agent]
    
    TASK [build-generic-pkg : Find any jinja templates] ****************************
    ok: [xenial-sd-generic-ossec-agent2 -> localhost]
    
    TASK [build-ossec-deb-pkg : Verify signature of OSSEC tarball.] ****************
    changed: [xenial-sd-generic-ossec-server]
[DEPRECATION WARNING]: Invoking "apt" only once while using a loop via 
squash_actions is deprecated. Instead of using a loop to supply multiple items 
and specifying `name: "{{ item }}"`, please use `name: '{{ 
build_ossec_deb_pkg_dependencies }}'` and remove the loop. This feature will be
 removed in version 2.11. Deprecation warnings can be disabled by setting 
deprecation_warnings=False in ansible.cfg.
    
    TASK [build-ossec-deb-pkg : Include OSSEC download URLs.] **********************
    ok: [xenial-sd-generic-ossec-agent]
    
    TASK [build-generic-pkg : Find any jinja templates] ****************************
    ok: [xenial-sd-config -> localhost]
    
    TASK [build-generic-pkg : Reduce weird path re-usage] **************************
    ok: [xenial-sd-generic-ossec-agent2]
    
    TASK [build-ossec-deb-pkg : Download OSSEC tarball.] ***************************
    changed: [xenial-sd-generic-ossec-agent]
    
    TASK [build-generic-pkg : Ensure build directory in-place] *********************
    ok: [xenial-sd-generic-ossec-agent2]
    
    TASK [build-generic-pkg : Copy app code to build directory.] *******************
    changed: [xenial-sd-generic-ossec-agent2]
    
    TASK [build-generic-pkg : Reduce weird path re-usage] **************************
    ok: [xenial-sd-config]
    
    TASK [build-ossec-deb-pkg : Download OSSEC signature.] *************************
    changed: [xenial-sd-generic-ossec-agent]
    
    TASK [build-generic-pkg : Reduce weird path re-usage] **************************
    ok: [xenial-sd-generic-ossec-server2]
    
    TASK [build-generic-pkg : Find any jinja templates] ****************************
    ok: [xenial-sd-generic-ossec-agent2 -> localhost]
    
    TASK [build-generic-pkg : Ensure build directory in-place] *********************
    ok: [xenial-sd-config]
    
    TASK [build-generic-pkg : Ensure build directory in-place] *********************
    ok: [xenial-sd-generic-ossec-server2]
    
    TASK [build-generic-pkg : Copy app code to build directory.] *******************
    changed: [xenial-sd-config]
    
    TASK [build-ossec-deb-pkg : Install apt dependencies for building OSSEC packages.] ***
    changed: [xenial-sd-generic-ossec-server] => (item=libevent1-dev)
    
    TASK [build-ossec-deb-pkg : Copy OSSEC archive GPG key.] ***********************
    changed: [xenial-sd-generic-ossec-agent]
    
    TASK [build-generic-pkg : Find any jinja templates] ****************************
    ok: [xenial-sd-config -> localhost]
    
    TASK [build-generic-pkg : Copy app code to build directory.] *******************
    changed: [xenial-sd-generic-ossec-server2]
    
    TASK [build-ossec-deb-pkg : Import OSSEC archive GPG key.] *********************
    changed: [xenial-sd-generic-ossec-agent]
    
    TASK [build-generic-pkg : run bash script to build generic packages] ***********
    changed: [xenial-sd-generic-ossec-agent2]
    
    TASK [build-generic-pkg : Find any jinja templates] ****************************
    ok: [xenial-sd-generic-ossec-server2 -> localhost]
    
    TASK [build-ossec-deb-pkg : Verify signature of OSSEC tarball.] ****************
    changed: [xenial-sd-generic-ossec-agent]
    
    TASK [build-generic-pkg : Track down package] **********************************
    ok: [xenial-sd-generic-ossec-agent2]
    
    TASK [build-generic-pkg : run bash script to build generic packages] ***********
    changed: [xenial-sd-config]
[DEPRECATION WARNING]: Invoking "apt" only once while using a loop via 
squash_actions is deprecated. Instead of using a loop to supply multiple items 
and specifying `name: "{{ item }}"`, please use `name: '{{ 
build_ossec_deb_pkg_dependencies }}'` and remove the loop. This feature will be
 removed in version 2.11. Deprecation warnings can be disabled by setting 
deprecation_warnings=False in ansible.cfg.
    
    TASK [build-generic-pkg : Track down package] **********************************
    ok: [xenial-sd-config]
    
    TASK [build-generic-pkg : Fetch back package] **********************************
    changed: [xenial-sd-generic-ossec-agent2] => (item={'wusr': True, 'gr_name': 'root', 'isdir': False, 'wgrp': False, 'woth': False, 'isfifo': False, 'path': '/tmp/securedrop-ossec-agent-3.6.0+1.4.1-amd64.deb', 'isuid': False, 'inode': 913817, 'islnk': False, 'pw_name': 'root', 'mtime': 1593112502.382, 'rgrp': True, 'xgrp': False, 'mode': '0644', 'xoth': False, 'uid': 0, 'ischr': False, 'dev': 83, 'issock': False, 'gid': 0, 'size': 4530, 'atime': 1593112502.382, 'ctime': 1593112502.382, 'roth': True, 'rusr': True, 'xusr': False, 'isreg': True, 'isblk': False, 'nlink': 1, 'isgid': False})
    
    TASK [build-generic-pkg : Fetch back package] **********************************
    changed: [xenial-sd-config] => (item={'wusr': True, 'inode': 913619, 'isblk': False, 'isreg': True, 'wgrp': False, 'gr_name': 'root', 'xusr': False, 'ctime': 1593112507.532, 'islnk': False, 'gid': 0, 'uid': 0, 'mode': '0644', 'mtime': 1593112507.532, 'pw_name': 'root', 'atime': 1593112507.532, 'dev': 119, 'ischr': False, 'path': '/tmp/securedrop-config-0.1.3+1.4.1-amd64.deb', 'isuid': False, 'rusr': True, 'rgrp': True, 'xgrp': False, 'isdir': False, 'xoth': False, 'size': 2734, 'nlink': 1, 'roth': True, 'isgid': False, 'woth': False, 'issock': False, 'isfifo': False})
    
    TASK [build-generic-pkg : Find any jinja templates] ****************************
    ok: [xenial-sd-grsec -> localhost]
    
    TASK [build-ossec-deb-pkg : Install apt dependencies for building OSSEC packages.] ***
    changed: [xenial-sd-generic-ossec-server] => (item=libpcre2-dev)
    
    TASK [build-generic-pkg : run bash script to build generic packages] ***********
    changed: [xenial-sd-generic-ossec-server2]
    
    TASK [build-generic-pkg : Find any jinja templates] ****************************
    ok: [xenial-sd-sec-update -> localhost]
    
    TASK [build-generic-pkg : Track down package] **********************************
    ok: [xenial-sd-generic-ossec-server2]
    
    TASK [build-generic-pkg : Find any jinja templates] ****************************
    ok: [xenial-sd-generic-ossec-agent2 -> localhost]
    
    TASK [build-generic-pkg : Find any jinja templates] ****************************
    ok: [xenial-sd-keyring -> localhost]
    
    TASK [build-ossec-deb-pkg : Extract OSSEC source tarball.] *********************
    changed: [xenial-sd-generic-ossec-server]
    
    TASK [build-generic-pkg : Fetch back package] **********************************
    changed: [xenial-sd-generic-ossec-server2] => (item={'size': 7612, 'inode': 913784, 'mtime': 1593112518.271, 'gid': 0, 'path': '/tmp/securedrop-ossec-server-3.6.0+1.4.1-amd64.deb', 'isreg': True, 'woth': False, 'wusr': True, 'atime': 1593112518.271, 'rusr': True, 'islnk': False, 'gr_name': 'root', 'wgrp': False, 'isgid': False, 'dev': 95, 'issock': False, 'isblk': False, 'pw_name': 'root', 'ischr': False, 'ctime': 1593112518.271, 'isfifo': False, 'isuid': False, 'rgrp': True, 'xusr': False, 'mode': '0644', 'xoth': False, 'isdir': False, 'uid': 0, 'roth': True, 'xgrp': False, 'nlink': 1})
    
    TASK [build-ossec-deb-pkg : Install apt dependencies for building OSSEC packages.] ***
    changed: [xenial-sd-generic-ossec-agent] => (item=libevent1-dev)
    
    TASK [build-ossec-deb-pkg : Create /etc directory within source directory.] ****
    ok: [xenial-sd-generic-ossec-server]
    
    TASK [build-generic-pkg : Find any jinja templates] ****************************
    ok: [xenial-sd-generic-ossec-server2 -> localhost]
    
    TASK [build-generic-pkg : Find any jinja templates] ****************************
    ok: [xenial-sd-generic-ossec-agent2 -> localhost]
    
    TASK [build-generic-pkg : Find any jinja templates] ****************************
    ok: [xenial-sd-grsec -> localhost]
    
    TASK [build-ossec-deb-pkg : Copy OSSEC preloaded vars template.] ***************
    changed: [xenial-sd-generic-ossec-server]
    
    TASK [build-generic-pkg : Find any jinja templates] ****************************
    ok: [xenial-sd-sec-update -> localhost]
    
    TASK [build-ossec-deb-pkg : Disable JIT in OSSEC Makefile] *********************
    changed: [xenial-sd-generic-ossec-server]
    
    TASK [build-generic-pkg : Find any jinja templates] ****************************
    ok: [xenial-sd-keyring -> localhost]
    
    TASK [build-generic-pkg : Find any jinja templates] ****************************
    ok: [xenial-sd-generic-ossec-agent2 -> localhost]
    
    TASK [build-generic-pkg : Find any jinja templates] ****************************
    ok: [xenial-sd-generic-ossec-server2 -> localhost]
    
    TASK [build-ossec-deb-pkg : Install apt dependencies for building OSSEC packages.] ***
    changed: [xenial-sd-generic-ossec-agent] => (item=libpcre2-dev)
    
    TASK [build-generic-pkg : Find any jinja templates] ****************************
    ok: [xenial-sd-grsec -> localhost]
    
    TASK [build-generic-pkg : Reduce weird path re-usage] **************************
    ok: [xenial-sd-keyring]
    
    TASK [build-generic-pkg : Ensure build directory in-place] *********************
    ok: [xenial-sd-keyring]
    
    TASK [build-ossec-deb-pkg : Extract OSSEC source tarball.] *********************
    changed: [xenial-sd-generic-ossec-agent]
    
    TASK [build-generic-pkg : Find any jinja templates] ****************************
    ok: [xenial-sd-sec-update -> localhost]
    
    TASK [build-generic-pkg : Copy app code to build directory.] *******************
    changed: [xenial-sd-keyring]
    
    TASK [build-generic-pkg : Find any jinja templates] ****************************
    ok: [xenial-sd-generic-ossec-server2 -> localhost]
    
    TASK [build-generic-pkg : Find any jinja templates] ****************************
    ok: [xenial-sd-keyring -> localhost]
    
    TASK [build-ossec-deb-pkg : Create /etc directory within source directory.] ****
    ok: [xenial-sd-generic-ossec-agent]
    
    TASK [build-generic-pkg : Reduce weird path re-usage] **************************
    ok: [xenial-sd-grsec]
    
    TASK [build-generic-pkg : Ensure build directory in-place] *********************
    ok: [xenial-sd-grsec]
    
    TASK [build-generic-pkg : run bash script to build generic packages] ***********
    changed: [xenial-sd-keyring]
    
    TASK [build-ossec-deb-pkg : Copy OSSEC preloaded vars template.] ***************
    changed: [xenial-sd-generic-ossec-agent]
    
    TASK [build-generic-pkg : Copy app code to build directory.] *******************
    changed: [xenial-sd-grsec]
    
    TASK [build-generic-pkg : Find any jinja templates] ****************************
    ok: [xenial-sd-grsec -> localhost]
    
    TASK [build-generic-pkg : Track down package] **********************************
    ok: [xenial-sd-keyring]
    
    TASK [build-ossec-deb-pkg : Disable JIT in OSSEC Makefile] *********************
    changed: [xenial-sd-generic-ossec-agent]
    
    TASK [build-generic-pkg : Create any necessary parent directories for jinja files] ***
    ok: [xenial-sd-grsec] => (item={'path': '/home/user/securedrop/install_files/securedrop-grsec/DEBIAN/control.j2', 'mode': '0644', 'isdir': False, 'ischr': False, 'isblk': False, 'isreg': True, 'isfifo': False, 'islnk': False, 'issock': False, 'uid': 1000, 'gid': 1000, 'size': 501, 'inode': 994, 'dev': 51728, 'nlink': 1, 'atime': 1593111682.104, 'mtime': 1593111644.076, 'ctime': 1593111644.076, 'gr_name': 'user', 'pw_name': 'user', 'wusr': True, 'rusr': True, 'xusr': False, 'wgrp': False, 'rgrp': True, 'xgrp': False, 'woth': False, 'roth': True, 'xoth': False, 'isuid': False, 'isgid': False})
    
    TASK [build-generic-pkg : Fetch back package] **********************************
    changed: [xenial-sd-keyring] => (item={'rusr': True, 'woth': False, 'islnk': False, 'ischr': False, 'inode': 913943, 'isdir': False, 'mode': '0644', 'wusr': True, 'dev': 131, 'isreg': True, 'xgrp': False, 'gid': 0, 'uid': 0, 'atime': 1593112569.677, 'xoth': False, 'isfifo': False, 'ctime': 1593112569.677, 'wgrp': False, 'nlink': 1, 'path': '/tmp/securedrop-keyring-0.1.4+1.4.1-amd64.deb', 'size': 5836, 'pw_name': 'root', 'mtime': 1593112569.677, 'issock': False, 'rgrp': True, 'isgid': False, 'gr_name': 'root', 'roth': True, 'xusr': False, 'isblk': False, 'isuid': False})
    
    TASK [build-generic-pkg : Find any jinja templates] ****************************
    ok: [xenial-sd-generic-ossec-server2 -> localhost]
    
    TASK [build-generic-pkg : Find any jinja templates] ****************************
    ok: [xenial-sd-sec-update -> localhost]
    
    TASK [build-generic-pkg : Template out any jinja files found and copy over] ****
    changed: [xenial-sd-grsec] => (item={'path': '/home/user/securedrop/install_files/securedrop-grsec/DEBIAN/control.j2', 'mode': '0644', 'isdir': False, 'ischr': False, 'isblk': False, 'isreg': True, 'isfifo': False, 'islnk': False, 'issock': False, 'uid': 1000, 'gid': 1000, 'size': 501, 'inode': 994, 'dev': 51728, 'nlink': 1, 'atime': 1593111682.104, 'mtime': 1593111644.076, 'ctime': 1593111644.076, 'gr_name': 'user', 'pw_name': 'user', 'wusr': True, 'rusr': True, 'xusr': False, 'wgrp': False, 'rgrp': True, 'xgrp': False, 'woth': False, 'roth': True, 'xoth': False, 'isuid': False, 'isgid': False})
    
    TASK [build-ossec-deb-pkg : Run OSSEC installer script on extracted source.] ***
    changed: [xenial-sd-generic-ossec-server]
    
    TASK [build-generic-pkg : Find any jinja templates] ****************************
    ok: [xenial-sd-keyring -> localhost]
    
    TASK [build-generic-pkg : run bash script to build generic packages] ***********
    changed: [xenial-sd-grsec]
    
    TASK [build-ossec-deb-pkg : Create OSSEC build directory.] *********************
    changed: [xenial-sd-generic-ossec-server] => (item=/tmp/build/ossec-server-3.6.0-amd64)
    
    TASK [build-securedrop-app-code-deb-pkg : Install SecureDrop Python requirements in container] ***
    changed: [xenial-sd-app]
    
    TASK [build-generic-pkg : Find any jinja templates] ****************************
    ok: [xenial-sd-sec-update -> localhost]
    
    TASK [build-generic-pkg : Track down package] **********************************
    ok: [xenial-sd-grsec]
    
    TASK [build-ossec-deb-pkg : Create OSSEC build directory.] *********************
    changed: [xenial-sd-generic-ossec-server] => (item=/tmp/build/ossec-server-3.6.0-amd64/var)
    
    TASK [build-generic-pkg : Find any jinja templates] ****************************
    ok: [xenial-sd-keyring -> localhost]
    
    TASK [build-securedrop-app-code-deb-pkg : Compile PO to MO.] *******************
    changed: [xenial-sd-app]
    
    TASK [build-generic-pkg : Fetch back package] **********************************
    changed: [xenial-sd-grsec] => (item={'rgrp': True, 'mode': '0644', 'uid': 0, 'atime': 1593112589.436, 'islnk': False, 'xusr': False, 'isfifo': False, 'issock': False, 'path': '/tmp/securedrop-grsec-4.14.175-amd64.deb', 'pw_name': 'root', 'mtime': 1593112589.436, 'inode': 916890, 'isreg': True, 'ischr': False, 'nlink': 1, 'roth': True, 'gr_name': 'root', 'rusr': True, 'woth': False, 'xoth': False, 'ctime': 1593112589.436, 'gid': 0, 'wgrp': False, 'dev': 107, 'isuid': False, 'isdir': False, 'isblk': False, 'xgrp': False, 'wusr': True, 'size': 2296, 'isgid': False})
    
    TASK [build-ossec-deb-pkg : Remove client.keys to avoid overwriting existing client.keys] ***
    changed: [xenial-sd-generic-ossec-server]
    
    TASK [build-ossec-deb-pkg : Run OSSEC installer script on extracted source.] ***
    changed: [xenial-sd-generic-ossec-agent]
    
    TASK [build-securedrop-app-code-deb-pkg : Create apparmor.d directory in prep directory] ***
    changed: [xenial-sd-app]
    
    TASK [build-generic-pkg : Find any jinja templates] ****************************
    ok: [xenial-sd-grsec -> localhost]
    
    TASK [build-ossec-deb-pkg : Copy /var/ossec/ to OSSEC build directory.] ********
    changed: [xenial-sd-generic-ossec-server]
    
    TASK [build-ossec-deb-pkg : Create OSSEC build directory.] *********************
    changed: [xenial-sd-generic-ossec-agent] => (item=/tmp/build/ossec-agent-3.6.0-amd64)
    changed: [xenial-sd-generic-ossec-agent] => (item=/tmp/build/ossec-agent-3.6.0-amd64/var)
    
    TASK [build-ossec-deb-pkg : Copy OSSEC DEBIAN package scripts to build directory.] ***
    changed: [xenial-sd-generic-ossec-server]
    
    TASK [build-securedrop-app-code-deb-pkg : Copy AppArmor profiles to prep path] ***
    changed: [xenial-sd-app] => (item=usr.sbin.tor)
    
    TASK [build-ossec-deb-pkg : Remove client.keys to avoid overwriting existing client.keys] ***
    changed: [xenial-sd-generic-ossec-agent]
    
    TASK [Update apt-cache for our security checker] *******************************
    changed: [xenial-sd-sec-update]
    
    TASK [build-ossec-deb-pkg : Copy OSSEC DEBIAN/control template to build directory.] ***
    changed: [xenial-sd-generic-ossec-server]
    
    TASK [build-securedrop-app-code-deb-pkg : Copy AppArmor profiles to prep path] ***
    changed: [xenial-sd-app] => (item=usr.sbin.apache2)
    
    TASK [build-ossec-deb-pkg : Copy /var/ossec/ to OSSEC build directory.] ********
    changed: [xenial-sd-generic-ossec-agent]
    
    TASK [build-ossec-deb-pkg : Copy OSSEC /usr and /etc directories to build directory.] ***
    changed: [xenial-sd-generic-ossec-server] => (item=etc)
    
    TASK [build-ossec-deb-pkg : Copy OSSEC DEBIAN package scripts to build directory.] ***
    changed: [xenial-sd-generic-ossec-agent]
    
    TASK [build-ossec-deb-pkg : Copy OSSEC /usr and /etc directories to build directory.] ***
    changed: [xenial-sd-generic-ossec-server] => (item=usr)
    
    TASK [build-securedrop-app-code-deb-pkg : Replace placeholder changelog to dist-specific changelog] ***
    changed: [xenial-sd-app]
    
    TASK [build-securedrop-app-code-deb-pkg : Create lib/systemd/services directory in prep directory] ***
    changed: [xenial-sd-app]
    
    TASK [build-ossec-deb-pkg : Copy OSSEC DEBIAN/control template to build directory.] ***
    changed: [xenial-sd-generic-ossec-agent]
    
    TASK [build-ossec-deb-pkg : Copy OSSEC /usr and /etc directories to build directory.] ***
    changed: [xenial-sd-generic-ossec-agent] => (item=etc)
    
    TASK [build-securedrop-app-code-deb-pkg : Copy systemd service configurations to prep path] ***
    changed: [xenial-sd-app] => (item=securedrop_rqrequeue.service)
    
    TASK [build-ossec-deb-pkg : Copy OSSEC /usr and /etc directories to build directory.] ***
    changed: [xenial-sd-generic-ossec-agent] => (item=usr)
    
    TASK [build-ossec-deb-pkg : Build SecureDrop OSSEC deb package.] ***************
    changed: [xenial-sd-generic-ossec-server]
    
    TASK [build-ossec-deb-pkg : Delete OSSEC build directories and config files.] ***
    changed: [xenial-sd-generic-ossec-server] => (item=/etc/init.d/ossec)
    
    TASK [build-securedrop-app-code-deb-pkg : Copy systemd service configurations to prep path] ***
    changed: [xenial-sd-app] => (item=securedrop_rqworker.service)
    
    TASK [build-ossec-deb-pkg : Build SecureDrop OSSEC deb package.] ***************
    changed: [xenial-sd-generic-ossec-agent]
    
    TASK [build-ossec-deb-pkg : Delete OSSEC build directories and config files.] ***
    changed: [xenial-sd-generic-ossec-server] => (item=/etc/ossec-init.conf)
    changed: [xenial-sd-generic-ossec-server] => (item=/var/ossec)
    
    TASK [build-securedrop-app-code-deb-pkg : Copy systemd service configurations to prep path] ***
    changed: [xenial-sd-app] => (item=securedrop_shredder.service)
    
    TASK [build-ossec-deb-pkg : Delete OSSEC build directories and config files.] ***
    changed: [xenial-sd-generic-ossec-agent] => (item=/etc/init.d/ossec)
    
    TASK [build-ossec-deb-pkg : Delete OSSEC build directories and config files.] ***
    changed: [xenial-sd-generic-ossec-server] => (item=/tmp/OSSEC-ARCHIVE-KEY.asc)
    
    TASK [build-ossec-deb-pkg : Delete OSSEC build directories and config files.] ***
    changed: [xenial-sd-generic-ossec-agent] => (item=/etc/ossec-init.conf)
    
    TASK [build-securedrop-app-code-deb-pkg : Copy systemd service configurations to prep path] ***
    changed: [xenial-sd-app] => (item=securedrop_source_deleter.service)
    
    TASK [build-ossec-deb-pkg : Delete OSSEC build directories and config files.] ***
    changed: [xenial-sd-generic-ossec-agent] => (item=/var/ossec)
    
    TASK [build-ossec-deb-pkg : Fetch newly built Debian packages back to localhost.] ***
    changed: [xenial-sd-generic-ossec-server]
    
    TASK [build-ossec-deb-pkg : Delete OSSEC build directories and config files.] ***
    changed: [xenial-sd-generic-ossec-agent] => (item=/tmp/OSSEC-ARCHIVE-KEY.asc)
    
    TASK [build-securedrop-app-code-deb-pkg : Create sdist in prep dir] ************
    changed: [xenial-sd-app]
    
    TASK [build-ossec-deb-pkg : Fetch newly built Debian packages back to localhost.] ***
    changed: [xenial-sd-generic-ossec-agent]
[DEPRECATION WARNING]: Invoking "apt" only once while using a loop via 
squash_actions is deprecated. Instead of using a loop to supply multiple items 
and specifying `name: "{{ item }}"`, please use `name: '{{ 
build_ossec_deb_pkg_dependencies }}'` and remove the loop. This feature will be
 removed in version 2.11. Deprecation warnings can be disabled by setting 
deprecation_warnings=False in ansible.cfg.
    
    TASK [build-generic-pkg : Find any jinja templates] ****************************
    ok: [xenial-sd-generic-ossec-agent -> localhost]
    
    TASK [build-securedrop-app-code-deb-pkg : Create build dir] ********************
    changed: [xenial-sd-app]
    
    TASK [build-securedrop-app-code-deb-pkg : Extract sdist to build dir] **********
    changed: [xenial-sd-app]
    
    TASK [build-generic-pkg : Find any jinja templates] ****************************
    ok: [xenial-sd-generic-ossec-agent -> localhost]
    
    TASK [build-securedrop-app-code-deb-pkg : Create empty static asset directories in build dir] ***
    changed: [xenial-sd-app] => (item=/tmp/securedrop-app-code_1.4.1+xenial_amd64/var/www/securedrop/static/gen)
    
    TASK [build-generic-pkg : Find any jinja templates] ****************************
    ok: [xenial-sd-generic-ossec-server -> localhost]
    
    TASK [build-securedrop-app-code-deb-pkg : Create empty static asset directories in build dir] ***
    changed: [xenial-sd-app] => (item=/tmp/securedrop-app-code_1.4.1+xenial_amd64/var/www/securedrop/static/.webassets-cache)
    
    TASK [build-generic-pkg : Find any jinja templates] ****************************
    ok: [xenial-sd-generic-ossec-agent -> localhost]
    
    TASK [build-securedrop-app-code-deb-pkg : Create empty static asset directories in build dir] ***
    changed: [xenial-sd-app] => (item=/tmp/securedrop-app-code_1.4.1+xenial_amd64/var/www/securedrop/.well-known/pki-validation)
    
    TASK [build-generic-pkg : Find any jinja templates] ****************************
    ok: [xenial-sd-generic-ossec-server -> localhost]
    
    TASK [build-generic-pkg : Find any jinja templates] ****************************
    ok: [xenial-sd-generic-ossec-agent -> localhost]
    
    TASK [build-generic-pkg : Find any jinja templates] ****************************
    ok: [xenial-sd-generic-ossec-server -> localhost]
    
    TASK [build-generic-pkg : Find any jinja templates] ****************************
    ok: [xenial-sd-generic-ossec-agent -> localhost]
    
    TASK [build-generic-pkg : Find any jinja templates] ****************************
    ok: [xenial-sd-generic-ossec-server -> localhost]
    
    TASK [build-generic-pkg : Find any jinja templates] ****************************
    ok: [xenial-sd-generic-ossec-server -> localhost]
    
    TASK [build-securedrop-app-code-deb-pkg : Build securedrop-app-code Debian package] ***
    changed: [xenial-sd-app]
    
    TASK [build-securedrop-app-code-deb-pkg : Find newly built Debian package] *****
    ok: [xenial-sd-app]
    
    TASK [build-securedrop-app-code-deb-pkg : Fetch newly built Debian packages back to localhost] ***
    changed: [xenial-sd-app] => (item={'isdir': False, 'path': '/tmp/securedrop-app-code_1.4.1+xenial_amd64.deb', 'ctime': 1593112805.451, 'roth': True, 'gid': 0, 'gr_name': 'root', 'nlink': 1, 'pw_name': 'root', 'ischr': False, 'mode': '0644', 'uid': 0, 'rusr': True, 'isblk': False, 'rgrp': True, 'islnk': False, 'woth': False, 'atime': 1593112805.708, 'mtime': 1593112805.451, 'size': 12628934, 'inode': 918344, 'xusr': False, 'xgrp': False, 'dev': 47, 'isuid': False, 'isreg': True, 'issock': False, 'wgrp': False, 'isgid': False, 'wusr': True, 'isfifo': False, 'xoth': False})
    changed: [xenial-sd-app] => (item={'isdir': False, 'path': '/tmp/securedrop-app-code_1.4.1+xenial.tar.gz', 'ctime': 1593112652.703, 'roth': True, 'gid': 0, 'gr_name': 'root', 'nlink': 1, 'pw_name': 'root', 'ischr': False, 'mode': '0644', 'uid': 0, 'rusr': True, 'isblk': False, 'rgrp': True, 'islnk': False, 'woth': False, 'atime': 1593112652.718, 'mtime': 1593112652.694, 'size': 2010642, 'inode': 917827, 'xusr': False, 'xgrp': False, 'dev': 47, 'isuid': False, 'isreg': True, 'issock': False, 'wgrp': False, 'isgid': False, 'wusr': True, 'isfifo': False, 'xoth': False})
[DEPRECATION WARNING]: Invoking "apt" only once while using a loop via 
squash_actions is deprecated. Instead of using a loop to supply multiple items 
and specifying `name: "{{ item }}"`, please use `name: '{{ 
build_ossec_deb_pkg_dependencies }}'` and remove the loop. This feature will be
 removed in version 2.11. Deprecation warnings can be disabled by setting 
deprecation_warnings=False in ansible.cfg.
[DEPRECATION WARNING]: Invoking "apt" only once while using a loop via 
squash_actions is deprecated. Instead of using a loop to supply multiple items 
and specifying `name: "{{ item }}"`, please use `name: '{{ 
build_ossec_deb_pkg_dependencies }}'` and remove the loop. This feature will be
 removed in version 2.11. Deprecation warnings can be disabled by setting 
deprecation_warnings=False in ansible.cfg.
    
    TASK [build-generic-pkg : Find any jinja templates] ****************************
    ok: [xenial-sd-app -> localhost]
    
    TASK [build-generic-pkg : Find any jinja templates] ****************************
    ok: [xenial-sd-app -> localhost]
    
    TASK [build-generic-pkg : Find any jinja templates] ****************************
    ok: [xenial-sd-app -> localhost]
    
    TASK [build-generic-pkg : Find any jinja templates] ****************************
    ok: [xenial-sd-app -> localhost]
    
    TASK [build-generic-pkg : Find any jinja templates] ****************************
    ok: [xenial-sd-app -> localhost]
    
    PLAY [Give dpkg verify container access to debs] *******************************
    
    TASK [Discover local debian build files] ***************************************
    ok: [xenial-sd-dpkg-verification -> localhost]
    
    TASK [Create build dir] ********************************************************
    ok: [xenial-sd-dpkg-verification]
    
    TASK [Drop debian files into container] ****************************************
    changed: [xenial-sd-dpkg-verification] => (item={'path': '/home/user/securedrop/build/xenial/securedrop-keyring-0.1.4+1.4.1-amd64.deb', 'mode': '0600', 'isdir': False, 'ischr': False, 'isblk': False, 'isreg': True, 'isfifo': False, 'islnk': False, 'issock': False, 'uid': 1000, 'gid': 1000, 'size': 5836, 'inode': 1911, 'dev': 51728, 'nlink': 1, 'atime': 1593112578.515, 'mtime': 1593112578.515, 'ctime': 1593112578.515, 'gr_name': 'user', 'pw_name': 'user', 'wusr': True, 'rusr': True, 'xusr': False, 'wgrp': False, 'rgrp': False, 'xgrp': False, 'woth': False, 'roth': False, 'xoth': False, 'isuid': False, 'isgid': False})
    changed: [xenial-sd-dpkg-verification] => (item={'path': '/home/user/securedrop/build/xenial/ossec-agent-3.6.0-amd64.deb', 'mode': '0600', 'isdir': False, 'ischr': False, 'isblk': False, 'isreg': True, 'isfifo': False, 'islnk': False, 'issock': False, 'uid': 1000, 'gid': 1000, 'size': 283716, 'inode': 1915, 'dev': 51728, 'nlink': 1, 'atime': 1593112635.237, 'mtime': 1593112635.236, 'ctime': 1593112635.236, 'gr_name': 'user', 'pw_name': 'user', 'wusr': True, 'rusr': True, 'xusr': False, 'wgrp': False, 'rgrp': False, 'xgrp': False, 'woth': False, 'roth': False, 'xoth': False, 'isuid': False, 'isgid': False})
    changed: [xenial-sd-dpkg-verification] => (item={'path': '/home/user/securedrop/build/xenial/securedrop-ossec-server-3.6.0+1.4.1-amd64.deb', 'mode': '0600', 'isdir': False, 'ischr': False, 'isblk': False, 'isreg': True, 'isfifo': False, 'islnk': False, 'issock': False, 'uid': 1000, 'gid': 1000, 'size': 7612, 'inode': 1909, 'dev': 51728, 'nlink': 1, 'atime': 1593112527.413, 'mtime': 1593112527.413, 'ctime': 1593112527.413, 'gr_name': 'user', 'pw_name': 'user', 'wusr': True, 'rusr': True, 'xusr': False, 'wgrp': False, 'rgrp': False, 'xgrp': False, 'woth': False, 'roth': False, 'xoth': False, 'isuid': False, 'isgid': False})
    changed: [xenial-sd-dpkg-verification] => (item={'path': '/home/user/securedrop/build/xenial/securedrop-app-code_1.4.1+xenial_amd64.deb', 'mode': '0600', 'isdir': False, 'ischr': False, 'isblk': False, 'isreg': True, 'isfifo': False, 'islnk': False, 'issock': False, 'uid': 1000, 'gid': 1000, 'size': 12628934, 'inode': 1916, 'dev': 51728, 'nlink': 1, 'atime': 1593112809.838, 'mtime': 1593112809.828, 'ctime': 1593112809.828, 'gr_name': 'user', 'pw_name': 'user', 'wusr': True, 'rusr': True, 'xusr': False, 'wgrp': False, 'rgrp': False, 'xgrp': False, 'woth': False, 'roth': False, 'xoth': False, 'isuid': False, 'isgid': False})
    changed: [xenial-sd-dpkg-verification] => (item={'path': '/home/user/securedrop/build/xenial/securedrop-grsec-4.14.175-amd64.deb', 'mode': '0600', 'isdir': False, 'ischr': False, 'isblk': False, 'isreg': True, 'isfifo': False, 'islnk': False, 'issock': False, 'uid': 1000, 'gid': 1000, 'size': 2296, 'inode': 1913, 'dev': 51728, 'nlink': 1, 'atime': 1593112597.61, 'mtime': 1593112597.61, 'ctime': 1593112597.61, 'gr_name': 'user', 'pw_name': 'user', 'wusr': True, 'rusr': True, 'xusr': False, 'wgrp': False, 'rgrp': False, 'xgrp': False, 'woth': False, 'roth': False, 'xoth': False, 'isuid': False, 'isgid': False})
    changed: [xenial-sd-dpkg-verification] => (item={'path': '/home/user/securedrop/build/xenial/ossec-server-3.6.0-amd64.deb', 'mode': '0600', 'isdir': False, 'ischr': False, 'isblk': False, 'isreg': True, 'isfifo': False, 'islnk': False, 'issock': False, 'uid': 1000, 'gid': 1000, 'size': 709332, 'inode': 1914, 'dev': 51728, 'nlink': 1, 'atime': 1593112631.692, 'mtime': 1593112631.691, 'ctime': 1593112631.691, 'gr_name': 'user', 'pw_name': 'user', 'wusr': True, 'rusr': True, 'xusr': False, 'wgrp': False, 'rgrp': False, 'xgrp': False, 'woth': False, 'roth': False, 'xoth': False, 'isuid': False, 'isgid': False})
    changed: [xenial-sd-dpkg-verification] => (item={'path': '/home/user/securedrop/build/xenial/securedrop-config-0.1.3+1.4.1-amd64.deb', 'mode': '0600', 'isdir': False, 'ischr': False, 'isblk': False, 'isreg': True, 'isfifo': False, 'islnk': False, 'issock': False, 'uid': 1000, 'gid': 1000, 'size': 2734, 'inode': 1908, 'dev': 51728, 'nlink': 1, 'atime': 1593112515.725, 'mtime': 1593112515.725, 'ctime': 1593112515.725, 'gr_name': 'user', 'pw_name': 'user', 'wusr': True, 'rusr': True, 'xusr': False, 'wgrp': False, 'rgrp': False, 'xgrp': False, 'woth': False, 'roth': False, 'xoth': False, 'isuid': False, 'isgid': False})
    changed: [xenial-sd-dpkg-verification] => (item={'path': '/home/user/securedrop/build/xenial/securedrop-ossec-agent-3.6.0+1.4.1-amd64.deb', 'mode': '0600', 'isdir': False, 'ischr': False, 'isblk': False, 'isreg': True, 'isfifo': False, 'islnk': False, 'issock': False, 'uid': 1000, 'gid': 1000, 'size': 4530, 'inode': 1907, 'dev': 51728, 'nlink': 1, 'atime': 1593112511.823, 'mtime': 1593112511.823, 'ctime': 1593112511.823, 'gr_name': 'user', 'pw_name': 'user', 'wusr': True, 'rusr': True, 'xusr': False, 'wgrp': False, 'rgrp': False, 'xgrp': False, 'woth': False, 'roth': False, 'xoth': False, 'isuid': False, 'isgid': False})
    
    PLAY RECAP *********************************************************************
    xenial-sd-app              : ok=29   changed=22   unreachable=0    failed=0    skipped=89   rescued=0    ignored=0
    xenial-sd-config           : ok=12   changed=3    unreachable=0    failed=0    skipped=106  rescued=0    ignored=0
    xenial-sd-dpkg-verification : ok=3    changed=1    unreachable=0    failed=0    skipped=0    rescued=0    ignored=0
    xenial-sd-generic-ossec-agent : ok=30   changed=22   unreachable=0    failed=0    skipped=88   rescued=0    ignored=0
    xenial-sd-generic-ossec-agent2 : ok=12   changed=3    unreachable=0    failed=0    skipped=106  rescued=0    ignored=0
    xenial-sd-generic-ossec-server : ok=30   changed=22   unreachable=0    failed=0    skipped=88   rescued=0    ignored=0
    xenial-sd-generic-ossec-server2 : ok=12   changed=3    unreachable=0    failed=0    skipped=106  rescued=0    ignored=0
    xenial-sd-grsec            : ok=14   changed=4    unreachable=0    failed=0    skipped=104  rescued=0    ignored=0
    xenial-sd-keyring          : ok=12   changed=3    unreachable=0    failed=0    skipped=106  rescued=0    ignored=0
    xenial-sd-sec-update       : ok=7    changed=1    unreachable=0    failed=0    skipped=111  rescued=0    ignored=0
    
--> Inventory /home/user/securedrop/molecule/builder-xenial/../../install_files/ansible-base/group_vars linked to /home/user/.cache/molecule/securedrop/builder-xenial/inventory/group_vars
--> Scenario: 'builder-xenial'
--> Action: 'verify'
--> Executing Testinfra tests found in /home/user/securedrop/molecule/builder-xenial/tests//...
    ============================= test session starts ==============================
    platform linux -- Python 3.7.3, pytest-3.2.0, py-1.4.34, pluggy-0.4.0
    rootdir: /home/user/securedrop, inifile:
    plugins: testinfra-3.2.0, xdist-1.18.2
gw0 [225] / gw1 [225] / gw2 [225] / gw3 [225]
    scheduling tests via LoadScheduling
    ..............................................................................................................................................................................................................................X..
    ==================== 224 passed, 1 xpassed in 39.54 seconds ====================
Verifier completed successfully.
--> Inventory /home/user/securedrop/molecule/builder-xenial/../../install_files/ansible-base/group_vars linked to /home/user/.cache/molecule/securedrop/builder-xenial/inventory/group_vars
--> Scenario: 'builder-xenial'
--> Action: 'destroy'
    
    PLAY [Destroy] *****************************************************************
    
    TASK [Destroy molecule instance(s)] ********************************************
    changed: [localhost] => (item={'name': 'xenial-sd-app', 'groups': ['builders']})
    changed: [localhost] => (item={'name': 'xenial-sd-generic-ossec-agent', 'groups': ['builders']})
    changed: [localhost] => (item={'name': 'xenial-sd-generic-ossec-server', 'groups': ['builders']})
    changed: [localhost] => (item={'name': 'xenial-sd-generic-ossec-agent2', 'groups': ['builders']})
    changed: [localhost] => (item={'name': 'xenial-sd-generic-ossec-server2', 'groups': ['builders']})
    changed: [localhost] => (item={'name': 'xenial-sd-grsec', 'groups': ['builders']})
    changed: [localhost] => (item={'name': 'xenial-sd-config', 'groups': ['builders']})
    changed: [localhost] => (item={'name': 'xenial-sd-keyring', 'groups': ['builders']})
    changed: [localhost] => (item={'name': 'xenial-sd-sec-update', 'groups': ['builders']})
    changed: [localhost] => (item={'name': 'xenial-sd-dpkg-verification', 'groups': ['testers']})
    
    PLAY RECAP *********************************************************************
    localhost                  : ok=1    changed=1    unreachable=0    failed=0    skipped=0    rescued=0    ignored=0
    
--> Pruning extra files from scenario ephemeral directory

(sd) user@disp5006:~/securedrop$ sha256sum build/xenial/*
1ebc0ae71af1403de4ed233f96d6681039c04417738de78e0f989a6c60ad2612  build/xenial/ossec-agent-3.6.0-amd64.deb
28bf1e980ad1e3065c4b16861323c0b4de9bc1d019e99bc9c38e0d64b4aca5fb  build/xenial/ossec-server-3.6.0-amd64.deb
65783729f7fa60220b8698ab618d7e970303813ba915ad2efca44d60f2ae461f  build/xenial/securedrop-app-code_1.4.1+xenial_amd64.deb
f8f90b07897446dba2dcba1a82e23bbd9ca6e48f9b3bf22542e57fb946b34f38  build/xenial/securedrop-app-code_1.4.1+xenial.tar.gz
df20c902e70f7349767f6c68af19f649b50eaa3a4e513b3a58878f6598df7598  build/xenial/securedrop-config-0.1.3+1.4.1-amd64.deb
f47f86c24f07b35c19a35e0b614a386aa977f1af43c7fd781365270a1cd1875f  build/xenial/securedrop-grsec-4.14.175-amd64.deb
339576b3359e498168ce714a87accc05805176af78a5db6758b68c7a868b6075  build/xenial/securedrop-keyring-0.1.4+1.4.1-amd64.deb
d3c2940dd2e81f728931af22e8cee57aff947b3fe3f96c164650a54795222cb3  build/xenial/securedrop-ossec-agent-3.6.0+1.4.1-amd64.deb
991e7e892f0fc3e017e1969bd227be69120f241f5f4536e13d96067334807dcd  build/xenial/securedrop-ossec-server-3.6.0+1.4.1-amd64.deb
