[user@fpf-dev-dvm:~] $
 $ git clone https://github.com/freedomofpress/securedrop
Cloning into 'securedrop'...
changing to directory securedrop
[user@fpf-dev-dvm:~/securedrop] develop 25s ±
 $ git tag -v 1.4.0
object 93f4259b373bb90ac05aacd7df9c90f2bb580cde
type commit
tag 1.4.0
tagger Allie Crevier <allie@freedom.press> 1592429786 +0000

SecureDrop 1.4.0
gpg: Signature made Wed 17 Jun 2020 02:49:56 PM PDT
gpg:                using RSA key 22245C81E3BAEB4138B36061310F561200F4AD77
gpg: Good signature from "SecureDrop Release Signing Key" [unknown]
gpg:                 aka "SecureDrop Release Signing Key <securedrop-release-key@freedom.press>" [unknown]
gpg: WARNING: This key is not certified with a trusted signature!
gpg:          There is no indication that the signature belongs to the owner.
Primary key fingerprint: 2224 5C81 E3BA EB41 38B3  6061 310F 5612 00F4 AD77
[user@fpf-dev-dvm:~/securedrop] develop 50s ±
 $ git checkout 1.4.0
Note: checking out '1.4.0'.

You are in 'detached HEAD' state. You can look around, make experimental
changes and commit them, and you can discard any commits you make in this
state without impacting any branches by performing another checkout.

If you want to create a new branch to retain commits you create, you may
do so (now or later) by using -b with the checkout command again. Example:

  git checkout -b <new-branch-name>

HEAD is now at 93f4259b3 SecureDrop release 1.4.0
[user@fpf-dev-dvm:~/securedrop] 93f4259b3 53s ±
 $ mkvirtualenv -a $PWD sd -p $(which python3)
Already using interpreter /usr/bin/python3
Using base prefix '/usr'
New python executable in /home/user/.virtualenvs/sd/bin/python3
Also creating executable in /home/user/.virtualenvs/sd/bin/python
Installing setuptools, pkg_resources, pip, wheel...done.
Setting project for sd to /home/user/securedrop
[user@fpf-dev-dvm:~/securedrop] [sd] 93f4259b3 1m7s ±
 $ git show
commit 93f4259b373bb90ac05aacd7df9c90f2bb580cde (HEAD, tag: 1.4.0, origin/release/1.4.0)
Author: Allie Crevier <allie@freedom.press>
Date:   Wed Jun 17 21:36:16 2020 +0000

    SecureDrop release 1.4.0

diff --git a/changelog.md b/changelog.md
index 5daa174f1..e5b37401d 100644
--- a/changelog.md
+++ b/changelog.md
@@ -1,12 +1,20 @@
 # Changelog

-## 1.4.0~rc1
+## 1.4.0
+
+### Web Applications
+* Moved source deletion to a background process to resolve timeout issue (#2527)
+
+### Operations
+* Updated Tor from 0.4.2.7 to 0.4.3.5 (#5292)
+* Added check for nameserver configuration loaded during install (#5288)
+* Added system configuration check script to securedrop-ossec packages (#5287)
+* Updated SecureDrop Release signing key so that it doesn't expire until June 30, 2021 (#5277)
+
+### Documentation
+* Added instructions for password rotation to Admin Guide (#5301)
+* Updated references to uncommon OSSEC alerts (#5316)

-* Update Tor from 0.4.2.7 to 0.4.3.5 (#5292)
-* Check that nameserver configuration loaded during install (#5288)
-* Add system configuration check script to securedrop-ossec packages (#5287)
-* Update SecureDrop Release signing key so that it doesn't expire until June 30, 2021 (#5277)
-* Move source deletion to a background process to get around timeout issue (#2527)

 ## 1.3.0

[user@fpf-dev-dvm:~/securedrop] [sd] 93f4259b3 1m27s ±
 $ pip install --no-deps --require-hashes -r securedrop/requirements/python3/develop-requirements.txt
Collecting alabaster==0.7.10
  Downloading alabaster-0.7.10-py2.py3-none-any.whl (12 kB)
Collecting ansible-lint==4.1.0
  Downloading ansible_lint-4.1.0-py2.py3-none-any.whl (54 kB)
     |████████████████████████████████| 54 kB 3.5 MB/s
Collecting ansible==2.9.7
  Downloading ansible-2.9.7.tar.gz (14.2 MB)
     |████████████████████████████████| 14.2 MB 10.2 MB/s
Collecting anyconfig==0.9.7
  Downloading anyconfig-0.9.7.tar.gz (97 kB)
     |████████████████████████████████| 97 kB 4.6 MB/s
Collecting apipkg==1.4
  Downloading apipkg-1.4-py2.py3-none-any.whl (6.6 kB)
Collecting argh==0.26.2
  Downloading argh-0.26.2-py2.py3-none-any.whl (30 kB)
Collecting arrow==0.10.0
  Downloading arrow-0.10.0.tar.gz (86 kB)
     |████████████████████████████████| 86 kB 6.6 MB/s
Collecting asn1crypto==0.22.0
  Downloading asn1crypto-0.22.0-py2.py3-none-any.whl (97 kB)
     |████████████████████████████████| 97 kB 10.6 MB/s
Collecting aspy.yaml==1.3.0
  Downloading aspy.yaml-1.3.0-py2.py3-none-any.whl (3.5 kB)
Collecting astroid==2.4.0
  Downloading astroid-2.4.0-py3-none-any.whl (327 kB)
     |████████████████████████████████| 327 kB 22.9 MB/s
Collecting babel==2.4.0
  Downloading Babel-2.4.0-py2.py3-none-any.whl (6.8 MB)
     |████████████████████████████████| 6.8 MB 22.5 MB/s
Collecting bandit==1.4.0
  Downloading bandit-1.4.0-py2.py3-none-any.whl (116 kB)
     |████████████████████████████████| 116 kB 37.4 MB/s
Collecting bcrypt==3.1.3
  Downloading bcrypt-3.1.3.tar.gz (40 kB)
     |████████████████████████████████| 40 kB 5.9 MB/s
Collecting binaryornot==0.4.4
  Downloading binaryornot-0.4.4-py2.py3-none-any.whl (9.0 kB)
Collecting boto3==1.5.24
  Downloading boto3-1.5.24-py2.py3-none-any.whl (128 kB)
     |████████████████████████████████| 128 kB 30.8 MB/s
Collecting boto==2.48.0
  Downloading boto-2.48.0-py2.py3-none-any.whl (1.4 MB)
     |████████████████████████████████| 1.4 MB 16.1 MB/s
Collecting botocore==1.8.38
  Downloading botocore-1.8.38-py2.py3-none-any.whl (4.1 MB)
     |████████████████████████████████| 4.1 MB 23.2 MB/s
Collecting cerberus==1.3.1
  Downloading Cerberus-1.3.1.tar.gz (52 kB)
     |████████████████████████████████| 52 kB 1.7 MB/s
Collecting certifi==2017.7.27.1
  Downloading certifi-2017.7.27.1-py2.py3-none-any.whl (349 kB)
     |████████████████████████████████| 349 kB 48.7 MB/s
Collecting cffi==1.10.0
  Downloading cffi-1.10.0.tar.gz (418 kB)
     |████████████████████████████████| 418 kB 18.4 MB/s
Collecting cfgv==2.0.1
  Downloading cfgv-2.0.1-py2.py3-none-any.whl (7.4 kB)
Collecting chardet==3.0.4
  Downloading chardet-3.0.4-py2.py3-none-any.whl (133 kB)
     |████████████████████████████████| 133 kB 23.8 MB/s
Collecting click-completion==0.3.1
  Downloading click-completion-0.3.1.tar.gz (8.2 kB)
Collecting click==6.7
  Downloading click-6.7-py2.py3-none-any.whl (71 kB)
     |████████████████████████████████| 71 kB 15.9 MB/s
Collecting colorama==0.3.9
  Downloading colorama-0.3.9-py2.py3-none-any.whl (20 kB)
Collecting cookiecutter==1.6.0
  Downloading cookiecutter-1.6.0-py2.py3-none-any.whl (50 kB)
     |████████████████████████████████| 50 kB 9.3 MB/s
Collecting cryptography==2.7
  Downloading cryptography-2.7-cp34-abi3-manylinux1_x86_64.whl (2.3 MB)
     |████████████████████████████████| 2.3 MB 20.5 MB/s
Collecting dnspython==1.15.0
  Downloading dnspython-1.15.0-py2.py3-none-any.whl (177 kB)
     |████████████████████████████████| 177 kB 17.3 MB/s
Collecting docker-py==1.10.6
  Downloading docker_py-1.10.6-py2.py3-none-any.whl (50 kB)
     |████████████████████████████████| 50 kB 8.6 MB/s
Collecting docker-pycreds==0.2.1
  Downloading docker_pycreds-0.2.1-py2.py3-none-any.whl (4.5 kB)
Collecting docopt==0.6.2
  Downloading docopt-0.6.2.tar.gz (25 kB)
Collecting docutils==0.14
  Downloading docutils-0.14-py3-none-any.whl (543 kB)
     |████████████████████████████████| 543 kB 24.9 MB/s
Collecting dparse==0.4.1
  Downloading dparse-0.4.1.tar.gz (31 kB)
Collecting entrypoints==0.3
  Downloading entrypoints-0.3-py2.py3-none-any.whl (11 kB)
Collecting execnet==1.4.1
  Downloading execnet-1.4.1-py2.py3-none-any.whl (40 kB)
     |████████████████████████████████| 40 kB 4.6 MB/s
Collecting fasteners==0.14.1
  Downloading fasteners-0.14.1-py2.py3-none-any.whl (20 kB)
Collecting flake8==3.7.7
  Downloading flake8-3.7.7-py2.py3-none-any.whl (68 kB)
     |████████████████████████████████| 68 kB 8.5 MB/s
Collecting future==0.16.0
  Downloading future-0.16.0.tar.gz (824 kB)
     |████████████████████████████████| 824 kB 21.5 MB/s
Collecting git-url-parse==1.0.2
  Downloading git_url_parse-1.0.2-py3-none-any.whl (5.4 kB)
Collecting gitdb2==2.0.3
  Downloading gitdb2-2.0.3-py2.py3-none-any.whl (63 kB)
     |████████████████████████████████| 63 kB 2.3 MB/s
Collecting gitpython==2.1.8
  Downloading GitPython-2.1.8-py2.py3-none-any.whl (448 kB)
     |████████████████████████████████| 448 kB 13.7 MB/s
Collecting html-linter==0.4.0
  Downloading html-linter-0.4.0.tar.gz (19 kB)
Collecting identify==1.4.7
  Downloading identify-1.4.7-py2.py3-none-any.whl (97 kB)
     |████████████████████████████████| 97 kB 6.1 MB/s
Collecting idna==2.5
  Downloading idna-2.5-py2.py3-none-any.whl (55 kB)
     |████████████████████████████████| 55 kB 4.1 MB/s
Collecting imagesize==0.7.1
  Downloading imagesize-0.7.1-py2.py3-none-any.whl (5.2 kB)
Collecting importlib-metadata==0.23
  Downloading importlib_metadata-0.23-py2.py3-none-any.whl (28 kB)
Collecting importlib-resources==1.5.0
  Downloading importlib_resources-1.5.0-py2.py3-none-any.whl (21 kB)
Collecting isort==4.2.15
  Downloading isort-4.2.15-py2.py3-none-any.whl (43 kB)
     |████████████████████████████████| 43 kB 3.1 MB/s
Collecting jinja2-time==0.2.0
  Downloading jinja2_time-0.2.0-py2.py3-none-any.whl (6.4 kB)
Collecting jinja2==2.10.1
  Downloading Jinja2-2.10.1-py2.py3-none-any.whl (124 kB)
     |████████████████████████████████| 124 kB 20.4 MB/s
Collecting jmespath==0.9.3
  Downloading jmespath-0.9.3-py2.py3-none-any.whl (23 kB)
Collecting lazy-object-proxy==1.4.3
  Downloading lazy_object_proxy-1.4.3-cp37-cp37m-manylinux1_x86_64.whl (56 kB)
     |████████████████████████████████| 56 kB 6.9 MB/s
Collecting livereload==2.5.1
  Downloading livereload-2.5.1.tar.gz (20 kB)
Collecting markupsafe==1.1.1
  Downloading MarkupSafe-1.1.1-cp37-cp37m-manylinux1_x86_64.whl (27 kB)
Collecting mccabe==0.6.1
  Downloading mccabe-0.6.1-py2.py3-none-any.whl (8.6 kB)
Collecting molecule==2.22
  Downloading molecule-2.22-py2.py3-none-any.whl (469 kB)
     |████████████████████████████████| 469 kB 11.0 MB/s
Collecting monotonic==1.4
  Downloading monotonic-1.4-py2.py3-none-any.whl (5.3 kB)
Collecting more-itertools==7.2.0
  Downloading more_itertools-7.2.0-py3-none-any.whl (57 kB)
     |████████████████████████████████| 57 kB 6.3 MB/s
Collecting mypy-extensions==0.4.3
  Downloading mypy_extensions-0.4.3-py2.py3-none-any.whl (4.5 kB)
Collecting mypy==0.761
  Downloading mypy-0.761-cp37-cp37m-manylinux1_x86_64.whl (24.1 MB)
     |████████████████████████████████| 24.1 MB 11.0 MB/s
Collecting netaddr==0.7.19
  Downloading netaddr-0.7.19-py2.py3-none-any.whl (1.6 MB)
     |████████████████████████████████| 1.6 MB 14.2 MB/s
Collecting nodeenv==1.3.3
  Downloading nodeenv-1.3.3.tar.gz (34 kB)
Collecting packaging==16.8
  Downloading packaging-16.8-py2.py3-none-any.whl (23 kB)
Collecting paramiko==2.6.0
  Downloading paramiko-2.6.0-py2.py3-none-any.whl (199 kB)
     |████████████████████████████████| 199 kB 20.0 MB/s
Collecting pathspec==0.5.5
  Downloading pathspec-0.5.5.tar.gz (21 kB)
Collecting pathtools==0.1.2
  Downloading pathtools-0.1.2.tar.gz (11 kB)
Collecting pbr==5.1.1
  Downloading pbr-5.1.1-py2.py3-none-any.whl (106 kB)
     |████████████████████████████████| 106 kB 20.5 MB/s
Collecting pexpect==4.6.0
  Downloading pexpect-4.6.0-py2.py3-none-any.whl (57 kB)
     |████████████████████████████████| 57 kB 9.2 MB/s
Collecting pip-tools==4.0.0
  Downloading pip_tools-4.0.0-py2.py3-none-any.whl (39 kB)
Collecting port_for==0.3.1
  Downloading port-for-0.3.1.tar.gz (18 kB)
Collecting poyo==0.4.1
  Downloading poyo-0.4.1-py2.py3-none-any.whl (12 kB)
Collecting pre-commit==1.18.3
  Downloading pre_commit-1.18.3-py2.py3-none-any.whl (154 kB)
     |████████████████████████████████| 154 kB 14.3 MB/s
Collecting prompt_toolkit==2.0.9
  Downloading prompt_toolkit-2.0.9-py3-none-any.whl (337 kB)
     |████████████████████████████████| 337 kB 37.8 MB/s
Collecting psutil==5.7.0
  Downloading psutil-5.7.0.tar.gz (449 kB)
     |████████████████████████████████| 449 kB 6.7 MB/s
Collecting ptyprocess==0.5.2
  Downloading ptyprocess-0.5.2-py2.py3-none-any.whl (39 kB)
Collecting py==1.4.34
  Downloading py-1.4.34-py2.py3-none-any.whl (84 kB)
     |████████████████████████████████| 84 kB 2.5 MB/s
Collecting pycodestyle==2.5.0
  Downloading pycodestyle-2.5.0-py2.py3-none-any.whl (51 kB)
     |████████████████████████████████| 51 kB 12.1 MB/s
Collecting pycparser==2.18
  Downloading pycparser-2.18.tar.gz (245 kB)
     |████████████████████████████████| 245 kB 13.4 MB/s
Collecting pyenchant==2.0.0
  Downloading pyenchant-2.0.0.tar.gz (64 kB)
     |████████████████████████████████| 64 kB 4.6 MB/s
Collecting pyflakes==2.1.1
  Downloading pyflakes-2.1.1-py2.py3-none-any.whl (59 kB)
     |████████████████████████████████| 59 kB 7.9 MB/s
Collecting pygments==2.6.1
  Downloading Pygments-2.6.1-py3-none-any.whl (914 kB)
     |████████████████████████████████| 914 kB 39.4 MB/s
Collecting pylint==2.5.0
  Downloading pylint-2.5.0-py3-none-any.whl (324 kB)
     |████████████████████████████████| 324 kB 19.4 MB/s
Collecting pynacl==1.1.2
  Downloading PyNaCl-1.1.2.tar.gz (3.1 MB)
     |████████████████████████████████| 3.1 MB 26.5 MB/s
Collecting pyparsing==2.2.0
  Downloading pyparsing-2.2.0-py2.py3-none-any.whl (56 kB)
     |████████████████████████████████| 56 kB 3.7 MB/s
Collecting pytest-xdist==1.18.2
  Downloading pytest-xdist-1.18.2.tar.gz (50 kB)
     |████████████████████████████████| 50 kB 5.2 MB/s
  Installing build dependencies ... done
  Getting requirements to build wheel ... done
  Installing backend dependencies ... done
    Preparing wheel metadata ... done
Collecting pytest==3.2.0
  Downloading pytest-3.2.0-py2.py3-none-any.whl (186 kB)
     |████████████████████████████████| 186 kB 16.2 MB/s
Collecting python-dateutil==2.6.1
  Downloading python_dateutil-2.6.1-py2.py3-none-any.whl (194 kB)
     |████████████████████████████████| 194 kB 14.6 MB/s
Collecting python-gilt==1.2.1
  Downloading python_gilt-1.2.1-py3-none-any.whl (13 kB)
Collecting python-vagrant==0.5.15
  Downloading python-vagrant-0.5.15.tar.gz (29 kB)
Collecting pytz==2017.2
  Downloading pytz-2017.2-py2.py3-none-any.whl (484 kB)
     |████████████████████████████████| 484 kB 6.6 MB/s
Collecting pyyaml==5.3.1
  Downloading PyYAML-5.3.1.tar.gz (269 kB)
     |████████████████████████████████| 269 kB 5.7 MB/s
Collecting requests==2.22.0
  Downloading requests-2.22.0-py2.py3-none-any.whl (57 kB)
     |████████████████████████████████| 57 kB 6.0 MB/s
Collecting ruamel.yaml==0.15.97
  Downloading ruamel.yaml-0.15.97-cp37-cp37m-manylinux1_x86_64.whl (653 kB)
     |████████████████████████████████| 653 kB 15.3 MB/s
Collecting s3transfer==0.1.12
  Downloading s3transfer-0.1.12-py2.py3-none-any.whl (59 kB)
     |████████████████████████████████| 59 kB 9.2 MB/s
Collecting safety==1.8.7
  Downloading safety-1.8.7-py2.py3-none-any.whl (14 kB)
Collecting sh==1.12.14
  Downloading sh-1.12.14-py2.py3-none-any.whl (38 kB)
Collecting six==1.14.0
  Downloading six-1.14.0-py2.py3-none-any.whl (10 kB)
Collecting smmap2==2.0.3
  Downloading smmap2-2.0.3-py2.py3-none-any.whl (27 kB)
Collecting snowballstemmer==1.2.1
  Downloading snowballstemmer-1.2.1-py2.py3-none-any.whl (64 kB)
     |████████████████████████████████| 64 kB 2.8 MB/s
Collecting sphinx-autobuild==0.7.1
  Downloading sphinx-autobuild-0.7.1.tar.gz (14 kB)
Collecting sphinx-rtd-theme==0.4.3
  Downloading sphinx_rtd_theme-0.4.3-py2.py3-none-any.whl (6.4 MB)
     |████████████████████████████████| 6.4 MB 9.7 MB/s
Collecting sphinx==3.0.4
  Downloading Sphinx-3.0.4-py3-none-any.whl (2.8 MB)
     |████████████████████████████████| 2.8 MB 15.8 MB/s
Collecting sphinxcontrib-applehelp==1.0.2
  Downloading sphinxcontrib_applehelp-1.0.2-py2.py3-none-any.whl (121 kB)
     |████████████████████████████████| 121 kB 22.2 MB/s
Collecting sphinxcontrib-devhelp==1.0.2
  Downloading sphinxcontrib_devhelp-1.0.2-py2.py3-none-any.whl (84 kB)
     |████████████████████████████████| 84 kB 5.2 MB/s
Collecting sphinxcontrib-htmlhelp==1.0.3
  Downloading sphinxcontrib_htmlhelp-1.0.3-py2.py3-none-any.whl (96 kB)
     |████████████████████████████████| 96 kB 6.6 MB/s
Collecting sphinxcontrib-jsmath==1.0.1
  Downloading sphinxcontrib_jsmath-1.0.1-py2.py3-none-any.whl (5.1 kB)
Collecting sphinxcontrib-qthelp==1.0.3
  Downloading sphinxcontrib_qthelp-1.0.3-py2.py3-none-any.whl (90 kB)
     |████████████████████████████████| 90 kB 16.2 MB/s
Collecting sphinxcontrib-serializinghtml==1.1.4
  Downloading sphinxcontrib_serializinghtml-1.1.4-py2.py3-none-any.whl (89 kB)
     |████████████████████████████████| 89 kB 9.3 MB/s
Collecting stevedore==1.28.0
  Downloading stevedore-1.28.0-py2.py3-none-any.whl (39 kB)
Collecting tabulate==0.8.3
  Downloading tabulate-0.8.3.tar.gz (46 kB)
     |████████████████████████████████| 46 kB 5.6 MB/s
Collecting template-remover==0.1.9
  Downloading template-remover-0.1.9.tar.gz (7.1 kB)
Collecting testinfra==3.2.0
  Downloading testinfra-3.2.0-py2.py3-none-any.whl (66 kB)
     |████████████████████████████████| 66 kB 7.0 MB/s
Collecting toml==0.10.0
  Downloading toml-0.10.0-py2.py3-none-any.whl (25 kB)
Collecting tornado==4.5.1
  Downloading tornado-4.5.1.tar.gz (483 kB)
     |████████████████████████████████| 483 kB 13.2 MB/s
Collecting tree-format==0.1.2
  Downloading tree-format-0.1.2.tar.gz (4.0 kB)
Collecting typed-ast==1.4.1
  Downloading typed_ast-1.4.1-cp37-cp37m-manylinux1_x86_64.whl (737 kB)
     |████████████████████████████████| 737 kB 12.5 MB/s
Collecting typing-extensions==3.7.4.1
  Downloading typing_extensions-3.7.4.1-py3-none-any.whl (20 kB)
Collecting urllib3==1.25.8
  Downloading urllib3-1.25.8-py2.py3-none-any.whl (125 kB)
     |████████████████████████████████| 125 kB 18.8 MB/s
Collecting virtualenv==16.7.5
  Downloading virtualenv-16.7.5-py2.py3-none-any.whl (3.3 MB)
     |████████████████████████████████| 3.3 MB 13.4 MB/s
Collecting watchdog==0.8.3
  Downloading watchdog-0.8.3.tar.gz (83 kB)
     |████████████████████████████████| 83 kB 2.6 MB/s
Collecting wcwidth==0.1.7
  Downloading wcwidth-0.1.7-py2.py3-none-any.whl (21 kB)
Collecting websocket-client==0.44.0
  Downloading websocket_client-0.44.0-py2.py3-none-any.whl (199 kB)
     |████████████████████████████████| 199 kB 32.5 MB/s
Collecting whichcraft==0.4.1
  Downloading whichcraft-0.4.1-py2.py3-none-any.whl (5.1 kB)
Collecting wrapt==1.11.2
  Downloading wrapt-1.11.2.tar.gz (27 kB)
Collecting yamllint==1.17.0
  Downloading yamllint-1.17.0-py2.py3-none-any.whl (57 kB)
     |████████████████████████████████| 57 kB 8.7 MB/s
Collecting zipp==0.6.0
  Downloading zipp-0.6.0-py2.py3-none-any.whl (4.1 kB)
Collecting pip==19.1
  Downloading pip-19.1-py2.py3-none-any.whl (1.4 MB)
     |████████████████████████████████| 1.4 MB 10.7 MB/s
Collecting setuptools==46.0.0
  Downloading setuptools-46.0.0-py3-none-any.whl (582 kB)
     |████████████████████████████████| 582 kB 19.4 MB/s
Building wheels for collected packages: ansible, anyconfig, arrow, bcrypt, cerberus, cffi, click-completion, docopt, dparse, future, html-linter, livereload, nodeenv, pathspec, pathtools, port-for, psutil, pycparser, pyenchant, pynacl, pytest-xdist, python-vagrant, pyyaml, sphinx-autobuild, tabulate, template-remover, tornado, tree-format, watchdog, wrapt
  Building wheel for ansible (setup.py) ... done
  Created wheel for ansible: filename=ansible-2.9.7-py3-none-any.whl size=16169073 sha256=40aa05a6a9cc6e7b6094d3c6f6d2a4b70d885d1439c199a32602d36544953ac5
  Stored in directory: /home/user/.cache/pip/wheels/46/6b/6f/b51b1644751fc09b957a9af8c58fab6606cf1d7c7d530e53e2
  Building wheel for anyconfig (setup.py) ... done
  Created wheel for anyconfig: filename=anyconfig-0.9.7-py3-none-any.whl size=60093 sha256=187a5349e654dff8434001f349520764278037fd68cd7dcedaf58f82e61ef718
  Stored in directory: /home/user/.cache/pip/wheels/13/07/a3/f7d56c5ad0f60929dba33f34126327e98d538a75b925c24535
  Building wheel for arrow (setup.py) ... done
  Created wheel for arrow: filename=arrow-0.10.0-py2.py3-none-any.whl size=32852 sha256=1dc9fbf10909a187a5ff54381df0ac9b008908c709f2a83640a3e546a4189dfa
  Stored in directory: /home/user/.cache/pip/wheels/08/04/41/fc01ef75aa14872805f2283ef01954a539700a7a6435cf52f1
  Building wheel for bcrypt (setup.py) ... done
  Created wheel for bcrypt: filename=bcrypt-3.1.3-cp37-cp37m-linux_x86_64.whl size=62527 sha256=9925b96062511a03c436bdd90b220fb6b991adf34421e451cdf8192d792ca8d9
  Stored in directory: /home/user/.cache/pip/wheels/af/05/db/ec8bfecf1b99a175e62e918d2f891a5f9b1132d12ad2b32e6e
  Building wheel for cerberus (setup.py) ... done
  Created wheel for cerberus: filename=Cerberus-1.3.1-py3-none-any.whl size=54127 sha256=c3cb1b5e48b22854800d580a7ba3a6d2ece4b48cf7520580f93590286eb80ace
  Stored in directory: /home/user/.cache/pip/wheels/c6/d3/b0/ff1650a3cb6b6f19ea314ec517a17d88a1a4a1181b5a209836
  Building wheel for cffi (setup.py) ... done
  Created wheel for cffi: filename=cffi-1.10.0-cp37-cp37m-linux_x86_64.whl size=331712 sha256=c2c0f25d2a5eb017a7cc105c2e711100bb1d764b3127f6476163875ddcea155a
  Stored in directory: /home/user/.cache/pip/wheels/cc/8d/6c/d24a8db003ac4a51d9959a9985718fac84e1baa5ec6c42d115
  Building wheel for click-completion (setup.py) ... done
  Created wheel for click-completion: filename=click_completion-0.3.1-py3-none-any.whl size=7917 sha256=39f099e6beb42ea270d968b7f107b80f564427ceb5ca288a841b3ede61d897c3
  Stored in directory: /home/user/.cache/pip/wheels/9f/93/b8/481f2187c3b23cb0a01d649c0abb4d1ccf9947c409230c1101
  Building wheel for docopt (setup.py) ... done
  Created wheel for docopt: filename=docopt-0.6.2-py2.py3-none-any.whl size=13704 sha256=8ee595a7d834501f4d245e13850342a570f111e3f7ae9eb6c02f663c4ba4fe42
  Stored in directory: /home/user/.cache/pip/wheels/72/b0/3f/1d95f96ff986c7dfffe46ce2be4062f38ebd04b506c77c81b9
  Building wheel for dparse (setup.py) ... done
  Created wheel for dparse: filename=dparse-0.4.1-py3-none-any.whl size=19513 sha256=e76322aea5a32f874bde294b957120c9429653a1b6b47bf752a8350deabe58a8
  Stored in directory: /home/user/.cache/pip/wheels/71/4d/89/faf1d72f447af4ba171beff9447a110e24e28c530fba45d3da
  Building wheel for future (setup.py) ... done
  Created wheel for future: filename=future-0.16.0-py3-none-any.whl size=487800 sha256=a6931a934bc1a2ad8480e9358dde1e38598580a76ed0ac38d930da1dccca06dc
  Stored in directory: /home/user/.cache/pip/wheels/7c/09/6f/dfd31fb2ebe951aefbee461a0dfce1bdc2e4b2c1016e85d233
  Building wheel for html-linter (setup.py) ... done
  Created wheel for html-linter: filename=html_linter-0.4.0-py3-none-any.whl size=14334 sha256=8842aad64da8d0aded0f14d80d28ed6b9c8e1badbec4236d4eaf76ef1dbf77f0
  Stored in directory: /home/user/.cache/pip/wheels/2e/50/9f/73a163b49962de66a9bcc0707dbb1519f553371422ed91c200
  Building wheel for livereload (setup.py) ... done
  Created wheel for livereload: filename=livereload-2.5.1-py3-none-any.whl size=22199 sha256=12f68cc536586a5adf3a28b64d844dae85b5f30bf9ea956cb1e77366e21ded0f
  Stored in directory: /home/user/.cache/pip/wheels/e1/ae/c8/f567dc6cbbe80a849d5d269e955024aa79c0a875eea2474bae
  Building wheel for nodeenv (setup.py) ... done
  Created wheel for nodeenv: filename=nodeenv-1.3.3-py3-none-any.whl size=21346 sha256=2a7b3743bf226654c0f97ecd5d56a66883bbd262e6253fb5f798d779dcfd42bb
  Stored in directory: /home/user/.cache/pip/wheels/13/d3/6f/0e01c0c62414f74a97916cc97047c088f6acc8ce617d1b37ff
  Building wheel for pathspec (setup.py) ... done
  Created wheel for pathspec: filename=pathspec-0.5.5-py3-none-any.whl size=24229 sha256=d67a98b696194ccfc766479727de24fdf43b8b3128b72a0708e9dce6e3553e7d
  Stored in directory: /home/user/.cache/pip/wheels/09/97/ce/98234adaab0cf5b2c3a1b6610ada24e6f7ab3675fff4e0b8b2
  Building wheel for pathtools (setup.py) ... done
  Created wheel for pathtools: filename=pathtools-0.1.2-py3-none-any.whl size=8784 sha256=ee4616ef9323074cc4624d514ffba6dca24c67c320ba85bf8753cb3821baf55d
  Stored in directory: /home/user/.cache/pip/wheels/3e/31/09/fa59cef12cdcfecc627b3d24273699f390e71828921b2cbba2
  Building wheel for port-for (setup.py) ... done
  Created wheel for port-for: filename=port_for-0.3.1-py3-none-any.whl size=19605 sha256=debd0d62384ea89f340b73cfac15bff6d66852c80ffbc24aa2cb6e333c558a74
  Stored in directory: /home/user/.cache/pip/wheels/a0/3a/de/2fee22649fd79d152f8726b86b9dec6fd35924e71d8e4c2bf2
  Building wheel for psutil (setup.py) ... done
  Created wheel for psutil: filename=psutil-5.7.0-cp37-cp37m-linux_x86_64.whl size=282434 sha256=a9853b455ffdc27c10c60225922f36e9186e3009b405b499dfe705539ccfafdf
  Stored in directory: /home/user/.cache/pip/wheels/b6/e7/50/aee9cc966163d74430f13f208171dee22f11efa4a4a826661c
  Building wheel for pycparser (setup.py) ... done
  Created wheel for pycparser: filename=pycparser-2.18-py2.py3-none-any.whl size=205695 sha256=5f824a6255796a20deab7712b7c9448c622684da6b8514ff6e10362a99cc86ba
  Stored in directory: /home/user/.cache/pip/wheels/5d/c6/29/87a8bb797e60b55a91bd0a1e8455365c5f5dff9fc45c05f3e4
  Building wheel for pyenchant (setup.py) ... done
  Created wheel for pyenchant: filename=pyenchant-2.0.0-py2.py3.cp27.cp32.cp33.cp34.cp35.cp36.pp27.pp33.pp35-none-any.whl size=71148 sha256=fba7dab3f7e1688a2f5d50970a67d5b339f49e7f66256bcb75cc21f4290b5649
  Stored in directory: /home/user/.cache/pip/wheels/b3/a1/1f/9f401bb462dc2815fad237aa51b7fc9c6ea68760a468a5113f
  Building wheel for pynacl (setup.py) ... done
  Created wheel for pynacl: filename=PyNaCl-1.1.2-cp37-cp37m-linux_x86_64.whl size=670069 sha256=32014f0f57368d75264ab022b874638d5fc016cdc0433ac11ebeca4d900626f2
  Stored in directory: /home/user/.cache/pip/wheels/de/0e/97/dbf5e8f88b4eb199d5bd738b291cd770f5dc1f3c59f0595480
  Building wheel for pytest-xdist (PEP 517) ... done
  Created wheel for pytest-xdist: filename=pytest_xdist-1.18.2-py2.py3-none-any.whl size=26343 sha256=277e14e5dafdda1a0e6bd5e170ab5e316cf0b31f0ae5fb80bd69fb7f7a04e435
  Stored in directory: /home/user/.cache/pip/wheels/a1/ef/c5/2f26f7285bcf4bc1e301a244e8f20280b47541c2e393c74f67
  Building wheel for python-vagrant (setup.py) ... done
  Created wheel for python-vagrant: filename=python_vagrant-0.5.15-py3-none-any.whl size=18432 sha256=6e8a2f566aaf9bb4eb1c56fe033aedb327b8f25ebc6a40e7ca16407103d5f4c1
  Stored in directory: /home/user/.cache/pip/wheels/a1/9e/8f/6d84a01c39978f584d03e873cbd99d2c41415695a0fa5c1f5c
  Building wheel for pyyaml (setup.py) ... done
  Created wheel for pyyaml: filename=PyYAML-5.3.1-cp37-cp37m-linux_x86_64.whl size=44619 sha256=b9c65f34a0fe72f52af804776261f64d0de0a46667382dc0e0fd9cb20249bc7d
  Stored in directory: /home/user/.cache/pip/wheels/5e/03/1e/e1e954795d6f35dfc7b637fe2277bff021303bd9570ecea653
  Building wheel for sphinx-autobuild (setup.py) ... done
  Created wheel for sphinx-autobuild: filename=sphinx_autobuild-0.7.1-py3-none-any.whl size=10075 sha256=b47a3e977166d6e08fd2b05bd4496b7579a665eebc6383cea95e7b3c8b85e00c
  Stored in directory: /home/user/.cache/pip/wheels/b5/33/11/03f2a5fbd63cd60617cbb411d619008e8e4e0100aa3b21ecda
  Building wheel for tabulate (setup.py) ... done
  Created wheel for tabulate: filename=tabulate-0.8.3-py3-none-any.whl size=23378 sha256=409d71b1dd5d81d1721d40fdd49efafacd7dcd9b70a3602c4c7ab01b9973e7ca
  Stored in directory: /home/user/.cache/pip/wheels/b8/a2/a6/812a8a9735b090913e109133c7c20aaca4cf07e8e18837714f
  Building wheel for template-remover (setup.py) ... done
  Created wheel for template-remover: filename=template_remover-0.1.9-py3-none-any.whl size=7047 sha256=2303cd9421528cb464ea76b7d232562ba4dda49038395eb4b51cb74a6eb6d71c
  Stored in directory: /home/user/.cache/pip/wheels/18/3f/f0/67e5e9e4ed02275ac31bf76b2fca329ae79687eaf5913ee8f3
  Building wheel for tornado (setup.py) ... done
  Created wheel for tornado: filename=tornado-4.5.1-cp37-cp37m-linux_x86_64.whl size=433586 sha256=50bb7b7e4237b9fdde1b4a8e406f8208befe9e6475036ffa583f2bdb339a5b96
  Stored in directory: /home/user/.cache/pip/wheels/54/ed/cd/fe2215fcdebaead8dc507d4db4bfafb0794a5699c2b7718b72
  Building wheel for tree-format (setup.py) ... done
  Created wheel for tree-format: filename=tree_format-0.1.2-py3-none-any.whl size=5410 sha256=5eda23bc8f0eca76cf2b51ebb88633e1ec980e25f632b01f26426573d91c1ae8
  Stored in directory: /home/user/.cache/pip/wheels/dd/b2/d1/6ac00b8fe427c28f3f3a39563977cd0667296720b3d9c19f6a
  Building wheel for watchdog (setup.py) ... done
  Created wheel for watchdog: filename=watchdog-0.8.3-py3-none-any.whl size=72888 sha256=b6755ebc4901f41a617744c79eac394dce825a9d6b54f609a0b9418a2721d0d0
  Stored in directory: /home/user/.cache/pip/wheels/16/4f/26/0777341ab2dc4d05f304bd5f97e7f807a8a5778b7d73bb102a
  Building wheel for wrapt (setup.py) ... done
  Created wheel for wrapt: filename=wrapt-1.11.2-cp37-cp37m-linux_x86_64.whl size=73134 sha256=b50da01c93a475a8acd2ae3c0f7bc51ee32fa0ba5071e42b7f7f321ca70456d7
  Stored in directory: /home/user/.cache/pip/wheels/23/5f/62/304b411f20be41821465a82bc98baabc5e68c3cdd1eb99db71
Successfully built ansible anyconfig arrow bcrypt cerberus cffi click-completion docopt dparse future html-linter livereload nodeenv pathspec pathtools port-for psutil pycparser pyenchant pynacl pytest-xdist python-vagrant pyyaml sphinx-autobuild tabulate template-remover tornado tree-format watchdog wrapt
Installing collected packages: alabaster, ansible-lint, ansible, anyconfig, apipkg, argh, arrow, asn1crypto, aspy.yaml, astroid, babel, bandit, bcrypt, binaryornot, boto3, boto, botocore, cerberus, certifi, cffi, cfgv, chardet, click-completion, click, colorama, cookiecutter, cryptography, dnspython, docker-py, docker-pycreds, docopt, docutils, dparse, entrypoints, execnet, fasteners, flake8, future, git-url-parse, gitdb2, gitpython, html-linter, identify, idna, imagesize, importlib-metadata, importlib-resources, isort, jinja2-time, jinja2, jmespath, lazy-object-proxy, livereload, markupsafe, mccabe, molecule, monotonic, more-itertools, mypy-extensions, mypy, netaddr, nodeenv, packaging, paramiko, pathspec, pathtools, pbr, pexpect, pip-tools, port-for, poyo, pre-commit, prompt-toolkit, psutil, ptyprocess, py, pycodestyle, pycparser, pyenchant, pyflakes, pygments, pylint, pynacl, pyparsing, pytest-xdist, pytest, python-dateutil, python-gilt, python-vagrant, pytz, pyyaml, requests, ruamel.yaml, s3transfer, safety, sh, six, smmap2, snowballstemmer, sphinx-autobuild, sphinx-rtd-theme, sphinx, sphinxcontrib-applehelp, sphinxcontrib-devhelp, sphinxcontrib-htmlhelp, sphinxcontrib-jsmath, sphinxcontrib-qthelp, sphinxcontrib-serializinghtml, stevedore, tabulate, template-remover, testinfra, toml, tornado, tree-format, typed-ast, typing-extensions, urllib3, virtualenv, watchdog, wcwidth, websocket-client, whichcraft, wrapt, yamllint, zipp, pip, setuptools
  Attempting uninstall: pip
    Found existing installation: pip 20.1.1
    Uninstalling pip-20.1.1:
      Successfully uninstalled pip-20.1.1
  Attempting uninstall: setuptools
    Found existing installation: setuptools 47.3.1
    Uninstalling setuptools-47.3.1:
      Successfully uninstalled setuptools-47.3.1
Successfully installed alabaster-0.7.10 ansible-2.9.7 ansible-lint-4.1.0 anyconfig-0.9.7 apipkg-1.4 argh-0.26.2 arrow-0.10.0 asn1crypto-0.22.0 aspy.yaml-1.3.0 astroid-2.4.0 babel-2.4.0 bandit-1.4.0 bcrypt-3.1.3 binaryornot-0.4.4 boto-2.48.0 boto3-1.5.24 botocore-1.8.38 cerberus-1.3.1 certifi-2017.7.27.1 cffi-1.10.0 cfgv-2.0.1 chardet-3.0.4 click-6.7 click-completion-0.3.1 colorama-0.3.9 cookiecutter-1.6.0 cryptography-2.7 dnspython-1.15.0 docker-py-1.10.6 docker-pycreds-0.2.1 docopt-0.6.2 docutils-0.14 dparse-0.4.1 entrypoints-0.3 execnet-1.4.1 fasteners-0.14.1 flake8-3.7.7 future-0.16.0 git-url-parse-1.0.2 gitdb2-2.0.3 gitpython-2.1.8 html-linter-0.4.0 identify-1.4.7 idna-2.5 imagesize-0.7.1 importlib-metadata-0.23 importlib-resources-1.5.0 isort-4.2.15 jinja2-2.10.1 jinja2-time-0.2.0 jmespath-0.9.3 lazy-object-proxy-1.4.3 livereload-2.5.1 markupsafe-1.1.1 mccabe-0.6.1 molecule-2.22 monotonic-1.4 more-itertools-7.2.0 mypy-0.761 mypy-extensions-0.4.3 netaddr-0.7.19 nodeenv-1.3.3 packaging-16.8 paramiko-2.6.0 pathspec-0.5.5 pathtools-0.1.2 pbr-5.1.1 pexpect-4.6.0 pip-19.1 pip-tools-4.0.0 port-for-0.3.1 poyo-0.4.1 pre-commit-1.18.3 prompt-toolkit-2.0.9 psutil-5.7.0 ptyprocess-0.5.2 py-1.4.34 pycodestyle-2.5.0 pycparser-2.18 pyenchant-2.0.0 pyflakes-2.1.1 pygments-2.6.1 pylint-2.5.0 pynacl-1.1.2 pyparsing-2.2.0 pytest-3.2.0 pytest-xdist-1.18.2 python-dateutil-2.6.1 python-gilt-1.2.1 python-vagrant-0.5.15 pytz-2017.2 pyyaml-5.3.1 requests-2.22.0 ruamel.yaml-0.15.97 s3transfer-0.1.12 safety-1.8.7 setuptools-46.0.0 sh-1.12.14 six-1.14.0 smmap2-2.0.3 snowballstemmer-1.2.1 sphinx-3.0.4 sphinx-autobuild-0.7.1 sphinx-rtd-theme-0.4.3 sphinxcontrib-applehelp-1.0.2 sphinxcontrib-devhelp-1.0.2 sphinxcontrib-htmlhelp-1.0.3 sphinxcontrib-jsmath-1.0.1 sphinxcontrib-qthelp-1.0.3 sphinxcontrib-serializinghtml-1.1.4 stevedore-1.28.0 tabulate-0.8.3 template-remover-0.1.9 testinfra-3.2.0 toml-0.10.0 tornado-4.5.1 tree-format-0.1.2 typed-ast-1.4.1 typing-extensions-3.7.4.1 urllib3-1.25.8 virtualenv-16.7.5 watchdog-0.8.3 wcwidth-0.1.7 websocket-client-0.44.0 whichcraft-0.4.1 wrapt-1.11.2 yamllint-1.17.0 zipp-0.6.0
[user@fpf-dev-dvm:~/securedrop] [sd] 93f4259b3 3m54s ±
 $ ls -l build/
total 0
[user@fpf-dev-dvm:~/securedrop] [sd] 93f4259b3 5m55s ±
 $ make build-debs
Building SecureDrop Debian packages...
Using active Python 3 virtualenv in /home/user/.virtualenvs/sd
--> Validating schema /home/user/securedrop/molecule/builder-xenial/molecule.yml.
Validation completed successfully.
--> Validating schema /home/user/securedrop/molecule/upgrade/molecule.yml.
Validation completed successfully.
--> Validating schema /home/user/securedrop/molecule/virtualbox-staging-xenial/molecule.yml.
Validation completed successfully.
--> Validating schema /home/user/securedrop/molecule/ansible-config/molecule.yml.
Validation completed successfully.
--> Validating schema /home/user/securedrop/molecule/vagrant-packager/molecule.yml.
Validation completed successfully.
--> Validating schema /home/user/securedrop/molecule/libvirt-staging-xenial/molecule.yml.
Validation completed successfully.
--> Validating schema /home/user/securedrop/molecule/fetch-tor-packages/molecule.yml.
Validation completed successfully.
--> Validating schema /home/user/securedrop/molecule/qubes-staging/molecule.yml.
Validation completed successfully.
--> Test matrix

└── builder-xenial
    ├── destroy
    ├── create
    ├── converge
    ├── verify
    └── destroy

--> Inventory /home/user/securedrop/molecule/builder-xenial/../../install_files/ansible-base/group_vars linked to /home/user/.cache/molecule/securedrop/builder-xenial/inventory/group_vars
--> Scenario: 'builder-xenial'
--> Action: 'destroy'
--> Sanity checks: 'docker'

    PLAY [Destroy] *****************************************************************

    TASK [Destroy molecule instance(s)] ********************************************
    ok: [localhost] => (item={'name': 'xenial-sd-app', 'groups': ['builders']})
    ok: [localhost] => (item={'name': 'xenial-sd-generic-ossec-agent', 'groups': ['builders']})
    ok: [localhost] => (item={'name': 'xenial-sd-generic-ossec-server', 'groups': ['builders']})
    ok: [localhost] => (item={'name': 'xenial-sd-generic-ossec-agent2', 'groups': ['builders']})
    ok: [localhost] => (item={'name': 'xenial-sd-generic-ossec-server2', 'groups': ['builders']})
    ok: [localhost] => (item={'name': 'xenial-sd-grsec', 'groups': ['builders']})
    ok: [localhost] => (item={'name': 'xenial-sd-config', 'groups': ['builders']})
    ok: [localhost] => (item={'name': 'xenial-sd-keyring', 'groups': ['builders']})
    ok: [localhost] => (item={'name': 'xenial-sd-sec-update', 'groups': ['builders']})
    ok: [localhost] => (item={'name': 'xenial-sd-dpkg-verification', 'groups': ['testers']})

    PLAY RECAP *********************************************************************
    localhost                  : ok=1    changed=0    unreachable=0    failed=0    skipped=0    rescued=0    ignored=0

--> Inventory /home/user/securedrop/molecule/builder-xenial/../../install_files/ansible-base/group_vars linked to /home/user/.cache/molecule/securedrop/builder-xenial/inventory/group_vars
--> Scenario: 'builder-xenial'
--> Action: 'create'
--> Sanity checks: 'docker'

    PLAY [Create] ******************************************************************

    TASK [debug] *******************************************************************
    ok: [localhost] => {
        "msg": "Building with Docker image quay.io/freedomofpress/sd-docker-builder-xenial@sha256:918f618085a22adb3259c090a019736b72912bb951fe41d03c0dc3ceeb6dbd26"
    }

    TASK [Create builders] *********************************************************
    changed: [localhost] => (item={'name': 'xenial-sd-app', 'groups': ['builders']})
    changed: [localhost] => (item={'name': 'xenial-sd-generic-ossec-agent', 'groups': ['builders']})
    changed: [localhost] => (item={'name': 'xenial-sd-generic-ossec-server', 'groups': ['builders']})
    changed: [localhost] => (item={'name': 'xenial-sd-generic-ossec-agent2', 'groups': ['builders']})
    changed: [localhost] => (item={'name': 'xenial-sd-generic-ossec-server2', 'groups': ['builders']})
    changed: [localhost] => (item={'name': 'xenial-sd-grsec', 'groups': ['builders']})
    changed: [localhost] => (item={'name': 'xenial-sd-config', 'groups': ['builders']})
    changed: [localhost] => (item={'name': 'xenial-sd-keyring', 'groups': ['builders']})
    changed: [localhost] => (item={'name': 'xenial-sd-sec-update', 'groups': ['builders']})
    changed: [localhost] => (item={'name': 'xenial-sd-dpkg-verification', 'groups': ['testers']})

    PLAY RECAP *********************************************************************
    localhost                  : ok=2    changed=1    unreachable=0    failed=0    skipped=0    rescued=0    ignored=0

--> Inventory /home/user/securedrop/molecule/builder-xenial/../../install_files/ansible-base/group_vars linked to /home/user/.cache/molecule/securedrop/builder-xenial/inventory/group_vars
--> Scenario: 'builder-xenial'
--> Action: 'converge'

    PLAY [Build SecureDrop application Debian package from local repository.] ******

    TASK [Gathering Facts] *********************************************************
    ok: [xenial-sd-generic-ossec-agent2]
    ok: [xenial-sd-generic-ossec-agent]
    ok: [xenial-sd-generic-ossec-server]
    ok: [xenial-sd-config]
    ok: [xenial-sd-app]
    ok: [xenial-sd-generic-ossec-server2]
    ok: [xenial-sd-grsec]
    ok: [xenial-sd-sec-update]
    ok: [xenial-sd-keyring]

    TASK [build-securedrop-app-code-deb-pkg : Copy install_files/securedrop-app-code to prep directory] ***
    changed: [xenial-sd-app]

    TASK [build-securedrop-app-code-deb-pkg : Copy app code to prep directory under var/www/securedrop] ***
    changed: [xenial-sd-app]

    TASK [build-securedrop-app-code-deb-pkg : Copy setup.py to prep directory] *****
    changed: [xenial-sd-app]

    TASK [build-securedrop-app-code-deb-pkg : Copy MANIFEST.in to prep directory] ***
    changed: [xenial-sd-app]

    TASK [build-securedrop-app-code-deb-pkg : Copy requirements.txt to prep directory] ***
    changed: [xenial-sd-app]

    TASK [build-securedrop-app-code-deb-pkg : Install sass Ruby gem] ***************
    changed: [xenial-sd-app]

    TASK [build-securedrop-app-code-deb-pkg : Create static asset directories.] ****
    changed: [xenial-sd-app] => (item=/tmp/securedrop-app-code_1.4.0+xenial_amd64-prep/var/www/securedrop/static/css)
    changed: [xenial-sd-app] => (item=/tmp/securedrop-app-code_1.4.0+xenial_amd64-prep/var/www/securedrop/static/gen)
    changed: [xenial-sd-app] => (item=/tmp/securedrop-app-code_1.4.0+xenial_amd64-prep/var/www/securedrop/static/.webassets-cache)

    TASK [build-securedrop-app-code-deb-pkg : Compile SASS to CSS.] ****************
    changed: [xenial-sd-app]

    TASK [build-securedrop-app-code-deb-pkg : Remove temporary SASS directory from package build directory.] ***
    changed: [xenial-sd-app] => (item=sass)
    changed: [xenial-sd-app] => (item=.sass-cache)

    TASK [build-ossec-deb-pkg : Create src path folder] ****************************
    changed: [xenial-sd-generic-ossec-server] => (item=/tmp/build/ossec-server)
    ok: [xenial-sd-generic-ossec-server] => (item=/tmp/build)
[DEPRECATION WARNING]: Invoking "apt" only once while using a loop via
squash_actions is deprecated. Instead of using a loop to supply multiple items
and specifying `name: "{{ item }}"`, please use `name: '{{
build_ossec_deb_pkg_dependencies }}'` and remove the loop. This feature will be
 removed in version 2.11. Deprecation warnings can be disabled by setting
deprecation_warnings=False in ansible.cfg.
[DEPRECATION WARNING]: Invoking "apt" only once while using a loop via
squash_actions is deprecated. Instead of using a loop to supply multiple items
and specifying `name: "{{ item }}"`, please use `name: '{{
build_ossec_deb_pkg_dependencies }}'` and remove the loop. This feature will be
 removed in version 2.11. Deprecation warnings can be disabled by setting
deprecation_warnings=False in ansible.cfg.
[DEPRECATION WARNING]: Invoking "apt" only once while using a loop via
squash_actions is deprecated. Instead of using a loop to supply multiple items
and specifying `name: "{{ item }}"`, please use `name: '{{
build_ossec_deb_pkg_dependencies }}'` and remove the loop. This feature will be
 removed in version 2.11. Deprecation warnings can be disabled by setting
deprecation_warnings=False in ansible.cfg.

    TASK [build-ossec-deb-pkg : Install python-requests for URL fetching] **********
    changed: [xenial-sd-generic-ossec-server]
[DEPRECATION WARNING]: Invoking "apt" only once while using a loop via
squash_actions is deprecated. Instead of using a loop to supply multiple items
and specifying `name: "{{ item }}"`, please use `name: '{{
build_ossec_deb_pkg_dependencies }}'` and remove the loop. This feature will be
 removed in version 2.11. Deprecation warnings can be disabled by setting
deprecation_warnings=False in ansible.cfg.

    TASK [build-ossec-deb-pkg : Copy over current directory for repo build] ********
    changed: [xenial-sd-generic-ossec-server]
[DEPRECATION WARNING]: Invoking "apt" only once while using a loop via
squash_actions is deprecated. Instead of using a loop to supply multiple items
and specifying `name: "{{ item }}"`, please use `name: '{{
build_ossec_deb_pkg_dependencies }}'` and remove the loop. This feature will be
 removed in version 2.11. Deprecation warnings can be disabled by setting
deprecation_warnings=False in ansible.cfg.
[DEPRECATION WARNING]: Invoking "apt" only once while using a loop via
squash_actions is deprecated. Instead of using a loop to supply multiple items
and specifying `name: "{{ item }}"`, please use `name: '{{
build_ossec_deb_pkg_dependencies }}'` and remove the loop. This feature will be
 removed in version 2.11. Deprecation warnings can be disabled by setting
deprecation_warnings=False in ansible.cfg.

    TASK [build-ossec-deb-pkg : Include OSSEC download URLs.] **********************
    ok: [xenial-sd-generic-ossec-server]
[DEPRECATION WARNING]: Invoking "apt" only once while using a loop via
squash_actions is deprecated. Instead of using a loop to supply multiple items
and specifying `name: "{{ item }}"`, please use `name: '{{
build_ossec_deb_pkg_dependencies }}'` and remove the loop. This feature will be
 removed in version 2.11. Deprecation warnings can be disabled by setting
deprecation_warnings=False in ansible.cfg.

    TASK [build-ossec-deb-pkg : Download OSSEC tarball.] ***************************
    changed: [xenial-sd-generic-ossec-server]
[DEPRECATION WARNING]: Invoking "apt" only once while using a loop via
squash_actions is deprecated. Instead of using a loop to supply multiple items
and specifying `name: "{{ item }}"`, please use `name: '{{
build_ossec_deb_pkg_dependencies }}'` and remove the loop. This feature will be
 removed in version 2.11. Deprecation warnings can be disabled by setting
deprecation_warnings=False in ansible.cfg.

    TASK [build-ossec-deb-pkg : Download OSSEC signature.] *************************
    changed: [xenial-sd-generic-ossec-server]

    TASK [build-ossec-deb-pkg : Create src path folder] ****************************
    changed: [xenial-sd-generic-ossec-agent] => (item=/tmp/build/ossec-agent)
    ok: [xenial-sd-generic-ossec-agent] => (item=/tmp/build)

    TASK [build-ossec-deb-pkg : Copy OSSEC archive GPG key.] ***********************
    changed: [xenial-sd-generic-ossec-server]

    TASK [build-ossec-deb-pkg : Import OSSEC archive GPG key.] *********************
    changed: [xenial-sd-generic-ossec-server]

    TASK [build-ossec-deb-pkg : Verify signature of OSSEC tarball.] ****************
    changed: [xenial-sd-generic-ossec-server]
[DEPRECATION WARNING]: Invoking "apt" only once while using a loop via
squash_actions is deprecated. Instead of using a loop to supply multiple items
and specifying `name: "{{ item }}"`, please use `name: '{{
build_ossec_deb_pkg_dependencies }}'` and remove the loop. This feature will be
 removed in version 2.11. Deprecation warnings can be disabled by setting
deprecation_warnings=False in ansible.cfg.
[DEPRECATION WARNING]: Invoking "apt" only once while using a loop via
squash_actions is deprecated. Instead of using a loop to supply multiple items
and specifying `name: "{{ item }}"`, please use `name: '{{
build_ossec_deb_pkg_dependencies }}'` and remove the loop. This feature will be
 removed in version 2.11. Deprecation warnings can be disabled by setting
deprecation_warnings=False in ansible.cfg.

    TASK [build-generic-pkg : Find any jinja templates] ****************************
    ok: [xenial-sd-config -> localhost]

    TASK [build-ossec-deb-pkg : Install python-requests for URL fetching] **********
    changed: [xenial-sd-generic-ossec-agent]

    TASK [build-ossec-deb-pkg : Copy over current directory for repo build] ********
    changed: [xenial-sd-generic-ossec-agent]

    TASK [build-ossec-deb-pkg : Include OSSEC download URLs.] **********************
    ok: [xenial-sd-generic-ossec-agent]

    TASK [build-ossec-deb-pkg : Install apt dependencies for building OSSEC packages.] ***
    changed: [xenial-sd-generic-ossec-server] => (item=libevent1-dev)

    TASK [build-generic-pkg : Find any jinja templates] ****************************
    ok: [xenial-sd-config -> localhost]

    TASK [build-ossec-deb-pkg : Download OSSEC tarball.] ***************************
    changed: [xenial-sd-generic-ossec-agent]
[DEPRECATION WARNING]: Invoking "apt" only once while using a loop via
squash_actions is deprecated. Instead of using a loop to supply multiple items
and specifying `name: "{{ item }}"`, please use `name: '{{
build_ossec_deb_pkg_dependencies }}'` and remove the loop. This feature will be
 removed in version 2.11. Deprecation warnings can be disabled by setting
deprecation_warnings=False in ansible.cfg.

    TASK [build-ossec-deb-pkg : Download OSSEC signature.] *************************
    changed: [xenial-sd-generic-ossec-agent]

    TASK [build-generic-pkg : Find any jinja templates] ****************************
    ok: [xenial-sd-config -> localhost]
[DEPRECATION WARNING]: Invoking "apt" only once while using a loop via
squash_actions is deprecated. Instead of using a loop to supply multiple items
and specifying `name: "{{ item }}"`, please use `name: '{{
build_ossec_deb_pkg_dependencies }}'` and remove the loop. This feature will be
 removed in version 2.11. Deprecation warnings can be disabled by setting
deprecation_warnings=False in ansible.cfg.

    TASK [build-ossec-deb-pkg : Copy OSSEC archive GPG key.] ***********************
    changed: [xenial-sd-generic-ossec-agent]
[DEPRECATION WARNING]: Invoking "apt" only once while using a loop via
squash_actions is deprecated. Instead of using a loop to supply multiple items
and specifying `name: "{{ item }}"`, please use `name: '{{
build_ossec_deb_pkg_dependencies }}'` and remove the loop. This feature will be
 removed in version 2.11. Deprecation warnings can be disabled by setting
deprecation_warnings=False in ansible.cfg.

    TASK [build-ossec-deb-pkg : Install apt dependencies for building OSSEC packages.] ***
    changed: [xenial-sd-generic-ossec-server] => (item=libpcre2-dev)

    TASK [build-securedrop-app-code-deb-pkg : Install SecureDrop Python requirements in container] ***
    changed: [xenial-sd-app]

    TASK [build-ossec-deb-pkg : Import OSSEC archive GPG key.] *********************
    changed: [xenial-sd-generic-ossec-agent]
[DEPRECATION WARNING]: Invoking "apt" only once while using a loop via
squash_actions is deprecated. Instead of using a loop to supply multiple items
and specifying `name: "{{ item }}"`, please use `name: '{{
build_ossec_deb_pkg_dependencies }}'` and remove the loop. This feature will be
 removed in version 2.11. Deprecation warnings can be disabled by setting
deprecation_warnings=False in ansible.cfg.

    TASK [build-ossec-deb-pkg : Extract OSSEC source tarball.] *********************
    changed: [xenial-sd-generic-ossec-server]

    TASK [build-securedrop-app-code-deb-pkg : Compile PO to MO.] *******************
    changed: [xenial-sd-app]

    TASK [build-generic-pkg : Find any jinja templates] ****************************
    ok: [xenial-sd-generic-ossec-agent2 -> localhost]

    TASK [build-ossec-deb-pkg : Verify signature of OSSEC tarball.] ****************
    changed: [xenial-sd-generic-ossec-agent]
[DEPRECATION WARNING]: Invoking "apt" only once while using a loop via
squash_actions is deprecated. Instead of using a loop to supply multiple items
and specifying `name: "{{ item }}"`, please use `name: '{{
build_ossec_deb_pkg_dependencies }}'` and remove the loop. This feature will be
 removed in version 2.11. Deprecation warnings can be disabled by setting
deprecation_warnings=False in ansible.cfg.

    TASK [build-ossec-deb-pkg : Create /etc directory within source directory.] ****
    ok: [xenial-sd-generic-ossec-server]

    TASK [build-securedrop-app-code-deb-pkg : Create apparmor.d directory in prep directory] ***
    changed: [xenial-sd-app]

    TASK [build-generic-pkg : Find any jinja templates] ****************************
    ok: [xenial-sd-config -> localhost]

    TASK [build-ossec-deb-pkg : Copy OSSEC preloaded vars template.] ***************
    changed: [xenial-sd-generic-ossec-server]

    TASK [build-securedrop-app-code-deb-pkg : Copy AppArmor profiles to prep path] ***
    changed: [xenial-sd-app] => (item=usr.sbin.tor)

    TASK [build-generic-pkg : Reduce weird path re-usage] **************************
    ok: [xenial-sd-generic-ossec-agent2]

    TASK [build-ossec-deb-pkg : Install apt dependencies for building OSSEC packages.] ***
    changed: [xenial-sd-generic-ossec-agent] => (item=libevent1-dev)

    TASK [build-securedrop-app-code-deb-pkg : Copy AppArmor profiles to prep path] ***
    changed: [xenial-sd-app] => (item=usr.sbin.apache2)

    TASK [build-ossec-deb-pkg : Disable JIT in OSSEC Makefile] *********************
    changed: [xenial-sd-generic-ossec-server]

    TASK [build-generic-pkg : Ensure build directory in-place] *********************
    ok: [xenial-sd-generic-ossec-agent2]

    TASK [build-generic-pkg : Reduce weird path re-usage] **************************
    ok: [xenial-sd-config]

    TASK [build-generic-pkg : Copy app code to build directory.] *******************
    changed: [xenial-sd-generic-ossec-agent2]

    TASK [build-securedrop-app-code-deb-pkg : Replace placeholder changelog to dist-specific changelog] ***
    changed: [xenial-sd-app]

    TASK [build-generic-pkg : Ensure build directory in-place] *********************
    ok: [xenial-sd-config]

    TASK [build-generic-pkg : Find any jinja templates] ****************************
    ok: [xenial-sd-generic-ossec-agent2 -> localhost]

    TASK [build-generic-pkg : Reduce weird path re-usage] **************************
    ok: [xenial-sd-generic-ossec-server2]

    TASK [build-generic-pkg : Copy app code to build directory.] *******************
    changed: [xenial-sd-config]

    TASK [build-ossec-deb-pkg : Install apt dependencies for building OSSEC packages.] ***
    changed: [xenial-sd-generic-ossec-agent] => (item=libpcre2-dev)

    TASK [build-securedrop-app-code-deb-pkg : Create lib/systemd/services directory in prep directory] ***
    changed: [xenial-sd-app]

    TASK [build-generic-pkg : Find any jinja templates] ****************************
    ok: [xenial-sd-config -> localhost]

    TASK [build-generic-pkg : Ensure build directory in-place] *********************
    ok: [xenial-sd-generic-ossec-server2]

    TASK [build-securedrop-app-code-deb-pkg : Copy systemd service configurations to prep path] ***
    changed: [xenial-sd-app] => (item=securedrop_rqrequeue.service)

    TASK [build-ossec-deb-pkg : Extract OSSEC source tarball.] *********************
    changed: [xenial-sd-generic-ossec-agent]

    TASK [build-generic-pkg : run bash script to build generic packages] ***********
    changed: [xenial-sd-generic-ossec-agent2]

    TASK [build-generic-pkg : Copy app code to build directory.] *******************
    changed: [xenial-sd-generic-ossec-server2]

    TASK [build-securedrop-app-code-deb-pkg : Copy systemd service configurations to prep path] ***
    changed: [xenial-sd-app] => (item=securedrop_rqworker.service)

    TASK [build-generic-pkg : run bash script to build generic packages] ***********
    changed: [xenial-sd-config]

    TASK [build-ossec-deb-pkg : Create /etc directory within source directory.] ****
    ok: [xenial-sd-generic-ossec-agent]

    TASK [build-generic-pkg : Track down package] **********************************
    ok: [xenial-sd-generic-ossec-agent2]

    TASK [build-generic-pkg : Find any jinja templates] ****************************
    ok: [xenial-sd-generic-ossec-server2 -> localhost]

    TASK [build-securedrop-app-code-deb-pkg : Copy systemd service configurations to prep path] ***
    changed: [xenial-sd-app] => (item=securedrop_shredder.service)

    TASK [build-generic-pkg : Track down package] **********************************
    ok: [xenial-sd-config]

    TASK [build-generic-pkg : Fetch back package] **********************************
    changed: [xenial-sd-generic-ossec-agent2] => (item={'gr_name': 'root', 'isfifo': False, 'ischr': False, 'gid': 0, 'isblk': False, 'atime': 1592432101.117, 'pw_name': 'root', 'islnk': False, 'rusr': True, 'size': 4526, 'xoth': False, 'xgrp': False, 'mtime': 1592432101.117, 'uid': 0, 'isdir': False, 'issock': False, 'xusr': False, 'ctime': 1592432101.117, 'nlink': 1, 'woth': False, 'path': '/tmp/securedrop-ossec-agent-3.6.0+1.4.0-amd64.deb', 'roth': True, 'inode': 533298, 'rgrp': True, 'mode': '0644', 'wgrp': False, 'wusr': True, 'isgid': False, 'isreg': True, 'dev': 83, 'isuid': False})

    TASK [build-securedrop-app-code-deb-pkg : Copy systemd service configurations to prep path] ***
    changed: [xenial-sd-app] => (item=securedrop_source_deleter.service)

    TASK [build-ossec-deb-pkg : Copy OSSEC preloaded vars template.] ***************
    changed: [xenial-sd-generic-ossec-agent]

    TASK [build-generic-pkg : Fetch back package] **********************************
    changed: [xenial-sd-config] => (item={'size': 2736, 'wusr': True, 'rusr': True, 'isfifo': False, 'xoth': False, 'ctime': 1592432106.599, 'pw_name': 'root', 'xusr': False, 'uid': 0, 'issock': False, 'atime': 1592432106.599, 'isuid': False, 'islnk': False, 'roth': True, 'isdir': False, 'inode': 533333, 'mtime': 1592432106.599, 'dev': 119, 'wgrp': False, 'gr_name': 'root', 'isgid': False, 'path': '/tmp/securedrop-config-0.1.3+1.4.0-amd64.deb', 'mode': '0644', 'isblk': False, 'ischr': False, 'woth': False, 'rgrp': True, 'nlink': 1, 'gid': 0, 'isreg': True, 'xgrp': False})

    TASK [build-ossec-deb-pkg : Run OSSEC installer script on extracted source.] ***
    changed: [xenial-sd-generic-ossec-server]

    TASK [build-generic-pkg : run bash script to build generic packages] ***********
    changed: [xenial-sd-generic-ossec-server2]

    TASK [build-generic-pkg : Find any jinja templates] ****************************
    ok: [xenial-sd-grsec -> localhost]

    TASK [build-securedrop-app-code-deb-pkg : Create sdist in prep dir] ************
    changed: [xenial-sd-app]

    TASK [build-ossec-deb-pkg : Disable JIT in OSSEC Makefile] *********************
    changed: [xenial-sd-generic-ossec-agent]

    TASK [build-ossec-deb-pkg : Create OSSEC build directory.] *********************
    changed: [xenial-sd-generic-ossec-server] => (item=/tmp/build/ossec-server-3.6.0-amd64)

    TASK [build-generic-pkg : Track down package] **********************************
    ok: [xenial-sd-generic-ossec-server2]

    TASK [build-securedrop-app-code-deb-pkg : Create build dir] ********************
    changed: [xenial-sd-app]

    TASK [build-ossec-deb-pkg : Create OSSEC build directory.] *********************
    changed: [xenial-sd-generic-ossec-server] => (item=/tmp/build/ossec-server-3.6.0-amd64/var)

    TASK [build-generic-pkg : Find any jinja templates] ****************************
    ok: [xenial-sd-keyring -> localhost]

    TASK [build-generic-pkg : Find any jinja templates] ****************************
    ok: [xenial-sd-generic-ossec-agent2 -> localhost]

    TASK [build-generic-pkg : Fetch back package] **********************************
    changed: [xenial-sd-generic-ossec-server2] => (item={'inode': 674732, 'gid': 0, 'nlink': 1, 'isuid': False, 'islnk': False, 'path': '/tmp/securedrop-ossec-server-3.6.0+1.4.0-amd64.deb', 'uid': 0, 'isdir': False, 'wgrp': False, 'pw_name': 'root', 'xusr': False, 'size': 7606, 'dev': 95, 'xgrp': False, 'roth': True, 'isreg': True, 'mode': '0644', 'ischr': False, 'mtime': 1592432121.747, 'rgrp': True, 'isfifo': False, 'rusr': True, 'xoth': False, 'issock': False, 'gr_name': 'root', 'woth': False, 'wusr': True, 'atime': 1592432121.747, 'isblk': False, 'ctime': 1592432121.747, 'isgid': False})

    TASK [build-ossec-deb-pkg : Remove client.keys to avoid overwriting existing client.keys] ***
    changed: [xenial-sd-generic-ossec-server]

    TASK [build-securedrop-app-code-deb-pkg : Extract sdist to build dir] **********
    changed: [xenial-sd-app]

    TASK [build-generic-pkg : Find any jinja templates] ****************************
    ok: [xenial-sd-sec-update -> localhost]

    TASK [build-ossec-deb-pkg : Copy /var/ossec/ to OSSEC build directory.] ********
    changed: [xenial-sd-generic-ossec-server]

    TASK [build-securedrop-app-code-deb-pkg : Create empty static asset directories in build dir] ***
    changed: [xenial-sd-app] => (item=/tmp/securedrop-app-code_1.4.0+xenial_amd64/var/www/securedrop/static/gen)

    TASK [build-ossec-deb-pkg : Run OSSEC installer script on extracted source.] ***
    changed: [xenial-sd-generic-ossec-agent]

    TASK [build-generic-pkg : Find any jinja templates] ****************************
    ok: [xenial-sd-generic-ossec-server2 -> localhost]

    TASK [build-securedrop-app-code-deb-pkg : Create empty static asset directories in build dir] ***
    changed: [xenial-sd-app] => (item=/tmp/securedrop-app-code_1.4.0+xenial_amd64/var/www/securedrop/static/.webassets-cache)

    TASK [build-ossec-deb-pkg : Copy OSSEC DEBIAN package scripts to build directory.] ***
    changed: [xenial-sd-generic-ossec-server]

    TASK [build-securedrop-app-code-deb-pkg : Create empty static asset directories in build dir] ***
    changed: [xenial-sd-app] => (item=/tmp/securedrop-app-code_1.4.0+xenial_amd64/var/www/securedrop/.well-known/pki-validation)

    TASK [build-ossec-deb-pkg : Create OSSEC build directory.] *********************
    changed: [xenial-sd-generic-ossec-agent] => (item=/tmp/build/ossec-agent-3.6.0-amd64)

    TASK [build-generic-pkg : Find any jinja templates] ****************************
    ok: [xenial-sd-grsec -> localhost]

    TASK [build-ossec-deb-pkg : Create OSSEC build directory.] *********************
    changed: [xenial-sd-generic-ossec-agent] => (item=/tmp/build/ossec-agent-3.6.0-amd64/var)

    TASK [build-ossec-deb-pkg : Copy OSSEC DEBIAN/control template to build directory.] ***
    changed: [xenial-sd-generic-ossec-server]

    TASK [build-generic-pkg : Find any jinja templates] ****************************
    ok: [xenial-sd-generic-ossec-agent2 -> localhost]

    TASK [build-ossec-deb-pkg : Remove client.keys to avoid overwriting existing client.keys] ***
    changed: [xenial-sd-generic-ossec-agent]

    TASK [build-ossec-deb-pkg : Copy OSSEC /usr and /etc directories to build directory.] ***
    changed: [xenial-sd-generic-ossec-server] => (item=etc)

    TASK [build-generic-pkg : Find any jinja templates] ****************************
    ok: [xenial-sd-keyring -> localhost]

    TASK [build-ossec-deb-pkg : Copy OSSEC /usr and /etc directories to build directory.] ***
    changed: [xenial-sd-generic-ossec-server] => (item=usr)

    TASK [build-ossec-deb-pkg : Copy /var/ossec/ to OSSEC build directory.] ********
    changed: [xenial-sd-generic-ossec-agent]

    TASK [build-ossec-deb-pkg : Copy OSSEC DEBIAN package scripts to build directory.] ***
    changed: [xenial-sd-generic-ossec-agent]

    TASK [build-generic-pkg : Find any jinja templates] ****************************
    ok: [xenial-sd-sec-update -> localhost]

    TASK [build-generic-pkg : Find any jinja templates] ****************************
    ok: [xenial-sd-generic-ossec-server2 -> localhost]

    TASK [build-generic-pkg : Find any jinja templates] ****************************
    ok: [xenial-sd-generic-ossec-agent2 -> localhost]

    TASK [build-ossec-deb-pkg : Build SecureDrop OSSEC deb package.] ***************
    changed: [xenial-sd-generic-ossec-server]

    TASK [build-generic-pkg : Find any jinja templates] ****************************
    ok: [xenial-sd-grsec -> localhost]

    TASK [build-ossec-deb-pkg : Copy OSSEC DEBIAN/control template to build directory.] ***
    changed: [xenial-sd-generic-ossec-agent]

    TASK [build-generic-pkg : Reduce weird path re-usage] **************************
    ok: [xenial-sd-keyring]

    TASK [build-ossec-deb-pkg : Delete OSSEC build directories and config files.] ***
    changed: [xenial-sd-generic-ossec-server] => (item=/etc/init.d/ossec)

    TASK [build-ossec-deb-pkg : Copy OSSEC /usr and /etc directories to build directory.] ***
    changed: [xenial-sd-generic-ossec-agent] => (item=etc)

    TASK [build-ossec-deb-pkg : Delete OSSEC build directories and config files.] ***
    changed: [xenial-sd-generic-ossec-server] => (item=/etc/ossec-init.conf)

    TASK [build-generic-pkg : Ensure build directory in-place] *********************
    ok: [xenial-sd-keyring]

    TASK [build-ossec-deb-pkg : Copy OSSEC /usr and /etc directories to build directory.] ***
    changed: [xenial-sd-generic-ossec-agent] => (item=usr)

    TASK [build-ossec-deb-pkg : Delete OSSEC build directories and config files.] ***
    changed: [xenial-sd-generic-ossec-server] => (item=/var/ossec)

    TASK [build-generic-pkg : Copy app code to build directory.] *******************
    changed: [xenial-sd-keyring]

    TASK [build-ossec-deb-pkg : Delete OSSEC build directories and config files.] ***
    changed: [xenial-sd-generic-ossec-server] => (item=/tmp/OSSEC-ARCHIVE-KEY.asc)

    TASK [build-ossec-deb-pkg : Build SecureDrop OSSEC deb package.] ***************
    changed: [xenial-sd-generic-ossec-agent]

    TASK [build-generic-pkg : Find any jinja templates] ****************************
    ok: [xenial-sd-keyring -> localhost]

    TASK [build-ossec-deb-pkg : Fetch newly built Debian packages back to localhost.] ***
    changed: [xenial-sd-generic-ossec-server]

    TASK [build-generic-pkg : Reduce weird path re-usage] **************************
    ok: [xenial-sd-grsec]

    TASK [build-generic-pkg : Find any jinja templates] ****************************
    ok: [xenial-sd-generic-ossec-server2 -> localhost]

    TASK [build-ossec-deb-pkg : Delete OSSEC build directories and config files.] ***
    changed: [xenial-sd-generic-ossec-agent] => (item=/etc/init.d/ossec)
    changed: [xenial-sd-generic-ossec-agent] => (item=/etc/ossec-init.conf)

    TASK [build-generic-pkg : Find any jinja templates] ****************************
    ok: [xenial-sd-sec-update -> localhost]

    TASK [build-generic-pkg : Ensure build directory in-place] *********************
    ok: [xenial-sd-grsec]

    TASK [build-generic-pkg : run bash script to build generic packages] ***********
    changed: [xenial-sd-keyring]

    TASK [build-ossec-deb-pkg : Delete OSSEC build directories and config files.] ***
    changed: [xenial-sd-generic-ossec-agent] => (item=/var/ossec)

    TASK [build-generic-pkg : Copy app code to build directory.] *******************
    changed: [xenial-sd-grsec]

    TASK [build-ossec-deb-pkg : Delete OSSEC build directories and config files.] ***
    changed: [xenial-sd-generic-ossec-agent] => (item=/tmp/OSSEC-ARCHIVE-KEY.asc)

    TASK [build-generic-pkg : Track down package] **********************************
    ok: [xenial-sd-keyring]

    TASK [build-generic-pkg : Find any jinja templates] ****************************
    ok: [xenial-sd-grsec -> localhost]

    TASK [build-ossec-deb-pkg : Fetch newly built Debian packages back to localhost.] ***
    changed: [xenial-sd-generic-ossec-agent]

    TASK [build-generic-pkg : Create any necessary parent directories for jinja files] ***
    ok: [xenial-sd-grsec] => (item={'path': '/home/user/securedrop/install_files/securedrop-grsec/DEBIAN/control.j2', 'mode': '0644', 'isdir': False, 'ischr': False, 'isblk': False, 'isreg': True, 'isfifo': False, 'islnk': False, 'issock': False, 'uid': 1000, 'gid': 1000, 'size': 501, 'inode': 131974, 'dev': 51728, 'nlink': 1, 'atime': 1592431504.942, 'mtime': 1592431504.777, 'ctime': 1592431504.777, 'gr_name': 'user', 'pw_name': 'user', 'wusr': True, 'rusr': True, 'xusr': False, 'wgrp': False, 'rgrp': True, 'xgrp': False, 'woth': False, 'roth': True, 'xoth': False, 'isuid': False, 'isgid': False})

    TASK [build-generic-pkg : Fetch back package] **********************************
    changed: [xenial-sd-keyring] => (item={'isdir': False, 'isreg': True, 'mode': '0644', 'atime': 1592432197.258, 'uid': 0, 'path': '/tmp/securedrop-keyring-0.1.4+1.4.0-amd64.deb', 'nlink': 1, 'inode': 674737, 'issock': False, 'isgid': False, 'xgrp': False, 'wusr': True, 'isuid': False, 'ischr': False, 'wgrp': False, 'pw_name': 'root', 'ctime': 1592432197.258, 'gr_name': 'root', 'xoth': False, 'size': 5834, 'rgrp': True, 'dev': 131, 'woth': False, 'isblk': False, 'xusr': False, 'mtime': 1592432197.258, 'islnk': False, 'rusr': True, 'gid': 0, 'isfifo': False, 'roth': True})
[DEPRECATION WARNING]: Invoking "apt" only once while using a loop via
squash_actions is deprecated. Instead of using a loop to supply multiple items
and specifying `name: "{{ item }}"`, please use `name: '{{
build_ossec_deb_pkg_dependencies }}'` and remove the loop. This feature will be
 removed in version 2.11. Deprecation warnings can be disabled by setting
deprecation_warnings=False in ansible.cfg.

    TASK [build-generic-pkg : Find any jinja templates] ****************************
    ok: [xenial-sd-generic-ossec-server2 -> localhost]

    TASK [build-generic-pkg : Template out any jinja files found and copy over] ****
    changed: [xenial-sd-grsec] => (item={'path': '/home/user/securedrop/install_files/securedrop-grsec/DEBIAN/control.j2', 'mode': '0644', 'isdir': False, 'ischr': False, 'isblk': False, 'isreg': True, 'isfifo': False, 'islnk': False, 'issock': False, 'uid': 1000, 'gid': 1000, 'size': 501, 'inode': 131974, 'dev': 51728, 'nlink': 1, 'atime': 1592431504.942, 'mtime': 1592431504.777, 'ctime': 1592431504.777, 'gr_name': 'user', 'pw_name': 'user', 'wusr': True, 'rusr': True, 'xusr': False, 'wgrp': False, 'rgrp': True, 'xgrp': False, 'woth': False, 'roth': True, 'xoth': False, 'isuid': False, 'isgid': False})

    TASK [build-generic-pkg : Find any jinja templates] ****************************
    ok: [xenial-sd-generic-ossec-agent -> localhost]

    TASK [build-generic-pkg : Find any jinja templates] ****************************
    ok: [xenial-sd-sec-update -> localhost]
    ok: [xenial-sd-keyring -> localhost]

    TASK [build-generic-pkg : run bash script to build generic packages] ***********
    changed: [xenial-sd-grsec]

    TASK [build-generic-pkg : Track down package] **********************************
    ok: [xenial-sd-grsec]

    TASK [build-generic-pkg : Fetch back package] **********************************
    changed: [xenial-sd-grsec] => (item={'inode': 674813, 'isblk': False, 'ischr': False, 'woth': False, 'wusr': True, 'wgrp': False, 'xusr': False, 'gid': 0, 'xoth': False, 'isreg': True, 'rgrp': True, 'isdir': False, 'xgrp': False, 'pw_name': 'root', 'dev': 107, 'mtime': 1592432221.329, 'roth': True, 'isfifo': False, 'mode': '0644', 'rusr': True, 'atime': 1592432221.329, 'gr_name': 'root', 'issock': False, 'nlink': 1, 'uid': 0, 'islnk': False, 'path': '/tmp/securedrop-grsec-4.14.175-amd64.deb', 'isuid': False, 'size': 2294, 'isgid': False, 'ctime': 1592432221.329})

    TASK [build-generic-pkg : Find any jinja templates] ****************************
    ok: [xenial-sd-generic-ossec-agent -> localhost]

    TASK [build-generic-pkg : Find any jinja templates] ****************************
    ok: [xenial-sd-sec-update -> localhost]
    ok: [xenial-sd-grsec -> localhost]
    ok: [xenial-sd-keyring -> localhost]

    TASK [build-generic-pkg : Find any jinja templates] ****************************
    ok: [xenial-sd-generic-ossec-server -> localhost]

    TASK [build-generic-pkg : Find any jinja templates] ****************************
    ok: [xenial-sd-generic-ossec-agent -> localhost]

    TASK [build-generic-pkg : Find any jinja templates] ****************************
    ok: [xenial-sd-generic-ossec-server -> localhost]

    TASK [build-generic-pkg : Find any jinja templates] ****************************
    ok: [xenial-sd-generic-ossec-agent -> localhost]

    TASK [Update apt-cache for our security checker] *******************************
    changed: [xenial-sd-sec-update]

    TASK [build-generic-pkg : Find any jinja templates] ****************************
    ok: [xenial-sd-generic-ossec-server -> localhost]

    TASK [build-generic-pkg : Find any jinja templates] ****************************
    ok: [xenial-sd-generic-ossec-agent -> localhost]

    TASK [build-generic-pkg : Find any jinja templates] ****************************
    ok: [xenial-sd-generic-ossec-server -> localhost]

    TASK [build-generic-pkg : Find any jinja templates] ****************************
    ok: [xenial-sd-generic-ossec-server -> localhost]

    TASK [build-securedrop-app-code-deb-pkg : Build securedrop-app-code Debian package] ***
    changed: [xenial-sd-app]

    TASK [build-securedrop-app-code-deb-pkg : Find newly built Debian package] *****
    ok: [xenial-sd-app]

    TASK [build-securedrop-app-code-deb-pkg : Fetch newly built Debian packages back to localhost] ***
    changed: [xenial-sd-app] => (item={'isfifo': False, 'wgrp': False, 'islnk': False, 'roth': True, 'rusr': True, 'mode': '0644', 'ctime': 1592432151.467, 'xgrp': False, 'wusr': True, 'isgid': False, 'isdir': False, 'isuid': False, 'inode': 536443, 'gr_name': 'root', 'pw_name': 'root', 'atime': 1592432151.468, 'issock': False, 'isreg': True, 'gid': 0, 'uid': 0, 'isblk': False, 'woth': False, 'path': '/tmp/securedrop-app-code_1.4.0+xenial.tar.gz', 'nlink': 1, 'rgrp': True, 'size': 2009877, 'xoth': False, 'dev': 47, 'xusr': False, 'ischr': False, 'mtime': 1592432151.446})
    changed: [xenial-sd-app] => (item={'isfifo': False, 'wgrp': False, 'islnk': False, 'roth': True, 'rusr': True, 'mode': '0644', 'ctime': 1592432324.883, 'xgrp': False, 'wusr': True, 'isgid': False, 'isdir': False, 'isuid': False, 'inode': 536454, 'gr_name': 'root', 'pw_name': 'root', 'atime': 1592432325.128, 'issock': False, 'isreg': True, 'gid': 0, 'uid': 0, 'isblk': False, 'woth': False, 'path': '/tmp/securedrop-app-code_1.4.0+xenial_amd64.deb', 'nlink': 1, 'rgrp': True, 'size': 12548382, 'xoth': False, 'dev': 47, 'xusr': False, 'ischr': False, 'mtime': 1592432324.883})
[DEPRECATION WARNING]: Invoking "apt" only once while using a loop via
squash_actions is deprecated. Instead of using a loop to supply multiple items
and specifying `name: "{{ item }}"`, please use `name: '{{
build_ossec_deb_pkg_dependencies }}'` and remove the loop. This feature will be
 removed in version 2.11. Deprecation warnings can be disabled by setting
deprecation_warnings=False in ansible.cfg.
[DEPRECATION WARNING]: Invoking "apt" only once while using a loop via
squash_actions is deprecated. Instead of using a loop to supply multiple items
and specifying `name: "{{ item }}"`, please use `name: '{{
build_ossec_deb_pkg_dependencies }}'` and remove the loop. This feature will be
 removed in version 2.11. Deprecation warnings can be disabled by setting
deprecation_warnings=False in ansible.cfg.

    TASK [build-generic-pkg : Find any jinja templates] ****************************
    ok: [xenial-sd-app -> localhost]

    TASK [build-generic-pkg : Find any jinja templates] ****************************
    ok: [xenial-sd-app -> localhost]

    TASK [build-generic-pkg : Find any jinja templates] ****************************
    ok: [xenial-sd-app -> localhost]

    TASK [build-generic-pkg : Find any jinja templates] ****************************
    ok: [xenial-sd-app -> localhost]

    TASK [build-generic-pkg : Find any jinja templates] ****************************
    ok: [xenial-sd-app -> localhost]

    PLAY [Give dpkg verify container access to debs] *******************************

    TASK [Discover local debian build files] ***************************************
    ok: [xenial-sd-dpkg-verification -> localhost]

    TASK [Create build dir] ********************************************************
    ok: [xenial-sd-dpkg-verification]

    TASK [Drop debian files into container] ****************************************
    changed: [xenial-sd-dpkg-verification] => (item={'path': '/home/user/securedrop/build/xenial/ossec-agent-3.6.0-amd64.deb', 'mode': '0600', 'isdir': False, 'ischr': False, 'isblk': False, 'isreg': True, 'isfifo': False, 'islnk': False, 'issock': False, 'uid': 1000, 'gid': 1000, 'size': 283520, 'inode': 132815, 'dev': 51728, 'nlink': 1, 'atime': 1592432206.317, 'mtime': 1592432206.316, 'ctime': 1592432206.316, 'gr_name': 'user', 'pw_name': 'user', 'wusr': True, 'rusr': True, 'xusr': False, 'wgrp': False, 'rgrp': False, 'xgrp': False, 'woth': False, 'roth': False, 'xoth': False, 'isuid': False, 'isgid': False})
    changed: [xenial-sd-dpkg-verification] => (item={'path': '/home/user/securedrop/build/xenial/securedrop-app-code_1.4.0+xenial_amd64.deb', 'mode': '0600', 'isdir': False, 'ischr': False, 'isblk': False, 'isreg': True, 'isfifo': False, 'islnk': False, 'issock': False, 'uid': 1000, 'gid': 1000, 'size': 12548382, 'inode': 132819, 'dev': 51728, 'nlink': 1, 'atime': 1592432330.517, 'mtime': 1592432330.508, 'ctime': 1592432330.508, 'gr_name': 'user', 'pw_name': 'user', 'wusr': True, 'rusr': True, 'xusr': False, 'wgrp': False, 'rgrp': False, 'xgrp': False, 'woth': False, 'roth': False, 'xoth': False, 'isuid': False, 'isgid': False})
    changed: [xenial-sd-dpkg-verification] => (item={'path': '/home/user/securedrop/build/xenial/securedrop-config-0.1.3+1.4.0-amd64.deb', 'mode': '0600', 'isdir': False, 'ischr': False, 'isblk': False, 'isreg': True, 'isfifo': False, 'islnk': False, 'issock': False, 'uid': 1000, 'gid': 1000, 'size': 2736, 'inode': 132812, 'dev': 51728, 'nlink': 1, 'atime': 1592432118.555, 'mtime': 1592432118.555, 'ctime': 1592432118.555, 'gr_name': 'user', 'pw_name': 'user', 'wusr': True, 'rusr': True, 'xusr': False, 'wgrp': False, 'rgrp': False, 'xgrp': False, 'woth': False, 'roth': False, 'xoth': False, 'isuid': False, 'isgid': False})
    changed: [xenial-sd-dpkg-verification] => (item={'path': '/home/user/securedrop/build/xenial/securedrop-keyring-0.1.4+1.4.0-amd64.deb', 'mode': '0600', 'isdir': False, 'ischr': False, 'isblk': False, 'isreg': True, 'isfifo': False, 'islnk': False, 'issock': False, 'uid': 1000, 'gid': 1000, 'size': 5834, 'inode': 132816, 'dev': 51728, 'nlink': 1, 'atime': 1592432209.114, 'mtime': 1592432209.114, 'ctime': 1592432209.114, 'gr_name': 'user', 'pw_name': 'user', 'wusr': True, 'rusr': True, 'xusr': False, 'wgrp': False, 'rgrp': False, 'xgrp': False, 'woth': False, 'roth': False, 'xoth': False, 'isuid': False, 'isgid': False})
    changed: [xenial-sd-dpkg-verification] => (item={'path': '/home/user/securedrop/build/xenial/securedrop-grsec-4.14.175-amd64.deb', 'mode': '0600', 'isdir': False, 'ischr': False, 'isblk': False, 'isreg': True, 'isfifo': False, 'islnk': False, 'issock': False, 'uid': 1000, 'gid': 1000, 'size': 2294, 'inode': 132817, 'dev': 51728, 'nlink': 1, 'atime': 1592432232.027, 'mtime': 1592432232.026, 'ctime': 1592432232.026, 'gr_name': 'user', 'pw_name': 'user', 'wusr': True, 'rusr': True, 'xusr': False, 'wgrp': False, 'rgrp': False, 'xgrp': False, 'woth': False, 'roth': False, 'xoth': False, 'isuid': False, 'isgid': False})
    changed: [xenial-sd-dpkg-verification] => (item={'path': '/home/user/securedrop/build/xenial/ossec-server-3.6.0-amd64.deb', 'mode': '0600', 'isdir': False, 'ischr': False, 'isblk': False, 'isreg': True, 'isfifo': False, 'islnk': False, 'issock': False, 'uid': 1000, 'gid': 1000, 'size': 715360, 'inode': 132814, 'dev': 51728, 'nlink': 1, 'atime': 1592432189.839, 'mtime': 1592432189.836, 'ctime': 1592432189.836, 'gr_name': 'user', 'pw_name': 'user', 'wusr': True, 'rusr': True, 'xusr': False, 'wgrp': False, 'rgrp': False, 'xgrp': False, 'woth': False, 'roth': False, 'xoth': False, 'isuid': False, 'isgid': False})
    changed: [xenial-sd-dpkg-verification] => (item={'path': '/home/user/securedrop/build/xenial/securedrop-ossec-server-3.6.0+1.4.0-amd64.deb', 'mode': '0600', 'isdir': False, 'ischr': False, 'isblk': False, 'isreg': True, 'isfifo': False, 'islnk': False, 'issock': False, 'uid': 1000, 'gid': 1000, 'size': 7606, 'inode': 132813, 'dev': 51728, 'nlink': 1, 'atime': 1592432132.305, 'mtime': 1592432132.305, 'ctime': 1592432132.305, 'gr_name': 'user', 'pw_name': 'user', 'wusr': True, 'rusr': True, 'xusr': False, 'wgrp': False, 'rgrp': False, 'xgrp': False, 'woth': False, 'roth': False, 'xoth': False, 'isuid': False, 'isgid': False})
    changed: [xenial-sd-dpkg-verification] => (item={'path': '/home/user/securedrop/build/xenial/securedrop-ossec-agent-3.6.0+1.4.0-amd64.deb', 'mode': '0600', 'isdir': False, 'ischr': False, 'isblk': False, 'isreg': True, 'isfifo': False, 'islnk': False, 'issock': False, 'uid': 1000, 'gid': 1000, 'size': 4526, 'inode': 132811, 'dev': 51728, 'nlink': 1, 'atime': 1592432115.26, 'mtime': 1592432115.26, 'ctime': 1592432115.26, 'gr_name': 'user', 'pw_name': 'user', 'wusr': True, 'rusr': True, 'xusr': False, 'wgrp': False, 'rgrp': False, 'xgrp': False, 'woth': False, 'roth': False, 'xoth': False, 'isuid': False, 'isgid': False})

    PLAY RECAP *********************************************************************
    xenial-sd-app              : ok=29   changed=22   unreachable=0    failed=0    skipped=89   rescued=0    ignored=0
    xenial-sd-config           : ok=12   changed=3    unreachable=0    failed=0    skipped=106  rescued=0    ignored=0
    xenial-sd-dpkg-verification : ok=3    changed=1    unreachable=0    failed=0    skipped=0    rescued=0    ignored=0
    xenial-sd-generic-ossec-agent : ok=30   changed=22   unreachable=0    failed=0    skipped=88   rescued=0    ignored=0
    xenial-sd-generic-ossec-agent2 : ok=12   changed=3    unreachable=0    failed=0    skipped=106  rescued=0    ignored=0
    xenial-sd-generic-ossec-server : ok=30   changed=22   unreachable=0    failed=0    skipped=88   rescued=0    ignored=0
    xenial-sd-generic-ossec-server2 : ok=12   changed=3    unreachable=0    failed=0    skipped=106  rescued=0    ignored=0
    xenial-sd-grsec            : ok=14   changed=4    unreachable=0    failed=0    skipped=104  rescued=0    ignored=0
    xenial-sd-keyring          : ok=12   changed=3    unreachable=0    failed=0    skipped=106  rescued=0    ignored=0
    xenial-sd-sec-update       : ok=7    changed=1    unreachable=0    failed=0    skipped=111  rescued=0    ignored=0

--> Inventory /home/user/securedrop/molecule/builder-xenial/../../install_files/ansible-base/group_vars linked to /home/user/.cache/molecule/securedrop/builder-xenial/inventory/group_vars
--> Scenario: 'builder-xenial'
--> Action: 'verify'
--> Executing Testinfra tests found in /home/user/securedrop/molecule/builder-xenial/tests//...
    ============================= test session starts ==============================
    platform linux -- Python 3.7.3, pytest-3.2.0, py-1.4.34, pluggy-0.4.0
    rootdir: /home/user/securedrop, inifile:
    plugins: testinfra-3.2.0, xdist-1.18.2
gw0 [225] / gw1 [225]
    scheduling tests via LoadScheduling
    ...............................................................................................................................................................................................................................X.
    ==================== 224 passed, 1 xpassed in 38.15 seconds ====================
Verifier completed successfully.
--> Inventory /home/user/securedrop/molecule/builder-xenial/../../install_files/ansible-base/group_vars linked to /home/user/.cache/molecule/securedrop/builder-xenial/inventory/group_vars
--> Scenario: 'builder-xenial'
--> Action: 'destroy'

    PLAY [Destroy] *****************************************************************

    TASK [Destroy molecule instance(s)] ********************************************
    changed: [localhost] => (item={'name': 'xenial-sd-app', 'groups': ['builders']})
    changed: [localhost] => (item={'name': 'xenial-sd-generic-ossec-agent', 'groups': ['builders']})
    changed: [localhost] => (item={'name': 'xenial-sd-generic-ossec-server', 'groups': ['builders']})
    changed: [localhost] => (item={'name': 'xenial-sd-generic-ossec-agent2', 'groups': ['builders']})
    changed: [localhost] => (item={'name': 'xenial-sd-generic-ossec-server2', 'groups': ['builders']})
    changed: [localhost] => (item={'name': 'xenial-sd-grsec', 'groups': ['builders']})
    changed: [localhost] => (item={'name': 'xenial-sd-config', 'groups': ['builders']})
    changed: [localhost] => (item={'name': 'xenial-sd-keyring', 'groups': ['builders']})
    changed: [localhost] => (item={'name': 'xenial-sd-sec-update', 'groups': ['builders']})
    changed: [localhost] => (item={'name': 'xenial-sd-dpkg-verification', 'groups': ['testers']})

    PLAY RECAP *********************************************************************
    localhost                  : ok=1    changed=1    unreachable=0    failed=0    skipped=0    rescued=0    ignored=0

--> Pruning extra files from scenario ephemeral directory

[user@fpf-dev-dvm:~/securedrop] [sd] 93f4259b3 15m40s ±
 $ sha256sum build/
.gitignore  xenial/
[user@fpf-dev-dvm:~/securedrop] [sd] 93f4259b3 15m40s ±
 $ sha256sum build/xenial/
ossec-agent-3.6.0-amd64.deb                    securedrop-app-code_1.4.0+xenial.tar.gz        securedrop-keyring-0.1.4+1.4.0-amd64.deb
ossec-server-3.6.0-amd64.deb                   securedrop-config-0.1.3+1.4.0-amd64.deb        securedrop-ossec-agent-3.6.0+1.4.0-amd64.deb
securedrop-app-code_1.4.0+xenial_amd64.deb     securedrop-grsec-4.14.175-amd64.deb            securedrop-ossec-server-3.6.0+1.4.0-amd64.deb
[user@fpf-dev-dvm:~/securedrop] [sd] 93f4259b3 15m40s ±
 $ sha256sum build/xenial/*
122d2958dc6d923ef588b45e13224f5579be515c8f0215f68c7b73fe1aa89967  build/xenial/ossec-agent-3.6.0-amd64.deb
9aac7d25d1f014cb527c99d98e7ec8c9d4a3e79bce6300bbb560fc5eb224f19c  build/xenial/ossec-server-3.6.0-amd64.deb
f75972d03ec1cce9e229e02c044c788bdfd9b4753091210aef7dd1134a3092da  build/xenial/securedrop-app-code_1.4.0+xenial_amd64.deb
899e7d5940856ce5417dbb4e18dbd71c0ca4530491c8d4cb398ddca30bf36c26  build/xenial/securedrop-app-code_1.4.0+xenial.tar.gz
66b0289a37eaadd9e92efde9a0d1325dd7bc9936127e72e2459be1f55eb8f138  build/xenial/securedrop-config-0.1.3+1.4.0-amd64.deb
9dd66ad6127bc9380daf7319bfde3ffebead18e63cb815a753db1dd7298f1190  build/xenial/securedrop-grsec-4.14.175-amd64.deb
40f482529862896a63bccf0af61cc78d5f6db4a965dc7d923d7debd1105959e2  build/xenial/securedrop-keyring-0.1.4+1.4.0-amd64.deb
62eb326b314908d90743bfdbeb806e71e4e061713707ea075b1499c3961539e0  build/xenial/securedrop-ossec-agent-3.6.0+1.4.0-amd64.deb
7a0abcf5e35b03464568d8c596ed8c2a44f35bb993362bbbcdc993121dfd3449  build/xenial/securedrop-ossec-server-3.6.0+1.4.0-amd64.deb
[user@fpf-dev-dvm:~/securedrop] [sd] 93f4259b3 15m50s ±
 $ make fetch-tor-packages
Fetching most recent Tor packages...
Using active Python 3 virtualenv in /home/user/.virtualenvs/sd
--> Validating schema /home/user/securedrop/molecule/builder-xenial/molecule.yml.
Validation completed successfully.
--> Validating schema /home/user/securedrop/molecule/upgrade/molecule.yml.
Validation completed successfully.
--> Validating schema /home/user/securedrop/molecule/virtualbox-staging-xenial/molecule.yml.
Validation completed successfully.
--> Validating schema /home/user/securedrop/molecule/ansible-config/molecule.yml.
Validation completed successfully.
--> Validating schema /home/user/securedrop/molecule/vagrant-packager/molecule.yml.
Validation completed successfully.
--> Validating schema /home/user/securedrop/molecule/libvirt-staging-xenial/molecule.yml.
Validation completed successfully.
--> Validating schema /home/user/securedrop/molecule/fetch-tor-packages/molecule.yml.
Validation completed successfully.
--> Validating schema /home/user/securedrop/molecule/qubes-staging/molecule.yml.
Validation completed successfully.
--> Test matrix

└── fetch-tor-packages
    ├── destroy
    ├── create
    ├── prepare
    ├── converge
    ├── verify
    └── destroy

--> Scenario: 'fetch-tor-packages'
--> Action: 'destroy'
--> Sanity checks: 'docker'

    PLAY [Destroy] *****************************************************************

    TASK [Destroy molecule instance(s)] ********************************************
    ok: [localhost] => (item={'name': 'tor-package-fetcher-xenial'})

    PLAY RECAP *********************************************************************
    localhost                  : ok=1    changed=0    unreachable=0    failed=0    skipped=0    rescued=0    ignored=0

--> Scenario: 'fetch-tor-packages'
--> Action: 'create'
--> Sanity checks: 'docker'

    PLAY [Create] ******************************************************************

    TASK [Create molecule instance(s)] *********************************************
    changed: [localhost] => (item={'name': 'tor-package-fetcher-xenial'})

    PLAY RECAP *********************************************************************
    localhost                  : ok=1    changed=1    unreachable=0    failed=0    skipped=0    rescued=0    ignored=0

--> Scenario: 'fetch-tor-packages'
--> Action: 'prepare'

    PLAY [Bootstrap Ansible for containers] ****************************************

    TASK [Install python] **********************************************************
    changed: [tor-package-fetcher-xenial]

    PLAY RECAP *********************************************************************
    tor-package-fetcher-xenial : ok=1    changed=1    unreachable=0    failed=0    skipped=0    rescued=0    ignored=0

--> Scenario: 'fetch-tor-packages'
--> Action: 'converge'

    PLAY [Converge] ****************************************************************

    TASK [Gathering Facts] *********************************************************
    ok: [tor-package-fetcher-xenial]

    TASK [Add Tor apt repo pubkey] *************************************************
    changed: [tor-package-fetcher-xenial]

    TASK [Add Tor apt repo URL] ****************************************************
    changed: [tor-package-fetcher-xenial]

    TASK [Create temporary dir for downloading debs] *******************************
    changed: [tor-package-fetcher-xenial]

    TASK [Download tor debs] *******************************************************
    changed: [tor-package-fetcher-xenial] => (item=tor)
    changed: [tor-package-fetcher-xenial] => (item=tor-geoipdb)

    TASK [Find downloaded tor debs] ************************************************
    ok: [tor-package-fetcher-xenial]

    TASK [Fetch downloaded tor debs back to submodule] *****************************
    changed: [tor-package-fetcher-xenial] => (item={'mode': '0644', 'atime': 1589550824.0, 'rusr': True, 'xoth': False, 'gr_name': 'root', 'gid': 0, 'nlink': 1, 'issock': False, 'woth': False, 'isgid': False, 'islnk': False, 'ischr': False, 'dev': 47, 'inode': 532972, 'pw_name': 'root', 'isblk': False, 'rgrp': True, 'size': 1454542, 'isuid': False, 'isreg': True, 'ctime': 1592432476.897, 'wusr': True, 'uid': 0, 'xusr': False, 'roth': True, 'mtime': 1589550824.0, 'path': '/tmp/tor-debs/tor_0.4.3.5-1~xenial+1_amd64.deb', 'isfifo': False, 'isdir': False, 'wgrp': False, 'xgrp': False})
    changed: [tor-package-fetcher-xenial] => (item={'mode': '0644', 'atime': 1589550824.0, 'rusr': True, 'xoth': False, 'gr_name': 'root', 'gid': 0, 'nlink': 1, 'issock': False, 'woth': False, 'isgid': False, 'islnk': False, 'ischr': False, 'dev': 47, 'inode': 532974, 'pw_name': 'root', 'isblk': False, 'rgrp': True, 'size': 997080, 'isuid': False, 'isreg': True, 'ctime': 1592432480.878, 'wusr': True, 'uid': 0, 'xusr': False, 'roth': True, 'mtime': 1589550824.0, 'path': '/tmp/tor-debs/tor-geoipdb_0.4.3.5-1~xenial+1_all.deb', 'isfifo': False, 'isdir': False, 'wgrp': False, 'xgrp': False})

    TASK [Display location of fetched files] ***************************************
    ok: [tor-package-fetcher-xenial] => {
        "msg": "Tor deb packages have been downloaded to '/home/user/securedrop/build/xenial'.\n"
    }

    PLAY RECAP *********************************************************************
    tor-package-fetcher-xenial : ok=8    changed=5    unreachable=0    failed=0    skipped=0    rescued=0    ignored=0

--> Scenario: 'fetch-tor-packages'
--> Action: 'verify'
--> Executing Testinfra tests found in /home/user/securedrop/molecule/fetch-tor-packages/tests/...
    ============================= test session starts ==============================
    platform linux -- Python 3.7.3, pytest-3.2.0, py-1.4.34, pluggy-0.4.0
    rootdir: /home/user/securedrop, inifile:
    plugins: testinfra-3.2.0, xdist-1.18.2
collected 4 itemss

    tests/test_tor_packages.py ....

    =========================== 4 passed in 1.12 seconds ===========================
Verifier completed successfully.
--> Scenario: 'fetch-tor-packages'
--> Action: 'destroy'

    PLAY [Destroy] *****************************************************************

    TASK [Destroy molecule instance(s)] ********************************************
    changed: [localhost] => (item={'name': 'tor-package-fetcher-xenial'})

    PLAY RECAP *********************************************************************
    localhost                  : ok=1    changed=1    unreachable=0    failed=0    skipped=0    rescued=0    ignored=0

--> Pruning extra files from scenario ephemeral directory

[user@fpf-dev-dvm:~/securedrop] [sd] 93f4259b3 16m49s ±
 $ sha256sum build/xenial/*
122d2958dc6d923ef588b45e13224f5579be515c8f0215f68c7b73fe1aa89967  build/xenial/ossec-agent-3.6.0-amd64.deb
9aac7d25d1f014cb527c99d98e7ec8c9d4a3e79bce6300bbb560fc5eb224f19c  build/xenial/ossec-server-3.6.0-amd64.deb
f75972d03ec1cce9e229e02c044c788bdfd9b4753091210aef7dd1134a3092da  build/xenial/securedrop-app-code_1.4.0+xenial_amd64.deb
899e7d5940856ce5417dbb4e18dbd71c0ca4530491c8d4cb398ddca30bf36c26  build/xenial/securedrop-app-code_1.4.0+xenial.tar.gz
66b0289a37eaadd9e92efde9a0d1325dd7bc9936127e72e2459be1f55eb8f138  build/xenial/securedrop-config-0.1.3+1.4.0-amd64.deb
9dd66ad6127bc9380daf7319bfde3ffebead18e63cb815a753db1dd7298f1190  build/xenial/securedrop-grsec-4.14.175-amd64.deb
40f482529862896a63bccf0af61cc78d5f6db4a965dc7d923d7debd1105959e2  build/xenial/securedrop-keyring-0.1.4+1.4.0-amd64.deb
62eb326b314908d90743bfdbeb806e71e4e061713707ea075b1499c3961539e0  build/xenial/securedrop-ossec-agent-3.6.0+1.4.0-amd64.deb
7a0abcf5e35b03464568d8c596ed8c2a44f35bb993362bbbcdc993121dfd3449  build/xenial/securedrop-ossec-server-3.6.0+1.4.0-amd64.deb
eb7cc4fa00c54ffdf195a5c02431b034c5c3b083084f2862a96e1a47f4a73bcd  build/xenial/tor_0.4.3.5-1~xenial+1_amd64.deb
c08f2ab0da789ee599b73d28713fe0b6ffd502be39eb7674b98daf8081731d6f  build/xenial/tor-geoipdb_0.4.3.5-1~xenial+1_all.deb
[user@fpf-dev-dvm:~/securedrop] [sd] 93f4259b3 16m52s ±
 $

