[user@build-feb-19 securedrop]$ ls
CODE_OF_CONDUCT.md  Makefile      Vagrantfile  changelog.md  install_files   mypy.ini          tails_files
CONTRIBUTING.md     README.md     admin        devops        journalist_gui  securedrop        update_version.sh
LICENSE             SECURITY.md   ansible.cfg  docs          junit           securedrop-admin
MANIFEST.in         SOURCE_OFFER  build        git           molecule        setup.py
[user@build-feb-19 securedrop]$ pwd
/home/user/securedrop
[user@build-feb-19 securedrop]$ git checkout 1.2.1
HEAD is now at eba66c3a9 Update version to 1.2.1 final
[user@build-feb-19 securedrop]$ git tag -v 1.2.1
object eba66c3a99f7ce543b94440100fe2dad42aa2aef
type commit
tag 1.2.1
tagger redshiftzero <jen@freedom.press> 1582142722 -0500

SecureDrop 1.2.1
gpg: Signature made Wed Feb 19 15:11:29 2020 EST
gpg:                using RSA key 22245C81E3BAEB4138B36061310F561200F4AD77
gpg: Good signature from "SecureDrop Release Signing Key" [unknown]
gpg:                 aka "SecureDrop Release Signing Key <securedrop-release-key@freedom.press>" [unknown]
gpg: WARNING: This key is not certified with a trusted signature!
gpg:          There is no indication that the signature belongs to the owner.
Primary key fingerprint: 2224 5C81 E3BA EB41 38B3  6061 310F 5612 00F4 AD77
[user@build-feb-19 securedrop]$ make build-debs
Building SecureDrop Debian packages...
WARNING: You are using pip version 19.1, however version 20.0.2 is available.
You should consider upgrading via the 'pip install --upgrade pip' command.
--> Validating schema /home/user/securedrop/molecule/qubes-staging/molecule.yml.
Validation completed successfully.
--> Validating schema /home/user/securedrop/molecule/vagrant-packager/molecule.yml.
Validation completed successfully.
--> Validating schema /home/user/securedrop/molecule/ansible-config/molecule.yml.
Validation completed successfully.
--> Validating schema /home/user/securedrop/molecule/upgrade/molecule.yml.
Validation completed successfully.
--> Validating schema /home/user/securedrop/molecule/fetch-tor-packages/molecule.yml.
Validation completed successfully.
--> Validating schema /home/user/securedrop/molecule/virtualbox-staging-xenial/molecule.yml.
Validation completed successfully.
--> Validating schema /home/user/securedrop/molecule/libvirt-staging-xenial/molecule.yml.
Validation completed successfully.
--> Validating schema /home/user/securedrop/molecule/builder-xenial/molecule.yml.
Validation completed successfully.
--> Test matrix
    
└── builder-xenial
    ├── destroy
    ├── create
    ├── converge
    ├── verify
    └── destroy
    
--> Inventory /home/user/securedrop/molecule/builder-xenial/../../install_files/ansible-base/group_vars linked to /home/user/.cache/molecule/securedrop/builder-xenial/inventory/group_vars
--> Scenario: 'builder-xenial'
--> Action: 'destroy'
--> Sanity checks: 'docker'
    
    PLAY [Destroy] *****************************************************************
    
    TASK [Destroy molecule instance(s)] ********************************************
    ok: [localhost] => (item={'name': 'xenial-sd-app', 'groups': ['builders']})
    ok: [localhost] => (item={'name': 'xenial-sd-generic-ossec-agent', 'groups': ['builders']})
    ok: [localhost] => (item={'name': 'xenial-sd-generic-ossec-server', 'groups': ['builders']})
    ok: [localhost] => (item={'name': 'xenial-sd-generic-ossec-agent2', 'groups': ['builders']})
    ok: [localhost] => (item={'name': 'xenial-sd-generic-ossec-server2', 'groups': ['builders']})
    ok: [localhost] => (item={'name': 'xenial-sd-grsec', 'groups': ['builders']})
    ok: [localhost] => (item={'name': 'xenial-sd-config', 'groups': ['builders']})
    ok: [localhost] => (item={'name': 'xenial-sd-keyring', 'groups': ['builders']})
    ok: [localhost] => (item={'name': 'xenial-sd-sec-update', 'groups': ['builders']})
    ok: [localhost] => (item={'name': 'xenial-sd-dpkg-verification', 'groups': ['testers']})
    
    PLAY RECAP *********************************************************************
    localhost                  : ok=1    changed=0    unreachable=0    failed=0
    
--> Inventory /home/user/securedrop/molecule/builder-xenial/../../install_files/ansible-base/group_vars linked to /home/user/.cache/molecule/securedrop/builder-xenial/inventory/group_vars
--> Scenario: 'builder-xenial'
--> Action: 'create'
--> Sanity checks: 'docker'
    
    PLAY [Create] ******************************************************************
    
    TASK [debug] *******************************************************************
    ok: [localhost] => {
        "msg": "Building with Docker image quay.io/freedomofpress/sd-docker-builder-xenial@sha256:e1a0d8ba0248997cb5b6dd22a703e4b2cb0e356dde7f31f31e33bbce3bb7ec1e"
    }
    
    TASK [Create builders] *********************************************************
    changed: [localhost] => (item={'name': 'xenial-sd-app', 'groups': ['builders']})
    changed: [localhost] => (item={'name': 'xenial-sd-generic-ossec-agent', 'groups': ['builders']})
    changed: [localhost] => (item={'name': 'xenial-sd-generic-ossec-server', 'groups': ['builders']})
    changed: [localhost] => (item={'name': 'xenial-sd-generic-ossec-agent2', 'groups': ['builders']})
    changed: [localhost] => (item={'name': 'xenial-sd-generic-ossec-server2', 'groups': ['builders']})
    changed: [localhost] => (item={'name': 'xenial-sd-grsec', 'groups': ['builders']})
    changed: [localhost] => (item={'name': 'xenial-sd-config', 'groups': ['builders']})
    changed: [localhost] => (item={'name': 'xenial-sd-keyring', 'groups': ['builders']})
    changed: [localhost] => (item={'name': 'xenial-sd-sec-update', 'groups': ['builders']})
    changed: [localhost] => (item={'name': 'xenial-sd-dpkg-verification', 'groups': ['testers']})
    
    PLAY RECAP *********************************************************************
    localhost                  : ok=2    changed=1    unreachable=0    failed=0
    
--> Inventory /home/user/securedrop/molecule/builder-xenial/../../install_files/ansible-base/group_vars linked to /home/user/.cache/molecule/securedrop/builder-xenial/inventory/group_vars
--> Scenario: 'builder-xenial'
--> Action: 'converge'
    
    PLAY [Build SecureDrop application Debian package from local repository.] ******
    
    TASK [Gathering Facts] *********************************************************
    ok: [xenial-sd-config]
    ok: [xenial-sd-app]
    ok: [xenial-sd-generic-ossec-agent2]
    ok: [xenial-sd-generic-ossec-agent]
    ok: [xenial-sd-generic-ossec-server]
    
    TASK [build-securedrop-app-code-deb-pkg : Copy install_files/securedrop-app-code to prep directory] ***
    changed: [xenial-sd-app]
    
    TASK [build-securedrop-app-code-deb-pkg : Copy app code to prep directory under var/www/securedrop] ***
    changed: [xenial-sd-app]
    
    TASK [build-securedrop-app-code-deb-pkg : Copy setup.py to prep directory] *****
    changed: [xenial-sd-app]
    
    TASK [Gathering Facts] *********************************************************
    ok: [xenial-sd-generic-ossec-server2]
    ok: [xenial-sd-keyring]
    ok: [xenial-sd-grsec]
    ok: [xenial-sd-sec-update]
    
    TASK [build-securedrop-app-code-deb-pkg : Copy MANIFEST.in to prep directory] ***
    changed: [xenial-sd-app]
    
    TASK [build-securedrop-app-code-deb-pkg : Copy requirements.txt to prep directory] ***
    changed: [xenial-sd-app]
    
    TASK [build-ossec-deb-pkg : Create src path folder] ****************************
    changed: [xenial-sd-generic-ossec-server] => (item=/tmp/build/ossec-server)
    
    TASK [build-generic-pkg : Find any jinja templates] ****************************
    ok: [xenial-sd-config -> localhost]
    ok: [xenial-sd-generic-ossec-agent2 -> localhost]
    
    TASK [build-generic-pkg : Reduce weird path re-usage] **************************
    ok: [xenial-sd-generic-ossec-agent2]
    
    TASK [build-ossec-deb-pkg : Create src path folder] ****************************
    changed: [xenial-sd-generic-ossec-agent] => (item=/tmp/build/ossec-agent)
    
    TASK [build-generic-pkg : Find any jinja templates] ****************************
    ok: [xenial-sd-config -> localhost]
    
    TASK [build-generic-pkg : Find any jinja templates] ****************************
    ok: [xenial-sd-config -> localhost]
    
    TASK [build-ossec-deb-pkg : Create src path folder] ****************************
    ok: [xenial-sd-generic-ossec-server] => (item=/tmp/build)
    
    TASK [build-generic-pkg : Reduce weird path re-usage] **************************
    ok: [xenial-sd-generic-ossec-server2]
    
    TASK [build-securedrop-app-code-deb-pkg : Install sass Ruby gem] ***************
    changed: [xenial-sd-app]
    
    TASK [build-ossec-deb-pkg : Create src path folder] ****************************
    ok: [xenial-sd-generic-ossec-agent] => (item=/tmp/build)
    
    TASK [build-generic-pkg : Ensure build directory in-place] *********************
    ok: [xenial-sd-generic-ossec-agent2]
    
    TASK [build-generic-pkg : Ensure build directory in-place] *********************
    ok: [xenial-sd-generic-ossec-server2]
    
    TASK [build-generic-pkg : Copy app code to build directory.] *******************
    changed: [xenial-sd-generic-ossec-agent2]
    
    TASK [build-generic-pkg : Find any jinja templates] ****************************
    ok: [xenial-sd-config -> localhost]
    
    TASK [build-generic-pkg : Find any jinja templates] ****************************
    ok: [xenial-sd-generic-ossec-agent2 -> localhost]
    
    TASK [build-securedrop-app-code-deb-pkg : Create static asset directories.] ****
    changed: [xenial-sd-app] => (item=/tmp/securedrop-app-code_1.2.1+xenial_amd64-prep/var/www/securedrop/static/css)
    
    TASK [build-generic-pkg : Copy app code to build directory.] *******************
    changed: [xenial-sd-generic-ossec-server2]
    
    TASK [build-generic-pkg : Find any jinja templates] ****************************
    ok: [xenial-sd-generic-ossec-server2 -> localhost]
    
    TASK [build-generic-pkg : Reduce weird path re-usage] **************************
    ok: [xenial-sd-config]
    
    TASK [build-securedrop-app-code-deb-pkg : Create static asset directories.] ****
    changed: [xenial-sd-app] => (item=/tmp/securedrop-app-code_1.2.1+xenial_amd64-prep/var/www/securedrop/static/gen)
    
    TASK [build-generic-pkg : run bash script to build generic packages] ***********
    changed: [xenial-sd-generic-ossec-agent2]
    
    TASK [build-generic-pkg : Ensure build directory in-place] *********************
    ok: [xenial-sd-config]
    
    TASK [build-securedrop-app-code-deb-pkg : Create static asset directories.] ****
    changed: [xenial-sd-app] => (item=/tmp/securedrop-app-code_1.2.1+xenial_amd64-prep/var/www/securedrop/static/.webassets-cache)
    
    TASK [build-generic-pkg : Track down package] **********************************
    ok: [xenial-sd-generic-ossec-agent2]
    
    TASK [build-generic-pkg : Copy app code to build directory.] *******************
    changed: [xenial-sd-config]
    
    TASK [build-generic-pkg : run bash script to build generic packages] ***********
    changed: [xenial-sd-generic-ossec-server2]
    
    TASK [build-generic-pkg : Find any jinja templates] ****************************
    ok: [xenial-sd-config -> localhost]
    
    TASK [build-securedrop-app-code-deb-pkg : Compile SASS to CSS.] ****************
    changed: [xenial-sd-app]
    
    TASK [build-generic-pkg : Track down package] **********************************
    ok: [xenial-sd-generic-ossec-server2]
    
    TASK [build-generic-pkg : Fetch back package] **********************************
    changed: [xenial-sd-generic-ossec-agent2] => (item={'uid': 0, 'woth': False, 'mtime': 1582144798.855, 'inode': 190084, 'isgid': False, 'size': 3560, 'roth': True, 'isuid': False, 'isreg': True, 'pw_name': 'root', 'gid': 0, 'ischr': False, 'wusr': True, 'xoth': False, 'rusr': True, 'nlink': 1, 'issock': False, 'rgrp': True, 'gr_name': 'root', 'path': '/tmp/securedrop-ossec-agent-3.0.0+1.2.1-amd64.deb', 'xusr': False, 'atime': 1582144798.855, 'isdir': False, 'ctime': 1582144798.855, 'isblk': False, 'xgrp': False, 'dev': 83, 'wgrp': False, 'isfifo': False, 'mode': '0644', 'islnk': False})
    
    TASK [build-securedrop-app-code-deb-pkg : Remove temporary SASS directory from package build directory.] ***
    changed: [xenial-sd-app] => (item=sass)
    
    TASK [build-generic-pkg : Fetch back package] **********************************
    changed: [xenial-sd-generic-ossec-server2] => (item={'uid': 0, 'woth': False, 'mtime': 1582144812.879, 'inode': 190145, 'isgid': False, 'size': 6610, 'roth': True, 'isuid': False, 'isreg': True, 'pw_name': 'root', 'gid': 0, 'ischr': False, 'wusr': True, 'xoth': False, 'rusr': True, 'nlink': 1, 'issock': False, 'rgrp': True, 'gr_name': 'root', 'path': '/tmp/securedrop-ossec-server-3.0.0+1.2.1-amd64.deb', 'xusr': False, 'atime': 1582144812.879, 'isdir': False, 'ctime': 1582144812.879, 'isblk': False, 'xgrp': False, 'dev': 94, 'wgrp': False, 'isfifo': False, 'mode': '0644', 'islnk': False})
    
    TASK [build-generic-pkg : Find any jinja templates] ****************************
    ok: [xenial-sd-generic-ossec-agent2 -> localhost]
    
    TASK [build-generic-pkg : run bash script to build generic packages] ***********
    changed: [xenial-sd-config]
    
    TASK [build-generic-pkg : Find any jinja templates] ****************************
    ok: [xenial-sd-generic-ossec-server2 -> localhost]
    
    TASK [build-generic-pkg : Find any jinja templates] ****************************
    ok: [xenial-sd-grsec -> localhost]
    
    TASK [build-generic-pkg : Find any jinja templates] ****************************
    ok: [xenial-sd-generic-ossec-agent2 -> localhost]
    
    TASK [build-generic-pkg : Find any jinja templates] ****************************
    ok: [xenial-sd-generic-ossec-server2 -> localhost]
    
    TASK [build-generic-pkg : Find any jinja templates] ****************************
    ok: [xenial-sd-grsec -> localhost]
    
    TASK [build-generic-pkg : Find any jinja templates] ****************************
    ok: [xenial-sd-generic-ossec-agent2 -> localhost]
    
    TASK [build-generic-pkg : Find any jinja templates] ****************************
    ok: [xenial-sd-generic-ossec-server2 -> localhost]
    
    TASK [build-generic-pkg : Find any jinja templates] ****************************
    ok: [xenial-sd-grsec -> localhost]
    
    TASK [build-generic-pkg : Find any jinja templates] ****************************
    ok: [xenial-sd-generic-ossec-server2 -> localhost]
    
    TASK [build-securedrop-app-code-deb-pkg : Remove temporary SASS directory from package build directory.] ***
    changed: [xenial-sd-app] => (item=.sass-cache)
    
    TASK [build-generic-pkg : Reduce weird path re-usage] **************************
    ok: [xenial-sd-grsec]
    
    TASK [build-generic-pkg : Track down package] **********************************
    ok: [xenial-sd-config]
    
    TASK [build-generic-pkg : Ensure build directory in-place] *********************
    ok: [xenial-sd-grsec]
    
    TASK [build-generic-pkg : Fetch back package] **********************************
    changed: [xenial-sd-config] => (item={'uid': 0, 'woth': False, 'mtime': 1582144835.083, 'inode': 190816, 'isgid': False, 'size': 2738, 'roth': True, 'isuid': False, 'isreg': True, 'pw_name': 'root', 'gid': 0, 'ischr': False, 'wusr': True, 'xoth': False, 'rusr': True, 'nlink': 1, 'issock': False, 'rgrp': True, 'gr_name': 'root', 'path': '/tmp/securedrop-config-0.1.3+1.2.1-amd64.deb', 'xusr': False, 'atime': 1582144835.083, 'isdir': False, 'ctime': 1582144835.083, 'isblk': False, 'xgrp': False, 'dev': 116, 'wgrp': False, 'isfifo': False, 'mode': '0644', 'islnk': False})
    
    TASK [build-generic-pkg : Copy app code to build directory.] *******************
    changed: [xenial-sd-grsec]
    
    TASK [build-generic-pkg : Find any jinja templates] ****************************
    ok: [xenial-sd-grsec -> localhost]
    
    TASK [build-generic-pkg : Find any jinja templates] ****************************
    ok: [xenial-sd-keyring -> localhost]
    ok: [xenial-sd-sec-update -> localhost]
    
    TASK [build-generic-pkg : Find any jinja templates] ****************************
    ok: [xenial-sd-keyring -> localhost]
    ok: [xenial-sd-sec-update -> localhost]
    
    TASK [build-generic-pkg : Reduce weird path re-usage] **************************
    ok: [xenial-sd-keyring]
    
    TASK [build-generic-pkg : Create any necessary parent directories for jinja files] ***
    ok: [xenial-sd-grsec] => (item={'path': '/home/user/securedrop/install_files/securedrop-grsec/DEBIAN/control.j2', 'mode': '0664', 'isdir': False, 'ischr': False, 'isblk': False, 'isreg': True, 'isfifo': False, 'islnk': False, 'issock': False, 'uid': 1000, 'gid': 1000, 'size': 501, 'inode': 1002, 'dev': 51728, 'nlink': 1, 'atime': 1582143521.845, 'mtime': 1582142486.333, 'ctime': 1582142486.333, 'gr_name': 'user', 'pw_name': 'user', 'wusr': True, 'rusr': True, 'xusr': False, 'wgrp': True, 'rgrp': True, 'xgrp': False, 'woth': False, 'roth': True, 'xoth': False, 'isuid': False, 'isgid': False})
    
    TASK [build-generic-pkg : Ensure build directory in-place] *********************
    ok: [xenial-sd-keyring]
    
    TASK [build-ossec-deb-pkg : Install python-requests for URL fetching] **********
    changed: [xenial-sd-generic-ossec-server]
    
    TASK [build-generic-pkg : Copy app code to build directory.] *******************
    changed: [xenial-sd-keyring]
    
    TASK [build-ossec-deb-pkg : Copy over current directory for repo build] ********
    changed: [xenial-sd-generic-ossec-server]
    
    TASK [build-generic-pkg : Find any jinja templates] ****************************
    ok: [xenial-sd-keyring -> localhost]
    
    TASK [build-ossec-deb-pkg : Install python-requests for URL fetching] **********
    changed: [xenial-sd-generic-ossec-agent]
    
    TASK [build-generic-pkg : Find any jinja templates] ****************************
    ok: [xenial-sd-sec-update -> localhost]
    
    TASK [build-ossec-deb-pkg : Copy over current directory for repo build] ********
    changed: [xenial-sd-generic-ossec-agent]
    
    TASK [build-generic-pkg : run bash script to build generic packages] ***********
    changed: [xenial-sd-keyring]
    
    TASK [build-ossec-deb-pkg : Include OSSEC download URLs.] **********************
    ok: [xenial-sd-generic-ossec-server]
    
    TASK [build-generic-pkg : Template out any jinja files found and copy over] ****
    changed: [xenial-sd-grsec] => (item={'path': '/home/user/securedrop/install_files/securedrop-grsec/DEBIAN/control.j2', 'mode': '0664', 'isdir': False, 'ischr': False, 'isblk': False, 'isreg': True, 'isfifo': False, 'islnk': False, 'issock': False, 'uid': 1000, 'gid': 1000, 'size': 501, 'inode': 1002, 'dev': 51728, 'nlink': 1, 'atime': 1582143521.845, 'mtime': 1582142486.333, 'ctime': 1582142486.333, 'gr_name': 'user', 'pw_name': 'user', 'wusr': True, 'rusr': True, 'xusr': False, 'wgrp': True, 'rgrp': True, 'xgrp': False, 'woth': False, 'roth': True, 'xoth': False, 'isuid': False, 'isgid': False})
    
    TASK [build-ossec-deb-pkg : Include OSSEC download URLs.] **********************
    ok: [xenial-sd-generic-ossec-agent]
    
    TASK [build-generic-pkg : Track down package] **********************************
    ok: [xenial-sd-keyring]
    
    TASK [build-generic-pkg : run bash script to build generic packages] ***********
    changed: [xenial-sd-grsec]
    
    TASK [build-ossec-deb-pkg : Download OSSEC tarball.] ***************************
    changed: [xenial-sd-generic-ossec-server]
    
    TASK [build-generic-pkg : Fetch back package] **********************************
    changed: [xenial-sd-keyring] => (item={'uid': 0, 'woth': False, 'mtime': 1582144884.478, 'inode': 193611, 'isgid': False, 'size': 4746, 'roth': True, 'isuid': False, 'isreg': True, 'pw_name': 'root', 'gid': 0, 'ischr': False, 'wusr': True, 'xoth': False, 'rusr': True, 'nlink': 1, 'issock': False, 'rgrp': True, 'gr_name': 'root', 'path': '/tmp/securedrop-keyring-0.1.3+1.2.1-amd64.deb', 'xusr': False, 'atime': 1582144884.478, 'isdir': False, 'ctime': 1582144884.478, 'isblk': False, 'xgrp': False, 'dev': 127, 'wgrp': False, 'isfifo': False, 'mode': '0644', 'islnk': False})
    
    TASK [build-ossec-deb-pkg : Download OSSEC tarball.] ***************************
    changed: [xenial-sd-generic-ossec-agent]
    
    TASK [build-generic-pkg : Find any jinja templates] ****************************
    ok: [xenial-sd-sec-update -> localhost]
    ok: [xenial-sd-keyring -> localhost]
    
    TASK [build-generic-pkg : Track down package] **********************************
    ok: [xenial-sd-grsec]
    
    TASK [build-generic-pkg : Find any jinja templates] ****************************
    ok: [xenial-sd-sec-update -> localhost]
    ok: [xenial-sd-keyring -> localhost]
    
    TASK [build-ossec-deb-pkg : Download OSSEC signature.] *************************
    changed: [xenial-sd-generic-ossec-server]
    
    TASK [build-ossec-deb-pkg : Download OSSEC signature.] *************************
    changed: [xenial-sd-generic-ossec-agent]
    
    TASK [build-generic-pkg : Fetch back package] **********************************
    changed: [xenial-sd-grsec] => (item={'uid': 0, 'woth': False, 'mtime': 1582144896.418, 'inode': 194921, 'isgid': False, 'size': 2298, 'roth': True, 'isuid': False, 'isreg': True, 'pw_name': 'root', 'gid': 0, 'ischr': False, 'wusr': True, 'xoth': False, 'rusr': True, 'nlink': 1, 'issock': False, 'rgrp': True, 'gr_name': 'root', 'path': '/tmp/securedrop-grsec-4.14.154-amd64.deb', 'xusr': False, 'atime': 1582144896.418, 'isdir': False, 'ctime': 1582144896.418, 'isblk': False, 'xgrp': False, 'dev': 105, 'wgrp': False, 'isfifo': False, 'mode': '0644', 'islnk': False})
    
    TASK [build-generic-pkg : Find any jinja templates] ****************************
    ok: [xenial-sd-grsec -> localhost]
    
    TASK [build-ossec-deb-pkg : Copy OSSEC archive GPG key.] ***********************
    changed: [xenial-sd-generic-ossec-server]
    
    TASK [build-ossec-deb-pkg : Copy OSSEC archive GPG key.] ***********************
    changed: [xenial-sd-generic-ossec-agent]
    
    TASK [build-ossec-deb-pkg : Import OSSEC archive GPG key.] *********************
    changed: [xenial-sd-generic-ossec-server]
    
    TASK [build-ossec-deb-pkg : Import OSSEC archive GPG key.] *********************
    changed: [xenial-sd-generic-ossec-agent]
    
    TASK [build-ossec-deb-pkg : Verify signature of OSSEC tarball.] ****************
    changed: [xenial-sd-generic-ossec-server]
    
    TASK [build-ossec-deb-pkg : Verify signature of OSSEC tarball.] ****************
    changed: [xenial-sd-generic-ossec-agent]
    
    TASK [Update apt-cache for our security checker] *******************************
    ok: [xenial-sd-sec-update]
    
    TASK [build-ossec-deb-pkg : Extract OSSEC source tarball.] *********************
    changed: [xenial-sd-generic-ossec-agent]
    
    TASK [build-ossec-deb-pkg : Extract OSSEC source tarball.] *********************
    changed: [xenial-sd-generic-ossec-server]
    
    TASK [build-ossec-deb-pkg : Create /etc directory within source directory.] ****
    ok: [xenial-sd-generic-ossec-agent]
    
    TASK [build-ossec-deb-pkg : Create /etc directory within source directory.] ****
    ok: [xenial-sd-generic-ossec-server]
    
    TASK [build-ossec-deb-pkg : Copy OSSEC preloaded vars template.] ***************
    changed: [xenial-sd-generic-ossec-agent]
    
    TASK [build-ossec-deb-pkg : Copy OSSEC preloaded vars template.] ***************
    changed: [xenial-sd-generic-ossec-server]
    
    TASK [build-ossec-deb-pkg : Run OSSEC installer script on extracted source.] ***
    changed: [xenial-sd-generic-ossec-agent]
    
    TASK [build-ossec-deb-pkg : Create OSSEC build directory.] *********************
    changed: [xenial-sd-generic-ossec-agent] => (item=/tmp/build/ossec-agent-3.0.0-amd64)
    changed: [xenial-sd-generic-ossec-agent] => (item=/tmp/build/ossec-agent-3.0.0-amd64/var)
    
    TASK [build-ossec-deb-pkg : Remove client.keys to avoid overwriting existing client.keys] ***
    changed: [xenial-sd-generic-ossec-agent]
    
    TASK [build-ossec-deb-pkg : Copy /var/ossec/ to OSSEC build directory.] ********
    changed: [xenial-sd-generic-ossec-agent]
    
    TASK [build-securedrop-app-code-deb-pkg : Install SecureDrop Python requirements in container] ***
    changed: [xenial-sd-app]
    
    TASK [build-ossec-deb-pkg : Copy OSSEC DEBIAN package scripts to build directory.] ***
    changed: [xenial-sd-generic-ossec-agent]
    
    TASK [build-ossec-deb-pkg : Run OSSEC installer script on extracted source.] ***
    changed: [xenial-sd-generic-ossec-server]
    
    TASK [build-securedrop-app-code-deb-pkg : Compile PO to MO.] *******************
    changed: [xenial-sd-app]
    
    TASK [build-ossec-deb-pkg : Copy OSSEC DEBIAN/control template to build directory.] ***
    changed: [xenial-sd-generic-ossec-agent]
    
    TASK [build-ossec-deb-pkg : Create OSSEC build directory.] *********************
    changed: [xenial-sd-generic-ossec-server] => (item=/tmp/build/ossec-server-3.0.0-amd64)
    
    TASK [build-securedrop-app-code-deb-pkg : Create apparmor.d directory in prep directory] ***
    changed: [xenial-sd-app]
    
    TASK [build-ossec-deb-pkg : Copy OSSEC /usr and /etc directories to build directory.] ***
    changed: [xenial-sd-generic-ossec-agent] => (item=etc)
    
    TASK [build-ossec-deb-pkg : Create OSSEC build directory.] *********************
    changed: [xenial-sd-generic-ossec-server] => (item=/tmp/build/ossec-server-3.0.0-amd64/var)
    
    TASK [build-ossec-deb-pkg : Copy OSSEC /usr and /etc directories to build directory.] ***
    changed: [xenial-sd-generic-ossec-agent] => (item=usr)
    
    TASK [build-ossec-deb-pkg : Remove client.keys to avoid overwriting existing client.keys] ***
    changed: [xenial-sd-generic-ossec-server]
    
    TASK [build-securedrop-app-code-deb-pkg : Copy AppArmor profiles to prep path] ***
    changed: [xenial-sd-app] => (item=usr.sbin.tor)
    
    TASK [build-ossec-deb-pkg : Copy /var/ossec/ to OSSEC build directory.] ********
    changed: [xenial-sd-generic-ossec-server]
    
    TASK [build-securedrop-app-code-deb-pkg : Copy AppArmor profiles to prep path] ***
    changed: [xenial-sd-app] => (item=usr.sbin.apache2)
    
    TASK [build-ossec-deb-pkg : Build SecureDrop OSSEC deb package.] ***************
    changed: [xenial-sd-generic-ossec-agent]
    
    TASK [build-ossec-deb-pkg : Copy OSSEC DEBIAN package scripts to build directory.] ***
    changed: [xenial-sd-generic-ossec-server]
    
    TASK [build-ossec-deb-pkg : Delete OSSEC build directories and config files.] ***
    changed: [xenial-sd-generic-ossec-agent] => (item=/etc/init.d/ossec)
    
    TASK [build-securedrop-app-code-deb-pkg : Replace placeholder changelog to dist-specific changelog] ***
    changed: [xenial-sd-app]
    
    TASK [build-ossec-deb-pkg : Delete OSSEC build directories and config files.] ***
    changed: [xenial-sd-generic-ossec-agent] => (item=/etc/ossec-init.conf)
    
    TASK [build-ossec-deb-pkg : Copy OSSEC DEBIAN/control template to build directory.] ***
    changed: [xenial-sd-generic-ossec-server]
    
    TASK [build-securedrop-app-code-deb-pkg : Create lib/systemd/services directory in prep directory] ***
    changed: [xenial-sd-app]
    
    TASK [build-ossec-deb-pkg : Delete OSSEC build directories and config files.] ***
    changed: [xenial-sd-generic-ossec-agent] => (item=/var/ossec)
    
    TASK [build-ossec-deb-pkg : Copy OSSEC /usr and /etc directories to build directory.] ***
    changed: [xenial-sd-generic-ossec-server] => (item=etc)
    
    TASK [build-ossec-deb-pkg : Delete OSSEC build directories and config files.] ***
    changed: [xenial-sd-generic-ossec-agent] => (item=/tmp/OSSEC-ARCHIVE-KEY.asc)
    
    TASK [build-securedrop-app-code-deb-pkg : Copy systemd service configurations to prep path] ***
    changed: [xenial-sd-app] => (item=securedrop_rqrequeue.service)
    
    TASK [build-ossec-deb-pkg : Copy OSSEC /usr and /etc directories to build directory.] ***
    changed: [xenial-sd-generic-ossec-server] => (item=usr)
    
    TASK [build-ossec-deb-pkg : Fetch newly built Debian packages back to localhost.] ***
    changed: [xenial-sd-generic-ossec-agent]
    
    TASK [build-generic-pkg : Find any jinja templates] ****************************
    ok: [xenial-sd-generic-ossec-agent -> localhost]
    
    TASK [build-generic-pkg : Find any jinja templates] ****************************
    ok: [xenial-sd-generic-ossec-agent -> localhost]
    
    TASK [build-generic-pkg : Find any jinja templates] ****************************
    ok: [xenial-sd-generic-ossec-agent -> localhost]
    
    TASK [build-generic-pkg : Find any jinja templates] ****************************
    ok: [xenial-sd-generic-ossec-agent -> localhost]
    
    TASK [build-generic-pkg : Find any jinja templates] ****************************
    ok: [xenial-sd-generic-ossec-agent -> localhost]
    
    TASK [build-securedrop-app-code-deb-pkg : Copy systemd service configurations to prep path] ***
    changed: [xenial-sd-app] => (item=securedrop_rqworker.service)
    
    TASK [build-ossec-deb-pkg : Build SecureDrop OSSEC deb package.] ***************
    changed: [xenial-sd-generic-ossec-server]
    
    TASK [build-securedrop-app-code-deb-pkg : Copy systemd service configurations to prep path] ***
    changed: [xenial-sd-app] => (item=securedrop_shredder.service)
    
    TASK [build-ossec-deb-pkg : Delete OSSEC build directories and config files.] ***
    changed: [xenial-sd-generic-ossec-server] => (item=/etc/init.d/ossec)
    changed: [xenial-sd-generic-ossec-server] => (item=/etc/ossec-init.conf)
    
    TASK [build-securedrop-app-code-deb-pkg : Create sdist in prep dir] ************
    changed: [xenial-sd-app]
    
    TASK [build-ossec-deb-pkg : Delete OSSEC build directories and config files.] ***
    changed: [xenial-sd-generic-ossec-server] => (item=/var/ossec)
    
    TASK [build-securedrop-app-code-deb-pkg : Create build dir] ********************
    changed: [xenial-sd-app]
    
    TASK [build-ossec-deb-pkg : Delete OSSEC build directories and config files.] ***
    changed: [xenial-sd-generic-ossec-server] => (item=/tmp/OSSEC-ARCHIVE-KEY.asc)
    
    TASK [build-ossec-deb-pkg : Fetch newly built Debian packages back to localhost.] ***
    changed: [xenial-sd-generic-ossec-server]
    
    TASK [build-generic-pkg : Find any jinja templates] ****************************
    ok: [xenial-sd-generic-ossec-server -> localhost]
    
    TASK [build-generic-pkg : Find any jinja templates] ****************************
    ok: [xenial-sd-generic-ossec-server -> localhost]
    
    TASK [build-generic-pkg : Find any jinja templates] ****************************
    ok: [xenial-sd-generic-ossec-server -> localhost]
    
    TASK [build-generic-pkg : Find any jinja templates] ****************************
    ok: [xenial-sd-generic-ossec-server -> localhost]
    
    TASK [build-generic-pkg : Find any jinja templates] ****************************
    ok: [xenial-sd-generic-ossec-server -> localhost]
    
    TASK [build-securedrop-app-code-deb-pkg : Extract sdist to build dir] **********
    changed: [xenial-sd-app]
    
    TASK [build-securedrop-app-code-deb-pkg : Create empty static asset directories in build dir] ***
    changed: [xenial-sd-app] => (item=/tmp/securedrop-app-code_1.2.1+xenial_amd64/var/www/securedrop/static/gen)
    changed: [xenial-sd-app] => (item=/tmp/securedrop-app-code_1.2.1+xenial_amd64/var/www/securedrop/static/.webassets-cache)
    changed: [xenial-sd-app] => (item=/tmp/securedrop-app-code_1.2.1+xenial_amd64/var/www/securedrop/.well-known/pki-validation)
    
    TASK [build-securedrop-app-code-deb-pkg : Build securedrop-app-code Debian package] ***
    changed: [xenial-sd-app]
    
    TASK [build-securedrop-app-code-deb-pkg : Find newly built Debian package] *****
    ok: [xenial-sd-app]
    
    TASK [build-securedrop-app-code-deb-pkg : Fetch newly built Debian packages back to localhost] ***
    changed: [xenial-sd-app] => (item={'uid': 0, 'woth': False, 'mtime': 1582145345.936, 'inode': 193113, 'isgid': False, 'size': 12594314, 'roth': True, 'isuid': False, 'isreg': True, 'pw_name': 'root', 'gid': 0, 'ischr': False, 'wusr': True, 'xoth': False, 'rusr': True, 'nlink': 1, 'issock': False, 'rgrp': True, 'gr_name': 'root', 'path': '/tmp/securedrop-app-code_1.2.1+xenial_amd64.deb', 'xusr': False, 'atime': 1582145346.085, 'isdir': False, 'ctime': 1582145345.936, 'isblk': False, 'xgrp': False, 'dev': 50, 'wgrp': False, 'isfifo': False, 'mode': '0644', 'islnk': False})
    changed: [xenial-sd-app] => (item={'uid': 0, 'woth': False, 'mtime': 1582145146.461, 'inode': 193061, 'isgid': False, 'size': 1966256, 'roth': True, 'isuid': False, 'isreg': True, 'pw_name': 'root', 'gid': 0, 'ischr': False, 'wusr': True, 'xoth': False, 'rusr': True, 'nlink': 1, 'issock': False, 'rgrp': True, 'gr_name': 'root', 'path': '/tmp/securedrop-app-code_1.2.1+xenial.tar.gz', 'xusr': False, 'atime': 1582145146.471, 'isdir': False, 'ctime': 1582145146.468, 'isblk': False, 'xgrp': False, 'dev': 50, 'wgrp': False, 'isfifo': False, 'mode': '0644', 'islnk': False})
    
    TASK [build-generic-pkg : Find any jinja templates] ****************************
    ok: [xenial-sd-app -> localhost]
    
    TASK [build-generic-pkg : Find any jinja templates] ****************************
    ok: [xenial-sd-app -> localhost]
    
    TASK [build-generic-pkg : Find any jinja templates] ****************************
    ok: [xenial-sd-app -> localhost]
    
    TASK [build-generic-pkg : Find any jinja templates] ****************************
    ok: [xenial-sd-app -> localhost]
    
    TASK [build-generic-pkg : Find any jinja templates] ****************************
    ok: [xenial-sd-app -> localhost]
    
    PLAY [Give dpkg verify container access to debs] *******************************
    
    TASK [Discover local debian build files] ***************************************
    ok: [xenial-sd-dpkg-verification -> localhost]
    
    TASK [Create build dir] ********************************************************
    ok: [xenial-sd-dpkg-verification]
    
    TASK [Drop debian files into container] ****************************************
    changed: [xenial-sd-dpkg-verification] => (item={'path': '/home/user/securedrop/build/xenial/securedrop-app-code_1.2.1+xenial_amd64.deb', 'mode': '0644', 'isdir': False, 'ischr': False, 'isblk': False, 'isreg': True, 'isfifo': False, 'islnk': False, 'issock': False, 'uid': 1000, 'gid': 1001, 'size': 12594314, 'inode': 26721, 'dev': 51728, 'nlink': 1, 'atime': 1582145350.796, 'mtime': 1582145350.789, 'ctime': 1582145350.789, 'gr_name': 'docker', 'pw_name': 'user', 'wusr': True, 'rusr': True, 'xusr': False, 'wgrp': False, 'rgrp': True, 'xgrp': False, 'woth': False, 'roth': True, 'xoth': False, 'isuid': False, 'isgid': False})
    changed: [xenial-sd-dpkg-verification] => (item={'path': '/home/user/securedrop/build/xenial/securedrop-config-0.1.3+1.2.1-amd64.deb', 'mode': '0644', 'isdir': False, 'ischr': False, 'isblk': False, 'isreg': True, 'isfifo': False, 'islnk': False, 'issock': False, 'uid': 1000, 'gid': 1001, 'size': 2738, 'inode': 26706, 'dev': 51728, 'nlink': 1, 'atime': 1582144857.136, 'mtime': 1582144857.136, 'ctime': 1582144857.136, 'gr_name': 'docker', 'pw_name': 'user', 'wusr': True, 'rusr': True, 'xusr': False, 'wgrp': False, 'rgrp': True, 'xgrp': False, 'woth': False, 'roth': True, 'xoth': False, 'isuid': False, 'isgid': False})
    changed: [xenial-sd-dpkg-verification] => (item={'path': '/home/user/securedrop/build/xenial/securedrop-ossec-agent-3.0.0+1.2.1-amd64.deb', 'mode': '0644', 'isdir': False, 'ischr': False, 'isblk': False, 'isreg': True, 'isfifo': False, 'islnk': False, 'issock': False, 'uid': 1000, 'gid': 1001, 'size': 3560, 'inode': 26704, 'dev': 51728, 'nlink': 1, 'atime': 1582144823.695, 'mtime': 1582144823.692, 'ctime': 1582144823.692, 'gr_name': 'docker', 'pw_name': 'user', 'wusr': True, 'rusr': True, 'xusr': False, 'wgrp': False, 'rgrp': True, 'xgrp': False, 'woth': False, 'roth': True, 'xoth': False, 'isuid': False, 'isgid': False})
    changed: [xenial-sd-dpkg-verification] => (item={'path': '/home/user/securedrop/build/xenial/securedrop-ossec-server-3.0.0+1.2.1-amd64.deb', 'mode': '0644', 'isdir': False, 'ischr': False, 'isblk': False, 'isreg': True, 'isfifo': False, 'islnk': False, 'issock': False, 'uid': 1000, 'gid': 1001, 'size': 6610, 'inode': 26705, 'dev': 51728, 'nlink': 1, 'atime': 1582144834.974, 'mtime': 1582144834.973, 'ctime': 1582144834.973, 'gr_name': 'docker', 'pw_name': 'user', 'wusr': True, 'rusr': True, 'xusr': False, 'wgrp': False, 'rgrp': True, 'xgrp': False, 'woth': False, 'roth': True, 'xoth': False, 'isuid': False, 'isgid': False})
    changed: [xenial-sd-dpkg-verification] => (item={'path': '/home/user/securedrop/build/xenial/ossec-agent-3.0.0-amd64.deb', 'mode': '0644', 'isdir': False, 'ischr': False, 'isblk': False, 'isreg': True, 'isfifo': False, 'islnk': False, 'issock': False, 'uid': 1000, 'gid': 1001, 'size': 369730, 'inode': 26723, 'dev': 51728, 'nlink': 1, 'atime': 1582145109.792, 'mtime': 1582145109.788, 'ctime': 1582145109.788, 'gr_name': 'docker', 'pw_name': 'user', 'wusr': True, 'rusr': True, 'xusr': False, 'wgrp': False, 'rgrp': True, 'xgrp': False, 'woth': False, 'roth': True, 'xoth': False, 'isuid': False, 'isgid': False})
    changed: [xenial-sd-dpkg-verification] => (item={'path': '/home/user/securedrop/build/xenial/securedrop-keyring-0.1.3+1.2.1-amd64.deb', 'mode': '0644', 'isdir': False, 'ischr': False, 'isblk': False, 'isreg': True, 'isfifo': False, 'islnk': False, 'issock': False, 'uid': 1000, 'gid': 1001, 'size': 4746, 'inode': 26708, 'dev': 51728, 'nlink': 1, 'atime': 1582144902.586, 'mtime': 1582144902.586, 'ctime': 1582144902.586, 'gr_name': 'docker', 'pw_name': 'user', 'wusr': True, 'rusr': True, 'xusr': False, 'wgrp': False, 'rgrp': True, 'xgrp': False, 'woth': False, 'roth': True, 'xoth': False, 'isuid': False, 'isgid': False})
    changed: [xenial-sd-dpkg-verification] => (item={'path': '/home/user/securedrop/build/xenial/securedrop-grsec-4.14.154-amd64.deb', 'mode': '0644', 'isdir': False, 'ischr': False, 'isblk': False, 'isreg': True, 'isfifo': False, 'islnk': False, 'issock': False, 'uid': 1000, 'gid': 1001, 'size': 2298, 'inode': 26716, 'dev': 51728, 'nlink': 1, 'atime': 1582144913.146, 'mtime': 1582144913.145, 'ctime': 1582144913.145, 'gr_name': 'docker', 'pw_name': 'user', 'wusr': True, 'rusr': True, 'xusr': False, 'wgrp': False, 'rgrp': True, 'xgrp': False, 'woth': False, 'roth': True, 'xoth': False, 'isuid': False, 'isgid': False})
    changed: [xenial-sd-dpkg-verification] => (item={'path': '/home/user/securedrop/build/xenial/ossec-server-3.0.0-amd64.deb', 'mode': '0644', 'isdir': False, 'ischr': False, 'isblk': False, 'isreg': True, 'isfifo': False, 'islnk': False, 'issock': False, 'uid': 1000, 'gid': 1001, 'size': 725656, 'inode': 26720, 'dev': 51728, 'nlink': 1, 'atime': 1582145132.656, 'mtime': 1582145132.655, 'ctime': 1582145132.655, 'gr_name': 'docker', 'pw_name': 'user', 'wusr': True, 'rusr': True, 'xusr': False, 'wgrp': False, 'rgrp': True, 'xgrp': False, 'woth': False, 'roth': True, 'xoth': False, 'isuid': False, 'isgid': False})
    
    PLAY RECAP *********************************************************************
    xenial-sd-app              : ok=29   changed=22   unreachable=0    failed=0
    xenial-sd-config           : ok=12   changed=3    unreachable=0    failed=0
    xenial-sd-dpkg-verification : ok=3    changed=1    unreachable=0    failed=0
    xenial-sd-generic-ossec-agent : ok=28   changed=20   unreachable=0    failed=0
    xenial-sd-generic-ossec-agent2 : ok=12   changed=3    unreachable=0    failed=0
    xenial-sd-generic-ossec-server : ok=28   changed=20   unreachable=0    failed=0
    xenial-sd-generic-ossec-server2 : ok=12   changed=3    unreachable=0    failed=0
    xenial-sd-grsec            : ok=14   changed=4    unreachable=0    failed=0
    xenial-sd-keyring          : ok=12   changed=3    unreachable=0    failed=0
    xenial-sd-sec-update       : ok=7    changed=0    unreachable=0    failed=0
    
--> Inventory /home/user/securedrop/molecule/builder-xenial/../../install_files/ansible-base/group_vars linked to /home/user/.cache/molecule/securedrop/builder-xenial/inventory/group_vars
--> Scenario: 'builder-xenial'
--> Action: 'verify'
--> Executing Testinfra tests found in /home/user/securedrop/molecule/builder-xenial/tests//...
    ============================= test session starts ==============================
    platform linux -- Python 3.7.6, pytest-3.2.0, py-1.4.34, pluggy-0.4.0
    rootdir: /home/user/securedrop, inifile:
    plugins: testinfra-3.2.0, xdist-1.18.2
gw0 [224] / gw1 [224]
    scheduling tests via LoadScheduling
    ..............................................................................................................................................................................................................................X.
    ==================== 223 passed, 1 xpassed in 66.98 seconds ====================
Verifier completed successfully.
--> Inventory /home/user/securedrop/molecule/builder-xenial/../../install_files/ansible-base/group_vars linked to /home/user/.cache/molecule/securedrop/builder-xenial/inventory/group_vars
--> Scenario: 'builder-xenial'
--> Action: 'destroy'
    
    PLAY [Destroy] *****************************************************************
    
    TASK [Destroy molecule instance(s)] ********************************************
    changed: [localhost] => (item={'name': 'xenial-sd-app', 'groups': ['builders']})
    changed: [localhost] => (item={'name': 'xenial-sd-generic-ossec-agent', 'groups': ['builders']})
    changed: [localhost] => (item={'name': 'xenial-sd-generic-ossec-server', 'groups': ['builders']})
    changed: [localhost] => (item={'name': 'xenial-sd-generic-ossec-agent2', 'groups': ['builders']})
    changed: [localhost] => (item={'name': 'xenial-sd-generic-ossec-server2', 'groups': ['builders']})
    changed: [localhost] => (item={'name': 'xenial-sd-grsec', 'groups': ['builders']})
    changed: [localhost] => (item={'name': 'xenial-sd-config', 'groups': ['builders']})
    changed: [localhost] => (item={'name': 'xenial-sd-keyring', 'groups': ['builders']})
    changed: [localhost] => (item={'name': 'xenial-sd-sec-update', 'groups': ['builders']})
    changed: [localhost] => (item={'name': 'xenial-sd-dpkg-verification', 'groups': ['testers']})
    
    PLAY RECAP *********************************************************************
    localhost                  : ok=1    changed=1    unreachable=0    failed=0
    
--> Pruning extra files from scenario ephemeral directory

[user@build-feb-19 securedrop]$ ls
CODE_OF_CONDUCT.md  Makefile      Vagrantfile  changelog.md  install_files   mypy.ini          tails_files
CONTRIBUTING.md     README.md     admin        devops        journalist_gui  securedrop        update_version.sh
LICENSE             SECURITY.md   ansible.cfg  docs          junit           securedrop-admin
MANIFEST.in         SOURCE_OFFER  build        git           molecule        setup.py
[user@build-feb-19 securedrop]$ sha256sum build/xenial/*
211db0b52bd3c1100540f97c95f2e2ce6b6a3c8d708a99fcc0861edade54e9d0  build/xenial/ossec-agent-3.0.0-amd64.deb
5673eaecdbdb62eb2cba9a1a03d4400c0a3e3cc16dacbfa5ebddd88028392387  build/xenial/ossec-server-3.0.0-amd64.deb
1815c7365bd96c5b127ef17ab951cc3458febe9da256d671f107f530de3f7542  build/xenial/securedrop-app-code_1.2.1+xenial.tar.gz
78df9aa0fe83dc95eca2eb01cf142515983824758586bd7e2f5789576ea529da  build/xenial/securedrop-app-code_1.2.1+xenial_amd64.deb
4ec256fce940a500f6c96f08a3258c8fb72a8fdf3673e73f657303fed298dbba  build/xenial/securedrop-config-0.1.3+1.2.1-amd64.deb
7f78c843b649c8a304f5182c4fe3ae35e4e078dd09f772618a86cb0a448e17ed  build/xenial/securedrop-grsec-4.14.154-amd64.deb
adb4e6ad1728736ca764ab9358e08ac2fdb5bff6737db0627d5534ae4062076f  build/xenial/securedrop-keyring-0.1.3+1.2.1-amd64.deb
cf2902d16f30d659374d9a233dc3b1ac813ed268b3e859a25210d5b65519a08e  build/xenial/securedrop-ossec-agent-3.0.0+1.2.1-amd64.deb
7136d84bb05b9d4d8669ddcb6b1e650a842a6bf2a3a9b65718d00aed441a409b  build/xenial/securedrop-ossec-server-3.0.0+1.2.1-amd64.deb

