user@builder-disposable:~/securedrop$ git tag -v 1.3.0
object 4c90f981090c3e975a96da16e2dff7d88989ae3a
type commit
tag 1.3.0
tagger Kevin O Gorman <kog@freedom.press> 1589308727 +0000

SecureDrop release 1.3.0
gpg: Signature made Tue 12 May 2020 04:02:03 PM EDT
gpg:                using RSA key 22245C81E3BAEB4138B36061310F561200F4AD77
gpg: Good signature from "SecureDrop Release Signing Key <securedrop-release-key@freedom.press>" [unknown]
gpg: WARNING: This key is not certified with a trusted signature!
gpg:          There is no indication that the signature belongs to the owner.
Primary key fingerprint: 2224 5C81 E3BA EB41 38B3  6061 310F 5612 00F4 AD77
user@builder-disposable:~/securedrop$ git checkout 1.3.0
HEAD is now at 4c90f9810 SecureDrop release 1.3.0
user@builder-disposable:~/securedrop$ mkvirtualenv -p /usr/bin/python3 securedrop
Already using interpreter /usr/bin/python3
Using base prefix '/usr'
New python executable in /home/user/.virtualenvs/securedrop/bin/python3
Also creating executable in /home/user/.virtualenvs/securedrop/bin/python
Installing setuptools, pkg_resources, pip, wheel...done.
(securedrop) user@builder-disposable:~/securedrop$ pip install --no-deps --require-hashes -r securedrop/requirements/python3/develop-requirements.txt 
Collecting alabaster==0.7.10
  Using cached alabaster-0.7.10-py2.py3-none-any.whl (12 kB)
Collecting ansible-lint==4.1.0
  Using cached ansible_lint-4.1.0-py2.py3-none-any.whl (54 kB)
Collecting ansible==2.9.7
  Using cached ansible-2.9.7.tar.gz (14.2 MB)
Collecting anyconfig==0.9.7
  Using cached anyconfig-0.9.7.tar.gz (97 kB)
Collecting apipkg==1.4
  Using cached apipkg-1.4-py2.py3-none-any.whl (6.6 kB)
Collecting argh==0.26.2
  Using cached argh-0.26.2-py2.py3-none-any.whl (30 kB)
Collecting arrow==0.10.0
  Using cached arrow-0.10.0.tar.gz (86 kB)
Collecting asn1crypto==0.22.0
  Using cached asn1crypto-0.22.0-py2.py3-none-any.whl (97 kB)
Collecting aspy.yaml==1.3.0
  Using cached aspy.yaml-1.3.0-py2.py3-none-any.whl (3.5 kB)
Collecting astroid==2.4.0
  Using cached astroid-2.4.0-py3-none-any.whl (327 kB)
Collecting babel==2.4.0
  Using cached Babel-2.4.0-py2.py3-none-any.whl (6.8 MB)
Collecting bandit==1.4.0
  Using cached bandit-1.4.0-py2.py3-none-any.whl (116 kB)
Collecting bcrypt==3.1.3
  Using cached bcrypt-3.1.3.tar.gz (40 kB)
Collecting binaryornot==0.4.4
  Using cached binaryornot-0.4.4-py2.py3-none-any.whl (9.0 kB)
Collecting boto3==1.5.24
  Using cached boto3-1.5.24-py2.py3-none-any.whl (128 kB)
Collecting boto==2.48.0
  Using cached boto-2.48.0-py2.py3-none-any.whl (1.4 MB)
Collecting botocore==1.8.38
  Using cached botocore-1.8.38-py2.py3-none-any.whl (4.1 MB)
Collecting cerberus==1.3.1
  Using cached Cerberus-1.3.1.tar.gz (52 kB)
Collecting certifi==2017.7.27.1
  Using cached certifi-2017.7.27.1-py2.py3-none-any.whl (349 kB)
Collecting cffi==1.10.0
  Using cached cffi-1.10.0.tar.gz (418 kB)
Collecting cfgv==2.0.1
  Using cached cfgv-2.0.1-py2.py3-none-any.whl (7.4 kB)
Collecting chardet==3.0.4
  Using cached chardet-3.0.4-py2.py3-none-any.whl (133 kB)
Collecting click-completion==0.3.1
  Using cached click-completion-0.3.1.tar.gz (8.2 kB)
Collecting click==6.7
  Using cached click-6.7-py2.py3-none-any.whl (71 kB)
Collecting colorama==0.3.9
  Using cached colorama-0.3.9-py2.py3-none-any.whl (20 kB)
Collecting cookiecutter==1.6.0
  Using cached cookiecutter-1.6.0-py2.py3-none-any.whl (50 kB)
Collecting cryptography==2.7
  Using cached cryptography-2.7-cp34-abi3-manylinux1_x86_64.whl (2.3 MB)
Collecting dnspython==1.15.0
  Using cached dnspython-1.15.0-py2.py3-none-any.whl (177 kB)
Collecting docker-py==1.10.6
  Using cached docker_py-1.10.6-py2.py3-none-any.whl (50 kB)
Collecting docker-pycreds==0.2.1
  Using cached docker_pycreds-0.2.1-py2.py3-none-any.whl (4.5 kB)
Collecting docopt==0.6.2
  Using cached docopt-0.6.2.tar.gz (25 kB)
Collecting docutils==0.14
  Using cached docutils-0.14-py3-none-any.whl (543 kB)
Collecting dparse==0.4.1
  Using cached dparse-0.4.1.tar.gz (31 kB)
Collecting entrypoints==0.3
  Using cached entrypoints-0.3-py2.py3-none-any.whl (11 kB)
Collecting execnet==1.4.1
  Using cached execnet-1.4.1-py2.py3-none-any.whl (40 kB)
Collecting fasteners==0.14.1
  Using cached fasteners-0.14.1-py2.py3-none-any.whl (20 kB)
Collecting flake8==3.7.7
  Using cached flake8-3.7.7-py2.py3-none-any.whl (68 kB)
Collecting future==0.16.0
  Using cached future-0.16.0.tar.gz (824 kB)
Collecting git-url-parse==1.0.2
  Using cached git_url_parse-1.0.2-py3-none-any.whl (5.4 kB)
Collecting gitdb2==2.0.3
  Using cached gitdb2-2.0.3-py2.py3-none-any.whl (63 kB)
Collecting gitpython==2.1.8
  Using cached GitPython-2.1.8-py2.py3-none-any.whl (448 kB)
Collecting html-linter==0.4.0
  Using cached html-linter-0.4.0.tar.gz (19 kB)
Collecting identify==1.4.7
  Using cached identify-1.4.7-py2.py3-none-any.whl (97 kB)
Collecting idna==2.5
  Using cached idna-2.5-py2.py3-none-any.whl (55 kB)
Collecting imagesize==0.7.1
  Using cached imagesize-0.7.1-py2.py3-none-any.whl (5.2 kB)
Collecting importlib-metadata==0.23
  Using cached importlib_metadata-0.23-py2.py3-none-any.whl (28 kB)
Collecting importlib-resources==1.0.2
  Using cached importlib_resources-1.0.2-py2.py3-none-any.whl (32 kB)
Collecting isort==4.2.15
  Using cached isort-4.2.15-py2.py3-none-any.whl (43 kB)
Collecting jinja2-time==0.2.0
  Using cached jinja2_time-0.2.0-py2.py3-none-any.whl (6.4 kB)
Collecting jinja2==2.10.1
  Using cached Jinja2-2.10.1-py2.py3-none-any.whl (124 kB)
Collecting jmespath==0.9.3
  Using cached jmespath-0.9.3-py2.py3-none-any.whl (23 kB)
Collecting lazy-object-proxy==1.4.3
  Using cached lazy_object_proxy-1.4.3-cp37-cp37m-manylinux1_x86_64.whl (56 kB)
Collecting livereload==2.5.1
  Using cached livereload-2.5.1.tar.gz (20 kB)
Collecting markupsafe==1.1.1
  Using cached MarkupSafe-1.1.1-cp37-cp37m-manylinux1_x86_64.whl (27 kB)
Collecting mccabe==0.6.1
  Using cached mccabe-0.6.1-py2.py3-none-any.whl (8.6 kB)
Collecting molecule==2.22
  Using cached molecule-2.22-py2.py3-none-any.whl (469 kB)
Collecting monotonic==1.4
  Using cached monotonic-1.4-py2.py3-none-any.whl (5.3 kB)
Collecting more-itertools==7.2.0
  Using cached more_itertools-7.2.0-py3-none-any.whl (57 kB)
Collecting mypy-extensions==0.4.3
  Using cached mypy_extensions-0.4.3-py2.py3-none-any.whl (4.5 kB)
Collecting mypy==0.761
  Using cached mypy-0.761-cp37-cp37m-manylinux1_x86_64.whl (24.1 MB)
Collecting netaddr==0.7.19
  Using cached netaddr-0.7.19-py2.py3-none-any.whl (1.6 MB)
Collecting nodeenv==1.3.3
  Using cached nodeenv-1.3.3.tar.gz (34 kB)
Collecting packaging==16.8
  Using cached packaging-16.8-py2.py3-none-any.whl (23 kB)
Collecting paramiko==2.6.0
  Using cached paramiko-2.6.0-py2.py3-none-any.whl (199 kB)
Collecting pathspec==0.5.5
  Using cached pathspec-0.5.5.tar.gz (21 kB)
Collecting pathtools==0.1.2
  Using cached pathtools-0.1.2.tar.gz (11 kB)
Collecting pbr==5.1.1
  Using cached pbr-5.1.1-py2.py3-none-any.whl (106 kB)
Collecting pexpect==4.6.0
  Using cached pexpect-4.6.0-py2.py3-none-any.whl (57 kB)
Collecting pip-tools==4.0.0
  Using cached pip_tools-4.0.0-py2.py3-none-any.whl (39 kB)
Collecting port_for==0.3.1
  Using cached port-for-0.3.1.tar.gz (18 kB)
Collecting poyo==0.4.1
  Using cached poyo-0.4.1-py2.py3-none-any.whl (12 kB)
Collecting pre-commit==1.18.3
  Using cached pre_commit-1.18.3-py2.py3-none-any.whl (154 kB)
Collecting prompt_toolkit==2.0.9
  Using cached prompt_toolkit-2.0.9-py3-none-any.whl (337 kB)
Collecting psutil==5.7.0
  Using cached psutil-5.7.0.tar.gz (449 kB)
Collecting ptyprocess==0.5.2
  Using cached ptyprocess-0.5.2-py2.py3-none-any.whl (39 kB)
Collecting py==1.4.34
  Using cached py-1.4.34-py2.py3-none-any.whl (84 kB)
Collecting pycodestyle==2.5.0
  Using cached pycodestyle-2.5.0-py2.py3-none-any.whl (51 kB)
Collecting pycparser==2.18
  Using cached pycparser-2.18.tar.gz (245 kB)
Collecting pyenchant==2.0.0
  Using cached pyenchant-2.0.0.tar.gz (64 kB)
Collecting pyflakes==2.1.1
  Using cached pyflakes-2.1.1-py2.py3-none-any.whl (59 kB)
Collecting pygments==2.2.0
  Using cached Pygments-2.2.0-py2.py3-none-any.whl (841 kB)
Collecting pylint==2.5.0
  Using cached pylint-2.5.0-py3-none-any.whl (324 kB)
Collecting pynacl==1.1.2
  Using cached PyNaCl-1.1.2.tar.gz (3.1 MB)
Collecting pyparsing==2.2.0
  Using cached pyparsing-2.2.0-py2.py3-none-any.whl (56 kB)
Collecting pytest-xdist==1.18.2
  Using cached pytest-xdist-1.18.2.tar.gz (50 kB)
  Installing build dependencies ... done
  Getting requirements to build wheel ... done
  Installing backend dependencies ... done
    Preparing wheel metadata ... done
Collecting pytest==3.2.0
  Using cached pytest-3.2.0-py2.py3-none-any.whl (186 kB)
Collecting python-dateutil==2.6.1
  Using cached python_dateutil-2.6.1-py2.py3-none-any.whl (194 kB)
Collecting python-gilt==1.2.1
  Using cached python_gilt-1.2.1-py3-none-any.whl (13 kB)
Collecting python-vagrant==0.5.15
  Using cached python-vagrant-0.5.15.tar.gz (29 kB)
Collecting pytz==2017.2
  Using cached pytz-2017.2-py2.py3-none-any.whl (484 kB)
Collecting pyyaml==5.3.1
  Using cached PyYAML-5.3.1.tar.gz (269 kB)
Collecting requests==2.22.0
  Using cached requests-2.22.0-py2.py3-none-any.whl (57 kB)
Collecting ruamel.yaml==0.15.97
  Using cached ruamel.yaml-0.15.97-cp37-cp37m-manylinux1_x86_64.whl (653 kB)
Collecting s3transfer==0.1.12
  Using cached s3transfer-0.1.12-py2.py3-none-any.whl (59 kB)
Collecting safety==1.8.7
  Using cached safety-1.8.7-py2.py3-none-any.whl (14 kB)
Collecting sh==1.12.14
  Using cached sh-1.12.14-py2.py3-none-any.whl (38 kB)
Collecting six==1.14.0
  Using cached six-1.14.0-py2.py3-none-any.whl (10 kB)
Collecting smmap2==2.0.3
  Using cached smmap2-2.0.3-py2.py3-none-any.whl (27 kB)
Collecting snowballstemmer==1.2.1
  Using cached snowballstemmer-1.2.1-py2.py3-none-any.whl (64 kB)
Collecting sphinx-autobuild==0.7.1
  Using cached sphinx-autobuild-0.7.1.tar.gz (14 kB)
Collecting sphinx-rtd-theme==0.2.4
  Using cached sphinx_rtd_theme-0.2.4-py2.py3-none-any.whl (1.4 MB)
Collecting sphinx==1.6.3
  Using cached Sphinx-1.6.3-py2.py3-none-any.whl (1.9 MB)
Collecting sphinxcontrib-websupport==1.0.1
  Using cached sphinxcontrib_websupport-1.0.1-py2.py3-none-any.whl (26 kB)
Collecting stevedore==1.28.0
  Using cached stevedore-1.28.0-py2.py3-none-any.whl (39 kB)
Collecting tabulate==0.8.3
  Using cached tabulate-0.8.3.tar.gz (46 kB)
Collecting template-remover==0.1.9
  Using cached template-remover-0.1.9.tar.gz (7.1 kB)
Collecting testinfra==3.2.0
  Using cached testinfra-3.2.0-py2.py3-none-any.whl (66 kB)
Collecting toml==0.10.0
  Using cached toml-0.10.0-py2.py3-none-any.whl (25 kB)
Collecting tornado==4.5.1
  Using cached tornado-4.5.1.tar.gz (483 kB)
Collecting tree-format==0.1.2
  Using cached tree-format-0.1.2.tar.gz (4.0 kB)
Collecting typed-ast==1.4.1
  Using cached typed_ast-1.4.1-cp37-cp37m-manylinux1_x86_64.whl (737 kB)
Collecting typing-extensions==3.7.4.1
  Using cached typing_extensions-3.7.4.1-py3-none-any.whl (20 kB)
Collecting urllib3==1.25.8
  Using cached urllib3-1.25.8-py2.py3-none-any.whl (125 kB)
Collecting virtualenv==16.7.5
  Using cached virtualenv-16.7.5-py2.py3-none-any.whl (3.3 MB)
Collecting watchdog==0.8.3
  Using cached watchdog-0.8.3.tar.gz (83 kB)
Collecting wcwidth==0.1.7
  Using cached wcwidth-0.1.7-py2.py3-none-any.whl (21 kB)
Collecting websocket-client==0.44.0
  Using cached websocket_client-0.44.0-py2.py3-none-any.whl (199 kB)
Collecting whichcraft==0.4.1
  Using cached whichcraft-0.4.1-py2.py3-none-any.whl (5.1 kB)
Collecting wrapt==1.11.2
  Using cached wrapt-1.11.2.tar.gz (27 kB)
Collecting yamllint==1.17.0
  Using cached yamllint-1.17.0-py2.py3-none-any.whl (57 kB)
Collecting zipp==0.6.0
  Using cached zipp-0.6.0-py2.py3-none-any.whl (4.1 kB)
Collecting pip==19.1
  Using cached pip-19.1-py2.py3-none-any.whl (1.4 MB)
Collecting setuptools==46.0.0
  Using cached setuptools-46.0.0-py3-none-any.whl (582 kB)
Building wheels for collected packages: ansible, anyconfig, arrow, bcrypt, cerberus, cffi, click-completion, docopt, dparse, future, html-linter, livereload, nodeenv, pathspec, pathtools, port-for, psutil, pycparser, pyenchant, pynacl, pytest-xdist, python-vagrant, pyyaml, sphinx-autobuild, tabulate, template-remover, tornado, tree-format, watchdog, wrapt
  Building wheel for ansible (setup.py) ... done
  Created wheel for ansible: filename=ansible-2.9.7-py3-none-any.whl size=16169073 sha256=f376203ede729f118c446125186e6346e62eed19ad39500433e062f2caa8ae7f
  Stored in directory: /home/user/.cache/pip/wheels/46/6b/6f/b51b1644751fc09b957a9af8c58fab6606cf1d7c7d530e53e2
  Building wheel for anyconfig (setup.py) ... done
  Created wheel for anyconfig: filename=anyconfig-0.9.7-py3-none-any.whl size=60093 sha256=c457b07572739405f8167256aca5649330bd30478c90824ba1d71568903ba241
  Stored in directory: /home/user/.cache/pip/wheels/13/07/a3/f7d56c5ad0f60929dba33f34126327e98d538a75b925c24535
  Building wheel for arrow (setup.py) ... done
  Created wheel for arrow: filename=arrow-0.10.0-py2.py3-none-any.whl size=32852 sha256=a78e48790b4b34da8d296358907a9364c1e4019f088c442ec5609090460e7081
  Stored in directory: /home/user/.cache/pip/wheels/08/04/41/fc01ef75aa14872805f2283ef01954a539700a7a6435cf52f1
  Building wheel for bcrypt (setup.py) ... done
  Created wheel for bcrypt: filename=bcrypt-3.1.3-cp37-cp37m-linux_x86_64.whl size=62536 sha256=9e43ef50e44ac2690d715d21f848982d49fe8219188e47bdde0e05530496c29d
  Stored in directory: /home/user/.cache/pip/wheels/af/05/db/ec8bfecf1b99a175e62e918d2f891a5f9b1132d12ad2b32e6e
  Building wheel for cerberus (setup.py) ... done
  Created wheel for cerberus: filename=Cerberus-1.3.1-py3-none-any.whl size=54127 sha256=4ead6629a34e0c24e83ea5ee4a3a037455f0a1fe45be31804504b9a81528b386
  Stored in directory: /home/user/.cache/pip/wheels/c6/d3/b0/ff1650a3cb6b6f19ea314ec517a17d88a1a4a1181b5a209836
  Building wheel for cffi (setup.py) ... done
  Created wheel for cffi: filename=cffi-1.10.0-cp37-cp37m-linux_x86_64.whl size=331717 sha256=f6133817f48322fc5f6d7b00dcf98b2205dac7a84c2a6f3264bc45265a8ddf23
  Stored in directory: /home/user/.cache/pip/wheels/cc/8d/6c/d24a8db003ac4a51d9959a9985718fac84e1baa5ec6c42d115
  Building wheel for click-completion (setup.py) ... done
  Created wheel for click-completion: filename=click_completion-0.3.1-py3-none-any.whl size=7917 sha256=ea2c4d0d9cc9b57cde1639312dca678cde6589e672a80fd5bdb7df65be2a8b0a
  Stored in directory: /home/user/.cache/pip/wheels/9f/93/b8/481f2187c3b23cb0a01d649c0abb4d1ccf9947c409230c1101
  Building wheel for docopt (setup.py) ... done
  Created wheel for docopt: filename=docopt-0.6.2-py2.py3-none-any.whl size=13704 sha256=958006c29a2bc602f39b468c5264bbe470b5a2a927c7f53fcaee383d6d726dc3
  Stored in directory: /home/user/.cache/pip/wheels/72/b0/3f/1d95f96ff986c7dfffe46ce2be4062f38ebd04b506c77c81b9
  Building wheel for dparse (setup.py) ... done
  Created wheel for dparse: filename=dparse-0.4.1-py3-none-any.whl size=19513 sha256=645b9e942fc644b69df2bff6baaa3eef7fb5bc788d9486ac555cedcf31766c6f
  Stored in directory: /home/user/.cache/pip/wheels/71/4d/89/faf1d72f447af4ba171beff9447a110e24e28c530fba45d3da
  Building wheel for future (setup.py) ... done
  Created wheel for future: filename=future-0.16.0-py3-none-any.whl size=487800 sha256=d64e80c58361b2da14dfbe4ca94ceedeca130d694f308ef28beb2051c15dee0f
  Stored in directory: /home/user/.cache/pip/wheels/7c/09/6f/dfd31fb2ebe951aefbee461a0dfce1bdc2e4b2c1016e85d233
  Building wheel for html-linter (setup.py) ... done
  Created wheel for html-linter: filename=html_linter-0.4.0-py3-none-any.whl size=14334 sha256=fd8e5687b2ba843f19d449a838ec0912fda5500ec7de6bdaefa96249b7413de0
  Stored in directory: /home/user/.cache/pip/wheels/2e/50/9f/73a163b49962de66a9bcc0707dbb1519f553371422ed91c200
  Building wheel for livereload (setup.py) ... done
  Created wheel for livereload: filename=livereload-2.5.1-py3-none-any.whl size=22199 sha256=7ea57f29b97c372f0c54d706beb3588994332f49466f52aba67c94103d203752
  Stored in directory: /home/user/.cache/pip/wheels/e1/ae/c8/f567dc6cbbe80a849d5d269e955024aa79c0a875eea2474bae
  Building wheel for nodeenv (setup.py) ... done
  Created wheel for nodeenv: filename=nodeenv-1.3.3-py3-none-any.whl size=21346 sha256=7361331df0596481f5baccd22f18a7b1dded3ebb142b35d3a3baca2ffb651b0e
  Stored in directory: /home/user/.cache/pip/wheels/13/d3/6f/0e01c0c62414f74a97916cc97047c088f6acc8ce617d1b37ff
  Building wheel for pathspec (setup.py) ... done
  Created wheel for pathspec: filename=pathspec-0.5.5-py3-none-any.whl size=24229 sha256=26072197e6a16e533cba87a8d629c63883cc824a8a4b4444ab5116f6eb70f85b
  Stored in directory: /home/user/.cache/pip/wheels/09/97/ce/98234adaab0cf5b2c3a1b6610ada24e6f7ab3675fff4e0b8b2
  Building wheel for pathtools (setup.py) ... done
  Created wheel for pathtools: filename=pathtools-0.1.2-py3-none-any.whl size=8784 sha256=4ce07507443a3bbea7a488e612edacc92d98bbf38d9d79bbd7bd6f0e05f0419b
  Stored in directory: /home/user/.cache/pip/wheels/3e/31/09/fa59cef12cdcfecc627b3d24273699f390e71828921b2cbba2
  Building wheel for port-for (setup.py) ... done
  Created wheel for port-for: filename=port_for-0.3.1-py3-none-any.whl size=19605 sha256=fac0ddb515282f6123c53cb3aa8945c5afc5ac6124a3be1d4e911fae54ad46f0
  Stored in directory: /home/user/.cache/pip/wheels/a0/3a/de/2fee22649fd79d152f8726b86b9dec6fd35924e71d8e4c2bf2
  Building wheel for psutil (setup.py) ... done
  Created wheel for psutil: filename=psutil-5.7.0-cp37-cp37m-linux_x86_64.whl size=282439 sha256=a78eb670d5194bec40e1a5e82766594cf13861aeaa7a1106abaa8b25c27f2c69
  Stored in directory: /home/user/.cache/pip/wheels/b6/e7/50/aee9cc966163d74430f13f208171dee22f11efa4a4a826661c
  Building wheel for pycparser (setup.py) ... done
  Created wheel for pycparser: filename=pycparser-2.18-py2.py3-none-any.whl size=205695 sha256=2697bb20d3e571b7a374d2532ca0a31cd869f25188152769948c265f889ca085
  Stored in directory: /home/user/.cache/pip/wheels/5d/c6/29/87a8bb797e60b55a91bd0a1e8455365c5f5dff9fc45c05f3e4
  Building wheel for pyenchant (setup.py) ... done
  Created wheel for pyenchant: filename=pyenchant-2.0.0-py2.py3.cp27.cp32.cp33.cp34.cp35.cp36.pp27.pp33.pp35-none-any.whl size=71148 sha256=fdba9e002c0a1e29bf9ba397fc90ddf2f35310a9260440bfc8f99f6c95c396e3
  Stored in directory: /home/user/.cache/pip/wheels/b3/a1/1f/9f401bb462dc2815fad237aa51b7fc9c6ea68760a468a5113f
  Building wheel for pynacl (setup.py) ... done
  Created wheel for pynacl: filename=PyNaCl-1.1.2-cp37-cp37m-linux_x86_64.whl size=670047 sha256=47d7f473ab73a04bc9fe723a93717f2fa7d5277a6a032a4d0353f6d307742b80
  Stored in directory: /home/user/.cache/pip/wheels/de/0e/97/dbf5e8f88b4eb199d5bd738b291cd770f5dc1f3c59f0595480
  Building wheel for pytest-xdist (PEP 517) ... done
  Created wheel for pytest-xdist: filename=pytest_xdist-1.18.2-py2.py3-none-any.whl size=26343 sha256=d56af7591ed147caf3123b3ae7df9a0fc9b8a755670eeb0fe1286961b7ef6e3f
  Stored in directory: /home/user/.cache/pip/wheels/a1/ef/c5/2f26f7285bcf4bc1e301a244e8f20280b47541c2e393c74f67
  Building wheel for python-vagrant (setup.py) ... done
  Created wheel for python-vagrant: filename=python_vagrant-0.5.15-py3-none-any.whl size=18432 sha256=fb3955c7abf10c69021311d6dfebdcc50bc690170654cb5994f682f437527dc3
  Stored in directory: /home/user/.cache/pip/wheels/a1/9e/8f/6d84a01c39978f584d03e873cbd99d2c41415695a0fa5c1f5c
  Building wheel for pyyaml (setup.py) ... done
  Created wheel for pyyaml: filename=PyYAML-5.3.1-cp37-cp37m-linux_x86_64.whl size=44619 sha256=2d59701aa9a420d1a95740d7413a7e961930360a165dafcd4199ba9e02567bb8
  Stored in directory: /home/user/.cache/pip/wheels/5e/03/1e/e1e954795d6f35dfc7b637fe2277bff021303bd9570ecea653
  Building wheel for sphinx-autobuild (setup.py) ... done
  Created wheel for sphinx-autobuild: filename=sphinx_autobuild-0.7.1-py3-none-any.whl size=10075 sha256=612fc8336796d996df68697838e84f9aa47239b179f8c58db68a79277099eaee
  Stored in directory: /home/user/.cache/pip/wheels/b5/33/11/03f2a5fbd63cd60617cbb411d619008e8e4e0100aa3b21ecda
  Building wheel for tabulate (setup.py) ... done
  Created wheel for tabulate: filename=tabulate-0.8.3-py3-none-any.whl size=23378 sha256=ec8b6030b2d8d5453d83e8027af9497c4dfa4ece777088b68671a0fa803dd5a5
  Stored in directory: /home/user/.cache/pip/wheels/b8/a2/a6/812a8a9735b090913e109133c7c20aaca4cf07e8e18837714f
  Building wheel for template-remover (setup.py) ... done
  Created wheel for template-remover: filename=template_remover-0.1.9-py3-none-any.whl size=7047 sha256=2816c6c5431117be82b3fa129eff8ebc4f94633e769bb030edc698043bd114b6
  Stored in directory: /home/user/.cache/pip/wheels/18/3f/f0/67e5e9e4ed02275ac31bf76b2fca329ae79687eaf5913ee8f3
  Building wheel for tornado (setup.py) ... done
  Created wheel for tornado: filename=tornado-4.5.1-cp37-cp37m-linux_x86_64.whl size=433583 sha256=3e83a1efbf1eb3a814c1b2489240909f19a30ef5bba5cf7e6b6c8f71f2c54e0e
  Stored in directory: /home/user/.cache/pip/wheels/54/ed/cd/fe2215fcdebaead8dc507d4db4bfafb0794a5699c2b7718b72
  Building wheel for tree-format (setup.py) ... done
  Created wheel for tree-format: filename=tree_format-0.1.2-py3-none-any.whl size=5410 sha256=2890cd51c708c36c8905842106e86ef173ab6401b459570620b30ead77389a88
  Stored in directory: /home/user/.cache/pip/wheels/dd/b2/d1/6ac00b8fe427c28f3f3a39563977cd0667296720b3d9c19f6a
  Building wheel for watchdog (setup.py) ... done
  Created wheel for watchdog: filename=watchdog-0.8.3-py3-none-any.whl size=72888 sha256=efcf9819cb88a2ebc0a88d2ebbea6ad610d511c71a0c0b453a8e8bc083274607
  Stored in directory: /home/user/.cache/pip/wheels/16/4f/26/0777341ab2dc4d05f304bd5f97e7f807a8a5778b7d73bb102a
  Building wheel for wrapt (setup.py) ... done
  Created wheel for wrapt: filename=wrapt-1.11.2-cp37-cp37m-linux_x86_64.whl size=73133 sha256=a1ec7ff63e5cc654932c40c91820a4d66c426f7d3966a7d83262d5f2267ca4c9
  Stored in directory: /home/user/.cache/pip/wheels/23/5f/62/304b411f20be41821465a82bc98baabc5e68c3cdd1eb99db71
Successfully built ansible anyconfig arrow bcrypt cerberus cffi click-completion docopt dparse future html-linter livereload nodeenv pathspec pathtools port-for psutil pycparser pyenchant pynacl pytest-xdist python-vagrant pyyaml sphinx-autobuild tabulate template-remover tornado tree-format watchdog wrapt
Installing collected packages: alabaster, ansible-lint, ansible, anyconfig, apipkg, argh, arrow, asn1crypto, aspy.yaml, astroid, babel, bandit, bcrypt, binaryornot, boto3, boto, botocore, cerberus, certifi, cffi, cfgv, chardet, click-completion, click, colorama, cookiecutter, cryptography, dnspython, docker-py, docker-pycreds, docopt, docutils, dparse, entrypoints, execnet, fasteners, flake8, future, git-url-parse, gitdb2, gitpython, html-linter, identify, idna, imagesize, importlib-metadata, importlib-resources, isort, jinja2-time, jinja2, jmespath, lazy-object-proxy, livereload, markupsafe, mccabe, molecule, monotonic, more-itertools, mypy-extensions, mypy, netaddr, nodeenv, packaging, paramiko, pathspec, pathtools, pbr, pexpect, pip-tools, port-for, poyo, pre-commit, prompt-toolkit, psutil, ptyprocess, py, pycodestyle, pycparser, pyenchant, pyflakes, pygments, pylint, pynacl, pyparsing, pytest-xdist, pytest, python-dateutil, python-gilt, python-vagrant, pytz, pyyaml, requests, ruamel.yaml, s3transfer, safety, sh, six, smmap2, snowballstemmer, sphinx-autobuild, sphinx-rtd-theme, sphinx, sphinxcontrib-websupport, stevedore, tabulate, template-remover, testinfra, toml, tornado, tree-format, typed-ast, typing-extensions, urllib3, virtualenv, watchdog, wcwidth, websocket-client, whichcraft, wrapt, yamllint, zipp, pip, setuptools
  Attempting uninstall: pip
    Found existing installation: pip 20.1
    Uninstalling pip-20.1:
      Successfully uninstalled pip-20.1
  Attempting uninstall: setuptools
    Found existing installation: setuptools 46.2.0
    Uninstalling setuptools-46.2.0:
      Successfully uninstalled setuptools-46.2.0
Successfully installed alabaster-0.7.10 ansible-2.9.7 ansible-lint-4.1.0 anyconfig-0.9.7 apipkg-1.4 argh-0.26.2 arrow-0.10.0 asn1crypto-0.22.0 aspy.yaml-1.3.0 astroid-2.4.0 babel-2.4.0 bandit-1.4.0 bcrypt-3.1.3 binaryornot-0.4.4 boto-2.48.0 boto3-1.5.24 botocore-1.8.38 cerberus-1.3.1 certifi-2017.7.27.1 cffi-1.10.0 cfgv-2.0.1 chardet-3.0.4 click-6.7 click-completion-0.3.1 colorama-0.3.9 cookiecutter-1.6.0 cryptography-2.7 dnspython-1.15.0 docker-py-1.10.6 docker-pycreds-0.2.1 docopt-0.6.2 docutils-0.14 dparse-0.4.1 entrypoints-0.3 execnet-1.4.1 fasteners-0.14.1 flake8-3.7.7 future-0.16.0 git-url-parse-1.0.2 gitdb2-2.0.3 gitpython-2.1.8 html-linter-0.4.0 identify-1.4.7 idna-2.5 imagesize-0.7.1 importlib-metadata-0.23 importlib-resources-1.0.2 isort-4.2.15 jinja2-2.10.1 jinja2-time-0.2.0 jmespath-0.9.3 lazy-object-proxy-1.4.3 livereload-2.5.1 markupsafe-1.1.1 mccabe-0.6.1 molecule-2.22 monotonic-1.4 more-itertools-7.2.0 mypy-0.761 mypy-extensions-0.4.3 netaddr-0.7.19 nodeenv-1.3.3 packaging-16.8 paramiko-2.6.0 pathspec-0.5.5 pathtools-0.1.2 pbr-5.1.1 pexpect-4.6.0 pip-19.1 pip-tools-4.0.0 port-for-0.3.1 poyo-0.4.1 pre-commit-1.18.3 prompt-toolkit-2.0.9 psutil-5.7.0 ptyprocess-0.5.2 py-1.4.34 pycodestyle-2.5.0 pycparser-2.18 pyenchant-2.0.0 pyflakes-2.1.1 pygments-2.2.0 pylint-2.5.0 pynacl-1.1.2 pyparsing-2.2.0 pytest-3.2.0 pytest-xdist-1.18.2 python-dateutil-2.6.1 python-gilt-1.2.1 python-vagrant-0.5.15 pytz-2017.2 pyyaml-5.3.1 requests-2.22.0 ruamel.yaml-0.15.97 s3transfer-0.1.12 safety-1.8.7 setuptools-46.0.0 sh-1.12.14 six-1.14.0 smmap2-2.0.3 snowballstemmer-1.2.1 sphinx-1.6.3 sphinx-autobuild-0.7.1 sphinx-rtd-theme-0.2.4 sphinxcontrib-websupport-1.0.1 stevedore-1.28.0 tabulate-0.8.3 template-remover-0.1.9 testinfra-3.2.0 toml-0.10.0 tornado-4.5.1 tree-format-0.1.2 typed-ast-1.4.1 typing-extensions-3.7.4.1 urllib3-1.25.8 virtualenv-16.7.5 watchdog-0.8.3 wcwidth-0.1.7 websocket-client-0.44.0 whichcraft-0.4.1 wrapt-1.11.2 yamllint-1.17.0 zipp-0.6.0
(securedrop) user@builder-disposable:~/securedrop$ ls
admin        build         CODE_OF_CONDUCT.md  devops  git            journalist_gui  LICENSE   MANIFEST.in  mypy.ini   securedrop        SECURITY.md  SOURCE_OFFER  update_version.sh
ansible.cfg  changelog.md  CONTRIBUTING.md     docs    install_files  junit           Makefile  molecule     README.md  securedrop-admin  setup.py     tails_files   Vagrantfile
(securedrop) user@builder-disposable:~/securedrop$ make build-debs
Building SecureDrop Debian packages...
Using active Python 3 virtualenv in /home/user/.virtualenvs/securedrop
--> Validating schema /home/user/securedrop/molecule/libvirt-staging-xenial/molecule.yml.
Validation completed successfully.
--> Validating schema /home/user/securedrop/molecule/upgrade/molecule.yml.
Validation completed successfully.
--> Validating schema /home/user/securedrop/molecule/vagrant-packager/molecule.yml.
Validation completed successfully.
--> Validating schema /home/user/securedrop/molecule/builder-xenial/molecule.yml.
Validation completed successfully.
--> Validating schema /home/user/securedrop/molecule/ansible-config/molecule.yml.
Validation completed successfully.
--> Validating schema /home/user/securedrop/molecule/qubes-staging/molecule.yml.
Validation completed successfully.
--> Validating schema /home/user/securedrop/molecule/virtualbox-staging-xenial/molecule.yml.
Validation completed successfully.
--> Validating schema /home/user/securedrop/molecule/fetch-tor-packages/molecule.yml.
Validation completed successfully.
--> Test matrix
    
└── builder-xenial
    ├── destroy
    ├── create
    ├── converge
    ├── verify
    └── destroy
    
--> Inventory /home/user/securedrop/molecule/builder-xenial/../../install_files/ansible-base/group_vars linked to /home/user/.cache/molecule/securedrop/builder-xenial/inventory/group_vars
--> Scenario: 'builder-xenial'
--> Action: 'destroy'
--> Sanity checks: 'docker'
    
    PLAY [Destroy] *****************************************************************
    
    TASK [Destroy molecule instance(s)] ********************************************
    ok: [localhost] => (item={'name': 'xenial-sd-app', 'groups': ['builders']})
    ok: [localhost] => (item={'name': 'xenial-sd-generic-ossec-agent', 'groups': ['builders']})
    ok: [localhost] => (item={'name': 'xenial-sd-generic-ossec-server', 'groups': ['builders']})
    ok: [localhost] => (item={'name': 'xenial-sd-generic-ossec-agent2', 'groups': ['builders']})
    ok: [localhost] => (item={'name': 'xenial-sd-generic-ossec-server2', 'groups': ['builders']})
    ok: [localhost] => (item={'name': 'xenial-sd-grsec', 'groups': ['builders']})
    ok: [localhost] => (item={'name': 'xenial-sd-config', 'groups': ['builders']})
    ok: [localhost] => (item={'name': 'xenial-sd-keyring', 'groups': ['builders']})
    ok: [localhost] => (item={'name': 'xenial-sd-sec-update', 'groups': ['builders']})
    ok: [localhost] => (item={'name': 'xenial-sd-dpkg-verification', 'groups': ['testers']})
    
    PLAY RECAP *********************************************************************
    localhost                  : ok=1    changed=0    unreachable=0    failed=0    skipped=0    rescued=0    ignored=0
    
--> Inventory /home/user/securedrop/molecule/builder-xenial/../../install_files/ansible-base/group_vars linked to /home/user/.cache/molecule/securedrop/builder-xenial/inventory/group_vars
--> Scenario: 'builder-xenial'
--> Action: 'create'
--> Sanity checks: 'docker'
    
    PLAY [Create] ******************************************************************
    
    TASK [debug] *******************************************************************
    ok: [localhost] => {
        "msg": "Building with Docker image quay.io/freedomofpress/sd-docker-builder-xenial@sha256:07745b5cb2227ce041eac41efa5642c0fe65c69433e9a2e478eeba2a3a631b8c"
    }
    
    TASK [Create builders] *********************************************************
    changed: [localhost] => (item={'name': 'xenial-sd-app', 'groups': ['builders']})
    changed: [localhost] => (item={'name': 'xenial-sd-generic-ossec-agent', 'groups': ['builders']})
    changed: [localhost] => (item={'name': 'xenial-sd-generic-ossec-server', 'groups': ['builders']})
    changed: [localhost] => (item={'name': 'xenial-sd-generic-ossec-agent2', 'groups': ['builders']})
    changed: [localhost] => (item={'name': 'xenial-sd-generic-ossec-server2', 'groups': ['builders']})
    changed: [localhost] => (item={'name': 'xenial-sd-grsec', 'groups': ['builders']})
    changed: [localhost] => (item={'name': 'xenial-sd-config', 'groups': ['builders']})
    changed: [localhost] => (item={'name': 'xenial-sd-keyring', 'groups': ['builders']})
    changed: [localhost] => (item={'name': 'xenial-sd-sec-update', 'groups': ['builders']})
    changed: [localhost] => (item={'name': 'xenial-sd-dpkg-verification', 'groups': ['testers']})
    
    PLAY RECAP *********************************************************************
    localhost                  : ok=2    changed=1    unreachable=0    failed=0    skipped=0    rescued=0    ignored=0
    
--> Inventory /home/user/securedrop/molecule/builder-xenial/../../install_files/ansible-base/group_vars linked to /home/user/.cache/molecule/securedrop/builder-xenial/inventory/group_vars
--> Scenario: 'builder-xenial'
--> Action: 'converge'
    
    PLAY [Build SecureDrop application Debian package from local repository.] ******
    
    TASK [Gathering Facts] *********************************************************
    ok: [xenial-sd-generic-ossec-agent2]
    ok: [xenial-sd-generic-ossec-server]
    ok: [xenial-sd-app]
    ok: [xenial-sd-generic-ossec-agent]
    ok: [xenial-sd-config]
    
    TASK [build-securedrop-app-code-deb-pkg : Copy install_files/securedrop-app-code to prep directory] ***
    changed: [xenial-sd-app]
    
    TASK [Gathering Facts] *********************************************************
    ok: [xenial-sd-sec-update]
    ok: [xenial-sd-keyring]
    ok: [xenial-sd-generic-ossec-server2]
    ok: [xenial-sd-grsec]
    
    TASK [build-securedrop-app-code-deb-pkg : Copy app code to prep directory under var/www/securedrop] ***
    changed: [xenial-sd-app]
    
    TASK [build-securedrop-app-code-deb-pkg : Copy setup.py to prep directory] *****
    changed: [xenial-sd-app]
    
    TASK [build-securedrop-app-code-deb-pkg : Copy MANIFEST.in to prep directory] ***
    changed: [xenial-sd-app]
    
    TASK [build-securedrop-app-code-deb-pkg : Copy requirements.txt to prep directory] ***
    changed: [xenial-sd-app]
[DEPRECATION WARNING]: Invoking "apt" only once while using a loop via 
squash_actions is deprecated. Instead of using a loop to supply multiple items 
and specifying `name: "{{ item }}"`, please use `name: '{{ 
build_ossec_deb_pkg_dependencies }}'` and remove the loop. This feature will be
 removed in version 2.11. Deprecation warnings can be disabled by setting 
deprecation_warnings=False in ansible.cfg.
    
    TASK [build-ossec-deb-pkg : Create src path folder] ****************************
    changed: [xenial-sd-generic-ossec-server] => (item=/tmp/build/ossec-server)
    
    TASK [build-securedrop-app-code-deb-pkg : Install sass Ruby gem] ***************
    changed: [xenial-sd-app]
    
    TASK [build-ossec-deb-pkg : Create src path folder] ****************************
    ok: [xenial-sd-generic-ossec-server] => (item=/tmp/build)
[DEPRECATION WARNING]: Invoking "apt" only once while using a loop via 
squash_actions is deprecated. Instead of using a loop to supply multiple items 
and specifying `name: "{{ item }}"`, please use `name: '{{ 
build_ossec_deb_pkg_dependencies }}'` and remove the loop. This feature will be
 removed in version 2.11. Deprecation warnings can be disabled by setting 
deprecation_warnings=False in ansible.cfg.
    
    TASK [build-securedrop-app-code-deb-pkg : Create static asset directories.] ****
    changed: [xenial-sd-app] => (item=/tmp/securedrop-app-code_1.3.0+xenial_amd64-prep/var/www/securedrop/static/css)
[DEPRECATION WARNING]: Invoking "apt" only once while using a loop via 
squash_actions is deprecated. Instead of using a loop to supply multiple items 
and specifying `name: "{{ item }}"`, please use `name: '{{ 
build_ossec_deb_pkg_dependencies }}'` and remove the loop. This feature will be
 removed in version 2.11. Deprecation warnings can be disabled by setting 
deprecation_warnings=False in ansible.cfg.
    changed: [xenial-sd-app] => (item=/tmp/securedrop-app-code_1.3.0+xenial_amd64-prep/var/www/securedrop/static/gen)
    changed: [xenial-sd-app] => (item=/tmp/securedrop-app-code_1.3.0+xenial_amd64-prep/var/www/securedrop/static/.webassets-cache)
[DEPRECATION WARNING]: Invoking "apt" only once while using a loop via 
squash_actions is deprecated. Instead of using a loop to supply multiple items 
and specifying `name: "{{ item }}"`, please use `name: '{{ 
build_ossec_deb_pkg_dependencies }}'` and remove the loop. This feature will be
 removed in version 2.11. Deprecation warnings can be disabled by setting 
deprecation_warnings=False in ansible.cfg.
[DEPRECATION WARNING]: Invoking "apt" only once while using a loop via 
squash_actions is deprecated. Instead of using a loop to supply multiple items 
and specifying `name: "{{ item }}"`, please use `name: '{{ 
build_ossec_deb_pkg_dependencies }}'` and remove the loop. This feature will be
 removed in version 2.11. Deprecation warnings can be disabled by setting 
deprecation_warnings=False in ansible.cfg.
[DEPRECATION WARNING]: Invoking "apt" only once while using a loop via 
squash_actions is deprecated. Instead of using a loop to supply multiple items 
and specifying `name: "{{ item }}"`, please use `name: '{{ 
build_ossec_deb_pkg_dependencies }}'` and remove the loop. This feature will be
 removed in version 2.11. Deprecation warnings can be disabled by setting 
deprecation_warnings=False in ansible.cfg.
[DEPRECATION WARNING]: Invoking "apt" only once while using a loop via 
squash_actions is deprecated. Instead of using a loop to supply multiple items 
and specifying `name: "{{ item }}"`, please use `name: '{{ 
build_ossec_deb_pkg_dependencies }}'` and remove the loop. This feature will be
 removed in version 2.11. Deprecation warnings can be disabled by setting 
deprecation_warnings=False in ansible.cfg.
    
    TASK [build-securedrop-app-code-deb-pkg : Compile SASS to CSS.] ****************
    changed: [xenial-sd-app]
    
    TASK [build-securedrop-app-code-deb-pkg : Remove temporary SASS directory from package build directory.] ***
    changed: [xenial-sd-app] => (item=sass)
[DEPRECATION WARNING]: Invoking "apt" only once while using a loop via 
squash_actions is deprecated. Instead of using a loop to supply multiple items 
and specifying `name: "{{ item }}"`, please use `name: '{{ 
build_ossec_deb_pkg_dependencies }}'` and remove the loop. This feature will be
 removed in version 2.11. Deprecation warnings can be disabled by setting 
deprecation_warnings=False in ansible.cfg.
    changed: [xenial-sd-app] => (item=.sass-cache)
    
    TASK [build-ossec-deb-pkg : Install python-requests for URL fetching] **********
    changed: [xenial-sd-generic-ossec-server]
    
    TASK [build-ossec-deb-pkg : Create src path folder] ****************************
    changed: [xenial-sd-generic-ossec-agent] => (item=/tmp/build/ossec-agent)
    
    TASK [build-ossec-deb-pkg : Copy over current directory for repo build] ********
    changed: [xenial-sd-generic-ossec-server]
    
    TASK [build-ossec-deb-pkg : Create src path folder] ****************************
    ok: [xenial-sd-generic-ossec-agent] => (item=/tmp/build)
    
    TASK [build-ossec-deb-pkg : Include OSSEC download URLs.] **********************
    ok: [xenial-sd-generic-ossec-server]
[DEPRECATION WARNING]: Invoking "apt" only once while using a loop via 
squash_actions is deprecated. Instead of using a loop to supply multiple items 
and specifying `name: "{{ item }}"`, please use `name: '{{ 
build_ossec_deb_pkg_dependencies }}'` and remove the loop. This feature will be
 removed in version 2.11. Deprecation warnings can be disabled by setting 
deprecation_warnings=False in ansible.cfg.
    
    TASK [build-ossec-deb-pkg : Download OSSEC tarball.] ***************************
    changed: [xenial-sd-generic-ossec-server]
    
    TASK [build-generic-pkg : Find any jinja templates] ****************************
    ok: [xenial-sd-config -> localhost]
    
    TASK [build-ossec-deb-pkg : Download OSSEC signature.] *************************
    changed: [xenial-sd-generic-ossec-server]
    
    TASK [build-generic-pkg : Find any jinja templates] ****************************
    ok: [xenial-sd-config -> localhost]
[DEPRECATION WARNING]: Invoking "apt" only once while using a loop via 
squash_actions is deprecated. Instead of using a loop to supply multiple items 
and specifying `name: "{{ item }}"`, please use `name: '{{ 
build_ossec_deb_pkg_dependencies }}'` and remove the loop. This feature will be
 removed in version 2.11. Deprecation warnings can be disabled by setting 
deprecation_warnings=False in ansible.cfg.
    
    TASK [build-ossec-deb-pkg : Copy OSSEC archive GPG key.] ***********************
    changed: [xenial-sd-generic-ossec-server]
    
    TASK [build-ossec-deb-pkg : Install python-requests for URL fetching] **********
    changed: [xenial-sd-generic-ossec-agent]
[DEPRECATION WARNING]: Invoking "apt" only once while using a loop via 
squash_actions is deprecated. Instead of using a loop to supply multiple items 
and specifying `name: "{{ item }}"`, please use `name: '{{ 
build_ossec_deb_pkg_dependencies }}'` and remove the loop. This feature will be
 removed in version 2.11. Deprecation warnings can be disabled by setting 
deprecation_warnings=False in ansible.cfg.
    
    TASK [build-ossec-deb-pkg : Copy over current directory for repo build] ********
    changed: [xenial-sd-generic-ossec-agent]
[DEPRECATION WARNING]: Invoking "apt" only once while using a loop via 
squash_actions is deprecated. Instead of using a loop to supply multiple items 
and specifying `name: "{{ item }}"`, please use `name: '{{ 
build_ossec_deb_pkg_dependencies }}'` and remove the loop. This feature will be
 removed in version 2.11. Deprecation warnings can be disabled by setting 
deprecation_warnings=False in ansible.cfg.
[DEPRECATION WARNING]: Invoking "apt" only once while using a loop via 
squash_actions is deprecated. Instead of using a loop to supply multiple items 
and specifying `name: "{{ item }}"`, please use `name: '{{ 
build_ossec_deb_pkg_dependencies }}'` and remove the loop. This feature will be
 removed in version 2.11. Deprecation warnings can be disabled by setting 
deprecation_warnings=False in ansible.cfg.
    
    TASK [build-ossec-deb-pkg : Import OSSEC archive GPG key.] *********************
    changed: [xenial-sd-generic-ossec-server]
    
    TASK [build-generic-pkg : Find any jinja templates] ****************************
    ok: [xenial-sd-generic-ossec-agent2 -> localhost]
    
    TASK [build-ossec-deb-pkg : Include OSSEC download URLs.] **********************
    ok: [xenial-sd-generic-ossec-agent]
    
    TASK [build-generic-pkg : Find any jinja templates] ****************************
    ok: [xenial-sd-config -> localhost]
    
    TASK [build-ossec-deb-pkg : Verify signature of OSSEC tarball.] ****************
    changed: [xenial-sd-generic-ossec-server]
[DEPRECATION WARNING]: Invoking "apt" only once while using a loop via 
squash_actions is deprecated. Instead of using a loop to supply multiple items 
and specifying `name: "{{ item }}"`, please use `name: '{{ 
build_ossec_deb_pkg_dependencies }}'` and remove the loop. This feature will be
 removed in version 2.11. Deprecation warnings can be disabled by setting 
deprecation_warnings=False in ansible.cfg.
    
    TASK [build-ossec-deb-pkg : Download OSSEC tarball.] ***************************
    changed: [xenial-sd-generic-ossec-agent]
    
    TASK [build-generic-pkg : Reduce weird path re-usage] **************************
    ok: [xenial-sd-generic-ossec-agent2]
    
    TASK [build-generic-pkg : Find any jinja templates] ****************************
    ok: [xenial-sd-config -> localhost]
    
    TASK [build-ossec-deb-pkg : Download OSSEC signature.] *************************
    changed: [xenial-sd-generic-ossec-agent]
    
    TASK [build-generic-pkg : Ensure build directory in-place] *********************
    ok: [xenial-sd-generic-ossec-agent2]
    
    TASK [build-generic-pkg : Copy app code to build directory.] *******************
    changed: [xenial-sd-generic-ossec-agent2]
    
    TASK [build-generic-pkg : Find any jinja templates] ****************************
    ok: [xenial-sd-generic-ossec-agent2 -> localhost]
    
    TASK [build-generic-pkg : Reduce weird path re-usage] **************************
    ok: [xenial-sd-config]
    
    TASK [build-ossec-deb-pkg : Copy OSSEC archive GPG key.] ***********************
    changed: [xenial-sd-generic-ossec-agent]
    
    TASK [build-generic-pkg : Reduce weird path re-usage] **************************
    ok: [xenial-sd-generic-ossec-server2]
    
    TASK [build-generic-pkg : Ensure build directory in-place] *********************
    ok: [xenial-sd-config]
    
    TASK [build-ossec-deb-pkg : Install apt dependencies for building OSSEC packages.] ***
    changed: [xenial-sd-generic-ossec-server] => (item=libevent1-dev)
    
    TASK [build-ossec-deb-pkg : Import OSSEC archive GPG key.] *********************
    changed: [xenial-sd-generic-ossec-agent]
    
    TASK [build-generic-pkg : run bash script to build generic packages] ***********
    changed: [xenial-sd-generic-ossec-agent2]
    
    TASK [build-generic-pkg : Ensure build directory in-place] *********************
    ok: [xenial-sd-generic-ossec-server2]
    
    TASK [build-generic-pkg : Copy app code to build directory.] *******************
    changed: [xenial-sd-config]
    
    TASK [build-generic-pkg : Find any jinja templates] ****************************
    ok: [xenial-sd-config -> localhost]
    
    TASK [build-ossec-deb-pkg : Verify signature of OSSEC tarball.] ****************
    changed: [xenial-sd-generic-ossec-agent]
[DEPRECATION WARNING]: Invoking "apt" only once while using a loop via 
squash_actions is deprecated. Instead of using a loop to supply multiple items 
and specifying `name: "{{ item }}"`, please use `name: '{{ 
build_ossec_deb_pkg_dependencies }}'` and remove the loop. This feature will be
 removed in version 2.11. Deprecation warnings can be disabled by setting 
deprecation_warnings=False in ansible.cfg.
    
    TASK [build-generic-pkg : Copy app code to build directory.] *******************
    changed: [xenial-sd-generic-ossec-server2]
    
    TASK [build-generic-pkg : Track down package] **********************************
    ok: [xenial-sd-generic-ossec-agent2]
    
    TASK [build-generic-pkg : Find any jinja templates] ****************************
    ok: [xenial-sd-generic-ossec-server2 -> localhost]
    
    TASK [build-generic-pkg : run bash script to build generic packages] ***********
    changed: [xenial-sd-config]
    
    TASK [build-generic-pkg : Fetch back package] **********************************
    changed: [xenial-sd-generic-ossec-agent2] => (item={'gr_name': 'root', 'mode': '0644', 'uid': 0, 'rgrp': True, 'isreg': True, 'isfifo': False, 'wgrp': False, 'path': '/tmp/securedrop-ossec-agent-3.6.0+1.3.0-amd64.deb', 'roth': True, 'isdir': False, 'rusr': True, 'dev': 84, 'ctime': 1589317403.566, 'pw_name': 'root', 'atime': 1589317403.566, 'islnk': False, 'gid': 0, 'xgrp': False, 'ischr': False, 'xoth': False, 'woth': False, 'mtime': 1589317403.566, 'isblk': False, 'xusr': False, 'issock': False, 'nlink': 1, 'inode': 1450238, 'wusr': True, 'isuid': False, 'isgid': False, 'size': 3620})
    
    TASK [build-generic-pkg : Find any jinja templates] ****************************
    ok: [xenial-sd-grsec -> localhost]
    
    TASK [build-generic-pkg : Track down package] **********************************
    ok: [xenial-sd-config]
    
    TASK [build-ossec-deb-pkg : Install apt dependencies for building OSSEC packages.] ***
    changed: [xenial-sd-generic-ossec-server] => (item=libpcre2-dev)
    
    TASK [build-generic-pkg : Fetch back package] **********************************
    changed: [xenial-sd-config] => (item={'path': '/tmp/securedrop-config-0.1.3+1.3.0-amd64.deb', 'xoth': False, 'isfifo': False, 'mtime': 1589317414.635, 'uid': 0, 'pw_name': 'root', 'inode': 1450263, 'isreg': True, 'wusr': True, 'roth': True, 'woth': False, 'islnk': False, 'nlink': 1, 'dev': 120, 'mode': '0644', 'xusr': False, 'isuid': False, 'wgrp': False, 'atime': 1589317414.635, 'xgrp': False, 'isblk': False, 'rusr': True, 'ischr': False, 'size': 2732, 'issock': False, 'gr_name': 'root', 'isgid': False, 'rgrp': True, 'ctime': 1589317414.635, 'gid': 0, 'isdir': False})
    
    TASK [build-generic-pkg : run bash script to build generic packages] ***********
    changed: [xenial-sd-generic-ossec-server2]
    
    TASK [build-generic-pkg : Find any jinja templates] ****************************
    ok: [xenial-sd-generic-ossec-agent2 -> localhost]
    
    TASK [build-generic-pkg : Track down package] **********************************
    ok: [xenial-sd-generic-ossec-server2]
    
    TASK [build-ossec-deb-pkg : Extract OSSEC source tarball.] *********************
    changed: [xenial-sd-generic-ossec-server]
    
    TASK [build-ossec-deb-pkg : Install apt dependencies for building OSSEC packages.] ***
    changed: [xenial-sd-generic-ossec-agent] => (item=libevent1-dev)
    
    TASK [build-generic-pkg : Find any jinja templates] ****************************
    ok: [xenial-sd-keyring -> localhost]
    ok: [xenial-sd-sec-update -> localhost]
    
    TASK [build-generic-pkg : Fetch back package] **********************************
    changed: [xenial-sd-generic-ossec-server2] => (item={'xusr': False, 'xoth': False, 'pw_name': 'root', 'woth': False, 'wusr': True, 'isgid': False, 'ctime': 1589317421.868, 'gr_name': 'root', 'path': '/tmp/securedrop-ossec-server-3.6.0+1.3.0-amd64.deb', 'ischr': False, 'gid': 0, 'uid': 0, 'mode': '0644', 'rusr': True, 'isfifo': False, 'issock': False, 'xgrp': False, 'nlink': 1, 'isuid': False, 'roth': True, 'isblk': False, 'isreg': True, 'isdir': False, 'islnk': False, 'size': 6680, 'inode': 1322002, 'atime': 1589317421.868, 'dev': 96, 'rgrp': True, 'mtime': 1589317421.868, 'wgrp': False})
    
    TASK [build-ossec-deb-pkg : Create /etc directory within source directory.] ****
    ok: [xenial-sd-generic-ossec-server]
    
    TASK [build-generic-pkg : Find any jinja templates] ****************************
    ok: [xenial-sd-grsec -> localhost]
    
    TASK [build-generic-pkg : Find any jinja templates] ****************************
    ok: [xenial-sd-generic-ossec-agent2 -> localhost]
    
    TASK [build-generic-pkg : Find any jinja templates] ****************************
    ok: [xenial-sd-generic-ossec-server2 -> localhost]
    
    TASK [build-ossec-deb-pkg : Copy OSSEC preloaded vars template.] ***************
    changed: [xenial-sd-generic-ossec-server]
    
    TASK [build-ossec-deb-pkg : Disable JIT in OSSEC Makefile] *********************
    changed: [xenial-sd-generic-ossec-server]
    
    TASK [build-generic-pkg : Find any jinja templates] ****************************
    ok: [xenial-sd-keyring -> localhost]
    
    TASK [build-generic-pkg : Find any jinja templates] ****************************
    ok: [xenial-sd-generic-ossec-agent2 -> localhost]
    
    TASK [build-generic-pkg : Find any jinja templates] ****************************
    ok: [xenial-sd-sec-update -> localhost]
    
    TASK [build-ossec-deb-pkg : Install apt dependencies for building OSSEC packages.] ***
    changed: [xenial-sd-generic-ossec-agent] => (item=libpcre2-dev)
    
    TASK [build-generic-pkg : Find any jinja templates] ****************************
    ok: [xenial-sd-grsec -> localhost]
    ok: [xenial-sd-generic-ossec-server2 -> localhost]
    
    TASK [build-ossec-deb-pkg : Extract OSSEC source tarball.] *********************
    changed: [xenial-sd-generic-ossec-agent]
    
    TASK [build-generic-pkg : Reduce weird path re-usage] **************************
    ok: [xenial-sd-keyring]
    
    TASK [build-generic-pkg : Reduce weird path re-usage] **************************
    ok: [xenial-sd-grsec]
    
    TASK [build-ossec-deb-pkg : Create /etc directory within source directory.] ****
    ok: [xenial-sd-generic-ossec-agent]
    
    TASK [build-generic-pkg : Ensure build directory in-place] *********************
    ok: [xenial-sd-keyring]
    
    TASK [build-generic-pkg : Find any jinja templates] ****************************
    ok: [xenial-sd-sec-update -> localhost]
    
    TASK [build-generic-pkg : Ensure build directory in-place] *********************
    ok: [xenial-sd-grsec]
    
    TASK [build-generic-pkg : Copy app code to build directory.] *******************
    changed: [xenial-sd-keyring]
    
    TASK [build-generic-pkg : Find any jinja templates] ****************************
    ok: [xenial-sd-generic-ossec-server2 -> localhost]
    
    TASK [build-generic-pkg : Find any jinja templates] ****************************
    ok: [xenial-sd-keyring -> localhost]
    
    TASK [build-generic-pkg : Copy app code to build directory.] *******************
    changed: [xenial-sd-grsec]
    
    TASK [build-generic-pkg : Find any jinja templates] ****************************
    ok: [xenial-sd-grsec -> localhost]
    
    TASK [build-ossec-deb-pkg : Copy OSSEC preloaded vars template.] ***************
    changed: [xenial-sd-generic-ossec-agent]
    
    TASK [build-generic-pkg : Create any necessary parent directories for jinja files] ***
    ok: [xenial-sd-grsec] => (item={'path': '/home/user/securedrop/install_files/securedrop-grsec/DEBIAN/control.j2', 'mode': '0644', 'isdir': False, 'ischr': False, 'isblk': False, 'isreg': True, 'isfifo': False, 'islnk': False, 'issock': False, 'uid': 1000, 'gid': 1000, 'size': 501, 'inode': 1265, 'dev': 51728, 'nlink': 1, 'atime': 1589315936.513, 'mtime': 1589315893.464, 'ctime': 1589315893.464, 'gr_name': 'user', 'pw_name': 'user', 'wusr': True, 'rusr': True, 'xusr': False, 'wgrp': False, 'rgrp': True, 'xgrp': False, 'woth': False, 'roth': True, 'xoth': False, 'isuid': False, 'isgid': False})
    
    TASK [build-ossec-deb-pkg : Disable JIT in OSSEC Makefile] *********************
    changed: [xenial-sd-generic-ossec-agent]
    
    TASK [build-generic-pkg : run bash script to build generic packages] ***********
    changed: [xenial-sd-keyring]
    
    TASK [build-generic-pkg : Track down package] **********************************
    ok: [xenial-sd-keyring]
    
    TASK [build-generic-pkg : Template out any jinja files found and copy over] ****
    changed: [xenial-sd-grsec] => (item={'path': '/home/user/securedrop/install_files/securedrop-grsec/DEBIAN/control.j2', 'mode': '0644', 'isdir': False, 'ischr': False, 'isblk': False, 'isreg': True, 'isfifo': False, 'islnk': False, 'issock': False, 'uid': 1000, 'gid': 1000, 'size': 501, 'inode': 1265, 'dev': 51728, 'nlink': 1, 'atime': 1589315936.513, 'mtime': 1589315893.464, 'ctime': 1589315893.464, 'gr_name': 'user', 'pw_name': 'user', 'wusr': True, 'rusr': True, 'xusr': False, 'wgrp': False, 'rgrp': True, 'xgrp': False, 'woth': False, 'roth': True, 'xoth': False, 'isuid': False, 'isgid': False})
    
    TASK [build-generic-pkg : run bash script to build generic packages] ***********
    changed: [xenial-sd-grsec]
    
    TASK [build-generic-pkg : Fetch back package] **********************************
    changed: [xenial-sd-keyring] => (item={'ctime': 1589317474.864, 'isdir': False, 'issock': False, 'gr_name': 'root', 'xgrp': False, 'isreg': True, 'rusr': True, 'nlink': 1, 'dev': 132, 'rgrp': True, 'woth': False, 'isblk': False, 'xusr': False, 'ischr': False, 'isgid': False, 'inode': 1450565, 'size': 4764, 'isuid': False, 'wusr': True, 'roth': True, 'uid': 0, 'wgrp': False, 'pw_name': 'root', 'isfifo': False, 'mode': '0644', 'path': '/tmp/securedrop-keyring-0.1.3+1.3.0-amd64.deb', 'islnk': False, 'xoth': False, 'gid': 0, 'mtime': 1589317474.864, 'atime': 1589317474.864})
    
    TASK [build-generic-pkg : Find any jinja templates] ****************************
    ok: [xenial-sd-sec-update -> localhost]
    
    TASK [build-ossec-deb-pkg : Run OSSEC installer script on extracted source.] ***
    changed: [xenial-sd-generic-ossec-server]
    
    TASK [build-generic-pkg : Find any jinja templates] ****************************
    ok: [xenial-sd-generic-ossec-server2 -> localhost]
    
    TASK [build-generic-pkg : Track down package] **********************************
    ok: [xenial-sd-grsec]
    
    TASK [build-generic-pkg : Find any jinja templates] ****************************
    ok: [xenial-sd-keyring -> localhost]
    
    TASK [build-ossec-deb-pkg : Create OSSEC build directory.] *********************
    changed: [xenial-sd-generic-ossec-server] => (item=/tmp/build/ossec-server-3.6.0-amd64)
    
    TASK [build-generic-pkg : Fetch back package] **********************************
    changed: [xenial-sd-grsec] => (item={'isgid': False, 'mtime': 1589317483.456, 'isblk': False, 'nlink': 1, 'islnk': False, 'gr_name': 'root', 'xoth': False, 'rgrp': True, 'isreg': True, 'xusr': False, 'mode': '0644', 'gid': 0, 'dev': 108, 'path': '/tmp/securedrop-grsec-4.14.175-amd64.deb', 'ctime': 1589317483.456, 'woth': False, 'roth': True, 'wusr': True, 'wgrp': False, 'inode': 1450590, 'isdir': False, 'uid': 0, 'atime': 1589317483.456, 'rusr': True, 'size': 2286, 'pw_name': 'root', 'xgrp': False, 'issock': False, 'isfifo': False, 'isuid': False, 'ischr': False})
    
    TASK [build-ossec-deb-pkg : Create OSSEC build directory.] *********************
    changed: [xenial-sd-generic-ossec-server] => (item=/tmp/build/ossec-server-3.6.0-amd64/var)
    
    TASK [build-generic-pkg : Find any jinja templates] ****************************
    ok: [xenial-sd-grsec -> localhost]
    ok: [xenial-sd-sec-update -> localhost]
    
    TASK [build-ossec-deb-pkg : Run OSSEC installer script on extracted source.] ***
    changed: [xenial-sd-generic-ossec-agent]
    
    TASK [build-ossec-deb-pkg : Remove client.keys to avoid overwriting existing client.keys] ***
    changed: [xenial-sd-generic-ossec-server]
    
    TASK [build-generic-pkg : Find any jinja templates] ****************************
    ok: [xenial-sd-keyring -> localhost]
    
    TASK [build-securedrop-app-code-deb-pkg : Install SecureDrop Python requirements in container] ***
    changed: [xenial-sd-app]
    
    TASK [build-ossec-deb-pkg : Create OSSEC build directory.] *********************
    changed: [xenial-sd-generic-ossec-agent] => (item=/tmp/build/ossec-agent-3.6.0-amd64)
    
    TASK [build-ossec-deb-pkg : Copy /var/ossec/ to OSSEC build directory.] ********
    changed: [xenial-sd-generic-ossec-server]
    
    TASK [build-ossec-deb-pkg : Create OSSEC build directory.] *********************
    changed: [xenial-sd-generic-ossec-agent] => (item=/tmp/build/ossec-agent-3.6.0-amd64/var)
    
    TASK [build-ossec-deb-pkg : Copy OSSEC DEBIAN package scripts to build directory.] ***
    changed: [xenial-sd-generic-ossec-server]
    
    TASK [build-ossec-deb-pkg : Remove client.keys to avoid overwriting existing client.keys] ***
    changed: [xenial-sd-generic-ossec-agent]
    
    TASK [build-securedrop-app-code-deb-pkg : Compile PO to MO.] *******************
    changed: [xenial-sd-app]
    
    TASK [build-ossec-deb-pkg : Copy OSSEC DEBIAN/control template to build directory.] ***
    changed: [xenial-sd-generic-ossec-server]
    
    TASK [build-ossec-deb-pkg : Copy /var/ossec/ to OSSEC build directory.] ********
    changed: [xenial-sd-generic-ossec-agent]
    
    TASK [build-securedrop-app-code-deb-pkg : Create apparmor.d directory in prep directory] ***
    changed: [xenial-sd-app]
    
    TASK [Update apt-cache for our security checker] *******************************
    changed: [xenial-sd-sec-update]
    
    TASK [build-ossec-deb-pkg : Copy OSSEC /usr and /etc directories to build directory.] ***
    changed: [xenial-sd-generic-ossec-server] => (item=etc)
    
    TASK [build-ossec-deb-pkg : Copy OSSEC DEBIAN package scripts to build directory.] ***
    changed: [xenial-sd-generic-ossec-agent]
    
    TASK [build-ossec-deb-pkg : Copy OSSEC /usr and /etc directories to build directory.] ***
    changed: [xenial-sd-generic-ossec-server] => (item=usr)
    
    TASK [build-securedrop-app-code-deb-pkg : Copy AppArmor profiles to prep path] ***
    changed: [xenial-sd-app] => (item=usr.sbin.tor)
    
    TASK [build-ossec-deb-pkg : Copy OSSEC DEBIAN/control template to build directory.] ***
    changed: [xenial-sd-generic-ossec-agent]
    
    TASK [build-securedrop-app-code-deb-pkg : Copy AppArmor profiles to prep path] ***
    changed: [xenial-sd-app] => (item=usr.sbin.apache2)
    
    TASK [build-ossec-deb-pkg : Copy OSSEC /usr and /etc directories to build directory.] ***
    changed: [xenial-sd-generic-ossec-agent] => (item=etc)
    
    TASK [build-ossec-deb-pkg : Build SecureDrop OSSEC deb package.] ***************
    changed: [xenial-sd-generic-ossec-server]
    
    TASK [build-ossec-deb-pkg : Copy OSSEC /usr and /etc directories to build directory.] ***
    changed: [xenial-sd-generic-ossec-agent] => (item=usr)
    
    TASK [build-securedrop-app-code-deb-pkg : Replace placeholder changelog to dist-specific changelog] ***
    changed: [xenial-sd-app]
    
    TASK [build-ossec-deb-pkg : Delete OSSEC build directories and config files.] ***
    changed: [xenial-sd-generic-ossec-server] => (item=/etc/init.d/ossec)
    
    TASK [build-securedrop-app-code-deb-pkg : Create lib/systemd/services directory in prep directory] ***
    changed: [xenial-sd-app]
    
    TASK [build-ossec-deb-pkg : Build SecureDrop OSSEC deb package.] ***************
    changed: [xenial-sd-generic-ossec-agent]
    
    TASK [build-ossec-deb-pkg : Delete OSSEC build directories and config files.] ***
    changed: [xenial-sd-generic-ossec-server] => (item=/etc/ossec-init.conf)
    changed: [xenial-sd-generic-ossec-server] => (item=/var/ossec)
    
    TASK [build-ossec-deb-pkg : Delete OSSEC build directories and config files.] ***
    changed: [xenial-sd-generic-ossec-agent] => (item=/etc/init.d/ossec)
    
    TASK [build-ossec-deb-pkg : Delete OSSEC build directories and config files.] ***
    changed: [xenial-sd-generic-ossec-server] => (item=/tmp/OSSEC-ARCHIVE-KEY.asc)
    
    TASK [build-securedrop-app-code-deb-pkg : Copy systemd service configurations to prep path] ***
    changed: [xenial-sd-app] => (item=securedrop_rqrequeue.service)
    
    TASK [build-ossec-deb-pkg : Delete OSSEC build directories and config files.] ***
    changed: [xenial-sd-generic-ossec-agent] => (item=/etc/ossec-init.conf)
    changed: [xenial-sd-generic-ossec-agent] => (item=/var/ossec)
    
    TASK [build-ossec-deb-pkg : Fetch newly built Debian packages back to localhost.] ***
    changed: [xenial-sd-generic-ossec-server]
    
    TASK [build-securedrop-app-code-deb-pkg : Copy systemd service configurations to prep path] ***
    changed: [xenial-sd-app] => (item=securedrop_rqworker.service)
    
    TASK [build-ossec-deb-pkg : Delete OSSEC build directories and config files.] ***
    changed: [xenial-sd-generic-ossec-agent] => (item=/tmp/OSSEC-ARCHIVE-KEY.asc)
    
    TASK [build-securedrop-app-code-deb-pkg : Copy systemd service configurations to prep path] ***
    changed: [xenial-sd-app] => (item=securedrop_shredder.service)
    
    TASK [build-ossec-deb-pkg : Fetch newly built Debian packages back to localhost.] ***
    changed: [xenial-sd-generic-ossec-agent]
[DEPRECATION WARNING]: Invoking "apt" only once while using a loop via 
squash_actions is deprecated. Instead of using a loop to supply multiple items 
and specifying `name: "{{ item }}"`, please use `name: '{{ 
build_ossec_deb_pkg_dependencies }}'` and remove the loop. This feature will be
 removed in version 2.11. Deprecation warnings can be disabled by setting 
deprecation_warnings=False in ansible.cfg.
    
    TASK [build-generic-pkg : Find any jinja templates] ****************************
    ok: [xenial-sd-generic-ossec-agent -> localhost]
    
    TASK [build-securedrop-app-code-deb-pkg : Create sdist in prep dir] ************
    changed: [xenial-sd-app]
    
    TASK [build-generic-pkg : Find any jinja templates] ****************************
    ok: [xenial-sd-generic-ossec-agent -> localhost]
    
    TASK [build-securedrop-app-code-deb-pkg : Create build dir] ********************
    changed: [xenial-sd-app]
    
    TASK [build-generic-pkg : Find any jinja templates] ****************************
    ok: [xenial-sd-generic-ossec-server -> localhost]
    
    TASK [build-securedrop-app-code-deb-pkg : Extract sdist to build dir] **********
    changed: [xenial-sd-app]
    
    TASK [build-generic-pkg : Find any jinja templates] ****************************
    ok: [xenial-sd-generic-ossec-agent -> localhost]
    
    TASK [build-generic-pkg : Find any jinja templates] ****************************
    ok: [xenial-sd-generic-ossec-server -> localhost]
    
    TASK [build-securedrop-app-code-deb-pkg : Create empty static asset directories in build dir] ***
    changed: [xenial-sd-app] => (item=/tmp/securedrop-app-code_1.3.0+xenial_amd64/var/www/securedrop/static/gen)
    changed: [xenial-sd-app] => (item=/tmp/securedrop-app-code_1.3.0+xenial_amd64/var/www/securedrop/static/.webassets-cache)
    
    TASK [build-generic-pkg : Find any jinja templates] ****************************
    ok: [xenial-sd-generic-ossec-agent -> localhost]
    
    TASK [build-securedrop-app-code-deb-pkg : Create empty static asset directories in build dir] ***
    changed: [xenial-sd-app] => (item=/tmp/securedrop-app-code_1.3.0+xenial_amd64/var/www/securedrop/.well-known/pki-validation)
    
    TASK [build-generic-pkg : Find any jinja templates] ****************************
    ok: [xenial-sd-generic-ossec-server -> localhost]
    
    TASK [build-generic-pkg : Find any jinja templates] ****************************
    ok: [xenial-sd-generic-ossec-agent -> localhost]
    
    TASK [build-generic-pkg : Find any jinja templates] ****************************
    ok: [xenial-sd-generic-ossec-server -> localhost]
    
    TASK [build-generic-pkg : Find any jinja templates] ****************************
    ok: [xenial-sd-generic-ossec-server -> localhost]
    
    TASK [build-securedrop-app-code-deb-pkg : Build securedrop-app-code Debian package] ***
    changed: [xenial-sd-app]
    
    TASK [build-securedrop-app-code-deb-pkg : Find newly built Debian package] *****
    ok: [xenial-sd-app]
    
    TASK [build-securedrop-app-code-deb-pkg : Fetch newly built Debian packages back to localhost] ***
    changed: [xenial-sd-app] => (item={'issock': False, 'isdir': False, 'uid': 0, 'path': '/tmp/securedrop-app-code_1.3.0+xenial.tar.gz', 'nlink': 1, 'isfifo': False, 'isgid': False, 'gid': 0, 'gr_name': 'root', 'xoth': False, 'ischr': False, 'xusr': False, 'inode': 1449727, 'roth': True, 'pw_name': 'root', 'isreg': True, 'wusr': True, 'mode': '0644', 'dev': 48, 'size': 1974344, 'rusr': True, 'atime': 1589317551.565, 'mtime': 1589317551.553, 'ctime': 1589317551.559, 'isuid': False, 'isblk': False, 'wgrp': False, 'xgrp': False, 'islnk': False, 'rgrp': True, 'woth': False})
    changed: [xenial-sd-app] => (item={'issock': False, 'isdir': False, 'uid': 0, 'path': '/tmp/securedrop-app-code_1.3.0+xenial_amd64.deb', 'nlink': 1, 'isfifo': False, 'isgid': False, 'gid': 0, 'gr_name': 'root', 'xoth': False, 'ischr': False, 'xusr': False, 'inode': 1450632, 'roth': True, 'pw_name': 'root', 'isreg': True, 'wusr': True, 'mode': '0644', 'dev': 48, 'size': 12596272, 'rusr': True, 'atime': 1589317691.958, 'mtime': 1589317691.733, 'ctime': 1589317691.733, 'isuid': False, 'isblk': False, 'wgrp': False, 'xgrp': False, 'islnk': False, 'rgrp': True, 'woth': False})
[DEPRECATION WARNING]: Invoking "apt" only once while using a loop via 
squash_actions is deprecated. Instead of using a loop to supply multiple items 
and specifying `name: "{{ item }}"`, please use `name: '{{ 
build_ossec_deb_pkg_dependencies }}'` and remove the loop. This feature will be
 removed in version 2.11. Deprecation warnings can be disabled by setting 
deprecation_warnings=False in ansible.cfg.
[DEPRECATION WARNING]: Invoking "apt" only once while using a loop via 
squash_actions is deprecated. Instead of using a loop to supply multiple items 
and specifying `name: "{{ item }}"`, please use `name: '{{ 
build_ossec_deb_pkg_dependencies }}'` and remove the loop. This feature will be
 removed in version 2.11. Deprecation warnings can be disabled by setting 
deprecation_warnings=False in ansible.cfg.
    
    TASK [build-generic-pkg : Find any jinja templates] ****************************
    ok: [xenial-sd-app -> localhost]
    
    TASK [build-generic-pkg : Find any jinja templates] ****************************
    ok: [xenial-sd-app -> localhost]
    
    TASK [build-generic-pkg : Find any jinja templates] ****************************
    ok: [xenial-sd-app -> localhost]
    
    TASK [build-generic-pkg : Find any jinja templates] ****************************
    ok: [xenial-sd-app -> localhost]
    
    TASK [build-generic-pkg : Find any jinja templates] ****************************
    ok: [xenial-sd-app -> localhost]
    
    PLAY [Give dpkg verify container access to debs] *******************************
    
    TASK [Discover local debian build files] ***************************************
    ok: [xenial-sd-dpkg-verification -> localhost]
    
    TASK [Create build dir] ********************************************************
    ok: [xenial-sd-dpkg-verification]
    
    TASK [Drop debian files into container] ****************************************
    changed: [xenial-sd-dpkg-verification] => (item={'path': '/home/user/securedrop/build/xenial/securedrop-config-0.1.3+1.3.0-amd64.deb', 'mode': '0600', 'isdir': False, 'ischr': False, 'isblk': False, 'isreg': True, 'isfifo': False, 'islnk': False, 'issock': False, 'uid': 1000, 'gid': 1000, 'size': 2732, 'inode': 2624, 'dev': 51728, 'nlink': 1, 'atime': 1589317421.61, 'mtime': 1589317421.61, 'ctime': 1589317421.61, 'gr_name': 'user', 'pw_name': 'user', 'wusr': True, 'rusr': True, 'xusr': False, 'wgrp': False, 'rgrp': False, 'xgrp': False, 'woth': False, 'roth': False, 'xoth': False, 'isuid': False, 'isgid': False})
    changed: [xenial-sd-dpkg-verification] => (item={'path': '/home/user/securedrop/build/xenial/ossec-server-3.6.0-amd64.deb', 'mode': '0600', 'isdir': False, 'ischr': False, 'isblk': False, 'isreg': True, 'isfifo': False, 'islnk': False, 'issock': False, 'uid': 1000, 'gid': 1000, 'size': 713616, 'inode': 2632, 'dev': 51728, 'nlink': 1, 'atime': 1589317529.79, 'mtime': 1589317529.789, 'ctime': 1589317529.789, 'gr_name': 'user', 'pw_name': 'user', 'wusr': True, 'rusr': True, 'xusr': False, 'wgrp': False, 'rgrp': False, 'xgrp': False, 'woth': False, 'roth': False, 'xoth': False, 'isuid': False, 'isgid': False})
    changed: [xenial-sd-dpkg-verification] => (item={'path': '/home/user/securedrop/build/xenial/securedrop-keyring-0.1.3+1.3.0-amd64.deb', 'mode': '0600', 'isdir': False, 'ischr': False, 'isblk': False, 'isreg': True, 'isfifo': False, 'islnk': False, 'issock': False, 'uid': 1000, 'gid': 1000, 'size': 4764, 'inode': 2628, 'dev': 51728, 'nlink': 1, 'atime': 1589317484.071, 'mtime': 1589317484.071, 'ctime': 1589317484.071, 'gr_name': 'user', 'pw_name': 'user', 'wusr': True, 'rusr': True, 'xusr': False, 'wgrp': False, 'rgrp': False, 'xgrp': False, 'woth': False, 'roth': False, 'xoth': False, 'isuid': False, 'isgid': False})
    changed: [xenial-sd-dpkg-verification] => (item={'path': '/home/user/securedrop/build/xenial/securedrop-ossec-server-3.6.0+1.3.0-amd64.deb', 'mode': '0600', 'isdir': False, 'ischr': False, 'isblk': False, 'isreg': True, 'isfifo': False, 'islnk': False, 'issock': False, 'uid': 1000, 'gid': 1000, 'size': 6680, 'inode': 2626, 'dev': 51728, 'nlink': 1, 'atime': 1589317432.554, 'mtime': 1589317432.554, 'ctime': 1589317432.554, 'gr_name': 'user', 'pw_name': 'user', 'wusr': True, 'rusr': True, 'xusr': False, 'wgrp': False, 'rgrp': False, 'xgrp': False, 'woth': False, 'roth': False, 'xoth': False, 'isuid': False, 'isgid': False})
    changed: [xenial-sd-dpkg-verification] => (item={'path': '/home/user/securedrop/build/xenial/ossec-agent-3.6.0-amd64.deb', 'mode': '0600', 'isdir': False, 'ischr': False, 'isblk': False, 'isreg': True, 'isfifo': False, 'islnk': False, 'issock': False, 'uid': 1000, 'gid': 1000, 'size': 283162, 'inode': 2630, 'dev': 51728, 'nlink': 1, 'atime': 1589317533.9, 'mtime': 1589317533.899, 'ctime': 1589317533.899, 'gr_name': 'user', 'pw_name': 'user', 'wusr': True, 'rusr': True, 'xusr': False, 'wgrp': False, 'rgrp': False, 'xgrp': False, 'woth': False, 'roth': False, 'xoth': False, 'isuid': False, 'isgid': False})
    changed: [xenial-sd-dpkg-verification] => (item={'path': '/home/user/securedrop/build/xenial/securedrop-app-code_1.3.0+xenial_amd64.deb', 'mode': '0600', 'isdir': False, 'ischr': False, 'isblk': False, 'isreg': True, 'isfifo': False, 'islnk': False, 'issock': False, 'uid': 1000, 'gid': 1000, 'size': 12596272, 'inode': 2633, 'dev': 51728, 'nlink': 1, 'atime': 1589317697.502, 'mtime': 1589317697.494, 'ctime': 1589317697.494, 'gr_name': 'user', 'pw_name': 'user', 'wusr': True, 'rusr': True, 'xusr': False, 'wgrp': False, 'rgrp': False, 'xgrp': False, 'woth': False, 'roth': False, 'xoth': False, 'isuid': False, 'isgid': False})
    changed: [xenial-sd-dpkg-verification] => (item={'path': '/home/user/securedrop/build/xenial/securedrop-ossec-agent-3.6.0+1.3.0-amd64.deb', 'mode': '0600', 'isdir': False, 'ischr': False, 'isblk': False, 'isreg': True, 'isfifo': False, 'islnk': False, 'issock': False, 'uid': 1000, 'gid': 1000, 'size': 3620, 'inode': 2623, 'dev': 51728, 'nlink': 1, 'atime': 1589317415.174, 'mtime': 1589317415.174, 'ctime': 1589317415.174, 'gr_name': 'user', 'pw_name': 'user', 'wusr': True, 'rusr': True, 'xusr': False, 'wgrp': False, 'rgrp': False, 'xgrp': False, 'woth': False, 'roth': False, 'xoth': False, 'isuid': False, 'isgid': False})
    changed: [xenial-sd-dpkg-verification] => (item={'path': '/home/user/securedrop/build/xenial/securedrop-grsec-4.14.175-amd64.deb', 'mode': '0600', 'isdir': False, 'ischr': False, 'isblk': False, 'isreg': True, 'isfifo': False, 'islnk': False, 'issock': False, 'uid': 1000, 'gid': 1000, 'size': 2286, 'inode': 2629, 'dev': 51728, 'nlink': 1, 'atime': 1589317491.427, 'mtime': 1589317491.427, 'ctime': 1589317491.427, 'gr_name': 'user', 'pw_name': 'user', 'wusr': True, 'rusr': True, 'xusr': False, 'wgrp': False, 'rgrp': False, 'xgrp': False, 'woth': False, 'roth': False, 'xoth': False, 'isuid': False, 'isgid': False})
    
    PLAY RECAP *********************************************************************
    xenial-sd-app              : ok=29   changed=22   unreachable=0    failed=0    skipped=89   rescued=0    ignored=0
    xenial-sd-config           : ok=12   changed=3    unreachable=0    failed=0    skipped=106  rescued=0    ignored=0
    xenial-sd-dpkg-verification : ok=3    changed=1    unreachable=0    failed=0    skipped=0    rescued=0    ignored=0
    xenial-sd-generic-ossec-agent : ok=30   changed=22   unreachable=0    failed=0    skipped=88   rescued=0    ignored=0
    xenial-sd-generic-ossec-agent2 : ok=12   changed=3    unreachable=0    failed=0    skipped=106  rescued=0    ignored=0
    xenial-sd-generic-ossec-server : ok=30   changed=22   unreachable=0    failed=0    skipped=88   rescued=0    ignored=0
    xenial-sd-generic-ossec-server2 : ok=12   changed=3    unreachable=0    failed=0    skipped=106  rescued=0    ignored=0
    xenial-sd-grsec            : ok=14   changed=4    unreachable=0    failed=0    skipped=104  rescued=0    ignored=0
    xenial-sd-keyring          : ok=12   changed=3    unreachable=0    failed=0    skipped=106  rescued=0    ignored=0
    xenial-sd-sec-update       : ok=7    changed=1    unreachable=0    failed=0    skipped=111  rescued=0    ignored=0
    
--> Inventory /home/user/securedrop/molecule/builder-xenial/../../install_files/ansible-base/group_vars linked to /home/user/.cache/molecule/securedrop/builder-xenial/inventory/group_vars
--> Scenario: 'builder-xenial'
--> Action: 'verify'
--> Executing Testinfra tests found in /home/user/securedrop/molecule/builder-xenial/tests//...
    ============================= test session starts ==============================
    platform linux -- Python 3.7.3, pytest-3.2.0, py-1.4.34, pluggy-0.4.0
    rootdir: /home/user/securedrop, inifile:
    plugins: testinfra-3.2.0, xdist-1.18.2
gw0 [225] / gw1 [225] / gw2 [225] / gw3 [225]
    scheduling tests via LoadScheduling
    .......................................................................................................................................................X.........................................................................
    ==================== 224 passed, 1 xpassed in 34.56 seconds ====================
Verifier completed successfully.
--> Inventory /home/user/securedrop/molecule/builder-xenial/../../install_files/ansible-base/group_vars linked to /home/user/.cache/molecule/securedrop/builder-xenial/inventory/group_vars
--> Scenario: 'builder-xenial'
--> Action: 'destroy'
    
    PLAY [Destroy] *****************************************************************
    
    TASK [Destroy molecule instance(s)] ********************************************
    changed: [localhost] => (item={'name': 'xenial-sd-app', 'groups': ['builders']})
    changed: [localhost] => (item={'name': 'xenial-sd-generic-ossec-agent', 'groups': ['builders']})
    changed: [localhost] => (item={'name': 'xenial-sd-generic-ossec-server', 'groups': ['builders']})
    changed: [localhost] => (item={'name': 'xenial-sd-generic-ossec-agent2', 'groups': ['builders']})
    changed: [localhost] => (item={'name': 'xenial-sd-generic-ossec-server2', 'groups': ['builders']})
    changed: [localhost] => (item={'name': 'xenial-sd-grsec', 'groups': ['builders']})
    changed: [localhost] => (item={'name': 'xenial-sd-config', 'groups': ['builders']})
    changed: [localhost] => (item={'name': 'xenial-sd-keyring', 'groups': ['builders']})
    changed: [localhost] => (item={'name': 'xenial-sd-sec-update', 'groups': ['builders']})
    changed: [localhost] => (item={'name': 'xenial-sd-dpkg-verification', 'groups': ['testers']})
    
    PLAY RECAP *********************************************************************
    localhost                  : ok=1    changed=1    unreachable=0    failed=0    skipped=0    rescued=0    ignored=0
    
--> Pruning extra files from scenario ephemeral directory

(securedrop) user@builder-disposable:~/securedrop$ sha256sum build/xenial/*
4cf3d884f9cc4ccd4fb0d4ed02ee322850ba2ac870c25722113324c8c3190881  build/xenial/ossec-agent-3.6.0-amd64.deb
b5bbb62feaad27a7201fc8ef80b960c5f3efae12264168fe60e21a49e9021094  build/xenial/ossec-server-3.6.0-amd64.deb
f58370a4cbc1390699d9fc7bf23c555bfcb35385e738fea1abade71382224519  build/xenial/securedrop-app-code_1.3.0+xenial_amd64.deb
dc1ca9628fa40da4513b15e02e048e70284b7b5702e920f645db876b80c1f919  build/xenial/securedrop-app-code_1.3.0+xenial.tar.gz
d9ea7d53d7893169f49c40db307ebc9445330f401fc7aa3d6a7023e099852965  build/xenial/securedrop-config-0.1.3+1.3.0-amd64.deb
240dc6820cd23f0604effe49272b18a63ae7d5ed2a066a7744c507fbf370e458  build/xenial/securedrop-grsec-4.14.175-amd64.deb
1c66309d689f175dbf1c4761e6c924839d95f324a1a49b2199feea041cf17de9  build/xenial/securedrop-keyring-0.1.3+1.3.0-amd64.deb
337903c9b485cb3983a040b723f4636fa315ce913b6f0c9627dd2931c34a060a  build/xenial/securedrop-ossec-agent-3.6.0+1.3.0-amd64.deb
bc303cd5bc8741b5bb10ba100e934d0e0b3a78d996a98ccbba81e42618040f23  build/xenial/securedrop-ossec-server-3.6.0+1.3.0-amd64.deb
 
