[user@fpf-dev-dvm:~] $
 $ git clone https://github.com/freedomofpress/securedrop
Cloning into 'securedrop'...
changing to directory securedrop
[user@fpf-dev-dvm:~/securedrop] develop 15s ±
 $ git tag -v 1.8.0-rc4
object 586d51e59d483e57723fd5b0048e3225920865f1
type commit
tag 1.8.0-rc4
tagger mickael e <mickael@freedom.press> 1615335463 -0500

SecureDrop 1.8.0-rc4
gpg: Signature made Tue 09 Mar 2021 04:17:49 PM PST
gpg:                using RSA key CEA523EEE625AA1AB88FDAD949F3ED89F8597EF7
gpg: Good signature from "Mickael E. <mickael@freedom.press>" [unknown]
gpg: WARNING: This key is not certified with a trusted signature!
gpg:          There is no indication that the signature belongs to the owner.
Primary key fingerprint: AF77 5782 949D 263D AABB  3387 AAFB 3575 FAC8 2745
     Subkey fingerprint: CEA5 23EE E625 AA1A B88F  DAD9 49F3 ED89 F859 7EF7
[user@fpf-dev-dvm:~/securedrop] develop 29s ±
 $ git checkout 1.8.0-rc4
Note: checking out '1.8.0-rc4'.

You are in 'detached HEAD' state. You can look around, make experimental
changes and commit them, and you can discard any commits you make in this
state without impacting any branches by performing another checkout.

If you want to create a new branch to retain commits you create, you may
do so (now or later) by using -b with the checkout command again. Example:

  git checkout -b <new-branch-name>

HEAD is now at 586d51e59 SecureDrop 1.8.0-rc4
[user@fpf-dev-dvm:~/securedrop] 586d51e59 32s ±
 $ mkvirtualenv -p $(which python3) -a $PWD sd
Already using interpreter /usr/bin/python3
Using base prefix '/usr'
New python executable in /home/user/.virtualenvs/sd/bin/python3
Also creating executable in /home/user/.virtualenvs/sd/bin/python
Installing setuptools, pkg_resources, pip, wheel...done.
Setting project for sd to /home/user/securedrop
[user@fpf-dev-dvm:~/securedrop] [sd] 586d51e59 54s ±
 $ pip install --require-hashes -r securedrop/requirements/python3/develop-requirements.txt
Ignoring pathlib2: markers 'python_version < "3.6"' don't match your environment
Collecting ansible-lint==4.2.0
  Downloading ansible_lint-4.2.0-py2.py3-none-any.whl (57 kB)
     |████████████████████████████████| 57 kB 3.9 MB/s
Collecting ansible==2.9.7
  Downloading ansible-2.9.7.tar.gz (14.2 MB)
     |████████████████████████████████| 14.2 MB 14.7 MB/s
Collecting apipkg==1.4
  Downloading apipkg-1.4-py2.py3-none-any.whl (6.6 kB)
Collecting argon2-cffi==20.1.0
  Downloading argon2_cffi-20.1.0-cp35-abi3-manylinux1_x86_64.whl (97 kB)
     |████████████████████████████████| 97 kB 6.8 MB/s
Collecting arrow==0.10.0
  Downloading arrow-0.10.0.tar.gz (86 kB)
     |████████████████████████████████| 86 kB 8.5 MB/s
Collecting aspy.yaml==1.3.0
  Downloading aspy.yaml-1.3.0-py2.py3-none-any.whl (3.5 kB)
Collecting astroid==2.4.0
  Downloading astroid-2.4.0-py3-none-any.whl (327 kB)
     |████████████████████████████████| 327 kB 41.0 MB/s
Collecting attrs==20.2.0
  Downloading attrs-20.2.0-py2.py3-none-any.whl (48 kB)
     |████████████████████████████████| 48 kB 3.4 MB/s
Collecting bandit==1.7.0
  Downloading bandit-1.7.0-py3-none-any.whl (115 kB)
     |████████████████████████████████| 115 kB 49.3 MB/s
Collecting bcrypt==3.1.3
  Downloading bcrypt-3.1.3.tar.gz (40 kB)
     |████████████████████████████████| 40 kB 8.7 MB/s
Collecting binaryornot==0.4.4
  Downloading binaryornot-0.4.4-py2.py3-none-any.whl (9.0 kB)
Collecting boto3==1.5.24
  Downloading boto3-1.5.24-py2.py3-none-any.whl (128 kB)
     |████████████████████████████████| 128 kB 16.9 MB/s
Collecting boto==2.48.0
  Downloading boto-2.48.0-py2.py3-none-any.whl (1.4 MB)
     |████████████████████████████████| 1.4 MB 31.1 MB/s
Collecting botocore==1.8.38
  Downloading botocore-1.8.38-py2.py3-none-any.whl (4.1 MB)
     |████████████████████████████████| 4.1 MB 6.9 MB/s
Collecting cerberus==1.3.1
  Downloading Cerberus-1.3.1.tar.gz (52 kB)
     |████████████████████████████████| 52 kB 1.6 MB/s
Collecting certifi==2017.7.27.1
  Downloading certifi-2017.7.27.1-py2.py3-none-any.whl (349 kB)
     |████████████████████████████████| 349 kB 22.2 MB/s
Collecting cffi==1.14.2
  Downloading cffi-1.14.2-cp37-cp37m-manylinux1_x86_64.whl (401 kB)
     |████████████████████████████████| 401 kB 33.2 MB/s
Collecting cfgv==2.0.1
  Downloading cfgv-2.0.1-py2.py3-none-any.whl (7.4 kB)
Collecting chardet==3.0.4
  Downloading chardet-3.0.4-py2.py3-none-any.whl (133 kB)
     |████████████████████████████████| 133 kB 28.7 MB/s
Collecting click-completion==0.5.2
  Downloading click-completion-0.5.2.tar.gz (10 kB)
Collecting click-help-colors==0.8
  Downloading click_help_colors-0.8-py3-none-any.whl (6.0 kB)
Collecting click==7.1.2
  Downloading click-7.1.2-py2.py3-none-any.whl (82 kB)
     |████████████████████████████████| 82 kB 1.8 MB/s
Collecting colorama==0.3.9
  Downloading colorama-0.3.9-py2.py3-none-any.whl (20 kB)
Collecting cookiecutter==1.6.0
  Downloading cookiecutter-1.6.0-py2.py3-none-any.whl (50 kB)
     |████████████████████████████████| 50 kB 8.5 MB/s
Collecting cryptography==3.2.1
  Downloading cryptography-3.2.1-cp35-abi3-manylinux2010_x86_64.whl (2.6 MB)
     |████████████████████████████████| 2.6 MB 26.2 MB/s
Collecting distro==1.5.0
  Downloading distro-1.5.0-py2.py3-none-any.whl (18 kB)
Collecting dnspython==1.15.0
  Downloading dnspython-1.15.0-py2.py3-none-any.whl (177 kB)
     |████████████████████████████████| 177 kB 18.3 MB/s
Collecting docker==4.4.2
  Downloading docker-4.4.2-py2.py3-none-any.whl (146 kB)
     |████████████████████████████████| 146 kB 52.2 MB/s
Collecting docopt==0.6.2
  Downloading docopt-0.6.2.tar.gz (25 kB)
Collecting docutils==0.14
  Downloading docutils-0.14-py3-none-any.whl (543 kB)
     |████████████████████████████████| 543 kB 16.5 MB/s
Collecting dparse==0.4.1
  Downloading dparse-0.4.1.tar.gz (31 kB)
Collecting entrypoints==0.3
  Downloading entrypoints-0.3-py2.py3-none-any.whl (11 kB)
Collecting execnet==1.4.1
  Downloading execnet-1.4.1-py2.py3-none-any.whl (40 kB)
     |████████████████████████████████| 40 kB 5.0 MB/s
Collecting fasteners==0.14.1
  Downloading fasteners-0.14.1-py2.py3-none-any.whl (20 kB)
Collecting flake8==3.7.7
  Downloading flake8-3.7.7-py2.py3-none-any.whl (68 kB)
     |████████████████████████████████| 68 kB 7.3 MB/s
Collecting future==0.16.0
  Downloading future-0.16.0.tar.gz (824 kB)
     |████████████████████████████████| 824 kB 19.7 MB/s
Collecting git-url-parse==1.0.2
  Downloading git_url_parse-1.0.2-py3-none-any.whl (5.4 kB)
Collecting gitdb2==2.0.3
  Downloading gitdb2-2.0.3-py2.py3-none-any.whl (63 kB)
     |████████████████████████████████| 63 kB 2.3 MB/s
Collecting gitpython==2.1.8
  Downloading GitPython-2.1.8-py2.py3-none-any.whl (448 kB)
     |████████████████████████████████| 448 kB 32.5 MB/s
Collecting html-linter==0.4.0
  Downloading html-linter-0.4.0.tar.gz (19 kB)
Collecting identify==1.4.7
  Downloading identify-1.4.7-py2.py3-none-any.whl (97 kB)
     |████████████████████████████████| 97 kB 5.9 MB/s
Collecting idna==2.5
  Downloading idna-2.5-py2.py3-none-any.whl (55 kB)
     |████████████████████████████████| 55 kB 3.0 MB/s
Collecting importlib-metadata==0.23
  Downloading importlib_metadata-0.23-py2.py3-none-any.whl (28 kB)
Collecting importlib-resources==1.5.0
  Downloading importlib_resources-1.5.0-py2.py3-none-any.whl (21 kB)
Collecting iniconfig==1.0.1
  Downloading iniconfig-1.0.1-py3-none-any.whl (4.2 kB)
Collecting isort==4.2.15
  Downloading isort-4.2.15-py2.py3-none-any.whl (43 kB)
     |████████████████████████████████| 43 kB 2.8 MB/s
Collecting jinja2-time==0.2.0
  Downloading jinja2_time-0.2.0-py2.py3-none-any.whl (6.4 kB)
Collecting jinja2==2.11.3
  Downloading Jinja2-2.11.3-py2.py3-none-any.whl (125 kB)
     |████████████████████████████████| 125 kB 43.8 MB/s
Collecting jmespath==0.9.3
  Downloading jmespath-0.9.3-py2.py3-none-any.whl (23 kB)
Collecting lazy-object-proxy==1.4.3
  Downloading lazy_object_proxy-1.4.3-cp37-cp37m-manylinux1_x86_64.whl (56 kB)
     |████████████████████████████████| 56 kB 6.2 MB/s
Collecting markupsafe==1.1.1
  Downloading MarkupSafe-1.1.1-cp37-cp37m-manylinux1_x86_64.whl (27 kB)
Collecting mccabe==0.6.1
  Downloading mccabe-0.6.1-py2.py3-none-any.whl (8.6 kB)
Collecting molecule-vagrant==0.3
  Downloading molecule_vagrant-0.3-py2.py3-none-any.whl (24 kB)
Collecting molecule==3.0.2.1
  Downloading molecule-3.0.2.1-py2.py3-none-any.whl (281 kB)
     |████████████████████████████████| 281 kB 31.0 MB/s
Collecting monotonic==1.4
  Downloading monotonic-1.4-py2.py3-none-any.whl (5.3 kB)
Collecting more-itertools==7.2.0
  Downloading more_itertools-7.2.0-py3-none-any.whl (57 kB)
     |████████████████████████████████| 57 kB 8.7 MB/s
Collecting mypy-extensions==0.4.3
  Downloading mypy_extensions-0.4.3-py2.py3-none-any.whl (4.5 kB)
Collecting mypy==0.761
  Downloading mypy-0.761-cp37-cp37m-manylinux1_x86_64.whl (24.1 MB)
     |████████████████████████████████| 24.1 MB 12.2 MB/s
Collecting netaddr==0.7.19
  Downloading netaddr-0.7.19-py2.py3-none-any.whl (1.6 MB)
     |████████████████████████████████| 1.6 MB 14.4 MB/s
Collecting nodeenv==1.3.3
  Downloading nodeenv-1.3.3.tar.gz (34 kB)
Collecting packaging==16.8
  Downloading packaging-16.8-py2.py3-none-any.whl (23 kB)
Collecting paramiko==2.6.0
  Downloading paramiko-2.6.0-py2.py3-none-any.whl (199 kB)
     |████████████████████████████████| 199 kB 29.5 MB/s
Collecting pathspec==0.5.5
  Downloading pathspec-0.5.5.tar.gz (21 kB)
Collecting pbr==5.1.1
  Downloading pbr-5.1.1-py2.py3-none-any.whl (106 kB)
     |████████████████████████████████| 106 kB 27.5 MB/s
Collecting pexpect==4.6.0
  Downloading pexpect-4.6.0-py2.py3-none-any.whl (57 kB)
     |████████████████████████████████| 57 kB 6.5 MB/s
Collecting pip-tools==4.5.1
  Downloading pip_tools-4.5.1-py2.py3-none-any.whl (41 kB)
     |████████████████████████████████| 41 kB 431 kB/s
Collecting pluggy==0.13.1
  Downloading pluggy-0.13.1-py2.py3-none-any.whl (18 kB)
Collecting poyo==0.4.1
  Downloading poyo-0.4.1-py2.py3-none-any.whl (12 kB)
Collecting pre-commit==1.18.3
  Downloading pre_commit-1.18.3-py2.py3-none-any.whl (154 kB)
     |████████████████████████████████| 154 kB 66.5 MB/s
Collecting prompt_toolkit==2.0.9
  Downloading prompt_toolkit-2.0.9-py3-none-any.whl (337 kB)
     |████████████████████████████████| 337 kB 20.2 MB/s
Collecting psutil==5.7.0
  Downloading psutil-5.7.0.tar.gz (449 kB)
     |████████████████████████████████| 449 kB 48.9 MB/s
Collecting ptyprocess==0.5.2
  Downloading ptyprocess-0.5.2-py2.py3-none-any.whl (39 kB)
Collecting py==1.10.0
  Downloading py-1.10.0-py2.py3-none-any.whl (97 kB)
     |████████████████████████████████| 97 kB 9.8 MB/s
Collecting pycodestyle==2.5.0
  Downloading pycodestyle-2.5.0-py2.py3-none-any.whl (51 kB)
     |████████████████████████████████| 51 kB 5.8 MB/s
Collecting pycparser==2.18
  Downloading pycparser-2.18.tar.gz (245 kB)
     |████████████████████████████████| 245 kB 16.5 MB/s
Collecting pyenchant==2.0.0
  Downloading pyenchant-2.0.0.tar.gz (64 kB)
     |████████████████████████████████| 64 kB 3.5 MB/s
Collecting pyflakes==2.1.1
  Downloading pyflakes-2.1.1-py2.py3-none-any.whl (59 kB)
     |████████████████████████████████| 59 kB 5.4 MB/s
Collecting pylint==2.5.0
  Downloading pylint-2.5.0-py3-none-any.whl (324 kB)
     |████████████████████████████████| 324 kB 16.9 MB/s
Collecting pynacl==1.1.2
  Downloading PyNaCl-1.1.2.tar.gz (3.1 MB)
     |████████████████████████████████| 3.1 MB 15.5 MB/s
Collecting pyparsing==2.2.0
  Downloading pyparsing-2.2.0-py2.py3-none-any.whl (56 kB)
     |████████████████████████████████| 56 kB 4.9 MB/s
Collecting pytest-forked==1.3.0
  Downloading pytest_forked-1.3.0-py2.py3-none-any.whl (4.7 kB)
Collecting pytest-xdist==2.1.0
  Downloading pytest_xdist-2.1.0-py3-none-any.whl (36 kB)
Collecting pytest==6.1.1
  Downloading pytest-6.1.1-py3-none-any.whl (272 kB)
     |████████████████████████████████| 272 kB 48.4 MB/s
Collecting python-dateutil==2.6.1
  Downloading python_dateutil-2.6.1-py2.py3-none-any.whl (194 kB)
     |████████████████████████████████| 194 kB 38.7 MB/s
Collecting python-gilt==1.2.1
  Downloading python_gilt-1.2.1-py3-none-any.whl (13 kB)
Collecting python-vagrant==0.5.15
  Downloading python-vagrant-0.5.15.tar.gz (29 kB)
Collecting pyyaml==5.3.1
  Downloading PyYAML-5.3.1.tar.gz (269 kB)
     |████████████████████████████████| 269 kB 13.6 MB/s
Collecting requests==2.22.0
  Downloading requests-2.22.0-py2.py3-none-any.whl (57 kB)
     |████████████████████████████████| 57 kB 5.1 MB/s
Collecting ruamel.yaml.clib==0.2.0
  Downloading ruamel.yaml.clib-0.2.0-cp37-cp37m-manylinux1_x86_64.whl (547 kB)
     |████████████████████████████████| 547 kB 43.1 MB/s
Collecting ruamel.yaml==0.16.10
  Downloading ruamel.yaml-0.16.10-py2.py3-none-any.whl (111 kB)
     |████████████████████████████████| 111 kB 60.4 MB/s
Collecting s3transfer==0.1.12
  Downloading s3transfer-0.1.12-py2.py3-none-any.whl (59 kB)
     |████████████████████████████████| 59 kB 11.6 MB/s
Collecting safety==1.8.7
  Downloading safety-1.8.7-py2.py3-none-any.whl (14 kB)
Collecting selinux==0.2.1
  Downloading selinux-0.2.1-py2.py3-none-any.whl (4.3 kB)
Collecting sh==1.12.14
  Downloading sh-1.12.14-py2.py3-none-any.whl (38 kB)
Collecting shellingham==1.3.2
  Downloading shellingham-1.3.2-py2.py3-none-any.whl (11 kB)
Collecting six==1.15.0
  Downloading six-1.15.0-py2.py3-none-any.whl (10 kB)
Collecting smmap2==2.0.3
  Downloading smmap2-2.0.3-py2.py3-none-any.whl (27 kB)
Collecting sqlalchemy-stubs==0.3
  Downloading sqlalchemy_stubs-0.3-py3-none-any.whl (115 kB)
     |████████████████████████████████| 115 kB 24.9 MB/s
Collecting stevedore==1.28.0
  Downloading stevedore-1.28.0-py2.py3-none-any.whl (39 kB)
Collecting tabulate==0.8.7
  Downloading tabulate-0.8.7-py3-none-any.whl (24 kB)
Collecting template-remover==0.1.9
  Downloading template-remover-0.1.9.tar.gz (7.1 kB)
Collecting testinfra==5.3.1
  Downloading testinfra-5.3.1-py3-none-any.whl (69 kB)
     |████████████████████████████████| 69 kB 8.5 MB/s
Collecting toml==0.10.0
  Downloading toml-0.10.0-py2.py3-none-any.whl (25 kB)
Collecting tree-format==0.1.2
  Downloading tree-format-0.1.2.tar.gz (4.0 kB)
Collecting typed-ast==1.4.1
  Downloading typed_ast-1.4.1-cp37-cp37m-manylinux1_x86_64.whl (737 kB)
     |████████████████████████████████| 737 kB 23.3 MB/s
Collecting typing-extensions==3.7.4.1
  Downloading typing_extensions-3.7.4.1-py3-none-any.whl (20 kB)
Collecting urllib3==1.25.10
  Downloading urllib3-1.25.10-py2.py3-none-any.whl (127 kB)
     |████████████████████████████████| 127 kB 37.0 MB/s
Collecting virtualenv==16.7.5
  Downloading virtualenv-16.7.5-py2.py3-none-any.whl (3.3 MB)
     |████████████████████████████████| 3.3 MB 19.8 MB/s
Collecting wcwidth==0.1.7
  Downloading wcwidth-0.1.7-py2.py3-none-any.whl (21 kB)
Collecting websocket-client==0.44.0
  Downloading websocket_client-0.44.0-py2.py3-none-any.whl (199 kB)
     |████████████████████████████████| 199 kB 28.7 MB/s
Collecting whichcraft==0.4.1
  Downloading whichcraft-0.4.1-py2.py3-none-any.whl (5.1 kB)
Collecting wrapt==1.11.2
  Downloading wrapt-1.11.2.tar.gz (27 kB)
Collecting yamllint==1.17.0
  Downloading yamllint-1.17.0-py2.py3-none-any.whl (57 kB)
     |████████████████████████████████| 57 kB 6.3 MB/s
Collecting zipp==0.6.0
  Downloading zipp-0.6.0-py2.py3-none-any.whl (4.1 kB)
Collecting pip==19.3.1
  Downloading pip-19.3.1-py2.py3-none-any.whl (1.4 MB)
     |████████████████████████████████| 1.4 MB 29.6 MB/s
Collecting setuptools==46.0.0
  Downloading setuptools-46.0.0-py3-none-any.whl (582 kB)
     |████████████████████████████████| 582 kB 19.7 MB/s
Building wheels for collected packages: ansible, arrow, bcrypt, cerberus, click-completion, docopt, dparse, future, html-linter, nodeenv, pathspec, psutil, pycparser, pyenchant, pynacl, python-vagrant, pyyaml, template-remover, tree-format, wrapt
  Building wheel for ansible (setup.py) ... done
  Created wheel for ansible: filename=ansible-2.9.7-py3-none-any.whl size=16169072 sha256=c02486b60f476b5c1085dd0efdc8f61a499b79e7e130573b468aa10d9c1d1417
  Stored in directory: /home/user/.cache/pip/wheels/46/6b/6f/b51b1644751fc09b957a9af8c58fab6606cf1d7c7d530e53e2
  Building wheel for arrow (setup.py) ... done
  Created wheel for arrow: filename=arrow-0.10.0-py2.py3-none-any.whl size=32852 sha256=bdecce01fb6ba357cf00df2a2429fd68cbce49f38e7ab83e7a96a743342f1cd9
  Stored in directory: /home/user/.cache/pip/wheels/08/04/41/fc01ef75aa14872805f2283ef01954a539700a7a6435cf52f1
  Building wheel for bcrypt (setup.py) ... done
  Created wheel for bcrypt: filename=bcrypt-3.1.3-cp37-cp37m-linux_x86_64.whl size=62546 sha256=71bd8ed7506f0c20202e643a6126b7dd2f7068ebb9fef85848651567234b53a4
  Stored in directory: /home/user/.cache/pip/wheels/af/05/db/ec8bfecf1b99a175e62e918d2f891a5f9b1132d12ad2b32e6e
  Building wheel for cerberus (setup.py) ... done
  Created wheel for cerberus: filename=Cerberus-1.3.1-py3-none-any.whl size=54128 sha256=102c86cf4ecccb9bcc975aefa28e7d5b39ac3968dbdccd48556de3124759a46a
  Stored in directory: /home/user/.cache/pip/wheels/c6/d3/b0/ff1650a3cb6b6f19ea314ec517a17d88a1a4a1181b5a209836
  Building wheel for click-completion (setup.py) ... done
  Created wheel for click-completion: filename=click_completion-0.5.2-py3-none-any.whl size=11193 sha256=83a15d7a0112f9eaab64159f9c6ccdaeeea5c11f0e84361a40587ad8a0ba8753
  Stored in directory: /home/user/.cache/pip/wheels/31/f0/f2/9a6863c99cbafd28edbad2f52336fa296e267a83378d57babd
  Building wheel for docopt (setup.py) ... done
  Created wheel for docopt: filename=docopt-0.6.2-py2.py3-none-any.whl size=13705 sha256=7f5e4d25eb313d4e5bdc1bbf95ae71a3c21f2c57fe69a2f641b461b2cfd97364
  Stored in directory: /home/user/.cache/pip/wheels/72/b0/3f/1d95f96ff986c7dfffe46ce2be4062f38ebd04b506c77c81b9
  Building wheel for dparse (setup.py) ... done
  Created wheel for dparse: filename=dparse-0.4.1-py3-none-any.whl size=19512 sha256=187d79a8fb40745670ef94aa1a1d3e7fbb108af08213a3ee35b89d0695c2305b
  Stored in directory: /home/user/.cache/pip/wheels/71/4d/89/faf1d72f447af4ba171beff9447a110e24e28c530fba45d3da
  Building wheel for future (setup.py) ... done
  Created wheel for future: filename=future-0.16.0-py3-none-any.whl size=487798 sha256=51e3c0282c27a0d40a65df3a4ff90f892f38bd25eb34158fae9f60f53991de8b
  Stored in directory: /home/user/.cache/pip/wheels/7c/09/6f/dfd31fb2ebe951aefbee461a0dfce1bdc2e4b2c1016e85d233
  Building wheel for html-linter (setup.py) ... done
  Created wheel for html-linter: filename=html_linter-0.4.0-py3-none-any.whl size=14336 sha256=f84b3aad86f1a5eddd17f2c3c1e09371ff2e121abd2533576b3ecbbad17cdef4
  Stored in directory: /home/user/.cache/pip/wheels/2e/50/9f/73a163b49962de66a9bcc0707dbb1519f553371422ed91c200
  Building wheel for nodeenv (setup.py) ... done
  Created wheel for nodeenv: filename=nodeenv-1.3.3-py3-none-any.whl size=21347 sha256=b8a5da4449a1de5a1a79f26278fbd56f2f94b5c40ee4fa72ef7b2541c25d2678
  Stored in directory: /home/user/.cache/pip/wheels/13/d3/6f/0e01c0c62414f74a97916cc97047c088f6acc8ce617d1b37ff
  Building wheel for pathspec (setup.py) ... done
  Created wheel for pathspec: filename=pathspec-0.5.5-py3-none-any.whl size=24228 sha256=12bc754dacfe876c6ea198d67ddebd8db1e9986f46aa83936feea9d1c6276020
  Stored in directory: /home/user/.cache/pip/wheels/09/97/ce/98234adaab0cf5b2c3a1b6610ada24e6f7ab3675fff4e0b8b2
  Building wheel for psutil (setup.py) ... done
  Created wheel for psutil: filename=psutil-5.7.0-cp37-cp37m-linux_x86_64.whl size=282516 sha256=8c822bd143a1d2e0b1e7a451e820078e98263015a85994e1bbc3fae8531a0100
  Stored in directory: /home/user/.cache/pip/wheels/b6/e7/50/aee9cc966163d74430f13f208171dee22f11efa4a4a826661c
  Building wheel for pycparser (setup.py) ... done
  Created wheel for pycparser: filename=pycparser-2.18-py2.py3-none-any.whl size=205730 sha256=eb97ccd22d97361ab52d20eac31eb537a370ffbe383f092deb87b6d4a29de00b
  Stored in directory: /home/user/.cache/pip/wheels/5d/c6/29/87a8bb797e60b55a91bd0a1e8455365c5f5dff9fc45c05f3e4
  Building wheel for pyenchant (setup.py) ... done
  Created wheel for pyenchant: filename=pyenchant-2.0.0-py2.py3.cp27.cp32.cp33.cp34.cp35.cp36.pp27.pp33.pp35-none-any.whl size=71147 sha256=fa33a3f0da0625ced2d71f82f2e8daf7b076537199437c8684077e1e34312c42
  Stored in directory: /home/user/.cache/pip/wheels/b3/a1/1f/9f401bb462dc2815fad237aa51b7fc9c6ea68760a468a5113f
  Building wheel for pynacl (setup.py) ... done
  Created wheel for pynacl: filename=PyNaCl-1.1.2-cp37-cp37m-linux_x86_64.whl size=670245 sha256=e67b2b113064ec1b72a196d8e6173563ffa9d6d75888a8b53be081ffa4bff899
  Stored in directory: /home/user/.cache/pip/wheels/de/0e/97/dbf5e8f88b4eb199d5bd738b291cd770f5dc1f3c59f0595480
  Building wheel for python-vagrant (setup.py) ... done
  Created wheel for python-vagrant: filename=python_vagrant-0.5.15-py3-none-any.whl size=18430 sha256=9029f03570515e09dbe218be81e19feb16c4cd8fa44d631d711e3b4f2f3213b1
  Stored in directory: /home/user/.cache/pip/wheels/a1/9e/8f/6d84a01c39978f584d03e873cbd99d2c41415695a0fa5c1f5c
  Building wheel for pyyaml (setup.py) ... done
  Created wheel for pyyaml: filename=PyYAML-5.3.1-cp37-cp37m-linux_x86_64.whl size=44620 sha256=6abf99a8d62950b0a3b9b801ca7606a34271b5a9c13ba50f84e1839856102ac4
  Stored in directory: /home/user/.cache/pip/wheels/5e/03/1e/e1e954795d6f35dfc7b637fe2277bff021303bd9570ecea653
  Building wheel for template-remover (setup.py) ... done
  Created wheel for template-remover: filename=template_remover-0.1.9-py3-none-any.whl size=7047 sha256=9dce34c2f97c0658cd14cff0db8b3ee051b7e7a50e9885c5d7b5d9a552d7f1db
  Stored in directory: /home/user/.cache/pip/wheels/18/3f/f0/67e5e9e4ed02275ac31bf76b2fca329ae79687eaf5913ee8f3
  Building wheel for tree-format (setup.py) ... done
  Created wheel for tree-format: filename=tree_format-0.1.2-py3-none-any.whl size=5412 sha256=7afb032b5f0a02aeab3776fefe174bffe27688f68d39e1eba9e50e4a00ab8ed7
  Stored in directory: /home/user/.cache/pip/wheels/dd/b2/d1/6ac00b8fe427c28f3f3a39563977cd0667296720b3d9c19f6a
  Building wheel for wrapt (setup.py) ... done
  Created wheel for wrapt: filename=wrapt-1.11.2-cp37-cp37m-linux_x86_64.whl size=73184 sha256=e43ff1c0ec81c0ec0ed2672e1e4298fb8fa77e973c6242263745454e15faaef6
  Stored in directory: /home/user/.cache/pip/wheels/23/5f/62/304b411f20be41821465a82bc98baabc5e68c3cdd1eb99db71
Successfully built ansible arrow bcrypt cerberus click-completion docopt dparse future html-linter nodeenv pathspec psutil pycparser pyenchant pynacl python-vagrant pyyaml template-remover tree-format wrapt
Installing collected packages: six, more-itertools, zipp, python-dateutil, pycparser, markupsafe, urllib3, pyyaml, pyparsing, pbr, monotonic, jinja2, importlib-metadata, idna, click, chardet, cffi, certifi, arrow, whichcraft, virtualenv, toml, smmap2, shellingham, sh, requests, pynacl, py, ptyprocess, poyo, pluggy, pathspec, packaging, nodeenv, jmespath, jinja2-time, iniconfig, identify, git-url-parse, future, fasteners, docutils, cryptography, colorama, cfgv, binaryornot, bcrypt, attrs, aspy.yaml, yamllint, wrapt, typing-extensions, typed-ast, tree-format, tabulate, setuptools, ruamel.yaml.clib, python-gilt, pytest, pre-commit, pexpect, paramiko, mypy-extensions, lazy-object-proxy, gitdb2, docopt, distro, cookiecutter, click-help-colors, click-completion, cerberus, botocore, apipkg, ansible, websocket-client, wcwidth, template-remover, stevedore, selinux, s3transfer, ruamel.yaml, python-vagrant, pytest-forked, pyflakes, pycodestyle, mypy, molecule, mccabe, isort, gitpython, execnet, entrypoints, dparse, astroid, testinfra, sqlalchemy-stubs, safety, pytest-xdist, pylint, pyenchant, psutil, prompt-toolkit, pip-tools, pip, netaddr, molecule-vagrant, importlib-resources, html-linter, flake8, docker, dnspython, boto3, boto, bandit, argon2-cffi, ansible-lint
  Attempting uninstall: setuptools
    Found existing installation: setuptools 54.1.1
    Uninstalling setuptools-54.1.1:
      Successfully uninstalled setuptools-54.1.1
  Attempting uninstall: pip
    Found existing installation: pip 21.0.1
    Uninstalling pip-21.0.1:
      Successfully uninstalled pip-21.0.1
Successfully installed ansible-2.9.7 ansible-lint-4.2.0 apipkg-1.4 argon2-cffi-20.1.0 arrow-0.10.0 aspy.yaml-1.3.0 astroid-2.4.0 attrs-20.2.0 bandit-1.7.0 bcrypt-3.1.3 binaryornot-0.4.4 boto-2.48.0 boto3-1.5.24 botocore-1.8.38 cerberus-1.3.1 certifi-2017.7.27.1 cffi-1.14.2 cfgv-2.0.1 chardet-3.0.4 click-7.1.2 click-completion-0.5.2 click-help-colors-0.8 colorama-0.3.9 cookiecutter-1.6.0 cryptography-3.2.1 distro-1.5.0 dnspython-1.15.0 docker-4.4.2 docopt-0.6.2 docutils-0.14 dparse-0.4.1 entrypoints-0.3 execnet-1.4.1 fasteners-0.14.1 flake8-3.7.7 future-0.16.0 git-url-parse-1.0.2 gitdb2-2.0.3 gitpython-2.1.8 html-linter-0.4.0 identify-1.4.7 idna-2.5 importlib-metadata-0.23 importlib-resources-1.5.0 iniconfig-1.0.1 isort-4.2.15 jinja2-2.11.3 jinja2-time-0.2.0 jmespath-0.9.3 lazy-object-proxy-1.4.3 markupsafe-1.1.1 mccabe-0.6.1 molecule-3.0.2.1 molecule-vagrant-0.3 monotonic-1.4 more-itertools-7.2.0 mypy-0.761 mypy-extensions-0.4.3 netaddr-0.7.19 nodeenv-1.3.3 packaging-16.8 paramiko-2.6.0 pathspec-0.5.5 pbr-5.1.1 pexpect-4.6.0 pip-19.3.1 pip-tools-4.5.1 pluggy-0.13.1 poyo-0.4.1 pre-commit-1.18.3 prompt-toolkit-2.0.9 psutil-5.7.0 ptyprocess-0.5.2 py-1.10.0 pycodestyle-2.5.0 pycparser-2.18 pyenchant-2.0.0 pyflakes-2.1.1 pylint-2.5.0 pynacl-1.1.2 pyparsing-2.2.0 pytest-6.1.1 pytest-forked-1.3.0 pytest-xdist-2.1.0 python-dateutil-2.6.1 python-gilt-1.2.1 python-vagrant-0.5.15 pyyaml-5.3.1 requests-2.22.0 ruamel.yaml-0.16.10 ruamel.yaml.clib-0.2.0 s3transfer-0.1.12 safety-1.8.7 selinux-0.2.1 setuptools-46.0.0 sh-1.12.14 shellingham-1.3.2 six-1.15.0 smmap2-2.0.3 sqlalchemy-stubs-0.3 stevedore-1.28.0 tabulate-0.8.7 template-remover-0.1.9 testinfra-5.3.1 toml-0.10.0 tree-format-0.1.2 typed-ast-1.4.1 typing-extensions-3.7.4.1 urllib3-1.25.10 virtualenv-16.7.5 wcwidth-0.1.7 websocket-client-0.44.0 whichcraft-0.4.1 wrapt-1.11.2 yamllint-1.17.0 zipp-0.6.0
[user@fpf-dev-dvm:~/securedrop] [sd] 586d51e59 3m32s ±
 $ make build-debs
Building SecureDrop Debian packages for Xenial...
Using active Python 3 virtualenv in /home/user/.virtualenvs/sd
--> Test matrix

└── builder-xenial
    ├── destroy
    ├── create
    ├── converge
    ├── verify
    └── destroy

--> Inventory /home/user/securedrop/molecule/builder-xenial/../../install_files/ansible-base/group_vars linked to /home/user/.cache/molecule/securedrop/builder-xenial/inventory/group_vars
--> Scenario: 'builder-xenial'
--> Action: 'destroy'
--> Sanity checks: 'docker'

    PLAY [Destroy] *****************************************************************

    TASK [Destroy molecule instance(s)] ********************************************
    ok: [localhost] => (item={'groups': ['builders'], 'name': 'xenial-sd-app'})
    ok: [localhost] => (item={'groups': ['builders'], 'name': 'xenial-sd-generic-ossec-agent'})
    ok: [localhost] => (item={'groups': ['builders'], 'name': 'xenial-sd-generic-ossec-server'})
    ok: [localhost] => (item={'groups': ['builders'], 'name': 'xenial-sd-generic-ossec-agent2'})
    ok: [localhost] => (item={'groups': ['builders'], 'name': 'xenial-sd-generic-ossec-server2'})
    ok: [localhost] => (item={'groups': ['builders'], 'name': 'xenial-sd-grsec'})
    ok: [localhost] => (item={'groups': ['builders'], 'name': 'xenial-sd-config'})
    ok: [localhost] => (item={'groups': ['builders'], 'name': 'xenial-sd-keyring'})
    ok: [localhost] => (item={'groups': ['builders'], 'name': 'xenial-sd-sec-update'})
    ok: [localhost] => (item={'groups': ['testers'], 'name': 'xenial-sd-dpkg-verification'})

    PLAY RECAP *********************************************************************
    localhost                  : ok=1    changed=0    unreachable=0    failed=0    skipped=0    rescued=0    ignored=0

--> Inventory /home/user/securedrop/molecule/builder-xenial/../../install_files/ansible-base/group_vars linked to /home/user/.cache/molecule/securedrop/builder-xenial/inventory/group_vars
--> Scenario: 'builder-xenial'
--> Action: 'create'

    PLAY [Create] ******************************************************************

    TASK [debug] *******************************************************************
    ok: [localhost] => {
        "msg": "Building with Docker image quay.io/freedomofpress/sd-docker-builder-xenial@sha256:f17105ea2618621d2de42ee6ef4d2cff507845fbf4d26581581bcf7c99d47217"
    }

    TASK [Create builders] *********************************************************
    changed: [localhost] => (item={'groups': ['builders'], 'name': 'xenial-sd-app'})
    changed: [localhost] => (item={'groups': ['builders'], 'name': 'xenial-sd-generic-ossec-agent'})
    changed: [localhost] => (item={'groups': ['builders'], 'name': 'xenial-sd-generic-ossec-server'})
    changed: [localhost] => (item={'groups': ['builders'], 'name': 'xenial-sd-generic-ossec-agent2'})
    changed: [localhost] => (item={'groups': ['builders'], 'name': 'xenial-sd-generic-ossec-server2'})
    changed: [localhost] => (item={'groups': ['builders'], 'name': 'xenial-sd-grsec'})
    changed: [localhost] => (item={'groups': ['builders'], 'name': 'xenial-sd-config'})
    changed: [localhost] => (item={'groups': ['builders'], 'name': 'xenial-sd-keyring'})
    changed: [localhost] => (item={'groups': ['builders'], 'name': 'xenial-sd-sec-update'})
    changed: [localhost] => (item={'groups': ['testers'], 'name': 'xenial-sd-dpkg-verification'})

    PLAY RECAP *********************************************************************
    localhost                  : ok=2    changed=1    unreachable=0    failed=0    skipped=0    rescued=0    ignored=0

--> Inventory /home/user/securedrop/molecule/builder-xenial/../../install_files/ansible-base/group_vars linked to /home/user/.cache/molecule/securedrop/builder-xenial/inventory/group_vars
--> Scenario: 'builder-xenial'
--> Action: 'converge'

    PLAY [Build SecureDrop application Debian package from local repository.] ******

    TASK [Gathering Facts] *********************************************************
    ok: [xenial-sd-generic-ossec-agent]
    ok: [xenial-sd-generic-ossec-server]
    ok: [xenial-sd-generic-ossec-server2]
    ok: [xenial-sd-config]
    ok: [xenial-sd-grsec]
    ok: [xenial-sd-generic-ossec-agent2]
    ok: [xenial-sd-sec-update]
    ok: [xenial-sd-keyring]
    ok: [xenial-sd-app]

    TASK [build-securedrop-app-code-deb-pkg : Copy install_files/securedrop-app-code to prep directory] ***
    changed: [xenial-sd-app]

    TASK [build-securedrop-app-code-deb-pkg : Copy app code to prep directory under var/www/securedrop] ***
    changed: [xenial-sd-app]

    TASK [build-securedrop-app-code-deb-pkg : Copy setup.py to prep directory] *****
    changed: [xenial-sd-app]

    TASK [build-securedrop-app-code-deb-pkg : Copy MANIFEST.in to prep directory] ***
    changed: [xenial-sd-app]

    TASK [build-securedrop-app-code-deb-pkg : Copy requirements.txt to prep directory] ***
    changed: [xenial-sd-app]

    TASK [build-ossec-deb-pkg : Create src path folder] ****************************
    changed: [xenial-sd-generic-ossec-server] => (item=/tmp/build/ossec-server)
    ok: [xenial-sd-generic-ossec-server] => (item=/tmp/build)

    TASK [build-securedrop-app-code-deb-pkg : Control the version of setuptools used in the default construction of virtual environments] ***
    changed: [xenial-sd-app]

    TASK [build-securedrop-app-code-deb-pkg : Install sass Ruby gem] ***************
    changed: [xenial-sd-app]

    TASK [build-securedrop-app-code-deb-pkg : Create static asset directories.] ****
    changed: [xenial-sd-app] => (item=/tmp/securedrop-app-code_1.8.0~rc4+xenial_amd64-prep/var/www/securedrop/static/css)
[DEPRECATION WARNING]: Invoking "apt" only once while using a loop via
squash_actions is deprecated. Instead of using a loop to supply multiple items
and specifying `name: "{{ item }}"`, please use `name: '{{
build_ossec_deb_pkg_dependencies }}'` and remove the loop. This feature will be
 removed in version 2.11. Deprecation warnings can be disabled by setting
deprecation_warnings=False in ansible.cfg.
    changed: [xenial-sd-app] => (item=/tmp/securedrop-app-code_1.8.0~rc4+xenial_amd64-prep/var/www/securedrop/static/gen)
[DEPRECATION WARNING]: Invoking "apt" only once while using a loop via
squash_actions is deprecated. Instead of using a loop to supply multiple items
and specifying `name: "{{ item }}"`, please use `name: '{{
build_ossec_deb_pkg_dependencies }}'` and remove the loop. This feature will be
 removed in version 2.11. Deprecation warnings can be disabled by setting
deprecation_warnings=False in ansible.cfg.
[DEPRECATION WARNING]: Invoking "apt" only once while using a loop via
squash_actions is deprecated. Instead of using a loop to supply multiple items
and specifying `name: "{{ item }}"`, please use `name: '{{
build_ossec_deb_pkg_dependencies }}'` and remove the loop. This feature will be
 removed in version 2.11. Deprecation warnings can be disabled by setting
deprecation_warnings=False in ansible.cfg.
    changed: [xenial-sd-app] => (item=/tmp/securedrop-app-code_1.8.0~rc4+xenial_amd64-prep/var/www/securedrop/static/.webassets-cache)
[DEPRECATION WARNING]: Invoking "apt" only once while using a loop via
squash_actions is deprecated. Instead of using a loop to supply multiple items
and specifying `name: "{{ item }}"`, please use `name: '{{
build_ossec_deb_pkg_dependencies }}'` and remove the loop. This feature will be
 removed in version 2.11. Deprecation warnings can be disabled by setting
deprecation_warnings=False in ansible.cfg.
[DEPRECATION WARNING]: Invoking "apt" only once while using a loop via
squash_actions is deprecated. Instead of using a loop to supply multiple items
and specifying `name: "{{ item }}"`, please use `name: '{{
build_ossec_deb_pkg_dependencies }}'` and remove the loop. This feature will be
 removed in version 2.11. Deprecation warnings can be disabled by setting
deprecation_warnings=False in ansible.cfg.
[DEPRECATION WARNING]: Invoking "apt" only once while using a loop via
squash_actions is deprecated. Instead of using a loop to supply multiple items
and specifying `name: "{{ item }}"`, please use `name: '{{
build_ossec_deb_pkg_dependencies }}'` and remove the loop. This feature will be
 removed in version 2.11. Deprecation warnings can be disabled by setting
deprecation_warnings=False in ansible.cfg.
[DEPRECATION WARNING]: Invoking "apt" only once while using a loop via
squash_actions is deprecated. Instead of using a loop to supply multiple items
and specifying `name: "{{ item }}"`, please use `name: '{{
build_ossec_deb_pkg_dependencies }}'` and remove the loop. This feature will be
 removed in version 2.11. Deprecation warnings can be disabled by setting
deprecation_warnings=False in ansible.cfg.

    TASK [build-ossec-deb-pkg : Install python-requests for URL fetching] **********
    changed: [xenial-sd-generic-ossec-server]

    TASK [build-securedrop-app-code-deb-pkg : Compile SASS to CSS.] ****************
    changed: [xenial-sd-app]

    TASK [build-ossec-deb-pkg : Copy over current directory for repo build] ********
    changed: [xenial-sd-generic-ossec-server]

    TASK [build-securedrop-app-code-deb-pkg : Remove temporary SASS directory from package build directory.] ***
    changed: [xenial-sd-app] => (item=sass)
    changed: [xenial-sd-app] => (item=.sass-cache)

    TASK [build-ossec-deb-pkg : Include OSSEC download URLs.] **********************
    ok: [xenial-sd-generic-ossec-server]

    TASK [build-ossec-deb-pkg : Download OSSEC tarball.] ***************************
[WARNING]: Module remote_tmp /root/.ansible/tmp did not exist and was created
with a mode of 0700, this may cause issues when running as another user. To
avoid this, create the remote_tmp dir with the correct permissions manually
    changed: [xenial-sd-generic-ossec-server]

    TASK [build-ossec-deb-pkg : Download OSSEC signature.] *************************
    changed: [xenial-sd-generic-ossec-server]

    TASK [build-ossec-deb-pkg : Copy OSSEC archive GPG key.] ***********************
    changed: [xenial-sd-generic-ossec-server]

    TASK [build-ossec-deb-pkg : Import OSSEC archive GPG key.] *********************
    changed: [xenial-sd-generic-ossec-server]

    TASK [build-ossec-deb-pkg : Verify signature of OSSEC tarball.] ****************
    changed: [xenial-sd-generic-ossec-server]

    TASK [build-ossec-deb-pkg : Create src path folder] ****************************
    changed: [xenial-sd-generic-ossec-agent] => (item=/tmp/build/ossec-agent)
    ok: [xenial-sd-generic-ossec-agent] => (item=/tmp/build)
[DEPRECATION WARNING]: Invoking "apt" only once while using a loop via
squash_actions is deprecated. Instead of using a loop to supply multiple items
and specifying `name: "{{ item }}"`, please use `name: '{{
build_ossec_deb_pkg_dependencies }}'` and remove the loop. This feature will be
 removed in version 2.11. Deprecation warnings can be disabled by setting
deprecation_warnings=False in ansible.cfg.
[DEPRECATION WARNING]: Invoking "apt" only once while using a loop via
squash_actions is deprecated. Instead of using a loop to supply multiple items
and specifying `name: "{{ item }}"`, please use `name: '{{
build_ossec_deb_pkg_dependencies }}'` and remove the loop. This feature will be
 removed in version 2.11. Deprecation warnings can be disabled by setting
deprecation_warnings=False in ansible.cfg.
[DEPRECATION WARNING]: Invoking "apt" only once while using a loop via
squash_actions is deprecated. Instead of using a loop to supply multiple items
and specifying `name: "{{ item }}"`, please use `name: '{{
build_ossec_deb_pkg_dependencies }}'` and remove the loop. This feature will be
 removed in version 2.11. Deprecation warnings can be disabled by setting
deprecation_warnings=False in ansible.cfg.
[DEPRECATION WARNING]: Invoking "apt" only once while using a loop via
squash_actions is deprecated. Instead of using a loop to supply multiple items
and specifying `name: "{{ item }}"`, please use `name: '{{
build_ossec_deb_pkg_dependencies }}'` and remove the loop. This feature will be
 removed in version 2.11. Deprecation warnings can be disabled by setting
deprecation_warnings=False in ansible.cfg.
[DEPRECATION WARNING]: Invoking "apt" only once while using a loop via
squash_actions is deprecated. Instead of using a loop to supply multiple items
and specifying `name: "{{ item }}"`, please use `name: '{{
build_ossec_deb_pkg_dependencies }}'` and remove the loop. This feature will be
 removed in version 2.11. Deprecation warnings can be disabled by setting
deprecation_warnings=False in ansible.cfg.
[DEPRECATION WARNING]: Invoking "apt" only once while using a loop via
squash_actions is deprecated. Instead of using a loop to supply multiple items
and specifying `name: "{{ item }}"`, please use `name: '{{
build_ossec_deb_pkg_dependencies }}'` and remove the loop. This feature will be
 removed in version 2.11. Deprecation warnings can be disabled by setting
deprecation_warnings=False in ansible.cfg.
[DEPRECATION WARNING]: Invoking "apt" only once while using a loop via
squash_actions is deprecated. Instead of using a loop to supply multiple items
and specifying `name: "{{ item }}"`, please use `name: '{{
build_ossec_deb_pkg_dependencies }}'` and remove the loop. This feature will be
 removed in version 2.11. Deprecation warnings can be disabled by setting
deprecation_warnings=False in ansible.cfg.

    TASK [build-ossec-deb-pkg : Install python-requests for URL fetching] **********
    changed: [xenial-sd-generic-ossec-agent]

    TASK [build-ossec-deb-pkg : Install apt dependencies for building OSSEC packages.] ***
    changed: [xenial-sd-generic-ossec-server] => (item=libpcre2-dev)

    TASK [build-ossec-deb-pkg : Copy over current directory for repo build] ********
    changed: [xenial-sd-generic-ossec-agent]

    TASK [build-ossec-deb-pkg : Include OSSEC download URLs.] **********************
    ok: [xenial-sd-generic-ossec-agent]

    TASK [build-ossec-deb-pkg : Download OSSEC tarball.] ***************************
    changed: [xenial-sd-generic-ossec-agent]

    TASK [build-ossec-deb-pkg : Download OSSEC signature.] *************************
    changed: [xenial-sd-generic-ossec-agent]

    TASK [build-ossec-deb-pkg : Install apt dependencies for building OSSEC packages.] ***
    changed: [xenial-sd-generic-ossec-server] => (item=libevent1-dev)

    TASK [build-ossec-deb-pkg : Copy OSSEC archive GPG key.] ***********************
    changed: [xenial-sd-generic-ossec-agent]

    TASK [build-ossec-deb-pkg : Import OSSEC archive GPG key.] *********************
    changed: [xenial-sd-generic-ossec-agent]

    TASK [build-ossec-deb-pkg : Extract OSSEC source tarball.] *********************
    changed: [xenial-sd-generic-ossec-server]

    TASK [build-generic-pkg : Ensure package name is set] **************************
    ok: [xenial-sd-generic-ossec-server2] => {
        "changed": false,
        "msg": "All assertions passed"
    }

    TASK [build-generic-pkg : Find any jinja templates] ****************************
    ok: [xenial-sd-config -> localhost]

    TASK [build-ossec-deb-pkg : Verify signature of OSSEC tarball.] ****************
    changed: [xenial-sd-generic-ossec-agent]

    TASK [build-ossec-deb-pkg : Create /etc directory within source directory.] ****
    ok: [xenial-sd-generic-ossec-server]

    TASK [build-generic-pkg : Ensure build directory in-place] *********************
    ok: [xenial-sd-generic-ossec-server2]

    TASK [build-generic-pkg : Find any jinja templates] ****************************
    ok: [xenial-sd-keyring -> localhost]
[DEPRECATION WARNING]: Invoking "apt" only once while using a loop via
squash_actions is deprecated. Instead of using a loop to supply multiple items
and specifying `name: "{{ item }}"`, please use `name: '{{
build_ossec_deb_pkg_dependencies }}'` and remove the loop. This feature will be
 removed in version 2.11. Deprecation warnings can be disabled by setting
deprecation_warnings=False in ansible.cfg.
    ok: [xenial-sd-grsec -> localhost]
    ok: [xenial-sd-generic-ossec-agent2 -> localhost]
    ok: [xenial-sd-sec-update -> localhost]

    TASK [build-generic-pkg : Copy app code to build directory.] *******************
    changed: [xenial-sd-generic-ossec-server2]

    TASK [build-ossec-deb-pkg : Copy OSSEC preloaded vars template.] ***************
    changed: [xenial-sd-generic-ossec-server]

    TASK [build-generic-pkg : Find any jinja templates] ****************************
    ok: [xenial-sd-generic-ossec-server2 -> localhost]

    TASK [build-generic-pkg : Create any necessary parent directories for jinja files] ***
    ok: [xenial-sd-generic-ossec-server2] => (item={'path': '/home/user/securedrop/install_files/securedrop-ossec-server/DEBIAN/control.j2', 'mode': '0644', 'isdir': False, 'ischr': False, 'isblk': False, 'isreg': True, 'isfifo': False, 'islnk': False, 'issock': False, 'uid': 1000, 'gid': 1000, 'size': 911, 'inode': 132131, 'dev': 51728, 'nlink': 1, 'atime': 1615339600.568, 'mtime': 1615339600.468, 'ctime': 1615339600.468, 'gr_name': 'user', 'pw_name': 'user', 'wusr': True, 'rusr': True, 'xusr': False, 'wgrp': False, 'rgrp': True, 'xgrp': False, 'woth': False, 'roth': True, 'xoth': False, 'isuid': False, 'isgid': False})

    TASK [build-ossec-deb-pkg : Disable JIT in OSSEC Makefile] *********************
    changed: [xenial-sd-generic-ossec-server]

    TASK [build-generic-pkg : Ensure package name is set] **************************
    ok: [xenial-sd-generic-ossec-agent2] => {
        "changed": false,
        "msg": "All assertions passed"
    }

    TASK [build-generic-pkg : Find any jinja templates] ****************************
    ok: [xenial-sd-config -> localhost]

    TASK [build-generic-pkg : Ensure build directory in-place] *********************
    ok: [xenial-sd-generic-ossec-agent2]

    TASK [build-generic-pkg : Find any jinja templates] ****************************
    ok: [xenial-sd-keyring -> localhost]

    TASK [build-generic-pkg : Template out any jinja files found and copy over] ****
    changed: [xenial-sd-generic-ossec-server2] => (item={'path': '/home/user/securedrop/install_files/securedrop-ossec-server/DEBIAN/control.j2', 'mode': '0644', 'isdir': False, 'ischr': False, 'isblk': False, 'isreg': True, 'isfifo': False, 'islnk': False, 'issock': False, 'uid': 1000, 'gid': 1000, 'size': 911, 'inode': 132131, 'dev': 51728, 'nlink': 1, 'atime': 1615339600.568, 'mtime': 1615339600.468, 'ctime': 1615339600.468, 'gr_name': 'user', 'pw_name': 'user', 'wusr': True, 'rusr': True, 'xusr': False, 'wgrp': False, 'rgrp': True, 'xgrp': False, 'woth': False, 'roth': True, 'xoth': False, 'isuid': False, 'isgid': False})

    TASK [build-generic-pkg : Find any jinja templates] ****************************
    ok: [xenial-sd-grsec -> localhost]
    ok: [xenial-sd-sec-update -> localhost]

    TASK [build-generic-pkg : Copy app code to build directory.] *******************
    changed: [xenial-sd-generic-ossec-agent2]

    TASK [build-generic-pkg : Find any jinja templates] ****************************
    ok: [xenial-sd-generic-ossec-agent2 -> localhost]

    TASK [build-generic-pkg : run bash script to build generic packages] ***********
    changed: [xenial-sd-generic-ossec-server2]

    TASK [build-ossec-deb-pkg : Install apt dependencies for building OSSEC packages.] ***
    changed: [xenial-sd-generic-ossec-agent] => (item=libpcre2-dev)

    TASK [build-generic-pkg : Create any necessary parent directories for jinja files] ***
    ok: [xenial-sd-generic-ossec-agent2] => (item={'path': '/home/user/securedrop/install_files/securedrop-ossec-agent/DEBIAN/control.j2', 'mode': '0644', 'isdir': False, 'ischr': False, 'isblk': False, 'isreg': True, 'isfifo': False, 'islnk': False, 'issock': False, 'uid': 1000, 'gid': 1000, 'size': 721, 'inode': 132109, 'dev': 51728, 'nlink': 1, 'atime': 1615339600.568, 'mtime': 1615339600.468, 'ctime': 1615339600.468, 'gr_name': 'user', 'pw_name': 'user', 'wusr': True, 'rusr': True, 'xusr': False, 'wgrp': False, 'rgrp': True, 'xgrp': False, 'woth': False, 'roth': True, 'xoth': False, 'isuid': False, 'isgid': False})

    TASK [build-generic-pkg : Track down package] **********************************
    ok: [xenial-sd-generic-ossec-server2]

    TASK [build-generic-pkg : Ensure package name is set] **************************
    ok: [xenial-sd-keyring] => {
        "changed": false,
        "msg": "All assertions passed"
    }

    TASK [build-generic-pkg : Find any jinja templates] ****************************
    ok: [xenial-sd-config -> localhost]

    TASK [build-generic-pkg : Fetch back package] **********************************
    changed: [xenial-sd-generic-ossec-server2] => (item={'dev': 86, 'ischr': False, 'isreg': True, 'size': 7874, 'isgid': False, 'rgrp': True, 'roth': True, 'mode': '0644', 'uid': 0, 'nlink': 1, 'xoth': False, 'inode': 572817, 'isdir': False, 'xusr': False, 'wgrp': False, 'isuid': False, 'wusr': True, 'islnk': False, 'gr_name': 'root', 'issock': False, 'gid': 0, 'isblk': False, 'isfifo': False, 'path': '/tmp/securedrop-ossec-server-3.6.0+1.8.0~rc4+xenial-amd64.deb', 'pw_name': 'root', 'atime': 1615340043.424, 'xgrp': False, 'rusr': True, 'woth': False, 'mtime': 1615340043.424, 'ctime': 1615340043.424})

    TASK [build-generic-pkg : Ensure build directory in-place] *********************
    ok: [xenial-sd-keyring]

    TASK [build-generic-pkg : Find any jinja templates] ****************************
    ok: [xenial-sd-grsec -> localhost]

    TASK [build-generic-pkg : Template out any jinja files found and copy over] ****
    changed: [xenial-sd-generic-ossec-agent2] => (item={'path': '/home/user/securedrop/install_files/securedrop-ossec-agent/DEBIAN/control.j2', 'mode': '0644', 'isdir': False, 'ischr': False, 'isblk': False, 'isreg': True, 'isfifo': False, 'islnk': False, 'issock': False, 'uid': 1000, 'gid': 1000, 'size': 721, 'inode': 132109, 'dev': 51728, 'nlink': 1, 'atime': 1615339600.568, 'mtime': 1615339600.468, 'ctime': 1615339600.468, 'gr_name': 'user', 'pw_name': 'user', 'wusr': True, 'rusr': True, 'xusr': False, 'wgrp': False, 'rgrp': True, 'xgrp': False, 'woth': False, 'roth': True, 'xoth': False, 'isuid': False, 'isgid': False})

    TASK [build-generic-pkg : Find any jinja templates] ****************************
    ok: [xenial-sd-sec-update -> localhost]

    TASK [build-generic-pkg : Copy app code to build directory.] *******************
    changed: [xenial-sd-keyring]

    TASK [build-generic-pkg : Find any jinja templates] ****************************
    ok: [xenial-sd-keyring -> localhost]

    TASK [build-generic-pkg : Find any jinja templates] ****************************
    ok: [xenial-sd-generic-ossec-server2 -> localhost]

    TASK [build-generic-pkg : run bash script to build generic packages] ***********
    changed: [xenial-sd-generic-ossec-agent2]

    TASK [build-generic-pkg : Create any necessary parent directories for jinja files] ***
    ok: [xenial-sd-keyring] => (item={'path': '/home/user/securedrop/install_files/securedrop-keyring/DEBIAN/control.j2', 'mode': '0644', 'isdir': False, 'ischr': False, 'isblk': False, 'isreg': True, 'isfifo': False, 'islnk': False, 'issock': False, 'uid': 1000, 'gid': 1000, 'size': 428, 'inode': 132101, 'dev': 51728, 'nlink': 1, 'atime': 1615339600.568, 'mtime': 1615339600.468, 'ctime': 1615339600.468, 'gr_name': 'user', 'pw_name': 'user', 'wusr': True, 'rusr': True, 'xusr': False, 'wgrp': False, 'rgrp': True, 'xgrp': False, 'woth': False, 'roth': True, 'xoth': False, 'isuid': False, 'isgid': False})

    TASK [build-generic-pkg : Track down package] **********************************
    ok: [xenial-sd-generic-ossec-agent2]

    TASK [build-generic-pkg : Ensure package name is set] **************************
    ok: [xenial-sd-grsec] => {
        "changed": false,
        "msg": "All assertions passed"
    }

    TASK [build-generic-pkg : Fetch back package] **********************************
    changed: [xenial-sd-generic-ossec-agent2] => (item={'isblk': False, 'pw_name': 'root', 'islnk': False, 'ctime': 1615340061.3, 'mode': '0644', 'path': '/tmp/securedrop-ossec-agent-3.6.0+1.8.0~rc4+xenial-amd64.deb', 'inode': 573268, 'gid': 0, 'ischr': False, 'roth': True, 'wusr': True, 'isgid': False, 'issock': False, 'isdir': False, 'isfifo': False, 'nlink': 1, 'woth': False, 'gr_name': 'root', 'rusr': True, 'wgrp': False, 'xgrp': False, 'rgrp': True, 'dev': 76, 'isreg': True, 'xusr': False, 'atime': 1615340061.3, 'xoth': False, 'uid': 0, 'isuid': False, 'mtime': 1615340061.3, 'size': 4598})

    TASK [build-generic-pkg : Find any jinja templates] ****************************
    ok: [xenial-sd-config -> localhost]

    TASK [build-generic-pkg : Ensure build directory in-place] *********************
    ok: [xenial-sd-grsec]

    TASK [build-ossec-deb-pkg : Install apt dependencies for building OSSEC packages.] ***
    changed: [xenial-sd-generic-ossec-agent] => (item=libevent1-dev)

    TASK [build-generic-pkg : Template out any jinja files found and copy over] ****
    changed: [xenial-sd-keyring] => (item={'path': '/home/user/securedrop/install_files/securedrop-keyring/DEBIAN/control.j2', 'mode': '0644', 'isdir': False, 'ischr': False, 'isblk': False, 'isreg': True, 'isfifo': False, 'islnk': False, 'issock': False, 'uid': 1000, 'gid': 1000, 'size': 428, 'inode': 132101, 'dev': 51728, 'nlink': 1, 'atime': 1615339600.568, 'mtime': 1615339600.468, 'ctime': 1615339600.468, 'gr_name': 'user', 'pw_name': 'user', 'wusr': True, 'rusr': True, 'xusr': False, 'wgrp': False, 'rgrp': True, 'xgrp': False, 'woth': False, 'roth': True, 'xoth': False, 'isuid': False, 'isgid': False})

    TASK [build-generic-pkg : Find any jinja templates] ****************************
    ok: [xenial-sd-sec-update -> localhost]

    TASK [build-generic-pkg : Copy app code to build directory.] *******************
    changed: [xenial-sd-grsec]

    TASK [build-generic-pkg : Find any jinja templates] ****************************
    ok: [xenial-sd-grsec -> localhost]

    TASK [build-generic-pkg : run bash script to build generic packages] ***********
    changed: [xenial-sd-keyring]

    TASK [build-generic-pkg : Find any jinja templates] ****************************
    ok: [xenial-sd-generic-ossec-agent2 -> localhost]
    ok: [xenial-sd-generic-ossec-server2 -> localhost]

    TASK [build-ossec-deb-pkg : Extract OSSEC source tarball.] *********************
    changed: [xenial-sd-generic-ossec-agent]

    TASK [build-generic-pkg : Create any necessary parent directories for jinja files] ***
    ok: [xenial-sd-grsec] => (item={'path': '/home/user/securedrop/install_files/securedrop-grsec/DEBIAN/control.j2', 'mode': '0644', 'isdir': False, 'ischr': False, 'isblk': False, 'isreg': True, 'isfifo': False, 'islnk': False, 'issock': False, 'uid': 1000, 'gid': 1000, 'size': 552, 'inode': 132088, 'dev': 51728, 'nlink': 1, 'atime': 1615339600.568, 'mtime': 1615339600.468, 'ctime': 1615339600.468, 'gr_name': 'user', 'pw_name': 'user', 'wusr': True, 'rusr': True, 'xusr': False, 'wgrp': False, 'rgrp': True, 'xgrp': False, 'woth': False, 'roth': True, 'xoth': False, 'isuid': False, 'isgid': False})

    TASK [build-generic-pkg : Track down package] **********************************
    ok: [xenial-sd-keyring]

    TASK [build-generic-pkg : Ensure package name is set] **************************
    ok: [xenial-sd-config] => {
        "changed": false,
        "msg": "All assertions passed"
    }

    TASK [build-ossec-deb-pkg : Create /etc directory within source directory.] ****
    ok: [xenial-sd-generic-ossec-agent]

    TASK [build-generic-pkg : Fetch back package] **********************************
    changed: [xenial-sd-keyring] => (item={'dev': 116, 'mtime': 1615340078.292, 'islnk': False, 'uid': 0, 'gid': 0, 'xoth': False, 'gr_name': 'root', 'isfifo': False, 'issock': False, 'isuid': False, 'rusr': True, 'path': '/tmp/securedrop-keyring-0.1.4+1.8.0~rc4+xenial-amd64.deb', 'xgrp': False, 'isblk': False, 'xusr': False, 'mode': '0644', 'pw_name': 'root', 'wusr': True, 'ctime': 1615340078.292, 'roth': True, 'nlink': 1, 'woth': False, 'inode': 573637, 'ischr': False, 'rgrp': True, 'wgrp': False, 'isreg': True, 'isdir': False, 'isgid': False, 'atime': 1615340078.292, 'size': 5842})

    TASK [build-generic-pkg : Ensure build directory in-place] *********************
    ok: [xenial-sd-config]

    TASK [build-generic-pkg : Template out any jinja files found and copy over] ****
    changed: [xenial-sd-grsec] => (item={'path': '/home/user/securedrop/install_files/securedrop-grsec/DEBIAN/control.j2', 'mode': '0644', 'isdir': False, 'ischr': False, 'isblk': False, 'isreg': True, 'isfifo': False, 'islnk': False, 'issock': False, 'uid': 1000, 'gid': 1000, 'size': 552, 'inode': 132088, 'dev': 51728, 'nlink': 1, 'atime': 1615339600.568, 'mtime': 1615339600.468, 'ctime': 1615339600.468, 'gr_name': 'user', 'pw_name': 'user', 'wusr': True, 'rusr': True, 'xusr': False, 'wgrp': False, 'rgrp': True, 'xgrp': False, 'woth': False, 'roth': True, 'xoth': False, 'isuid': False, 'isgid': False})

    TASK [build-ossec-deb-pkg : Run OSSEC installer script on extracted source.] ***
    changed: [xenial-sd-generic-ossec-server]

    TASK [build-ossec-deb-pkg : Copy OSSEC preloaded vars template.] ***************
    changed: [xenial-sd-generic-ossec-agent]

    TASK [build-generic-pkg : Copy app code to build directory.] *******************
    changed: [xenial-sd-config]

    TASK [build-securedrop-app-code-deb-pkg : Install SecureDrop Python requirements in virtualenv for translation work] ***
    changed: [xenial-sd-app]

    TASK [build-generic-pkg : Find any jinja templates] ****************************
    ok: [xenial-sd-sec-update -> localhost]

    TASK [build-ossec-deb-pkg : Create OSSEC build directory.] *********************
    changed: [xenial-sd-generic-ossec-server] => (item=/tmp/build/ossec-server-3.6.0+xenial-amd64)
    changed: [xenial-sd-generic-ossec-server] => (item=/tmp/build/ossec-server-3.6.0+xenial-amd64/var)

    TASK [build-ossec-deb-pkg : Disable JIT in OSSEC Makefile] *********************
    changed: [xenial-sd-generic-ossec-agent]

    TASK [build-generic-pkg : run bash script to build generic packages] ***********
    changed: [xenial-sd-grsec]

    TASK [build-generic-pkg : Find any jinja templates] ****************************
    ok: [xenial-sd-config -> localhost]

    TASK [build-generic-pkg : Find any jinja templates] ****************************
    ok: [xenial-sd-keyring -> localhost]
    ok: [xenial-sd-generic-ossec-agent2 -> localhost]

    TASK [build-ossec-deb-pkg : Remove client.keys to avoid overwriting existing client.keys] ***
    changed: [xenial-sd-generic-ossec-server]

    TASK [build-generic-pkg : Track down package] **********************************
    ok: [xenial-sd-grsec]

    TASK [build-generic-pkg : Find any jinja templates] ****************************
    ok: [xenial-sd-generic-ossec-server2 -> localhost]

    TASK [build-generic-pkg : Create any necessary parent directories for jinja files] ***
    ok: [xenial-sd-config] => (item={'path': '/home/user/securedrop/install_files/securedrop-config/DEBIAN/control.j2', 'mode': '0644', 'isdir': False, 'ischr': False, 'isblk': False, 'isreg': True, 'isfifo': False, 'islnk': False, 'issock': False, 'uid': 1000, 'gid': 1000, 'size': 362, 'inode': 132065, 'dev': 51728, 'nlink': 1, 'atime': 1615339600.568, 'mtime': 1615339600.468, 'ctime': 1615339600.468, 'gr_name': 'user', 'pw_name': 'user', 'wusr': True, 'rusr': True, 'xusr': False, 'wgrp': False, 'rgrp': True, 'xgrp': False, 'woth': False, 'roth': True, 'xoth': False, 'isuid': False, 'isgid': False})

    TASK [build-securedrop-app-code-deb-pkg : Compile PO to MO.] *******************
    changed: [xenial-sd-app]

    TASK [build-ossec-deb-pkg : Copy /var/ossec/ to OSSEC build directory.] ********
    changed: [xenial-sd-generic-ossec-server]

    TASK [build-generic-pkg : Fetch back package] **********************************
    changed: [xenial-sd-grsec] => (item={'isblk': False, 'nlink': 1, 'xgrp': False, 'wusr': True, 'isreg': True, 'rusr': True, 'inode': 575782, 'path': '/tmp/securedrop-grsec-4.14.188+xenial-amd64.deb', 'roth': True, 'ischr': False, 'gid': 0, 'xoth': False, 'atime': 1615340095.88, 'isfifo': False, 'pw_name': 'root', 'dev': 96, 'islnk': False, 'isgid': False, 'isuid': False, 'gr_name': 'root', 'ctime': 1615340095.88, 'xusr': False, 'woth': False, 'wgrp': False, 'rgrp': True, 'mode': '0644', 'issock': False, 'isdir': False, 'size': 2298, 'uid': 0, 'mtime': 1615340095.88})

    TASK [build-securedrop-app-code-deb-pkg : Create apparmor.d directory in prep directory] ***
    changed: [xenial-sd-app]

    TASK [build-generic-pkg : Template out any jinja files found and copy over] ****
    changed: [xenial-sd-config] => (item={'path': '/home/user/securedrop/install_files/securedrop-config/DEBIAN/control.j2', 'mode': '0644', 'isdir': False, 'ischr': False, 'isblk': False, 'isreg': True, 'isfifo': False, 'islnk': False, 'issock': False, 'uid': 1000, 'gid': 1000, 'size': 362, 'inode': 132065, 'dev': 51728, 'nlink': 1, 'atime': 1615339600.568, 'mtime': 1615339600.468, 'ctime': 1615339600.468, 'gr_name': 'user', 'pw_name': 'user', 'wusr': True, 'rusr': True, 'xusr': False, 'wgrp': False, 'rgrp': True, 'xgrp': False, 'woth': False, 'roth': True, 'xoth': False, 'isuid': False, 'isgid': False})

    TASK [build-ossec-deb-pkg : Copy OSSEC DEBIAN package scripts to build directory.] ***
    changed: [xenial-sd-generic-ossec-server]

    TASK [build-securedrop-app-code-deb-pkg : Copy AppArmor profiles to prep path] ***
    changed: [xenial-sd-app] => (item=usr.sbin.tor)

    TASK [build-generic-pkg : run bash script to build generic packages] ***********
    changed: [xenial-sd-config]

    TASK [build-generic-pkg : Find any jinja templates] ****************************
    ok: [xenial-sd-grsec -> localhost]

    TASK [build-ossec-deb-pkg : Copy OSSEC DEBIAN/control template to build directory.] ***
    changed: [xenial-sd-generic-ossec-server]

    TASK [build-generic-pkg : Find any jinja templates] ****************************
    ok: [xenial-sd-keyring -> localhost]

    TASK [build-generic-pkg : Track down package] **********************************
    ok: [xenial-sd-config]

    TASK [build-securedrop-app-code-deb-pkg : Copy AppArmor profiles to prep path] ***
    changed: [xenial-sd-app] => (item=usr.sbin.apache2)

    TASK [Update apt-cache for our security checker] *******************************
    changed: [xenial-sd-sec-update]

    TASK [build-ossec-deb-pkg : Copy OSSEC /usr and /etc directories to build directory.] ***
    changed: [xenial-sd-generic-ossec-server] => (item=etc)

    TASK [build-generic-pkg : Find any jinja templates] ****************************
    ok: [xenial-sd-generic-ossec-agent2 -> localhost]

    TASK [build-ossec-deb-pkg : Copy OSSEC /usr and /etc directories to build directory.] ***
    changed: [xenial-sd-generic-ossec-server] => (item=usr)

    TASK [build-ossec-deb-pkg : Run OSSEC installer script on extracted source.] ***
    changed: [xenial-sd-generic-ossec-agent]

    TASK [build-generic-pkg : Find any jinja templates] ****************************
    ok: [xenial-sd-generic-ossec-server2 -> localhost]

    TASK [build-generic-pkg : Fetch back package] **********************************
    changed: [xenial-sd-config] => (item={'atime': 1615340114.316, 'mode': '0644', 'rgrp': True, 'inode': 576492, 'path': '/tmp/securedrop-config-0.1.4+1.8.0~rc4+xenial-amd64.deb', 'isreg': True, 'issock': False, 'ischr': False, 'size': 2742, 'gr_name': 'root', 'rusr': True, 'pw_name': 'root', 'islnk': False, 'xgrp': False, 'nlink': 1, 'mtime': 1615340114.316, 'dev': 106, 'uid': 0, 'wgrp': False, 'isgid': False, 'woth': False, 'isuid': False, 'isblk': False, 'roth': True, 'xusr': False, 'gid': 0, 'wusr': True, 'ctime': 1615340114.316, 'xoth': False, 'isdir': False, 'isfifo': False})

    TASK [build-securedrop-app-code-deb-pkg : Replace placeholder changelog to dist-specific changelog] ***
    changed: [xenial-sd-app]

    TASK [build-ossec-deb-pkg : Create OSSEC build directory.] *********************
    changed: [xenial-sd-generic-ossec-agent] => (item=/tmp/build/ossec-agent-3.6.0+xenial-amd64)
    changed: [xenial-sd-generic-ossec-agent] => (item=/tmp/build/ossec-agent-3.6.0+xenial-amd64/var)

    TASK [build-ossec-deb-pkg : Remove client.keys to avoid overwriting existing client.keys] ***
    changed: [xenial-sd-generic-ossec-agent]

    TASK [build-ossec-deb-pkg : Copy /var/ossec/ to OSSEC build directory.] ********
    changed: [xenial-sd-generic-ossec-agent]

    TASK [build-securedrop-app-code-deb-pkg : Create the control file based on distribution] ***
    changed: [xenial-sd-app]

    TASK [build-ossec-deb-pkg : Copy OSSEC DEBIAN package scripts to build directory.] ***
    changed: [xenial-sd-generic-ossec-agent]

    TASK [build-securedrop-app-code-deb-pkg : Create lib/systemd/services directory in prep directory] ***
    changed: [xenial-sd-app]

    TASK [build-ossec-deb-pkg : Build SecureDrop OSSEC deb package.] ***************
    changed: [xenial-sd-generic-ossec-server]

    TASK [build-ossec-deb-pkg : Copy OSSEC DEBIAN/control template to build directory.] ***
    changed: [xenial-sd-generic-ossec-agent]

    TASK [build-securedrop-app-code-deb-pkg : Copy systemd service configurations to prep path] ***
    changed: [xenial-sd-app] => (item=securedrop_rqrequeue.service)

    TASK [build-ossec-deb-pkg : Delete OSSEC build directories and config files.] ***
    changed: [xenial-sd-generic-ossec-server] => (item=/etc/init.d/ossec)

    TASK [build-ossec-deb-pkg : Copy OSSEC /usr and /etc directories to build directory.] ***
    changed: [xenial-sd-generic-ossec-agent] => (item=etc)

    TASK [build-ossec-deb-pkg : Delete OSSEC build directories and config files.] ***
    changed: [xenial-sd-generic-ossec-server] => (item=/etc/ossec-init.conf)

    TASK [build-ossec-deb-pkg : Copy OSSEC /usr and /etc directories to build directory.] ***
    changed: [xenial-sd-generic-ossec-agent] => (item=usr)

    TASK [build-ossec-deb-pkg : Delete OSSEC build directories and config files.] ***
    changed: [xenial-sd-generic-ossec-server] => (item=/var/ossec)
    changed: [xenial-sd-generic-ossec-server] => (item=/tmp/OSSEC-ARCHIVE-KEY.asc)

    TASK [build-securedrop-app-code-deb-pkg : Copy systemd service configurations to prep path] ***
    changed: [xenial-sd-app] => (item=securedrop_rqworker.service)

    TASK [build-ossec-deb-pkg : Fetch newly built Debian packages back to localhost.] ***
    changed: [xenial-sd-generic-ossec-server]

    TASK [build-securedrop-app-code-deb-pkg : Copy systemd service configurations to prep path] ***
    changed: [xenial-sd-app] => (item=securedrop_shredder.service)

    TASK [build-ossec-deb-pkg : Build SecureDrop OSSEC deb package.] ***************
    changed: [xenial-sd-generic-ossec-agent]

    TASK [build-securedrop-app-code-deb-pkg : Copy systemd service configurations to prep path] ***
    changed: [xenial-sd-app] => (item=securedrop_source_deleter.service)

    TASK [build-ossec-deb-pkg : Delete OSSEC build directories and config files.] ***
    changed: [xenial-sd-generic-ossec-agent] => (item=/etc/init.d/ossec)
    changed: [xenial-sd-generic-ossec-agent] => (item=/etc/ossec-init.conf)
    changed: [xenial-sd-generic-ossec-agent] => (item=/var/ossec)
[DEPRECATION WARNING]: Invoking "apt" only once while using a loop via
squash_actions is deprecated. Instead of using a loop to supply multiple items
and specifying `name: "{{ item }}"`, please use `name: '{{
build_ossec_deb_pkg_dependencies }}'` and remove the loop. This feature will be
 removed in version 2.11. Deprecation warnings can be disabled by setting
deprecation_warnings=False in ansible.cfg.
    changed: [xenial-sd-generic-ossec-agent] => (item=/tmp/OSSEC-ARCHIVE-KEY.asc)

    TASK [build-securedrop-app-code-deb-pkg : Create sdist in prep dir] ************
    changed: [xenial-sd-app]

    TASK [build-ossec-deb-pkg : Fetch newly built Debian packages back to localhost.] ***
    changed: [xenial-sd-generic-ossec-agent]

    TASK [build-securedrop-app-code-deb-pkg : Create build dir] ********************
    changed: [xenial-sd-app]

    TASK [build-generic-pkg : Find any jinja templates] ****************************
    ok: [xenial-sd-generic-ossec-agent -> localhost]

    TASK [build-securedrop-app-code-deb-pkg : Extract sdist to build dir] **********
    changed: [xenial-sd-app]

    TASK [build-securedrop-app-code-deb-pkg : Create empty static asset directories in build dir] ***
    changed: [xenial-sd-app] => (item=/tmp/securedrop-app-code_1.8.0~rc4+xenial_amd64/var/www/securedrop/static/gen)
    changed: [xenial-sd-app] => (item=/tmp/securedrop-app-code_1.8.0~rc4+xenial_amd64/var/www/securedrop/static/.webassets-cache)
    changed: [xenial-sd-app] => (item=/tmp/securedrop-app-code_1.8.0~rc4+xenial_amd64/var/www/securedrop/.well-known/pki-validation)

    TASK [build-generic-pkg : Find any jinja templates] ****************************
    ok: [xenial-sd-generic-ossec-agent -> localhost]

    TASK [build-generic-pkg : Find any jinja templates] ****************************
    ok: [xenial-sd-generic-ossec-server -> localhost]

    TASK [build-generic-pkg : Find any jinja templates] ****************************
    ok: [xenial-sd-generic-ossec-agent -> localhost]

    TASK [build-generic-pkg : Find any jinja templates] ****************************
    ok: [xenial-sd-generic-ossec-server -> localhost]

    TASK [build-generic-pkg : Find any jinja templates] ****************************
    ok: [xenial-sd-generic-ossec-agent -> localhost]

    TASK [build-generic-pkg : Find any jinja templates] ****************************
    ok: [xenial-sd-generic-ossec-server -> localhost]

    TASK [build-generic-pkg : Find any jinja templates] ****************************
    ok: [xenial-sd-generic-ossec-agent -> localhost]

    TASK [build-generic-pkg : Find any jinja templates] ****************************
    ok: [xenial-sd-generic-ossec-server -> localhost]

    TASK [build-generic-pkg : Find any jinja templates] ****************************
    ok: [xenial-sd-generic-ossec-server -> localhost]

    TASK [build-securedrop-app-code-deb-pkg : Build securedrop-app-code Debian package] ***
    changed: [xenial-sd-app]

    TASK [build-securedrop-app-code-deb-pkg : Find newly built Debian package] *****
    ok: [xenial-sd-app]

    TASK [build-securedrop-app-code-deb-pkg : Fetch newly built Debian packages back to localhost] ***
    changed: [xenial-sd-app] => (item={'rgrp': True, 'mtime': 1615340272.888, 'inode': 577245, 'isblk': False, 'pw_name': 'root', 'woth': False, 'size': 10506846, 'issock': False, 'isreg': True, 'gr_name': 'root', 'islnk': False, 'xoth': False, 'gid': 0, 'path': '/tmp/securedrop-app-code_1.8.0~rc4+xenial_amd64.deb', 'wusr': True, 'nlink': 1, 'uid': 0, 'isfifo': False, 'ctime': 1615340272.888, 'xgrp': False, 'roth': True, 'atime': 1615340273.04, 'wgrp': False, 'ischr': False, 'dev': 46, 'rusr': True, 'isdir': False, 'isuid': False, 'xusr': False, 'mode': '0644', 'isgid': False})
    changed: [xenial-sd-app] => (item={'rgrp': True, 'mtime': 1615340153.584, 'inode': 576784, 'isblk': False, 'pw_name': 'root', 'woth': False, 'size': 2098487, 'issock': False, 'isreg': True, 'gr_name': 'root', 'islnk': False, 'xoth': False, 'gid': 0, 'path': '/tmp/securedrop-app-code_1.8.0~rc4+xenial.tar.gz', 'wusr': True, 'nlink': 1, 'uid': 0, 'isfifo': False, 'ctime': 1615340153.6, 'xgrp': False, 'roth': True, 'atime': 1615340153.604, 'wgrp': False, 'ischr': False, 'dev': 46, 'rusr': True, 'isdir': False, 'isuid': False, 'xusr': False, 'mode': '0644', 'isgid': False})
[DEPRECATION WARNING]: Invoking "apt" only once while using a loop via
squash_actions is deprecated. Instead of using a loop to supply multiple items
and specifying `name: "{{ item }}"`, please use `name: '{{
build_ossec_deb_pkg_dependencies }}'` and remove the loop. This feature will be
 removed in version 2.11. Deprecation warnings can be disabled by setting
deprecation_warnings=False in ansible.cfg.
[DEPRECATION WARNING]: Invoking "apt" only once while using a loop via
squash_actions is deprecated. Instead of using a loop to supply multiple items
and specifying `name: "{{ item }}"`, please use `name: '{{
build_ossec_deb_pkg_dependencies }}'` and remove the loop. This feature will be
 removed in version 2.11. Deprecation warnings can be disabled by setting
deprecation_warnings=False in ansible.cfg.

    TASK [build-generic-pkg : Find any jinja templates] ****************************
    ok: [xenial-sd-app -> localhost]

    TASK [build-generic-pkg : Find any jinja templates] ****************************
    ok: [xenial-sd-app -> localhost]

    TASK [build-generic-pkg : Find any jinja templates] ****************************
    ok: [xenial-sd-app -> localhost]

    TASK [build-generic-pkg : Find any jinja templates] ****************************
    ok: [xenial-sd-app -> localhost]

    TASK [build-generic-pkg : Find any jinja templates] ****************************
    ok: [xenial-sd-app -> localhost]

    PLAY [Give dpkg verify container access to debs] *******************************

    TASK [Discover local debian build files] ***************************************
    ok: [xenial-sd-dpkg-verification -> localhost]

    TASK [Create build dir] ********************************************************
    ok: [xenial-sd-dpkg-verification]

    TASK [Drop debian files into container] ****************************************
    changed: [xenial-sd-dpkg-verification] => (item={'path': '/home/user/securedrop/build/xenial/securedrop-config-0.1.4+1.8.0~rc4+xenial-amd64.deb', 'mode': '0600', 'isdir': False, 'ischr': False, 'isblk': False, 'isreg': True, 'isfifo': False, 'islnk': False, 'issock': False, 'uid': 1000, 'gid': 1000, 'size': 2742, 'inode': 141967, 'dev': 51728, 'nlink': 1, 'atime': 1615340122.516, 'mtime': 1615340122.516, 'ctime': 1615340122.516, 'gr_name': 'user', 'pw_name': 'user', 'wusr': True, 'rusr': True, 'xusr': False, 'wgrp': False, 'rgrp': False, 'xgrp': False, 'woth': False, 'roth': False, 'xoth': False, 'isuid': False, 'isgid': False})
    changed: [xenial-sd-dpkg-verification] => (item={'path': '/home/user/securedrop/build/xenial/securedrop-keyring-0.1.4+1.8.0~rc4+xenial-amd64.deb', 'mode': '0600', 'isdir': False, 'ischr': False, 'isblk': False, 'isreg': True, 'isfifo': False, 'islnk': False, 'issock': False, 'uid': 1000, 'gid': 1000, 'size': 5842, 'inode': 141965, 'dev': 51728, 'nlink': 1, 'atime': 1615340087.86, 'mtime': 1615340087.86, 'ctime': 1615340087.86, 'gr_name': 'user', 'pw_name': 'user', 'wusr': True, 'rusr': True, 'xusr': False, 'wgrp': False, 'rgrp': False, 'xgrp': False, 'woth': False, 'roth': False, 'xoth': False, 'isuid': False, 'isgid': False})
    changed: [xenial-sd-dpkg-verification] => (item={'path': '/home/user/securedrop/build/xenial/securedrop-grsec-4.14.188+xenial-amd64.deb', 'mode': '0600', 'isdir': False, 'ischr': False, 'isblk': False, 'isreg': True, 'isfifo': False, 'islnk': False, 'issock': False, 'uid': 1000, 'gid': 1000, 'size': 2298, 'inode': 141966, 'dev': 51728, 'nlink': 1, 'atime': 1615340103.8, 'mtime': 1615340103.8, 'ctime': 1615340103.8, 'gr_name': 'user', 'pw_name': 'user', 'wusr': True, 'rusr': True, 'xusr': False, 'wgrp': False, 'rgrp': False, 'xgrp': False, 'woth': False, 'roth': False, 'xoth': False, 'isuid': False, 'isgid': False})
    changed: [xenial-sd-dpkg-verification] => (item={'path': '/home/user/securedrop/build/xenial/securedrop-app-code_1.8.0~rc4+xenial_amd64.deb', 'mode': '0600', 'isdir': False, 'ischr': False, 'isblk': False, 'isreg': True, 'isfifo': False, 'islnk': False, 'issock': False, 'uid': 1000, 'gid': 1000, 'size': 10506846, 'inode': 141970, 'dev': 51728, 'nlink': 1, 'atime': 1615340275.34, 'mtime': 1615340275.332, 'ctime': 1615340275.332, 'gr_name': 'user', 'pw_name': 'user', 'wusr': True, 'rusr': True, 'xusr': False, 'wgrp': False, 'rgrp': False, 'xgrp': False, 'woth': False, 'roth': False, 'xoth': False, 'isuid': False, 'isgid': False})
    changed: [xenial-sd-dpkg-verification] => (item={'path': '/home/user/securedrop/build/xenial/securedrop-ossec-agent-3.6.0+1.8.0~rc4+xenial-amd64.deb', 'mode': '0600', 'isdir': False, 'ischr': False, 'isblk': False, 'isreg': True, 'isfifo': False, 'islnk': False, 'issock': False, 'uid': 1000, 'gid': 1000, 'size': 4598, 'inode': 141964, 'dev': 51728, 'nlink': 1, 'atime': 1615340069.568, 'mtime': 1615340069.568, 'ctime': 1615340069.568, 'gr_name': 'user', 'pw_name': 'user', 'wusr': True, 'rusr': True, 'xusr': False, 'wgrp': False, 'rgrp': False, 'xgrp': False, 'woth': False, 'roth': False, 'xoth': False, 'isuid': False, 'isgid': False})
    changed: [xenial-sd-dpkg-verification] => (item={'path': '/home/user/securedrop/build/xenial/securedrop-ossec-server-3.6.0+1.8.0~rc4+xenial-amd64.deb', 'mode': '0600', 'isdir': False, 'ischr': False, 'isblk': False, 'isreg': True, 'isfifo': False, 'islnk': False, 'issock': False, 'uid': 1000, 'gid': 1000, 'size': 7874, 'inode': 141963, 'dev': 51728, 'nlink': 1, 'atime': 1615340053.028, 'mtime': 1615340053.028, 'ctime': 1615340053.028, 'gr_name': 'user', 'pw_name': 'user', 'wusr': True, 'rusr': True, 'xusr': False, 'wgrp': False, 'rgrp': False, 'xgrp': False, 'woth': False, 'roth': False, 'xoth': False, 'isuid': False, 'isgid': False})
    changed: [xenial-sd-dpkg-verification] => (item={'path': '/home/user/securedrop/build/xenial/ossec-server-3.6.0+xenial-amd64.deb', 'mode': '0600', 'isdir': False, 'ischr': False, 'isblk': False, 'isreg': True, 'isfifo': False, 'islnk': False, 'issock': False, 'uid': 1000, 'gid': 1000, 'size': 715336, 'inode': 141968, 'dev': 51728, 'nlink': 1, 'atime': 1615340138.384, 'mtime': 1615340138.38, 'ctime': 1615340138.38, 'gr_name': 'user', 'pw_name': 'user', 'wusr': True, 'rusr': True, 'xusr': False, 'wgrp': False, 'rgrp': False, 'xgrp': False, 'woth': False, 'roth': False, 'xoth': False, 'isuid': False, 'isgid': False})
    changed: [xenial-sd-dpkg-verification] => (item={'path': '/home/user/securedrop/build/xenial/ossec-agent-3.6.0+xenial-amd64.deb', 'mode': '0600', 'isdir': False, 'ischr': False, 'isblk': False, 'isreg': True, 'isfifo': False, 'islnk': False, 'issock': False, 'uid': 1000, 'gid': 1000, 'size': 283584, 'inode': 141969, 'dev': 51728, 'nlink': 1, 'atime': 1615340145.472, 'mtime': 1615340145.472, 'ctime': 1615340145.472, 'gr_name': 'user', 'pw_name': 'user', 'wusr': True, 'rusr': True, 'xusr': False, 'wgrp': False, 'rgrp': False, 'xgrp': False, 'woth': False, 'roth': False, 'xoth': False, 'isuid': False, 'isgid': False})

    PLAY RECAP *********************************************************************
    xenial-sd-app              : ok=31   changed=24   unreachable=0    failed=0    skipped=98   rescued=0    ignored=0
    xenial-sd-config           : ok=14   changed=4    unreachable=0    failed=0    skipped=115  rescued=0    ignored=0
    xenial-sd-dpkg-verification : ok=3    changed=1    unreachable=0    failed=0    skipped=0    rescued=0    ignored=0
    xenial-sd-generic-ossec-agent : ok=30   changed=22   unreachable=0    failed=0    skipped=99   rescued=0    ignored=0
    xenial-sd-generic-ossec-agent2 : ok=14   changed=4    unreachable=0    failed=0    skipped=115  rescued=0    ignored=0
    xenial-sd-generic-ossec-server : ok=30   changed=22   unreachable=0    failed=0    skipped=99   rescued=0    ignored=0
    xenial-sd-generic-ossec-server2 : ok=14   changed=4    unreachable=0    failed=0    skipped=115  rescued=0    ignored=0
    xenial-sd-grsec            : ok=14   changed=4    unreachable=0    failed=0    skipped=115  rescued=0    ignored=0
    xenial-sd-keyring          : ok=14   changed=4    unreachable=0    failed=0    skipped=115  rescued=0    ignored=0
    xenial-sd-sec-update       : ok=7    changed=1    unreachable=0    failed=0    skipped=122  rescued=0    ignored=0

--> Inventory /home/user/securedrop/molecule/builder-xenial/../../install_files/ansible-base/group_vars linked to /home/user/.cache/molecule/securedrop/builder-xenial/inventory/group_vars
--> Scenario: 'builder-xenial'
--> Action: 'verify'
--> Executing Testinfra tests found in /home/user/securedrop/molecule/builder-xenial/tests//...
    ============================= test session starts ==============================
    platform linux -- Python 3.7.3, pytest-6.1.1, py-1.10.0, pluggy-0.13.1
    rootdir: /home/user/securedrop/molecule, configfile: pytest.ini
    plugins: xdist-2.1.0, testinfra-5.3.1, forked-1.3.0
gw0 [146] / gw1 [146]
    .....................................................................F.. [ 49%]
    ....................................................................x... [ 98%]
    ..                                                                       [100%]
    =================================== FAILURES ===================================
    _________ test_ensure_no_updates_avail[docker://xenial-sd-sec-update] __________
    [gw0] linux -- Python 3.7.3 /home/user/.virtualenvs/sd/bin/python3

    host = <testinfra.host.Host docker://xenial-sd-sec-update>

        @pytest.mark.skipif(not test_should_run(), reason="Only tested for RCs and builder updates")
        def test_ensure_no_updates_avail(host):
            """
                Test to make sure that there are no security-updates in the
                base builder container.
            """
            # Filter out all the security repos to their own file
            # without this change all the package updates appeared as if they were
            # coming from normal ubuntu update channel (since they get posted to both)
            host.run('egrep "^deb.*security" /etc/apt/sources.list > /tmp/sec.list')

            dist_upgrade_simulate = host.run('apt-get -s dist-upgrade '
                                             '-oDir::Etc::Sourcelist=/tmp/sec.list '
                                             '|grep "^Inst" |grep -i security')

            # If the grep was successful that means security package updates found
            # otherwise we get a non-zero exit code so no updates needed.
    >       assert dist_upgrade_simulate.rc != 0
    E       assert 0 != 0
    E        +  where 0 = CommandResult(command=b'apt-get -s dist-upgrade -oDir::Etc::Sourcelist=/tmp/sec.list |grep "^Inst" |grep -i security',...ity [amd64])\nInst linux-libc-dev [4.4.0-200.232] (4.4.0-203.235 Ubuntu:16.04/xenial-security [amd64])\n', stderr=None).rc

    tests/test_security_updates.py:43: AssertionError
    =========================== short test summary info ============================
    FAILED tests/test_security_updates.py::test_ensure_no_updates_avail[docker:/xenial-sd-sec-update]
    ================== 1 failed, 144 passed, 1 xfailed in 31.05s ===================
An error occurred during the test sequence action: 'verify'. Cleaning up.
--> Inventory /home/user/securedrop/molecule/builder-xenial/../../install_files/ansible-base/group_vars linked to /home/user/.cache/molecule/securedrop/builder-xenial/inventory/group_vars
--> Scenario: 'builder-xenial'
--> Action: 'cleanup'
Skipping, cleanup playbook not configured.
--> Inventory /home/user/securedrop/molecule/builder-xenial/../../install_files/ansible-base/group_vars linked to /home/user/.cache/molecule/securedrop/builder-xenial/inventory/group_vars
--> Scenario: 'builder-xenial'
--> Action: 'destroy'

    PLAY [Destroy] *****************************************************************

    TASK [Destroy molecule instance(s)] ********************************************
    changed: [localhost] => (item={'groups': ['builders'], 'name': 'xenial-sd-app'})
    changed: [localhost] => (item={'groups': ['builders'], 'name': 'xenial-sd-generic-ossec-agent'})
    changed: [localhost] => (item={'groups': ['builders'], 'name': 'xenial-sd-generic-ossec-server'})
    changed: [localhost] => (item={'groups': ['builders'], 'name': 'xenial-sd-generic-ossec-agent2'})
    changed: [localhost] => (item={'groups': ['builders'], 'name': 'xenial-sd-generic-ossec-server2'})
    changed: [localhost] => (item={'groups': ['builders'], 'name': 'xenial-sd-grsec'})
    changed: [localhost] => (item={'groups': ['builders'], 'name': 'xenial-sd-config'})
    changed: [localhost] => (item={'groups': ['builders'], 'name': 'xenial-sd-keyring'})
    changed: [localhost] => (item={'groups': ['builders'], 'name': 'xenial-sd-sec-update'})
    changed: [localhost] => (item={'groups': ['testers'], 'name': 'xenial-sd-dpkg-verification'})

    PLAY RECAP *********************************************************************
    localhost                  : ok=1    changed=1    unreachable=0    failed=0    skipped=0    rescued=0    ignored=0

--> Pruning extra files from scenario ephemeral directory
make: *** [Makefile:325: build-debs] Error 1
[user@fpf-dev-dvm:~/securedrop] [sd] 586d51e59 12m48s 2 ±
 $ sha256sum build/xenial/*
72b8a94f5c48928d51bab94b81735b61000323e6b633ee52bdbb394d4e06b387  build/xenial/ossec-agent-3.6.0+xenial-amd64.deb
3f42261911fcb51d040a95c876672dec95e3659220734c32396c77d589c04bdc  build/xenial/ossec-server-3.6.0+xenial-amd64.deb
9d91e9fd63ee43374e56031c0547e64140d84c861e63fc47e37cdf3a892102a2  build/xenial/securedrop-app-code_1.8.0~rc4+xenial_amd64.deb
b2ec793e6867df7151dbd2538b3c70be93634298cc2bc55036183fb4513251ef  build/xenial/securedrop-app-code_1.8.0~rc4+xenial.tar.gz
4a8d0484aba23f528248e226948a5d97ccc2def0e8dbe73cad7a678942011f3a  build/xenial/securedrop-config-0.1.4+1.8.0~rc4+xenial-amd64.deb
53d22a8f3023c66d42b56db6e4f57794107104682176c517049c49784a64a116  build/xenial/securedrop-grsec-4.14.188+xenial-amd64.deb
973d62e8bfbf3484d28d0180f8a0d61d6e7f2e5c9f37c5c874e9c3f74602aa06  build/xenial/securedrop-keyring-0.1.4+1.8.0~rc4+xenial-amd64.deb
f98f13cb761c8412cf23eec2440fa3fcfab1232fa2c5a5a44578a2f6cefb1b34  build/xenial/securedrop-ossec-agent-3.6.0+1.8.0~rc4+xenial-amd64.deb
d4763fd4815ccca52c8a002fee034b176cb15557b575417dfaba4ff6a4a840b5  build/xenial/securedrop-ossec-server-3.6.0+1.8.0~rc4+xenial-amd64.deb
[user@fpf-dev-dvm:~/securedrop] [sd] 586d51e59 13m0s ±

