gituser@sd-dvm:~/securedrop$ git checkout 1.8.2-rc2
Note: checking out '1.8.2-rc2'.

You are in 'detached HEAD' state. You can look around, make experimental
changes and commit them, and you can discard any commits you make in this
state without impacting any branches by performing another checkout.

If you want to create a new branch to retain commits you create, you may
do so (now or later) by using -b with the checkout command again. Example:

  git checkout -b <new-branch-name>

HEAD is now at 4fafece63 SecureDrop 1.8.2-rc2
user@sd-dvm:~/securedrop$ git verify-commit HEAD
gpg: Signature made Tue May 11 14:09:16 2021 EDT
gpg:                using RSA key A05ACE4F7E0BCA9BAD8D42F4ACFE4353173015EA
gpg: Good signature from "Kevin O'Gorman <kog@freedom.press>" [unknown]
gpg: WARNING: This key is not certified with a trusted signature!
gpg:          There is no indication that the signature belongs to the owner.
Primary key fingerprint: A05A CE4F 7E0B CA9B AD8D  42F4 ACFE 4353 1730 15EA
user@sd-dvm:~/securedrop$ mkvirtualenv -p $(which python3) sd
Already using interpreter /usr/bin/python3
Using base prefix '/usr'
New python executable in /home/user/.virtualenvs/sd/bin/python3
Also creating executable in /home/user/.virtualenvs/sd/bin/python
Installing setuptools, pkg_resources, pip, wheel...done.
virtualenvwrapper.user_scripts creating /home/user/.virtualenvs/sd/bin/predeactivate
virtualenvwrapper.user_scripts creating /home/user/.virtualenvs/sd/bin/postdeactivate
virtualenvwrapper.user_scripts creating /home/user/.virtualenvs/sd/bin/preactivate
virtualenvwrapper.user_scripts creating /home/user/.virtualenvs/sd/bin/postactivate
virtualenvwrapper.user_scripts creating /home/user/.virtualenvs/sd/bin/get_env_details
(sd) user@sd-dvm:~/securedrop$ pip install -r securedrop/requirements/python3/develop-requirements.txt 
Collecting ansible-lint==4.2.0
  Downloading ansible_lint-4.2.0-py2.py3-none-any.whl (57 kB)
     |████████████████████████████████| 57 kB 4.0 MB/s 
Collecting ansible==2.9.7
  Downloading ansible-2.9.7.tar.gz (14.2 MB)
     |████████████████████████████████| 14.2 MB 5.0 MB/s 
Collecting apipkg==1.4
  Downloading apipkg-1.4-py2.py3-none-any.whl (6.6 kB)
Collecting argon2-cffi==20.1.0
  Downloading argon2_cffi-20.1.0-cp35-abi3-manylinux1_x86_64.whl (97 kB)
     |████████████████████████████████| 97 kB 4.7 MB/s 
Collecting arrow==0.10.0
  Downloading arrow-0.10.0.tar.gz (86 kB)
     |████████████████████████████████| 86 kB 4.2 MB/s 
Collecting aspy.yaml==1.3.0
  Downloading aspy.yaml-1.3.0-py2.py3-none-any.whl (3.5 kB)
Collecting astroid==2.5.2
  Downloading astroid-2.5.2-py3-none-any.whl (222 kB)
     |████████████████████████████████| 222 kB 5.3 MB/s 
Collecting attrs==20.2.0
  Downloading attrs-20.2.0-py2.py3-none-any.whl (48 kB)
     |████████████████████████████████| 48 kB 4.1 MB/s 
Collecting bandit==1.7.0
  Downloading bandit-1.7.0-py3-none-any.whl (115 kB)
     |████████████████████████████████| 115 kB 5.7 MB/s 
Collecting bcrypt==3.1.3
  Downloading bcrypt-3.1.3.tar.gz (40 kB)
     |████████████████████████████████| 40 kB 3.6 MB/s 
Collecting binaryornot==0.4.4
  Downloading binaryornot-0.4.4-py2.py3-none-any.whl (9.0 kB)
Collecting boto3==1.5.24
  Downloading boto3-1.5.24-py2.py3-none-any.whl (128 kB)
     |████████████████████████████████| 128 kB 4.6 MB/s 
Collecting boto==2.48.0
  Downloading boto-2.48.0-py2.py3-none-any.whl (1.4 MB)
     |████████████████████████████████| 1.4 MB 5.8 MB/s 
Collecting botocore==1.8.38
  Downloading botocore-1.8.38-py2.py3-none-any.whl (4.1 MB)
     |████████████████████████████████| 4.1 MB 6.0 MB/s 
Collecting cerberus==1.3.1
  Downloading Cerberus-1.3.1.tar.gz (52 kB)
     |████████████████████████████████| 52 kB 1.1 MB/s 
Collecting certifi==2017.7.27.1
  Downloading certifi-2017.7.27.1-py2.py3-none-any.whl (349 kB)
     |████████████████████████████████| 349 kB 4.1 MB/s 
Collecting cffi==1.14.2
  Downloading cffi-1.14.2-cp37-cp37m-manylinux1_x86_64.whl (401 kB)
     |████████████████████████████████| 401 kB 4.4 MB/s 
Collecting cfgv==2.0.1
  Downloading cfgv-2.0.1-py2.py3-none-any.whl (7.4 kB)
Collecting chardet==3.0.4
  Downloading chardet-3.0.4-py2.py3-none-any.whl (133 kB)
     |████████████████████████████████| 133 kB 5.7 MB/s 
Collecting click-completion==0.5.2
  Downloading click-completion-0.5.2.tar.gz (10 kB)
Collecting click-help-colors==0.8
  Downloading click_help_colors-0.8-py3-none-any.whl (6.0 kB)
Collecting click==7.1.2
  Downloading click-7.1.2-py2.py3-none-any.whl (82 kB)
     |████████████████████████████████| 82 kB 1.7 MB/s 
Collecting colorama==0.3.9
  Downloading colorama-0.3.9-py2.py3-none-any.whl (20 kB)
Collecting cookiecutter==1.6.0
  Downloading cookiecutter-1.6.0-py2.py3-none-any.whl (50 kB)
     |████████████████████████████████| 50 kB 3.9 MB/s 
Collecting cryptography==3.2.1
  Downloading cryptography-3.2.1-cp35-abi3-manylinux2010_x86_64.whl (2.6 MB)
     |████████████████████████████████| 2.6 MB 6.5 MB/s 
Collecting distro==1.5.0
  Downloading distro-1.5.0-py2.py3-none-any.whl (18 kB)
Collecting dnspython==1.15.0
  Downloading dnspython-1.15.0-py2.py3-none-any.whl (177 kB)
     |████████████████████████████████| 177 kB 5.5 MB/s 
Collecting docker==4.4.2
  Downloading docker-4.4.2-py2.py3-none-any.whl (146 kB)
     |████████████████████████████████| 146 kB 3.0 MB/s 
Collecting docopt==0.6.2
  Downloading docopt-0.6.2.tar.gz (25 kB)
Collecting docutils==0.14
  Downloading docutils-0.14-py3-none-any.whl (543 kB)
     |████████████████████████████████| 543 kB 4.1 MB/s 
Collecting dparse==0.4.1
  Downloading dparse-0.4.1.tar.gz (31 kB)
Collecting entrypoints==0.3
  Downloading entrypoints-0.3-py2.py3-none-any.whl (11 kB)
Collecting execnet==1.4.1
  Downloading execnet-1.4.1-py2.py3-none-any.whl (40 kB)
     |████████████████████████████████| 40 kB 4.2 MB/s 
Collecting fasteners==0.14.1
  Downloading fasteners-0.14.1-py2.py3-none-any.whl (20 kB)
Collecting flake8==3.7.7
  Downloading flake8-3.7.7-py2.py3-none-any.whl (68 kB)
     |████████████████████████████████| 68 kB 4.5 MB/s 
Collecting future==0.16.0
  Downloading future-0.16.0.tar.gz (824 kB)
     |████████████████████████████████| 824 kB 6.0 MB/s 
Collecting git-url-parse==1.0.2
  Downloading git_url_parse-1.0.2-py3-none-any.whl (5.4 kB)
Collecting gitdb2==2.0.3
  Downloading gitdb2-2.0.3-py2.py3-none-any.whl (63 kB)
     |████████████████████████████████| 63 kB 2.5 MB/s 
Collecting gitpython==2.1.8
  Downloading GitPython-2.1.8-py2.py3-none-any.whl (448 kB)
     |████████████████████████████████| 448 kB 5.8 MB/s 
Collecting html-linter==0.4.0
  Downloading html-linter-0.4.0.tar.gz (19 kB)
Collecting identify==1.4.7
  Downloading identify-1.4.7-py2.py3-none-any.whl (97 kB)
     |████████████████████████████████| 97 kB 4.0 MB/s 
Collecting idna==2.5
  Downloading idna-2.5-py2.py3-none-any.whl (55 kB)
     |████████████████████████████████| 55 kB 2.1 MB/s 
Collecting importlib-metadata==0.23
  Downloading importlib_metadata-0.23-py2.py3-none-any.whl (28 kB)
Collecting importlib-resources==1.5.0
  Downloading importlib_resources-1.5.0-py2.py3-none-any.whl (21 kB)
Collecting iniconfig==1.0.1
  Downloading iniconfig-1.0.1-py3-none-any.whl (4.2 kB)
Collecting isort==5.8.0
  Downloading isort-5.8.0-py3-none-any.whl (103 kB)
     |████████████████████████████████| 103 kB 872 kB/s 
Collecting jinja2-time==0.2.0
  Downloading jinja2_time-0.2.0-py2.py3-none-any.whl (6.4 kB)
Collecting jinja2==2.11.3
  Downloading Jinja2-2.11.3-py2.py3-none-any.whl (125 kB)
     |████████████████████████████████| 125 kB 1.4 MB/s 
Collecting jmespath==0.9.3
  Downloading jmespath-0.9.3-py2.py3-none-any.whl (23 kB)
Collecting lazy-object-proxy==1.6.0
  Downloading lazy_object_proxy-1.6.0-cp37-cp37m-manylinux1_x86_64.whl (55 kB)
     |████████████████████████████████| 55 kB 2.1 MB/s 
Collecting markupsafe==1.1.1
  Downloading MarkupSafe-1.1.1-cp37-cp37m-manylinux1_x86_64.whl (27 kB)
Collecting mccabe==0.6.1
  Downloading mccabe-0.6.1-py2.py3-none-any.whl (8.6 kB)
Collecting molecule-vagrant==0.3
  Downloading molecule_vagrant-0.3-py2.py3-none-any.whl (24 kB)
Collecting molecule==3.0.2.1
  Downloading molecule-3.0.2.1-py2.py3-none-any.whl (281 kB)
     |████████████████████████████████| 281 kB 1.2 MB/s 
Collecting monotonic==1.4
  Downloading monotonic-1.4-py2.py3-none-any.whl (5.3 kB)
Collecting more-itertools==7.2.0
  Downloading more_itertools-7.2.0-py3-none-any.whl (57 kB)
     |████████████████████████████████| 57 kB 781 kB/s 
Collecting mypy-extensions==0.4.3
  Downloading mypy_extensions-0.4.3-py2.py3-none-any.whl (4.5 kB)
Collecting mypy==0.761
  Downloading mypy-0.761-cp37-cp37m-manylinux1_x86_64.whl (24.1 MB)
     |████████████████████████████████| 24.1 MB 514 kB/s 
Collecting netaddr==0.7.19
  Downloading netaddr-0.7.19-py2.py3-none-any.whl (1.6 MB)
     |████████████████████████████████| 1.6 MB 5.6 MB/s 
Collecting nodeenv==1.3.3
  Downloading nodeenv-1.3.3.tar.gz (34 kB)
Collecting packaging==16.8
  Downloading packaging-16.8-py2.py3-none-any.whl (23 kB)
Collecting paramiko==2.6.0
  Downloading paramiko-2.6.0-py2.py3-none-any.whl (199 kB)
     |████████████████████████████████| 199 kB 5.3 MB/s 
Collecting pathspec==0.5.5
  Downloading pathspec-0.5.5.tar.gz (21 kB)
Collecting pbr==5.1.1
  Downloading pbr-5.1.1-py2.py3-none-any.whl (106 kB)
     |████████████████████████████████| 106 kB 6.0 MB/s 
Collecting pexpect==4.6.0
  Downloading pexpect-4.6.0-py2.py3-none-any.whl (57 kB)
     |████████████████████████████████| 57 kB 3.3 MB/s 
Collecting pip-tools==4.5.1
  Downloading pip_tools-4.5.1-py2.py3-none-any.whl (41 kB)
     |████████████████████████████████| 41 kB 541 kB/s 
Collecting pluggy==0.13.1
  Downloading pluggy-0.13.1-py2.py3-none-any.whl (18 kB)
Collecting poyo==0.4.1
  Downloading poyo-0.4.1-py2.py3-none-any.whl (12 kB)
Collecting pre-commit==1.18.3
  Downloading pre_commit-1.18.3-py2.py3-none-any.whl (154 kB)
     |████████████████████████████████| 154 kB 5.2 MB/s 
Collecting prompt_toolkit==2.0.9
  Downloading prompt_toolkit-2.0.9-py3-none-any.whl (337 kB)
     |████████████████████████████████| 337 kB 5.3 MB/s 
Collecting psutil==5.7.0
  Downloading psutil-5.7.0.tar.gz (449 kB)
     |████████████████████████████████| 449 kB 5.4 MB/s 
Collecting ptyprocess==0.5.2
  Downloading ptyprocess-0.5.2-py2.py3-none-any.whl (39 kB)
Collecting py==1.10.0
  Downloading py-1.10.0-py2.py3-none-any.whl (97 kB)
     |████████████████████████████████| 97 kB 4.4 MB/s 
Collecting pycodestyle==2.5.0
  Downloading pycodestyle-2.5.0-py2.py3-none-any.whl (51 kB)
     |████████████████████████████████| 51 kB 5.2 MB/s 
Collecting pycparser==2.18
  Downloading pycparser-2.18.tar.gz (245 kB)
     |████████████████████████████████| 245 kB 2.5 MB/s 
Collecting pyenchant==2.0.0
  Downloading pyenchant-2.0.0.tar.gz (64 kB)
     |████████████████████████████████| 64 kB 2.2 MB/s 
Collecting pyflakes==2.1.1
  Downloading pyflakes-2.1.1-py2.py3-none-any.whl (59 kB)
     |████████████████████████████████| 59 kB 4.6 MB/s 
Collecting pylint==2.7.4
  Downloading pylint-2.7.4-py3-none-any.whl (346 kB)
     |████████████████████████████████| 346 kB 5.8 MB/s 
Collecting pynacl==1.1.2
  Downloading PyNaCl-1.1.2.tar.gz (3.1 MB)
     |████████████████████████████████| 3.1 MB 6.2 MB/s 
Collecting pyparsing==2.2.0
  Downloading pyparsing-2.2.0-py2.py3-none-any.whl (56 kB)
     |████████████████████████████████| 56 kB 3.9 MB/s 
Collecting pytest-forked==1.3.0
  Downloading pytest_forked-1.3.0-py2.py3-none-any.whl (4.7 kB)
Collecting pytest-xdist==2.1.0
  Downloading pytest_xdist-2.1.0-py3-none-any.whl (36 kB)
Collecting pytest==6.1.1
  Downloading pytest-6.1.1-py3-none-any.whl (272 kB)
     |████████████████████████████████| 272 kB 5.8 MB/s 
Collecting python-dateutil==2.6.1
  Downloading python_dateutil-2.6.1-py2.py3-none-any.whl (194 kB)
     |████████████████████████████████| 194 kB 5.7 MB/s 
Collecting python-gilt==1.2.1
  Downloading python_gilt-1.2.1-py3-none-any.whl (13 kB)
Collecting python-vagrant==0.5.15
  Downloading python-vagrant-0.5.15.tar.gz (29 kB)
Collecting pyyaml==5.4.1
  Downloading PyYAML-5.4.1-cp37-cp37m-manylinux1_x86_64.whl (636 kB)
     |████████████████████████████████| 636 kB 5.9 MB/s 
Collecting requests==2.22.0
  Downloading requests-2.22.0-py2.py3-none-any.whl (57 kB)
     |████████████████████████████████| 57 kB 1.9 MB/s 
Collecting ruamel.yaml.clib==0.2.0
  Downloading ruamel.yaml.clib-0.2.0-cp37-cp37m-manylinux1_x86_64.whl (547 kB)
     |████████████████████████████████| 547 kB 4.5 MB/s 
Collecting ruamel.yaml==0.16.10
  Downloading ruamel.yaml-0.16.10-py2.py3-none-any.whl (111 kB)
     |████████████████████████████████| 111 kB 5.8 MB/s 
Collecting s3transfer==0.1.12
  Downloading s3transfer-0.1.12-py2.py3-none-any.whl (59 kB)
     |████████████████████████████████| 59 kB 4.8 MB/s 
Collecting safety==1.8.7
  Downloading safety-1.8.7-py2.py3-none-any.whl (14 kB)
Collecting selinux==0.2.1
  Downloading selinux-0.2.1-py2.py3-none-any.whl (4.3 kB)
Collecting sh==1.12.14
  Downloading sh-1.12.14-py2.py3-none-any.whl (38 kB)
Collecting shellingham==1.3.2
  Downloading shellingham-1.3.2-py2.py3-none-any.whl (11 kB)
Collecting six==1.15.0
  Downloading six-1.15.0-py2.py3-none-any.whl (10 kB)
Collecting smmap2==2.0.3
  Downloading smmap2-2.0.3-py2.py3-none-any.whl (27 kB)
Collecting sqlalchemy-stubs==0.3
  Downloading sqlalchemy_stubs-0.3-py3-none-any.whl (115 kB)
     |████████████████████████████████| 115 kB 5.8 MB/s 
Collecting stevedore==1.28.0
  Downloading stevedore-1.28.0-py2.py3-none-any.whl (39 kB)
Collecting tabulate==0.8.7
  Downloading tabulate-0.8.7-py3-none-any.whl (24 kB)
Collecting template-remover==0.1.9
  Downloading template-remover-0.1.9.tar.gz (7.1 kB)
Collecting testinfra==5.3.1
  Downloading testinfra-5.3.1-py3-none-any.whl (69 kB)
     |████████████████████████████████| 69 kB 4.4 MB/s 
Collecting toml==0.10.0
  Downloading toml-0.10.0-py2.py3-none-any.whl (25 kB)
Collecting tree-format==0.1.2
  Downloading tree-format-0.1.2.tar.gz (4.0 kB)
Collecting typed-ast==1.4.1
  Downloading typed_ast-1.4.1-cp37-cp37m-manylinux1_x86_64.whl (737 kB)
     |████████████████████████████████| 737 kB 4.9 MB/s 
Collecting typing-extensions==3.7.4.1
  Downloading typing_extensions-3.7.4.1-py3-none-any.whl (20 kB)
Collecting urllib3==1.25.10
  Downloading urllib3-1.25.10-py2.py3-none-any.whl (127 kB)
     |████████████████████████████████| 127 kB 5.9 MB/s 
Collecting virtualenv==16.7.5
  Downloading virtualenv-16.7.5-py2.py3-none-any.whl (3.3 MB)
     |████████████████████████████████| 3.3 MB 4.7 MB/s 
Collecting wcwidth==0.1.7
  Downloading wcwidth-0.1.7-py2.py3-none-any.whl (21 kB)
Collecting websocket-client==0.44.0
  Downloading websocket_client-0.44.0-py2.py3-none-any.whl (199 kB)
     |████████████████████████████████| 199 kB 3.8 MB/s 
Collecting whichcraft==0.4.1
  Downloading whichcraft-0.4.1-py2.py3-none-any.whl (5.1 kB)
Collecting wrapt==1.12.1
  Downloading wrapt-1.12.1.tar.gz (27 kB)
Collecting yamllint==1.17.0
  Downloading yamllint-1.17.0-py2.py3-none-any.whl (57 kB)
     |████████████████████████████████| 57 kB 3.9 MB/s 
Collecting zipp==0.6.0
  Downloading zipp-0.6.0-py2.py3-none-any.whl (4.1 kB)
Collecting pip==19.3.1
  Downloading pip-19.3.1-py2.py3-none-any.whl (1.4 MB)
     |████████████████████████████████| 1.4 MB 5.6 MB/s 
Collecting setuptools==46.0.0
  Downloading setuptools-46.0.0-py3-none-any.whl (582 kB)
     |████████████████████████████████| 582 kB 5.3 MB/s 
Building wheels for collected packages: ansible, arrow, bcrypt, cerberus, click-completion, docopt, dparse, future, html-linter, nodeenv, pathspec, psutil, pycparser, pyenchant, pynacl, python-vagrant, template-remover, tree-format, wrapt
  Building wheel for ansible (setup.py) ... done
  Created wheel for ansible: filename=ansible-2.9.7-py3-none-any.whl size=16169072 sha256=ace7997219f18b10fd28ebf8fa03e05dc1a781c88115293aecc7687f1adfa5eb
  Stored in directory: /home/user/.cache/pip/wheels/46/6b/6f/b51b1644751fc09b957a9af8c58fab6606cf1d7c7d530e53e2
  Building wheel for arrow (setup.py) ... done
  Created wheel for arrow: filename=arrow-0.10.0-py2.py3-none-any.whl size=32852 sha256=0a2ad98124150307d5faca111cd35df02e19905b62434e54d393141dd9d1a684
  Stored in directory: /home/user/.cache/pip/wheels/08/04/41/fc01ef75aa14872805f2283ef01954a539700a7a6435cf52f1
  Building wheel for bcrypt (setup.py) ... done
  Created wheel for bcrypt: filename=bcrypt-3.1.3-cp37-cp37m-linux_x86_64.whl size=62555 sha256=6931ad51eb1363e8aa5b61ab073769bab53be93769806c9a7fc3bc28d6fdda36
  Stored in directory: /home/user/.cache/pip/wheels/af/05/db/ec8bfecf1b99a175e62e918d2f891a5f9b1132d12ad2b32e6e
  Building wheel for cerberus (setup.py) ... done
  Created wheel for cerberus: filename=Cerberus-1.3.1-py3-none-any.whl size=54128 sha256=16e78b7b3cff28a8d93ed7c60724a5ab23aa074f7300ee796db1e4851d24a8f3
  Stored in directory: /home/user/.cache/pip/wheels/c6/d3/b0/ff1650a3cb6b6f19ea314ec517a17d88a1a4a1181b5a209836
  Building wheel for click-completion (setup.py) ... done
  Created wheel for click-completion: filename=click_completion-0.5.2-py3-none-any.whl size=11193 sha256=ed9fd82b394e08189bae8c37f6f5546422664050d6df23e7521a386a4b2b2bc2
  Stored in directory: /home/user/.cache/pip/wheels/31/f0/f2/9a6863c99cbafd28edbad2f52336fa296e267a83378d57babd
  Building wheel for docopt (setup.py) ... done
  Created wheel for docopt: filename=docopt-0.6.2-py2.py3-none-any.whl size=13705 sha256=7280f37ba4a1e502bf77f9d211533f20ee94331dedaee9a77017a37a6eaff98b
  Stored in directory: /home/user/.cache/pip/wheels/72/b0/3f/1d95f96ff986c7dfffe46ce2be4062f38ebd04b506c77c81b9
  Building wheel for dparse (setup.py) ... done
  Created wheel for dparse: filename=dparse-0.4.1-py3-none-any.whl size=19512 sha256=255e7d9f3a7ae747e7fdfa370923199b697ff8ff9ac1060bfc7a38ec3e8ee404
  Stored in directory: /home/user/.cache/pip/wheels/71/4d/89/faf1d72f447af4ba171beff9447a110e24e28c530fba45d3da
  Building wheel for future (setup.py) ... done
  Created wheel for future: filename=future-0.16.0-py3-none-any.whl size=487798 sha256=d68339a05f160a16ded8eeaf76e4e8d51f6ebb3ffdbe4acf2e459d880a270a97
  Stored in directory: /home/user/.cache/pip/wheels/7c/09/6f/dfd31fb2ebe951aefbee461a0dfce1bdc2e4b2c1016e85d233
  Building wheel for html-linter (setup.py) ... done
  Created wheel for html-linter: filename=html_linter-0.4.0-py3-none-any.whl size=14336 sha256=cb1e4af5707898673334b2fd5f1a852c9b81450fdbc096c11db48d51e2ae7d05
  Stored in directory: /home/user/.cache/pip/wheels/2e/50/9f/73a163b49962de66a9bcc0707dbb1519f553371422ed91c200
  Building wheel for nodeenv (setup.py) ... done
  Created wheel for nodeenv: filename=nodeenv-1.3.3-py3-none-any.whl size=21347 sha256=5e1e27cfaf10e56bd858f3d135ec5bb68a79a917addcc8803aec5998e6f41c59
  Stored in directory: /home/user/.cache/pip/wheels/13/d3/6f/0e01c0c62414f74a97916cc97047c088f6acc8ce617d1b37ff
  Building wheel for pathspec (setup.py) ... done
  Created wheel for pathspec: filename=pathspec-0.5.5-py3-none-any.whl size=24228 sha256=37ece830a07ffc662ece0133fdbf23a2b9843755c4cf37228e018412fedf374c
  Stored in directory: /home/user/.cache/pip/wheels/09/97/ce/98234adaab0cf5b2c3a1b6610ada24e6f7ab3675fff4e0b8b2
  Building wheel for psutil (setup.py) ... done
  Created wheel for psutil: filename=psutil-5.7.0-cp37-cp37m-linux_x86_64.whl size=282524 sha256=eb2949d562b0d239b0bd1b1e2a636b4ebd6f55b5bf887de0d639c1ca4ec445fb
  Stored in directory: /home/user/.cache/pip/wheels/b6/e7/50/aee9cc966163d74430f13f208171dee22f11efa4a4a826661c
  Building wheel for pycparser (setup.py) ... done
  Created wheel for pycparser: filename=pycparser-2.18-py2.py3-none-any.whl size=205733 sha256=645646a084803fac3ad689bf3f98bb862141a038407966b17c668dac721bd0c0
  Stored in directory: /home/user/.cache/pip/wheels/5d/c6/29/87a8bb797e60b55a91bd0a1e8455365c5f5dff9fc45c05f3e4
  Building wheel for pyenchant (setup.py) ... done
  Created wheel for pyenchant: filename=pyenchant-2.0.0-py2.py3.cp27.cp32.cp33.cp34.cp35.cp36.pp27.pp33.pp35-none-any.whl size=71147 sha256=fbfef67f2e8838e5f34b2f45e830fabf8f89d96f51695578147323a1ed5df532
  Stored in directory: /home/user/.cache/pip/wheels/b3/a1/1f/9f401bb462dc2815fad237aa51b7fc9c6ea68760a468a5113f
  Building wheel for pynacl (setup.py) ... done
  Created wheel for pynacl: filename=PyNaCl-1.1.2-cp37-cp37m-linux_x86_64.whl size=670256 sha256=8fb2e8d0d29532d36412a920db8ebac170624b1147d84bc0c4f0924613587343
  Stored in directory: /home/user/.cache/pip/wheels/de/0e/97/dbf5e8f88b4eb199d5bd738b291cd770f5dc1f3c59f0595480
  Building wheel for python-vagrant (setup.py) ... done
  Created wheel for python-vagrant: filename=python_vagrant-0.5.15-py3-none-any.whl size=18430 sha256=09e213ef4fccf398786a5598ed0477f09c45ebd149f84a8bb112c8093a0898d6
  Stored in directory: /home/user/.cache/pip/wheels/a1/9e/8f/6d84a01c39978f584d03e873cbd99d2c41415695a0fa5c1f5c
  Building wheel for template-remover (setup.py) ... done
  Created wheel for template-remover: filename=template_remover-0.1.9-py3-none-any.whl size=7047 sha256=c0cc222a1af4652454ad20defa7b8e15860657937fc7d24728d8e373c43b22e1
  Stored in directory: /home/user/.cache/pip/wheels/18/3f/f0/67e5e9e4ed02275ac31bf76b2fca329ae79687eaf5913ee8f3
  Building wheel for tree-format (setup.py) ... done
  Created wheel for tree-format: filename=tree_format-0.1.2-py3-none-any.whl size=5412 sha256=cbe1bdcb7523d4fc3a65fcafe7d9b30a2272dc232f5c408f9a6ce4f5b807252b
  Stored in directory: /home/user/.cache/pip/wheels/dd/b2/d1/6ac00b8fe427c28f3f3a39563977cd0667296720b3d9c19f6a
  Building wheel for wrapt (setup.py) ... done
  Created wheel for wrapt: filename=wrapt-1.12.1-cp37-cp37m-linux_x86_64.whl size=73448 sha256=2a3c23145c657b90d69e6e57eb59822183f4058928bd5e92263da85d23afc70f
  Stored in directory: /home/user/.cache/pip/wheels/62/76/4c/aa25851149f3f6d9785f6c869387ad82b3fd37582fa8147ac6
Successfully built ansible arrow bcrypt cerberus click-completion docopt dparse future html-linter nodeenv pathspec psutil pycparser pyenchant pynacl python-vagrant template-remover tree-format wrapt
Installing collected packages: six, more-itertools, zipp, python-dateutil, pycparser, markupsafe, urllib3, pyyaml, pyparsing, pbr, monotonic, jinja2, importlib-metadata, idna, click, chardet, cffi, certifi, arrow, whichcraft, virtualenv, toml, smmap2, shellingham, sh, requests, pynacl, py, ptyprocess, poyo, pluggy, pathspec, packaging, nodeenv, jmespath, jinja2-time, iniconfig, identify, git-url-parse, future, fasteners, docutils, cryptography, colorama, cfgv, binaryornot, bcrypt, attrs, aspy.yaml, yamllint, wrapt, typing-extensions, typed-ast, tree-format, tabulate, setuptools, ruamel.yaml.clib, python-gilt, pytest, pre-commit, pexpect, paramiko, mypy-extensions, lazy-object-proxy, gitdb2, docopt, distro, cookiecutter, click-help-colors, click-completion, cerberus, botocore, apipkg, ansible, websocket-client, wcwidth, template-remover, stevedore, selinux, s3transfer, ruamel.yaml, python-vagrant, pytest-forked, pyflakes, pycodestyle, mypy, molecule, mccabe, isort, gitpython, execnet, entrypoints, dparse, astroid, testinfra, sqlalchemy-stubs, safety, pytest-xdist, pylint, pyenchant, psutil, prompt-toolkit, pip-tools, pip, netaddr, molecule-vagrant, importlib-resources, html-linter, flake8, docker, dnspython, boto3, boto, bandit, argon2-cffi, ansible-lint
  Attempting uninstall: setuptools
    Found existing installation: setuptools 56.2.0
    Uninstalling setuptools-56.2.0:
      Successfully uninstalled setuptools-56.2.0
  Attempting uninstall: pip
    Found existing installation: pip 21.1.1
    Uninstalling pip-21.1.1:
      Successfully uninstalled pip-21.1.1
Successfully installed ansible-2.9.7 ansible-lint-4.2.0 apipkg-1.4 argon2-cffi-20.1.0 arrow-0.10.0 aspy.yaml-1.3.0 astroid-2.5.2 attrs-20.2.0 bandit-1.7.0 bcrypt-3.1.3 binaryornot-0.4.4 boto-2.48.0 boto3-1.5.24 botocore-1.8.38 cerberus-1.3.1 certifi-2017.7.27.1 cffi-1.14.2 cfgv-2.0.1 chardet-3.0.4 click-7.1.2 click-completion-0.5.2 click-help-colors-0.8 colorama-0.3.9 cookiecutter-1.6.0 cryptography-3.2.1 distro-1.5.0 dnspython-1.15.0 docker-4.4.2 docopt-0.6.2 docutils-0.14 dparse-0.4.1 entrypoints-0.3 execnet-1.4.1 fasteners-0.14.1 flake8-3.7.7 future-0.16.0 git-url-parse-1.0.2 gitdb2-2.0.3 gitpython-2.1.8 html-linter-0.4.0 identify-1.4.7 idna-2.5 importlib-metadata-0.23 importlib-resources-1.5.0 iniconfig-1.0.1 isort-5.8.0 jinja2-2.11.3 jinja2-time-0.2.0 jmespath-0.9.3 lazy-object-proxy-1.6.0 markupsafe-1.1.1 mccabe-0.6.1 molecule-3.0.2.1 molecule-vagrant-0.3 monotonic-1.4 more-itertools-7.2.0 mypy-0.761 mypy-extensions-0.4.3 netaddr-0.7.19 nodeenv-1.3.3 packaging-16.8 paramiko-2.6.0 pathspec-0.5.5 pbr-5.1.1 pexpect-4.6.0 pip-19.3.1 pip-tools-4.5.1 pluggy-0.13.1 poyo-0.4.1 pre-commit-1.18.3 prompt-toolkit-2.0.9 psutil-5.7.0 ptyprocess-0.5.2 py-1.10.0 pycodestyle-2.5.0 pycparser-2.18 pyenchant-2.0.0 pyflakes-2.1.1 pylint-2.7.4 pynacl-1.1.2 pyparsing-2.2.0 pytest-6.1.1 pytest-forked-1.3.0 pytest-xdist-2.1.0 python-dateutil-2.6.1 python-gilt-1.2.1 python-vagrant-0.5.15 pyyaml-5.4.1 requests-2.22.0 ruamel.yaml-0.16.10 ruamel.yaml.clib-0.2.0 s3transfer-0.1.12 safety-1.8.7 selinux-0.2.1 setuptools-46.0.0 sh-1.12.14 shellingham-1.3.2 six-1.15.0 smmap2-2.0.3 sqlalchemy-stubs-0.3 stevedore-1.28.0 tabulate-0.8.7 template-remover-0.1.9 testinfra-5.3.1 toml-0.10.0 tree-format-0.1.2 typed-ast-1.4.1 typing-extensions-3.7.4.1 urllib3-1.25.10 virtualenv-16.7.5 wcwidth-0.1.7 websocket-client-0.44.0 whichcraft-0.4.1 wrapt-1.12.1 yamllint-1.17.0 zipp-0.6.0
(sd) user@sd-dvm:~/securedrop$ make build-debs-focal
Building SecureDrop Debian packages for Focal...
Using active Python 3 virtualenv in /home/user/.virtualenvs/sd
--> Test matrix
    
└── builder-focal
    ├── destroy
    ├── create
    ├── converge
    ├── verify
    └── destroy
    
--> Inventory /home/user/securedrop/molecule/builder-focal/../../install_files/ansible-base/group_vars linked to /home/user/.cache/molecule/securedrop/builder-focal/inventory/group_vars
--> Scenario: 'builder-focal'
--> Action: 'destroy'
--> Sanity checks: 'docker'
    
    PLAY [Destroy] *****************************************************************
    
    TASK [Destroy molecule instance(s)] ********************************************
    ok: [localhost] => (item={'groups': ['builders'], 'name': 'focal-sd-app'})
    ok: [localhost] => (item={'groups': ['builders'], 'name': 'focal-sd-generic-ossec-agent'})
    ok: [localhost] => (item={'groups': ['builders'], 'name': 'focal-sd-generic-ossec-server'})
    ok: [localhost] => (item={'groups': ['builders'], 'name': 'focal-sd-generic-ossec-agent2'})
    ok: [localhost] => (item={'groups': ['builders'], 'name': 'focal-sd-generic-ossec-server2'})
    ok: [localhost] => (item={'groups': ['builders'], 'name': 'focal-sd-grsec'})
    ok: [localhost] => (item={'groups': ['builders'], 'name': 'focal-sd-config'})
    ok: [localhost] => (item={'groups': ['builders'], 'name': 'focal-sd-keyring'})
    ok: [localhost] => (item={'groups': ['builders'], 'name': 'focal-sd-sec-update'})
    ok: [localhost] => (item={'groups': ['testers'], 'name': 'focal-sd-dpkg-verification'})
    
    PLAY RECAP *********************************************************************
    localhost                  : ok=1    changed=0    unreachable=0    failed=0    skipped=0    rescued=0    ignored=0
    
--> Inventory /home/user/securedrop/molecule/builder-focal/../../install_files/ansible-base/group_vars linked to /home/user/.cache/molecule/securedrop/builder-focal/inventory/group_vars
--> Scenario: 'builder-focal'
--> Action: 'create'
    
    PLAY [Create] ******************************************************************
    
    TASK [debug] *******************************************************************
    ok: [localhost] => {
        "msg": "Building with Docker image quay.io/freedomofpress/sd-docker-builder-focal@sha256:46e06c9a83ec7f8f11d227aaaefb1da3b33d35c95f963d54087bcee965fae59e"
    }
    
    TASK [Create builders] *********************************************************
    changed: [localhost] => (item={'groups': ['builders'], 'name': 'focal-sd-app'})
    changed: [localhost] => (item={'groups': ['builders'], 'name': 'focal-sd-generic-ossec-agent'})
    changed: [localhost] => (item={'groups': ['builders'], 'name': 'focal-sd-generic-ossec-server'})
    changed: [localhost] => (item={'groups': ['builders'], 'name': 'focal-sd-generic-ossec-agent2'})
    changed: [localhost] => (item={'groups': ['builders'], 'name': 'focal-sd-generic-ossec-server2'})
    changed: [localhost] => (item={'groups': ['builders'], 'name': 'focal-sd-grsec'})
    changed: [localhost] => (item={'groups': ['builders'], 'name': 'focal-sd-config'})
    changed: [localhost] => (item={'groups': ['builders'], 'name': 'focal-sd-keyring'})
    changed: [localhost] => (item={'groups': ['builders'], 'name': 'focal-sd-sec-update'})
    changed: [localhost] => (item={'groups': ['testers'], 'name': 'focal-sd-dpkg-verification'})
    
    PLAY RECAP *********************************************************************
    localhost                  : ok=2    changed=1    unreachable=0    failed=0    skipped=0    rescued=0    ignored=0
    
--> Inventory /home/user/securedrop/molecule/builder-focal/../../install_files/ansible-base/group_vars linked to /home/user/.cache/molecule/securedrop/builder-focal/inventory/group_vars
--> Scenario: 'builder-focal'
--> Action: 'converge'
    
    PLAY [Build SecureDrop application Debian package from local repository.] ******
    
    TASK [Gathering Facts] *********************************************************
    ok: [focal-sd-keyring]
    ok: [focal-sd-app]
    ok: [focal-sd-generic-ossec-agent2]
    ok: [focal-sd-grsec]
    ok: [focal-sd-generic-ossec-agent]
    ok: [focal-sd-sec-update]
    ok: [focal-sd-config]
    ok: [focal-sd-generic-ossec-server2]
    ok: [focal-sd-generic-ossec-server]
    
    TASK [build-securedrop-app-code-deb-pkg : Copy install_files/securedrop-app-code to prep directory] ***
    changed: [focal-sd-app]
    
    TASK [build-securedrop-app-code-deb-pkg : Copy app code to prep directory under var/www/securedrop] ***
    changed: [focal-sd-app]
    
    TASK [build-securedrop-app-code-deb-pkg : Copy setup.py to prep directory] *****
    changed: [focal-sd-app]
    
    TASK [build-securedrop-app-code-deb-pkg : Copy MANIFEST.in to prep directory] ***
    changed: [focal-sd-app]
    
    TASK [build-securedrop-app-code-deb-pkg : Copy requirements.txt to prep directory] ***
    changed: [focal-sd-app]
    
    TASK [build-securedrop-app-code-deb-pkg : Control the version of setuptools used in the default construction of virtual environments] ***
    changed: [focal-sd-app]
    
    TASK [build-securedrop-app-code-deb-pkg : Install sass Ruby gem] ***************
    changed: [focal-sd-app]
    
    TASK [build-ossec-deb-pkg : Create src path folder] ****************************
    changed: [focal-sd-generic-ossec-server] => (item=/tmp/build/ossec-server)
    ok: [focal-sd-generic-ossec-server] => (item=/tmp/build)
    
    TASK [build-securedrop-app-code-deb-pkg : Create static asset directories.] ****
    changed: [focal-sd-app] => (item=/tmp/securedrop-app-code_1.8.2~rc2+focal_amd64-prep/var/www/securedrop/static/css)
    changed: [focal-sd-app] => (item=/tmp/securedrop-app-code_1.8.2~rc2+focal_amd64-prep/var/www/securedrop/static/gen)
    changed: [focal-sd-app] => (item=/tmp/securedrop-app-code_1.8.2~rc2+focal_amd64-prep/var/www/securedrop/static/.webassets-cache)
    
    TASK [build-securedrop-app-code-deb-pkg : Compile SASS to CSS.] ****************
    changed: [focal-sd-app]
[DEPRECATION WARNING]: Invoking "apt" only once while using a loop via 
squash_actions is deprecated. Instead of using a loop to supply multiple items 
and specifying `name: "{{ item }}"`, please use `name: '{{ 
build_ossec_deb_pkg_dependencies }}'` and remove the loop. This feature will be
 removed in version 2.11. Deprecation warnings can be disabled by setting 
deprecation_warnings=False in ansible.cfg.
    
    TASK [build-securedrop-app-code-deb-pkg : Remove temporary SASS directory from package build directory.] ***
    changed: [focal-sd-app] => (item=sass)
    changed: [focal-sd-app] => (item=.sass-cache)
[DEPRECATION WARNING]: Invoking "apt" only once while using a loop via 
squash_actions is deprecated. Instead of using a loop to supply multiple items 
and specifying `name: "{{ item }}"`, please use `name: '{{ 
build_ossec_deb_pkg_dependencies }}'` and remove the loop. This feature will be
 removed in version 2.11. Deprecation warnings can be disabled by setting 
deprecation_warnings=False in ansible.cfg.
[DEPRECATION WARNING]: Invoking "apt" only once while using a loop via 
squash_actions is deprecated. Instead of using a loop to supply multiple items 
and specifying `name: "{{ item }}"`, please use `name: '{{ 
build_ossec_deb_pkg_dependencies }}'` and remove the loop. This feature will be
 removed in version 2.11. Deprecation warnings can be disabled by setting 
deprecation_warnings=False in ansible.cfg.
[DEPRECATION WARNING]: Invoking "apt" only once while using a loop via 
squash_actions is deprecated. Instead of using a loop to supply multiple items 
and specifying `name: "{{ item }}"`, please use `name: '{{ 
build_ossec_deb_pkg_dependencies }}'` and remove the loop. This feature will be
 removed in version 2.11. Deprecation warnings can be disabled by setting 
deprecation_warnings=False in ansible.cfg.
[DEPRECATION WARNING]: Invoking "apt" only once while using a loop via 
squash_actions is deprecated. Instead of using a loop to supply multiple items 
and specifying `name: "{{ item }}"`, please use `name: '{{ 
build_ossec_deb_pkg_dependencies }}'` and remove the loop. This feature will be
 removed in version 2.11. Deprecation warnings can be disabled by setting 
deprecation_warnings=False in ansible.cfg.
[DEPRECATION WARNING]: Invoking "apt" only once while using a loop via 
squash_actions is deprecated. Instead of using a loop to supply multiple items 
and specifying `name: "{{ item }}"`, please use `name: '{{ 
build_ossec_deb_pkg_dependencies }}'` and remove the loop. This feature will be
 removed in version 2.11. Deprecation warnings can be disabled by setting 
deprecation_warnings=False in ansible.cfg.
[DEPRECATION WARNING]: Invoking "apt" only once while using a loop via 
squash_actions is deprecated. Instead of using a loop to supply multiple items 
and specifying `name: "{{ item }}"`, please use `name: '{{ 
build_ossec_deb_pkg_dependencies }}'` and remove the loop. This feature will be
 removed in version 2.11. Deprecation warnings can be disabled by setting 
deprecation_warnings=False in ansible.cfg.
    
    TASK [build-ossec-deb-pkg : Install python-requests for URL fetching] **********
    ok: [focal-sd-generic-ossec-server]
    
    TASK [build-ossec-deb-pkg : Copy over current directory for repo build] ********
    changed: [focal-sd-generic-ossec-server]
    
    TASK [build-ossec-deb-pkg : Include OSSEC download URLs.] **********************
    ok: [focal-sd-generic-ossec-server]
    
    TASK [build-ossec-deb-pkg : Download OSSEC tarball.] ***************************
    changed: [focal-sd-generic-ossec-server]
[WARNING]: Module remote_tmp /root/.ansible/tmp did not exist and was created
with a mode of 0700, this may cause issues when running as another user. To
avoid this, create the remote_tmp dir with the correct permissions manually
    
    TASK [build-ossec-deb-pkg : Download OSSEC signature.] *************************
    changed: [focal-sd-generic-ossec-server]
    
    TASK [build-ossec-deb-pkg : Copy OSSEC archive GPG key.] ***********************
    changed: [focal-sd-generic-ossec-server]
    
    TASK [build-ossec-deb-pkg : Import OSSEC archive GPG key.] *********************
    changed: [focal-sd-generic-ossec-server]
    
    TASK [build-ossec-deb-pkg : Verify signature of OSSEC tarball.] ****************
    changed: [focal-sd-generic-ossec-server]
[DEPRECATION WARNING]: Invoking "apt" only once while using a loop via 
squash_actions is deprecated. Instead of using a loop to supply multiple items 
and specifying `name: "{{ item }}"`, please use `name: '{{ 
build_ossec_deb_pkg_dependencies }}'` and remove the loop. This feature will be
 removed in version 2.11. Deprecation warnings can be disabled by setting 
deprecation_warnings=False in ansible.cfg.
    
    TASK [build-ossec-deb-pkg : Create src path folder] ****************************
    changed: [focal-sd-generic-ossec-agent] => (item=/tmp/build/ossec-agent)
    ok: [focal-sd-generic-ossec-agent] => (item=/tmp/build)
    
    TASK [build-ossec-deb-pkg : Install apt dependencies for building OSSEC packages.] ***
    changed: [focal-sd-generic-ossec-server] => (item=libpcre2-dev)
[DEPRECATION WARNING]: Invoking "apt" only once while using a loop via 
squash_actions is deprecated. Instead of using a loop to supply multiple items 
and specifying `name: "{{ item }}"`, please use `name: '{{ 
build_ossec_deb_pkg_dependencies }}'` and remove the loop. This feature will be
 removed in version 2.11. Deprecation warnings can be disabled by setting 
deprecation_warnings=False in ansible.cfg.
[DEPRECATION WARNING]: Invoking "apt" only once while using a loop via 
squash_actions is deprecated. Instead of using a loop to supply multiple items 
and specifying `name: "{{ item }}"`, please use `name: '{{ 
build_ossec_deb_pkg_dependencies }}'` and remove the loop. This feature will be
 removed in version 2.11. Deprecation warnings can be disabled by setting 
deprecation_warnings=False in ansible.cfg.
[DEPRECATION WARNING]: Invoking "apt" only once while using a loop via 
squash_actions is deprecated. Instead of using a loop to supply multiple items 
and specifying `name: "{{ item }}"`, please use `name: '{{ 
build_ossec_deb_pkg_dependencies }}'` and remove the loop. This feature will be
 removed in version 2.11. Deprecation warnings can be disabled by setting 
deprecation_warnings=False in ansible.cfg.
[DEPRECATION WARNING]: Invoking "apt" only once while using a loop via 
squash_actions is deprecated. Instead of using a loop to supply multiple items 
and specifying `name: "{{ item }}"`, please use `name: '{{ 
build_ossec_deb_pkg_dependencies }}'` and remove the loop. This feature will be
 removed in version 2.11. Deprecation warnings can be disabled by setting 
deprecation_warnings=False in ansible.cfg.
[DEPRECATION WARNING]: Invoking "apt" only once while using a loop via 
squash_actions is deprecated. Instead of using a loop to supply multiple items 
and specifying `name: "{{ item }}"`, please use `name: '{{ 
build_ossec_deb_pkg_dependencies }}'` and remove the loop. This feature will be
 removed in version 2.11. Deprecation warnings can be disabled by setting 
deprecation_warnings=False in ansible.cfg.
[DEPRECATION WARNING]: Invoking "apt" only once while using a loop via 
squash_actions is deprecated. Instead of using a loop to supply multiple items 
and specifying `name: "{{ item }}"`, please use `name: '{{ 
build_ossec_deb_pkg_dependencies }}'` and remove the loop. This feature will be
 removed in version 2.11. Deprecation warnings can be disabled by setting 
deprecation_warnings=False in ansible.cfg.
    ok: [focal-sd-generic-ossec-server] => (item=libevent-dev)
    
    TASK [build-ossec-deb-pkg : Install python-requests for URL fetching] **********
    ok: [focal-sd-generic-ossec-agent]
    
    TASK [build-ossec-deb-pkg : Extract OSSEC source tarball.] *********************
    changed: [focal-sd-generic-ossec-server]
    
    TASK [build-ossec-deb-pkg : Copy over current directory for repo build] ********
    changed: [focal-sd-generic-ossec-agent]
    
    TASK [build-ossec-deb-pkg : Create /etc directory within source directory.] ****
    ok: [focal-sd-generic-ossec-server]
    
    TASK [build-ossec-deb-pkg : Include OSSEC download URLs.] **********************
    ok: [focal-sd-generic-ossec-agent]
    
    TASK [build-ossec-deb-pkg : Download OSSEC tarball.] ***************************
    changed: [focal-sd-generic-ossec-agent]
    
    TASK [build-ossec-deb-pkg : Copy OSSEC preloaded vars template.] ***************
    changed: [focal-sd-generic-ossec-server]
    
    TASK [build-ossec-deb-pkg : Download OSSEC signature.] *************************
    changed: [focal-sd-generic-ossec-agent]
    
    TASK [build-ossec-deb-pkg : Disable JIT in OSSEC Makefile] *********************
    changed: [focal-sd-generic-ossec-server]
    
    TASK [build-generic-pkg : Ensure package name is set] **************************
    ok: [focal-sd-generic-ossec-server2] => {
        "changed": false,
        "msg": "All assertions passed"
    }
    
    TASK [build-ossec-deb-pkg : Copy OSSEC archive GPG key.] ***********************
    changed: [focal-sd-generic-ossec-agent]
    
    TASK [build-generic-pkg : Ensure build directory in-place] *********************
    ok: [focal-sd-generic-ossec-server2]
    
    TASK [build-ossec-deb-pkg : Import OSSEC archive GPG key.] *********************
    changed: [focal-sd-generic-ossec-agent]
    
    TASK [build-generic-pkg : Find any jinja templates] ****************************
    ok: [focal-sd-keyring -> localhost]
    ok: [focal-sd-generic-ossec-agent2 -> localhost]
    ok: [focal-sd-config -> localhost]
    ok: [focal-sd-sec-update -> localhost]
    
    TASK [build-generic-pkg : Copy app code to build directory.] *******************
    changed: [focal-sd-generic-ossec-server2]
    
    TASK [build-ossec-deb-pkg : Verify signature of OSSEC tarball.] ****************
    changed: [focal-sd-generic-ossec-agent]
    
    TASK [build-generic-pkg : Find any jinja templates] ****************************
    ok: [focal-sd-grsec -> localhost]
    ok: [focal-sd-generic-ossec-server2 -> localhost]
[DEPRECATION WARNING]: Invoking "apt" only once while using a loop via 
squash_actions is deprecated. Instead of using a loop to supply multiple items 
and specifying `name: "{{ item }}"`, please use `name: '{{ 
build_ossec_deb_pkg_dependencies }}'` and remove the loop. This feature will be
 removed in version 2.11. Deprecation warnings can be disabled by setting 
deprecation_warnings=False in ansible.cfg.
    
    TASK [build-generic-pkg : Create any necessary parent directories for jinja files] ***
    ok: [focal-sd-generic-ossec-server2] => (item={'path': '/home/user/securedrop/install_files/securedrop-ossec-server/DEBIAN/control.j2', 'mode': '0644', 'isdir': False, 'ischr': False, 'isblk': False, 'isreg': True, 'isfifo': False, 'islnk': False, 'issock': False, 'uid': 1000, 'gid': 1000, 'size': 911, 'inode': 1207, 'dev': 51728, 'nlink': 1, 'atime': 1620764378.058, 'mtime': 1620763176.231, 'ctime': 1620763176.231, 'gr_name': 'user', 'pw_name': 'user', 'wusr': True, 'rusr': True, 'xusr': False, 'wgrp': False, 'rgrp': True, 'xgrp': False, 'woth': False, 'roth': True, 'xoth': False, 'isuid': False, 'isgid': False})
    
    TASK [build-generic-pkg : Ensure package name is set] **************************
    ok: [focal-sd-generic-ossec-agent2] => {
        "changed": false,
        "msg": "All assertions passed"
    }
    
    TASK [build-generic-pkg : Template out any jinja files found and copy over] ****
    changed: [focal-sd-generic-ossec-server2] => (item={'path': '/home/user/securedrop/install_files/securedrop-ossec-server/DEBIAN/control.j2', 'mode': '0644', 'isdir': False, 'ischr': False, 'isblk': False, 'isreg': True, 'isfifo': False, 'islnk': False, 'issock': False, 'uid': 1000, 'gid': 1000, 'size': 911, 'inode': 1207, 'dev': 51728, 'nlink': 1, 'atime': 1620764378.058, 'mtime': 1620763176.231, 'ctime': 1620763176.231, 'gr_name': 'user', 'pw_name': 'user', 'wusr': True, 'rusr': True, 'xusr': False, 'wgrp': False, 'rgrp': True, 'xgrp': False, 'woth': False, 'roth': True, 'xoth': False, 'isuid': False, 'isgid': False})
    
    TASK [build-generic-pkg : Ensure build directory in-place] *********************
    ok: [focal-sd-generic-ossec-agent2]
    
    TASK [build-generic-pkg : Find any jinja templates] ****************************
    ok: [focal-sd-keyring -> localhost]
    ok: [focal-sd-config -> localhost]
    ok: [focal-sd-sec-update -> localhost]
    
    TASK [build-generic-pkg : Copy app code to build directory.] *******************
    changed: [focal-sd-generic-ossec-agent2]
    
    TASK [build-generic-pkg : run bash script to build generic packages] ***********
    changed: [focal-sd-generic-ossec-server2]
    
    TASK [build-generic-pkg : Find any jinja templates] ****************************
    ok: [focal-sd-grsec -> localhost]
    ok: [focal-sd-generic-ossec-agent2 -> localhost]
    
    TASK [build-generic-pkg : Track down package] **********************************
    ok: [focal-sd-generic-ossec-server2]
    
    TASK [build-generic-pkg : Create any necessary parent directories for jinja files] ***
    ok: [focal-sd-generic-ossec-agent2] => (item={'path': '/home/user/securedrop/install_files/securedrop-ossec-agent/DEBIAN/control.j2', 'mode': '0644', 'isdir': False, 'ischr': False, 'isblk': False, 'isreg': True, 'isfifo': False, 'islnk': False, 'issock': False, 'uid': 1000, 'gid': 1000, 'size': 721, 'inode': 1185, 'dev': 51728, 'nlink': 1, 'atime': 1620764378.058, 'mtime': 1620763176.23, 'ctime': 1620763176.23, 'gr_name': 'user', 'pw_name': 'user', 'wusr': True, 'rusr': True, 'xusr': False, 'wgrp': False, 'rgrp': True, 'xgrp': False, 'woth': False, 'roth': True, 'xoth': False, 'isuid': False, 'isgid': False})
    
    TASK [build-ossec-deb-pkg : Install apt dependencies for building OSSEC packages.] ***
    changed: [focal-sd-generic-ossec-agent] => (item=libpcre2-dev)
    
    TASK [build-generic-pkg : Ensure package name is set] **************************
    ok: [focal-sd-keyring] => {
        "changed": false,
        "msg": "All assertions passed"
    }
    
    TASK [build-generic-pkg : Fetch back package] **********************************
    changed: [focal-sd-generic-ossec-server2] => (item={'path': '/tmp/securedrop-ossec-server-3.6.0+1.8.2~rc2+focal-amd64.deb', 'mode': '0644', 'isdir': False, 'ischr': False, 'isblk': False, 'isreg': True, 'isfifo': False, 'islnk': False, 'issock': False, 'uid': 0, 'gid': 0, 'size': 8512, 'inode': 438120, 'dev': 98, 'nlink': 1, 'atime': 1620765782.706, 'mtime': 1620765782.706, 'ctime': 1620765782.706, 'gr_name': 'root', 'pw_name': 'root', 'wusr': True, 'rusr': True, 'xusr': False, 'wgrp': False, 'rgrp': True, 'xgrp': False, 'woth': False, 'roth': True, 'xoth': False, 'isuid': False, 'isgid': False})
    
    TASK [build-generic-pkg : Ensure build directory in-place] *********************
    ok: [focal-sd-keyring]
    
    TASK [build-generic-pkg : Template out any jinja files found and copy over] ****
    changed: [focal-sd-generic-ossec-agent2] => (item={'path': '/home/user/securedrop/install_files/securedrop-ossec-agent/DEBIAN/control.j2', 'mode': '0644', 'isdir': False, 'ischr': False, 'isblk': False, 'isreg': True, 'isfifo': False, 'islnk': False, 'issock': False, 'uid': 1000, 'gid': 1000, 'size': 721, 'inode': 1185, 'dev': 51728, 'nlink': 1, 'atime': 1620764378.058, 'mtime': 1620763176.23, 'ctime': 1620763176.23, 'gr_name': 'user', 'pw_name': 'user', 'wusr': True, 'rusr': True, 'xusr': False, 'wgrp': False, 'rgrp': True, 'xgrp': False, 'woth': False, 'roth': True, 'xoth': False, 'isuid': False, 'isgid': False})
    
    TASK [build-generic-pkg : Find any jinja templates] ****************************
    ok: [focal-sd-config -> localhost]
    
    TASK [build-generic-pkg : Copy app code to build directory.] *******************
    changed: [focal-sd-keyring]
    
    TASK [build-generic-pkg : Find any jinja templates] ****************************
    ok: [focal-sd-generic-ossec-server2 -> localhost]
    
    TASK [build-generic-pkg : Find any jinja templates] ****************************
    ok: [focal-sd-sec-update -> localhost]
    ok: [focal-sd-grsec -> localhost]
    ok: [focal-sd-keyring -> localhost]
    
    TASK [build-generic-pkg : run bash script to build generic packages] ***********
    changed: [focal-sd-generic-ossec-agent2]
    
    TASK [build-ossec-deb-pkg : Install apt dependencies for building OSSEC packages.] ***
    ok: [focal-sd-generic-ossec-agent] => (item=libevent-dev)
    
    TASK [build-generic-pkg : Create any necessary parent directories for jinja files] ***
    ok: [focal-sd-keyring] => (item={'path': '/home/user/securedrop/install_files/securedrop-keyring/DEBIAN/control.j2', 'mode': '0644', 'isdir': False, 'ischr': False, 'isblk': False, 'isreg': True, 'isfifo': False, 'islnk': False, 'issock': False, 'uid': 1000, 'gid': 1000, 'size': 428, 'inode': 1177, 'dev': 51728, 'nlink': 1, 'atime': 1620764378.058, 'mtime': 1620763176.23, 'ctime': 1620763176.23, 'gr_name': 'user', 'pw_name': 'user', 'wusr': True, 'rusr': True, 'xusr': False, 'wgrp': False, 'rgrp': True, 'xgrp': False, 'woth': False, 'roth': True, 'xoth': False, 'isuid': False, 'isgid': False})
    
    TASK [build-generic-pkg : Track down package] **********************************
    ok: [focal-sd-generic-ossec-agent2]
    
    TASK [build-generic-pkg : Fetch back package] **********************************
    changed: [focal-sd-generic-ossec-agent2] => (item={'path': '/tmp/securedrop-ossec-agent-3.6.0+1.8.2~rc2+focal-amd64.deb', 'mode': '0644', 'isdir': False, 'ischr': False, 'isblk': False, 'isreg': True, 'isfifo': False, 'islnk': False, 'issock': False, 'uid': 0, 'gid': 0, 'size': 4668, 'inode': 438399, 'dev': 86, 'nlink': 1, 'atime': 1620765804.857, 'mtime': 1620765804.857, 'ctime': 1620765804.857, 'gr_name': 'root', 'pw_name': 'root', 'wusr': True, 'rusr': True, 'xusr': False, 'wgrp': False, 'rgrp': True, 'xgrp': False, 'woth': False, 'roth': True, 'xoth': False, 'isuid': False, 'isgid': False})
    
    TASK [build-generic-pkg : Template out any jinja files found and copy over] ****
    changed: [focal-sd-keyring] => (item={'path': '/home/user/securedrop/install_files/securedrop-keyring/DEBIAN/control.j2', 'mode': '0644', 'isdir': False, 'ischr': False, 'isblk': False, 'isreg': True, 'isfifo': False, 'islnk': False, 'issock': False, 'uid': 1000, 'gid': 1000, 'size': 428, 'inode': 1177, 'dev': 51728, 'nlink': 1, 'atime': 1620764378.058, 'mtime': 1620763176.23, 'ctime': 1620763176.23, 'gr_name': 'user', 'pw_name': 'user', 'wusr': True, 'rusr': True, 'xusr': False, 'wgrp': False, 'rgrp': True, 'xgrp': False, 'woth': False, 'roth': True, 'xoth': False, 'isuid': False, 'isgid': False})
    
    TASK [build-ossec-deb-pkg : Extract OSSEC source tarball.] *********************
    changed: [focal-sd-generic-ossec-agent]
    
    TASK [build-ossec-deb-pkg : Run OSSEC installer script on extracted source.] ***
    changed: [focal-sd-generic-ossec-server]
    
    TASK [build-generic-pkg : Ensure package name is set] **************************
    ok: [focal-sd-grsec] => {
        "changed": false,
        "msg": "All assertions passed"
    }
    
    TASK [build-ossec-deb-pkg : Create /etc directory within source directory.] ****
    ok: [focal-sd-generic-ossec-agent]
    
    TASK [build-generic-pkg : Find any jinja templates] ****************************
    ok: [focal-sd-config -> localhost]
    
    TASK [build-ossec-deb-pkg : Create OSSEC build directory.] *********************
    changed: [focal-sd-generic-ossec-server] => (item=/tmp/build/ossec-server-3.6.0+focal-amd64)
    
    TASK [build-generic-pkg : Ensure build directory in-place] *********************
    ok: [focal-sd-grsec]
    
    TASK [build-generic-pkg : Find any jinja templates] ****************************
    ok: [focal-sd-generic-ossec-server2 -> localhost]
    
    TASK [build-generic-pkg : run bash script to build generic packages] ***********
    changed: [focal-sd-keyring]
    
    TASK [build-ossec-deb-pkg : Create OSSEC build directory.] *********************
    changed: [focal-sd-generic-ossec-server] => (item=/tmp/build/ossec-server-3.6.0+focal-amd64/var)
    
    TASK [build-generic-pkg : Find any jinja templates] ****************************
    ok: [focal-sd-sec-update -> localhost]
    
    TASK [build-generic-pkg : Find any jinja templates] ****************************
    ok: [focal-sd-generic-ossec-agent2 -> localhost]
    
    TASK [build-generic-pkg : Copy app code to build directory.] *******************
    changed: [focal-sd-grsec]
    
    TASK [build-ossec-deb-pkg : Remove client.keys to avoid overwriting existing client.keys] ***
    changed: [focal-sd-generic-ossec-server]
    
    TASK [build-generic-pkg : Track down package] **********************************
    ok: [focal-sd-keyring]
    
    TASK [build-ossec-deb-pkg : Copy OSSEC preloaded vars template.] ***************
    changed: [focal-sd-generic-ossec-agent]
    
    TASK [build-generic-pkg : Find any jinja templates] ****************************
    ok: [focal-sd-grsec -> localhost]
    
    TASK [build-generic-pkg : Fetch back package] **********************************
    changed: [focal-sd-keyring] => (item={'path': '/tmp/securedrop-keyring-0.1.5+1.8.2~rc2+focal-amd64.deb', 'mode': '0644', 'isdir': False, 'ischr': False, 'isblk': False, 'isreg': True, 'isfifo': False, 'islnk': False, 'issock': False, 'uid': 0, 'gid': 0, 'size': 8128, 'inode': 438479, 'dev': 134, 'nlink': 1, 'atime': 1620765823.831, 'mtime': 1620765823.831, 'ctime': 1620765823.831, 'gr_name': 'root', 'pw_name': 'root', 'wusr': True, 'rusr': True, 'xusr': False, 'wgrp': False, 'rgrp': True, 'xgrp': False, 'woth': False, 'roth': True, 'xoth': False, 'isuid': False, 'isgid': False})
    
    TASK [build-ossec-deb-pkg : Copy /var/ossec/ to OSSEC build directory.] ********
    changed: [focal-sd-generic-ossec-server]
    
    TASK [build-ossec-deb-pkg : Disable JIT in OSSEC Makefile] *********************
    changed: [focal-sd-generic-ossec-agent]
    
    TASK [build-generic-pkg : Create any necessary parent directories for jinja files] ***
    ok: [focal-sd-grsec] => (item={'path': '/home/user/securedrop/install_files/securedrop-grsec-focal/DEBIAN/control.j2', 'mode': '0644', 'isdir': False, 'ischr': False, 'isblk': False, 'isreg': True, 'isfifo': False, 'islnk': False, 'issock': False, 'uid': 1000, 'gid': 1000, 'size': 558, 'inode': 1164, 'dev': 51728, 'nlink': 1, 'atime': 1620764378.058, 'mtime': 1620763176.23, 'ctime': 1620763176.23, 'gr_name': 'user', 'pw_name': 'user', 'wusr': True, 'rusr': True, 'xusr': False, 'wgrp': False, 'rgrp': True, 'xgrp': False, 'woth': False, 'roth': True, 'xoth': False, 'isuid': False, 'isgid': False})
    
    TASK [build-generic-pkg : Ensure package name is set] **************************
    ok: [focal-sd-config] => {
        "changed": false,
        "msg": "All assertions passed"
    }
    
    TASK [build-ossec-deb-pkg : Copy OSSEC DEBIAN package scripts to build directory.] ***
    changed: [focal-sd-generic-ossec-server]
    
    TASK [build-generic-pkg : Create any necessary parent directories for jinja files] ***
    ok: [focal-sd-grsec] => (item={'path': '/home/user/securedrop/install_files/securedrop-grsec-focal/DEBIAN/postinst.j2', 'mode': '0755', 'isdir': False, 'ischr': False, 'isblk': False, 'isreg': True, 'isfifo': False, 'islnk': False, 'issock': False, 'uid': 1000, 'gid': 1000, 'size': 2086, 'inode': 1165, 'dev': 51728, 'nlink': 1, 'atime': 1620764378.058, 'mtime': 1620763176.23, 'ctime': 1620763176.23, 'gr_name': 'user', 'pw_name': 'user', 'wusr': True, 'rusr': True, 'xusr': True, 'wgrp': False, 'rgrp': True, 'xgrp': True, 'woth': False, 'roth': True, 'xoth': True, 'isuid': False, 'isgid': False})
    
    TASK [build-generic-pkg : Ensure build directory in-place] *********************
    ok: [focal-sd-config]
    
    TASK [build-generic-pkg : Find any jinja templates] ****************************
    ok: [focal-sd-keyring -> localhost]
    
    TASK [build-ossec-deb-pkg : Copy OSSEC DEBIAN/control template to build directory.] ***
    changed: [focal-sd-generic-ossec-server]
    
    TASK [build-generic-pkg : Template out any jinja files found and copy over] ****
    changed: [focal-sd-grsec] => (item={'path': '/home/user/securedrop/install_files/securedrop-grsec-focal/DEBIAN/control.j2', 'mode': '0644', 'isdir': False, 'ischr': False, 'isblk': False, 'isreg': True, 'isfifo': False, 'islnk': False, 'issock': False, 'uid': 1000, 'gid': 1000, 'size': 558, 'inode': 1164, 'dev': 51728, 'nlink': 1, 'atime': 1620764378.058, 'mtime': 1620763176.23, 'ctime': 1620763176.23, 'gr_name': 'user', 'pw_name': 'user', 'wusr': True, 'rusr': True, 'xusr': False, 'wgrp': False, 'rgrp': True, 'xgrp': False, 'woth': False, 'roth': True, 'xoth': False, 'isuid': False, 'isgid': False})
    
    TASK [build-generic-pkg : Copy app code to build directory.] *******************
    changed: [focal-sd-config]
    
    TASK [build-generic-pkg : Find any jinja templates] ****************************
    ok: [focal-sd-generic-ossec-server2 -> localhost]
    
    TASK [build-generic-pkg : Find any jinja templates] ****************************
    ok: [focal-sd-sec-update -> localhost]
    
    TASK [build-generic-pkg : Find any jinja templates] ****************************
    ok: [focal-sd-generic-ossec-agent2 -> localhost]
    
    TASK [build-ossec-deb-pkg : Copy OSSEC /usr and /etc directories to build directory.] ***
    changed: [focal-sd-generic-ossec-server] => (item=etc)
    
    TASK [build-generic-pkg : Find any jinja templates] ****************************
    ok: [focal-sd-config -> localhost]
    
    TASK [build-generic-pkg : Template out any jinja files found and copy over] ****
    changed: [focal-sd-grsec] => (item={'path': '/home/user/securedrop/install_files/securedrop-grsec-focal/DEBIAN/postinst.j2', 'mode': '0755', 'isdir': False, 'ischr': False, 'isblk': False, 'isreg': True, 'isfifo': False, 'islnk': False, 'issock': False, 'uid': 1000, 'gid': 1000, 'size': 2086, 'inode': 1165, 'dev': 51728, 'nlink': 1, 'atime': 1620764378.058, 'mtime': 1620763176.23, 'ctime': 1620763176.23, 'gr_name': 'user', 'pw_name': 'user', 'wusr': True, 'rusr': True, 'xusr': True, 'wgrp': False, 'rgrp': True, 'xgrp': True, 'woth': False, 'roth': True, 'xoth': True, 'isuid': False, 'isgid': False})
    
    TASK [build-ossec-deb-pkg : Copy OSSEC /usr and /etc directories to build directory.] ***
    changed: [focal-sd-generic-ossec-server] => (item=usr)
    
    TASK [build-generic-pkg : Create any necessary parent directories for jinja files] ***
    ok: [focal-sd-config] => (item={'path': '/home/user/securedrop/install_files/securedrop-config-focal/DEBIAN/control.j2', 'mode': '0644', 'isdir': False, 'ischr': False, 'isblk': False, 'isreg': True, 'isfifo': False, 'islnk': False, 'issock': False, 'uid': 1000, 'gid': 1000, 'size': 414, 'inode': 1152, 'dev': 51728, 'nlink': 1, 'atime': 1620764378.058, 'mtime': 1620763176.23, 'ctime': 1620763176.23, 'gr_name': 'user', 'pw_name': 'user', 'wusr': True, 'rusr': True, 'xusr': False, 'wgrp': False, 'rgrp': True, 'xgrp': False, 'woth': False, 'roth': True, 'xoth': False, 'isuid': False, 'isgid': False})
    
    TASK [build-ossec-deb-pkg : Delete the old service file] ***********************
    changed: [focal-sd-generic-ossec-server]
    
    TASK [build-generic-pkg : run bash script to build generic packages] ***********
    changed: [focal-sd-grsec]
    
    TASK [build-generic-pkg : Track down package] **********************************
    ok: [focal-sd-grsec]
    
    TASK [build-ossec-deb-pkg : Create directory for our systemd based service file] ***
    changed: [focal-sd-generic-ossec-server]
    
    TASK [build-generic-pkg : Template out any jinja files found and copy over] ****
    changed: [focal-sd-config] => (item={'path': '/home/user/securedrop/install_files/securedrop-config-focal/DEBIAN/control.j2', 'mode': '0644', 'isdir': False, 'ischr': False, 'isblk': False, 'isreg': True, 'isfifo': False, 'islnk': False, 'issock': False, 'uid': 1000, 'gid': 1000, 'size': 414, 'inode': 1152, 'dev': 51728, 'nlink': 1, 'atime': 1620764378.058, 'mtime': 1620763176.23, 'ctime': 1620763176.23, 'gr_name': 'user', 'pw_name': 'user', 'wusr': True, 'rusr': True, 'xusr': False, 'wgrp': False, 'rgrp': True, 'xgrp': False, 'woth': False, 'roth': True, 'xoth': False, 'isuid': False, 'isgid': False})
    
    TASK [build-generic-pkg : Fetch back package] **********************************
    changed: [focal-sd-grsec] => (item={'path': '/tmp/securedrop-grsec-5.4.97+focal-amd64.deb', 'mode': '0644', 'isdir': False, 'ischr': False, 'isblk': False, 'isreg': True, 'isfifo': False, 'islnk': False, 'issock': False, 'uid': 0, 'gid': 0, 'size': 3000, 'inode': 438758, 'dev': 110, 'nlink': 1, 'atime': 1620765859.26, 'mtime': 1620765859.26, 'ctime': 1620765859.26, 'gr_name': 'root', 'pw_name': 'root', 'wusr': True, 'rusr': True, 'xusr': False, 'wgrp': False, 'rgrp': True, 'xgrp': False, 'woth': False, 'roth': True, 'xoth': False, 'isuid': False, 'isgid': False})
    
    TASK [build-generic-pkg : Find any jinja templates] ****************************
    ok: [focal-sd-keyring -> localhost]
    ok: [focal-sd-generic-ossec-server2 -> localhost]
    
    TASK [build-generic-pkg : run bash script to build generic packages] ***********
    changed: [focal-sd-config]
    
    TASK [build-generic-pkg : Find any jinja templates] ****************************
    ok: [focal-sd-generic-ossec-agent2 -> localhost]
    
    TASK [build-ossec-deb-pkg : Copy our systemd based service file for ossec-server] ***
    changed: [focal-sd-generic-ossec-server]
    
    TASK [build-ossec-deb-pkg : Run OSSEC installer script on extracted source.] ***
    changed: [focal-sd-generic-ossec-agent]
    
    TASK [build-generic-pkg : Track down package] **********************************
    ok: [focal-sd-config]
    
    TASK [build-generic-pkg : Find any jinja templates] ****************************
    ok: [focal-sd-grsec -> localhost]
    
    TASK [build-ossec-deb-pkg : Create OSSEC build directory.] *********************
    changed: [focal-sd-generic-ossec-agent] => (item=/tmp/build/ossec-agent-3.6.0+focal-amd64)
    changed: [focal-sd-generic-ossec-agent] => (item=/tmp/build/ossec-agent-3.6.0+focal-amd64/var)
    
    TASK [build-generic-pkg : Fetch back package] **********************************
    changed: [focal-sd-config] => (item={'path': '/tmp/securedrop-config-0.1.4+1.8.2~rc2+focal-amd64.deb', 'mode': '0644', 'isdir': False, 'ischr': False, 'isblk': False, 'isreg': True, 'isfifo': False, 'islnk': False, 'issock': False, 'uid': 0, 'gid': 0, 'size': 3064, 'inode': 438814, 'dev': 122, 'nlink': 1, 'atime': 1620765871.346, 'mtime': 1620765871.346, 'ctime': 1620765871.346, 'gr_name': 'root', 'pw_name': 'root', 'wusr': True, 'rusr': True, 'xusr': False, 'wgrp': False, 'rgrp': True, 'xgrp': False, 'woth': False, 'roth': True, 'xoth': False, 'isuid': False, 'isgid': False})
    
    TASK [Update apt-cache for our security checker] *******************************
    changed: [focal-sd-sec-update]
    
    TASK [build-ossec-deb-pkg : Remove client.keys to avoid overwriting existing client.keys] ***
    changed: [focal-sd-generic-ossec-agent]
    
    TASK [build-ossec-deb-pkg : Copy /var/ossec/ to OSSEC build directory.] ********
    changed: [focal-sd-generic-ossec-agent]
    
    TASK [build-ossec-deb-pkg : Copy OSSEC DEBIAN package scripts to build directory.] ***
    changed: [focal-sd-generic-ossec-agent]
    
    TASK [build-ossec-deb-pkg : Build SecureDrop OSSEC deb package.] ***************
    changed: [focal-sd-generic-ossec-server]
    
    TASK [build-ossec-deb-pkg : Delete OSSEC build directories and config files.] ***
    changed: [focal-sd-generic-ossec-server] => (item=/etc/init.d/ossec)
    changed: [focal-sd-generic-ossec-server] => (item=/etc/ossec-init.conf)
    changed: [focal-sd-generic-ossec-server] => (item=/var/ossec)
    
    TASK [build-ossec-deb-pkg : Copy OSSEC DEBIAN/control template to build directory.] ***
    changed: [focal-sd-generic-ossec-agent]
    
    TASK [build-ossec-deb-pkg : Delete OSSEC build directories and config files.] ***
    changed: [focal-sd-generic-ossec-server] => (item=/tmp/OSSEC-ARCHIVE-KEY.asc)
    
    TASK [build-ossec-deb-pkg : Copy OSSEC /usr and /etc directories to build directory.] ***
    changed: [focal-sd-generic-ossec-agent] => (item=etc)
    
    TASK [build-ossec-deb-pkg : Fetch newly built Debian packages back to localhost.] ***
    changed: [focal-sd-generic-ossec-server]
    
    TASK [build-ossec-deb-pkg : Copy OSSEC /usr and /etc directories to build directory.] ***
    changed: [focal-sd-generic-ossec-agent] => (item=usr)
    
    TASK [build-ossec-deb-pkg : Delete the old service file] ***********************
    changed: [focal-sd-generic-ossec-agent]
    
    TASK [build-ossec-deb-pkg : Create directory for our systemd based service file] ***
    changed: [focal-sd-generic-ossec-agent]
[DEPRECATION WARNING]: Invoking "apt" only once while using a loop via 
squash_actions is deprecated. Instead of using a loop to supply multiple items 
and specifying `name: "{{ item }}"`, please use `name: '{{ 
build_ossec_deb_pkg_dependencies }}'` and remove the loop. This feature will be
 removed in version 2.11. Deprecation warnings can be disabled by setting 
deprecation_warnings=False in ansible.cfg.
    
    TASK [build-ossec-deb-pkg : Copy our systemd based service file for ossec-agent] ***
    changed: [focal-sd-generic-ossec-agent]
    
    TASK [build-ossec-deb-pkg : Build SecureDrop OSSEC deb package.] ***************
    changed: [focal-sd-generic-ossec-agent]
    
    TASK [build-ossec-deb-pkg : Delete OSSEC build directories and config files.] ***
    changed: [focal-sd-generic-ossec-agent] => (item=/etc/init.d/ossec)
    changed: [focal-sd-generic-ossec-agent] => (item=/etc/ossec-init.conf)
    
    TASK [build-securedrop-app-code-deb-pkg : Install SecureDrop Python requirements in virtualenv for translation work] ***
    changed: [focal-sd-app]
    
    TASK [build-ossec-deb-pkg : Delete OSSEC build directories and config files.] ***
    changed: [focal-sd-generic-ossec-agent] => (item=/var/ossec)
    changed: [focal-sd-generic-ossec-agent] => (item=/tmp/OSSEC-ARCHIVE-KEY.asc)
    
    TASK [build-generic-pkg : Find any jinja templates] ****************************
    ok: [focal-sd-generic-ossec-server -> localhost]
    
    TASK [build-ossec-deb-pkg : Fetch newly built Debian packages back to localhost.] ***
    changed: [focal-sd-generic-ossec-agent]
    
    TASK [build-securedrop-app-code-deb-pkg : Compile PO to MO.] *******************
    changed: [focal-sd-app]
    
    TASK [build-securedrop-app-code-deb-pkg : Create apparmor.d directory in prep directory] ***
    changed: [focal-sd-app]
    
    TASK [build-generic-pkg : Find any jinja templates] ****************************
    ok: [focal-sd-generic-ossec-agent -> localhost]
    
    TASK [build-securedrop-app-code-deb-pkg : Copy AppArmor profiles to prep path] ***
    changed: [focal-sd-app] => (item=usr.sbin.tor)
    
    TASK [build-generic-pkg : Find any jinja templates] ****************************
    ok: [focal-sd-generic-ossec-server -> localhost]
    
    TASK [build-securedrop-app-code-deb-pkg : Copy AppArmor profiles to prep path] ***
    changed: [focal-sd-app] => (item=usr.sbin.apache2)
    
    TASK [build-generic-pkg : Find any jinja templates] ****************************
    ok: [focal-sd-generic-ossec-agent -> localhost]
    
    TASK [build-securedrop-app-code-deb-pkg : Replace placeholder changelog to dist-specific changelog] ***
    changed: [focal-sd-app]
    
    TASK [build-generic-pkg : Find any jinja templates] ****************************
    ok: [focal-sd-generic-ossec-server -> localhost]
    
    TASK [build-securedrop-app-code-deb-pkg : Replace the files required for focal package] ***
    changed: [focal-sd-app] => (item={'src': 'securedrop-app-code.triggers-focal', 'dest': '/tmp/securedrop-app-code_1.8.2~rc2+focal_amd64-prep/debian/securedrop-app-code.triggers'})
    
    TASK [build-generic-pkg : Find any jinja templates] ****************************
    ok: [focal-sd-generic-ossec-agent -> localhost]
    
    TASK [build-securedrop-app-code-deb-pkg : Create the control file based on distribution] ***
    changed: [focal-sd-app]
    
    TASK [build-generic-pkg : Find any jinja templates] ****************************
    ok: [focal-sd-generic-ossec-server -> localhost]
    
    TASK [build-securedrop-app-code-deb-pkg : Create lib/systemd/services directory in prep directory] ***
    changed: [focal-sd-app]
    
    TASK [build-generic-pkg : Find any jinja templates] ****************************
    ok: [focal-sd-generic-ossec-agent -> localhost]
    
    TASK [build-securedrop-app-code-deb-pkg : Copy systemd service configurations to prep path] ***
    changed: [focal-sd-app] => (item=securedrop_rqrequeue.service)
    
    TASK [build-generic-pkg : Find any jinja templates] ****************************
    ok: [focal-sd-generic-ossec-server -> localhost]
    
    TASK [build-securedrop-app-code-deb-pkg : Copy systemd service configurations to prep path] ***
    changed: [focal-sd-app] => (item=securedrop_rqworker.service)
    changed: [focal-sd-app] => (item=securedrop_shredder.service)
    
    TASK [build-generic-pkg : Find any jinja templates] ****************************
    ok: [focal-sd-generic-ossec-agent -> localhost]
    
    TASK [build-securedrop-app-code-deb-pkg : Copy systemd service configurations to prep path] ***
    changed: [focal-sd-app] => (item=securedrop_source_deleter.service)
    
    TASK [build-securedrop-app-code-deb-pkg : Create sdist in prep dir] ************
    changed: [focal-sd-app]
    
    TASK [build-securedrop-app-code-deb-pkg : Create build dir] ********************
    changed: [focal-sd-app]
    
    TASK [build-securedrop-app-code-deb-pkg : Extract sdist to build dir] **********
    changed: [focal-sd-app]
    
    TASK [build-securedrop-app-code-deb-pkg : Create empty static asset directories in build dir] ***
    changed: [focal-sd-app] => (item=/tmp/securedrop-app-code_1.8.2~rc2+focal_amd64/var/www/securedrop/static/gen)
    changed: [focal-sd-app] => (item=/tmp/securedrop-app-code_1.8.2~rc2+focal_amd64/var/www/securedrop/static/.webassets-cache)
    changed: [focal-sd-app] => (item=/tmp/securedrop-app-code_1.8.2~rc2+focal_amd64/var/www/securedrop/.well-known/pki-validation)
    
    TASK [build-securedrop-app-code-deb-pkg : Build securedrop-app-code Debian package] ***
    changed: [focal-sd-app]
    
    TASK [build-securedrop-app-code-deb-pkg : Find newly built Debian package] *****
    ok: [focal-sd-app]
    
    TASK [build-securedrop-app-code-deb-pkg : Fetch newly built Debian packages back to localhost] ***
    changed: [focal-sd-app] => (item={'path': '/tmp/securedrop-app-code_1.8.2~rc2+focal_amd64.deb', 'mode': '0644', 'isdir': False, 'ischr': False, 'isblk': False, 'isreg': True, 'isfifo': False, 'islnk': False, 'issock': False, 'uid': 0, 'gid': 0, 'size': 11013028, 'inode': 436391, 'dev': 50, 'nlink': 1, 'atime': 1620766102.511, 'mtime': 1620766102.373, 'ctime': 1620766102.373, 'gr_name': 'root', 'pw_name': 'root', 'wusr': True, 'rusr': True, 'xusr': False, 'wgrp': False, 'rgrp': True, 'xgrp': False, 'woth': False, 'roth': True, 'xoth': False, 'isuid': False, 'isgid': False})
    changed: [focal-sd-app] => (item={'path': '/tmp/securedrop-app-code_1.8.2~rc2+focal.tar.gz', 'mode': '0644', 'isdir': False, 'ischr': False, 'isblk': False, 'isreg': True, 'isfifo': False, 'islnk': False, 'issock': False, 'uid': 0, 'gid': 0, 'size': 2097695, 'inode': 435866, 'dev': 50, 'nlink': 1, 'atime': 1620765941.712, 'mtime': 1620765941.708, 'ctime': 1620765941.711, 'gr_name': 'root', 'pw_name': 'root', 'wusr': True, 'rusr': True, 'xusr': False, 'wgrp': False, 'rgrp': True, 'xgrp': False, 'woth': False, 'roth': True, 'xoth': False, 'isuid': False, 'isgid': False})
[DEPRECATION WARNING]: Invoking "apt" only once while using a loop via 
squash_actions is deprecated. Instead of using a loop to supply multiple items 
and specifying `name: "{{ item }}"`, please use `name: '{{ 
build_ossec_deb_pkg_dependencies }}'` and remove the loop. This feature will be
 removed in version 2.11. Deprecation warnings can be disabled by setting 
deprecation_warnings=False in ansible.cfg.
[DEPRECATION WARNING]: Invoking "apt" only once while using a loop via 
squash_actions is deprecated. Instead of using a loop to supply multiple items 
and specifying `name: "{{ item }}"`, please use `name: '{{ 
build_ossec_deb_pkg_dependencies }}'` and remove the loop. This feature will be
 removed in version 2.11. Deprecation warnings can be disabled by setting 
deprecation_warnings=False in ansible.cfg.
    
    TASK [build-generic-pkg : Find any jinja templates] ****************************
    ok: [focal-sd-app -> localhost]
    
    TASK [build-generic-pkg : Find any jinja templates] ****************************
    ok: [focal-sd-app -> localhost]
    
    TASK [build-generic-pkg : Find any jinja templates] ****************************
    ok: [focal-sd-app -> localhost]
    
    TASK [build-generic-pkg : Find any jinja templates] ****************************
    ok: [focal-sd-app -> localhost]
    
    TASK [build-generic-pkg : Find any jinja templates] ****************************
    ok: [focal-sd-app -> localhost]
    
    PLAY [Give dpkg verify container access to debs] *******************************
    
    TASK [Discover local debian build files] ***************************************
    ok: [focal-sd-dpkg-verification -> localhost]
    
    TASK [Create build dir] ********************************************************
    ok: [focal-sd-dpkg-verification]
    
    TASK [Drop debian files into container] ****************************************
    changed: [focal-sd-dpkg-verification] => (item={'path': '/home/user/securedrop/build/focal/ossec-agent-3.6.0+focal-amd64.deb', 'mode': '0600', 'isdir': False, 'ischr': False, 'isblk': False, 'isreg': True, 'isfifo': False, 'islnk': False, 'issock': False, 'uid': 1000, 'gid': 1000, 'size': 288608, 'inode': 142057, 'dev': 51728, 'nlink': 1, 'atime': 1620765910.152, 'mtime': 1620765910.15, 'ctime': 1620765910.15, 'gr_name': 'user', 'pw_name': 'user', 'wusr': True, 'rusr': True, 'xusr': False, 'wgrp': False, 'rgrp': False, 'xgrp': False, 'woth': False, 'roth': False, 'xoth': False, 'isuid': False, 'isgid': False})
    changed: [focal-sd-dpkg-verification] => (item={'path': '/home/user/securedrop/build/focal/securedrop-config-0.1.4+1.8.2~rc2+focal-amd64.deb', 'mode': '0600', 'isdir': False, 'ischr': False, 'isblk': False, 'isreg': True, 'isfifo': False, 'islnk': False, 'issock': False, 'uid': 1000, 'gid': 1000, 'size': 3064, 'inode': 142055, 'dev': 51728, 'nlink': 1, 'atime': 1620765881.117, 'mtime': 1620765881.117, 'ctime': 1620765881.117, 'gr_name': 'user', 'pw_name': 'user', 'wusr': True, 'rusr': True, 'xusr': False, 'wgrp': False, 'rgrp': False, 'xgrp': False, 'woth': False, 'roth': False, 'xoth': False, 'isuid': False, 'isgid': False})
    changed: [focal-sd-dpkg-verification] => (item={'path': '/home/user/securedrop/build/focal/securedrop-ossec-server-3.6.0+1.8.2~rc2+focal-amd64.deb', 'mode': '0600', 'isdir': False, 'ischr': False, 'isblk': False, 'isreg': True, 'isfifo': False, 'islnk': False, 'issock': False, 'uid': 1000, 'gid': 1000, 'size': 8512, 'inode': 142051, 'dev': 51728, 'nlink': 1, 'atime': 1620765792.546, 'mtime': 1620765792.546, 'ctime': 1620765792.546, 'gr_name': 'user', 'pw_name': 'user', 'wusr': True, 'rusr': True, 'xusr': False, 'wgrp': False, 'rgrp': False, 'xgrp': False, 'woth': False, 'roth': False, 'xoth': False, 'isuid': False, 'isgid': False})
    changed: [focal-sd-dpkg-verification] => (item={'path': '/home/user/securedrop/build/focal/securedrop-keyring-0.1.5+1.8.2~rc2+focal-amd64.deb', 'mode': '0600', 'isdir': False, 'ischr': False, 'isblk': False, 'isreg': True, 'isfifo': False, 'islnk': False, 'issock': False, 'uid': 1000, 'gid': 1000, 'size': 8128, 'inode': 142052, 'dev': 51728, 'nlink': 1, 'atime': 1620765833.739, 'mtime': 1620765833.739, 'ctime': 1620765833.739, 'gr_name': 'user', 'pw_name': 'user', 'wusr': True, 'rusr': True, 'xusr': False, 'wgrp': False, 'rgrp': False, 'xgrp': False, 'woth': False, 'roth': False, 'xoth': False, 'isuid': False, 'isgid': False})
    changed: [focal-sd-dpkg-verification] => (item={'path': '/home/user/securedrop/build/focal/securedrop-grsec-5.4.97+focal-amd64.deb', 'mode': '0600', 'isdir': False, 'ischr': False, 'isblk': False, 'isreg': True, 'isfifo': False, 'islnk': False, 'issock': False, 'uid': 1000, 'gid': 1000, 'size': 3000, 'inode': 142053, 'dev': 51728, 'nlink': 1, 'atime': 1620765868.087, 'mtime': 1620765868.087, 'ctime': 1620765868.087, 'gr_name': 'user', 'pw_name': 'user', 'wusr': True, 'rusr': True, 'xusr': False, 'wgrp': False, 'rgrp': False, 'xgrp': False, 'woth': False, 'roth': False, 'xoth': False, 'isuid': False, 'isgid': False})
    changed: [focal-sd-dpkg-verification] => (item={'path': '/home/user/securedrop/build/focal/ossec-server-3.6.0+focal-amd64.deb', 'mode': '0600', 'isdir': False, 'ischr': False, 'isblk': False, 'isreg': True, 'isfifo': False, 'islnk': False, 'issock': False, 'uid': 1000, 'gid': 1000, 'size': 731644, 'inode': 142056, 'dev': 51728, 'nlink': 1, 'atime': 1620765893.252, 'mtime': 1620765893.25, 'ctime': 1620765893.25, 'gr_name': 'user', 'pw_name': 'user', 'wusr': True, 'rusr': True, 'xusr': False, 'wgrp': False, 'rgrp': False, 'xgrp': False, 'woth': False, 'roth': False, 'xoth': False, 'isuid': False, 'isgid': False})
    changed: [focal-sd-dpkg-verification] => (item={'path': '/home/user/securedrop/build/focal/securedrop-ossec-agent-3.6.0+1.8.2~rc2+focal-amd64.deb', 'mode': '0600', 'isdir': False, 'ischr': False, 'isblk': False, 'isreg': True, 'isfifo': False, 'islnk': False, 'issock': False, 'uid': 1000, 'gid': 1000, 'size': 4668, 'inode': 142054, 'dev': 51728, 'nlink': 1, 'atime': 1620765814.237, 'mtime': 1620765814.237, 'ctime': 1620765814.237, 'gr_name': 'user', 'pw_name': 'user', 'wusr': True, 'rusr': True, 'xusr': False, 'wgrp': False, 'rgrp': False, 'xgrp': False, 'woth': False, 'roth': False, 'xoth': False, 'isuid': False, 'isgid': False})
    changed: [focal-sd-dpkg-verification] => (item={'path': '/home/user/securedrop/build/focal/securedrop-app-code_1.8.2~rc2+focal_amd64.deb', 'mode': '0600', 'isdir': False, 'ischr': False, 'isblk': False, 'isreg': True, 'isfifo': False, 'islnk': False, 'issock': False, 'uid': 1000, 'gid': 1000, 'size': 11013028, 'inode': 142058, 'dev': 51728, 'nlink': 1, 'atime': 1620766105.85, 'mtime': 1620766105.842, 'ctime': 1620766105.842, 'gr_name': 'user', 'pw_name': 'user', 'wusr': True, 'rusr': True, 'xusr': False, 'wgrp': False, 'rgrp': False, 'xgrp': False, 'woth': False, 'roth': False, 'xoth': False, 'isuid': False, 'isgid': False})
    
    PLAY RECAP *********************************************************************
    focal-sd-app               : ok=32   changed=25   unreachable=0    failed=0    skipped=97   rescued=0    ignored=0
    focal-sd-config            : ok=14   changed=4    unreachable=0    failed=0    skipped=115  rescued=0    ignored=0
    focal-sd-dpkg-verification : ok=3    changed=1    unreachable=0    failed=0    skipped=0    rescued=0    ignored=0
    focal-sd-generic-ossec-agent : ok=33   changed=24   unreachable=0    failed=0    skipped=96   rescued=0    ignored=0
    focal-sd-generic-ossec-agent2 : ok=14   changed=4    unreachable=0    failed=0    skipped=115  rescued=0    ignored=0
    focal-sd-generic-ossec-server : ok=33   changed=24   unreachable=0    failed=0    skipped=96   rescued=0    ignored=0
    focal-sd-generic-ossec-server2 : ok=14   changed=4    unreachable=0    failed=0    skipped=115  rescued=0    ignored=0
    focal-sd-grsec             : ok=14   changed=4    unreachable=0    failed=0    skipped=115  rescued=0    ignored=0
    focal-sd-keyring           : ok=14   changed=4    unreachable=0    failed=0    skipped=115  rescued=0    ignored=0
    focal-sd-sec-update        : ok=7    changed=1    unreachable=0    failed=0    skipped=122  rescued=0    ignored=0
    
--> Inventory /home/user/securedrop/molecule/builder-focal/../../install_files/ansible-base/group_vars linked to /home/user/.cache/molecule/securedrop/builder-focal/inventory/group_vars
--> Scenario: 'builder-focal'
--> Action: 'verify'
--> Executing Testinfra tests found in /home/user/securedrop/molecule/builder-focal/../builder-xenial/tests//...
    ============================= test session starts ==============================
    platform linux -- Python 3.7.3, pytest-6.1.1, py-1.10.0, pluggy-0.13.1
    rootdir: /home/user/securedrop/molecule, configfile: pytest.ini
    plugins: forked-1.3.0, testinfra-5.3.1, xdist-2.1.0
gw0 [146] / gw1 [146]
    x......................................................F................ [ 49%]
    ........................................................................ [ 98%]
    ..                                                                       [100%]
    =================================== FAILURES ===================================
    __________ test_ensure_no_updates_avail[docker://focal-sd-sec-update] __________
    [gw1] linux -- Python 3.7.3 /home/user/.virtualenvs/sd/bin/python3
    
    host = <testinfra.host.Host docker://focal-sd-sec-update>
    
        @pytest.mark.skipif(not test_should_run(), reason="Only tested for RCs and builder updates")
        def test_ensure_no_updates_avail(host):
            """
                Test to make sure that there are no security-updates in the
                base builder container.
            """
            # Filter out all the security repos to their own file
            # without this change all the package updates appeared as if they were
            # coming from normal ubuntu update channel (since they get posted to both)
            host.run('egrep "^deb.*security" /etc/apt/sources.list > /tmp/sec.list')
    
            dist_upgrade_simulate = host.run('apt-get -s dist-upgrade '
                                             '-oDir::Etc::Sourcelist=/tmp/sec.list '
                                             '|grep "^Inst" |grep -i security')
    
            # If the grep was successful that means security package updates found
            # otherwise we get a non-zero exit code so no updates needed.
    >       assert dist_upgrade_simulate.rc != 0
    E       assert 0 != 0
    E        +  where 0 = CommandResult(command=b'apt-get -s dist-upgrade -oDir::Etc::Sourcelist=/tmp/sec.list |grep "^Inst" |grep -i security',...urity [amd64])\nInst ruby2.7 [2.7.0-5ubuntu1.3] (2.7.0-5ubuntu1.4 Ubuntu:20.04/focal-security [amd64])\n', stderr=None).rc
    
    ../builder-xenial/tests/test_security_updates.py:43: AssertionError
    =========================== short test summary info ============================
    FAILED ../builder-xenial/tests/test_security_updates.py::test_ensure_no_updates_avail[docker:/focal-sd-sec-update]
    ================== 1 failed, 144 passed, 1 xfailed in 46.49s ===================
An error occurred during the test sequence action: 'verify'. Cleaning up.
--> Inventory /home/user/securedrop/molecule/builder-focal/../../install_files/ansible-base/group_vars linked to /home/user/.cache/molecule/securedrop/builder-focal/inventory/group_vars
--> Scenario: 'builder-focal'
--> Action: 'cleanup'
Skipping, cleanup playbook not configured.
--> Inventory /home/user/securedrop/molecule/builder-focal/../../install_files/ansible-base/group_vars linked to /home/user/.cache/molecule/securedrop/builder-focal/inventory/group_vars
--> Scenario: 'builder-focal'
--> Action: 'destroy'
    
    PLAY [Destroy] *****************************************************************
    
    TASK [Destroy molecule instance(s)] ********************************************
    changed: [localhost] => (item={'groups': ['builders'], 'name': 'focal-sd-app'})
    changed: [localhost] => (item={'groups': ['builders'], 'name': 'focal-sd-generic-ossec-agent'})
    changed: [localhost] => (item={'groups': ['builders'], 'name': 'focal-sd-generic-ossec-server'})
    changed: [localhost] => (item={'groups': ['builders'], 'name': 'focal-sd-generic-ossec-agent2'})
    changed: [localhost] => (item={'groups': ['builders'], 'name': 'focal-sd-generic-ossec-server2'})
    changed: [localhost] => (item={'groups': ['builders'], 'name': 'focal-sd-grsec'})
    changed: [localhost] => (item={'groups': ['builders'], 'name': 'focal-sd-config'})
    changed: [localhost] => (item={'groups': ['builders'], 'name': 'focal-sd-keyring'})
    changed: [localhost] => (item={'groups': ['builders'], 'name': 'focal-sd-sec-update'})
    changed: [localhost] => (item={'groups': ['testers'], 'name': 'focal-sd-dpkg-verification'})
    
    PLAY RECAP *********************************************************************
    localhost                  : ok=1    changed=1    unreachable=0    failed=0    skipped=0    rescued=0    ignored=0
    
--> Pruning extra files from scenario ephemeral directory
make: *** [Makefile:337: build-debs-focal] Error 1
(sd) user@sd-dvm:~/securedrop$ cd build/
(sd) user@sd-dvm:~/securedrop/build$ shasum -a 256 focal/*.deb
3d4de8089465db11001bf10f0fe080820b593bc80e93c49973da6aae95703191  focal/ossec-agent-3.6.0+focal-amd64.deb
083c5db04e8e3bdb99d382738abf46b41929a584904358c4bb6689942327d4d9  focal/ossec-server-3.6.0+focal-amd64.deb
1196e460ab8d6558404c63dce080fc8ec59b7a070587e40cd0e11f0098f95912  focal/securedrop-app-code_1.8.2~rc2+focal_amd64.deb
f78b82456761418960c469d675aec7a02c5b1d2a5d974ab669da248e15b66f37  focal/securedrop-config-0.1.4+1.8.2~rc2+focal-amd64.deb
c09786ce29a88d9ebe005dafbd546eb44db665e15e6cfc408633d827e5701265  focal/securedrop-grsec-5.4.97+focal-amd64.deb
7ac73a88dc1c5365d11f88826af0fefb9ad8df3a0108062e0b1a2a0ef8c9643f  focal/securedrop-keyring-0.1.5+1.8.2~rc2+focal-amd64.deb
5dbb4cfd92fcc4e2d1933959ea0858e4cd84b65e7e6a43e916f02d05067c3ca9  focal/securedrop-ossec-agent-3.6.0+1.8.2~rc2+focal-amd64.deb
900006bb0be55f58073fe52e2a6e2d35fea035d58844b6efdbdb33aa8150006b  focal/securedrop-ossec-server-3.6.0+1.8.2~rc2+focal-amd64.deb

