user@sd-dvm:~$ git clone https://github.com/freedomofpress/securedrop.git
Cloning into 'securedrop'...
remote: Enumerating objects: 456, done.
remote: Counting objects: 100% (456/456), done.
remote: Compressing objects: 100% (240/240), done.
remote: Total 87296 (delta 275), reused 297 (delta 166), pack-reused 86840
Receiving objects: 100% (87296/87296), 94.16 MiB | 5.77 MiB/s, done.
Resolving deltas: 100% (58092/58092), done.
user@sd-dvm:~$ cd securedrop
user@sd-dvm:~/securedrop$ git checkout bump-tor-0.4.5.7 
Branch 'bump-tor-0.4.5.7' set up to track remote branch 'bump-tor-0.4.5.7' from 'origin'.
Switched to a new branch 'bump-tor-0.4.5.7'
user@sd-dvm:~/securedrop$ git log -1
commit 6c6ae65dd0a45bfab21e33bf37b559615d40156d (HEAD -> bump-tor-0.4.5.7, origin/bump-tor-0.4.5.7)
Author: Kevin O'Gorman <kog@freedom.press>
Date:   Wed Mar 17 15:33:18 2021 -0400

    Updated tor package test.
user@sd-dvm:~/securedrop$ mkvirtualenv -p $(which python3) build
Already using interpreter /usr/bin/python3
Using base prefix '/usr'
New python executable in /home/user/.virtualenvs/build/bin/python3
Also creating executable in /home/user/.virtualenvs/build/bin/python
Installing setuptools, pkg_resources, pip, wheel...done.
virtualenvwrapper.user_scripts creating /home/user/.virtualenvs/build/bin/predeactivate
virtualenvwrapper.user_scripts creating /home/user/.virtualenvs/build/bin/postdeactivate
virtualenvwrapper.user_scripts creating /home/user/.virtualenvs/build/bin/preactivate
virtualenvwrapper.user_scripts creating /home/user/.virtualenvs/build/bin/postactivate
virtualenvwrapper.user_scripts creating /home/user/.virtualenvs/build/bin/get_env_details
(build) user@sd-dvm:~/securedrop$ make fetch-tor-packages 
Fetching most recent Tor packages...
Using active Python 3 virtualenv in /home/user/.virtualenvs/build
/home/user/securedrop/devops/scripts/fetch-tor-packages.sh: line 13: molecule: command not found
make: *** [Makefile:397: fetch-tor-packages] Error 127
(build) user@sd-dvm:~/securedrop$ pip install --require-hashes -r securedrop/requirements/python3/
develop-requirements.in               securedrop-app-code-requirements.txt
develop-requirements.txt              setuptools-requirements.in
docker-requirements.in                setuptools-requirements.txt
docker-requirements.txt               test-requirements.in
securedrop-app-code-requirements.in   test-requirements.txt
(build) user@sd-dvm:~/securedrop$ pip install --require-hashes -r securedrop/requirements/python3/develop-requirements.txt 
Ignoring pathlib2: markers 'python_version < "3.6"' don't match your environment
Collecting ansible-lint==4.2.0
  Downloading ansible_lint-4.2.0-py2.py3-none-any.whl (57 kB)
     |████████████████████████████████| 57 kB 4.5 MB/s 
Collecting ansible==2.9.7
  Downloading ansible-2.9.7.tar.gz (14.2 MB)
     |████████████████████████████████| 14.2 MB 3.3 MB/s 
Collecting apipkg==1.4
  Downloading apipkg-1.4-py2.py3-none-any.whl (6.6 kB)
Collecting argon2-cffi==20.1.0
  Downloading argon2_cffi-20.1.0-cp35-abi3-manylinux1_x86_64.whl (97 kB)
     |████████████████████████████████| 97 kB 4.7 MB/s 
Collecting arrow==0.10.0
  Downloading arrow-0.10.0.tar.gz (86 kB)
     |████████████████████████████████| 86 kB 3.9 MB/s 
Collecting aspy.yaml==1.3.0
  Downloading aspy.yaml-1.3.0-py2.py3-none-any.whl (3.5 kB)
Collecting astroid==2.4.0
  Downloading astroid-2.4.0-py3-none-any.whl (327 kB)
     |████████████████████████████████| 327 kB 5.7 MB/s 
Collecting attrs==20.2.0
  Downloading attrs-20.2.0-py2.py3-none-any.whl (48 kB)
     |████████████████████████████████| 48 kB 4.4 MB/s 
Collecting bandit==1.7.0
  Downloading bandit-1.7.0-py3-none-any.whl (115 kB)
     |████████████████████████████████| 115 kB 5.9 MB/s 
Collecting bcrypt==3.1.3
  Downloading bcrypt-3.1.3.tar.gz (40 kB)
     |████████████████████████████████| 40 kB 5.6 MB/s 
Collecting binaryornot==0.4.4
  Downloading binaryornot-0.4.4-py2.py3-none-any.whl (9.0 kB)
Collecting boto3==1.5.24
  Downloading boto3-1.5.24-py2.py3-none-any.whl (128 kB)
     |████████████████████████████████| 128 kB 5.2 MB/s 
Collecting boto==2.48.0
  Downloading boto-2.48.0-py2.py3-none-any.whl (1.4 MB)
     |████████████████████████████████| 1.4 MB 4.8 MB/s 
Collecting botocore==1.8.38
  Downloading botocore-1.8.38-py2.py3-none-any.whl (4.1 MB)
     |████████████████████████████████| 4.1 MB 5.9 MB/s 
Collecting cerberus==1.3.1
  Downloading Cerberus-1.3.1.tar.gz (52 kB)
     |████████████████████████████████| 52 kB 1.6 MB/s 
Collecting certifi==2017.7.27.1
  Downloading certifi-2017.7.27.1-py2.py3-none-any.whl (349 kB)
     |████████████████████████████████| 349 kB 5.1 MB/s 
Collecting cffi==1.14.2
  Downloading cffi-1.14.2-cp37-cp37m-manylinux1_x86_64.whl (401 kB)
     |████████████████████████████████| 401 kB 4.4 MB/s 
Collecting cfgv==2.0.1
  Downloading cfgv-2.0.1-py2.py3-none-any.whl (7.4 kB)
Collecting chardet==3.0.4
  Downloading chardet-3.0.4-py2.py3-none-any.whl (133 kB)
     |████████████████████████████████| 133 kB 6.2 MB/s 
Collecting click-completion==0.5.2
  Downloading click-completion-0.5.2.tar.gz (10 kB)
Collecting click-help-colors==0.8
  Downloading click_help_colors-0.8-py3-none-any.whl (6.0 kB)
Collecting click==7.1.2
  Downloading click-7.1.2-py2.py3-none-any.whl (82 kB)
     |████████████████████████████████| 82 kB 1.8 MB/s 
Collecting colorama==0.3.9
  Downloading colorama-0.3.9-py2.py3-none-any.whl (20 kB)
Collecting cookiecutter==1.6.0
  Downloading cookiecutter-1.6.0-py2.py3-none-any.whl (50 kB)
     |████████████████████████████████| 50 kB 5.1 MB/s 
Collecting cryptography==3.2.1
  Downloading cryptography-3.2.1-cp35-abi3-manylinux2010_x86_64.whl (2.6 MB)
     |████████████████████████████████| 2.6 MB 5.9 MB/s 
Collecting distro==1.5.0
  Downloading distro-1.5.0-py2.py3-none-any.whl (18 kB)
Collecting dnspython==1.15.0
  Downloading dnspython-1.15.0-py2.py3-none-any.whl (177 kB)
     |████████████████████████████████| 177 kB 5.9 MB/s 
Collecting docker==4.4.2
  Downloading docker-4.4.2-py2.py3-none-any.whl (146 kB)
     |████████████████████████████████| 146 kB 6.0 MB/s 
Collecting docopt==0.6.2
  Downloading docopt-0.6.2.tar.gz (25 kB)
Collecting docutils==0.14
  Downloading docutils-0.14-py3-none-any.whl (543 kB)
     |████████████████████████████████| 543 kB 6.0 MB/s 
Collecting dparse==0.4.1
  Downloading dparse-0.4.1.tar.gz (31 kB)
Collecting entrypoints==0.3
  Downloading entrypoints-0.3-py2.py3-none-any.whl (11 kB)
Collecting execnet==1.4.1
  Downloading execnet-1.4.1-py2.py3-none-any.whl (40 kB)
     |████████████████████████████████| 40 kB 4.3 MB/s 
Collecting fasteners==0.14.1
  Downloading fasteners-0.14.1-py2.py3-none-any.whl (20 kB)
Collecting flake8==3.7.7
  Downloading flake8-3.7.7-py2.py3-none-any.whl (68 kB)
     |████████████████████████████████| 68 kB 4.9 MB/s 
Collecting future==0.16.0
  Downloading future-0.16.0.tar.gz (824 kB)
     |████████████████████████████████| 824 kB 6.0 MB/s 
Collecting git-url-parse==1.0.2
  Downloading git_url_parse-1.0.2-py3-none-any.whl (5.4 kB)
Collecting gitdb2==2.0.3
  Downloading gitdb2-2.0.3-py2.py3-none-any.whl (63 kB)
     |████████████████████████████████| 63 kB 2.4 MB/s 
Collecting gitpython==2.1.8
  Downloading GitPython-2.1.8-py2.py3-none-any.whl (448 kB)
     |████████████████████████████████| 448 kB 6.1 MB/s 
Collecting html-linter==0.4.0
  Downloading html-linter-0.4.0.tar.gz (19 kB)
Collecting identify==1.4.7
  Downloading identify-1.4.7-py2.py3-none-any.whl (97 kB)
     |████████████████████████████████| 97 kB 4.7 MB/s 
Collecting idna==2.5
  Downloading idna-2.5-py2.py3-none-any.whl (55 kB)
     |████████████████████████████████| 55 kB 3.7 MB/s 
Collecting importlib-metadata==0.23
  Downloading importlib_metadata-0.23-py2.py3-none-any.whl (28 kB)
Collecting importlib-resources==1.5.0
  Downloading importlib_resources-1.5.0-py2.py3-none-any.whl (21 kB)
Collecting iniconfig==1.0.1
  Downloading iniconfig-1.0.1-py3-none-any.whl (4.2 kB)
Collecting isort==4.2.15
  Downloading isort-4.2.15-py2.py3-none-any.whl (43 kB)
     |████████████████████████████████| 43 kB 2.2 MB/s 
Collecting jinja2-time==0.2.0
  Downloading jinja2_time-0.2.0-py2.py3-none-any.whl (6.4 kB)
Collecting jinja2==2.11.3
  Downloading Jinja2-2.11.3-py2.py3-none-any.whl (125 kB)
     |████████████████████████████████| 125 kB 5.8 MB/s 
Collecting jmespath==0.9.3
  Downloading jmespath-0.9.3-py2.py3-none-any.whl (23 kB)
Collecting lazy-object-proxy==1.4.3
  Downloading lazy_object_proxy-1.4.3-cp37-cp37m-manylinux1_x86_64.whl (56 kB)
     |████████████████████████████████| 56 kB 4.0 MB/s 
Collecting markupsafe==1.1.1
  Downloading MarkupSafe-1.1.1-cp37-cp37m-manylinux1_x86_64.whl (27 kB)
Collecting mccabe==0.6.1
  Downloading mccabe-0.6.1-py2.py3-none-any.whl (8.6 kB)
Collecting molecule-vagrant==0.3
  Downloading molecule_vagrant-0.3-py2.py3-none-any.whl (24 kB)
Collecting molecule==3.0.2.1
  Downloading molecule-3.0.2.1-py2.py3-none-any.whl (281 kB)
     |████████████████████████████████| 281 kB 5.0 MB/s 
Collecting monotonic==1.4
  Downloading monotonic-1.4-py2.py3-none-any.whl (5.3 kB)
Collecting more-itertools==7.2.0
  Downloading more_itertools-7.2.0-py3-none-any.whl (57 kB)
     |████████████████████████████████| 57 kB 4.5 MB/s 
Collecting mypy-extensions==0.4.3
  Downloading mypy_extensions-0.4.3-py2.py3-none-any.whl (4.5 kB)
Collecting mypy==0.761
  Downloading mypy-0.761-cp37-cp37m-manylinux1_x86_64.whl (24.1 MB)
     |████████████████████████████████| 24.1 MB 6.8 MB/s 
Collecting netaddr==0.7.19
  Downloading netaddr-0.7.19-py2.py3-none-any.whl (1.6 MB)
     |████████████████████████████████| 1.6 MB 5.8 MB/s 
Collecting nodeenv==1.3.3
  Downloading nodeenv-1.3.3.tar.gz (34 kB)
Collecting packaging==16.8
  Downloading packaging-16.8-py2.py3-none-any.whl (23 kB)
Collecting paramiko==2.6.0
  Downloading paramiko-2.6.0-py2.py3-none-any.whl (199 kB)
     |████████████████████████████████| 199 kB 6.2 MB/s 
Collecting pathspec==0.5.5
  Downloading pathspec-0.5.5.tar.gz (21 kB)
Collecting pbr==5.1.1
  Downloading pbr-5.1.1-py2.py3-none-any.whl (106 kB)
     |████████████████████████████████| 106 kB 7.0 MB/s 
Collecting pexpect==4.6.0
  Downloading pexpect-4.6.0-py2.py3-none-any.whl (57 kB)
     |████████████████████████████████| 57 kB 2.2 MB/s 
Collecting pip-tools==4.5.1
  Downloading pip_tools-4.5.1-py2.py3-none-any.whl (41 kB)
     |████████████████████████████████| 41 kB 673 kB/s 
Collecting pluggy==0.13.1
  Downloading pluggy-0.13.1-py2.py3-none-any.whl (18 kB)
Collecting poyo==0.4.1
  Downloading poyo-0.4.1-py2.py3-none-any.whl (12 kB)
Collecting pre-commit==1.18.3
  Downloading pre_commit-1.18.3-py2.py3-none-any.whl (154 kB)
     |████████████████████████████████| 154 kB 6.0 MB/s 
Collecting prompt_toolkit==2.0.9
  Downloading prompt_toolkit-2.0.9-py3-none-any.whl (337 kB)
     |████████████████████████████████| 337 kB 5.9 MB/s 
Collecting psutil==5.7.0
  Downloading psutil-5.7.0.tar.gz (449 kB)
     |████████████████████████████████| 449 kB 6.2 MB/s 
Collecting ptyprocess==0.5.2
  Downloading ptyprocess-0.5.2-py2.py3-none-any.whl (39 kB)
Collecting py==1.10.0
  Downloading py-1.10.0-py2.py3-none-any.whl (97 kB)
     |████████████████████████████████| 97 kB 3.6 MB/s 
Collecting pycodestyle==2.5.0
  Downloading pycodestyle-2.5.0-py2.py3-none-any.whl (51 kB)
     |████████████████████████████████| 51 kB 4.8 MB/s 
Collecting pycparser==2.18
  Downloading pycparser-2.18.tar.gz (245 kB)
     |████████████████████████████████| 245 kB 5.4 MB/s 
Collecting pyenchant==2.0.0
  Downloading pyenchant-2.0.0.tar.gz (64 kB)
     |████████████████████████████████| 64 kB 2.4 MB/s 
Collecting pyflakes==2.1.1
  Downloading pyflakes-2.1.1-py2.py3-none-any.whl (59 kB)
     |████████████████████████████████| 59 kB 4.4 MB/s 
Collecting pylint==2.5.0
  Downloading pylint-2.5.0-py3-none-any.whl (324 kB)
     |████████████████████████████████| 324 kB 5.8 MB/s 
Collecting pynacl==1.1.2
  Downloading PyNaCl-1.1.2.tar.gz (3.1 MB)
     |████████████████████████████████| 3.1 MB 4.4 MB/s 
Collecting pyparsing==2.2.0
  Downloading pyparsing-2.2.0-py2.py3-none-any.whl (56 kB)
     |████████████████████████████████| 56 kB 4.1 MB/s 
Collecting pytest-forked==1.3.0
  Downloading pytest_forked-1.3.0-py2.py3-none-any.whl (4.7 kB)
Collecting pytest-xdist==2.1.0
  Downloading pytest_xdist-2.1.0-py3-none-any.whl (36 kB)
Collecting pytest==6.1.1
  Downloading pytest-6.1.1-py3-none-any.whl (272 kB)
     |████████████████████████████████| 272 kB 5.9 MB/s 
Collecting python-dateutil==2.6.1
  Downloading python_dateutil-2.6.1-py2.py3-none-any.whl (194 kB)
     |████████████████████████████████| 194 kB 6.9 MB/s 
Collecting python-gilt==1.2.1
  Downloading python_gilt-1.2.1-py3-none-any.whl (13 kB)
Collecting python-vagrant==0.5.15
  Downloading python-vagrant-0.5.15.tar.gz (29 kB)
Collecting pyyaml==5.3.1
  Downloading PyYAML-5.3.1.tar.gz (269 kB)
     |████████████████████████████████| 269 kB 5.0 MB/s 
Collecting requests==2.22.0
  Downloading requests-2.22.0-py2.py3-none-any.whl (57 kB)
     |████████████████████████████████| 57 kB 3.9 MB/s 
Collecting ruamel.yaml.clib==0.2.0
  Downloading ruamel.yaml.clib-0.2.0-cp37-cp37m-manylinux1_x86_64.whl (547 kB)
     |████████████████████████████████| 547 kB 5.4 MB/s 
Collecting ruamel.yaml==0.16.10
  Downloading ruamel.yaml-0.16.10-py2.py3-none-any.whl (111 kB)
     |████████████████████████████████| 111 kB 986 kB/s 
Collecting s3transfer==0.1.12
  Downloading s3transfer-0.1.12-py2.py3-none-any.whl (59 kB)
     |████████████████████████████████| 59 kB 594 kB/s 
Collecting safety==1.8.7
  Downloading safety-1.8.7-py2.py3-none-any.whl (14 kB)
Collecting selinux==0.2.1
  Downloading selinux-0.2.1-py2.py3-none-any.whl (4.3 kB)
Collecting sh==1.12.14
  Downloading sh-1.12.14-py2.py3-none-any.whl (38 kB)
Collecting shellingham==1.3.2
  Downloading shellingham-1.3.2-py2.py3-none-any.whl (11 kB)
Collecting six==1.15.0
  Downloading six-1.15.0-py2.py3-none-any.whl (10 kB)
Collecting smmap2==2.0.3
  Downloading smmap2-2.0.3-py2.py3-none-any.whl (27 kB)
Collecting sqlalchemy-stubs==0.3
  Downloading sqlalchemy_stubs-0.3-py3-none-any.whl (115 kB)
     |████████████████████████████████| 115 kB 5.2 MB/s 
Collecting stevedore==1.28.0
  Downloading stevedore-1.28.0-py2.py3-none-any.whl (39 kB)
Collecting tabulate==0.8.7
  Downloading tabulate-0.8.7-py3-none-any.whl (24 kB)
Collecting template-remover==0.1.9
  Downloading template-remover-0.1.9.tar.gz (7.1 kB)
Collecting testinfra==5.3.1
  Downloading testinfra-5.3.1-py3-none-any.whl (69 kB)
     |████████████████████████████████| 69 kB 4.9 MB/s 
Collecting toml==0.10.0
  Downloading toml-0.10.0-py2.py3-none-any.whl (25 kB)
Collecting tree-format==0.1.2
  Downloading tree-format-0.1.2.tar.gz (4.0 kB)
Collecting typed-ast==1.4.1
  Downloading typed_ast-1.4.1-cp37-cp37m-manylinux1_x86_64.whl (737 kB)
     |████████████████████████████████| 737 kB 5.7 MB/s 
Collecting typing-extensions==3.7.4.1
  Downloading typing_extensions-3.7.4.1-py3-none-any.whl (20 kB)
Collecting urllib3==1.25.10
  Downloading urllib3-1.25.10-py2.py3-none-any.whl (127 kB)
     |████████████████████████████████| 127 kB 5.7 MB/s 
Collecting virtualenv==16.7.5
  Downloading virtualenv-16.7.5-py2.py3-none-any.whl (3.3 MB)
     |████████████████████████████████| 3.3 MB 5.5 MB/s 
Collecting wcwidth==0.1.7
  Downloading wcwidth-0.1.7-py2.py3-none-any.whl (21 kB)
Collecting websocket-client==0.44.0
  Downloading websocket_client-0.44.0-py2.py3-none-any.whl (199 kB)
     |████████████████████████████████| 199 kB 5.7 MB/s 
Collecting whichcraft==0.4.1
  Downloading whichcraft-0.4.1-py2.py3-none-any.whl (5.1 kB)
Collecting wrapt==1.11.2
  Downloading wrapt-1.11.2.tar.gz (27 kB)
Collecting yamllint==1.17.0
  Downloading yamllint-1.17.0-py2.py3-none-any.whl (57 kB)
     |████████████████████████████████| 57 kB 4.0 MB/s 
Collecting zipp==0.6.0
  Downloading zipp-0.6.0-py2.py3-none-any.whl (4.1 kB)
Collecting pip==19.3.1
  Downloading pip-19.3.1-py2.py3-none-any.whl (1.4 MB)
     |████████████████████████████████| 1.4 MB 6.0 MB/s 
Collecting setuptools==46.0.0
  Downloading setuptools-46.0.0-py3-none-any.whl (582 kB)
     |████████████████████████████████| 582 kB 5.4 MB/s 
Building wheels for collected packages: ansible, arrow, bcrypt, cerberus, click-completion, docopt, dparse, future, html-linter, nodeenv, pathspec, psutil, pycparser, pyenchant, pynacl, python-vagrant, pyyaml, template-remover, tree-format, wrapt
  Building wheel for ansible (setup.py) ... done
  Created wheel for ansible: filename=ansible-2.9.7-py3-none-any.whl size=16169072 sha256=f906abc6ddc307d817829a30a64e535a24466752429c470131b9b64744702c50
  Stored in directory: /home/user/.cache/pip/wheels/46/6b/6f/b51b1644751fc09b957a9af8c58fab6606cf1d7c7d530e53e2
  Building wheel for arrow (setup.py) ... done
  Created wheel for arrow: filename=arrow-0.10.0-py2.py3-none-any.whl size=32852 sha256=c9937dcbb3569375aa45c1dbfe083a514e2de66664a40e2fd472aa45deeb1941
  Stored in directory: /home/user/.cache/pip/wheels/08/04/41/fc01ef75aa14872805f2283ef01954a539700a7a6435cf52f1
  Building wheel for bcrypt (setup.py) ... done
  Created wheel for bcrypt: filename=bcrypt-3.1.3-cp37-cp37m-linux_x86_64.whl size=62549 sha256=a92098cdc72e46c7267f70074abbbc8c35f8459d33f685eeb12879c838363ada
  Stored in directory: /home/user/.cache/pip/wheels/af/05/db/ec8bfecf1b99a175e62e918d2f891a5f9b1132d12ad2b32e6e
  Building wheel for cerberus (setup.py) ... done
  Created wheel for cerberus: filename=Cerberus-1.3.1-py3-none-any.whl size=54128 sha256=ea64746c34dc68bd98a001997b049c2a0e01c45bf38c36fed0abfb2571d82408
  Stored in directory: /home/user/.cache/pip/wheels/c6/d3/b0/ff1650a3cb6b6f19ea314ec517a17d88a1a4a1181b5a209836
  Building wheel for click-completion (setup.py) ... done
  Created wheel for click-completion: filename=click_completion-0.5.2-py3-none-any.whl size=11193 sha256=2be4965b5d368d5ae5fe06d991c0760d75b793dfe09a00042a0ec894f20471ff
  Stored in directory: /home/user/.cache/pip/wheels/31/f0/f2/9a6863c99cbafd28edbad2f52336fa296e267a83378d57babd
  Building wheel for docopt (setup.py) ... done
  Created wheel for docopt: filename=docopt-0.6.2-py2.py3-none-any.whl size=13705 sha256=bdf6f4ba47dde9e1f825a3e9f60278cdd7822c1fc6201252803477bbaadf3163
  Stored in directory: /home/user/.cache/pip/wheels/72/b0/3f/1d95f96ff986c7dfffe46ce2be4062f38ebd04b506c77c81b9
  Building wheel for dparse (setup.py) ... done
  Created wheel for dparse: filename=dparse-0.4.1-py3-none-any.whl size=19512 sha256=a0d86ccc35458702e47f41b63f0da12682d5856e7ee316e20ff58d9dcb866eb3
  Stored in directory: /home/user/.cache/pip/wheels/71/4d/89/faf1d72f447af4ba171beff9447a110e24e28c530fba45d3da
  Building wheel for future (setup.py) ... done
  Created wheel for future: filename=future-0.16.0-py3-none-any.whl size=487798 sha256=3d0e5e2562a5d39dfa266f5561e69211576363b6f62f335e6b2b8d4d90e81a1b
  Stored in directory: /home/user/.cache/pip/wheels/7c/09/6f/dfd31fb2ebe951aefbee461a0dfce1bdc2e4b2c1016e85d233
  Building wheel for html-linter (setup.py) ... done
  Created wheel for html-linter: filename=html_linter-0.4.0-py3-none-any.whl size=14336 sha256=c6a831605ab9e17dd2d22e2787a6682caba53d0ad79bba8ad8af67f946e4efa6
  Stored in directory: /home/user/.cache/pip/wheels/2e/50/9f/73a163b49962de66a9bcc0707dbb1519f553371422ed91c200
  Building wheel for nodeenv (setup.py) ... done
  Created wheel for nodeenv: filename=nodeenv-1.3.3-py3-none-any.whl size=21347 sha256=f80cf974ada68d33f8e8966af09eb0daf94cafa546bcc1c6d91b5d1de3fe4905
  Stored in directory: /home/user/.cache/pip/wheels/13/d3/6f/0e01c0c62414f74a97916cc97047c088f6acc8ce617d1b37ff
  Building wheel for pathspec (setup.py) ... done
  Created wheel for pathspec: filename=pathspec-0.5.5-py3-none-any.whl size=24228 sha256=1688f4fdc16bffd1d352808427cb2b7c4251c41fb0438ecfc16d1c189e1ec258
  Stored in directory: /home/user/.cache/pip/wheels/09/97/ce/98234adaab0cf5b2c3a1b6610ada24e6f7ab3675fff4e0b8b2
  Building wheel for psutil (setup.py) ... done
  Created wheel for psutil: filename=psutil-5.7.0-cp37-cp37m-linux_x86_64.whl size=282505 sha256=2abff50d9ab8c5bdd3a3f6df10f2bb17f06b940356cd7c2f0fc5459eb5ca4463
  Stored in directory: /home/user/.cache/pip/wheels/b6/e7/50/aee9cc966163d74430f13f208171dee22f11efa4a4a826661c
  Building wheel for pycparser (setup.py) ... done
  Created wheel for pycparser: filename=pycparser-2.18-py2.py3-none-any.whl size=205735 sha256=afe145971c87a627f14cfb7ed46c3be5a17dd29508fa4e9cddd9114242b959f3
  Stored in directory: /home/user/.cache/pip/wheels/5d/c6/29/87a8bb797e60b55a91bd0a1e8455365c5f5dff9fc45c05f3e4
  Building wheel for pyenchant (setup.py) ... done
  Created wheel for pyenchant: filename=pyenchant-2.0.0-py2.py3.cp27.cp32.cp33.cp34.cp35.cp36.pp27.pp33.pp35-none-any.whl size=71147 sha256=0a692ea3f0bd18fa8be7209ac07e7e401097e50bb99cefd9d16b4c823db48c19
  Stored in directory: /home/user/.cache/pip/wheels/b3/a1/1f/9f401bb462dc2815fad237aa51b7fc9c6ea68760a468a5113f
  Building wheel for pynacl (setup.py) ... done
  Created wheel for pynacl: filename=PyNaCl-1.1.2-cp37-cp37m-linux_x86_64.whl size=670235 sha256=da04d2b77111a0519cc8a89fa5c2d0e331550afcb8513823dc503a5470a84318
  Stored in directory: /home/user/.cache/pip/wheels/de/0e/97/dbf5e8f88b4eb199d5bd738b291cd770f5dc1f3c59f0595480
  Building wheel for python-vagrant (setup.py) ... done
  Created wheel for python-vagrant: filename=python_vagrant-0.5.15-py3-none-any.whl size=18430 sha256=c411a0ed1a0b9b30fb32a9c4ce6a9d0ec158efffe0850e5ea62c3ffe2ca79144
  Stored in directory: /home/user/.cache/pip/wheels/a1/9e/8f/6d84a01c39978f584d03e873cbd99d2c41415695a0fa5c1f5c
  Building wheel for pyyaml (setup.py) ... done
  Created wheel for pyyaml: filename=PyYAML-5.3.1-cp37-cp37m-linux_x86_64.whl size=44620 sha256=3435c2a056036991d77659a157ea3b9eeb706a83bc004081b0cd5c47c9dadec0
  Stored in directory: /home/user/.cache/pip/wheels/5e/03/1e/e1e954795d6f35dfc7b637fe2277bff021303bd9570ecea653
  Building wheel for template-remover (setup.py) ... done
  Created wheel for template-remover: filename=template_remover-0.1.9-py3-none-any.whl size=7047 sha256=7aa6d1333401b5bdb4fe76716f20593ac5cd4a55e6c250133cf0f21ffe6f2a4f
  Stored in directory: /home/user/.cache/pip/wheels/18/3f/f0/67e5e9e4ed02275ac31bf76b2fca329ae79687eaf5913ee8f3
  Building wheel for tree-format (setup.py) ... done
  Created wheel for tree-format: filename=tree_format-0.1.2-py3-none-any.whl size=5412 sha256=1c5e6694ec98543f161385924d98d7642c10fa185c5f18a8d3196bc23068ce07
  Stored in directory: /home/user/.cache/pip/wheels/dd/b2/d1/6ac00b8fe427c28f3f3a39563977cd0667296720b3d9c19f6a
  Building wheel for wrapt (setup.py) ... done
  Created wheel for wrapt: filename=wrapt-1.11.2-cp37-cp37m-linux_x86_64.whl size=73177 sha256=bfdd082b68f445b6b53dfb284f828f87046bf94b07ca05285bffa3647116e29a
  Stored in directory: /home/user/.cache/pip/wheels/23/5f/62/304b411f20be41821465a82bc98baabc5e68c3cdd1eb99db71
Successfully built ansible arrow bcrypt cerberus click-completion docopt dparse future html-linter nodeenv pathspec psutil pycparser pyenchant pynacl python-vagrant pyyaml template-remover tree-format wrapt
Installing collected packages: six, more-itertools, zipp, python-dateutil, pycparser, markupsafe, urllib3, pyyaml, pyparsing, pbr, monotonic, jinja2, importlib-metadata, idna, click, chardet, cffi, certifi, arrow, whichcraft, virtualenv, toml, smmap2, shellingham, sh, requests, pynacl, py, ptyprocess, poyo, pluggy, pathspec, packaging, nodeenv, jmespath, jinja2-time, iniconfig, identify, git-url-parse, future, fasteners, docutils, cryptography, colorama, cfgv, binaryornot, bcrypt, attrs, aspy.yaml, yamllint, wrapt, typing-extensions, typed-ast, tree-format, tabulate, setuptools, ruamel.yaml.clib, python-gilt, pytest, pre-commit, pexpect, paramiko, mypy-extensions, lazy-object-proxy, gitdb2, docopt, distro, cookiecutter, click-help-colors, click-completion, cerberus, botocore, apipkg, ansible, websocket-client, wcwidth, template-remover, stevedore, selinux, s3transfer, ruamel.yaml, python-vagrant, pytest-forked, pyflakes, pycodestyle, mypy, molecule, mccabe, isort, gitpython, execnet, entrypoints, dparse, astroid, testinfra, sqlalchemy-stubs, safety, pytest-xdist, pylint, pyenchant, psutil, prompt-toolkit, pip-tools, pip, netaddr, molecule-vagrant, importlib-resources, html-linter, flake8, docker, dnspython, boto3, boto, bandit, argon2-cffi, ansible-lint
  Attempting uninstall: setuptools
    Found existing installation: setuptools 54.2.0
    Uninstalling setuptools-54.2.0:
      Successfully uninstalled setuptools-54.2.0
  Attempting uninstall: pip
    Found existing installation: pip 21.0.1
    Uninstalling pip-21.0.1:
      Successfully uninstalled pip-21.0.1
Successfully installed ansible-2.9.7 ansible-lint-4.2.0 apipkg-1.4 argon2-cffi-20.1.0 arrow-0.10.0 aspy.yaml-1.3.0 astroid-2.4.0 attrs-20.2.0 bandit-1.7.0 bcrypt-3.1.3 binaryornot-0.4.4 boto-2.48.0 boto3-1.5.24 botocore-1.8.38 cerberus-1.3.1 certifi-2017.7.27.1 cffi-1.14.2 cfgv-2.0.1 chardet-3.0.4 click-7.1.2 click-completion-0.5.2 click-help-colors-0.8 colorama-0.3.9 cookiecutter-1.6.0 cryptography-3.2.1 distro-1.5.0 dnspython-1.15.0 docker-4.4.2 docopt-0.6.2 docutils-0.14 dparse-0.4.1 entrypoints-0.3 execnet-1.4.1 fasteners-0.14.1 flake8-3.7.7 future-0.16.0 git-url-parse-1.0.2 gitdb2-2.0.3 gitpython-2.1.8 html-linter-0.4.0 identify-1.4.7 idna-2.5 importlib-metadata-0.23 importlib-resources-1.5.0 iniconfig-1.0.1 isort-4.2.15 jinja2-2.11.3 jinja2-time-0.2.0 jmespath-0.9.3 lazy-object-proxy-1.4.3 markupsafe-1.1.1 mccabe-0.6.1 molecule-3.0.2.1 molecule-vagrant-0.3 monotonic-1.4 more-itertools-7.2.0 mypy-0.761 mypy-extensions-0.4.3 netaddr-0.7.19 nodeenv-1.3.3 packaging-16.8 paramiko-2.6.0 pathspec-0.5.5 pbr-5.1.1 pexpect-4.6.0 pip-19.3.1 pip-tools-4.5.1 pluggy-0.13.1 poyo-0.4.1 pre-commit-1.18.3 prompt-toolkit-2.0.9 psutil-5.7.0 ptyprocess-0.5.2 py-1.10.0 pycodestyle-2.5.0 pycparser-2.18 pyenchant-2.0.0 pyflakes-2.1.1 pylint-2.5.0 pynacl-1.1.2 pyparsing-2.2.0 pytest-6.1.1 pytest-forked-1.3.0 pytest-xdist-2.1.0 python-dateutil-2.6.1 python-gilt-1.2.1 python-vagrant-0.5.15 pyyaml-5.3.1 requests-2.22.0 ruamel.yaml-0.16.10 ruamel.yaml.clib-0.2.0 s3transfer-0.1.12 safety-1.8.7 selinux-0.2.1 setuptools-46.0.0 sh-1.12.14 shellingham-1.3.2 six-1.15.0 smmap2-2.0.3 sqlalchemy-stubs-0.3 stevedore-1.28.0 tabulate-0.8.7 template-remover-0.1.9 testinfra-5.3.1 toml-0.10.0 tree-format-0.1.2 typed-ast-1.4.1 typing-extensions-3.7.4.1 urllib3-1.25.10 virtualenv-16.7.5 wcwidth-0.1.7 websocket-client-0.44.0 whichcraft-0.4.1 wrapt-1.11.2 yamllint-1.17.0 zipp-0.6.0
(build) user@sd-dvm:~/securedrop$ make fetch-tor-packages 
Fetching most recent Tor packages...
Using active Python 3 virtualenv in /home/user/.virtualenvs/build
--> Test matrix
    
└── fetch-tor-packages
    ├── destroy
    ├── create
    ├── prepare
    ├── converge
    ├── verify
    └── destroy
    
--> Scenario: 'fetch-tor-packages'
--> Action: 'destroy'
playbook.yml was deprecated, rename it to converge.yml
--> Sanity checks: 'docker'
    
    PLAY [Destroy] *****************************************************************
    
    TASK [Destroy molecule instance(s)] ********************************************
    ok: [localhost] => (item={'distro': 'xenial', 'image': 'quay.io/freedomofpress/sd-docker-builder-xenial', 'name': 'tor-package-fetcher-xenial'})
    ok: [localhost] => (item={'distro': 'focal', 'image': 'quay.io/freedomofpress/sd-docker-builder-focal', 'name': 'tor-package-fetcher-focal'})
    
    PLAY RECAP *********************************************************************
    localhost                  : ok=1    changed=0    unreachable=0    failed=0    skipped=0    rescued=0    ignored=0
    
--> Scenario: 'fetch-tor-packages'
--> Action: 'create'
playbook.yml was deprecated, rename it to converge.yml
    
    PLAY [Create] ******************************************************************
    
    TASK [Create molecule instance(s)] *********************************************
    changed: [localhost] => (item={'distro': 'xenial', 'image': 'quay.io/freedomofpress/sd-docker-builder-xenial', 'name': 'tor-package-fetcher-xenial'})
    changed: [localhost] => (item={'distro': 'focal', 'image': 'quay.io/freedomofpress/sd-docker-builder-focal', 'name': 'tor-package-fetcher-focal'})
    
    PLAY RECAP *********************************************************************
    localhost                  : ok=1    changed=1    unreachable=0    failed=0    skipped=0    rescued=0    ignored=0
    
--> Scenario: 'fetch-tor-packages'
--> Action: 'prepare'
playbook.yml was deprecated, rename it to converge.yml
    
    PLAY [Bootstrap Ansible for containers] ****************************************
    
    TASK [Install python] **********************************************************
    changed: [tor-package-fetcher-xenial]
    changed: [tor-package-fetcher-focal]
    
    PLAY RECAP *********************************************************************
    tor-package-fetcher-focal  : ok=1    changed=1    unreachable=0    failed=0    skipped=0    rescued=0    ignored=0
    tor-package-fetcher-xenial : ok=1    changed=1    unreachable=0    failed=0    skipped=0    rescued=0    ignored=0
    
--> Scenario: 'fetch-tor-packages'
--> Action: 'converge'
playbook.yml was deprecated, rename it to converge.yml
playbook.yml was deprecated, rename it to converge.yml
    
    PLAY [Converge] ****************************************************************
    
    TASK [Gathering Facts] *********************************************************
    ok: [tor-package-fetcher-xenial]
    ok: [tor-package-fetcher-focal]
    
    TASK [Add Tor apt repo pubkey] *************************************************
    changed: [tor-package-fetcher-xenial]
    changed: [tor-package-fetcher-focal]
    
    TASK [Add Tor apt repo URL] ****************************************************
    changed: [tor-package-fetcher-focal]
    changed: [tor-package-fetcher-xenial]
    
    TASK [Create temporary dir for downloading debs] *******************************
    changed: [tor-package-fetcher-focal]
    changed: [tor-package-fetcher-xenial]
    
    TASK [Download Tor debs] *******************************************************
    changed: [tor-package-fetcher-xenial] => (item=tor)
    changed: [tor-package-fetcher-focal] => (item=tor)
    changed: [tor-package-fetcher-xenial] => (item=tor-geoipdb)
    changed: [tor-package-fetcher-focal] => (item=tor-geoipdb)
    
    TASK [Find downloaded Tor debs] ************************************************
    ok: [tor-package-fetcher-xenial]
    ok: [tor-package-fetcher-focal]
    
    TASK [Fetch downloaded Tor debs back to submodule] *****************************
    changed: [tor-package-fetcher-xenial] => (item={'uid': 0, 'woth': False, 'mtime': 1615910254.0, 'isreg': True, 'atime': 1615910254.0, 'gid': 0, 'xusr': False, 'wusr': True, 'dev': 50, 'xoth': False, 'mode': '0644', 'ctime': 1616428456.78, 'path': '/tmp/tor-debs/tor-geoipdb_0.4.5.7-1~xenial+1_all.deb', 'rgrp': True, 'isdir': False, 'size': 863570, 'wgrp': False, 'isfifo': False, 'xgrp': False, 'ischr': False, 'inode': 444470, 'isuid': False, 'pw_name': 'root', 'gr_name': 'root', 'isgid': False, 'rusr': True, 'issock': False, 'roth': True, 'islnk': False, 'nlink': 1, 'isblk': False})
    changed: [tor-package-fetcher-focal] => (item={'path': '/tmp/tor-debs/tor-geoipdb_0.4.5.7-1~focal+1_all.deb', 'mode': '0644', 'isdir': False, 'ischr': False, 'isblk': False, 'isreg': True, 'isfifo': False, 'islnk': False, 'issock': False, 'uid': 0, 'gid': 0, 'size': 867776, 'inode': 444471, 'dev': 62, 'nlink': 1, 'atime': 1615910256.0, 'mtime': 1615910256.0, 'ctime': 1616428457.081, 'gr_name': 'root', 'pw_name': 'root', 'wusr': True, 'rusr': True, 'xusr': False, 'wgrp': False, 'rgrp': True, 'xgrp': False, 'woth': False, 'roth': True, 'xoth': False, 'isuid': False, 'isgid': False})
    changed: [tor-package-fetcher-focal] => (item={'path': '/tmp/tor-debs/tor_0.4.5.7-1~focal+1_amd64.deb', 'mode': '0644', 'isdir': False, 'ischr': False, 'isblk': False, 'isreg': True, 'isfifo': False, 'islnk': False, 'issock': False, 'uid': 0, 'gid': 0, 'size': 1486912, 'inode': 444469, 'dev': 62, 'nlink': 1, 'atime': 1615910256.0, 'mtime': 1615910256.0, 'ctime': 1616428453.745, 'gr_name': 'root', 'pw_name': 'root', 'wusr': True, 'rusr': True, 'xusr': False, 'wgrp': False, 'rgrp': True, 'xgrp': False, 'woth': False, 'roth': True, 'xoth': False, 'isuid': False, 'isgid': False})
    changed: [tor-package-fetcher-xenial] => (item={'uid': 0, 'woth': False, 'mtime': 1615910254.0, 'isreg': True, 'atime': 1615910254.0, 'gid': 0, 'xusr': False, 'wusr': True, 'dev': 50, 'xoth': False, 'mode': '0644', 'ctime': 1616428453.699, 'path': '/tmp/tor-debs/tor_0.4.5.7-1~xenial+1_amd64.deb', 'rgrp': True, 'isdir': False, 'size': 1483936, 'wgrp': False, 'isfifo': False, 'xgrp': False, 'ischr': False, 'inode': 444464, 'isuid': False, 'pw_name': 'root', 'gr_name': 'root', 'isgid': False, 'rusr': True, 'issock': False, 'roth': True, 'islnk': False, 'nlink': 1, 'isblk': False})
    
    TASK [Display location of fetched files] ***************************************
    ok: [tor-package-fetcher-focal] => {
        "msg": "Tor deb packages have been downloaded to '/home/user/securedrop/build/focal'.\n"
    }
    ok: [tor-package-fetcher-xenial] => {
        "msg": "Tor deb packages have been downloaded to '/home/user/securedrop/build/xenial'.\n"
    }
    
    PLAY RECAP *********************************************************************
    tor-package-fetcher-focal  : ok=8    changed=5    unreachable=0    failed=0    skipped=0    rescued=0    ignored=0
    tor-package-fetcher-xenial : ok=8    changed=5    unreachable=0    failed=0    skipped=0    rescued=0    ignored=0
    
--> Scenario: 'fetch-tor-packages'
--> Action: 'verify'
--> Executing Testinfra tests found in /home/user/securedrop/molecule/fetch-tor-packages/tests/...
    ============================= test session starts ==============================
    platform linux -- Python 3.7.3, pytest-6.1.1, py-1.10.0, pluggy-0.13.1
    rootdir: /home/user/securedrop/molecule, configfile: pytest.ini
    plugins: forked-1.3.0, testinfra-5.3.1, xdist-2.1.0
collected 8 items                                                              
    
    tests/test_tor_packages.py ........                                      [100%]
    
    ============================== 8 passed in 2.55s ===============================
Verifier completed successfully.
--> Scenario: 'fetch-tor-packages'
--> Action: 'destroy'
playbook.yml was deprecated, rename it to converge.yml
    
    PLAY [Destroy] *****************************************************************
    
    TASK [Destroy molecule instance(s)] ********************************************
    changed: [localhost] => (item={'distro': 'xenial', 'image': 'quay.io/freedomofpress/sd-docker-builder-xenial', 'name': 'tor-package-fetcher-xenial'})
    changed: [localhost] => (item={'distro': 'focal', 'image': 'quay.io/freedomofpress/sd-docker-builder-focal', 'name': 'tor-package-fetcher-focal'})
    
    PLAY RECAP *********************************************************************
    localhost                  : ok=1    changed=1    unreachable=0    failed=0    skipped=0    rescued=0    ignored=0
    
--> Pruning extra files from scenario ephemeral directory

(build) user@sd-dvm:~/securedrop$ sha256sum build/xenial/*.deb
a555612f9896d4060cee29565d5dc70c6a31a38839d8de7684706a13d7f7ae50  build/xenial/tor_0.4.5.7-1~xenial+1_amd64.deb
abcf3d5cf6a61a632032c98b5dbb1749608b00fc13660e9210472933ecc13b81  build/xenial/tor-geoipdb_0.4.5.7-1~xenial+1_all.deb
(build) user@sd-dvm:~/securedrop$ sha256sum build/focal/*.deb
bd96342207997f805100bc8a429aeecf143f0f7d91b544fc962d438a5cd19184  build/focal/tor_0.4.5.7-1~focal+1_amd64.deb
bafdbf7e088ac95ef15fde48a6a0de5e1650bdbbc11c6468acc6caf82611bd6d  build/focal/tor-geoipdb_0.4.5.7-1~focal+1_all.deb

