[user@sd-template-builder qubes-template-securedrop-workstation]$ sha256sum qubes-template-securedrop-workstation-bullseye-4.0.6-202206302135.noarch.rpm 
193150c1fa2902522b2689e4f0d7f615c232caf666c9bafccaa28c7faf4e811e  qubes-template-securedrop-workstation-bullseye-4.0.6-202206302135.noarch.rpm
[user@sd-template-builder qubes-template-securedrop-workstation]$ rpm --delsign qubes-template-securedrop-workstation-bullseye-4.0.6-202206302135.noarch.rpm 
qubes-template-securedrop-workstation-bullseye-4.0.6-202206302135.noarch.rpm:
[user@sd-template-builder qubes-template-securedrop-workstation]$ sha256sum qubes-template-securedrop-workstation-bullseye-4.0.6-202206302135.noarch.rpm 
ab7dd3dc7d7b2121c626db42d2cbf3ecde9fac7153d5cb447c52f14f47c170ba  qubes-template-securedrop-workstation-bullseye-4.0.6-202206302135.noarch.rpm
[user@sd-template-builder qubes-template-securedrop-workstation]$ rpm --resign qubes-template-securedrop-workstation-bullseye-4.0.6-202206302135.noarch.rpm
qubes-template-securedrop-workstation-bullseye-4.0.6-202206302135.noarch.rpm:
[user@sd-template-builder qubes-template-securedrop-workstation]$ sha256sum qubes-template-securedrop-workstation-bullseye-4.0.6-202206302135.noarch.rpm 
1eb8b2447baaa495b961ad9a189e30c9bc267e1e0d00b299958702950ebdd645  qubes-template-securedrop-workstation-bullseye-4.0.6-202206302135.noarch.rpm
[user@sd-template-builder qubes-template-securedrop-workstation]$ rpm -qi qubes-template-securedrop-workstation-bullseye-4.0.6-202206302135.noarch.rpm 
warning: qubes-template-securedrop-workstation-bullseye-4.0.6-202206302135.noarch.rpm: Header V4 RSA/SHA256 Signature, key ID 7b22e6a3: NOKEY
Name        : qubes-template-securedrop-workstation-bullseye
Version     : 4.0.6
Release     : 202206302135
Architecture: noarch
Install Date: (not installed)
Group       : Unspecified
Size        : 3585106128
License     : GPL
Signature   : RSA/SHA256, Fri Jul  1 17:31:20 2022, Key ID 188edd3b7b22e6a3
Source RPM  : qubes-template-securedrop-workstation-bullseye-4.0.6-202206302135.src.rpm
Build Date  : Thu Jun 30 17:43:59 2022
Build Host  : localhost
URL         : http://www.qubes-os.org
Summary     : Qubes template for securedrop-workstation-bullseye
Description :
Qubes template for securedrop-workstation-bullseye
[user@sd-template-builder qubes-template-securedrop-workstation]$ gpg -k 188edd3b7b22e6a3
pub   rsa4096 2021-05-10 [SC] [expires: 2023-07-04]
      2359E6538C0613E652955E6C188EDD3B7B22E6A3
uid           [ultimate] SecureDrop Release Signing Key <securedrop-release-key-2021@freedom.press>
sub   rsa4096 2021-05-10 [E] [expires: 2023-07-04]

[user@sd-template-builder qubes-template-securedrop-workstation]$ rpm -Kv qubes-template-securedrop-workstation-bullseye-4.0.6-202206302135.noarch.rpm 
qubes-template-securedrop-workstation-bullseye-4.0.6-202206302135.noarch.rpm:
    Header V4 RSA/SHA256 Signature, key ID 7b22e6a3: NOKEY
    Header SHA256 digest: OK
    Header SHA1 digest: OK
    Payload SHA256 digest: OK
    MD5 digest: OK
[user@sd-template-builder qubes-template-securedrop-workstation]$ sudo rpm --import ../prod-key.asc 
[user@sd-template-builder qubes-template-securedrop-workstation]$ rpm -Kv qubes-template-securedrop-workstation-bullseye-4.0.6-202206302135.noarch.rpm 
qubes-template-securedrop-workstation-bullseye-4.0.6-202206302135.noarch.rpm:
    Header V4 RSA/SHA256 Signature, key ID 7b22e6a3: OK
    Header SHA256 digest: OK
    Header SHA1 digest: OK
    Payload SHA256 digest: OK
    MD5 digest: OK
[user@sd-template-builder qubes-template-securedrop-workstation]$ rpm --delsign qubes-template-securedrop-workstation-bullseye-4.0.6-202206302135.noarch.rpm 
qubes-template-securedrop-workstation-bullseye-4.0.6-202206302135.noarch.rpm:
[user@sd-template-builder qubes-template-securedrop-workstation]$ sha256sum qubes-template-securedrop-workstation-bullseye-4.0.6-202206302135.noarch.rpm 
cc7b677aded301a3170f6bebcba904dc9c182201ecbc776c5aa54bba8a2505da  qubes-template-securedrop-workstation-bullseye-4.0.6-202206302135.noarch.rpm

