/home/user/qubes-template-securedrop-workstation/qubes-builder/qubes-src/builder-debian//update-local-repo.sh buster
dpkg-scanpackages: info: Wrote 65 entries to output Packages file.
sudo chroot /home/user/qubes-template-securedrop-workstation/qubes-builder/chroot-vm-buster apt-get  update
Get:1 file:/tmp/qubes-deb buster InRelease
Ign:1 file:/tmp/qubes-deb buster InRelease
Get:2 file:/tmp/qubes-deb buster Release [340 B]
Get:2 file:/tmp/qubes-deb buster Release [340 B]
Get:3 file:/tmp/qubes-deb buster Release.gpg
Ign:3 file:/tmp/qubes-deb buster Release.gpg
Get:4 file:/tmp/qubes-deb buster/main amd64 Packages [13.4 kB]
Hit:5 https://deb.debian.org/debian buster InRelease
Hit:6 https://deb.qubes-os.org/r4.0/vm buster InRelease
Reading package lists...
# check for CVE-2016-1252 - directly after debootstrap, still vulnerable
# apt is installed
wc -L "/home/user/qubes-template-securedrop-workstation/qubes-builder/chroot-vm-buster/var/lib/apt/lists/"*InRelease | awk '$1 > 1024 {print; exit 1}'
# update the base system inside
sudo chroot /home/user/qubes-template-securedrop-workstation/qubes-builder/chroot-vm-buster apt-get  dist-upgrade -y
Reading package lists...
Building dependency tree...
Reading state information...
Calculating upgrade...
0 upgraded, 0 newly installed, 0 to remove and 0 not upgraded.
# install build dependencies
LC_ALL=C sudo chroot /home/user/qubes-template-securedrop-workstation/qubes-builder/chroot-vm-buster mk-build-deps -i -r -t "apt-get --no-install-recommends -y" /home/user/qubes-src/app-linux-img-converter/debian/control
dh_testdir
dh_testroot
dh_prep
dh_testdir
dh_testroot
dh_install
dh_installdocs
dh_installchangelogs
dh_compress
dh_fixperms
dh_installdeb
dh_gencontrol
dh_md5sums
dh_builddeb
dpkg-deb: building package 'qubes-img-converter-build-deps' in '../qubes-img-converter-build-deps_1.2.6-1_all.deb'.

The package has been created.
Attention, the package has been created in the current directory,
not in ".." as indicated by the message above!
Selecting previously unselected package qubes-img-converter-build-deps.
(Reading database ... 43742 files and directories currently installed.)
Preparing to unpack qubes-img-converter-build-deps_1.2.6-1_all.deb ...
Unpacking qubes-img-converter-build-deps (1.2.6-1) ...
Reading package lists...
Building dependency tree...
Reading state information...
0 upgraded, 0 newly installed, 0 to remove and 0 not upgraded.
1 not fully installed or removed.
After this operation, 0 B of additional disk space will be used.
E: Can not write log (Is /dev/pts mounted?) - posix_openpt (2: No such file or directory)
Setting up qubes-img-converter-build-deps (1.2.6-1) ...
# Cleanup; delete any old builds, except leave the orig that may have
# been created on copy-in build stage
cd /home/user/qubes-template-securedrop-workstation/qubes-builder/chroot-vm-buster//home/user/qubes-src/app-linux-img-converter/..; GLOBIGNORE=qubes-img-converter_1.2.6*orig*; rm -f qubes-img-converter_1.2.6*; GLOBIGNORE=
rm -rf /home/user/qubes-template-securedrop-workstation/qubes-builder/chroot-vm-buster//home/user/qubes-src/app-linux-img-converter/deb/*
rm -rf /home/user/qubes-template-securedrop-workstation/qubes-builder/chroot-vm-buster//home/user/qubes-src/app-linux-img-converter/rpm/*
rm -rf /home/user/qubes-template-securedrop-workstation/qubes-builder/chroot-vm-buster//home/user/qubes-src/app-linux-img-converter/pkgs/*
# break the release build if changelog does not match version file
cd /home/user/qubes-template-securedrop-workstation/qubes-builder/chroot-vm-buster//home/user/qubes-src/app-linux-img-converter/debian/..; /home/user/qubes-template-securedrop-workstation/qubes-builder/qubes-src/builder-debian//scripts/debian-changelog.sh --verify
# Break the hardlink
cp /home/user/qubes-template-securedrop-workstation/qubes-builder/chroot-vm-buster//home/user/qubes-src/app-linux-img-converter/debian/changelog /home/user/qubes-template-securedrop-workstation/qubes-builder/chroot-vm-buster//home/user/qubes-src/app-linux-img-converter/debian/changelog.copy
mv /home/user/qubes-template-securedrop-workstation/qubes-builder/chroot-vm-buster//home/user/qubes-src/app-linux-img-converter/debian/changelog.copy /home/user/qubes-template-securedrop-workstation/qubes-builder/chroot-vm-buster//home/user/qubes-src/app-linux-img-converter/debian/changelog
echo "Building package in /home/user/qubes-src/app-linux-img-converter"
Building package in /home/user/qubes-src/app-linux-img-converter
cd /home/user/qubes-template-securedrop-workstation/qubes-builder/chroot-vm-buster//home/user/qubes-src/app-linux-img-converter/debian/..; export LC_ALL=C DEBFULLNAME=Builder DEBEMAIL=user@localhost; \
	debchange -t -l+deb10u "Build for buster"; debchange -t --force-distribution -r -D buster buster
libdistro-info-perl is not installed, Debian release names are not known.
libdistro-info-perl is not installed, Ubuntu release names are not known.
/home/user/qubes-template-securedrop-workstation/qubes-builder/qubes-src/builder-debian//scripts/clamp-changelog-entry-date /home/user/qubes-template-securedrop-workstation/qubes-builder/chroot-vm-buster//home/user/qubes-src/app-linux-img-converter/debian/changelog
find /home/user/qubes-template-securedrop-workstation/qubes-builder/chroot-vm-buster//home/user/qubes-src/app-linux-img-converter \! -newer /home/user/qubes-template-securedrop-workstation/qubes-builder/chroot-vm-buster//home/user/qubes-src/app-linux-img-converter/debian/changelog \
	-exec touch --no-dereference --reference=/home/user/qubes-template-securedrop-workstation/qubes-builder/chroot-vm-buster//home/user/qubes-src/app-linux-img-converter/debian/changelog {} +
sudo BACKEND_VMM=xen  chroot /home/user/qubes-template-securedrop-workstation/qubes-builder/chroot-vm-buster su user -c 'cd /home/user/qubes-src/app-linux-img-converter/debian/..; export LC_ALL=C; dpkg-buildpackage -sa -uc -us'
dpkg-buildpackage: info: source package qubes-img-converter
dpkg-buildpackage: info: source version 1.2.6-1+deb10u1
dpkg-buildpackage: info: source distribution buster
dpkg-buildpackage: info: source changed by Builder <user@localhost>
 dpkg-source --before-build .
dpkg-buildpackage: info: host architecture amd64
 fakeroot debian/rules clean
dh clean 
   dh_auto_clean
   dh_clean
 dpkg-source -b .
dpkg-source: info: using source format '3.0 (quilt)'
dpkg-source: info: building qubes-img-converter using existing ./qubes-img-converter_1.2.6.orig.tar.xz
dpkg-source: warning: ignoring deletion of directory rpm/x86_64
dpkg-source: info: building qubes-img-converter in qubes-img-converter_1.2.6-1+deb10u1.debian.tar.xz
dpkg-source: info: building qubes-img-converter in qubes-img-converter_1.2.6-1+deb10u1.dsc
 debian/rules build
dh build 
   dh_update_autotools_config
   dh_auto_configure
   debian/rules override_dh_auto_build
make[1]: Entering directory '/home/user/qubes-src/app-linux-img-converter'
echo "nothing to do here"
nothing to do here
make[1]: Leaving directory '/home/user/qubes-src/app-linux-img-converter'
   dh_auto_test
 fakeroot debian/rules binary
dh binary 
   dh_testroot
   dh_prep
   dh_auto_install
	make -j1 install DESTDIR=/home/user/qubes-src/app-linux-img-converter/debian/qubes-img-converter AM_UPDATE_INFO_DIR=no
make[1]: Entering directory '/home/user/qubes-src/app-linux-img-converter'
install -d /home/user/qubes-src/app-linux-img-converter/debian/qubes-img-converter/usr/bin/
install -D qvm-convert-img /home/user/qubes-src/app-linux-img-converter/debian/qubes-img-converter/usr/bin/qvm-convert-img
install -d  /home/user/qubes-src/app-linux-img-converter/debian/qubes-img-converter/usr/lib/qubes/
install -D qvm-convert-img.gnome /home/user/qubes-src/app-linux-img-converter/debian/qubes-img-converter/usr/lib/qubes/qvm-convert-img.gnome
install -d /home/user/qubes-src/app-linux-img-converter/debian/qubes-img-converter/usr/lib/qubes/
install -D qimg-convert-client /home/user/qubes-src/app-linux-img-converter/debian/qubes-img-converter/usr/lib/qubes/qimg-convert-client
install -d /home/user/qubes-src/app-linux-img-converter/debian/qubes-img-converter/usr/share/nautilus-python/extensions
install -D qvm_convert_img_nautilus.py /home/user/qubes-src/app-linux-img-converter/debian/qubes-img-converter/usr/share/nautilus-python/extensions/qvm_convert_img_nautilus.py
install -D qvm-convert-img.1  /home/user/qubes-src/app-linux-img-converter/debian/qubes-img-converter/usr/share/man/man1/qvm-convert-img.1
make[1]: Leaving directory '/home/user/qubes-src/app-linux-img-converter'
   dh_installdocs
   dh_installchangelogs
   dh_installman
   dh_perl
   dh_link
   dh_strip_nondeterminism
   dh_compress
   dh_fixperms
   dh_missing
   dh_strip
   dh_makeshlibs
   dh_shlibdeps
   dh_installdeb
   dh_gencontrol
dpkg-gencontrol: warning: Depends field of package qubes-img-converter: substitution variable ${shlibs:Depends} used, but is not defined
   dh_md5sums
   dh_builddeb
dpkg-deb: building package 'qubes-img-converter' in '../qubes-img-converter_1.2.6-1+deb10u1_amd64.deb'.
 dpkg-genbuildinfo
 dpkg-genchanges -sa >../qubes-img-converter_1.2.6-1+deb10u1_amd64.changes
dpkg-genchanges: info: including full source code in upload
 dpkg-source --after-build .
dpkg-buildpackage: info: full upload (original source is included)
mkdir -p /home/user/qubes-template-securedrop-workstation/qubes-builder/qubes-packages-mirror-repo/vm-buster/deb
mkdir -p qubes-src/app-linux-img-converter/pkgs/vm-buster
cd /home/user/qubes-template-securedrop-workstation/qubes-builder/chroot-vm-buster//home/user/qubes-src/app-linux-img-converter/debian/../..; \
	cp -t /home/user/qubes-template-securedrop-workstation/qubes-builder/qubes-packages-mirror-repo/vm-buster/deb `awk 'section == "Files:" { print $5 } /^[A-Z].*.$/ { section=$1 }' qubes-img-converter_1.2.6*.changes`
cp -t /home/user/qubes-template-securedrop-workstation/qubes-builder/qubes-packages-mirror-repo/vm-buster/deb/ /home/user/qubes-template-securedrop-workstation/qubes-builder/chroot-vm-buster//home/user/qubes-src/app-linux-img-converter/debian/../../qubes-img-converter_1.2.6*.changes
cd /home/user/qubes-template-securedrop-workstation/qubes-builder/chroot-vm-buster//home/user/qubes-src/app-linux-img-converter/debian/../..; \
	mv -t /home/user/qubes-template-securedrop-workstation/qubes-builder/qubes-src/app-linux-img-converter/pkgs/vm-buster  `awk 'section == "Files:" { print $5 } /^[A-Z].*.$/ { section=$1 }' qubes-img-converter_1.2.6*.changes`
mv -t /home/user/qubes-template-securedrop-workstation/qubes-builder/qubes-src/app-linux-img-converter/pkgs/vm-buster /home/user/qubes-template-securedrop-workstation/qubes-builder/chroot-vm-buster//home/user/qubes-src/app-linux-img-converter/debian/../../qubes-img-converter_1.2.6*.changes
