/home/user/qubes-template-securedrop-workstation/qubes-builder/qubes-src/builder-debian//update-local-repo.sh buster
dpkg-scanpackages: info: Wrote 38 entries to output Packages file.
sudo chroot /home/user/qubes-template-securedrop-workstation/qubes-builder/chroot-vm-buster apt-get  update
Get:1 file:/tmp/qubes-deb buster InRelease
Ign:1 file:/tmp/qubes-deb buster InRelease
Get:2 file:/tmp/qubes-deb buster Release [339 B]
Get:2 file:/tmp/qubes-deb buster Release [339 B]
Get:3 file:/tmp/qubes-deb buster Release.gpg
Ign:3 file:/tmp/qubes-deb buster Release.gpg
Get:4 file:/tmp/qubes-deb buster/main amd64 Packages [7305 B]
Hit:5 https://deb.debian.org/debian buster InRelease
Hit:6 https://deb.qubes-os.org/r4.0/vm buster InRelease
Reading package lists...
# check for CVE-2016-1252 - directly after debootstrap, still vulnerable
# apt is installed
wc -L "/home/user/qubes-template-securedrop-workstation/qubes-builder/chroot-vm-buster/var/lib/apt/lists/"*InRelease | awk '$1 > 1024 {print; exit 1}'
# update the base system inside
sudo chroot /home/user/qubes-template-securedrop-workstation/qubes-builder/chroot-vm-buster apt-get  dist-upgrade -y
Reading package lists...
Building dependency tree...
Reading state information...
Calculating upgrade...
0 upgraded, 0 newly installed, 0 to remove and 0 not upgraded.
# install build dependencies
LC_ALL=C sudo chroot /home/user/qubes-template-securedrop-workstation/qubes-builder/chroot-vm-buster mk-build-deps -i -r -t "apt-get --no-install-recommends -y" /home/user/qubes-src/python-xcffib/debian-pkg/debian/control
dh_testdir
dh_testroot
dh_prep
dh_testdir
dh_testroot
dh_install
dh_installdocs
dh_installchangelogs
dh_compress
dh_fixperms
dh_installdeb
dh_gencontrol
dh_md5sums
dh_builddeb
dpkg-deb: building package 'xcffib-build-deps' in '../xcffib-build-deps_0.8.1-1_all.deb'.

The package has been created.
Attention, the package has been created in the current directory,
not in ".." as indicated by the message above!
Selecting previously unselected package xcffib-build-deps.
(Reading database ... 39582 files and directories currently installed.)
Preparing to unpack xcffib-build-deps_0.8.1-1_all.deb ...
Unpacking xcffib-build-deps (0.8.1-1) ...
Reading package lists...
Building dependency tree...
Reading state information...
Correcting dependencies... Done
The following additional packages will be installed:
  fontconfig-config fonts-dejavu-core libdrm-amdgpu1 libdrm-common
  libdrm-intel1 libdrm-nouveau2 libdrm-radeon1 libdrm2 libfontconfig1
  libfontenc1 libfreetype6 libgl1 libgl1-mesa-dri libglapi-mesa libglvnd0
  libglx-mesa0 libglx0 libice6 libjs-jquery libjs-sphinxdoc libjs-underscore
  libllvm7 libpciaccess0 libpng16-16 libsensors-config libsensors5 libsm6
  libx11-xcb1 libxaw7 libxcb-dri2-0 libxcb-dri3-0 libxcb-glx0 libxcb-present0
  libxcb-sync1 libxcursor1 libxdamage1 libxfixes3 libxfont2 libxft2
  libxkbfile1 libxmu6 libxpm4 libxrender1 libxshmfence1 libxt6 libxxf86vm1
  python-autopep8 python-cffi python-cffi-backend python-configparser
  python-enum34 python-flake8 python-mccabe python-nose python-pep8 python-ply
  python-pycodestyle python-pycparser python-pyflakes python-six python3-cffi
  python3-cffi-backend python3-nose python3-ply python3-pycparser
  python3-setuptools x11-apps x11-common x11-xkb-utils xkb-data xserver-common
  xvfb
Suggested packages:
  pciutils lm-sensors python-dev python-enum34-doc python-mock python-coverage
  python-nose-doc python-ply-doc python-setuptools-doc mesa-utils
Recommended packages:
  javascript-common pyflakes xbitmaps xfonts-base
The following NEW packages will be installed:
  fontconfig-config fonts-dejavu-core libdrm-amdgpu1 libdrm-common
  libdrm-intel1 libdrm-nouveau2 libdrm-radeon1 libdrm2 libfontconfig1
  libfontenc1 libfreetype6 libgl1 libgl1-mesa-dri libglapi-mesa libglvnd0
  libglx-mesa0 libglx0 libice6 libjs-jquery libjs-sphinxdoc libjs-underscore
  libllvm7 libpciaccess0 libpng16-16 libsensors-config libsensors5 libsm6
  libx11-xcb1 libxaw7 libxcb-dri2-0 libxcb-dri3-0 libxcb-glx0 libxcb-present0
  libxcb-sync1 libxcursor1 libxdamage1 libxfixes3 libxfont2 libxft2
  libxkbfile1 libxmu6 libxpm4 libxrender1 libxshmfence1 libxt6 libxxf86vm1
  python-autopep8 python-cffi python-cffi-backend python-configparser
  python-enum34 python-flake8 python-mccabe python-nose python-pep8 python-ply
  python-pycodestyle python-pycparser python-pyflakes python-six python3-cffi
  python3-cffi-backend python3-nose python3-ply python3-pycparser
  python3-setuptools x11-apps x11-common x11-xkb-utils xkb-data xserver-common
  xvfb
0 upgraded, 72 newly installed, 0 to remove and 0 not upgraded.
1 not fully installed or removed.
Need to get 33.6 MB of archives.
After this operation, 246 MB of additional disk space will be used.
Get:1 https://deb.debian.org/debian buster/main amd64 python3-setuptools all 40.8.0-1 [306 kB]
Get:2 https://deb.debian.org/debian buster/main amd64 python-pycodestyle all 2.4.0-2 [44.2 kB]
Get:3 https://deb.debian.org/debian buster/main amd64 python-pep8 all 1.7.1-3 [39.4 kB]
Get:4 https://deb.debian.org/debian buster/main amd64 python-autopep8 all 1.4.3-1 [44.2 kB]
Get:5 https://deb.debian.org/debian buster/main amd64 python-cffi-backend amd64 1.12.2-1 [78.8 kB]
Get:6 https://deb.debian.org/debian buster/main amd64 python-ply all 3.11-3 [65.1 kB]
Get:7 https://deb.debian.org/debian buster/main amd64 python-pycparser all 2.19-1 [75.7 kB]
Get:8 https://deb.debian.org/debian buster/main amd64 python-cffi all 1.12.2-1 [83.2 kB]
Get:9 https://deb.debian.org/debian buster/main amd64 python3-cffi-backend amd64 1.12.2-1 [79.7 kB]
Get:10 https://deb.debian.org/debian buster/main amd64 python3-ply all 3.11-3 [65.1 kB]
Get:11 https://deb.debian.org/debian buster/main amd64 python3-pycparser all 2.19-1 [75.6 kB]
Get:12 https://deb.debian.org/debian buster/main amd64 python3-cffi all 1.12.2-1 [83.3 kB]
Get:13 https://deb.debian.org/debian buster/main amd64 python-nose all 1.3.7-4 [132 kB]
Get:14 https://deb.debian.org/debian buster/main amd64 python3-nose all 1.3.7-4 [132 kB]
Get:15 https://deb.debian.org/debian buster/main amd64 x11-common all 1:7.7+19 [251 kB]
Get:16 https://deb.debian.org/debian buster/main amd64 xkb-data all 2.26-2 [681 kB]
Get:17 https://deb.debian.org/debian buster/main amd64 libice6 amd64 2:1.0.9-2 [58.7 kB]
Get:18 https://deb.debian.org/debian buster/main amd64 libsm6 amd64 2:1.2.3-1 [35.1 kB]
Get:19 https://deb.debian.org/debian buster/main amd64 libxt6 amd64 1:1.1.5-1+b3 [190 kB]
Get:20 https://deb.debian.org/debian buster/main amd64 libxmu6 amd64 2:1.1.2-2+b3 [60.8 kB]
Get:21 https://deb.debian.org/debian buster/main amd64 libxpm4 amd64 1:3.5.12-1 [49.1 kB]
Get:22 https://deb.debian.org/debian buster/main amd64 libxaw7 amd64 2:1.0.13-1+b2 [201 kB]
Get:23 https://deb.debian.org/debian buster/main amd64 libxkbfile1 amd64 1:1.0.9-2+b11 [76.0 kB]
Get:24 https://deb.debian.org/debian buster/main amd64 x11-xkb-utils amd64 7.7+4 [164 kB]
Get:25 https://deb.debian.org/debian buster/main amd64 xserver-common all 2:1.20.4-1 [2235 kB]
Get:26 https://deb.debian.org/debian buster/main amd64 libglvnd0 amd64 1.1.0-1 [48.6 kB]
Get:27 https://deb.debian.org/debian buster/main amd64 libdrm-common all 2.4.97-1 [13.8 kB]
Get:28 https://deb.debian.org/debian buster/main amd64 libdrm2 amd64 2.4.97-1 [39.7 kB]
Get:29 https://deb.debian.org/debian buster/main amd64 libglapi-mesa amd64 18.3.6-2+deb10u1 [66.3 kB]
Get:30 https://deb.debian.org/debian buster/main amd64 libx11-xcb1 amd64 2:1.6.7-1 [190 kB]
Get:31 https://deb.debian.org/debian buster/main amd64 libxcb-dri2-0 amd64 1.13.1-2 [101 kB]
Get:32 https://deb.debian.org/debian buster/main amd64 libxcb-dri3-0 amd64 1.13.1-2 [100 kB]
Get:33 https://deb.debian.org/debian buster/main amd64 libxcb-glx0 amd64 1.13.1-2 [116 kB]
Get:34 https://deb.debian.org/debian buster/main amd64 libxcb-present0 amd64 1.13.1-2 [99.1 kB]
Get:35 https://deb.debian.org/debian buster/main amd64 libxcb-sync1 amd64 1.13.1-2 [103 kB]
Get:36 https://deb.debian.org/debian buster/main amd64 libxfixes3 amd64 1:5.0.3-1 [21.9 kB]
Get:37 https://deb.debian.org/debian buster/main amd64 libxdamage1 amd64 1:1.1.4-3+b3 [14.9 kB]
Get:38 https://deb.debian.org/debian buster/main amd64 libxshmfence1 amd64 1.3-1 [8820 B]
Get:39 https://deb.debian.org/debian buster/main amd64 libxxf86vm1 amd64 1:1.1.4-1+b2 [20.8 kB]
Get:40 https://deb.debian.org/debian buster/main amd64 libdrm-amdgpu1 amd64 2.4.97-1 [27.3 kB]
Get:41 https://deb.debian.org/debian buster/main amd64 libpciaccess0 amd64 0.14-1 [53.5 kB]
Get:42 https://deb.debian.org/debian buster/main amd64 libdrm-intel1 amd64 2.4.97-1 [69.8 kB]
Get:43 https://deb.debian.org/debian buster/main amd64 libdrm-nouveau2 amd64 2.4.97-1 [26.3 kB]
Get:44 https://deb.debian.org/debian buster/main amd64 libdrm-radeon1 amd64 2.4.97-1 [31.1 kB]
Get:45 https://deb.debian.org/debian buster/main amd64 libllvm7 amd64 1:7.0.1-8 [13.0 MB]
Get:46 https://deb.debian.org/debian buster/main amd64 libsensors-config all 1:3.5.0-3 [31.6 kB]
Get:47 https://deb.debian.org/debian buster/main amd64 libsensors5 amd64 1:3.5.0-3 [52.6 kB]
Get:48 https://deb.debian.org/debian buster/main amd64 libgl1-mesa-dri amd64 18.3.6-2+deb10u1 [6685 kB]
Get:49 https://deb.debian.org/debian buster/main amd64 libglx-mesa0 amd64 18.3.6-2+deb10u1 [180 kB]
Get:50 https://deb.debian.org/debian buster/main amd64 libglx0 amd64 1.1.0-1 [30.0 kB]
Get:51 https://deb.debian.org/debian buster/main amd64 libgl1 amd64 1.1.0-1 [91.1 kB]
Get:52 https://deb.debian.org/debian buster/main amd64 libfontenc1 amd64 1:1.1.3-1+b2 [24.4 kB]
Get:53 https://deb.debian.org/debian buster/main amd64 libpng16-16 amd64 1.6.36-6 [292 kB]
Get:54 https://deb.debian.org/debian buster/main amd64 libfreetype6 amd64 2.9.1-3+deb10u1 [380 kB]
Get:55 https://deb.debian.org/debian buster/main amd64 libxfont2 amd64 1:2.0.3-1 [135 kB]
Get:56 https://deb.debian.org/debian buster/main amd64 xvfb amd64 2:1.20.4-1 [2987 kB]
Get:57 https://deb.debian.org/debian buster/main amd64 libxrender1 amd64 1:0.9.10-1 [33.0 kB]
Get:58 https://deb.debian.org/debian buster/main amd64 libxcursor1 amd64 1:1.1.15-2 [36.6 kB]
Get:59 https://deb.debian.org/debian buster/main amd64 fonts-dejavu-core all 2.37-1 [1068 kB]
Get:60 https://deb.debian.org/debian buster/main amd64 fontconfig-config all 2.13.1-2 [280 kB]
Get:61 https://deb.debian.org/debian buster/main amd64 libfontconfig1 amd64 2.13.1-2 [346 kB]
Get:62 https://deb.debian.org/debian buster/main amd64 libxft2 amd64 2.3.2-2 [57.2 kB]
Get:63 https://deb.debian.org/debian buster/main amd64 x11-apps amd64 7.7+7 [660 kB]
Get:64 https://deb.debian.org/debian buster/main amd64 libjs-jquery all 3.3.1~dfsg-3 [332 kB]
Get:65 https://deb.debian.org/debian buster/main amd64 libjs-underscore all 1.9.1~dfsg-1 [99.4 kB]
Get:66 https://deb.debian.org/debian buster/main amd64 libjs-sphinxdoc all 1.8.4-1 [95.9 kB]
Get:67 https://deb.debian.org/debian buster/main amd64 python-configparser all 3.5.0b2-1 [59.2 kB]
Get:68 https://deb.debian.org/debian buster/main amd64 python-enum34 all 1.1.6-2 [35.3 kB]
Get:69 https://deb.debian.org/debian buster/main amd64 python-mccabe all 0.6.1-2 [9602 B]
Get:70 https://deb.debian.org/debian buster/main amd64 python-pyflakes all 2.0.0-1 [48.9 kB]
Get:71 https://deb.debian.org/debian buster/main amd64 python-flake8 all 3.6.0-1 [62.5 kB]
Get:72 https://deb.debian.org/debian buster/main amd64 python-six all 1.12.0-1 [15.7 kB]
Preconfiguring packages ...
Fetched 33.6 MB in 12s (2782 kB/s)
E: Can not write log (Is /dev/pts mounted?) - posix_openpt (2: No such file or directory)
Selecting previously unselected package python3-setuptools.
(Reading database ... 39586 files and directories currently installed.)
Preparing to unpack .../00-python3-setuptools_40.8.0-1_all.deb ...
Unpacking python3-setuptools (40.8.0-1) ...
Selecting previously unselected package python-pycodestyle.
Preparing to unpack .../01-python-pycodestyle_2.4.0-2_all.deb ...
Unpacking python-pycodestyle (2.4.0-2) ...
Selecting previously unselected package python-pep8.
Preparing to unpack .../02-python-pep8_1.7.1-3_all.deb ...
Unpacking python-pep8 (1.7.1-3) ...
Selecting previously unselected package python-autopep8.
Preparing to unpack .../03-python-autopep8_1.4.3-1_all.deb ...
Unpacking python-autopep8 (1.4.3-1) ...
Selecting previously unselected package python-cffi-backend.
Preparing to unpack .../04-python-cffi-backend_1.12.2-1_amd64.deb ...
Unpacking python-cffi-backend (1.12.2-1) ...
Selecting previously unselected package python-ply.
Preparing to unpack .../05-python-ply_3.11-3_all.deb ...
Unpacking python-ply (3.11-3) ...
Selecting previously unselected package python-pycparser.
Preparing to unpack .../06-python-pycparser_2.19-1_all.deb ...
Unpacking python-pycparser (2.19-1) ...
Selecting previously unselected package python-cffi.
Preparing to unpack .../07-python-cffi_1.12.2-1_all.deb ...
Unpacking python-cffi (1.12.2-1) ...
Selecting previously unselected package python3-cffi-backend.
Preparing to unpack .../08-python3-cffi-backend_1.12.2-1_amd64.deb ...
Unpacking python3-cffi-backend (1.12.2-1) ...
Selecting previously unselected package python3-ply.
Preparing to unpack .../09-python3-ply_3.11-3_all.deb ...
Unpacking python3-ply (3.11-3) ...
Selecting previously unselected package python3-pycparser.
Preparing to unpack .../10-python3-pycparser_2.19-1_all.deb ...
Unpacking python3-pycparser (2.19-1) ...
Selecting previously unselected package python3-cffi.
Preparing to unpack .../11-python3-cffi_1.12.2-1_all.deb ...
Unpacking python3-cffi (1.12.2-1) ...
Selecting previously unselected package python-nose.
Preparing to unpack .../12-python-nose_1.3.7-4_all.deb ...
Unpacking python-nose (1.3.7-4) ...
Selecting previously unselected package python3-nose.
Preparing to unpack .../13-python3-nose_1.3.7-4_all.deb ...
Unpacking python3-nose (1.3.7-4) ...
Selecting previously unselected package x11-common.
Preparing to unpack .../14-x11-common_1%3a7.7+19_all.deb ...
Unpacking x11-common (1:7.7+19) ...
Selecting previously unselected package xkb-data.
Preparing to unpack .../15-xkb-data_2.26-2_all.deb ...
Unpacking xkb-data (2.26-2) ...
Selecting previously unselected package libice6:amd64.
Preparing to unpack .../16-libice6_2%3a1.0.9-2_amd64.deb ...
Unpacking libice6:amd64 (2:1.0.9-2) ...
Selecting previously unselected package libsm6:amd64.
Preparing to unpack .../17-libsm6_2%3a1.2.3-1_amd64.deb ...
Unpacking libsm6:amd64 (2:1.2.3-1) ...
Selecting previously unselected package libxt6:amd64.
Preparing to unpack .../18-libxt6_1%3a1.1.5-1+b3_amd64.deb ...
Unpacking libxt6:amd64 (1:1.1.5-1+b3) ...
Selecting previously unselected package libxmu6:amd64.
Preparing to unpack .../19-libxmu6_2%3a1.1.2-2+b3_amd64.deb ...
Unpacking libxmu6:amd64 (2:1.1.2-2+b3) ...
Selecting previously unselected package libxpm4:amd64.
Preparing to unpack .../20-libxpm4_1%3a3.5.12-1_amd64.deb ...
Unpacking libxpm4:amd64 (1:3.5.12-1) ...
Selecting previously unselected package libxaw7:amd64.
Preparing to unpack .../21-libxaw7_2%3a1.0.13-1+b2_amd64.deb ...
Unpacking libxaw7:amd64 (2:1.0.13-1+b2) ...
Selecting previously unselected package libxkbfile1:amd64.
Preparing to unpack .../22-libxkbfile1_1%3a1.0.9-2+b11_amd64.deb ...
Unpacking libxkbfile1:amd64 (1:1.0.9-2+b11) ...
Selecting previously unselected package x11-xkb-utils.
Preparing to unpack .../23-x11-xkb-utils_7.7+4_amd64.deb ...
Unpacking x11-xkb-utils (7.7+4) ...
Selecting previously unselected package xserver-common.
Preparing to unpack .../24-xserver-common_2%3a1.20.4-1_all.deb ...
Unpacking xserver-common (2:1.20.4-1) ...
Selecting previously unselected package libglvnd0:amd64.
Preparing to unpack .../25-libglvnd0_1.1.0-1_amd64.deb ...
Unpacking libglvnd0:amd64 (1.1.0-1) ...
Selecting previously unselected package libdrm-common.
Preparing to unpack .../26-libdrm-common_2.4.97-1_all.deb ...
Unpacking libdrm-common (2.4.97-1) ...
Selecting previously unselected package libdrm2:amd64.
Preparing to unpack .../27-libdrm2_2.4.97-1_amd64.deb ...
Unpacking libdrm2:amd64 (2.4.97-1) ...
Selecting previously unselected package libglapi-mesa:amd64.
Preparing to unpack .../28-libglapi-mesa_18.3.6-2+deb10u1_amd64.deb ...
Unpacking libglapi-mesa:amd64 (18.3.6-2+deb10u1) ...
Selecting previously unselected package libx11-xcb1:amd64.
Preparing to unpack .../29-libx11-xcb1_2%3a1.6.7-1_amd64.deb ...
Unpacking libx11-xcb1:amd64 (2:1.6.7-1) ...
Selecting previously unselected package libxcb-dri2-0:amd64.
Preparing to unpack .../30-libxcb-dri2-0_1.13.1-2_amd64.deb ...
Unpacking libxcb-dri2-0:amd64 (1.13.1-2) ...
Selecting previously unselected package libxcb-dri3-0:amd64.
Preparing to unpack .../31-libxcb-dri3-0_1.13.1-2_amd64.deb ...
Unpacking libxcb-dri3-0:amd64 (1.13.1-2) ...
Selecting previously unselected package libxcb-glx0:amd64.
Preparing to unpack .../32-libxcb-glx0_1.13.1-2_amd64.deb ...
Unpacking libxcb-glx0:amd64 (1.13.1-2) ...
Selecting previously unselected package libxcb-present0:amd64.
Preparing to unpack .../33-libxcb-present0_1.13.1-2_amd64.deb ...
Unpacking libxcb-present0:amd64 (1.13.1-2) ...
Selecting previously unselected package libxcb-sync1:amd64.
Preparing to unpack .../34-libxcb-sync1_1.13.1-2_amd64.deb ...
Unpacking libxcb-sync1:amd64 (1.13.1-2) ...
Selecting previously unselected package libxfixes3:amd64.
Preparing to unpack .../35-libxfixes3_1%3a5.0.3-1_amd64.deb ...
Unpacking libxfixes3:amd64 (1:5.0.3-1) ...
Selecting previously unselected package libxdamage1:amd64.
Preparing to unpack .../36-libxdamage1_1%3a1.1.4-3+b3_amd64.deb ...
Unpacking libxdamage1:amd64 (1:1.1.4-3+b3) ...
Selecting previously unselected package libxshmfence1:amd64.
Preparing to unpack .../37-libxshmfence1_1.3-1_amd64.deb ...
Unpacking libxshmfence1:amd64 (1.3-1) ...
Selecting previously unselected package libxxf86vm1:amd64.
Preparing to unpack .../38-libxxf86vm1_1%3a1.1.4-1+b2_amd64.deb ...
Unpacking libxxf86vm1:amd64 (1:1.1.4-1+b2) ...
Selecting previously unselected package libdrm-amdgpu1:amd64.
Preparing to unpack .../39-libdrm-amdgpu1_2.4.97-1_amd64.deb ...
Unpacking libdrm-amdgpu1:amd64 (2.4.97-1) ...
Selecting previously unselected package libpciaccess0:amd64.
Preparing to unpack .../40-libpciaccess0_0.14-1_amd64.deb ...
Unpacking libpciaccess0:amd64 (0.14-1) ...
Selecting previously unselected package libdrm-intel1:amd64.
Preparing to unpack .../41-libdrm-intel1_2.4.97-1_amd64.deb ...
Unpacking libdrm-intel1:amd64 (2.4.97-1) ...
Selecting previously unselected package libdrm-nouveau2:amd64.
Preparing to unpack .../42-libdrm-nouveau2_2.4.97-1_amd64.deb ...
Unpacking libdrm-nouveau2:amd64 (2.4.97-1) ...
Selecting previously unselected package libdrm-radeon1:amd64.
Preparing to unpack .../43-libdrm-radeon1_2.4.97-1_amd64.deb ...
Unpacking libdrm-radeon1:amd64 (2.4.97-1) ...
Selecting previously unselected package libllvm7:amd64.
Preparing to unpack .../44-libllvm7_1%3a7.0.1-8_amd64.deb ...
Unpacking libllvm7:amd64 (1:7.0.1-8) ...
Selecting previously unselected package libsensors-config.
Preparing to unpack .../45-libsensors-config_1%3a3.5.0-3_all.deb ...
Unpacking libsensors-config (1:3.5.0-3) ...
Selecting previously unselected package libsensors5:amd64.
Preparing to unpack .../46-libsensors5_1%3a3.5.0-3_amd64.deb ...
Unpacking libsensors5:amd64 (1:3.5.0-3) ...
Selecting previously unselected package libgl1-mesa-dri:amd64.
Preparing to unpack .../47-libgl1-mesa-dri_18.3.6-2+deb10u1_amd64.deb ...
Unpacking libgl1-mesa-dri:amd64 (18.3.6-2+deb10u1) ...
Selecting previously unselected package libglx-mesa0:amd64.
Preparing to unpack .../48-libglx-mesa0_18.3.6-2+deb10u1_amd64.deb ...
Unpacking libglx-mesa0:amd64 (18.3.6-2+deb10u1) ...
Selecting previously unselected package libglx0:amd64.
Preparing to unpack .../49-libglx0_1.1.0-1_amd64.deb ...
Unpacking libglx0:amd64 (1.1.0-1) ...
Selecting previously unselected package libgl1:amd64.
Preparing to unpack .../50-libgl1_1.1.0-1_amd64.deb ...
Unpacking libgl1:amd64 (1.1.0-1) ...
Selecting previously unselected package libfontenc1:amd64.
Preparing to unpack .../51-libfontenc1_1%3a1.1.3-1+b2_amd64.deb ...
Unpacking libfontenc1:amd64 (1:1.1.3-1+b2) ...
Selecting previously unselected package libpng16-16:amd64.
Preparing to unpack .../52-libpng16-16_1.6.36-6_amd64.deb ...
Unpacking libpng16-16:amd64 (1.6.36-6) ...
Selecting previously unselected package libfreetype6:amd64.
Preparing to unpack .../53-libfreetype6_2.9.1-3+deb10u1_amd64.deb ...
Unpacking libfreetype6:amd64 (2.9.1-3+deb10u1) ...
Selecting previously unselected package libxfont2:amd64.
Preparing to unpack .../54-libxfont2_1%3a2.0.3-1_amd64.deb ...
Unpacking libxfont2:amd64 (1:2.0.3-1) ...
Selecting previously unselected package xvfb.
Preparing to unpack .../55-xvfb_2%3a1.20.4-1_amd64.deb ...
Unpacking xvfb (2:1.20.4-1) ...
Selecting previously unselected package libxrender1:amd64.
Preparing to unpack .../56-libxrender1_1%3a0.9.10-1_amd64.deb ...
Unpacking libxrender1:amd64 (1:0.9.10-1) ...
Selecting previously unselected package libxcursor1:amd64.
Preparing to unpack .../57-libxcursor1_1%3a1.1.15-2_amd64.deb ...
Unpacking libxcursor1:amd64 (1:1.1.15-2) ...
Selecting previously unselected package fonts-dejavu-core.
Preparing to unpack .../58-fonts-dejavu-core_2.37-1_all.deb ...
Unpacking fonts-dejavu-core (2.37-1) ...
Selecting previously unselected package fontconfig-config.
Preparing to unpack .../59-fontconfig-config_2.13.1-2_all.deb ...
Unpacking fontconfig-config (2.13.1-2) ...
Selecting previously unselected package libfontconfig1:amd64.
Preparing to unpack .../60-libfontconfig1_2.13.1-2_amd64.deb ...
Unpacking libfontconfig1:amd64 (2.13.1-2) ...
Selecting previously unselected package libxft2:amd64.
Preparing to unpack .../61-libxft2_2.3.2-2_amd64.deb ...
Unpacking libxft2:amd64 (2.3.2-2) ...
Selecting previously unselected package x11-apps.
Preparing to unpack .../62-x11-apps_7.7+7_amd64.deb ...
Unpacking x11-apps (7.7+7) ...
Selecting previously unselected package libjs-jquery.
Preparing to unpack .../63-libjs-jquery_3.3.1~dfsg-3_all.deb ...
Unpacking libjs-jquery (3.3.1~dfsg-3) ...
Selecting previously unselected package libjs-underscore.
Preparing to unpack .../64-libjs-underscore_1.9.1~dfsg-1_all.deb ...
Unpacking libjs-underscore (1.9.1~dfsg-1) ...
Selecting previously unselected package libjs-sphinxdoc.
Preparing to unpack .../65-libjs-sphinxdoc_1.8.4-1_all.deb ...
Unpacking libjs-sphinxdoc (1.8.4-1) ...
Selecting previously unselected package python-configparser.
Preparing to unpack .../66-python-configparser_3.5.0b2-1_all.deb ...
Unpacking python-configparser (3.5.0b2-1) ...
Selecting previously unselected package python-enum34.
Preparing to unpack .../67-python-enum34_1.1.6-2_all.deb ...
Unpacking python-enum34 (1.1.6-2) ...
Selecting previously unselected package python-mccabe.
Preparing to unpack .../68-python-mccabe_0.6.1-2_all.deb ...
Unpacking python-mccabe (0.6.1-2) ...
Selecting previously unselected package python-pyflakes.
Preparing to unpack .../69-python-pyflakes_2.0.0-1_all.deb ...
Unpacking python-pyflakes (2.0.0-1) ...
Selecting previously unselected package python-flake8.
Preparing to unpack .../70-python-flake8_3.6.0-1_all.deb ...
Unpacking python-flake8 (3.6.0-1) ...
Selecting previously unselected package python-six.
Preparing to unpack .../71-python-six_1.12.0-1_all.deb ...
Unpacking python-six (1.12.0-1) ...
Setting up libxcb-dri3-0:amd64 (1.13.1-2) ...
Setting up python-enum34 (1.1.6-2) ...
Setting up python-ply (3.11-3) ...
Setting up libx11-xcb1:amd64 (2:1.6.7-1) ...
Setting up libpciaccess0:amd64 (0.14-1) ...
Setting up python-mccabe (0.6.1-2) ...
Setting up python3-setuptools (40.8.0-1) ...
Setting up libxpm4:amd64 (1:3.5.12-1) ...
Setting up libxrender1:amd64 (1:0.9.10-1) ...
Setting up python-nose (1.3.7-4) ...
Setting up libglvnd0:amd64 (1.1.0-1) ...
Setting up libxcb-glx0:amd64 (1.13.1-2) ...
Setting up python3-ply (3.11-3) ...
Setting up x11-common (1:7.7+19) ...
update-rc.d: warning: start and stop actions are no longer supported; falling back to defaults
Running in chroot, ignoring request.
invoke-rc.d: policy-rc.d denied execution of start.
Setting up libsensors-config (1:3.5.0-3) ...
Setting up python-pep8 (1.7.1-3) ...
Setting up xkb-data (2.26-2) ...
Setting up python3-nose (1.3.7-4) ...
Setting up python3-pycparser (2.19-1) ...
Setting up libxxf86vm1:amd64 (1:1.1.4-1+b2) ...
Setting up python-six (1.12.0-1) ...
Setting up libxcb-present0:amd64 (1.13.1-2) ...
Setting up libfontenc1:amd64 (1:1.1.3-1+b2) ...
Setting up libxfixes3:amd64 (1:5.0.3-1) ...
Setting up libxcb-sync1:amd64 (1.13.1-2) ...
Setting up libpng16-16:amd64 (1.6.36-6) ...
Setting up fonts-dejavu-core (2.37-1) ...
Setting up libsensors5:amd64 (1:3.5.0-3) ...
Setting up libglapi-mesa:amd64 (18.3.6-2+deb10u1) ...
Setting up python-pycparser (2.19-1) ...
Setting up libxcb-dri2-0:amd64 (1.13.1-2) ...
Setting up libxshmfence1:amd64 (1.3-1) ...
Setting up libllvm7:amd64 (1:7.0.1-8) ...
Setting up libxkbfile1:amd64 (1:1.0.9-2+b11) ...
Setting up libjs-jquery (3.3.1~dfsg-3) ...
Setting up libdrm-common (2.4.97-1) ...
Setting up python-pyflakes (2.0.0-1) ...
Setting up python3-cffi-backend (1.12.2-1) ...
Setting up libjs-underscore (1.9.1~dfsg-1) ...
Setting up python-pycodestyle (2.4.0-2) ...
Setting up python-cffi-backend (1.12.2-1) ...
Setting up libice6:amd64 (2:1.0.9-2) ...
Setting up libxdamage1:amd64 (1:1.1.4-3+b3) ...
Setting up python-cffi (1.12.2-1) ...
Setting up fontconfig-config (2.13.1-2) ...
Setting up libxcursor1:amd64 (1:1.1.15-2) ...
Setting up python3-cffi (1.12.2-1) ...
Setting up python-autopep8 (1.4.3-1) ...
Setting up libfreetype6:amd64 (2.9.1-3+deb10u1) ...
Setting up libjs-sphinxdoc (1.8.4-1) ...
Setting up libdrm2:amd64 (2.4.97-1) ...
Setting up libfontconfig1:amd64 (2.13.1-2) ...
Setting up libsm6:amd64 (2:1.2.3-1) ...
Setting up libxfont2:amd64 (1:2.0.3-1) ...
Setting up libdrm-amdgpu1:amd64 (2.4.97-1) ...
Setting up libxft2:amd64 (2.3.2-2) ...
Setting up libdrm-nouveau2:amd64 (2.4.97-1) ...
Setting up libdrm-radeon1:amd64 (2.4.97-1) ...
Setting up libdrm-intel1:amd64 (2.4.97-1) ...
Setting up libgl1-mesa-dri:amd64 (18.3.6-2+deb10u1) ...
Setting up python-configparser (3.5.0b2-1) ...
Setting up libxt6:amd64 (1:1.1.5-1+b3) ...
Setting up libxmu6:amd64 (2:1.1.2-2+b3) ...
Setting up libglx-mesa0:amd64 (18.3.6-2+deb10u1) ...
Setting up libglx0:amd64 (1.1.0-1) ...
Setting up python-flake8 (3.6.0-1) ...
Setting up libxaw7:amd64 (2:1.0.13-1+b2) ...
Setting up libgl1:amd64 (1.1.0-1) ...
Setting up x11-xkb-utils (7.7+4) ...
Setting up x11-apps (7.7+7) ...
Setting up xserver-common (2:1.20.4-1) ...
Setting up xvfb (2:1.20.4-1) ...
Setting up xcffib-build-deps (0.8.1-1) ...
Processing triggers for systemd (241-7~deb10u3) ...
Processing triggers for man-db (2.8.5-2) ...
Processing triggers for libc-bin (2.28-10) ...
# Cleanup; delete any old builds, except leave the orig that may have
# been created on copy-in build stage
cd /home/user/qubes-template-securedrop-workstation/qubes-builder/chroot-vm-buster//home/user/qubes-src/python-xcffib/..; GLOBIGNORE=xcffib_0.8.1*orig*; rm -f xcffib_0.8.1*; GLOBIGNORE=
rm -rf /home/user/qubes-template-securedrop-workstation/qubes-builder/chroot-vm-buster//home/user/qubes-src/python-xcffib/deb/*
rm -rf /home/user/qubes-template-securedrop-workstation/qubes-builder/chroot-vm-buster//home/user/qubes-src/python-xcffib/rpm/*
rm -rf /home/user/qubes-template-securedrop-workstation/qubes-builder/chroot-vm-buster//home/user/qubes-src/python-xcffib/pkgs/*
# break the release build if changelog does not match version file
cd /home/user/qubes-template-securedrop-workstation/qubes-builder/chroot-vm-buster//home/user/qubes-src/python-xcffib/debian-pkg/debian/..; /home/user/qubes-template-securedrop-workstation/qubes-builder/qubes-src/builder-debian//scripts/debian-changelog.sh --verify
This package does not have version file, changelog will not be generated
# Break the hardlink
cp /home/user/qubes-template-securedrop-workstation/qubes-builder/chroot-vm-buster//home/user/qubes-src/python-xcffib/debian-pkg/debian/changelog /home/user/qubes-template-securedrop-workstation/qubes-builder/chroot-vm-buster//home/user/qubes-src/python-xcffib/debian-pkg/debian/changelog.copy
mv /home/user/qubes-template-securedrop-workstation/qubes-builder/chroot-vm-buster//home/user/qubes-src/python-xcffib/debian-pkg/debian/changelog.copy /home/user/qubes-template-securedrop-workstation/qubes-builder/chroot-vm-buster//home/user/qubes-src/python-xcffib/debian-pkg/debian/changelog
echo "Building package in /home/user/qubes-src/python-xcffib"
Building package in /home/user/qubes-src/python-xcffib
cd /home/user/qubes-template-securedrop-workstation/qubes-builder/chroot-vm-buster//home/user/qubes-src/python-xcffib/debian-pkg/debian/..; export LC_ALL=C DEBFULLNAME=Builder DEBEMAIL=user@localhost; \
	debchange -t -l+deb10u "Build for buster"; debchange -t --force-distribution -r -D buster buster
libdistro-info-perl is not installed, Debian release names are not known.
libdistro-info-perl is not installed, Ubuntu release names are not known.
/home/user/qubes-template-securedrop-workstation/qubes-builder/qubes-src/builder-debian//scripts/clamp-changelog-entry-date /home/user/qubes-template-securedrop-workstation/qubes-builder/chroot-vm-buster//home/user/qubes-src/python-xcffib/debian-pkg/debian/changelog
find /home/user/qubes-template-securedrop-workstation/qubes-builder/chroot-vm-buster//home/user/qubes-src/python-xcffib \! -newer /home/user/qubes-template-securedrop-workstation/qubes-builder/chroot-vm-buster//home/user/qubes-src/python-xcffib/debian-pkg/debian/changelog \
	-exec touch --no-dereference --reference=/home/user/qubes-template-securedrop-workstation/qubes-builder/chroot-vm-buster//home/user/qubes-src/python-xcffib/debian-pkg/debian/changelog {} +
sudo BACKEND_VMM=xen  chroot /home/user/qubes-template-securedrop-workstation/qubes-builder/chroot-vm-buster su user -c 'cd /home/user/qubes-src/python-xcffib/debian-pkg/debian/..; export LC_ALL=C; dpkg-buildpackage -sa -uc -us'
dpkg-buildpackage: info: source package xcffib
dpkg-buildpackage: info: source version 0.8.1-1+deb10u1
dpkg-buildpackage: info: source distribution buster
dpkg-buildpackage: info: source changed by Builder <user@localhost>
 dpkg-source --before-build .
dpkg-buildpackage: info: host architecture amd64
 fakeroot debian/rules clean
dh clean --with python2,python3 --buildsystem=pybuild
   dh_auto_clean -O--buildsystem=pybuild
I: pybuild base:217: python2.7 setup.py clean 
running clean
removing '/home/user/qubes-src/python-xcffib/debian-pkg/.pybuild/cpython2_2.7/build' (and everything under it)
'build/bdist.linux-amd64' does not exist -- can't clean it
'build/scripts-2.7' does not exist -- can't clean it
I: pybuild base:217: python3.7 setup.py clean 
running clean
removing '/home/user/qubes-src/python-xcffib/debian-pkg/.pybuild/cpython3_3.7/build' (and everything under it)
'build/bdist.linux-amd64' does not exist -- can't clean it
'build/scripts-3.7' does not exist -- can't clean it
   dh_clean -O--buildsystem=pybuild
 dpkg-source -b .
dpkg-source: info: using source format '3.0 (quilt)'
dpkg-source: info: building xcffib using existing ./xcffib_0.8.1.orig.tar.gz
dpkg-source: info: building xcffib in xcffib_0.8.1-1+deb10u1.debian.tar.xz
dpkg-source: info: building xcffib in xcffib_0.8.1-1+deb10u1.dsc
 debian/rules build
dh build --with python2,python3 --buildsystem=pybuild
   dh_update_autotools_config -O--buildsystem=pybuild
   dh_auto_configure -O--buildsystem=pybuild
I: pybuild base:217: python2.7 setup.py config 
running config
I: pybuild base:217: python3.7 setup.py config 
running config
   dh_auto_build -O--buildsystem=pybuild
I: pybuild base:217: /usr/bin/python setup.py build 
running build
running build_py
file xcffib/_ffi.py (for module xcffib._ffi) not found
creating /home/user/qubes-src/python-xcffib/debian-pkg/.pybuild/cpython2_2.7/build/xcffib
copying xcffib/__init__.py -> /home/user/qubes-src/python-xcffib/debian-pkg/.pybuild/cpython2_2.7/build/xcffib
copying xcffib/xproto.py -> /home/user/qubes-src/python-xcffib/debian-pkg/.pybuild/cpython2_2.7/build/xcffib
copying xcffib/dri3.py -> /home/user/qubes-src/python-xcffib/debian-pkg/.pybuild/cpython2_2.7/build/xcffib
copying xcffib/xf86vidmode.py -> /home/user/qubes-src/python-xcffib/debian-pkg/.pybuild/cpython2_2.7/build/xcffib
copying xcffib/composite.py -> /home/user/qubes-src/python-xcffib/debian-pkg/.pybuild/cpython2_2.7/build/xcffib
copying xcffib/testing.py -> /home/user/qubes-src/python-xcffib/debian-pkg/.pybuild/cpython2_2.7/build/xcffib
copying xcffib/xv.py -> /home/user/qubes-src/python-xcffib/debian-pkg/.pybuild/cpython2_2.7/build/xcffib
copying xcffib/xevie.py -> /home/user/qubes-src/python-xcffib/debian-pkg/.pybuild/cpython2_2.7/build/xcffib
copying xcffib/present.py -> /home/user/qubes-src/python-xcffib/debian-pkg/.pybuild/cpython2_2.7/build/xcffib
copying xcffib/bigreq.py -> /home/user/qubes-src/python-xcffib/debian-pkg/.pybuild/cpython2_2.7/build/xcffib
copying xcffib/xinput.py -> /home/user/qubes-src/python-xcffib/debian-pkg/.pybuild/cpython2_2.7/build/xcffib
copying xcffib/xf86dri.py -> /home/user/qubes-src/python-xcffib/debian-pkg/.pybuild/cpython2_2.7/build/xcffib
copying xcffib/glx.py -> /home/user/qubes-src/python-xcffib/debian-pkg/.pybuild/cpython2_2.7/build/xcffib
copying xcffib/xinerama.py -> /home/user/qubes-src/python-xcffib/debian-pkg/.pybuild/cpython2_2.7/build/xcffib
copying xcffib/xc_misc.py -> /home/user/qubes-src/python-xcffib/debian-pkg/.pybuild/cpython2_2.7/build/xcffib
copying xcffib/record.py -> /home/user/qubes-src/python-xcffib/debian-pkg/.pybuild/cpython2_2.7/build/xcffib
copying xcffib/sync.py -> /home/user/qubes-src/python-xcffib/debian-pkg/.pybuild/cpython2_2.7/build/xcffib
copying xcffib/xtest.py -> /home/user/qubes-src/python-xcffib/debian-pkg/.pybuild/cpython2_2.7/build/xcffib
copying xcffib/ffi_build.py -> /home/user/qubes-src/python-xcffib/debian-pkg/.pybuild/cpython2_2.7/build/xcffib
copying xcffib/shm.py -> /home/user/qubes-src/python-xcffib/debian-pkg/.pybuild/cpython2_2.7/build/xcffib
copying xcffib/render.py -> /home/user/qubes-src/python-xcffib/debian-pkg/.pybuild/cpython2_2.7/build/xcffib
copying xcffib/damage.py -> /home/user/qubes-src/python-xcffib/debian-pkg/.pybuild/cpython2_2.7/build/xcffib
copying xcffib/ge.py -> /home/user/qubes-src/python-xcffib/debian-pkg/.pybuild/cpython2_2.7/build/xcffib
copying xcffib/xfixes.py -> /home/user/qubes-src/python-xcffib/debian-pkg/.pybuild/cpython2_2.7/build/xcffib
copying xcffib/screensaver.py -> /home/user/qubes-src/python-xcffib/debian-pkg/.pybuild/cpython2_2.7/build/xcffib
copying xcffib/dri2.py -> /home/user/qubes-src/python-xcffib/debian-pkg/.pybuild/cpython2_2.7/build/xcffib
copying xcffib/randr.py -> /home/user/qubes-src/python-xcffib/debian-pkg/.pybuild/cpython2_2.7/build/xcffib
copying xcffib/xvmc.py -> /home/user/qubes-src/python-xcffib/debian-pkg/.pybuild/cpython2_2.7/build/xcffib
copying xcffib/res.py -> /home/user/qubes-src/python-xcffib/debian-pkg/.pybuild/cpython2_2.7/build/xcffib
copying xcffib/xselinux.py -> /home/user/qubes-src/python-xcffib/debian-pkg/.pybuild/cpython2_2.7/build/xcffib
copying xcffib/shape.py -> /home/user/qubes-src/python-xcffib/debian-pkg/.pybuild/cpython2_2.7/build/xcffib
copying xcffib/dpms.py -> /home/user/qubes-src/python-xcffib/debian-pkg/.pybuild/cpython2_2.7/build/xcffib
file xcffib/_ffi.py (for module xcffib._ffi) not found
generating cffi module '/home/user/qubes-src/python-xcffib/debian-pkg/.pybuild/cpython2_2.7/build/xcffib/_ffi.py'
I: pybuild base:217: /usr/bin/python3 setup.py build 
running build
running build_py
file xcffib/_ffi.py (for module xcffib._ffi) not found
creating /home/user/qubes-src/python-xcffib/debian-pkg/.pybuild/cpython3_3.7/build/xcffib
copying xcffib/__init__.py -> /home/user/qubes-src/python-xcffib/debian-pkg/.pybuild/cpython3_3.7/build/xcffib
copying xcffib/xproto.py -> /home/user/qubes-src/python-xcffib/debian-pkg/.pybuild/cpython3_3.7/build/xcffib
copying xcffib/dri3.py -> /home/user/qubes-src/python-xcffib/debian-pkg/.pybuild/cpython3_3.7/build/xcffib
copying xcffib/xf86vidmode.py -> /home/user/qubes-src/python-xcffib/debian-pkg/.pybuild/cpython3_3.7/build/xcffib
copying xcffib/composite.py -> /home/user/qubes-src/python-xcffib/debian-pkg/.pybuild/cpython3_3.7/build/xcffib
copying xcffib/testing.py -> /home/user/qubes-src/python-xcffib/debian-pkg/.pybuild/cpython3_3.7/build/xcffib
copying xcffib/xv.py -> /home/user/qubes-src/python-xcffib/debian-pkg/.pybuild/cpython3_3.7/build/xcffib
copying xcffib/xevie.py -> /home/user/qubes-src/python-xcffib/debian-pkg/.pybuild/cpython3_3.7/build/xcffib
copying xcffib/present.py -> /home/user/qubes-src/python-xcffib/debian-pkg/.pybuild/cpython3_3.7/build/xcffib
copying xcffib/bigreq.py -> /home/user/qubes-src/python-xcffib/debian-pkg/.pybuild/cpython3_3.7/build/xcffib
copying xcffib/xinput.py -> /home/user/qubes-src/python-xcffib/debian-pkg/.pybuild/cpython3_3.7/build/xcffib
copying xcffib/xf86dri.py -> /home/user/qubes-src/python-xcffib/debian-pkg/.pybuild/cpython3_3.7/build/xcffib
copying xcffib/glx.py -> /home/user/qubes-src/python-xcffib/debian-pkg/.pybuild/cpython3_3.7/build/xcffib
copying xcffib/xinerama.py -> /home/user/qubes-src/python-xcffib/debian-pkg/.pybuild/cpython3_3.7/build/xcffib
copying xcffib/xc_misc.py -> /home/user/qubes-src/python-xcffib/debian-pkg/.pybuild/cpython3_3.7/build/xcffib
copying xcffib/record.py -> /home/user/qubes-src/python-xcffib/debian-pkg/.pybuild/cpython3_3.7/build/xcffib
copying xcffib/sync.py -> /home/user/qubes-src/python-xcffib/debian-pkg/.pybuild/cpython3_3.7/build/xcffib
copying xcffib/xtest.py -> /home/user/qubes-src/python-xcffib/debian-pkg/.pybuild/cpython3_3.7/build/xcffib
copying xcffib/ffi_build.py -> /home/user/qubes-src/python-xcffib/debian-pkg/.pybuild/cpython3_3.7/build/xcffib
copying xcffib/shm.py -> /home/user/qubes-src/python-xcffib/debian-pkg/.pybuild/cpython3_3.7/build/xcffib
copying xcffib/render.py -> /home/user/qubes-src/python-xcffib/debian-pkg/.pybuild/cpython3_3.7/build/xcffib
copying xcffib/damage.py -> /home/user/qubes-src/python-xcffib/debian-pkg/.pybuild/cpython3_3.7/build/xcffib
copying xcffib/ge.py -> /home/user/qubes-src/python-xcffib/debian-pkg/.pybuild/cpython3_3.7/build/xcffib
copying xcffib/xfixes.py -> /home/user/qubes-src/python-xcffib/debian-pkg/.pybuild/cpython3_3.7/build/xcffib
copying xcffib/screensaver.py -> /home/user/qubes-src/python-xcffib/debian-pkg/.pybuild/cpython3_3.7/build/xcffib
copying xcffib/dri2.py -> /home/user/qubes-src/python-xcffib/debian-pkg/.pybuild/cpython3_3.7/build/xcffib
copying xcffib/randr.py -> /home/user/qubes-src/python-xcffib/debian-pkg/.pybuild/cpython3_3.7/build/xcffib
copying xcffib/xvmc.py -> /home/user/qubes-src/python-xcffib/debian-pkg/.pybuild/cpython3_3.7/build/xcffib
copying xcffib/res.py -> /home/user/qubes-src/python-xcffib/debian-pkg/.pybuild/cpython3_3.7/build/xcffib
copying xcffib/xselinux.py -> /home/user/qubes-src/python-xcffib/debian-pkg/.pybuild/cpython3_3.7/build/xcffib
copying xcffib/shape.py -> /home/user/qubes-src/python-xcffib/debian-pkg/.pybuild/cpython3_3.7/build/xcffib
copying xcffib/dpms.py -> /home/user/qubes-src/python-xcffib/debian-pkg/.pybuild/cpython3_3.7/build/xcffib
file xcffib/_ffi.py (for module xcffib._ffi) not found
generating cffi module '/home/user/qubes-src/python-xcffib/debian-pkg/.pybuild/cpython3_3.7/build/xcffib/_ffi.py'
   dh_auto_test -O--buildsystem=pybuild
 fakeroot debian/rules binary
dh binary --with python2,python3 --buildsystem=pybuild
   dh_auto_test -O--buildsystem=pybuild
   dh_testroot -O--buildsystem=pybuild
   dh_prep -O--buildsystem=pybuild
   dh_auto_install -O--buildsystem=pybuild
I: pybuild base:217: /usr/bin/python setup.py install --root /home/user/qubes-src/python-xcffib/debian-pkg/debian/tmp 
running install
running build
running build_py
file xcffib/_ffi.py (for module xcffib._ffi) not found
file xcffib/_ffi.py (for module xcffib._ffi) not found
generating cffi module '/home/user/qubes-src/python-xcffib/debian-pkg/.pybuild/cpython2_2.7/build/xcffib/_ffi.py'
already up-to-date
running install_lib
creating /home/user/qubes-src/python-xcffib/debian-pkg/debian/tmp
creating /home/user/qubes-src/python-xcffib/debian-pkg/debian/tmp/usr
creating /home/user/qubes-src/python-xcffib/debian-pkg/debian/tmp/usr/lib
creating /home/user/qubes-src/python-xcffib/debian-pkg/debian/tmp/usr/lib/python2.7
creating /home/user/qubes-src/python-xcffib/debian-pkg/debian/tmp/usr/lib/python2.7/dist-packages
creating /home/user/qubes-src/python-xcffib/debian-pkg/debian/tmp/usr/lib/python2.7/dist-packages/xcffib
copying /home/user/qubes-src/python-xcffib/debian-pkg/.pybuild/cpython2_2.7/build/xcffib/xproto.py -> /home/user/qubes-src/python-xcffib/debian-pkg/debian/tmp/usr/lib/python2.7/dist-packages/xcffib
copying /home/user/qubes-src/python-xcffib/debian-pkg/.pybuild/cpython2_2.7/build/xcffib/dri3.py -> /home/user/qubes-src/python-xcffib/debian-pkg/debian/tmp/usr/lib/python2.7/dist-packages/xcffib
copying /home/user/qubes-src/python-xcffib/debian-pkg/.pybuild/cpython2_2.7/build/xcffib/xf86vidmode.py -> /home/user/qubes-src/python-xcffib/debian-pkg/debian/tmp/usr/lib/python2.7/dist-packages/xcffib
copying /home/user/qubes-src/python-xcffib/debian-pkg/.pybuild/cpython2_2.7/build/xcffib/composite.py -> /home/user/qubes-src/python-xcffib/debian-pkg/debian/tmp/usr/lib/python2.7/dist-packages/xcffib
copying /home/user/qubes-src/python-xcffib/debian-pkg/.pybuild/cpython2_2.7/build/xcffib/testing.py -> /home/user/qubes-src/python-xcffib/debian-pkg/debian/tmp/usr/lib/python2.7/dist-packages/xcffib
copying /home/user/qubes-src/python-xcffib/debian-pkg/.pybuild/cpython2_2.7/build/xcffib/xv.py -> /home/user/qubes-src/python-xcffib/debian-pkg/debian/tmp/usr/lib/python2.7/dist-packages/xcffib
copying /home/user/qubes-src/python-xcffib/debian-pkg/.pybuild/cpython2_2.7/build/xcffib/xevie.py -> /home/user/qubes-src/python-xcffib/debian-pkg/debian/tmp/usr/lib/python2.7/dist-packages/xcffib
copying /home/user/qubes-src/python-xcffib/debian-pkg/.pybuild/cpython2_2.7/build/xcffib/present.py -> /home/user/qubes-src/python-xcffib/debian-pkg/debian/tmp/usr/lib/python2.7/dist-packages/xcffib
copying /home/user/qubes-src/python-xcffib/debian-pkg/.pybuild/cpython2_2.7/build/xcffib/bigreq.py -> /home/user/qubes-src/python-xcffib/debian-pkg/debian/tmp/usr/lib/python2.7/dist-packages/xcffib
copying /home/user/qubes-src/python-xcffib/debian-pkg/.pybuild/cpython2_2.7/build/xcffib/xinput.py -> /home/user/qubes-src/python-xcffib/debian-pkg/debian/tmp/usr/lib/python2.7/dist-packages/xcffib
copying /home/user/qubes-src/python-xcffib/debian-pkg/.pybuild/cpython2_2.7/build/xcffib/xf86dri.py -> /home/user/qubes-src/python-xcffib/debian-pkg/debian/tmp/usr/lib/python2.7/dist-packages/xcffib
copying /home/user/qubes-src/python-xcffib/debian-pkg/.pybuild/cpython2_2.7/build/xcffib/glx.py -> /home/user/qubes-src/python-xcffib/debian-pkg/debian/tmp/usr/lib/python2.7/dist-packages/xcffib
copying /home/user/qubes-src/python-xcffib/debian-pkg/.pybuild/cpython2_2.7/build/xcffib/xinerama.py -> /home/user/qubes-src/python-xcffib/debian-pkg/debian/tmp/usr/lib/python2.7/dist-packages/xcffib
copying /home/user/qubes-src/python-xcffib/debian-pkg/.pybuild/cpython2_2.7/build/xcffib/xc_misc.py -> /home/user/qubes-src/python-xcffib/debian-pkg/debian/tmp/usr/lib/python2.7/dist-packages/xcffib
copying /home/user/qubes-src/python-xcffib/debian-pkg/.pybuild/cpython2_2.7/build/xcffib/record.py -> /home/user/qubes-src/python-xcffib/debian-pkg/debian/tmp/usr/lib/python2.7/dist-packages/xcffib
copying /home/user/qubes-src/python-xcffib/debian-pkg/.pybuild/cpython2_2.7/build/xcffib/sync.py -> /home/user/qubes-src/python-xcffib/debian-pkg/debian/tmp/usr/lib/python2.7/dist-packages/xcffib
copying /home/user/qubes-src/python-xcffib/debian-pkg/.pybuild/cpython2_2.7/build/xcffib/xtest.py -> /home/user/qubes-src/python-xcffib/debian-pkg/debian/tmp/usr/lib/python2.7/dist-packages/xcffib
copying /home/user/qubes-src/python-xcffib/debian-pkg/.pybuild/cpython2_2.7/build/xcffib/ffi_build.py -> /home/user/qubes-src/python-xcffib/debian-pkg/debian/tmp/usr/lib/python2.7/dist-packages/xcffib
copying /home/user/qubes-src/python-xcffib/debian-pkg/.pybuild/cpython2_2.7/build/xcffib/shm.py -> /home/user/qubes-src/python-xcffib/debian-pkg/debian/tmp/usr/lib/python2.7/dist-packages/xcffib
copying /home/user/qubes-src/python-xcffib/debian-pkg/.pybuild/cpython2_2.7/build/xcffib/render.py -> /home/user/qubes-src/python-xcffib/debian-pkg/debian/tmp/usr/lib/python2.7/dist-packages/xcffib
copying /home/user/qubes-src/python-xcffib/debian-pkg/.pybuild/cpython2_2.7/build/xcffib/damage.py -> /home/user/qubes-src/python-xcffib/debian-pkg/debian/tmp/usr/lib/python2.7/dist-packages/xcffib
copying /home/user/qubes-src/python-xcffib/debian-pkg/.pybuild/cpython2_2.7/build/xcffib/__init__.py -> /home/user/qubes-src/python-xcffib/debian-pkg/debian/tmp/usr/lib/python2.7/dist-packages/xcffib
copying /home/user/qubes-src/python-xcffib/debian-pkg/.pybuild/cpython2_2.7/build/xcffib/ge.py -> /home/user/qubes-src/python-xcffib/debian-pkg/debian/tmp/usr/lib/python2.7/dist-packages/xcffib
copying /home/user/qubes-src/python-xcffib/debian-pkg/.pybuild/cpython2_2.7/build/xcffib/xfixes.py -> /home/user/qubes-src/python-xcffib/debian-pkg/debian/tmp/usr/lib/python2.7/dist-packages/xcffib
copying /home/user/qubes-src/python-xcffib/debian-pkg/.pybuild/cpython2_2.7/build/xcffib/screensaver.py -> /home/user/qubes-src/python-xcffib/debian-pkg/debian/tmp/usr/lib/python2.7/dist-packages/xcffib
copying /home/user/qubes-src/python-xcffib/debian-pkg/.pybuild/cpython2_2.7/build/xcffib/_ffi.py -> /home/user/qubes-src/python-xcffib/debian-pkg/debian/tmp/usr/lib/python2.7/dist-packages/xcffib
copying /home/user/qubes-src/python-xcffib/debian-pkg/.pybuild/cpython2_2.7/build/xcffib/dri2.py -> /home/user/qubes-src/python-xcffib/debian-pkg/debian/tmp/usr/lib/python2.7/dist-packages/xcffib
copying /home/user/qubes-src/python-xcffib/debian-pkg/.pybuild/cpython2_2.7/build/xcffib/randr.py -> /home/user/qubes-src/python-xcffib/debian-pkg/debian/tmp/usr/lib/python2.7/dist-packages/xcffib
copying /home/user/qubes-src/python-xcffib/debian-pkg/.pybuild/cpython2_2.7/build/xcffib/xvmc.py -> /home/user/qubes-src/python-xcffib/debian-pkg/debian/tmp/usr/lib/python2.7/dist-packages/xcffib
copying /home/user/qubes-src/python-xcffib/debian-pkg/.pybuild/cpython2_2.7/build/xcffib/res.py -> /home/user/qubes-src/python-xcffib/debian-pkg/debian/tmp/usr/lib/python2.7/dist-packages/xcffib
copying /home/user/qubes-src/python-xcffib/debian-pkg/.pybuild/cpython2_2.7/build/xcffib/xselinux.py -> /home/user/qubes-src/python-xcffib/debian-pkg/debian/tmp/usr/lib/python2.7/dist-packages/xcffib
copying /home/user/qubes-src/python-xcffib/debian-pkg/.pybuild/cpython2_2.7/build/xcffib/shape.py -> /home/user/qubes-src/python-xcffib/debian-pkg/debian/tmp/usr/lib/python2.7/dist-packages/xcffib
copying /home/user/qubes-src/python-xcffib/debian-pkg/.pybuild/cpython2_2.7/build/xcffib/dpms.py -> /home/user/qubes-src/python-xcffib/debian-pkg/debian/tmp/usr/lib/python2.7/dist-packages/xcffib
byte-compiling /home/user/qubes-src/python-xcffib/debian-pkg/debian/tmp/usr/lib/python2.7/dist-packages/xcffib/xproto.py to xproto.pyc
byte-compiling /home/user/qubes-src/python-xcffib/debian-pkg/debian/tmp/usr/lib/python2.7/dist-packages/xcffib/dri3.py to dri3.pyc
byte-compiling /home/user/qubes-src/python-xcffib/debian-pkg/debian/tmp/usr/lib/python2.7/dist-packages/xcffib/xf86vidmode.py to xf86vidmode.pyc
byte-compiling /home/user/qubes-src/python-xcffib/debian-pkg/debian/tmp/usr/lib/python2.7/dist-packages/xcffib/composite.py to composite.pyc
byte-compiling /home/user/qubes-src/python-xcffib/debian-pkg/debian/tmp/usr/lib/python2.7/dist-packages/xcffib/testing.py to testing.pyc
byte-compiling /home/user/qubes-src/python-xcffib/debian-pkg/debian/tmp/usr/lib/python2.7/dist-packages/xcffib/xv.py to xv.pyc
byte-compiling /home/user/qubes-src/python-xcffib/debian-pkg/debian/tmp/usr/lib/python2.7/dist-packages/xcffib/xevie.py to xevie.pyc
byte-compiling /home/user/qubes-src/python-xcffib/debian-pkg/debian/tmp/usr/lib/python2.7/dist-packages/xcffib/present.py to present.pyc
byte-compiling /home/user/qubes-src/python-xcffib/debian-pkg/debian/tmp/usr/lib/python2.7/dist-packages/xcffib/bigreq.py to bigreq.pyc
byte-compiling /home/user/qubes-src/python-xcffib/debian-pkg/debian/tmp/usr/lib/python2.7/dist-packages/xcffib/xinput.py to xinput.pyc
byte-compiling /home/user/qubes-src/python-xcffib/debian-pkg/debian/tmp/usr/lib/python2.7/dist-packages/xcffib/xf86dri.py to xf86dri.pyc
byte-compiling /home/user/qubes-src/python-xcffib/debian-pkg/debian/tmp/usr/lib/python2.7/dist-packages/xcffib/glx.py to glx.pyc
byte-compiling /home/user/qubes-src/python-xcffib/debian-pkg/debian/tmp/usr/lib/python2.7/dist-packages/xcffib/xinerama.py to xinerama.pyc
byte-compiling /home/user/qubes-src/python-xcffib/debian-pkg/debian/tmp/usr/lib/python2.7/dist-packages/xcffib/xc_misc.py to xc_misc.pyc
byte-compiling /home/user/qubes-src/python-xcffib/debian-pkg/debian/tmp/usr/lib/python2.7/dist-packages/xcffib/record.py to record.pyc
byte-compiling /home/user/qubes-src/python-xcffib/debian-pkg/debian/tmp/usr/lib/python2.7/dist-packages/xcffib/sync.py to sync.pyc
byte-compiling /home/user/qubes-src/python-xcffib/debian-pkg/debian/tmp/usr/lib/python2.7/dist-packages/xcffib/xtest.py to xtest.pyc
byte-compiling /home/user/qubes-src/python-xcffib/debian-pkg/debian/tmp/usr/lib/python2.7/dist-packages/xcffib/ffi_build.py to ffi_build.pyc
byte-compiling /home/user/qubes-src/python-xcffib/debian-pkg/debian/tmp/usr/lib/python2.7/dist-packages/xcffib/shm.py to shm.pyc
byte-compiling /home/user/qubes-src/python-xcffib/debian-pkg/debian/tmp/usr/lib/python2.7/dist-packages/xcffib/render.py to render.pyc
byte-compiling /home/user/qubes-src/python-xcffib/debian-pkg/debian/tmp/usr/lib/python2.7/dist-packages/xcffib/damage.py to damage.pyc
byte-compiling /home/user/qubes-src/python-xcffib/debian-pkg/debian/tmp/usr/lib/python2.7/dist-packages/xcffib/__init__.py to __init__.pyc
byte-compiling /home/user/qubes-src/python-xcffib/debian-pkg/debian/tmp/usr/lib/python2.7/dist-packages/xcffib/ge.py to ge.pyc
byte-compiling /home/user/qubes-src/python-xcffib/debian-pkg/debian/tmp/usr/lib/python2.7/dist-packages/xcffib/xfixes.py to xfixes.pyc
byte-compiling /home/user/qubes-src/python-xcffib/debian-pkg/debian/tmp/usr/lib/python2.7/dist-packages/xcffib/screensaver.py to screensaver.pyc
byte-compiling /home/user/qubes-src/python-xcffib/debian-pkg/debian/tmp/usr/lib/python2.7/dist-packages/xcffib/_ffi.py to _ffi.pyc
byte-compiling /home/user/qubes-src/python-xcffib/debian-pkg/debian/tmp/usr/lib/python2.7/dist-packages/xcffib/dri2.py to dri2.pyc
byte-compiling /home/user/qubes-src/python-xcffib/debian-pkg/debian/tmp/usr/lib/python2.7/dist-packages/xcffib/randr.py to randr.pyc
byte-compiling /home/user/qubes-src/python-xcffib/debian-pkg/debian/tmp/usr/lib/python2.7/dist-packages/xcffib/xvmc.py to xvmc.pyc
byte-compiling /home/user/qubes-src/python-xcffib/debian-pkg/debian/tmp/usr/lib/python2.7/dist-packages/xcffib/res.py to res.pyc
byte-compiling /home/user/qubes-src/python-xcffib/debian-pkg/debian/tmp/usr/lib/python2.7/dist-packages/xcffib/xselinux.py to xselinux.pyc
byte-compiling /home/user/qubes-src/python-xcffib/debian-pkg/debian/tmp/usr/lib/python2.7/dist-packages/xcffib/shape.py to shape.pyc
byte-compiling /home/user/qubes-src/python-xcffib/debian-pkg/debian/tmp/usr/lib/python2.7/dist-packages/xcffib/dpms.py to dpms.pyc
running install_egg_info
running egg_info
writing requirements to xcffib.egg-info/requires.txt
writing xcffib.egg-info/PKG-INFO
writing top-level names to xcffib.egg-info/top_level.txt
writing dependency_links to xcffib.egg-info/dependency_links.txt
reading manifest file 'xcffib.egg-info/SOURCES.txt'
reading manifest template 'MANIFEST.in'
warning: no previously-included files found matching 'xcffib/_ffi.py'
writing manifest file 'xcffib.egg-info/SOURCES.txt'
Copying xcffib.egg-info to /home/user/qubes-src/python-xcffib/debian-pkg/debian/tmp/usr/lib/python2.7/dist-packages/xcffib-0.8.1.egg-info
Skipping SOURCES.txt
running install_scripts
I: pybuild base:217: /usr/bin/python3 setup.py install --root /home/user/qubes-src/python-xcffib/debian-pkg/debian/tmp 
running install
running build
running build_py
file xcffib/_ffi.py (for module xcffib._ffi) not found
file xcffib/_ffi.py (for module xcffib._ffi) not found
generating cffi module '/home/user/qubes-src/python-xcffib/debian-pkg/.pybuild/cpython3_3.7/build/xcffib/_ffi.py'
already up-to-date
running install_lib
creating /home/user/qubes-src/python-xcffib/debian-pkg/debian/tmp/usr/lib/python3.7
creating /home/user/qubes-src/python-xcffib/debian-pkg/debian/tmp/usr/lib/python3.7/dist-packages
creating /home/user/qubes-src/python-xcffib/debian-pkg/debian/tmp/usr/lib/python3.7/dist-packages/xcffib
copying /home/user/qubes-src/python-xcffib/debian-pkg/.pybuild/cpython3_3.7/build/xcffib/xproto.py -> /home/user/qubes-src/python-xcffib/debian-pkg/debian/tmp/usr/lib/python3.7/dist-packages/xcffib
copying /home/user/qubes-src/python-xcffib/debian-pkg/.pybuild/cpython3_3.7/build/xcffib/dri3.py -> /home/user/qubes-src/python-xcffib/debian-pkg/debian/tmp/usr/lib/python3.7/dist-packages/xcffib
copying /home/user/qubes-src/python-xcffib/debian-pkg/.pybuild/cpython3_3.7/build/xcffib/xf86vidmode.py -> /home/user/qubes-src/python-xcffib/debian-pkg/debian/tmp/usr/lib/python3.7/dist-packages/xcffib
copying /home/user/qubes-src/python-xcffib/debian-pkg/.pybuild/cpython3_3.7/build/xcffib/composite.py -> /home/user/qubes-src/python-xcffib/debian-pkg/debian/tmp/usr/lib/python3.7/dist-packages/xcffib
copying /home/user/qubes-src/python-xcffib/debian-pkg/.pybuild/cpython3_3.7/build/xcffib/testing.py -> /home/user/qubes-src/python-xcffib/debian-pkg/debian/tmp/usr/lib/python3.7/dist-packages/xcffib
copying /home/user/qubes-src/python-xcffib/debian-pkg/.pybuild/cpython3_3.7/build/xcffib/xv.py -> /home/user/qubes-src/python-xcffib/debian-pkg/debian/tmp/usr/lib/python3.7/dist-packages/xcffib
copying /home/user/qubes-src/python-xcffib/debian-pkg/.pybuild/cpython3_3.7/build/xcffib/xevie.py -> /home/user/qubes-src/python-xcffib/debian-pkg/debian/tmp/usr/lib/python3.7/dist-packages/xcffib
copying /home/user/qubes-src/python-xcffib/debian-pkg/.pybuild/cpython3_3.7/build/xcffib/present.py -> /home/user/qubes-src/python-xcffib/debian-pkg/debian/tmp/usr/lib/python3.7/dist-packages/xcffib
copying /home/user/qubes-src/python-xcffib/debian-pkg/.pybuild/cpython3_3.7/build/xcffib/bigreq.py -> /home/user/qubes-src/python-xcffib/debian-pkg/debian/tmp/usr/lib/python3.7/dist-packages/xcffib
copying /home/user/qubes-src/python-xcffib/debian-pkg/.pybuild/cpython3_3.7/build/xcffib/xinput.py -> /home/user/qubes-src/python-xcffib/debian-pkg/debian/tmp/usr/lib/python3.7/dist-packages/xcffib
copying /home/user/qubes-src/python-xcffib/debian-pkg/.pybuild/cpython3_3.7/build/xcffib/xf86dri.py -> /home/user/qubes-src/python-xcffib/debian-pkg/debian/tmp/usr/lib/python3.7/dist-packages/xcffib
copying /home/user/qubes-src/python-xcffib/debian-pkg/.pybuild/cpython3_3.7/build/xcffib/glx.py -> /home/user/qubes-src/python-xcffib/debian-pkg/debian/tmp/usr/lib/python3.7/dist-packages/xcffib
copying /home/user/qubes-src/python-xcffib/debian-pkg/.pybuild/cpython3_3.7/build/xcffib/xinerama.py -> /home/user/qubes-src/python-xcffib/debian-pkg/debian/tmp/usr/lib/python3.7/dist-packages/xcffib
copying /home/user/qubes-src/python-xcffib/debian-pkg/.pybuild/cpython3_3.7/build/xcffib/xc_misc.py -> /home/user/qubes-src/python-xcffib/debian-pkg/debian/tmp/usr/lib/python3.7/dist-packages/xcffib
copying /home/user/qubes-src/python-xcffib/debian-pkg/.pybuild/cpython3_3.7/build/xcffib/record.py -> /home/user/qubes-src/python-xcffib/debian-pkg/debian/tmp/usr/lib/python3.7/dist-packages/xcffib
copying /home/user/qubes-src/python-xcffib/debian-pkg/.pybuild/cpython3_3.7/build/xcffib/sync.py -> /home/user/qubes-src/python-xcffib/debian-pkg/debian/tmp/usr/lib/python3.7/dist-packages/xcffib
copying /home/user/qubes-src/python-xcffib/debian-pkg/.pybuild/cpython3_3.7/build/xcffib/xtest.py -> /home/user/qubes-src/python-xcffib/debian-pkg/debian/tmp/usr/lib/python3.7/dist-packages/xcffib
copying /home/user/qubes-src/python-xcffib/debian-pkg/.pybuild/cpython3_3.7/build/xcffib/ffi_build.py -> /home/user/qubes-src/python-xcffib/debian-pkg/debian/tmp/usr/lib/python3.7/dist-packages/xcffib
copying /home/user/qubes-src/python-xcffib/debian-pkg/.pybuild/cpython3_3.7/build/xcffib/shm.py -> /home/user/qubes-src/python-xcffib/debian-pkg/debian/tmp/usr/lib/python3.7/dist-packages/xcffib
copying /home/user/qubes-src/python-xcffib/debian-pkg/.pybuild/cpython3_3.7/build/xcffib/render.py -> /home/user/qubes-src/python-xcffib/debian-pkg/debian/tmp/usr/lib/python3.7/dist-packages/xcffib
copying /home/user/qubes-src/python-xcffib/debian-pkg/.pybuild/cpython3_3.7/build/xcffib/damage.py -> /home/user/qubes-src/python-xcffib/debian-pkg/debian/tmp/usr/lib/python3.7/dist-packages/xcffib
copying /home/user/qubes-src/python-xcffib/debian-pkg/.pybuild/cpython3_3.7/build/xcffib/__init__.py -> /home/user/qubes-src/python-xcffib/debian-pkg/debian/tmp/usr/lib/python3.7/dist-packages/xcffib
copying /home/user/qubes-src/python-xcffib/debian-pkg/.pybuild/cpython3_3.7/build/xcffib/ge.py -> /home/user/qubes-src/python-xcffib/debian-pkg/debian/tmp/usr/lib/python3.7/dist-packages/xcffib
copying /home/user/qubes-src/python-xcffib/debian-pkg/.pybuild/cpython3_3.7/build/xcffib/xfixes.py -> /home/user/qubes-src/python-xcffib/debian-pkg/debian/tmp/usr/lib/python3.7/dist-packages/xcffib
copying /home/user/qubes-src/python-xcffib/debian-pkg/.pybuild/cpython3_3.7/build/xcffib/screensaver.py -> /home/user/qubes-src/python-xcffib/debian-pkg/debian/tmp/usr/lib/python3.7/dist-packages/xcffib
copying /home/user/qubes-src/python-xcffib/debian-pkg/.pybuild/cpython3_3.7/build/xcffib/_ffi.py -> /home/user/qubes-src/python-xcffib/debian-pkg/debian/tmp/usr/lib/python3.7/dist-packages/xcffib
copying /home/user/qubes-src/python-xcffib/debian-pkg/.pybuild/cpython3_3.7/build/xcffib/dri2.py -> /home/user/qubes-src/python-xcffib/debian-pkg/debian/tmp/usr/lib/python3.7/dist-packages/xcffib
copying /home/user/qubes-src/python-xcffib/debian-pkg/.pybuild/cpython3_3.7/build/xcffib/randr.py -> /home/user/qubes-src/python-xcffib/debian-pkg/debian/tmp/usr/lib/python3.7/dist-packages/xcffib
copying /home/user/qubes-src/python-xcffib/debian-pkg/.pybuild/cpython3_3.7/build/xcffib/xvmc.py -> /home/user/qubes-src/python-xcffib/debian-pkg/debian/tmp/usr/lib/python3.7/dist-packages/xcffib
copying /home/user/qubes-src/python-xcffib/debian-pkg/.pybuild/cpython3_3.7/build/xcffib/res.py -> /home/user/qubes-src/python-xcffib/debian-pkg/debian/tmp/usr/lib/python3.7/dist-packages/xcffib
copying /home/user/qubes-src/python-xcffib/debian-pkg/.pybuild/cpython3_3.7/build/xcffib/xselinux.py -> /home/user/qubes-src/python-xcffib/debian-pkg/debian/tmp/usr/lib/python3.7/dist-packages/xcffib
copying /home/user/qubes-src/python-xcffib/debian-pkg/.pybuild/cpython3_3.7/build/xcffib/shape.py -> /home/user/qubes-src/python-xcffib/debian-pkg/debian/tmp/usr/lib/python3.7/dist-packages/xcffib
copying /home/user/qubes-src/python-xcffib/debian-pkg/.pybuild/cpython3_3.7/build/xcffib/dpms.py -> /home/user/qubes-src/python-xcffib/debian-pkg/debian/tmp/usr/lib/python3.7/dist-packages/xcffib
byte-compiling /home/user/qubes-src/python-xcffib/debian-pkg/debian/tmp/usr/lib/python3.7/dist-packages/xcffib/xproto.py to xproto.cpython-37.pyc
byte-compiling /home/user/qubes-src/python-xcffib/debian-pkg/debian/tmp/usr/lib/python3.7/dist-packages/xcffib/dri3.py to dri3.cpython-37.pyc
byte-compiling /home/user/qubes-src/python-xcffib/debian-pkg/debian/tmp/usr/lib/python3.7/dist-packages/xcffib/xf86vidmode.py to xf86vidmode.cpython-37.pyc
byte-compiling /home/user/qubes-src/python-xcffib/debian-pkg/debian/tmp/usr/lib/python3.7/dist-packages/xcffib/composite.py to composite.cpython-37.pyc
byte-compiling /home/user/qubes-src/python-xcffib/debian-pkg/debian/tmp/usr/lib/python3.7/dist-packages/xcffib/testing.py to testing.cpython-37.pyc
byte-compiling /home/user/qubes-src/python-xcffib/debian-pkg/debian/tmp/usr/lib/python3.7/dist-packages/xcffib/xv.py to xv.cpython-37.pyc
byte-compiling /home/user/qubes-src/python-xcffib/debian-pkg/debian/tmp/usr/lib/python3.7/dist-packages/xcffib/xevie.py to xevie.cpython-37.pyc
byte-compiling /home/user/qubes-src/python-xcffib/debian-pkg/debian/tmp/usr/lib/python3.7/dist-packages/xcffib/present.py to present.cpython-37.pyc
byte-compiling /home/user/qubes-src/python-xcffib/debian-pkg/debian/tmp/usr/lib/python3.7/dist-packages/xcffib/bigreq.py to bigreq.cpython-37.pyc
byte-compiling /home/user/qubes-src/python-xcffib/debian-pkg/debian/tmp/usr/lib/python3.7/dist-packages/xcffib/xinput.py to xinput.cpython-37.pyc
byte-compiling /home/user/qubes-src/python-xcffib/debian-pkg/debian/tmp/usr/lib/python3.7/dist-packages/xcffib/xf86dri.py to xf86dri.cpython-37.pyc
byte-compiling /home/user/qubes-src/python-xcffib/debian-pkg/debian/tmp/usr/lib/python3.7/dist-packages/xcffib/glx.py to glx.cpython-37.pyc
byte-compiling /home/user/qubes-src/python-xcffib/debian-pkg/debian/tmp/usr/lib/python3.7/dist-packages/xcffib/xinerama.py to xinerama.cpython-37.pyc
byte-compiling /home/user/qubes-src/python-xcffib/debian-pkg/debian/tmp/usr/lib/python3.7/dist-packages/xcffib/xc_misc.py to xc_misc.cpython-37.pyc
byte-compiling /home/user/qubes-src/python-xcffib/debian-pkg/debian/tmp/usr/lib/python3.7/dist-packages/xcffib/record.py to record.cpython-37.pyc
byte-compiling /home/user/qubes-src/python-xcffib/debian-pkg/debian/tmp/usr/lib/python3.7/dist-packages/xcffib/sync.py to sync.cpython-37.pyc
byte-compiling /home/user/qubes-src/python-xcffib/debian-pkg/debian/tmp/usr/lib/python3.7/dist-packages/xcffib/xtest.py to xtest.cpython-37.pyc
byte-compiling /home/user/qubes-src/python-xcffib/debian-pkg/debian/tmp/usr/lib/python3.7/dist-packages/xcffib/ffi_build.py to ffi_build.cpython-37.pyc
byte-compiling /home/user/qubes-src/python-xcffib/debian-pkg/debian/tmp/usr/lib/python3.7/dist-packages/xcffib/shm.py to shm.cpython-37.pyc
byte-compiling /home/user/qubes-src/python-xcffib/debian-pkg/debian/tmp/usr/lib/python3.7/dist-packages/xcffib/render.py to render.cpython-37.pyc
byte-compiling /home/user/qubes-src/python-xcffib/debian-pkg/debian/tmp/usr/lib/python3.7/dist-packages/xcffib/damage.py to damage.cpython-37.pyc
byte-compiling /home/user/qubes-src/python-xcffib/debian-pkg/debian/tmp/usr/lib/python3.7/dist-packages/xcffib/__init__.py to __init__.cpython-37.pyc
byte-compiling /home/user/qubes-src/python-xcffib/debian-pkg/debian/tmp/usr/lib/python3.7/dist-packages/xcffib/ge.py to ge.cpython-37.pyc
byte-compiling /home/user/qubes-src/python-xcffib/debian-pkg/debian/tmp/usr/lib/python3.7/dist-packages/xcffib/xfixes.py to xfixes.cpython-37.pyc
byte-compiling /home/user/qubes-src/python-xcffib/debian-pkg/debian/tmp/usr/lib/python3.7/dist-packages/xcffib/screensaver.py to screensaver.cpython-37.pyc
byte-compiling /home/user/qubes-src/python-xcffib/debian-pkg/debian/tmp/usr/lib/python3.7/dist-packages/xcffib/_ffi.py to _ffi.cpython-37.pyc
byte-compiling /home/user/qubes-src/python-xcffib/debian-pkg/debian/tmp/usr/lib/python3.7/dist-packages/xcffib/dri2.py to dri2.cpython-37.pyc
byte-compiling /home/user/qubes-src/python-xcffib/debian-pkg/debian/tmp/usr/lib/python3.7/dist-packages/xcffib/randr.py to randr.cpython-37.pyc
byte-compiling /home/user/qubes-src/python-xcffib/debian-pkg/debian/tmp/usr/lib/python3.7/dist-packages/xcffib/xvmc.py to xvmc.cpython-37.pyc
byte-compiling /home/user/qubes-src/python-xcffib/debian-pkg/debian/tmp/usr/lib/python3.7/dist-packages/xcffib/res.py to res.cpython-37.pyc
byte-compiling /home/user/qubes-src/python-xcffib/debian-pkg/debian/tmp/usr/lib/python3.7/dist-packages/xcffib/xselinux.py to xselinux.cpython-37.pyc
byte-compiling /home/user/qubes-src/python-xcffib/debian-pkg/debian/tmp/usr/lib/python3.7/dist-packages/xcffib/shape.py to shape.cpython-37.pyc
byte-compiling /home/user/qubes-src/python-xcffib/debian-pkg/debian/tmp/usr/lib/python3.7/dist-packages/xcffib/dpms.py to dpms.cpython-37.pyc
running install_egg_info
running egg_info
writing xcffib.egg-info/PKG-INFO
writing dependency_links to xcffib.egg-info/dependency_links.txt
writing requirements to xcffib.egg-info/requires.txt
writing top-level names to xcffib.egg-info/top_level.txt
reading manifest file 'xcffib.egg-info/SOURCES.txt'
reading manifest template 'MANIFEST.in'
warning: no previously-included files found matching 'xcffib/_ffi.py'
writing manifest file 'xcffib.egg-info/SOURCES.txt'
Copying xcffib.egg-info to /home/user/qubes-src/python-xcffib/debian-pkg/debian/tmp/usr/lib/python3.7/dist-packages/xcffib-0.8.1.egg-info
Skipping SOURCES.txt
running install_scripts
   dh_install -O--buildsystem=pybuild
   dh_installdocs -O--buildsystem=pybuild
   dh_installchangelogs -O--buildsystem=pybuild
   dh_python2 -O--buildsystem=pybuild
   dh_python3 -O--buildsystem=pybuild
   dh_installinit -O--buildsystem=pybuild
   dh_perl -O--buildsystem=pybuild
   dh_link -O--buildsystem=pybuild
   dh_strip_nondeterminism -O--buildsystem=pybuild
   dh_compress -O--buildsystem=pybuild
   dh_fixperms -O--buildsystem=pybuild
   dh_missing -O--buildsystem=pybuild
   dh_strip -O--buildsystem=pybuild
   dh_makeshlibs -O--buildsystem=pybuild
   dh_shlibdeps -O--buildsystem=pybuild
   dh_installdeb -O--buildsystem=pybuild
   dh_gencontrol -O--buildsystem=pybuild
dpkg-gencontrol: warning: Depends field of package python-xcffib: substitution variable ${shlibs:Depends} used, but is not defined
dpkg-gencontrol: warning: package python-xcffib: substitution variable ${python:Versions} unused, but is defined
dpkg-gencontrol: warning: Depends field of package python3-xcffib: substitution variable ${shlibs:Depends} used, but is not defined
dpkg-gencontrol: warning: Provides field of package python3-xcffib: substitution variable ${python3:Provides} used, but is not defined
   dh_md5sums -O--buildsystem=pybuild
   dh_builddeb -O--buildsystem=pybuild
dpkg-deb: building package 'python-xcffib' in '../python-xcffib_0.8.1-1+deb10u1_amd64.deb'.
dpkg-deb: building package 'python3-xcffib' in '../python3-xcffib_0.8.1-1+deb10u1_amd64.deb'.
 dpkg-genbuildinfo
 dpkg-genchanges -sa >../xcffib_0.8.1-1+deb10u1_amd64.changes
dpkg-genchanges: info: including full source code in upload
 dpkg-source --after-build .
dpkg-buildpackage: info: full upload (original source is included)
mkdir -p /home/user/qubes-template-securedrop-workstation/qubes-builder/qubes-packages-mirror-repo/vm-buster/deb
mkdir -p qubes-src/python-xcffib/pkgs/vm-buster
cd /home/user/qubes-template-securedrop-workstation/qubes-builder/chroot-vm-buster//home/user/qubes-src/python-xcffib/debian-pkg/debian/../..; \
	cp -t /home/user/qubes-template-securedrop-workstation/qubes-builder/qubes-packages-mirror-repo/vm-buster/deb `awk 'section == "Files:" { print $5 } /^[A-Z].*.$/ { section=$1 }' xcffib_0.8.1*.changes`
cp -t /home/user/qubes-template-securedrop-workstation/qubes-builder/qubes-packages-mirror-repo/vm-buster/deb/ /home/user/qubes-template-securedrop-workstation/qubes-builder/chroot-vm-buster//home/user/qubes-src/python-xcffib/debian-pkg/debian/../../xcffib_0.8.1*.changes
cd /home/user/qubes-template-securedrop-workstation/qubes-builder/chroot-vm-buster//home/user/qubes-src/python-xcffib/debian-pkg/debian/../..; \
	mv -t /home/user/qubes-template-securedrop-workstation/qubes-builder/qubes-src/python-xcffib/pkgs/vm-buster  `awk 'section == "Files:" { print $5 } /^[A-Z].*.$/ { section=$1 }' xcffib_0.8.1*.changes`
mv -t /home/user/qubes-template-securedrop-workstation/qubes-builder/qubes-src/python-xcffib/pkgs/vm-buster /home/user/qubes-template-securedrop-workstation/qubes-builder/chroot-vm-buster//home/user/qubes-src/python-xcffib/debian-pkg/debian/../../xcffib_0.8.1*.changes
