/home/user/securedrop-workstation/builder/qubes-builder/qubes-src/builder-debian//update-local-repo.sh buster
dpkg-scanpackages: info: Wrote 0 entries to output Packages file.
sudo chroot /home/user/securedrop-workstation/builder/qubes-builder/chroot-vm-buster apt-get  update
Get:1 file:/tmp/qubes-deb buster InRelease
Ign:1 file:/tmp/qubes-deb buster InRelease
Get:2 file:/tmp/qubes-deb buster Release [333 B]
Get:2 file:/tmp/qubes-deb buster Release [333 B]
Get:3 file:/tmp/qubes-deb buster Release.gpg
Ign:3 file:/tmp/qubes-deb buster Release.gpg
Hit:5 https://deb.qubes-os.org/r4.0/vm buster InRelease
Hit:4 https://cdn-aws.deb.debian.org/debian buster InRelease
Reading package lists...
# check for CVE-2016-1252 - directly after debootstrap, still vulnerable
# apt is installed
wc -L "/home/user/securedrop-workstation/builder/qubes-builder/chroot-vm-buster/var/lib/apt/lists/"*InRelease | awk '$1 > 1024 {print; exit 1}'
# update the base system inside
sudo chroot /home/user/securedrop-workstation/builder/qubes-builder/chroot-vm-buster apt-get  dist-upgrade -y
Reading package lists...
Building dependency tree...
Reading state information...
Calculating upgrade...
0 upgraded, 0 newly installed, 0 to remove and 0 not upgraded.
# install build dependencies
LC_ALL=C sudo chroot /home/user/securedrop-workstation/builder/qubes-builder/chroot-vm-buster mk-build-deps -i -r -t "apt-get --no-install-recommends -y" /home/user/qubes-src/mgmt-salt/debian/control
dh_testdir
dh_testroot
dh_prep
dh_testdir
dh_testroot
dh_install
dh_installdocs
dh_installchangelogs
dh_compress
dh_fixperms
dh_installdeb
dh_gencontrol
dh_md5sums
dh_builddeb
dpkg-deb: building package 'qubes-mgmt-salt-build-deps' in '../qubes-mgmt-salt-build-deps_4.0.19-1_all.deb'.

The package has been created.
Attention, the package has been created in the current directory,
not in ".." as indicated by the message above!
Selecting previously unselected package qubes-mgmt-salt-build-deps.
(Reading database ... 33875 files and directories currently installed.)
Preparing to unpack qubes-mgmt-salt-build-deps_4.0.19-1_all.deb ...
Unpacking qubes-mgmt-salt-build-deps (4.0.19-1) ...
Reading package lists...
Building dependency tree...
Reading state information...
Correcting dependencies... Done
The following additional packages will be installed:
  python-yaml tree
The following NEW packages will be installed:
  python-yaml tree
0 upgraded, 2 newly installed, 0 to remove and 0 not upgraded.
1 not fully installed or removed.
Need to get 176 kB of archives.
After this operation, 613 kB of additional disk space will be used.
Get:1 https://cdn-aws.deb.debian.org/debian buster/main amd64 python-yaml amd64 3.13-2 [127 kB]
Get:2 https://cdn-aws.deb.debian.org/debian buster/main amd64 tree amd64 1.8.0-1 [49.3 kB]
Fetched 176 kB in 1s (242 kB/s)
E: Can not write log (Is /dev/pts mounted?) - posix_openpt (2: No such file or directory)
Selecting previously unselected package python-yaml.
(Reading database ... 33879 files and directories currently installed.)
Preparing to unpack .../python-yaml_3.13-2_amd64.deb ...
Unpacking python-yaml (3.13-2) ...
Selecting previously unselected package tree.
Preparing to unpack .../tree_1.8.0-1_amd64.deb ...
Unpacking tree (1.8.0-1) ...
Setting up tree (1.8.0-1) ...
Setting up python-yaml (3.13-2) ...
Setting up qubes-mgmt-salt-build-deps (4.0.19-1) ...
Processing triggers for man-db (2.8.5-2) ...
# Cleanup; delete any old builds, except leave the orig that may have
# been created on copy-in build stage
cd /home/user/securedrop-workstation/builder/qubes-builder/chroot-vm-buster//home/user/qubes-src/mgmt-salt/..; GLOBIGNORE=qubes-mgmt-salt_4.0.19*orig*; rm -f qubes-mgmt-salt_4.0.19*; GLOBIGNORE=
rm -rf /home/user/securedrop-workstation/builder/qubes-builder/chroot-vm-buster//home/user/qubes-src/mgmt-salt/deb/*
rm -rf /home/user/securedrop-workstation/builder/qubes-builder/chroot-vm-buster//home/user/qubes-src/mgmt-salt/rpm/*
rm -rf /home/user/securedrop-workstation/builder/qubes-builder/chroot-vm-buster//home/user/qubes-src/mgmt-salt/pkgs/*
# break the release build if changelog does not match version file
cd /home/user/securedrop-workstation/builder/qubes-builder/chroot-vm-buster//home/user/qubes-src/mgmt-salt/debian/..; /home/user/securedrop-workstation/builder/qubes-builder/qubes-src/builder-debian//scripts/debian-changelog.sh --verify
# Break the hardlink
cp /home/user/securedrop-workstation/builder/qubes-builder/chroot-vm-buster//home/user/qubes-src/mgmt-salt/debian/changelog /home/user/securedrop-workstation/builder/qubes-builder/chroot-vm-buster//home/user/qubes-src/mgmt-salt/debian/changelog.copy
mv /home/user/securedrop-workstation/builder/qubes-builder/chroot-vm-buster//home/user/qubes-src/mgmt-salt/debian/changelog.copy /home/user/securedrop-workstation/builder/qubes-builder/chroot-vm-buster//home/user/qubes-src/mgmt-salt/debian/changelog
echo "Building package in /home/user/qubes-src/mgmt-salt"
Building package in /home/user/qubes-src/mgmt-salt
cd /home/user/securedrop-workstation/builder/qubes-builder/chroot-vm-buster//home/user/qubes-src/mgmt-salt/debian/..; export LC_ALL=C DEBFULLNAME=Builder DEBEMAIL=user@localhost; \
	debchange -t -l+deb10u "Build for buster"; debchange -t --force-distribution -r -D buster buster
libdistro-info-perl is not installed, Debian release names are not known.
libdistro-info-perl is not installed, Ubuntu release names are not known.
/home/user/securedrop-workstation/builder/qubes-builder/qubes-src/builder-debian//scripts/clamp-changelog-entry-date /home/user/securedrop-workstation/builder/qubes-builder/chroot-vm-buster//home/user/qubes-src/mgmt-salt/debian/changelog
find /home/user/securedrop-workstation/builder/qubes-builder/chroot-vm-buster//home/user/qubes-src/mgmt-salt \! -newer /home/user/securedrop-workstation/builder/qubes-builder/chroot-vm-buster//home/user/qubes-src/mgmt-salt/debian/changelog \
	-exec touch --no-dereference --reference=/home/user/securedrop-workstation/builder/qubes-builder/chroot-vm-buster//home/user/qubes-src/mgmt-salt/debian/changelog {} +
sudo BACKEND_VMM=xen  chroot /home/user/securedrop-workstation/builder/qubes-builder/chroot-vm-buster su user -c 'cd /home/user/qubes-src/mgmt-salt/debian/..; export LC_ALL=C; dpkg-buildpackage -sa -uc -us'
dpkg-buildpackage: info: source package qubes-mgmt-salt
dpkg-buildpackage: info: source version 4.0.19-1+deb10u1
dpkg-buildpackage: info: source distribution buster
dpkg-buildpackage: info: source changed by Builder <user@localhost>
 dpkg-source --before-build .
dpkg-buildpackage: info: host architecture amd64
dpkg-source: info: using options from mgmt-salt/debian/source/options: --extend-diff-ignore=(^|/)(.git/.*)$ --extend-diff-ignore=(^|/)(pkgs/.*)$ --extend-diff-ignore=(^|/)(rpm_spec/.*)$ --extend-diff-ignore=(^|/)(debian.*)$ --extend-diff-ignore=(^|/)(.*[.]vm)(/.*|)$ --extend-diff-ignore=(^|/)(.*[.]dom0)(/.*|)$
 fakeroot debian/rules clean
dh clean
   dh_auto_clean
   dh_clean
 dpkg-source -b .
dpkg-source: info: using options from mgmt-salt/debian/source/options: --extend-diff-ignore=(^|/)(.git/.*)$ --extend-diff-ignore=(^|/)(pkgs/.*)$ --extend-diff-ignore=(^|/)(rpm_spec/.*)$ --extend-diff-ignore=(^|/)(debian.*)$ --extend-diff-ignore=(^|/)(.*[.]vm)(/.*|)$ --extend-diff-ignore=(^|/)(.*[.]dom0)(/.*|)$
dpkg-source: info: using source format '3.0 (quilt)'
dpkg-source: info: building qubes-mgmt-salt using existing ./qubes-mgmt-salt_4.0.19.orig.tar.xz
dpkg-source: info: building qubes-mgmt-salt in qubes-mgmt-salt_4.0.19-1+deb10u1.debian.tar.xz
dpkg-source: info: building qubes-mgmt-salt in qubes-mgmt-salt_4.0.19-1+deb10u1.dsc
 debian/rules build
dh build
   dh_update_autotools_config
   dh_auto_configure
   debian/rules override_dh_auto_build
make[1]: Entering directory '/home/user/qubes-src/mgmt-salt'
dh_clean --keep
dh_clean: dh_clean -k is deprecated; use dh_prep instead
dh_clean: This feature will be removed in compat 12.
make[1]: Leaving directory '/home/user/qubes-src/mgmt-salt'
   dh_auto_test
 fakeroot debian/rules binary
dh binary
   dh_testroot
   dh_prep
   debian/rules override_dh_auto_install
make[1]: Entering directory '/home/user/qubes-src/mgmt-salt'
make install DESTDIR=/home/user/qubes-src/mgmt-salt/debian/qubes-mgmt-salt-config BINDIR=/usr/bin SYSCONFDIR=/etc
make[2]: Entering directory '/home/user/qubes-src/mgmt-salt'
# Install qubesctl
# Install /etc/salt/* and /srv/*
cp -Tr etc /home/user/qubes-src/mgmt-salt/debian/qubes-mgmt-salt-config/etc
cp -Tr srv /home/user/qubes-src/mgmt-salt/debian/qubes-mgmt-salt-config/srv
make[2]: Leaving directory '/home/user/qubes-src/mgmt-salt'
make install-vm DESTDIR=/home/user/qubes-src/mgmt-salt/debian/qubes-mgmt-salt-vm-connector BINDIR=/usr/bin SYSCONFDIR=/etc
make[2]: Entering directory '/home/user/qubes-src/mgmt-salt'
install -d /home/user/qubes-src/mgmt-salt/debian/qubes-mgmt-salt-vm-connector/usr/lib/qubes-vm-connector/ssh-wrapper
install ssh-wrapper /home/user/qubes-src/mgmt-salt/debian/qubes-mgmt-salt-vm-connector/usr/lib/qubes-vm-connector/ssh-wrapper/ssh
ln -s ssh /home/user/qubes-src/mgmt-salt/debian/qubes-mgmt-salt-vm-connector/usr/lib/qubes-vm-connector/ssh-wrapper/scp
ln -s /bin/true /home/user/qubes-src/mgmt-salt/debian/qubes-mgmt-salt-vm-connector/usr/lib/qubes-vm-connector/ssh-wrapper/ssh-keygen
install -d /home/user/qubes-src/mgmt-salt/debian/qubes-mgmt-salt-vm-connector/etc/qubes-rpc
install qubes.SaltLinuxVM /home/user/qubes-src/mgmt-salt/debian/qubes-mgmt-salt-vm-connector/etc/qubes-rpc
make[2]: Leaving directory '/home/user/qubes-src/mgmt-salt'
make[1]: Leaving directory '/home/user/qubes-src/mgmt-salt'
   dh_installdocs
   dh_installchangelogs
   dh_perl
   dh_link
   dh_strip_nondeterminism
   dh_compress
   debian/rules override_dh_fixperms
make[1]: Entering directory '/home/user/qubes-src/mgmt-salt'
dh_fixperms -a -Xsrv -Xminion.d
dh_fixperms: You asked that all arch in(dep) packages be built, but there are none of that type.
make[1]: Leaving directory '/home/user/qubes-src/mgmt-salt'
   dh_missing
   dh_installdeb
   dh_gencontrol
   dh_md5sums
   dh_builddeb
dpkg-deb: building package 'qubes-mgmt-salt-dom0-formulas' in '../qubes-mgmt-salt-dom0-formulas_4.0.19-1+deb10u1_all.deb'.
dpkg-deb: building package 'qubes-mgmt-salt' in '../qubes-mgmt-salt_4.0.19-1+deb10u1_all.deb'.
dpkg-deb: building package 'qubes-mgmt-salt-vm-formulas' in '../qubes-mgmt-salt-vm-formulas_4.0.19-1+deb10u1_all.deb'.
dpkg-deb: building package 'qubes-mgmt-salt-config' in '../qubes-mgmt-salt-config_4.0.19-1+deb10u1_all.deb'.
dpkg-deb: building package 'qubes-mgmt-salt-vm-connector' in '../qubes-mgmt-salt-vm-connector_4.0.19-1+deb10u1_all.deb'.
dpkg-deb: building package 'qubes-mgmt-salt-dom0' in '../qubes-mgmt-salt-dom0_4.0.19-1+deb10u1_all.deb'.
dpkg-deb: building package 'qubes-mgmt-salt-shared-formulas' in '../qubes-mgmt-salt-shared-formulas_4.0.19-1+deb10u1_all.deb'.
dpkg-deb: building package 'qubes-mgmt-salt-vm' in '../qubes-mgmt-salt-vm_4.0.19-1+deb10u1_all.deb'.
 dpkg-genbuildinfo
 dpkg-genchanges -sa >../qubes-mgmt-salt_4.0.19-1+deb10u1_amd64.changes
dpkg-genchanges: info: including full source code in upload
 dpkg-source --after-build .
dpkg-source: info: using options from mgmt-salt/debian/source/options: --extend-diff-ignore=(^|/)(.git/.*)$ --extend-diff-ignore=(^|/)(pkgs/.*)$ --extend-diff-ignore=(^|/)(rpm_spec/.*)$ --extend-diff-ignore=(^|/)(debian.*)$ --extend-diff-ignore=(^|/)(.*[.]vm)(/.*|)$ --extend-diff-ignore=(^|/)(.*[.]dom0)(/.*|)$
dpkg-buildpackage: info: full upload (original source is included)
mkdir -p /home/user/securedrop-workstation/builder/qubes-builder/qubes-packages-mirror-repo/vm-buster/deb
mkdir -p qubes-src/mgmt-salt/pkgs/vm-buster
cd /home/user/securedrop-workstation/builder/qubes-builder/chroot-vm-buster//home/user/qubes-src/mgmt-salt/debian/../..; \
	cp -t /home/user/securedrop-workstation/builder/qubes-builder/qubes-packages-mirror-repo/vm-buster/deb `awk 'section == "Files:" { print $5 } /^[A-Z].*.$/ { section=$1 }' qubes-mgmt-salt_4.0.19*.changes`
cp -t /home/user/securedrop-workstation/builder/qubes-builder/qubes-packages-mirror-repo/vm-buster/deb/ /home/user/securedrop-workstation/builder/qubes-builder/chroot-vm-buster//home/user/qubes-src/mgmt-salt/debian/../../qubes-mgmt-salt_4.0.19*.changes
cd /home/user/securedrop-workstation/builder/qubes-builder/chroot-vm-buster//home/user/qubes-src/mgmt-salt/debian/../..; \
	mv -t /home/user/securedrop-workstation/builder/qubes-builder/qubes-src/mgmt-salt/pkgs/vm-buster  `awk 'section == "Files:" { print $5 } /^[A-Z].*.$/ { section=$1 }' qubes-mgmt-salt_4.0.19*.changes`
mv -t /home/user/securedrop-workstation/builder/qubes-builder/qubes-src/mgmt-salt/pkgs/vm-buster /home/user/securedrop-workstation/builder/qubes-builder/chroot-vm-buster//home/user/qubes-src/mgmt-salt/debian/../../qubes-mgmt-salt_4.0.19*.changes
